SF:/Users/mihaieremia/GitHub/rs-lending/common/events/src/events.rs
FN:46,_RNvYpNtCs6plTaPmirMO_13common_events12EventsModule25update_market_state_eventB5_
FN:7,_RNvXINICs6plTaPmirMO_13common_events0pEpNtB5_12EventsModule26create_market_params_eventB5_
FN:7,_RNvXINICs6plTaPmirMO_13common_events0pEpNtB5_12EventsModule19market_params_eventB5_
FN:7,_RNvXINICs6plTaPmirMO_13common_events0pEpNtB5_12EventsModule31__emit_update_market_state_eventB5_
FN:7,_RNvXINICs6plTaPmirMO_13common_events0pEpNtB5_12EventsModule21update_position_eventB5_
FN:7,_RNvXINICs6plTaPmirMO_13common_events0pEpNtB5_12EventsModule25update_debt_ceiling_eventB5_
FN:7,_RNvXINICs6plTaPmirMO_13common_events0pEpNtB5_12EventsModule34update_vault_supplied_amount_eventB5_
FN:7,_RNvXINICs6plTaPmirMO_13common_events0pEpNtB5_12EventsModule25update_asset_config_eventB5_
FN:7,_RNvXINICs6plTaPmirMO_13common_events0pEpNtB5_12EventsModule28update_e_mode_category_eventB5_
FN:7,_RNvXINICs6plTaPmirMO_13common_events0pEpNtB5_12EventsModule25update_e_mode_asset_eventB5_
FN:7,_RNvYpNtCs6plTaPmirMO_13common_events16EndpointWrappers4callB5_
FN:7,_RNvYpNtCs6plTaPmirMO_13common_events16EndpointWrappers17callback_selectorB5_
FN:7,_RNvYpNtCs6plTaPmirMO_13common_events16EndpointWrappers8callbackB5_
FN:7,_RNvXs1_Cs6plTaPmirMO_13common_eventsNtB5_11AbiProviderNtNtNtCsiu69tKcHrj_13multiversx_sc13contract_base21contract_abi_provider19ContractAbiProvider3abi
FN:7,_RNvXINICs6plTaPmirMO_13common_eventss5_0pEINtB5_11ContractObjpENtNtNtCsiu69tKcHrj_13multiversx_sc13contract_base17callable_contract16CallableContract4callB5_
FN:7,_RINvCs6plTaPmirMO_13common_events12contract_objpEB2_
FN:7,_RINvXs6_Cs6plTaPmirMO_13common_eventsNtB6_15ContractBuilderNtNtNtCsiu69tKcHrj_13multiversx_sc13contract_base17callable_contract23CallableContractBuilder16new_contract_objpEB6_
FN:7,_RNvXCsbB4pFCUcDrG_13common_eventsINtNtNtCsiu69tKcHrj_13multiversx_sc13contract_base22universal_contract_obj20UniversalContractObjINtNtNtNtCsaT8J8gEWH0X_22multiversx_sc_scenario3api7impl_vh12vm_hooks_api10VMHooksApiNtNtB28_9debug_api15DebugApiBackendEENtB2_12EventsModule19market_params_eventCsbSeQquGUR4T_5tests
FN:7,_RNvXCsbB4pFCUcDrG_13common_eventsINtNtNtCsiu69tKcHrj_13multiversx_sc13contract_base22universal_contract_obj20UniversalContractObjINtNtNtNtCsaT8J8gEWH0X_22multiversx_sc_scenario3api7impl_vh12vm_hooks_api10VMHooksApiNtNtB28_9debug_api15DebugApiBackendEENtB2_12EventsModule21update_position_eventCsbSeQquGUR4T_5tests
FN:7,_RNvXCsbB4pFCUcDrG_13common_eventsINtNtNtCsiu69tKcHrj_13multiversx_sc13contract_base22universal_contract_obj20UniversalContractObjINtNtNtNtCsaT8J8gEWH0X_22multiversx_sc_scenario3api7impl_vh12vm_hooks_api10VMHooksApiNtNtB28_9debug_api15DebugApiBackendEENtB2_12EventsModule25update_asset_config_eventCsbSeQquGUR4T_5tests
FN:7,_RNvXCsbB4pFCUcDrG_13common_eventsINtNtNtCsiu69tKcHrj_13multiversx_sc13contract_base22universal_contract_obj20UniversalContractObjINtNtNtNtCsaT8J8gEWH0X_22multiversx_sc_scenario3api7impl_vh12vm_hooks_api10VMHooksApiNtNtB28_9debug_api15DebugApiBackendEENtB2_12EventsModule25update_debt_ceiling_eventCsbSeQquGUR4T_5tests
FN:7,_RNvXCsbB4pFCUcDrG_13common_eventsINtNtNtCsiu69tKcHrj_13multiversx_sc13contract_base22universal_contract_obj20UniversalContractObjINtNtNtNtCsaT8J8gEWH0X_22multiversx_sc_scenario3api7impl_vh12vm_hooks_api10VMHooksApiNtNtB28_9debug_api15DebugApiBackendEENtB2_12EventsModule25update_e_mode_asset_eventCsbSeQquGUR4T_5tests
FN:7,_RNvXCsbB4pFCUcDrG_13common_eventsINtNtNtCsiu69tKcHrj_13multiversx_sc13contract_base22universal_contract_obj20UniversalContractObjINtNtNtNtCsaT8J8gEWH0X_22multiversx_sc_scenario3api7impl_vh12vm_hooks_api10VMHooksApiNtNtB28_9debug_api15DebugApiBackendEENtB2_12EventsModule26create_market_params_eventCsbSeQquGUR4T_5tests
FN:7,_RNvXCsbB4pFCUcDrG_13common_eventsINtNtNtCsiu69tKcHrj_13multiversx_sc13contract_base22universal_contract_obj20UniversalContractObjINtNtNtNtCsaT8J8gEWH0X_22multiversx_sc_scenario3api7impl_vh12vm_hooks_api10VMHooksApiNtNtB28_9debug_api15DebugApiBackendEENtB2_12EventsModule28update_e_mode_category_eventCsbSeQquGUR4T_5tests
FN:7,_RNvXCsbB4pFCUcDrG_13common_eventsINtNtNtCsiu69tKcHrj_13multiversx_sc13contract_base22universal_contract_obj20UniversalContractObjINtNtNtNtCsaT8J8gEWH0X_22multiversx_sc_scenario3api7impl_vh12vm_hooks_api10VMHooksApiNtNtB28_9debug_api15DebugApiBackendEENtB2_12EventsModule31__emit_update_market_state_eventCsbSeQquGUR4T_5tests
FN:7,_RNvXCsbB4pFCUcDrG_13common_eventsINtNtNtCsiu69tKcHrj_13multiversx_sc13contract_base22universal_contract_obj20UniversalContractObjINtNtNtNtCsaT8J8gEWH0X_22multiversx_sc_scenario3api7impl_vh12vm_hooks_api10VMHooksApiNtNtB28_9debug_api15DebugApiBackendEENtB2_12EventsModule34update_vault_supplied_amount_eventCsbSeQquGUR4T_5tests
FN:46,_RNvYINtNtNtCsiu69tKcHrj_13multiversx_sc13contract_base22universal_contract_obj20UniversalContractObjINtNtNtNtCsaT8J8gEWH0X_22multiversx_sc_scenario3api7impl_vh12vm_hooks_api10VMHooksApiNtNtB1F_9debug_api15DebugApiBackendEENtCsbB4pFCUcDrG_13common_events12EventsModule25update_market_state_eventCsbSeQquGUR4T_5tests
FN:7,_RNvYINtNtNtCsiu69tKcHrj_13multiversx_sc13contract_base22universal_contract_obj20UniversalContractObjINtNtNtNtCsaT8J8gEWH0X_22multiversx_sc_scenario3api7impl_vh12vm_hooks_api10VMHooksApiNtNtB1F_9debug_api15DebugApiBackendEENtCsbB4pFCUcDrG_13common_events16EndpointWrappers17callback_selectorCsbSeQquGUR4T_5tests
FN:7,_RNvYINtNtNtCsiu69tKcHrj_13multiversx_sc13contract_base22universal_contract_obj20UniversalContractObjINtNtNtNtCsaT8J8gEWH0X_22multiversx_sc_scenario3api7impl_vh12vm_hooks_api10VMHooksApiNtNtB1F_9debug_api15DebugApiBackendEENtCsbB4pFCUcDrG_13common_events16EndpointWrappers4callCsbSeQquGUR4T_5tests
FN:7,_RNvYINtNtNtCsiu69tKcHrj_13multiversx_sc13contract_base22universal_contract_obj20UniversalContractObjINtNtNtNtCsaT8J8gEWH0X_22multiversx_sc_scenario3api7impl_vh12vm_hooks_api10VMHooksApiNtNtB1F_9debug_api15DebugApiBackendEENtCsbB4pFCUcDrG_13common_events16EndpointWrappers8callbackCsbSeQquGUR4T_5tests
FN:7,_RNvXCsbB4pFCUcDrG_13common_eventsINtCs60i48La0WMh_12lending_pool11ContractObjINtNtNtNtCsaT8J8gEWH0X_22multiversx_sc_scenario3api7impl_vh12vm_hooks_api10VMHooksApiNtNtB1i_9debug_api15DebugApiBackendEENtB2_12EventsModule21update_position_eventCsbSeQquGUR4T_5tests
FNDA:0,_RNvYpNtCs6plTaPmirMO_13common_events12EventsModule25update_market_state_eventB5_
FNDA:0,_RNvXINICs6plTaPmirMO_13common_events0pEpNtB5_12EventsModule26create_market_params_eventB5_
FNDA:0,_RNvXINICs6plTaPmirMO_13common_events0pEpNtB5_12EventsModule19market_params_eventB5_
FNDA:0,_RNvXINICs6plTaPmirMO_13common_events0pEpNtB5_12EventsModule31__emit_update_market_state_eventB5_
FNDA:0,_RNvXINICs6plTaPmirMO_13common_events0pEpNtB5_12EventsModule21update_position_eventB5_
FNDA:0,_RNvXINICs6plTaPmirMO_13common_events0pEpNtB5_12EventsModule25update_debt_ceiling_eventB5_
FNDA:0,_RNvXINICs6plTaPmirMO_13common_events0pEpNtB5_12EventsModule34update_vault_supplied_amount_eventB5_
FNDA:0,_RNvXINICs6plTaPmirMO_13common_events0pEpNtB5_12EventsModule25update_asset_config_eventB5_
FNDA:0,_RNvXINICs6plTaPmirMO_13common_events0pEpNtB5_12EventsModule28update_e_mode_category_eventB5_
FNDA:0,_RNvXINICs6plTaPmirMO_13common_events0pEpNtB5_12EventsModule25update_e_mode_asset_eventB5_
FNDA:0,_RNvYpNtCs6plTaPmirMO_13common_events16EndpointWrappers4callB5_
FNDA:0,_RNvYpNtCs6plTaPmirMO_13common_events16EndpointWrappers17callback_selectorB5_
FNDA:0,_RNvYpNtCs6plTaPmirMO_13common_events16EndpointWrappers8callbackB5_
FNDA:0,_RNvXs1_Cs6plTaPmirMO_13common_eventsNtB5_11AbiProviderNtNtNtCsiu69tKcHrj_13multiversx_sc13contract_base21contract_abi_provider19ContractAbiProvider3abi
FNDA:0,_RNvXINICs6plTaPmirMO_13common_eventss5_0pEINtB5_11ContractObjpENtNtNtCsiu69tKcHrj_13multiversx_sc13contract_base17callable_contract16CallableContract4callB5_
FNDA:0,_RINvCs6plTaPmirMO_13common_events12contract_objpEB2_
FNDA:0,_RINvXs6_Cs6plTaPmirMO_13common_eventsNtB6_15ContractBuilderNtNtNtCsiu69tKcHrj_13multiversx_sc13contract_base17callable_contract23CallableContractBuilder16new_contract_objpEB6_
FNDA:0,_RNvXCsbB4pFCUcDrG_13common_eventsINtNtNtCsiu69tKcHrj_13multiversx_sc13contract_base22universal_contract_obj20UniversalContractObjINtNtNtNtCsaT8J8gEWH0X_22multiversx_sc_scenario3api7impl_vh12vm_hooks_api10VMHooksApiNtNtB28_9debug_api15DebugApiBackendEENtB2_12EventsModule19market_params_eventCsbSeQquGUR4T_5tests
FNDA:140,_RNvXCsbB4pFCUcDrG_13common_eventsINtNtNtCsiu69tKcHrj_13multiversx_sc13contract_base22universal_contract_obj20UniversalContractObjINtNtNtNtCsaT8J8gEWH0X_22multiversx_sc_scenario3api7impl_vh12vm_hooks_api10VMHooksApiNtNtB28_9debug_api15DebugApiBackendEENtB2_12EventsModule21update_position_eventCsbSeQquGUR4T_5tests
FNDA:188,_RNvXCsbB4pFCUcDrG_13common_eventsINtNtNtCsiu69tKcHrj_13multiversx_sc13contract_base22universal_contract_obj20UniversalContractObjINtNtNtNtCsaT8J8gEWH0X_22multiversx_sc_scenario3api7impl_vh12vm_hooks_api10VMHooksApiNtNtB28_9debug_api15DebugApiBackendEENtB2_12EventsModule25update_asset_config_eventCsbSeQquGUR4T_5tests
FNDA:7,_RNvXCsbB4pFCUcDrG_13common_eventsINtNtNtCsiu69tKcHrj_13multiversx_sc13contract_base22universal_contract_obj20UniversalContractObjINtNtNtNtCsaT8J8gEWH0X_22multiversx_sc_scenario3api7impl_vh12vm_hooks_api10VMHooksApiNtNtB28_9debug_api15DebugApiBackendEENtB2_12EventsModule25update_debt_ceiling_eventCsbSeQquGUR4T_5tests
FNDA:188,_RNvXCsbB4pFCUcDrG_13common_eventsINtNtNtCsiu69tKcHrj_13multiversx_sc13contract_base22universal_contract_obj20UniversalContractObjINtNtNtNtCsaT8J8gEWH0X_22multiversx_sc_scenario3api7impl_vh12vm_hooks_api10VMHooksApiNtNtB28_9debug_api15DebugApiBackendEENtB2_12EventsModule25update_e_mode_asset_eventCsbSeQquGUR4T_5tests
FNDA:470,_RNvXCsbB4pFCUcDrG_13common_eventsINtNtNtCsiu69tKcHrj_13multiversx_sc13contract_base22universal_contract_obj20UniversalContractObjINtNtNtNtCsaT8J8gEWH0X_22multiversx_sc_scenario3api7impl_vh12vm_hooks_api10VMHooksApiNtNtB28_9debug_api15DebugApiBackendEENtB2_12EventsModule26create_market_params_eventCsbSeQquGUR4T_5tests
FNDA:47,_RNvXCsbB4pFCUcDrG_13common_eventsINtNtNtCsiu69tKcHrj_13multiversx_sc13contract_base22universal_contract_obj20UniversalContractObjINtNtNtNtCsaT8J8gEWH0X_22multiversx_sc_scenario3api7impl_vh12vm_hooks_api10VMHooksApiNtNtB28_9debug_api15DebugApiBackendEENtB2_12EventsModule28update_e_mode_category_eventCsbSeQquGUR4T_5tests
FNDA:884,_RNvXCsbB4pFCUcDrG_13common_eventsINtNtNtCsiu69tKcHrj_13multiversx_sc13contract_base22universal_contract_obj20UniversalContractObjINtNtNtNtCsaT8J8gEWH0X_22multiversx_sc_scenario3api7impl_vh12vm_hooks_api10VMHooksApiNtNtB28_9debug_api15DebugApiBackendEENtB2_12EventsModule31__emit_update_market_state_eventCsbSeQquGUR4T_5tests
FNDA:16,_RNvXCsbB4pFCUcDrG_13common_eventsINtNtNtCsiu69tKcHrj_13multiversx_sc13contract_base22universal_contract_obj20UniversalContractObjINtNtNtNtCsaT8J8gEWH0X_22multiversx_sc_scenario3api7impl_vh12vm_hooks_api10VMHooksApiNtNtB28_9debug_api15DebugApiBackendEENtB2_12EventsModule34update_vault_supplied_amount_eventCsbSeQquGUR4T_5tests
FNDA:884,_RNvYINtNtNtCsiu69tKcHrj_13multiversx_sc13contract_base22universal_contract_obj20UniversalContractObjINtNtNtNtCsaT8J8gEWH0X_22multiversx_sc_scenario3api7impl_vh12vm_hooks_api10VMHooksApiNtNtB1F_9debug_api15DebugApiBackendEENtCsbB4pFCUcDrG_13common_events12EventsModule25update_market_state_eventCsbSeQquGUR4T_5tests
FNDA:0,_RNvYINtNtNtCsiu69tKcHrj_13multiversx_sc13contract_base22universal_contract_obj20UniversalContractObjINtNtNtNtCsaT8J8gEWH0X_22multiversx_sc_scenario3api7impl_vh12vm_hooks_api10VMHooksApiNtNtB1F_9debug_api15DebugApiBackendEENtCsbB4pFCUcDrG_13common_events16EndpointWrappers17callback_selectorCsbSeQquGUR4T_5tests
FNDA:7100,_RNvYINtNtNtCsiu69tKcHrj_13multiversx_sc13contract_base22universal_contract_obj20UniversalContractObjINtNtNtNtCsaT8J8gEWH0X_22multiversx_sc_scenario3api7impl_vh12vm_hooks_api10VMHooksApiNtNtB1F_9debug_api15DebugApiBackendEENtCsbB4pFCUcDrG_13common_events16EndpointWrappers4callCsbSeQquGUR4T_5tests
FNDA:0,_RNvYINtNtNtCsiu69tKcHrj_13multiversx_sc13contract_base22universal_contract_obj20UniversalContractObjINtNtNtNtCsaT8J8gEWH0X_22multiversx_sc_scenario3api7impl_vh12vm_hooks_api10VMHooksApiNtNtB1F_9debug_api15DebugApiBackendEENtCsbB4pFCUcDrG_13common_events16EndpointWrappers8callbackCsbSeQquGUR4T_5tests
FNDA:748,_RNvXCsbB4pFCUcDrG_13common_eventsINtCs60i48La0WMh_12lending_pool11ContractObjINtNtNtNtCsaT8J8gEWH0X_22multiversx_sc_scenario3api7impl_vh12vm_hooks_api10VMHooksApiNtNtB1i_9debug_api15DebugApiBackendEENtB2_12EventsModule21update_position_eventCsbSeQquGUR4T_5tests
FNF:2
FNH:2
DA:7,7100
DA:46,884
DA:47,884
DA:48,884
DA:49,884
DA:50,884
DA:51,884
DA:52,884
DA:53,884
DA:54,884
DA:55,884
DA:56,884
DA:57,884
BRF:0
BRH:0
LF:13
LH:13
end_of_record
SF:/Users/mihaieremia/GitHub/rs-lending/common/structs/src/model.rs
FN:7,_RINvXINICseJqGmBrnx5T_14common_structss21_0pEINtB6_10PoolParamspENtNtNtCsj1m2RfQUXvB_19multiversx_sc_codec6single6top_en9TopEncode24top_encode_or_handle_errppEB6_
FN:7,_RINvXINICseJqGmBrnx5T_14common_structss22_0pEINtB6_10PoolParamspENtNtNtCsj1m2RfQUXvB_19multiversx_sc_codec6single6top_de9TopDecode24top_decode_or_handle_errppEB6_
FN:6,_RNvXINICseJqGmBrnx5T_14common_structss20_0pEINtB5_10PoolParamspENtNtNtCsiu69tKcHrj_13multiversx_sc3abi8type_abi7TypeAbi9type_nameB5_
FN:6,_RINvXINICseJqGmBrnx5T_14common_structss20_0pEINtB6_10PoolParamspENtNtNtCsiu69tKcHrj_13multiversx_sc3abi8type_abi7TypeAbi25provide_type_descriptionspEB6_
FN:20,_RNvXs1P_CseJqGmBrnx5T_14common_structsNtB6_19AccountPositionTypeNtNtNtNtNtCsiu69tKcHrj_13multiversx_sc5types7managed7wrapped16managed_vec_item14ManagedVecItem17read_from_payload
FN:20,_RNvXs1P_CseJqGmBrnx5T_14common_structsNtB6_19AccountPositionTypeNtNtNtNtNtCsiu69tKcHrj_13multiversx_sc5types7managed7wrapped16managed_vec_item14ManagedVecItem19borrow_from_payload
FN:20,_RNvXs1P_CseJqGmBrnx5T_14common_structsNtB6_19AccountPositionTypeNtNtNtNtNtCsiu69tKcHrj_13multiversx_sc5types7managed7wrapped16managed_vec_item14ManagedVecItem15save_to_payload
FN:20,_RINvXs1Q_CseJqGmBrnx5T_14common_structsNtB7_19AccountPositionTypeNtNtNtCsj1m2RfQUXvB_19multiversx_sc_codec6single9nested_en12NestedEncode24dep_encode_or_handle_errppEB7_
FN:20,_RINvXs1R_CseJqGmBrnx5T_14common_structsNtB7_19AccountPositionTypeNtNtNtCsj1m2RfQUXvB_19multiversx_sc_codec6single9nested_de12NestedDecode24dep_decode_or_handle_errppEB7_
FN:20,_RINvXs1S_CseJqGmBrnx5T_14common_structsNtB7_19AccountPositionTypeNtNtNtCsj1m2RfQUXvB_19multiversx_sc_codec6single6top_en9TopEncode24top_encode_or_handle_errppEB7_
FN:20,_RINvXs1T_CseJqGmBrnx5T_14common_structsNtB7_19AccountPositionTypeNtNtNtCsj1m2RfQUXvB_19multiversx_sc_codec6single6top_de9TopDecode24top_decode_or_handle_errppEB7_
FN:18,_RNvXs1O_CseJqGmBrnx5T_14common_structsNtB6_19AccountPositionTypeNtNtNtCsiu69tKcHrj_13multiversx_sc3abi8type_abi7TypeAbi9type_name
FN:18,_RINvXs1O_CseJqGmBrnx5T_14common_structsNtB7_19AccountPositionTypeNtNtNtCsiu69tKcHrj_13multiversx_sc3abi8type_abi7TypeAbi25provide_type_descriptionspEB7_
FN:29,_RNvXINICseJqGmBrnx5T_14common_structss1G_0pEINtB5_15AccountPositionpENtNtNtNtNtCsiu69tKcHrj_13multiversx_sc5types7managed7wrapped16managed_vec_item14ManagedVecItem17read_from_payloadB5_
FN:29,_RNvXINICseJqGmBrnx5T_14common_structss1G_0pEINtB5_15AccountPositionpENtNtNtNtNtCsiu69tKcHrj_13multiversx_sc5types7managed7wrapped16managed_vec_item14ManagedVecItem19borrow_from_payloadB5_
FN:29,_RNvXINICseJqGmBrnx5T_14common_structss1G_0pEINtB5_15AccountPositionpENtNtNtNtNtCsiu69tKcHrj_13multiversx_sc5types7managed7wrapped16managed_vec_item14ManagedVecItem15save_to_payloadB5_
FN:29,_RINvXINICseJqGmBrnx5T_14common_structss1H_0pEINtB6_15AccountPositionpENtNtNtCsj1m2RfQUXvB_19multiversx_sc_codec6single9nested_en12NestedEncode24dep_encode_or_handle_errppEB6_
FN:29,_RINvXINICseJqGmBrnx5T_14common_structss1I_0pEINtB6_15AccountPositionpENtNtNtCsj1m2RfQUXvB_19multiversx_sc_codec6single9nested_de12NestedDecode24dep_decode_or_handle_errppEB6_
FN:29,_RINvXINICseJqGmBrnx5T_14common_structss1J_0pEINtB6_15AccountPositionpENtNtNtCsj1m2RfQUXvB_19multiversx_sc_codec6single6top_en9TopEncode24top_encode_or_handle_errppEB6_
FN:29,_RINvXINICseJqGmBrnx5T_14common_structss1K_0pEINtB6_15AccountPositionpENtNtNtCsj1m2RfQUXvB_19multiversx_sc_codec6single6top_de9TopDecode24top_decode_or_handle_errppEB6_
FN:28,_RNvXINICseJqGmBrnx5T_14common_structss1F_0pEINtB5_15AccountPositionpENtNtNtCsiu69tKcHrj_13multiversx_sc3abi8type_abi7TypeAbi9type_nameB5_
FN:28,_RINvXINICseJqGmBrnx5T_14common_structss1F_0pEINtB6_15AccountPositionpENtNtNtCsiu69tKcHrj_13multiversx_sc3abi8type_abi7TypeAbi25provide_type_descriptionspEB6_
FN:46,_RNvMCseJqGmBrnx5T_14common_structsINtB2_15AccountPositionpE3newB2_
FN:76,_RNvMCseJqGmBrnx5T_14common_structsINtB2_15AccountPositionpE16get_total_amountB2_
FN:82,_RNvXINICseJqGmBrnx5T_14common_structss1x_0pEINtB5_11AssetConfigpENtNtNtNtNtCsiu69tKcHrj_13multiversx_sc5types7managed7wrapped16managed_vec_item14ManagedVecItem17read_from_payloadB5_
FN:82,_RNvXINICseJqGmBrnx5T_14common_structss1x_0pEINtB5_11AssetConfigpENtNtNtNtNtCsiu69tKcHrj_13multiversx_sc5types7managed7wrapped16managed_vec_item14ManagedVecItem19borrow_from_payloadB5_
FN:82,_RNvXINICseJqGmBrnx5T_14common_structss1x_0pEINtB5_11AssetConfigpENtNtNtNtNtCsiu69tKcHrj_13multiversx_sc5types7managed7wrapped16managed_vec_item14ManagedVecItem15save_to_payloadB5_
FN:82,_RINvXINICseJqGmBrnx5T_14common_structss1y_0pEINtB6_11AssetConfigpENtNtNtCsj1m2RfQUXvB_19multiversx_sc_codec6single6top_en9TopEncode24top_encode_or_handle_errppEB6_
FN:82,_RINvXINICseJqGmBrnx5T_14common_structss1z_0pEINtB6_11AssetConfigpENtNtNtCsj1m2RfQUXvB_19multiversx_sc_codec6single6top_de9TopDecode24top_decode_or_handle_errppEB6_
FN:82,_RINvXINICseJqGmBrnx5T_14common_structss1A_0pEINtB6_11AssetConfigpENtNtNtCsj1m2RfQUXvB_19multiversx_sc_codec6single9nested_en12NestedEncode24dep_encode_or_handle_errppEB6_
FN:82,_RINvXINICseJqGmBrnx5T_14common_structss1B_0pEINtB6_11AssetConfigpENtNtNtCsj1m2RfQUXvB_19multiversx_sc_codec6single9nested_de12NestedDecode24dep_decode_or_handle_errppEB6_
FN:81,_RNvXINICseJqGmBrnx5T_14common_structss1w_0pEINtB5_11AssetConfigpENtNtNtCsiu69tKcHrj_13multiversx_sc3abi8type_abi7TypeAbi9type_nameB5_
FN:81,_RINvXINICseJqGmBrnx5T_14common_structss1w_0pEINtB6_11AssetConfigpENtNtNtCsiu69tKcHrj_13multiversx_sc3abi8type_abi7TypeAbi25provide_type_descriptionspEB6_
FN:117,_RNvXINICseJqGmBrnx5T_14common_structss1p_0pEINtB5_23AssetExtendedConfigViewpENtNtNtNtNtCsiu69tKcHrj_13multiversx_sc5types7managed7wrapped16managed_vec_item14ManagedVecItem17read_from_payloadB5_
FN:117,_RNvXINICseJqGmBrnx5T_14common_structss1p_0pEINtB5_23AssetExtendedConfigViewpENtNtNtNtNtCsiu69tKcHrj_13multiversx_sc5types7managed7wrapped16managed_vec_item14ManagedVecItem19borrow_from_payloadB5_
FN:117,_RNvXINICseJqGmBrnx5T_14common_structss1p_0pEINtB5_23AssetExtendedConfigViewpENtNtNtNtNtCsiu69tKcHrj_13multiversx_sc5types7managed7wrapped16managed_vec_item14ManagedVecItem15save_to_payloadB5_
FN:117,_RINvXINICseJqGmBrnx5T_14common_structss1q_0pEINtB6_23AssetExtendedConfigViewpENtNtNtCsj1m2RfQUXvB_19multiversx_sc_codec6single6top_en9TopEncode24top_encode_or_handle_errppEB6_
FN:117,_RINvXINICseJqGmBrnx5T_14common_structss1r_0pEINtB6_23AssetExtendedConfigViewpENtNtNtCsj1m2RfQUXvB_19multiversx_sc_codec6single6top_de9TopDecode24top_decode_or_handle_errppEB6_
FN:117,_RINvXINICseJqGmBrnx5T_14common_structss1s_0pEINtB6_23AssetExtendedConfigViewpENtNtNtCsj1m2RfQUXvB_19multiversx_sc_codec6single9nested_en12NestedEncode24dep_encode_or_handle_errppEB6_
FN:117,_RINvXINICseJqGmBrnx5T_14common_structss1t_0pEINtB6_23AssetExtendedConfigViewpENtNtNtCsj1m2RfQUXvB_19multiversx_sc_codec6single9nested_de12NestedDecode24dep_decode_or_handle_errppEB6_
FN:116,_RNvXINICseJqGmBrnx5T_14common_structss1o_0pEINtB5_23AssetExtendedConfigViewpENtNtNtCsiu69tKcHrj_13multiversx_sc3abi8type_abi7TypeAbi9type_nameB5_
FN:116,_RINvXINICseJqGmBrnx5T_14common_structss1o_0pEINtB6_23AssetExtendedConfigViewpENtNtNtCsiu69tKcHrj_13multiversx_sc3abi8type_abi7TypeAbi25provide_type_descriptionspEB6_
FN:126,_RNvXINICseJqGmBrnx5T_14common_structss1h_0pEINtB5_13EModeCategorypENtNtNtNtNtCsiu69tKcHrj_13multiversx_sc5types7managed7wrapped16managed_vec_item14ManagedVecItem17read_from_payloadB5_
FN:126,_RNvXINICseJqGmBrnx5T_14common_structss1h_0pEINtB5_13EModeCategorypENtNtNtNtNtCsiu69tKcHrj_13multiversx_sc5types7managed7wrapped16managed_vec_item14ManagedVecItem19borrow_from_payloadB5_
FN:126,_RNvXINICseJqGmBrnx5T_14common_structss1h_0pEINtB5_13EModeCategorypENtNtNtNtNtCsiu69tKcHrj_13multiversx_sc5types7managed7wrapped16managed_vec_item14ManagedVecItem15save_to_payloadB5_
FN:126,_RINvXINICseJqGmBrnx5T_14common_structss1i_0pEINtB6_13EModeCategorypENtNtNtCsj1m2RfQUXvB_19multiversx_sc_codec6single6top_en9TopEncode24top_encode_or_handle_errppEB6_
FN:126,_RINvXINICseJqGmBrnx5T_14common_structss1j_0pEINtB6_13EModeCategorypENtNtNtCsj1m2RfQUXvB_19multiversx_sc_codec6single6top_de9TopDecode24top_decode_or_handle_errppEB6_
FN:126,_RINvXINICseJqGmBrnx5T_14common_structss1k_0pEINtB6_13EModeCategorypENtNtNtCsj1m2RfQUXvB_19multiversx_sc_codec6single9nested_en12NestedEncode24dep_encode_or_handle_errppEB6_
FN:126,_RINvXINICseJqGmBrnx5T_14common_structss1l_0pEINtB6_13EModeCategorypENtNtNtCsj1m2RfQUXvB_19multiversx_sc_codec6single9nested_de12NestedDecode24dep_decode_or_handle_errppEB6_
FN:125,_RNvXINICseJqGmBrnx5T_14common_structss1g_0pEINtB5_13EModeCategorypENtNtNtCsiu69tKcHrj_13multiversx_sc3abi8type_abi7TypeAbi9type_nameB5_
FN:125,_RINvXINICseJqGmBrnx5T_14common_structss1g_0pEINtB6_13EModeCategorypENtNtNtCsiu69tKcHrj_13multiversx_sc3abi8type_abi7TypeAbi25provide_type_descriptionspEB6_
FN:136,_RNvXs19_CseJqGmBrnx5T_14common_structsNtB6_16EModeAssetConfigNtNtNtNtNtCsiu69tKcHrj_13multiversx_sc5types7managed7wrapped16managed_vec_item14ManagedVecItem17read_from_payload
FN:136,_RNvXs19_CseJqGmBrnx5T_14common_structsNtB6_16EModeAssetConfigNtNtNtNtNtCsiu69tKcHrj_13multiversx_sc5types7managed7wrapped16managed_vec_item14ManagedVecItem19borrow_from_payload
FN:136,_RNvXs19_CseJqGmBrnx5T_14common_structsNtB6_16EModeAssetConfigNtNtNtNtNtCsiu69tKcHrj_13multiversx_sc5types7managed7wrapped16managed_vec_item14ManagedVecItem15save_to_payload
FN:136,_RINvXs1a_CseJqGmBrnx5T_14common_structsNtB7_16EModeAssetConfigNtNtNtCsj1m2RfQUXvB_19multiversx_sc_codec6single6top_en9TopEncode24top_encode_or_handle_errppEB7_
FN:136,_RINvXs1b_CseJqGmBrnx5T_14common_structsNtB7_16EModeAssetConfigNtNtNtCsj1m2RfQUXvB_19multiversx_sc_codec6single6top_de9TopDecode24top_decode_or_handle_errppEB7_
FN:136,_RINvXs1c_CseJqGmBrnx5T_14common_structsNtB7_16EModeAssetConfigNtNtNtCsj1m2RfQUXvB_19multiversx_sc_codec6single9nested_en12NestedEncode24dep_encode_or_handle_errppEB7_
FN:136,_RINvXs1d_CseJqGmBrnx5T_14common_structsNtB7_16EModeAssetConfigNtNtNtCsj1m2RfQUXvB_19multiversx_sc_codec6single9nested_de12NestedDecode24dep_decode_or_handle_errppEB7_
FN:135,_RNvXs18_CseJqGmBrnx5T_14common_structsNtB6_16EModeAssetConfigNtNtNtCsiu69tKcHrj_13multiversx_sc3abi8type_abi7TypeAbi9type_name
FN:135,_RINvXs18_CseJqGmBrnx5T_14common_structsNtB7_16EModeAssetConfigNtNtNtCsiu69tKcHrj_13multiversx_sc3abi8type_abi7TypeAbi25provide_type_descriptionspEB7_
FN:143,_RINvXs11_CseJqGmBrnx5T_14common_structsNtB7_20NftAccountAttributesNtNtNtCsj1m2RfQUXvB_19multiversx_sc_codec6single9nested_en12NestedEncode24dep_encode_or_handle_errppEB7_
FN:143,_RINvXs12_CseJqGmBrnx5T_14common_structsNtB7_20NftAccountAttributesNtNtNtCsj1m2RfQUXvB_19multiversx_sc_codec6single9nested_de12NestedDecode24dep_decode_or_handle_errppEB7_
FN:143,_RINvXs13_CseJqGmBrnx5T_14common_structsNtB7_20NftAccountAttributesNtNtNtCsj1m2RfQUXvB_19multiversx_sc_codec6single6top_en9TopEncode24top_encode_or_handle_errppEB7_
FN:143,_RINvXs14_CseJqGmBrnx5T_14common_structsNtB7_20NftAccountAttributesNtNtNtCsj1m2RfQUXvB_19multiversx_sc_codec6single6top_de9TopDecode24top_decode_or_handle_errppEB7_
FN:142,_RNvXs10_CseJqGmBrnx5T_14common_structsNtB6_20NftAccountAttributesNtNtNtCsiu69tKcHrj_13multiversx_sc3abi8type_abi7TypeAbi9type_name
FN:142,_RINvXs10_CseJqGmBrnx5T_14common_structsNtB7_20NftAccountAttributesNtNtNtCsiu69tKcHrj_13multiversx_sc3abi8type_abi7TypeAbi25provide_type_descriptionspEB7_
FN:152,_RNvXsP_CseJqGmBrnx5T_14common_structsNtB5_13PricingMethodNtNtNtNtNtCsiu69tKcHrj_13multiversx_sc5types7managed7wrapped16managed_vec_item14ManagedVecItem17read_from_payload
FN:152,_RNvXsP_CseJqGmBrnx5T_14common_structsNtB5_13PricingMethodNtNtNtNtNtCsiu69tKcHrj_13multiversx_sc5types7managed7wrapped16managed_vec_item14ManagedVecItem19borrow_from_payload
FN:152,_RNvXsP_CseJqGmBrnx5T_14common_structsNtB5_13PricingMethodNtNtNtNtNtCsiu69tKcHrj_13multiversx_sc5types7managed7wrapped16managed_vec_item14ManagedVecItem15save_to_payload
FN:152,_RINvXsQ_CseJqGmBrnx5T_14common_structsNtB6_13PricingMethodNtNtNtCsj1m2RfQUXvB_19multiversx_sc_codec6single9nested_en12NestedEncode24dep_encode_or_handle_errppEB6_
FN:152,_RINvXsR_CseJqGmBrnx5T_14common_structsNtB6_13PricingMethodNtNtNtCsj1m2RfQUXvB_19multiversx_sc_codec6single9nested_de12NestedDecode24dep_decode_or_handle_errppEB6_
FN:152,_RINvXsS_CseJqGmBrnx5T_14common_structsNtB6_13PricingMethodNtNtNtCsj1m2RfQUXvB_19multiversx_sc_codec6single6top_en9TopEncode24top_encode_or_handle_errppEB6_
FN:152,_RINvXsT_CseJqGmBrnx5T_14common_structsNtB6_13PricingMethodNtNtNtCsj1m2RfQUXvB_19multiversx_sc_codec6single6top_de9TopDecode24top_decode_or_handle_errppEB6_
FN:150,_RNvXsO_CseJqGmBrnx5T_14common_structsNtB5_13PricingMethodNtNtNtCsiu69tKcHrj_13multiversx_sc3abi8type_abi7TypeAbi9type_name
FN:150,_RINvXsO_CseJqGmBrnx5T_14common_structsNtB6_13PricingMethodNtNtNtCsiu69tKcHrj_13multiversx_sc3abi8type_abi7TypeAbi25provide_type_descriptionspEB6_
FN:164,_RNvXsD_CseJqGmBrnx5T_14common_structsNtB5_10OracleTypeNtNtNtNtNtCsiu69tKcHrj_13multiversx_sc5types7managed7wrapped16managed_vec_item14ManagedVecItem17read_from_payload
FN:164,_RNvXsD_CseJqGmBrnx5T_14common_structsNtB5_10OracleTypeNtNtNtNtNtCsiu69tKcHrj_13multiversx_sc5types7managed7wrapped16managed_vec_item14ManagedVecItem19borrow_from_payload
FN:164,_RNvXsD_CseJqGmBrnx5T_14common_structsNtB5_10OracleTypeNtNtNtNtNtCsiu69tKcHrj_13multiversx_sc5types7managed7wrapped16managed_vec_item14ManagedVecItem15save_to_payload
FN:164,_RINvXsE_CseJqGmBrnx5T_14common_structsNtB6_10OracleTypeNtNtNtCsj1m2RfQUXvB_19multiversx_sc_codec6single9nested_en12NestedEncode24dep_encode_or_handle_errppEB6_
FN:164,_RINvXsF_CseJqGmBrnx5T_14common_structsNtB6_10OracleTypeNtNtNtCsj1m2RfQUXvB_19multiversx_sc_codec6single9nested_de12NestedDecode24dep_decode_or_handle_errppEB6_
FN:164,_RINvXsG_CseJqGmBrnx5T_14common_structsNtB6_10OracleTypeNtNtNtCsj1m2RfQUXvB_19multiversx_sc_codec6single6top_en9TopEncode24top_encode_or_handle_errppEB6_
FN:164,_RINvXsH_CseJqGmBrnx5T_14common_structsNtB6_10OracleTypeNtNtNtCsj1m2RfQUXvB_19multiversx_sc_codec6single6top_de9TopDecode24top_decode_or_handle_errppEB6_
FN:162,_RNvXsC_CseJqGmBrnx5T_14common_structsNtB5_10OracleTypeNtNtNtCsiu69tKcHrj_13multiversx_sc3abi8type_abi7TypeAbi9type_name
FN:162,_RINvXsC_CseJqGmBrnx5T_14common_structsNtB6_10OracleTypeNtNtNtCsiu69tKcHrj_13multiversx_sc3abi8type_abi7TypeAbi25provide_type_descriptionspEB6_
FN:175,_RNvXsr_CseJqGmBrnx5T_14common_structsNtB5_14ExchangeSourceNtNtNtNtNtCsiu69tKcHrj_13multiversx_sc5types7managed7wrapped16managed_vec_item14ManagedVecItem17read_from_payload
FN:175,_RNvXsr_CseJqGmBrnx5T_14common_structsNtB5_14ExchangeSourceNtNtNtNtNtCsiu69tKcHrj_13multiversx_sc5types7managed7wrapped16managed_vec_item14ManagedVecItem19borrow_from_payload
FN:175,_RNvXsr_CseJqGmBrnx5T_14common_structsNtB5_14ExchangeSourceNtNtNtNtNtCsiu69tKcHrj_13multiversx_sc5types7managed7wrapped16managed_vec_item14ManagedVecItem15save_to_payload
FN:175,_RINvXss_CseJqGmBrnx5T_14common_structsNtB6_14ExchangeSourceNtNtNtCsj1m2RfQUXvB_19multiversx_sc_codec6single9nested_en12NestedEncode24dep_encode_or_handle_errppEB6_
FN:175,_RINvXst_CseJqGmBrnx5T_14common_structsNtB6_14ExchangeSourceNtNtNtCsj1m2RfQUXvB_19multiversx_sc_codec6single9nested_de12NestedDecode24dep_decode_or_handle_errppEB6_
FN:175,_RINvXsu_CseJqGmBrnx5T_14common_structsNtB6_14ExchangeSourceNtNtNtCsj1m2RfQUXvB_19multiversx_sc_codec6single6top_en9TopEncode24top_encode_or_handle_errppEB6_
FN:175,_RINvXsv_CseJqGmBrnx5T_14common_structsNtB6_14ExchangeSourceNtNtNtCsj1m2RfQUXvB_19multiversx_sc_codec6single6top_de9TopDecode24top_decode_or_handle_errppEB6_
FN:173,_RNvXsq_CseJqGmBrnx5T_14common_structsNtB5_14ExchangeSourceNtNtNtCsiu69tKcHrj_13multiversx_sc3abi8type_abi7TypeAbi9type_name
FN:173,_RINvXsq_CseJqGmBrnx5T_14common_structsNtB6_14ExchangeSourceNtNtNtCsiu69tKcHrj_13multiversx_sc3abi8type_abi7TypeAbi25provide_type_descriptionspEB6_
FN:186,_RNvXINICseJqGmBrnx5T_14common_structssj_0pEINtB5_14OracleProviderpENtNtNtNtNtCsiu69tKcHrj_13multiversx_sc5types7managed7wrapped16managed_vec_item14ManagedVecItem17read_from_payloadB5_
FN:186,_RNvXINICseJqGmBrnx5T_14common_structssj_0pEINtB5_14OracleProviderpENtNtNtNtNtCsiu69tKcHrj_13multiversx_sc5types7managed7wrapped16managed_vec_item14ManagedVecItem19borrow_from_payloadB5_
FN:186,_RNvXINICseJqGmBrnx5T_14common_structssj_0pEINtB5_14OracleProviderpENtNtNtNtNtCsiu69tKcHrj_13multiversx_sc5types7managed7wrapped16managed_vec_item14ManagedVecItem15save_to_payloadB5_
FN:186,_RINvXINICseJqGmBrnx5T_14common_structssk_0pEINtB6_14OracleProviderpENtNtNtCsj1m2RfQUXvB_19multiversx_sc_codec6single6top_en9TopEncode24top_encode_or_handle_errppEB6_
FN:186,_RINvXINICseJqGmBrnx5T_14common_structssl_0pEINtB6_14OracleProviderpENtNtNtCsj1m2RfQUXvB_19multiversx_sc_codec6single6top_de9TopDecode24top_decode_or_handle_errppEB6_
FN:186,_RINvXINICseJqGmBrnx5T_14common_structssm_0pEINtB6_14OracleProviderpENtNtNtCsj1m2RfQUXvB_19multiversx_sc_codec6single9nested_en12NestedEncode24dep_encode_or_handle_errppEB6_
FN:186,_RINvXINICseJqGmBrnx5T_14common_structssn_0pEINtB6_14OracleProviderpENtNtNtCsj1m2RfQUXvB_19multiversx_sc_codec6single9nested_de12NestedDecode24dep_decode_or_handle_errppEB6_
FN:185,_RNvXINICseJqGmBrnx5T_14common_structssi_0pEINtB5_14OracleProviderpENtNtNtCsiu69tKcHrj_13multiversx_sc3abi8type_abi7TypeAbi9type_nameB5_
FN:185,_RINvXINICseJqGmBrnx5T_14common_structssi_0pEINtB6_14OracleProviderpENtNtNtCsiu69tKcHrj_13multiversx_sc3abi8type_abi7TypeAbi25provide_type_descriptionspEB6_
FN:199,_RNvXINICseJqGmBrnx5T_14common_structssa_0pEINtB5_14PriceFeedShortpENtNtNtNtNtCsiu69tKcHrj_13multiversx_sc5types7managed7wrapped16managed_vec_item14ManagedVecItem17read_from_payloadB5_
FN:199,_RNvXINICseJqGmBrnx5T_14common_structssa_0pEINtB5_14PriceFeedShortpENtNtNtNtNtCsiu69tKcHrj_13multiversx_sc5types7managed7wrapped16managed_vec_item14ManagedVecItem19borrow_from_payloadB5_
FN:199,_RNvXINICseJqGmBrnx5T_14common_structssa_0pEINtB5_14PriceFeedShortpENtNtNtNtNtCsiu69tKcHrj_13multiversx_sc5types7managed7wrapped16managed_vec_item14ManagedVecItem15save_to_payloadB5_
FN:199,_RINvXINICseJqGmBrnx5T_14common_structssb_0pEINtB6_14PriceFeedShortpENtNtNtCsj1m2RfQUXvB_19multiversx_sc_codec6single9nested_en12NestedEncode24dep_encode_or_handle_errppEB6_
FN:199,_RINvXINICseJqGmBrnx5T_14common_structssc_0pEINtB6_14PriceFeedShortpENtNtNtCsj1m2RfQUXvB_19multiversx_sc_codec6single9nested_de12NestedDecode24dep_decode_or_handle_errppEB6_
FN:199,_RINvXINICseJqGmBrnx5T_14common_structssd_0pEINtB6_14PriceFeedShortpENtNtNtCsj1m2RfQUXvB_19multiversx_sc_codec6single6top_en9TopEncode24top_encode_or_handle_errppEB6_
FN:199,_RINvXINICseJqGmBrnx5T_14common_structsse_0pEINtB6_14PriceFeedShortpENtNtNtCsj1m2RfQUXvB_19multiversx_sc_codec6single6top_de9TopDecode24top_decode_or_handle_errppEB6_
FN:198,_RNvXINICseJqGmBrnx5T_14common_structss9_0pEINtB5_14PriceFeedShortpENtNtNtCsiu69tKcHrj_13multiversx_sc3abi8type_abi7TypeAbi9type_nameB5_
FN:198,_RINvXINICseJqGmBrnx5T_14common_structss9_0pEINtB6_14PriceFeedShortpENtNtNtCsiu69tKcHrj_13multiversx_sc3abi8type_abi7TypeAbi25provide_type_descriptionspEB6_
FN:209,_RNvXINICseJqGmBrnx5T_14common_structss2_0pEINtB5_22OraclePriceFluctuationpENtNtNtNtNtCsiu69tKcHrj_13multiversx_sc5types7managed7wrapped16managed_vec_item14ManagedVecItem17read_from_payloadB5_
FN:209,_RNvXINICseJqGmBrnx5T_14common_structss2_0pEINtB5_22OraclePriceFluctuationpENtNtNtNtNtCsiu69tKcHrj_13multiversx_sc5types7managed7wrapped16managed_vec_item14ManagedVecItem19borrow_from_payloadB5_
FN:209,_RNvXINICseJqGmBrnx5T_14common_structss2_0pEINtB5_22OraclePriceFluctuationpENtNtNtNtNtCsiu69tKcHrj_13multiversx_sc5types7managed7wrapped16managed_vec_item14ManagedVecItem15save_to_payloadB5_
FN:209,_RINvXINICseJqGmBrnx5T_14common_structss3_0pEINtB6_22OraclePriceFluctuationpENtNtNtCsj1m2RfQUXvB_19multiversx_sc_codec6single6top_en9TopEncode24top_encode_or_handle_errppEB6_
FN:209,_RINvXINICseJqGmBrnx5T_14common_structss4_0pEINtB6_22OraclePriceFluctuationpENtNtNtCsj1m2RfQUXvB_19multiversx_sc_codec6single6top_de9TopDecode24top_decode_or_handle_errppEB6_
FN:209,_RINvXINICseJqGmBrnx5T_14common_structss5_0pEINtB6_22OraclePriceFluctuationpENtNtNtCsj1m2RfQUXvB_19multiversx_sc_codec6single9nested_en12NestedEncode24dep_encode_or_handle_errppEB6_
FN:209,_RINvXINICseJqGmBrnx5T_14common_structss6_0pEINtB6_22OraclePriceFluctuationpENtNtNtCsj1m2RfQUXvB_19multiversx_sc_codec6single9nested_de12NestedDecode24dep_decode_or_handle_errppEB6_
FN:208,_RNvXINICseJqGmBrnx5T_14common_structss1_0pEINtB5_22OraclePriceFluctuationpENtNtNtCsiu69tKcHrj_13multiversx_sc3abi8type_abi7TypeAbi9type_nameB5_
FN:208,_RINvXINICseJqGmBrnx5T_14common_structss1_0pEINtB6_22OraclePriceFluctuationpENtNtNtCsiu69tKcHrj_13multiversx_sc3abi8type_abi7TypeAbi25provide_type_descriptionspEB6_
FN:143,_RINvXs13_CshHluQ5WovEN_14common_structsNtB7_20NftAccountAttributesNtNtNtCsj1m2RfQUXvB_19multiversx_sc_codec6single6top_en9TopEncode24top_encode_or_handle_errINtNtNtCsiu69tKcHrj_13multiversx_sc2io6finish16ApiOutputAdapterINtNtNtNtCsaT8J8gEWH0X_22multiversx_sc_scenario3api7impl_vh12vm_hooks_api10VMHooksApiNtNtB3B_9debug_api15DebugApiBackendEEINtNtNtNtB2C_13contract_base8wrappers10serializer21ExitCodecErrorHandlerB3w_EECsbSeQquGUR4T_5tests
FN:143,_RINvXs13_CshHluQ5WovEN_14common_structsNtB7_20NftAccountAttributesNtNtNtCsj1m2RfQUXvB_19multiversx_sc_codec6single6top_en9TopEncode24top_encode_or_handle_errINtNtNtCsiu69tKcHrj_13multiversx_sc7storage11storage_set16StorageSetOutputINtNtNtNtCsaT8J8gEWH0X_22multiversx_sc_scenario3api7impl_vh12vm_hooks_api10VMHooksApiNtNtB3M_9debug_api15DebugApiBackendEEINtNtNtNtB2C_13contract_base8wrappers10serializer21ExitCodecErrorHandlerB3H_EECsbSeQquGUR4T_5tests
FN:143,_RINvXs13_CshHluQ5WovEN_14common_structsNtB7_20NftAccountAttributesNtNtNtCsj1m2RfQUXvB_19multiversx_sc_codec6single6top_en9TopEncode24top_encode_or_handle_errQINtNtCshTKFwE22Rw2_5alloc3vec3VechENtNtB18_17codec_err_handler19DefaultErrorHandlerECsbSeQquGUR4T_5tests
FN:143,_RINvXs13_CshHluQ5WovEN_14common_structsNtB7_20NftAccountAttributesNtNtNtCsj1m2RfQUXvB_19multiversx_sc_codec6single6top_en9TopEncode24top_encode_or_handle_errQINtNtNtNtNtCsiu69tKcHrj_13multiversx_sc5types7managed5basic14managed_buffer13ManagedBufferINtNtNtNtCsaT8J8gEWH0X_22multiversx_sc_scenario3api7impl_vh12vm_hooks_api10VMHooksApiNtNtB43_9debug_api15DebugApiBackendEEINtNtNtNtB2H_13contract_base8wrappers10serializer21ExitCodecErrorHandlerB3Y_EECsbSeQquGUR4T_5tests
FN:143,_RINvXs14_CshHluQ5WovEN_14common_structsNtB7_20NftAccountAttributesNtNtNtCsj1m2RfQUXvB_19multiversx_sc_codec6single6top_de9TopDecode24top_decode_or_handle_errINtNtNtCsiu69tKcHrj_13multiversx_sc7storage11storage_get15StorageGetInputINtNtNtNtCsaT8J8gEWH0X_22multiversx_sc_scenario3api7impl_vh12vm_hooks_api10VMHooksApiNtNtB3L_9debug_api15DebugApiBackendEEINtB2y_22StorageGetErrorHandlerB3G_EECsbSeQquGUR4T_5tests
FN:143,_RINvXs14_CshHluQ5WovEN_14common_structsNtB7_20NftAccountAttributesNtNtNtCsj1m2RfQUXvB_19multiversx_sc_codec6single6top_de9TopDecode24top_decode_or_handle_errINtNtNtNtNtCsiu69tKcHrj_13multiversx_sc5types7managed5basic14managed_buffer13ManagedBufferINtNtNtNtCsaT8J8gEWH0X_22multiversx_sc_scenario3api7impl_vh12vm_hooks_api10VMHooksApiNtNtB42_9debug_api15DebugApiBackendEEINtNtNtNtB2G_13contract_base8wrappers10serializer21ExitCodecErrorHandlerB3X_EECsbSeQquGUR4T_5tests
FN:82,_RINvXs1A_CshHluQ5WovEN_14common_structsINtB7_11AssetConfigINtNtNtNtCsaT8J8gEWH0X_22multiversx_sc_scenario3api7impl_vh12vm_hooks_api10VMHooksApiNtNtBZ_9debug_api15DebugApiBackendEENtNtNtCsj1m2RfQUXvB_19multiversx_sc_codec6single9nested_en12NestedEncode24dep_encode_or_handle_errINtNtNtNtNtNtCsiu69tKcHrj_13multiversx_sc5types7managed7wrapped7builder22managed_buffer_builder20ManagedBufferBuilderBU_EINtNtNtNtB4E_13contract_base8wrappers10serializer21ExitCodecErrorHandlerBU_EECsbSeQquGUR4T_5tests
FN:29,_RINvXs1H_CshHluQ5WovEN_14common_structsINtB7_15AccountPositionINtNtNtNtCsaT8J8gEWH0X_22multiversx_sc_scenario3api7impl_vh12vm_hooks_api10VMHooksApiNtNtB13_9debug_api15DebugApiBackendEENtNtNtCsj1m2RfQUXvB_19multiversx_sc_codec6single9nested_en12NestedEncode24dep_encode_or_handle_errINtNtNtNtNtNtCsiu69tKcHrj_13multiversx_sc5types7managed7wrapped7builder22managed_buffer_builder20ManagedBufferBuilderBY_EINtNtNtNtB4J_13contract_base8wrappers10serializer21ExitCodecErrorHandlerBY_EECsbSeQquGUR4T_5tests
FN:29,_RINvXs1J_CshHluQ5WovEN_14common_structsINtB7_15AccountPositionINtNtNtNtCsaT8J8gEWH0X_22multiversx_sc_scenario3api7impl_vh12vm_hooks_api10VMHooksApiNtNtB13_9debug_api15DebugApiBackendEENtNtNtCsj1m2RfQUXvB_19multiversx_sc_codec6single6top_en9TopEncode24top_encode_or_handle_errINtNtNtCsiu69tKcHrj_13multiversx_sc2io6finish16ApiOutputAdapterBY_EINtNtNtNtB4w_13contract_base8wrappers10serializer21ExitCodecErrorHandlerBY_EECsbSeQquGUR4T_5tests
FN:29,_RINvXs1J_CshHluQ5WovEN_14common_structsINtB7_15AccountPositionINtNtNtNtCsaT8J8gEWH0X_22multiversx_sc_scenario3api7impl_vh12vm_hooks_api10VMHooksApiNtNtB13_9debug_api15DebugApiBackendEENtNtNtCsj1m2RfQUXvB_19multiversx_sc_codec6single6top_en9TopEncode24top_encode_or_handle_errINtNtNtCsiu69tKcHrj_13multiversx_sc7storage11storage_set16StorageSetOutputBY_EINtNtNtNtB4w_13contract_base8wrappers10serializer21ExitCodecErrorHandlerBY_EECsbSeQquGUR4T_5tests
FN:29,_RINvXs1J_CshHluQ5WovEN_14common_structsINtB7_15AccountPositionINtNtNtNtCsaT8J8gEWH0X_22multiversx_sc_scenario3api7impl_vh12vm_hooks_api10VMHooksApiNtNtB13_9debug_api15DebugApiBackendEENtNtNtCsj1m2RfQUXvB_19multiversx_sc_codec6single6top_en9TopEncode24top_encode_or_handle_errQINtNtNtNtNtCsiu69tKcHrj_13multiversx_sc5types7managed5basic14managed_buffer13ManagedBufferBY_EINtNtNtNtB4B_13contract_base8wrappers10serializer21ExitCodecErrorHandlerBY_EECsbSeQquGUR4T_5tests
FN:29,_RINvXs1K_CshHluQ5WovEN_14common_structsINtB7_15AccountPositionINtNtNtNtCsaT8J8gEWH0X_22multiversx_sc_scenario3api7impl_vh12vm_hooks_api10VMHooksApiNtNtB13_9debug_api15DebugApiBackendEENtNtNtCsj1m2RfQUXvB_19multiversx_sc_codec6single6top_de9TopDecode24top_decode_or_handle_errINtNtNtCsiu69tKcHrj_13multiversx_sc2io12arg_de_input14ArgDecodeInputBY_EINtNtB4u_17arg_error_handler15ArgErrorHandlerBY_EECsbSeQquGUR4T_5tests
FN:29,_RINvXs1K_CshHluQ5WovEN_14common_structsINtB7_15AccountPositionINtNtNtNtCsaT8J8gEWH0X_22multiversx_sc_scenario3api7impl_vh12vm_hooks_api10VMHooksApiNtNtB13_9debug_api15DebugApiBackendEENtNtNtCsj1m2RfQUXvB_19multiversx_sc_codec6single6top_de9TopDecode24top_decode_or_handle_errINtNtNtCsiu69tKcHrj_13multiversx_sc7storage11storage_get15StorageGetInputBY_EINtB4s_22StorageGetErrorHandlerBY_EECsbSeQquGUR4T_5tests
FN:29,_RINvXs1K_CshHluQ5WovEN_14common_structsINtB7_15AccountPositionINtNtNtNtCsaT8J8gEWH0X_22multiversx_sc_scenario3api7impl_vh12vm_hooks_api10VMHooksApiNtNtB13_9debug_api15DebugApiBackendEENtNtNtCsj1m2RfQUXvB_19multiversx_sc_codec6single6top_de9TopDecode24top_decode_or_handle_errINtNtNtNtNtCsiu69tKcHrj_13multiversx_sc5types7managed5basic14managed_buffer13ManagedBufferBY_EINtNtNtB4A_2io17arg_error_handler15ArgErrorHandlerBY_EECsbSeQquGUR4T_5tests
FN:20,_RINvXs1Q_CshHluQ5WovEN_14common_structsNtB7_19AccountPositionTypeNtNtNtCsj1m2RfQUXvB_19multiversx_sc_codec6single9nested_en12NestedEncode24dep_encode_or_handle_errINtNtNtNtNtCsiu69tKcHrj_13multiversx_sc5types7managed5basic14managed_buffer13ManagedBufferINtNtNtNtCsaT8J8gEWH0X_22multiversx_sc_scenario3api7impl_vh12vm_hooks_api10VMHooksApiNtNtB48_9debug_api15DebugApiBackendEEINtNtNtNtB2M_13contract_base8wrappers10serializer21ExitCodecErrorHandlerB43_EECsbSeQquGUR4T_5tests
FN:20,_RINvXs1Q_CshHluQ5WovEN_14common_structsNtB7_19AccountPositionTypeNtNtNtCsj1m2RfQUXvB_19multiversx_sc_codec6single9nested_en12NestedEncode24dep_encode_or_handle_errINtNtNtNtNtNtCsiu69tKcHrj_13multiversx_sc5types7managed7wrapped7builder22managed_buffer_builder20ManagedBufferBuilderINtNtNtNtCsaT8J8gEWH0X_22multiversx_sc_scenario3api7impl_vh12vm_hooks_api10VMHooksApiNtNtB4z_9debug_api15DebugApiBackendEEINtNtNtNtB2O_13contract_base8wrappers10serializer21ExitCodecErrorHandlerB4u_EECsbSeQquGUR4T_5tests
FN:20,_RINvXs1R_CshHluQ5WovEN_14common_structsNtB7_19AccountPositionTypeNtNtNtCsj1m2RfQUXvB_19multiversx_sc_codec6single9nested_de12NestedDecode24dep_decode_or_handle_errINtNtNtNtNtCsiu69tKcHrj_13multiversx_sc5types7managed10codec_util30managed_buffer_nested_de_input30ManagedBufferNestedDecodeInputINtNtNtNtCsaT8J8gEWH0X_22multiversx_sc_scenario3api7impl_vh12vm_hooks_api10VMHooksApiNtNtB4L_9debug_api15DebugApiBackendEEINtNtNtB2M_2io17arg_error_handler15ArgErrorHandlerB4G_EECsbSeQquGUR4T_5tests
FN:20,_RINvXs1R_CshHluQ5WovEN_14common_structsNtB7_19AccountPositionTypeNtNtNtCsj1m2RfQUXvB_19multiversx_sc_codec6single9nested_de12NestedDecode24dep_decode_or_handle_errINtNtNtNtNtCsiu69tKcHrj_13multiversx_sc5types7managed10codec_util30managed_buffer_nested_de_input30ManagedBufferNestedDecodeInputINtNtNtNtCsaT8J8gEWH0X_22multiversx_sc_scenario3api7impl_vh12vm_hooks_api10VMHooksApiNtNtB4L_9debug_api15DebugApiBackendEEINtNtNtB2M_7storage11storage_get22StorageGetErrorHandlerB4G_EECsbSeQquGUR4T_5tests
FN:136,_RINvXs1a_CshHluQ5WovEN_14common_structsNtB7_16EModeAssetConfigNtNtNtCsj1m2RfQUXvB_19multiversx_sc_codec6single6top_en9TopEncode24top_encode_or_handle_errINtNtNtCsiu69tKcHrj_13multiversx_sc2io6finish16ApiOutputAdapterINtNtNtNtCsaT8J8gEWH0X_22multiversx_sc_scenario3api7impl_vh12vm_hooks_api10VMHooksApiNtNtB3x_9debug_api15DebugApiBackendEEINtNtNtNtB2y_13contract_base8wrappers10serializer21ExitCodecErrorHandlerB3s_EECsbSeQquGUR4T_5tests
FN:136,_RINvXs1a_CshHluQ5WovEN_14common_structsNtB7_16EModeAssetConfigNtNtNtCsj1m2RfQUXvB_19multiversx_sc_codec6single6top_en9TopEncode24top_encode_or_handle_errINtNtNtCsiu69tKcHrj_13multiversx_sc7storage11storage_set16StorageSetOutputINtNtNtNtCsaT8J8gEWH0X_22multiversx_sc_scenario3api7impl_vh12vm_hooks_api10VMHooksApiNtNtB3I_9debug_api15DebugApiBackendEEINtNtNtNtB2y_13contract_base8wrappers10serializer21ExitCodecErrorHandlerB3D_EECsbSeQquGUR4T_5tests
FN:136,_RINvXs1a_CshHluQ5WovEN_14common_structsNtB7_16EModeAssetConfigNtNtNtCsj1m2RfQUXvB_19multiversx_sc_codec6single6top_en9TopEncode24top_encode_or_handle_errQINtNtNtNtNtCsiu69tKcHrj_13multiversx_sc5types7managed5basic14managed_buffer13ManagedBufferINtNtNtNtCsaT8J8gEWH0X_22multiversx_sc_scenario3api7impl_vh12vm_hooks_api10VMHooksApiNtNtB3Z_9debug_api15DebugApiBackendEEINtNtNtNtB2D_13contract_base8wrappers10serializer21ExitCodecErrorHandlerB3U_EECsbSeQquGUR4T_5tests
FN:136,_RINvXs1b_CshHluQ5WovEN_14common_structsNtB7_16EModeAssetConfigNtNtNtCsj1m2RfQUXvB_19multiversx_sc_codec6single6top_de9TopDecode24top_decode_or_handle_errINtNtNtCsiu69tKcHrj_13multiversx_sc2io12arg_de_input14ArgDecodeInputINtNtNtNtCsaT8J8gEWH0X_22multiversx_sc_scenario3api7impl_vh12vm_hooks_api10VMHooksApiNtNtB3C_9debug_api15DebugApiBackendEEINtNtB2w_17arg_error_handler15ArgErrorHandlerB3x_EECsbSeQquGUR4T_5tests
FN:136,_RINvXs1b_CshHluQ5WovEN_14common_structsNtB7_16EModeAssetConfigNtNtNtCsj1m2RfQUXvB_19multiversx_sc_codec6single6top_de9TopDecode24top_decode_or_handle_errINtNtNtCsiu69tKcHrj_13multiversx_sc7storage11storage_get15StorageGetInputINtNtNtNtCsaT8J8gEWH0X_22multiversx_sc_scenario3api7impl_vh12vm_hooks_api10VMHooksApiNtNtB3H_9debug_api15DebugApiBackendEEINtB2u_22StorageGetErrorHandlerB3C_EECsbSeQquGUR4T_5tests
FN:126,_RINvXs1i_CshHluQ5WovEN_14common_structsINtB7_13EModeCategoryINtNtNtNtCsaT8J8gEWH0X_22multiversx_sc_scenario3api7impl_vh12vm_hooks_api10VMHooksApiNtNtB11_9debug_api15DebugApiBackendEENtNtNtCsj1m2RfQUXvB_19multiversx_sc_codec6single6top_en9TopEncode24top_encode_or_handle_errINtNtNtCsiu69tKcHrj_13multiversx_sc2io6finish16ApiOutputAdapterBW_EINtNtNtNtB4u_13contract_base8wrappers10serializer21ExitCodecErrorHandlerBW_EECsbSeQquGUR4T_5tests
FN:126,_RINvXs1i_CshHluQ5WovEN_14common_structsINtB7_13EModeCategoryINtNtNtNtCsaT8J8gEWH0X_22multiversx_sc_scenario3api7impl_vh12vm_hooks_api10VMHooksApiNtNtB11_9debug_api15DebugApiBackendEENtNtNtCsj1m2RfQUXvB_19multiversx_sc_codec6single6top_en9TopEncode24top_encode_or_handle_errINtNtNtCsiu69tKcHrj_13multiversx_sc7storage11storage_set16StorageSetOutputBW_EINtNtNtNtB4u_13contract_base8wrappers10serializer21ExitCodecErrorHandlerBW_EECsbSeQquGUR4T_5tests
FN:126,_RINvXs1i_CshHluQ5WovEN_14common_structsINtB7_13EModeCategoryINtNtNtNtCsaT8J8gEWH0X_22multiversx_sc_scenario3api7impl_vh12vm_hooks_api10VMHooksApiNtNtB11_9debug_api15DebugApiBackendEENtNtNtCsj1m2RfQUXvB_19multiversx_sc_codec6single6top_en9TopEncode24top_encode_or_handle_errQINtNtNtNtNtCsiu69tKcHrj_13multiversx_sc5types7managed5basic14managed_buffer13ManagedBufferBW_EINtNtNtNtB4z_13contract_base8wrappers10serializer21ExitCodecErrorHandlerBW_EECsbSeQquGUR4T_5tests
FN:126,_RINvXs1j_CshHluQ5WovEN_14common_structsINtB7_13EModeCategoryINtNtNtNtCsaT8J8gEWH0X_22multiversx_sc_scenario3api7impl_vh12vm_hooks_api10VMHooksApiNtNtB11_9debug_api15DebugApiBackendEENtNtNtCsj1m2RfQUXvB_19multiversx_sc_codec6single6top_de9TopDecode24top_decode_or_handle_errINtNtNtCsiu69tKcHrj_13multiversx_sc2io12arg_de_input14ArgDecodeInputBW_EINtNtB4s_17arg_error_handler15ArgErrorHandlerBW_EECsbSeQquGUR4T_5tests
FN:126,_RINvXs1j_CshHluQ5WovEN_14common_structsINtB7_13EModeCategoryINtNtNtNtCsaT8J8gEWH0X_22multiversx_sc_scenario3api7impl_vh12vm_hooks_api10VMHooksApiNtNtB11_9debug_api15DebugApiBackendEENtNtNtCsj1m2RfQUXvB_19multiversx_sc_codec6single6top_de9TopDecode24top_decode_or_handle_errINtNtNtCsiu69tKcHrj_13multiversx_sc7storage11storage_get15StorageGetInputBW_EINtB4q_22StorageGetErrorHandlerBW_EECsbSeQquGUR4T_5tests
FN:126,_RINvXs1k_CshHluQ5WovEN_14common_structsINtB7_13EModeCategoryINtNtNtNtCsaT8J8gEWH0X_22multiversx_sc_scenario3api7impl_vh12vm_hooks_api10VMHooksApiNtNtB11_10static_api16StaticApiBackendEENtNtNtCsj1m2RfQUXvB_19multiversx_sc_codec6single9nested_en12NestedEncode24dep_encode_or_handle_errINtNtNtNtNtCsiu69tKcHrj_13multiversx_sc5types7managed5basic14managed_buffer13ManagedBufferBW_EINtNtNtNtB4I_13contract_base8wrappers10serializer21ExitCodecErrorHandlerBW_EECsbSeQquGUR4T_5tests
FN:126,_RINvXs1l_CshHluQ5WovEN_14common_structsINtB7_13EModeCategoryINtNtNtNtCsaT8J8gEWH0X_22multiversx_sc_scenario3api7impl_vh12vm_hooks_api10VMHooksApiNtNtB11_9debug_api15DebugApiBackendEENtNtNtCsj1m2RfQUXvB_19multiversx_sc_codec6single9nested_de12NestedDecode24dep_decode_or_handle_errINtNtNtNtNtCsiu69tKcHrj_13multiversx_sc5types7managed10codec_util30managed_buffer_nested_de_input30ManagedBufferNestedDecodeInputBW_EINtNtNtB4F_2io17arg_error_handler15ArgErrorHandlerBW_EECsbSeQquGUR4T_5tests
FN:117,_RINvXs1s_CshHluQ5WovEN_14common_structsINtB7_23AssetExtendedConfigViewINtNtNtNtCsaT8J8gEWH0X_22multiversx_sc_scenario3api7impl_vh12vm_hooks_api10VMHooksApiNtNtB1b_9debug_api15DebugApiBackendEENtNtNtCsj1m2RfQUXvB_19multiversx_sc_codec6single9nested_en12NestedEncode24dep_encode_or_handle_errINtNtNtNtNtNtCsiu69tKcHrj_13multiversx_sc5types7managed7wrapped7builder22managed_buffer_builder20ManagedBufferBuilderB16_EINtNtNtNtB4R_13contract_base8wrappers10serializer21ExitCodecErrorHandlerB16_EECsbSeQquGUR4T_5tests
FN:82,_RINvXs1y_CshHluQ5WovEN_14common_structsINtB7_11AssetConfigINtNtNtNtCsaT8J8gEWH0X_22multiversx_sc_scenario3api7impl_vh12vm_hooks_api10VMHooksApiNtNtBZ_10static_api16StaticApiBackendEENtNtNtCsj1m2RfQUXvB_19multiversx_sc_codec6single6top_en9TopEncode24top_encode_or_handle_errQINtNtNtNtNtCsiu69tKcHrj_13multiversx_sc5types7managed5basic14managed_buffer13ManagedBufferBU_EINtNtNtNtB4z_13contract_base8wrappers10serializer21ExitCodecErrorHandlerBU_EECsbSeQquGUR4T_5tests
FN:82,_RINvXs1y_CshHluQ5WovEN_14common_structsINtB7_11AssetConfigINtNtNtNtCsaT8J8gEWH0X_22multiversx_sc_scenario3api7impl_vh12vm_hooks_api10VMHooksApiNtNtBZ_9debug_api15DebugApiBackendEENtNtNtCsj1m2RfQUXvB_19multiversx_sc_codec6single6top_en9TopEncode24top_encode_or_handle_errINtNtNtCsiu69tKcHrj_13multiversx_sc2io6finish16ApiOutputAdapterBU_EINtNtNtNtB4r_13contract_base8wrappers10serializer21ExitCodecErrorHandlerBU_EECsbSeQquGUR4T_5tests
FN:82,_RINvXs1y_CshHluQ5WovEN_14common_structsINtB7_11AssetConfigINtNtNtNtCsaT8J8gEWH0X_22multiversx_sc_scenario3api7impl_vh12vm_hooks_api10VMHooksApiNtNtBZ_9debug_api15DebugApiBackendEENtNtNtCsj1m2RfQUXvB_19multiversx_sc_codec6single6top_en9TopEncode24top_encode_or_handle_errINtNtNtCsiu69tKcHrj_13multiversx_sc7storage11storage_set16StorageSetOutputBU_EINtNtNtNtB4r_13contract_base8wrappers10serializer21ExitCodecErrorHandlerBU_EECsbSeQquGUR4T_5tests
FN:82,_RINvXs1y_CshHluQ5WovEN_14common_structsINtB7_11AssetConfigINtNtNtNtCsaT8J8gEWH0X_22multiversx_sc_scenario3api7impl_vh12vm_hooks_api10VMHooksApiNtNtBZ_9debug_api15DebugApiBackendEENtNtNtCsj1m2RfQUXvB_19multiversx_sc_codec6single6top_en9TopEncode24top_encode_or_handle_errQINtNtNtNtNtCsiu69tKcHrj_13multiversx_sc5types7managed5basic14managed_buffer13ManagedBufferBU_EINtNtNtNtB4w_13contract_base8wrappers10serializer21ExitCodecErrorHandlerBU_EECsbSeQquGUR4T_5tests
FN:82,_RINvXs1z_CshHluQ5WovEN_14common_structsINtB7_11AssetConfigINtNtNtNtCsaT8J8gEWH0X_22multiversx_sc_scenario3api7impl_vh12vm_hooks_api10VMHooksApiNtNtBZ_9debug_api15DebugApiBackendEENtNtNtCsj1m2RfQUXvB_19multiversx_sc_codec6single6top_de9TopDecode24top_decode_or_handle_errINtNtNtCsiu69tKcHrj_13multiversx_sc2io12arg_de_input14ArgDecodeInputBU_EINtNtB4p_17arg_error_handler15ArgErrorHandlerBU_EECsbSeQquGUR4T_5tests
FN:82,_RINvXs1z_CshHluQ5WovEN_14common_structsINtB7_11AssetConfigINtNtNtNtCsaT8J8gEWH0X_22multiversx_sc_scenario3api7impl_vh12vm_hooks_api10VMHooksApiNtNtBZ_9debug_api15DebugApiBackendEENtNtNtCsj1m2RfQUXvB_19multiversx_sc_codec6single6top_de9TopDecode24top_decode_or_handle_errINtNtNtCsiu69tKcHrj_13multiversx_sc7storage11storage_get15StorageGetInputBU_EINtB4n_22StorageGetErrorHandlerBU_EECsbSeQquGUR4T_5tests
FN:7,_RINvXs21_CshHluQ5WovEN_14common_structsINtB7_10PoolParamsINtNtNtNtCsaT8J8gEWH0X_22multiversx_sc_scenario3api7impl_vh12vm_hooks_api10VMHooksApiNtNtBY_9debug_api15DebugApiBackendEENtNtNtCsj1m2RfQUXvB_19multiversx_sc_codec6single6top_en9TopEncode24top_encode_or_handle_errINtNtNtCsiu69tKcHrj_13multiversx_sc2io6finish16ApiOutputAdapterBT_EINtNtNtNtB4q_13contract_base8wrappers10serializer21ExitCodecErrorHandlerBT_EECsbSeQquGUR4T_5tests
FN:7,_RINvXs21_CshHluQ5WovEN_14common_structsINtB7_10PoolParamsINtNtNtNtCsaT8J8gEWH0X_22multiversx_sc_scenario3api7impl_vh12vm_hooks_api10VMHooksApiNtNtBY_9debug_api15DebugApiBackendEENtNtNtCsj1m2RfQUXvB_19multiversx_sc_codec6single6top_en9TopEncode24top_encode_or_handle_errINtNtNtCsiu69tKcHrj_13multiversx_sc7storage11storage_set16StorageSetOutputBT_EINtNtNtNtB4q_13contract_base8wrappers10serializer21ExitCodecErrorHandlerBT_EECsbSeQquGUR4T_5tests
FN:7,_RINvXs22_CshHluQ5WovEN_14common_structsINtB7_10PoolParamsINtNtNtNtCsaT8J8gEWH0X_22multiversx_sc_scenario3api7impl_vh12vm_hooks_api10VMHooksApiNtNtBY_9debug_api15DebugApiBackendEENtNtNtCsj1m2RfQUXvB_19multiversx_sc_codec6single6top_de9TopDecode24top_decode_or_handle_errINtNtNtCsiu69tKcHrj_13multiversx_sc7storage11storage_get15StorageGetInputBT_EINtB4m_22StorageGetErrorHandlerBT_EECsbSeQquGUR4T_5tests
FN:209,_RINvXs5_CshHluQ5WovEN_14common_structsINtB6_22OraclePriceFluctuationINtNtNtNtCsaT8J8gEWH0X_22multiversx_sc_scenario3api7impl_vh12vm_hooks_api10VMHooksApiNtNtB19_9debug_api15DebugApiBackendEENtNtNtCsj1m2RfQUXvB_19multiversx_sc_codec6single9nested_en12NestedEncode24dep_encode_or_handle_errINtNtNtNtNtNtCsiu69tKcHrj_13multiversx_sc5types7managed7wrapped7builder22managed_buffer_builder20ManagedBufferBuilderB14_EINtNtNtNtB4P_13contract_base8wrappers10serializer21ExitCodecErrorHandlerB14_EECsbSeQquGUR4T_5tests
FN:209,_RINvXs6_CshHluQ5WovEN_14common_structsINtB6_22OraclePriceFluctuationINtNtNtNtCsaT8J8gEWH0X_22multiversx_sc_scenario3api7impl_vh12vm_hooks_api10VMHooksApiNtNtB19_9debug_api15DebugApiBackendEENtNtNtCsj1m2RfQUXvB_19multiversx_sc_codec6single9nested_de12NestedDecode24dep_decode_or_handle_errINtNtNtNtNtCsiu69tKcHrj_13multiversx_sc5types7managed10codec_util30managed_buffer_nested_de_input30ManagedBufferNestedDecodeInputB14_EINtNtNtB4N_7storage11storage_get22StorageGetErrorHandlerB14_EECsbSeQquGUR4T_5tests
FN:164,_RINvXsE_CshHluQ5WovEN_14common_structsNtB6_10OracleTypeNtNtNtCsj1m2RfQUXvB_19multiversx_sc_codec6single9nested_en12NestedEncode24dep_encode_or_handle_errINtNtNtNtNtNtCsiu69tKcHrj_13multiversx_sc5types7managed7wrapped7builder22managed_buffer_builder20ManagedBufferBuilderINtNtNtNtCsaT8J8gEWH0X_22multiversx_sc_scenario3api7impl_vh12vm_hooks_api10VMHooksApiNtNtB4p_9debug_api15DebugApiBackendEEINtNtNtNtB2E_13contract_base8wrappers10serializer21ExitCodecErrorHandlerB4k_EECsbSeQquGUR4T_5tests
FN:164,_RINvXsF_CshHluQ5WovEN_14common_structsNtB6_10OracleTypeNtNtNtCsj1m2RfQUXvB_19multiversx_sc_codec6single9nested_de12NestedDecode24dep_decode_or_handle_errINtNtNtNtNtCsiu69tKcHrj_13multiversx_sc5types7managed10codec_util30managed_buffer_nested_de_input30ManagedBufferNestedDecodeInputINtNtNtNtCsaT8J8gEWH0X_22multiversx_sc_scenario3api7impl_vh12vm_hooks_api10VMHooksApiNtNtB4B_9debug_api15DebugApiBackendEEINtNtNtB2C_7storage11storage_get22StorageGetErrorHandlerB4w_EECsbSeQquGUR4T_5tests
FN:164,_RINvXsG_CshHluQ5WovEN_14common_structsNtB6_10OracleTypeNtNtNtCsj1m2RfQUXvB_19multiversx_sc_codec6single6top_en9TopEncode24top_encode_or_handle_errQINtNtNtNtNtCsiu69tKcHrj_13multiversx_sc5types7managed5basic14managed_buffer13ManagedBufferINtNtNtNtCsaT8J8gEWH0X_22multiversx_sc_scenario3api7impl_vh12vm_hooks_api10VMHooksApiNtNtB3S_10static_api16StaticApiBackendEEINtNtNtNtB2w_13contract_base8wrappers10serializer21ExitCodecErrorHandlerB3N_EECsbSeQquGUR4T_5tests
FN:164,_RINvXsH_CshHluQ5WovEN_14common_structsNtB6_10OracleTypeNtNtNtCsj1m2RfQUXvB_19multiversx_sc_codec6single6top_de9TopDecode24top_decode_or_handle_errINtNtNtCsiu69tKcHrj_13multiversx_sc2io12arg_de_input14ArgDecodeInputINtNtNtNtCsaT8J8gEWH0X_22multiversx_sc_scenario3api7impl_vh12vm_hooks_api10VMHooksApiNtNtB3v_9debug_api15DebugApiBackendEEINtNtB2p_17arg_error_handler15ArgErrorHandlerB3q_EECsbSeQquGUR4T_5tests
FN:152,_RINvXsQ_CshHluQ5WovEN_14common_structsNtB6_13PricingMethodNtNtNtCsj1m2RfQUXvB_19multiversx_sc_codec6single9nested_en12NestedEncode24dep_encode_or_handle_errINtNtNtNtNtNtCsiu69tKcHrj_13multiversx_sc5types7managed7wrapped7builder22managed_buffer_builder20ManagedBufferBuilderINtNtNtNtCsaT8J8gEWH0X_22multiversx_sc_scenario3api7impl_vh12vm_hooks_api10VMHooksApiNtNtB4s_9debug_api15DebugApiBackendEEINtNtNtNtB2H_13contract_base8wrappers10serializer21ExitCodecErrorHandlerB4n_EECsbSeQquGUR4T_5tests
FN:152,_RINvXsR_CshHluQ5WovEN_14common_structsNtB6_13PricingMethodNtNtNtCsj1m2RfQUXvB_19multiversx_sc_codec6single9nested_de12NestedDecode24dep_decode_or_handle_errINtNtNtNtNtCsiu69tKcHrj_13multiversx_sc5types7managed10codec_util30managed_buffer_nested_de_input30ManagedBufferNestedDecodeInputINtNtNtNtCsaT8J8gEWH0X_22multiversx_sc_scenario3api7impl_vh12vm_hooks_api10VMHooksApiNtNtB4E_9debug_api15DebugApiBackendEEINtNtNtB2F_7storage11storage_get22StorageGetErrorHandlerB4z_EECsbSeQquGUR4T_5tests
FN:152,_RINvXsS_CshHluQ5WovEN_14common_structsNtB6_13PricingMethodNtNtNtCsj1m2RfQUXvB_19multiversx_sc_codec6single6top_en9TopEncode24top_encode_or_handle_errQINtNtNtNtNtCsiu69tKcHrj_13multiversx_sc5types7managed5basic14managed_buffer13ManagedBufferINtNtNtNtCsaT8J8gEWH0X_22multiversx_sc_scenario3api7impl_vh12vm_hooks_api10VMHooksApiNtNtB3V_10static_api16StaticApiBackendEEINtNtNtNtB2z_13contract_base8wrappers10serializer21ExitCodecErrorHandlerB3Q_EECsbSeQquGUR4T_5tests
FN:152,_RINvXsT_CshHluQ5WovEN_14common_structsNtB6_13PricingMethodNtNtNtCsj1m2RfQUXvB_19multiversx_sc_codec6single6top_de9TopDecode24top_decode_or_handle_errINtNtNtCsiu69tKcHrj_13multiversx_sc2io12arg_de_input14ArgDecodeInputINtNtNtNtCsaT8J8gEWH0X_22multiversx_sc_scenario3api7impl_vh12vm_hooks_api10VMHooksApiNtNtB3y_9debug_api15DebugApiBackendEEINtNtB2s_17arg_error_handler15ArgErrorHandlerB3t_EECsbSeQquGUR4T_5tests
FN:199,_RINvXsd_CshHluQ5WovEN_14common_structsINtB6_14PriceFeedShortINtNtNtNtCsaT8J8gEWH0X_22multiversx_sc_scenario3api7impl_vh12vm_hooks_api10VMHooksApiNtNtB11_9debug_api15DebugApiBackendEENtNtNtCsj1m2RfQUXvB_19multiversx_sc_codec6single6top_en9TopEncode24top_encode_or_handle_errINtNtNtCsiu69tKcHrj_13multiversx_sc2io6finish16ApiOutputAdapterBW_EINtNtNtNtB4u_13contract_base8wrappers10serializer21ExitCodecErrorHandlerBW_EECsbSeQquGUR4T_5tests
FN:186,_RINvXsk_CshHluQ5WovEN_14common_structsINtB6_14OracleProviderINtNtNtNtCsaT8J8gEWH0X_22multiversx_sc_scenario3api7impl_vh12vm_hooks_api10VMHooksApiNtNtB11_9debug_api15DebugApiBackendEENtNtNtCsj1m2RfQUXvB_19multiversx_sc_codec6single6top_en9TopEncode24top_encode_or_handle_errINtNtNtCsiu69tKcHrj_13multiversx_sc2io6finish16ApiOutputAdapterBW_EINtNtNtNtB4u_13contract_base8wrappers10serializer21ExitCodecErrorHandlerBW_EECsbSeQquGUR4T_5tests
FN:186,_RINvXsk_CshHluQ5WovEN_14common_structsINtB6_14OracleProviderINtNtNtNtCsaT8J8gEWH0X_22multiversx_sc_scenario3api7impl_vh12vm_hooks_api10VMHooksApiNtNtB11_9debug_api15DebugApiBackendEENtNtNtCsj1m2RfQUXvB_19multiversx_sc_codec6single6top_en9TopEncode24top_encode_or_handle_errINtNtNtCsiu69tKcHrj_13multiversx_sc7storage11storage_set16StorageSetOutputBW_EINtNtNtNtB4u_13contract_base8wrappers10serializer21ExitCodecErrorHandlerBW_EECsbSeQquGUR4T_5tests
FN:186,_RINvXsl_CshHluQ5WovEN_14common_structsINtB6_14OracleProviderINtNtNtNtCsaT8J8gEWH0X_22multiversx_sc_scenario3api7impl_vh12vm_hooks_api10VMHooksApiNtNtB11_9debug_api15DebugApiBackendEENtNtNtCsj1m2RfQUXvB_19multiversx_sc_codec6single6top_de9TopDecode24top_decode_or_handle_errINtNtNtCsiu69tKcHrj_13multiversx_sc7storage11storage_get15StorageGetInputBW_EINtB4q_22StorageGetErrorHandlerBW_EECsbSeQquGUR4T_5tests
FN:175,_RINvXss_CshHluQ5WovEN_14common_structsNtB6_14ExchangeSourceNtNtNtCsj1m2RfQUXvB_19multiversx_sc_codec6single9nested_en12NestedEncode24dep_encode_or_handle_errINtNtNtNtNtNtCsiu69tKcHrj_13multiversx_sc5types7managed7wrapped7builder22managed_buffer_builder20ManagedBufferBuilderINtNtNtNtCsaT8J8gEWH0X_22multiversx_sc_scenario3api7impl_vh12vm_hooks_api10VMHooksApiNtNtB4t_9debug_api15DebugApiBackendEEINtNtNtNtB2I_13contract_base8wrappers10serializer21ExitCodecErrorHandlerB4o_EECsbSeQquGUR4T_5tests
FN:175,_RINvXst_CshHluQ5WovEN_14common_structsNtB6_14ExchangeSourceNtNtNtCsj1m2RfQUXvB_19multiversx_sc_codec6single9nested_de12NestedDecode24dep_decode_or_handle_errINtNtNtNtNtCsiu69tKcHrj_13multiversx_sc5types7managed10codec_util30managed_buffer_nested_de_input30ManagedBufferNestedDecodeInputINtNtNtNtCsaT8J8gEWH0X_22multiversx_sc_scenario3api7impl_vh12vm_hooks_api10VMHooksApiNtNtB4F_9debug_api15DebugApiBackendEEINtNtNtB2G_7storage11storage_get22StorageGetErrorHandlerB4A_EECsbSeQquGUR4T_5tests
FN:175,_RINvXsu_CshHluQ5WovEN_14common_structsNtB6_14ExchangeSourceNtNtNtCsj1m2RfQUXvB_19multiversx_sc_codec6single6top_en9TopEncode24top_encode_or_handle_errQINtNtNtNtNtCsiu69tKcHrj_13multiversx_sc5types7managed5basic14managed_buffer13ManagedBufferINtNtNtNtCsaT8J8gEWH0X_22multiversx_sc_scenario3api7impl_vh12vm_hooks_api10VMHooksApiNtNtB3W_10static_api16StaticApiBackendEEINtNtNtNtB2A_13contract_base8wrappers10serializer21ExitCodecErrorHandlerB3R_EECsbSeQquGUR4T_5tests
FN:175,_RINvXsv_CshHluQ5WovEN_14common_structsNtB6_14ExchangeSourceNtNtNtCsj1m2RfQUXvB_19multiversx_sc_codec6single6top_de9TopDecode24top_decode_or_handle_errINtNtNtCsiu69tKcHrj_13multiversx_sc2io12arg_de_input14ArgDecodeInputINtNtNtNtCsaT8J8gEWH0X_22multiversx_sc_scenario3api7impl_vh12vm_hooks_api10VMHooksApiNtNtB3z_9debug_api15DebugApiBackendEEINtNtB2t_17arg_error_handler15ArgErrorHandlerB3u_EECsbSeQquGUR4T_5tests
FN:76,_RNvMCshHluQ5WovEN_14common_structsINtB2_15AccountPositionINtNtNtNtCsaT8J8gEWH0X_22multiversx_sc_scenario3api7impl_vh12vm_hooks_api10VMHooksApiNtNtBY_9debug_api15DebugApiBackendEE16get_total_amountCsbSeQquGUR4T_5tests
FN:46,_RNvMCshHluQ5WovEN_14common_structsINtB2_15AccountPositionINtNtNtNtCsaT8J8gEWH0X_22multiversx_sc_scenario3api7impl_vh12vm_hooks_api10VMHooksApiNtNtBY_9debug_api15DebugApiBackendEE3newCsbSeQquGUR4T_5tests
FN:29,_RNvXs1G_CshHluQ5WovEN_14common_structsINtB6_15AccountPositionINtNtNtNtCsaT8J8gEWH0X_22multiversx_sc_scenario3api7impl_vh12vm_hooks_api10VMHooksApiNtNtB12_9debug_api15DebugApiBackendEENtNtNtNtNtCsiu69tKcHrj_13multiversx_sc5types7managed7wrapped16managed_vec_item14ManagedVecItem15save_to_payloadCsbSeQquGUR4T_5tests
FN:29,_RNvXs1G_CshHluQ5WovEN_14common_structsINtB6_15AccountPositionINtNtNtNtCsaT8J8gEWH0X_22multiversx_sc_scenario3api7impl_vh12vm_hooks_api10VMHooksApiNtNtB12_9debug_api15DebugApiBackendEENtNtNtNtNtCsiu69tKcHrj_13multiversx_sc5types7managed7wrapped16managed_vec_item14ManagedVecItem17read_from_payloadCsbSeQquGUR4T_5tests
FN:29,_RNvXs1G_CshHluQ5WovEN_14common_structsINtB6_15AccountPositionINtNtNtNtCsaT8J8gEWH0X_22multiversx_sc_scenario3api7impl_vh12vm_hooks_api10VMHooksApiNtNtB12_9debug_api15DebugApiBackendEENtNtNtNtNtCsiu69tKcHrj_13multiversx_sc5types7managed7wrapped16managed_vec_item14ManagedVecItem19borrow_from_payloadCsbSeQquGUR4T_5tests
FN:117,_RNvXs1p_CshHluQ5WovEN_14common_structsINtB6_23AssetExtendedConfigViewINtNtNtNtCsaT8J8gEWH0X_22multiversx_sc_scenario3api7impl_vh12vm_hooks_api10VMHooksApiNtNtB1a_9debug_api15DebugApiBackendEENtNtNtNtNtCsiu69tKcHrj_13multiversx_sc5types7managed7wrapped16managed_vec_item14ManagedVecItem15save_to_payloadCsbSeQquGUR4T_5tests
FN:117,_RNvXs1p_CshHluQ5WovEN_14common_structsINtB6_23AssetExtendedConfigViewINtNtNtNtCsaT8J8gEWH0X_22multiversx_sc_scenario3api7impl_vh12vm_hooks_api10VMHooksApiNtNtB1a_9debug_api15DebugApiBackendEENtNtNtNtNtCsiu69tKcHrj_13multiversx_sc5types7managed7wrapped16managed_vec_item14ManagedVecItem17read_from_payloadCsbSeQquGUR4T_5tests
FN:117,_RNvXs1p_CshHluQ5WovEN_14common_structsINtB6_23AssetExtendedConfigViewINtNtNtNtCsaT8J8gEWH0X_22multiversx_sc_scenario3api7impl_vh12vm_hooks_api10VMHooksApiNtNtB1a_9debug_api15DebugApiBackendEENtNtNtNtNtCsiu69tKcHrj_13multiversx_sc5types7managed7wrapped16managed_vec_item14ManagedVecItem19borrow_from_payloadCsbSeQquGUR4T_5tests
FN:82,_RNvXs1x_CshHluQ5WovEN_14common_structsINtB6_11AssetConfigINtNtNtNtCsaT8J8gEWH0X_22multiversx_sc_scenario3api7impl_vh12vm_hooks_api10VMHooksApiNtNtBY_9debug_api15DebugApiBackendEENtNtNtNtNtCsiu69tKcHrj_13multiversx_sc5types7managed7wrapped16managed_vec_item14ManagedVecItem15save_to_payloadCsbSeQquGUR4T_5tests
FN:82,_RNvXs1x_CshHluQ5WovEN_14common_structsINtB6_11AssetConfigINtNtNtNtCsaT8J8gEWH0X_22multiversx_sc_scenario3api7impl_vh12vm_hooks_api10VMHooksApiNtNtBY_9debug_api15DebugApiBackendEENtNtNtNtNtCsiu69tKcHrj_13multiversx_sc5types7managed7wrapped16managed_vec_item14ManagedVecItem17read_from_payloadCsbSeQquGUR4T_5tests
FN:199,_RNvXsa_CshHluQ5WovEN_14common_structsINtB5_14PriceFeedShortINtNtNtNtCsaT8J8gEWH0X_22multiversx_sc_scenario3api7impl_vh12vm_hooks_api10VMHooksApiNtNtB10_9debug_api15DebugApiBackendEENtNtNtNtNtCsiu69tKcHrj_13multiversx_sc5types7managed7wrapped16managed_vec_item14ManagedVecItem15save_to_payloadCsbSeQquGUR4T_5tests
FN:199,_RNvXsa_CshHluQ5WovEN_14common_structsINtB5_14PriceFeedShortINtNtNtNtCsaT8J8gEWH0X_22multiversx_sc_scenario3api7impl_vh12vm_hooks_api10VMHooksApiNtNtB10_9debug_api15DebugApiBackendEENtNtNtNtNtCsiu69tKcHrj_13multiversx_sc5types7managed7wrapped16managed_vec_item14ManagedVecItem17read_from_payloadCsbSeQquGUR4T_5tests
FN:173,_RNvXsq_CshHluQ5WovEN_14common_structsNtB5_14ExchangeSourceNtNtNtCsiu69tKcHrj_13multiversx_sc3abi8type_abi7TypeAbi9type_name
FN:175,_RNvXsr_CshHluQ5WovEN_14common_structsNtB5_14ExchangeSourceNtNtNtNtNtCsiu69tKcHrj_13multiversx_sc5types7managed7wrapped16managed_vec_item14ManagedVecItem17read_from_payload
FN:175,_RNvXsr_CshHluQ5WovEN_14common_structsNtB5_14ExchangeSourceNtNtNtNtNtCsiu69tKcHrj_13multiversx_sc5types7managed7wrapped16managed_vec_item14ManagedVecItem19borrow_from_payload
FN:175,_RNvXsr_CshHluQ5WovEN_14common_structsNtB5_14ExchangeSourceNtNtNtNtNtCsiu69tKcHrj_13multiversx_sc5types7managed7wrapped16managed_vec_item14ManagedVecItem15save_to_payload
FN:162,_RNvXsC_CshHluQ5WovEN_14common_structsNtB5_10OracleTypeNtNtNtCsiu69tKcHrj_13multiversx_sc3abi8type_abi7TypeAbi9type_name
FN:164,_RNvXsD_CshHluQ5WovEN_14common_structsNtB5_10OracleTypeNtNtNtNtNtCsiu69tKcHrj_13multiversx_sc5types7managed7wrapped16managed_vec_item14ManagedVecItem17read_from_payload
FN:164,_RNvXsD_CshHluQ5WovEN_14common_structsNtB5_10OracleTypeNtNtNtNtNtCsiu69tKcHrj_13multiversx_sc5types7managed7wrapped16managed_vec_item14ManagedVecItem19borrow_from_payload
FN:164,_RNvXsD_CshHluQ5WovEN_14common_structsNtB5_10OracleTypeNtNtNtNtNtCsiu69tKcHrj_13multiversx_sc5types7managed7wrapped16managed_vec_item14ManagedVecItem15save_to_payload
FN:150,_RNvXsO_CshHluQ5WovEN_14common_structsNtB5_13PricingMethodNtNtNtCsiu69tKcHrj_13multiversx_sc3abi8type_abi7TypeAbi9type_name
FN:152,_RNvXsP_CshHluQ5WovEN_14common_structsNtB5_13PricingMethodNtNtNtNtNtCsiu69tKcHrj_13multiversx_sc5types7managed7wrapped16managed_vec_item14ManagedVecItem17read_from_payload
FN:152,_RNvXsP_CshHluQ5WovEN_14common_structsNtB5_13PricingMethodNtNtNtNtNtCsiu69tKcHrj_13multiversx_sc5types7managed7wrapped16managed_vec_item14ManagedVecItem19borrow_from_payload
FN:152,_RNvXsP_CshHluQ5WovEN_14common_structsNtB5_13PricingMethodNtNtNtNtNtCsiu69tKcHrj_13multiversx_sc5types7managed7wrapped16managed_vec_item14ManagedVecItem15save_to_payload
FN:142,_RNvXs10_CshHluQ5WovEN_14common_structsNtB6_20NftAccountAttributesNtNtNtCsiu69tKcHrj_13multiversx_sc3abi8type_abi7TypeAbi9type_name
FN:135,_RNvXs18_CshHluQ5WovEN_14common_structsNtB6_16EModeAssetConfigNtNtNtCsiu69tKcHrj_13multiversx_sc3abi8type_abi7TypeAbi9type_name
FN:136,_RNvXs19_CshHluQ5WovEN_14common_structsNtB6_16EModeAssetConfigNtNtNtNtNtCsiu69tKcHrj_13multiversx_sc5types7managed7wrapped16managed_vec_item14ManagedVecItem17read_from_payload
FN:136,_RNvXs19_CshHluQ5WovEN_14common_structsNtB6_16EModeAssetConfigNtNtNtNtNtCsiu69tKcHrj_13multiversx_sc5types7managed7wrapped16managed_vec_item14ManagedVecItem19borrow_from_payload
FN:136,_RNvXs19_CshHluQ5WovEN_14common_structsNtB6_16EModeAssetConfigNtNtNtNtNtCsiu69tKcHrj_13multiversx_sc5types7managed7wrapped16managed_vec_item14ManagedVecItem15save_to_payload
FN:18,_RNvXs1O_CshHluQ5WovEN_14common_structsNtB6_19AccountPositionTypeNtNtNtCsiu69tKcHrj_13multiversx_sc3abi8type_abi7TypeAbi9type_name
FN:20,_RNvXs1P_CshHluQ5WovEN_14common_structsNtB6_19AccountPositionTypeNtNtNtNtNtCsiu69tKcHrj_13multiversx_sc5types7managed7wrapped16managed_vec_item14ManagedVecItem17read_from_payload
FN:20,_RNvXs1P_CshHluQ5WovEN_14common_structsNtB6_19AccountPositionTypeNtNtNtNtNtCsiu69tKcHrj_13multiversx_sc5types7managed7wrapped16managed_vec_item14ManagedVecItem19borrow_from_payload
FN:20,_RNvXs1P_CshHluQ5WovEN_14common_structsNtB6_19AccountPositionTypeNtNtNtNtNtCsiu69tKcHrj_13multiversx_sc5types7managed7wrapped16managed_vec_item14ManagedVecItem15save_to_payload
FN:7,_RINvXINICshHluQ5WovEN_14common_structss21_0pEINtB6_10PoolParamspENtNtNtCsj1m2RfQUXvB_19multiversx_sc_codec6single6top_en9TopEncode24top_encode_or_handle_errppEB6_
FN:7,_RINvXINICshHluQ5WovEN_14common_structss22_0pEINtB6_10PoolParamspENtNtNtCsj1m2RfQUXvB_19multiversx_sc_codec6single6top_de9TopDecode24top_decode_or_handle_errppEB6_
FN:6,_RNvXINICshHluQ5WovEN_14common_structss20_0pEINtB5_10PoolParamspENtNtNtCsiu69tKcHrj_13multiversx_sc3abi8type_abi7TypeAbi9type_nameB5_
FN:6,_RINvXINICshHluQ5WovEN_14common_structss20_0pEINtB6_10PoolParamspENtNtNtCsiu69tKcHrj_13multiversx_sc3abi8type_abi7TypeAbi25provide_type_descriptionspEB6_
FN:20,_RINvXs1Q_CshHluQ5WovEN_14common_structsNtB7_19AccountPositionTypeNtNtNtCsj1m2RfQUXvB_19multiversx_sc_codec6single9nested_en12NestedEncode24dep_encode_or_handle_errppEB7_
FN:20,_RINvXs1R_CshHluQ5WovEN_14common_structsNtB7_19AccountPositionTypeNtNtNtCsj1m2RfQUXvB_19multiversx_sc_codec6single9nested_de12NestedDecode24dep_decode_or_handle_errppEB7_
FN:20,_RINvXs1S_CshHluQ5WovEN_14common_structsNtB7_19AccountPositionTypeNtNtNtCsj1m2RfQUXvB_19multiversx_sc_codec6single6top_en9TopEncode24top_encode_or_handle_errppEB7_
FN:20,_RINvXs1T_CshHluQ5WovEN_14common_structsNtB7_19AccountPositionTypeNtNtNtCsj1m2RfQUXvB_19multiversx_sc_codec6single6top_de9TopDecode24top_decode_or_handle_errppEB7_
FN:18,_RINvXs1O_CshHluQ5WovEN_14common_structsNtB7_19AccountPositionTypeNtNtNtCsiu69tKcHrj_13multiversx_sc3abi8type_abi7TypeAbi25provide_type_descriptionspEB7_
FN:29,_RNvXINICshHluQ5WovEN_14common_structss1G_0pEINtB5_15AccountPositionpENtNtNtNtNtCsiu69tKcHrj_13multiversx_sc5types7managed7wrapped16managed_vec_item14ManagedVecItem17read_from_payloadB5_
FN:29,_RNvXINICshHluQ5WovEN_14common_structss1G_0pEINtB5_15AccountPositionpENtNtNtNtNtCsiu69tKcHrj_13multiversx_sc5types7managed7wrapped16managed_vec_item14ManagedVecItem19borrow_from_payloadB5_
FN:29,_RNvXINICshHluQ5WovEN_14common_structss1G_0pEINtB5_15AccountPositionpENtNtNtNtNtCsiu69tKcHrj_13multiversx_sc5types7managed7wrapped16managed_vec_item14ManagedVecItem15save_to_payloadB5_
FN:29,_RINvXINICshHluQ5WovEN_14common_structss1H_0pEINtB6_15AccountPositionpENtNtNtCsj1m2RfQUXvB_19multiversx_sc_codec6single9nested_en12NestedEncode24dep_encode_or_handle_errppEB6_
FN:29,_RINvXINICshHluQ5WovEN_14common_structss1I_0pEINtB6_15AccountPositionpENtNtNtCsj1m2RfQUXvB_19multiversx_sc_codec6single9nested_de12NestedDecode24dep_decode_or_handle_errppEB6_
FN:29,_RINvXINICshHluQ5WovEN_14common_structss1J_0pEINtB6_15AccountPositionpENtNtNtCsj1m2RfQUXvB_19multiversx_sc_codec6single6top_en9TopEncode24top_encode_or_handle_errppEB6_
FN:29,_RINvXINICshHluQ5WovEN_14common_structss1K_0pEINtB6_15AccountPositionpENtNtNtCsj1m2RfQUXvB_19multiversx_sc_codec6single6top_de9TopDecode24top_decode_or_handle_errppEB6_
FN:28,_RNvXINICshHluQ5WovEN_14common_structss1F_0pEINtB5_15AccountPositionpENtNtNtCsiu69tKcHrj_13multiversx_sc3abi8type_abi7TypeAbi9type_nameB5_
FN:28,_RINvXINICshHluQ5WovEN_14common_structss1F_0pEINtB6_15AccountPositionpENtNtNtCsiu69tKcHrj_13multiversx_sc3abi8type_abi7TypeAbi25provide_type_descriptionspEB6_
FN:46,_RNvMCshHluQ5WovEN_14common_structsINtB2_15AccountPositionpE3newB2_
FN:76,_RNvMCshHluQ5WovEN_14common_structsINtB2_15AccountPositionpE16get_total_amountB2_
FN:82,_RNvXINICshHluQ5WovEN_14common_structss1x_0pEINtB5_11AssetConfigpENtNtNtNtNtCsiu69tKcHrj_13multiversx_sc5types7managed7wrapped16managed_vec_item14ManagedVecItem17read_from_payloadB5_
FN:82,_RNvXINICshHluQ5WovEN_14common_structss1x_0pEINtB5_11AssetConfigpENtNtNtNtNtCsiu69tKcHrj_13multiversx_sc5types7managed7wrapped16managed_vec_item14ManagedVecItem19borrow_from_payloadB5_
FN:82,_RNvXINICshHluQ5WovEN_14common_structss1x_0pEINtB5_11AssetConfigpENtNtNtNtNtCsiu69tKcHrj_13multiversx_sc5types7managed7wrapped16managed_vec_item14ManagedVecItem15save_to_payloadB5_
FN:82,_RINvXINICshHluQ5WovEN_14common_structss1y_0pEINtB6_11AssetConfigpENtNtNtCsj1m2RfQUXvB_19multiversx_sc_codec6single6top_en9TopEncode24top_encode_or_handle_errppEB6_
FN:82,_RINvXINICshHluQ5WovEN_14common_structss1z_0pEINtB6_11AssetConfigpENtNtNtCsj1m2RfQUXvB_19multiversx_sc_codec6single6top_de9TopDecode24top_decode_or_handle_errppEB6_
FN:82,_RINvXINICshHluQ5WovEN_14common_structss1A_0pEINtB6_11AssetConfigpENtNtNtCsj1m2RfQUXvB_19multiversx_sc_codec6single9nested_en12NestedEncode24dep_encode_or_handle_errppEB6_
FN:82,_RINvXINICshHluQ5WovEN_14common_structss1B_0pEINtB6_11AssetConfigpENtNtNtCsj1m2RfQUXvB_19multiversx_sc_codec6single9nested_de12NestedDecode24dep_decode_or_handle_errppEB6_
FN:81,_RNvXINICshHluQ5WovEN_14common_structss1w_0pEINtB5_11AssetConfigpENtNtNtCsiu69tKcHrj_13multiversx_sc3abi8type_abi7TypeAbi9type_nameB5_
FN:81,_RINvXINICshHluQ5WovEN_14common_structss1w_0pEINtB6_11AssetConfigpENtNtNtCsiu69tKcHrj_13multiversx_sc3abi8type_abi7TypeAbi25provide_type_descriptionspEB6_
FN:117,_RNvXINICshHluQ5WovEN_14common_structss1p_0pEINtB5_23AssetExtendedConfigViewpENtNtNtNtNtCsiu69tKcHrj_13multiversx_sc5types7managed7wrapped16managed_vec_item14ManagedVecItem17read_from_payloadB5_
FN:117,_RNvXINICshHluQ5WovEN_14common_structss1p_0pEINtB5_23AssetExtendedConfigViewpENtNtNtNtNtCsiu69tKcHrj_13multiversx_sc5types7managed7wrapped16managed_vec_item14ManagedVecItem19borrow_from_payloadB5_
FN:117,_RNvXINICshHluQ5WovEN_14common_structss1p_0pEINtB5_23AssetExtendedConfigViewpENtNtNtNtNtCsiu69tKcHrj_13multiversx_sc5types7managed7wrapped16managed_vec_item14ManagedVecItem15save_to_payloadB5_
FN:117,_RINvXINICshHluQ5WovEN_14common_structss1q_0pEINtB6_23AssetExtendedConfigViewpENtNtNtCsj1m2RfQUXvB_19multiversx_sc_codec6single6top_en9TopEncode24top_encode_or_handle_errppEB6_
FN:117,_RINvXINICshHluQ5WovEN_14common_structss1r_0pEINtB6_23AssetExtendedConfigViewpENtNtNtCsj1m2RfQUXvB_19multiversx_sc_codec6single6top_de9TopDecode24top_decode_or_handle_errppEB6_
FN:117,_RINvXINICshHluQ5WovEN_14common_structss1s_0pEINtB6_23AssetExtendedConfigViewpENtNtNtCsj1m2RfQUXvB_19multiversx_sc_codec6single9nested_en12NestedEncode24dep_encode_or_handle_errppEB6_
FN:117,_RINvXINICshHluQ5WovEN_14common_structss1t_0pEINtB6_23AssetExtendedConfigViewpENtNtNtCsj1m2RfQUXvB_19multiversx_sc_codec6single9nested_de12NestedDecode24dep_decode_or_handle_errppEB6_
FN:116,_RNvXINICshHluQ5WovEN_14common_structss1o_0pEINtB5_23AssetExtendedConfigViewpENtNtNtCsiu69tKcHrj_13multiversx_sc3abi8type_abi7TypeAbi9type_nameB5_
FN:116,_RINvXINICshHluQ5WovEN_14common_structss1o_0pEINtB6_23AssetExtendedConfigViewpENtNtNtCsiu69tKcHrj_13multiversx_sc3abi8type_abi7TypeAbi25provide_type_descriptionspEB6_
FN:126,_RNvXINICshHluQ5WovEN_14common_structss1h_0pEINtB5_13EModeCategorypENtNtNtNtNtCsiu69tKcHrj_13multiversx_sc5types7managed7wrapped16managed_vec_item14ManagedVecItem17read_from_payloadB5_
FN:126,_RNvXINICshHluQ5WovEN_14common_structss1h_0pEINtB5_13EModeCategorypENtNtNtNtNtCsiu69tKcHrj_13multiversx_sc5types7managed7wrapped16managed_vec_item14ManagedVecItem19borrow_from_payloadB5_
FN:126,_RNvXINICshHluQ5WovEN_14common_structss1h_0pEINtB5_13EModeCategorypENtNtNtNtNtCsiu69tKcHrj_13multiversx_sc5types7managed7wrapped16managed_vec_item14ManagedVecItem15save_to_payloadB5_
FN:126,_RINvXINICshHluQ5WovEN_14common_structss1i_0pEINtB6_13EModeCategorypENtNtNtCsj1m2RfQUXvB_19multiversx_sc_codec6single6top_en9TopEncode24top_encode_or_handle_errppEB6_
FN:126,_RINvXINICshHluQ5WovEN_14common_structss1j_0pEINtB6_13EModeCategorypENtNtNtCsj1m2RfQUXvB_19multiversx_sc_codec6single6top_de9TopDecode24top_decode_or_handle_errppEB6_
FN:126,_RINvXINICshHluQ5WovEN_14common_structss1k_0pEINtB6_13EModeCategorypENtNtNtCsj1m2RfQUXvB_19multiversx_sc_codec6single9nested_en12NestedEncode24dep_encode_or_handle_errppEB6_
FN:126,_RINvXINICshHluQ5WovEN_14common_structss1l_0pEINtB6_13EModeCategorypENtNtNtCsj1m2RfQUXvB_19multiversx_sc_codec6single9nested_de12NestedDecode24dep_decode_or_handle_errppEB6_
FN:125,_RNvXINICshHluQ5WovEN_14common_structss1g_0pEINtB5_13EModeCategorypENtNtNtCsiu69tKcHrj_13multiversx_sc3abi8type_abi7TypeAbi9type_nameB5_
FN:125,_RINvXINICshHluQ5WovEN_14common_structss1g_0pEINtB6_13EModeCategorypENtNtNtCsiu69tKcHrj_13multiversx_sc3abi8type_abi7TypeAbi25provide_type_descriptionspEB6_
FN:136,_RINvXs1a_CshHluQ5WovEN_14common_structsNtB7_16EModeAssetConfigNtNtNtCsj1m2RfQUXvB_19multiversx_sc_codec6single6top_en9TopEncode24top_encode_or_handle_errppEB7_
FN:136,_RINvXs1b_CshHluQ5WovEN_14common_structsNtB7_16EModeAssetConfigNtNtNtCsj1m2RfQUXvB_19multiversx_sc_codec6single6top_de9TopDecode24top_decode_or_handle_errppEB7_
FN:136,_RINvXs1c_CshHluQ5WovEN_14common_structsNtB7_16EModeAssetConfigNtNtNtCsj1m2RfQUXvB_19multiversx_sc_codec6single9nested_en12NestedEncode24dep_encode_or_handle_errppEB7_
FN:136,_RINvXs1d_CshHluQ5WovEN_14common_structsNtB7_16EModeAssetConfigNtNtNtCsj1m2RfQUXvB_19multiversx_sc_codec6single9nested_de12NestedDecode24dep_decode_or_handle_errppEB7_
FN:135,_RINvXs18_CshHluQ5WovEN_14common_structsNtB7_16EModeAssetConfigNtNtNtCsiu69tKcHrj_13multiversx_sc3abi8type_abi7TypeAbi25provide_type_descriptionspEB7_
FN:143,_RINvXs11_CshHluQ5WovEN_14common_structsNtB7_20NftAccountAttributesNtNtNtCsj1m2RfQUXvB_19multiversx_sc_codec6single9nested_en12NestedEncode24dep_encode_or_handle_errppEB7_
FN:143,_RINvXs12_CshHluQ5WovEN_14common_structsNtB7_20NftAccountAttributesNtNtNtCsj1m2RfQUXvB_19multiversx_sc_codec6single9nested_de12NestedDecode24dep_decode_or_handle_errppEB7_
FN:143,_RINvXs13_CshHluQ5WovEN_14common_structsNtB7_20NftAccountAttributesNtNtNtCsj1m2RfQUXvB_19multiversx_sc_codec6single6top_en9TopEncode24top_encode_or_handle_errppEB7_
FN:143,_RINvXs14_CshHluQ5WovEN_14common_structsNtB7_20NftAccountAttributesNtNtNtCsj1m2RfQUXvB_19multiversx_sc_codec6single6top_de9TopDecode24top_decode_or_handle_errppEB7_
FN:142,_RINvXs10_CshHluQ5WovEN_14common_structsNtB7_20NftAccountAttributesNtNtNtCsiu69tKcHrj_13multiversx_sc3abi8type_abi7TypeAbi25provide_type_descriptionspEB7_
FN:152,_RINvXsQ_CshHluQ5WovEN_14common_structsNtB6_13PricingMethodNtNtNtCsj1m2RfQUXvB_19multiversx_sc_codec6single9nested_en12NestedEncode24dep_encode_or_handle_errppEB6_
FN:152,_RINvXsR_CshHluQ5WovEN_14common_structsNtB6_13PricingMethodNtNtNtCsj1m2RfQUXvB_19multiversx_sc_codec6single9nested_de12NestedDecode24dep_decode_or_handle_errppEB6_
FN:152,_RINvXsS_CshHluQ5WovEN_14common_structsNtB6_13PricingMethodNtNtNtCsj1m2RfQUXvB_19multiversx_sc_codec6single6top_en9TopEncode24top_encode_or_handle_errppEB6_
FN:152,_RINvXsT_CshHluQ5WovEN_14common_structsNtB6_13PricingMethodNtNtNtCsj1m2RfQUXvB_19multiversx_sc_codec6single6top_de9TopDecode24top_decode_or_handle_errppEB6_
FN:150,_RINvXsO_CshHluQ5WovEN_14common_structsNtB6_13PricingMethodNtNtNtCsiu69tKcHrj_13multiversx_sc3abi8type_abi7TypeAbi25provide_type_descriptionspEB6_
FN:164,_RINvXsE_CshHluQ5WovEN_14common_structsNtB6_10OracleTypeNtNtNtCsj1m2RfQUXvB_19multiversx_sc_codec6single9nested_en12NestedEncode24dep_encode_or_handle_errppEB6_
FN:164,_RINvXsF_CshHluQ5WovEN_14common_structsNtB6_10OracleTypeNtNtNtCsj1m2RfQUXvB_19multiversx_sc_codec6single9nested_de12NestedDecode24dep_decode_or_handle_errppEB6_
FN:164,_RINvXsG_CshHluQ5WovEN_14common_structsNtB6_10OracleTypeNtNtNtCsj1m2RfQUXvB_19multiversx_sc_codec6single6top_en9TopEncode24top_encode_or_handle_errppEB6_
FN:164,_RINvXsH_CshHluQ5WovEN_14common_structsNtB6_10OracleTypeNtNtNtCsj1m2RfQUXvB_19multiversx_sc_codec6single6top_de9TopDecode24top_decode_or_handle_errppEB6_
FN:162,_RINvXsC_CshHluQ5WovEN_14common_structsNtB6_10OracleTypeNtNtNtCsiu69tKcHrj_13multiversx_sc3abi8type_abi7TypeAbi25provide_type_descriptionspEB6_
FN:175,_RINvXss_CshHluQ5WovEN_14common_structsNtB6_14ExchangeSourceNtNtNtCsj1m2RfQUXvB_19multiversx_sc_codec6single9nested_en12NestedEncode24dep_encode_or_handle_errppEB6_
FN:175,_RINvXst_CshHluQ5WovEN_14common_structsNtB6_14ExchangeSourceNtNtNtCsj1m2RfQUXvB_19multiversx_sc_codec6single9nested_de12NestedDecode24dep_decode_or_handle_errppEB6_
FN:175,_RINvXsu_CshHluQ5WovEN_14common_structsNtB6_14ExchangeSourceNtNtNtCsj1m2RfQUXvB_19multiversx_sc_codec6single6top_en9TopEncode24top_encode_or_handle_errppEB6_
FN:175,_RINvXsv_CshHluQ5WovEN_14common_structsNtB6_14ExchangeSourceNtNtNtCsj1m2RfQUXvB_19multiversx_sc_codec6single6top_de9TopDecode24top_decode_or_handle_errppEB6_
FN:173,_RINvXsq_CshHluQ5WovEN_14common_structsNtB6_14ExchangeSourceNtNtNtCsiu69tKcHrj_13multiversx_sc3abi8type_abi7TypeAbi25provide_type_descriptionspEB6_
FN:186,_RNvXINICshHluQ5WovEN_14common_structssj_0pEINtB5_14OracleProviderpENtNtNtNtNtCsiu69tKcHrj_13multiversx_sc5types7managed7wrapped16managed_vec_item14ManagedVecItem17read_from_payloadB5_
FN:186,_RNvXINICshHluQ5WovEN_14common_structssj_0pEINtB5_14OracleProviderpENtNtNtNtNtCsiu69tKcHrj_13multiversx_sc5types7managed7wrapped16managed_vec_item14ManagedVecItem19borrow_from_payloadB5_
[...]
FNDA:423,_RNvYINtNtNtCsiu69tKcHrj_13multiversx_sc13contract_base22universal_contract_obj20UniversalContractObjINtNtNtNtCsaT8J8gEWH0X_22multiversx_sc_scenario3api7impl_vh12vm_hooks_api10VMHooksApiNtNtB1F_9debug_api15DebugApiBackendEENtNtCsbAwDzPikP0I_16price_aggregator5utils11UtilsModule17clear_submissionsCsbSeQquGUR4T_5tests
FNDA:1692,_RNvYINtNtNtCsiu69tKcHrj_13multiversx_sc13contract_base22universal_contract_obj20UniversalContractObjINtNtNtNtCsaT8J8gEWH0X_22multiversx_sc_scenario3api7impl_vh12vm_hooks_api10VMHooksApiNtNtB1F_9debug_api15DebugApiBackendEENtNtCsbAwDzPikP0I_16price_aggregator5utils11UtilsModule17require_is_oracleCsbSeQquGUR4T_5tests
FNDA:47,_RNvYINtNtNtCsiu69tKcHrj_13multiversx_sc13contract_base22universal_contract_obj20UniversalContractObjINtNtNtNtCsaT8J8gEWH0X_22multiversx_sc_scenario3api7impl_vh12vm_hooks_api10VMHooksApiNtNtB1F_9debug_api15DebugApiBackendEENtNtCsbAwDzPikP0I_16price_aggregator5utils11UtilsModule30require_valid_submission_countCsbSeQquGUR4T_5tests
FNDA:1692,_RNvYINtNtNtCsiu69tKcHrj_13multiversx_sc13contract_base22universal_contract_obj20UniversalContractObjINtNtNtNtCsaT8J8gEWH0X_22multiversx_sc_scenario3api7impl_vh12vm_hooks_api10VMHooksApiNtNtB1F_9debug_api15DebugApiBackendEENtNtCsbAwDzPikP0I_16price_aggregator5utils11UtilsModule34require_valid_submission_timestampCsbSeQquGUR4T_5tests
FNDA:0,_RNvYINtNtNtCsiu69tKcHrj_13multiversx_sc13contract_base22universal_contract_obj20UniversalContractObjINtNtNtNtCsaT8J8gEWH0X_22multiversx_sc_scenario3api7impl_vh12vm_hooks_api10VMHooksApiNtNtB1F_9debug_api15DebugApiBackendEENtNtCsbAwDzPikP0I_16price_aggregator5utils16EndpointWrappers17callback_selectorCsbSeQquGUR4T_5tests
FNDA:470,_RNvYINtNtNtCsiu69tKcHrj_13multiversx_sc13contract_base22universal_contract_obj20UniversalContractObjINtNtNtNtCsaT8J8gEWH0X_22multiversx_sc_scenario3api7impl_vh12vm_hooks_api10VMHooksApiNtNtB1F_9debug_api15DebugApiBackendEENtNtCsbAwDzPikP0I_16price_aggregator5utils16EndpointWrappers4callCsbSeQquGUR4T_5tests
FNDA:0,_RNvYINtNtNtCsiu69tKcHrj_13multiversx_sc13contract_base22universal_contract_obj20UniversalContractObjINtNtNtNtCsaT8J8gEWH0X_22multiversx_sc_scenario3api7impl_vh12vm_hooks_api10VMHooksApiNtNtB1F_9debug_api15DebugApiBackendEENtNtCsbAwDzPikP0I_16price_aggregator5utils16EndpointWrappers8callbackCsbSeQquGUR4T_5tests
FNDA:0,_RNCNvYINtNtNtCsiu69tKcHrj_13multiversx_sc13contract_base22universal_contract_obj20UniversalContractObjINtNtNtNtCsaT8J8gEWH0X_22multiversx_sc_scenario3api7impl_vh12vm_hooks_api10VMHooksApiNtNtB1H_9debug_api15DebugApiBackendEENtNtCsbAwDzPikP0I_16price_aggregator5utils11UtilsModule16create_new_round0CsbSeQquGUR4T_5tests
FNDA:1692,_RNCNvYINtNtNtCsiu69tKcHrj_13multiversx_sc13contract_base22universal_contract_obj20UniversalContractObjINtNtNtNtCsaT8J8gEWH0X_22multiversx_sc_scenario3api7impl_vh12vm_hooks_api10VMHooksApiNtNtB1H_9debug_api15DebugApiBackendEENtNtCsbAwDzPikP0I_16price_aggregator5utils11UtilsModule16submit_unchecked0CsbSeQquGUR4T_5tests
FNF:10
FNH:8
DA:11,470
DA:18,1692
DA:19,1692
DA:20,1692
DA:21,1692
DA:22,1692
DA:23,1692
DA:26,47
DA:27,47
DA:28,47
DA:29,47
DA:30,47
DA:35,1692
DA:36,1692
DA:37,1692
DA:38,1692
DA:39,1692
DA:40,1692
DA:41,1692
DA:42,1692
DA:43,1692
DA:44,1692
DA:45,1692
DA:46,1692
DA:47,1692
DA:48,1692
DA:49,0
DA:50,1692
DA:52,1692
DA:53,1692
DA:54,1692
DA:55,423
DA:56,423
DA:57,423
DA:58,423
DA:60,1269
DA:64,1692
DA:65,0
DA:66,0
DA:67,0
DA:68,0
DA:69,0
DA:70,0
DA:71,0
DA:72,1692
DA:74,1692
DA:75,1692
DA:76,1692
DA:77,1692
DA:78,1692
DA:79,1692
DA:80,1692
DA:81,1692
DA:82,1692
DA:83,1692
DA:84,1692
DA:85,1692
DA:86,1692
DA:87,1692
DA:88,1692
DA:89,1692
DA:90,1692
DA:91,1692
DA:92,1692
DA:93,1692
DA:94,1692
DA:95,1692
DA:96,0
DA:97,0
DA:98,0
DA:99,0
DA:100,0
DA:101,0
DA:102,0
DA:103,0
DA:105,1692
DA:106,1692
DA:107,1692
DA:108,1692
DA:109,1692
DA:110,1692
DA:113,1692
DA:114,1692
DA:115,1692
DA:116,1692
DA:117,1692
DA:118,1692
DA:119,1692
DA:120,1692
DA:121,1692
DA:122,1692
DA:131,1692
DA:132,1692
DA:133,1692
DA:134,423
DA:135,423
DA:136,423
DA:137,423
DA:139,423
DA:140,1692
DA:141,1692
DA:142,1692
DA:144,423
DA:145,423
DA:146,423
DA:147,423
DA:148,423
DA:149,423
DA:150,423
DA:151,423
DA:152,423
DA:153,423
DA:154,423
DA:155,423
DA:156,423
DA:157,423
DA:158,423
DA:159,423
DA:160,423
DA:161,423
DA:162,1269
DA:165,423
DA:166,423
DA:167,0
DA:168,423
DA:169,423
DA:170,423
DA:173,0
DA:174,0
DA:175,0
DA:176,0
DA:177,0
DA:178,0
BRF:0
BRH:0
LF:136
LH:112
end_of_record
SF:/Users/mihaieremia/GitHub/rs-lending/price_aggregator/src/views.rs
FN:17,_RNvYpNtNtCsibTt6PjwSgr_16price_aggregator5views11ViewsModule15make_price_feedB7_
FN:29,_RNvYpNtNtCsibTt6PjwSgr_16price_aggregator5views11ViewsModule17get_pair_decimalsB7_
FN:39,_RNvYpNtNtCsibTt6PjwSgr_16price_aggregator5views11ViewsModule17latest_round_dataB7_
FN:54,_RNvYpNtNtCsibTt6PjwSgr_16price_aggregator5views11ViewsModule17latest_price_feedB7_
FN:70,_RNvYpNtNtCsibTt6PjwSgr_16price_aggregator5views11ViewsModule26latest_price_feed_optionalB7_
FN:75,_RNvYpNtNtCsibTt6PjwSgr_16price_aggregator5views11ViewsModule11get_oraclesB7_
FN:9,_RNvYpNtNtCsibTt6PjwSgr_16price_aggregator5views16EndpointWrappers22call_get_pair_decimalsB7_
FN:9,_RNvYpNtNtCsibTt6PjwSgr_16price_aggregator5views16EndpointWrappers22call_latest_round_dataB7_
FN:9,_RNvYpNtNtCsibTt6PjwSgr_16price_aggregator5views16EndpointWrappers22call_latest_price_feedB7_
FN:9,_RNvYpNtNtCsibTt6PjwSgr_16price_aggregator5views16EndpointWrappers31call_latest_price_feed_optionalB7_
FN:9,_RNvYpNtNtCsibTt6PjwSgr_16price_aggregator5views16EndpointWrappers16call_get_oraclesB7_
FN:9,_RNvYpNtNtCsibTt6PjwSgr_16price_aggregator5views16EndpointWrappers4callB7_
FN:9,_RNvYpNtNtCsibTt6PjwSgr_16price_aggregator5views16EndpointWrappers17callback_selectorB7_
FN:9,_RNvYpNtNtCsibTt6PjwSgr_16price_aggregator5views16EndpointWrappers8callbackB7_
FN:9,_RNvXs1_NtCsibTt6PjwSgr_16price_aggregator5viewsNtB5_11AbiProviderNtNtNtCsiu69tKcHrj_13multiversx_sc13contract_base21contract_abi_provider19ContractAbiProvider3abi
FN:9,_RNvXININtCsibTt6PjwSgr_16price_aggregator5viewss9_0pEINtB5_11ContractObjpENtNtNtCsiu69tKcHrj_13multiversx_sc13contract_base17callable_contract16CallableContract4callB7_
FN:9,_RINvNtCsibTt6PjwSgr_16price_aggregator5views12contract_objpEB4_
FN:9,_RINvXsa_NtCsibTt6PjwSgr_16price_aggregator5viewsNtB6_15ContractBuilderNtNtNtCsiu69tKcHrj_13multiversx_sc13contract_base17callable_contract23CallableContractBuilder16new_contract_objpEB8_
FN:9,_RINvNtNtCsibTt6PjwSgr_16price_aggregator5views19___wasm__endpoints__17get_pair_decimalspEB6_
FN:9,_RINvNtNtCsibTt6PjwSgr_16price_aggregator5views19___wasm__endpoints__17latest_round_datapEB6_
FN:9,_RINvNtNtCsibTt6PjwSgr_16price_aggregator5views19___wasm__endpoints__17latest_price_feedpEB6_
FN:9,_RINvNtNtCsibTt6PjwSgr_16price_aggregator5views19___wasm__endpoints__26latest_price_feed_optionalpEB6_
FN:9,_RINvNtNtCsibTt6PjwSgr_16price_aggregator5views19___wasm__endpoints__11get_oraclespEB6_
FN:9,_RINvYpNtNtCsibTt6PjwSgr_16price_aggregator5views10ProxyTrait17get_pair_decimalsppEB8_
FN:9,_RINvYpNtNtCsibTt6PjwSgr_16price_aggregator5views10ProxyTrait17latest_round_datapEB8_
FN:9,_RINvYpNtNtCsibTt6PjwSgr_16price_aggregator5views10ProxyTrait17latest_price_feedppEB8_
FN:9,_RINvYpNtNtCsibTt6PjwSgr_16price_aggregator5views10ProxyTrait26latest_price_feed_optionalppEB8_
FN:9,_RNvYpNtNtCsibTt6PjwSgr_16price_aggregator5views10ProxyTrait11get_oraclesB7_
FN:75,_RNvYINtNtNtCsiu69tKcHrj_13multiversx_sc13contract_base22universal_contract_obj20UniversalContractObjINtNtNtNtCsaT8J8gEWH0X_22multiversx_sc_scenario3api7impl_vh12vm_hooks_api10VMHooksApiNtNtB1F_9debug_api15DebugApiBackendEENtNtCsbAwDzPikP0I_16price_aggregator5views11ViewsModule11get_oraclesCsbSeQquGUR4T_5tests
FN:17,_RNvYINtNtNtCsiu69tKcHrj_13multiversx_sc13contract_base22universal_contract_obj20UniversalContractObjINtNtNtNtCsaT8J8gEWH0X_22multiversx_sc_scenario3api7impl_vh12vm_hooks_api10VMHooksApiNtNtB1F_9debug_api15DebugApiBackendEENtNtCsbAwDzPikP0I_16price_aggregator5views11ViewsModule15make_price_feedCsbSeQquGUR4T_5tests
FN:29,_RNvYINtNtNtCsiu69tKcHrj_13multiversx_sc13contract_base22universal_contract_obj20UniversalContractObjINtNtNtNtCsaT8J8gEWH0X_22multiversx_sc_scenario3api7impl_vh12vm_hooks_api10VMHooksApiNtNtB1F_9debug_api15DebugApiBackendEENtNtCsbAwDzPikP0I_16price_aggregator5views11ViewsModule17get_pair_decimalsCsbSeQquGUR4T_5tests
FN:54,_RNvYINtNtNtCsiu69tKcHrj_13multiversx_sc13contract_base22universal_contract_obj20UniversalContractObjINtNtNtNtCsaT8J8gEWH0X_22multiversx_sc_scenario3api7impl_vh12vm_hooks_api10VMHooksApiNtNtB1F_9debug_api15DebugApiBackendEENtNtCsbAwDzPikP0I_16price_aggregator5views11ViewsModule17latest_price_feedCsbSeQquGUR4T_5tests
FN:39,_RNvYINtNtNtCsiu69tKcHrj_13multiversx_sc13contract_base22universal_contract_obj20UniversalContractObjINtNtNtNtCsaT8J8gEWH0X_22multiversx_sc_scenario3api7impl_vh12vm_hooks_api10VMHooksApiNtNtB1F_9debug_api15DebugApiBackendEENtNtCsbAwDzPikP0I_16price_aggregator5views11ViewsModule17latest_round_dataCsbSeQquGUR4T_5tests
FN:70,_RNvYINtNtNtCsiu69tKcHrj_13multiversx_sc13contract_base22universal_contract_obj20UniversalContractObjINtNtNtNtCsaT8J8gEWH0X_22multiversx_sc_scenario3api7impl_vh12vm_hooks_api10VMHooksApiNtNtB1F_9debug_api15DebugApiBackendEENtNtCsbAwDzPikP0I_16price_aggregator5views11ViewsModule26latest_price_feed_optionalCsbSeQquGUR4T_5tests
FN:9,_RNvYINtNtNtCsiu69tKcHrj_13multiversx_sc13contract_base22universal_contract_obj20UniversalContractObjINtNtNtNtCsaT8J8gEWH0X_22multiversx_sc_scenario3api7impl_vh12vm_hooks_api10VMHooksApiNtNtB1F_9debug_api15DebugApiBackendEENtNtCsbAwDzPikP0I_16price_aggregator5views16EndpointWrappers16call_get_oraclesCsbSeQquGUR4T_5tests
FN:9,_RNvYINtNtNtCsiu69tKcHrj_13multiversx_sc13contract_base22universal_contract_obj20UniversalContractObjINtNtNtNtCsaT8J8gEWH0X_22multiversx_sc_scenario3api7impl_vh12vm_hooks_api10VMHooksApiNtNtB1F_9debug_api15DebugApiBackendEENtNtCsbAwDzPikP0I_16price_aggregator5views16EndpointWrappers17callback_selectorCsbSeQquGUR4T_5tests
FN:9,_RNvYINtNtNtCsiu69tKcHrj_13multiversx_sc13contract_base22universal_contract_obj20UniversalContractObjINtNtNtNtCsaT8J8gEWH0X_22multiversx_sc_scenario3api7impl_vh12vm_hooks_api10VMHooksApiNtNtB1F_9debug_api15DebugApiBackendEENtNtCsbAwDzPikP0I_16price_aggregator5views16EndpointWrappers22call_get_pair_decimalsCsbSeQquGUR4T_5tests
FN:9,_RNvYINtNtNtCsiu69tKcHrj_13multiversx_sc13contract_base22universal_contract_obj20UniversalContractObjINtNtNtNtCsaT8J8gEWH0X_22multiversx_sc_scenario3api7impl_vh12vm_hooks_api10VMHooksApiNtNtB1F_9debug_api15DebugApiBackendEENtNtCsbAwDzPikP0I_16price_aggregator5views16EndpointWrappers22call_latest_price_feedCsbSeQquGUR4T_5tests
FN:9,_RNvYINtNtNtCsiu69tKcHrj_13multiversx_sc13contract_base22universal_contract_obj20UniversalContractObjINtNtNtNtCsaT8J8gEWH0X_22multiversx_sc_scenario3api7impl_vh12vm_hooks_api10VMHooksApiNtNtB1F_9debug_api15DebugApiBackendEENtNtCsbAwDzPikP0I_16price_aggregator5views16EndpointWrappers22call_latest_round_dataCsbSeQquGUR4T_5tests
FN:9,_RNvYINtNtNtCsiu69tKcHrj_13multiversx_sc13contract_base22universal_contract_obj20UniversalContractObjINtNtNtNtCsaT8J8gEWH0X_22multiversx_sc_scenario3api7impl_vh12vm_hooks_api10VMHooksApiNtNtB1F_9debug_api15DebugApiBackendEENtNtCsbAwDzPikP0I_16price_aggregator5views16EndpointWrappers31call_latest_price_feed_optionalCsbSeQquGUR4T_5tests
FN:9,_RNvYINtNtNtCsiu69tKcHrj_13multiversx_sc13contract_base22universal_contract_obj20UniversalContractObjINtNtNtNtCsaT8J8gEWH0X_22multiversx_sc_scenario3api7impl_vh12vm_hooks_api10VMHooksApiNtNtB1F_9debug_api15DebugApiBackendEENtNtCsbAwDzPikP0I_16price_aggregator5views16EndpointWrappers4callCsbSeQquGUR4T_5tests
FN:9,_RNvYINtNtNtCsiu69tKcHrj_13multiversx_sc13contract_base22universal_contract_obj20UniversalContractObjINtNtNtNtCsaT8J8gEWH0X_22multiversx_sc_scenario3api7impl_vh12vm_hooks_api10VMHooksApiNtNtB1F_9debug_api15DebugApiBackendEENtNtCsbAwDzPikP0I_16price_aggregator5views16EndpointWrappers8callbackCsbSeQquGUR4T_5tests
FNDA:0,_RNvYpNtNtCsibTt6PjwSgr_16price_aggregator5views11ViewsModule15make_price_feedB7_
FNDA:0,_RNvYpNtNtCsibTt6PjwSgr_16price_aggregator5views11ViewsModule17get_pair_decimalsB7_
FNDA:0,_RNvYpNtNtCsibTt6PjwSgr_16price_aggregator5views11ViewsModule17latest_round_dataB7_
FNDA:0,_RNvYpNtNtCsibTt6PjwSgr_16price_aggregator5views11ViewsModule17latest_price_feedB7_
FNDA:0,_RNvYpNtNtCsibTt6PjwSgr_16price_aggregator5views11ViewsModule26latest_price_feed_optionalB7_
FNDA:0,_RNvYpNtNtCsibTt6PjwSgr_16price_aggregator5views11ViewsModule11get_oraclesB7_
FNDA:0,_RNvYpNtNtCsibTt6PjwSgr_16price_aggregator5views16EndpointWrappers22call_get_pair_decimalsB7_
FNDA:0,_RNvYpNtNtCsibTt6PjwSgr_16price_aggregator5views16EndpointWrappers22call_latest_round_dataB7_
FNDA:0,_RNvYpNtNtCsibTt6PjwSgr_16price_aggregator5views16EndpointWrappers22call_latest_price_feedB7_
FNDA:0,_RNvYpNtNtCsibTt6PjwSgr_16price_aggregator5views16EndpointWrappers31call_latest_price_feed_optionalB7_
FNDA:0,_RNvYpNtNtCsibTt6PjwSgr_16price_aggregator5views16EndpointWrappers16call_get_oraclesB7_
FNDA:0,_RNvYpNtNtCsibTt6PjwSgr_16price_aggregator5views16EndpointWrappers4callB7_
FNDA:0,_RNvYpNtNtCsibTt6PjwSgr_16price_aggregator5views16EndpointWrappers17callback_selectorB7_
FNDA:0,_RNvYpNtNtCsibTt6PjwSgr_16price_aggregator5views16EndpointWrappers8callbackB7_
FNDA:0,_RNvXs1_NtCsibTt6PjwSgr_16price_aggregator5viewsNtB5_11AbiProviderNtNtNtCsiu69tKcHrj_13multiversx_sc13contract_base21contract_abi_provider19ContractAbiProvider3abi
FNDA:0,_RNvXININtCsibTt6PjwSgr_16price_aggregator5viewss9_0pEINtB5_11ContractObjpENtNtNtCsiu69tKcHrj_13multiversx_sc13contract_base17callable_contract16CallableContract4callB7_
FNDA:0,_RINvNtCsibTt6PjwSgr_16price_aggregator5views12contract_objpEB4_
FNDA:0,_RINvXsa_NtCsibTt6PjwSgr_16price_aggregator5viewsNtB6_15ContractBuilderNtNtNtCsiu69tKcHrj_13multiversx_sc13contract_base17callable_contract23CallableContractBuilder16new_contract_objpEB8_
FNDA:0,_RINvNtNtCsibTt6PjwSgr_16price_aggregator5views19___wasm__endpoints__17get_pair_decimalspEB6_
FNDA:0,_RINvNtNtCsibTt6PjwSgr_16price_aggregator5views19___wasm__endpoints__17latest_round_datapEB6_
FNDA:0,_RINvNtNtCsibTt6PjwSgr_16price_aggregator5views19___wasm__endpoints__17latest_price_feedpEB6_
FNDA:0,_RINvNtNtCsibTt6PjwSgr_16price_aggregator5views19___wasm__endpoints__26latest_price_feed_optionalpEB6_
FNDA:0,_RINvNtNtCsibTt6PjwSgr_16price_aggregator5views19___wasm__endpoints__11get_oraclespEB6_
FNDA:0,_RINvYpNtNtCsibTt6PjwSgr_16price_aggregator5views10ProxyTrait17get_pair_decimalsppEB8_
FNDA:0,_RINvYpNtNtCsibTt6PjwSgr_16price_aggregator5views10ProxyTrait17latest_round_datapEB8_
FNDA:0,_RINvYpNtNtCsibTt6PjwSgr_16price_aggregator5views10ProxyTrait17latest_price_feedppEB8_
FNDA:0,_RINvYpNtNtCsibTt6PjwSgr_16price_aggregator5views10ProxyTrait26latest_price_feed_optionalppEB8_
FNDA:0,_RNvYpNtNtCsibTt6PjwSgr_16price_aggregator5views10ProxyTrait11get_oraclesB7_
FNDA:0,_RNvYINtNtNtCsiu69tKcHrj_13multiversx_sc13contract_base22universal_contract_obj20UniversalContractObjINtNtNtNtCsaT8J8gEWH0X_22multiversx_sc_scenario3api7impl_vh12vm_hooks_api10VMHooksApiNtNtB1F_9debug_api15DebugApiBackendEENtNtCsbAwDzPikP0I_16price_aggregator5views11ViewsModule11get_oraclesCsbSeQquGUR4T_5tests
FNDA:0,_RNvYINtNtNtCsiu69tKcHrj_13multiversx_sc13contract_base22universal_contract_obj20UniversalContractObjINtNtNtNtCsaT8J8gEWH0X_22multiversx_sc_scenario3api7impl_vh12vm_hooks_api10VMHooksApiNtNtB1F_9debug_api15DebugApiBackendEENtNtCsbAwDzPikP0I_16price_aggregator5views11ViewsModule15make_price_feedCsbSeQquGUR4T_5tests
FNDA:1692,_RNvYINtNtNtCsiu69tKcHrj_13multiversx_sc13contract_base22universal_contract_obj20UniversalContractObjINtNtNtNtCsaT8J8gEWH0X_22multiversx_sc_scenario3api7impl_vh12vm_hooks_api10VMHooksApiNtNtB1F_9debug_api15DebugApiBackendEENtNtCsbAwDzPikP0I_16price_aggregator5views11ViewsModule17get_pair_decimalsCsbSeQquGUR4T_5tests
FNDA:0,_RNvYINtNtNtCsiu69tKcHrj_13multiversx_sc13contract_base22universal_contract_obj20UniversalContractObjINtNtNtNtCsaT8J8gEWH0X_22multiversx_sc_scenario3api7impl_vh12vm_hooks_api10VMHooksApiNtNtB1F_9debug_api15DebugApiBackendEENtNtCsbAwDzPikP0I_16price_aggregator5views11ViewsModule17latest_price_feedCsbSeQquGUR4T_5tests
FNDA:0,_RNvYINtNtNtCsiu69tKcHrj_13multiversx_sc13contract_base22universal_contract_obj20UniversalContractObjINtNtNtNtCsaT8J8gEWH0X_22multiversx_sc_scenario3api7impl_vh12vm_hooks_api10VMHooksApiNtNtB1F_9debug_api15DebugApiBackendEENtNtCsbAwDzPikP0I_16price_aggregator5views11ViewsModule17latest_round_dataCsbSeQquGUR4T_5tests
FNDA:0,_RNvYINtNtNtCsiu69tKcHrj_13multiversx_sc13contract_base22universal_contract_obj20UniversalContractObjINtNtNtNtCsaT8J8gEWH0X_22multiversx_sc_scenario3api7impl_vh12vm_hooks_api10VMHooksApiNtNtB1F_9debug_api15DebugApiBackendEENtNtCsbAwDzPikP0I_16price_aggregator5views11ViewsModule26latest_price_feed_optionalCsbSeQquGUR4T_5tests
FNDA:0,_RNvYINtNtNtCsiu69tKcHrj_13multiversx_sc13contract_base22universal_contract_obj20UniversalContractObjINtNtNtNtCsaT8J8gEWH0X_22multiversx_sc_scenario3api7impl_vh12vm_hooks_api10VMHooksApiNtNtB1F_9debug_api15DebugApiBackendEENtNtCsbAwDzPikP0I_16price_aggregator5views16EndpointWrappers16call_get_oraclesCsbSeQquGUR4T_5tests
FNDA:0,_RNvYINtNtNtCsiu69tKcHrj_13multiversx_sc13contract_base22universal_contract_obj20UniversalContractObjINtNtNtNtCsaT8J8gEWH0X_22multiversx_sc_scenario3api7impl_vh12vm_hooks_api10VMHooksApiNtNtB1F_9debug_api15DebugApiBackendEENtNtCsbAwDzPikP0I_16price_aggregator5views16EndpointWrappers17callback_selectorCsbSeQquGUR4T_5tests
FNDA:0,_RNvYINtNtNtCsiu69tKcHrj_13multiversx_sc13contract_base22universal_contract_obj20UniversalContractObjINtNtNtNtCsaT8J8gEWH0X_22multiversx_sc_scenario3api7impl_vh12vm_hooks_api10VMHooksApiNtNtB1F_9debug_api15DebugApiBackendEENtNtCsbAwDzPikP0I_16price_aggregator5views16EndpointWrappers22call_get_pair_decimalsCsbSeQquGUR4T_5tests
FNDA:0,_RNvYINtNtNtCsiu69tKcHrj_13multiversx_sc13contract_base22universal_contract_obj20UniversalContractObjINtNtNtNtCsaT8J8gEWH0X_22multiversx_sc_scenario3api7impl_vh12vm_hooks_api10VMHooksApiNtNtB1F_9debug_api15DebugApiBackendEENtNtCsbAwDzPikP0I_16price_aggregator5views16EndpointWrappers22call_latest_price_feedCsbSeQquGUR4T_5tests
FNDA:0,_RNvYINtNtNtCsiu69tKcHrj_13multiversx_sc13contract_base22universal_contract_obj20UniversalContractObjINtNtNtNtCsaT8J8gEWH0X_22multiversx_sc_scenario3api7impl_vh12vm_hooks_api10VMHooksApiNtNtB1F_9debug_api15DebugApiBackendEENtNtCsbAwDzPikP0I_16price_aggregator5views16EndpointWrappers22call_latest_round_dataCsbSeQquGUR4T_5tests
FNDA:0,_RNvYINtNtNtCsiu69tKcHrj_13multiversx_sc13contract_base22universal_contract_obj20UniversalContractObjINtNtNtNtCsaT8J8gEWH0X_22multiversx_sc_scenario3api7impl_vh12vm_hooks_api10VMHooksApiNtNtB1F_9debug_api15DebugApiBackendEENtNtCsbAwDzPikP0I_16price_aggregator5views16EndpointWrappers31call_latest_price_feed_optionalCsbSeQquGUR4T_5tests
FNDA:940,_RNvYINtNtNtCsiu69tKcHrj_13multiversx_sc13contract_base22universal_contract_obj20UniversalContractObjINtNtNtNtCsaT8J8gEWH0X_22multiversx_sc_scenario3api7impl_vh12vm_hooks_api10VMHooksApiNtNtB1F_9debug_api15DebugApiBackendEENtNtCsbAwDzPikP0I_16price_aggregator5views16EndpointWrappers4callCsbSeQquGUR4T_5tests
FNDA:0,_RNvYINtNtNtCsiu69tKcHrj_13multiversx_sc13contract_base22universal_contract_obj20UniversalContractObjINtNtNtNtCsaT8J8gEWH0X_22multiversx_sc_scenario3api7impl_vh12vm_hooks_api10VMHooksApiNtNtB1F_9debug_api15DebugApiBackendEENtNtCsbAwDzPikP0I_16price_aggregator5views16EndpointWrappers8callbackCsbSeQquGUR4T_5tests
FNF:7
FNH:2
DA:9,940
DA:17,0
DA:18,0
DA:19,0
DA:20,0
DA:21,0
DA:22,0
DA:23,0
DA:24,0
DA:25,0
DA:29,1692
DA:30,1692
DA:31,1692
DA:32,1692
DA:39,0
DA:40,0
DA:41,0
DA:42,0
DA:43,0
DA:44,0
DA:45,0
DA:46,0
DA:47,0
DA:50,0
DA:54,0
DA:55,0
DA:57,0
DA:58,0
DA:60,0
DA:61,0
DA:62,0
DA:70,0
DA:71,0
DA:75,0
DA:76,0
DA:77,0
DA:78,0
DA:79,0
DA:80,0
BRF:0
BRH:0
LF:39
LH:5
end_of_record