SF:/Users/mihaieremia/GitHub/rs-lending/common/checks/src/checks.rs
FN:8,_RNvYpNtCsk5eG9esSTei_13common_checks12ChecksModule32require_amount_greater_than_zeroB5_
FN:12,_RNvYpNtCsk5eG9esSTei_13common_checks12ChecksModule24require_non_zero_addressB5_
FN:6,_RNvYpNtCsk5eG9esSTei_13common_checks16EndpointWrappers4callB5_
FN:6,_RNvYpNtCsk5eG9esSTei_13common_checks16EndpointWrappers17callback_selectorB5_
FN:6,_RNvYpNtCsk5eG9esSTei_13common_checks16EndpointWrappers8callbackB5_
FN:6,_RNvXs1_Csk5eG9esSTei_13common_checksNtB5_11AbiProviderNtNtNtCs42MSoZVSe6Q_13multiversx_sc13contract_base21contract_abi_provider19ContractAbiProvider3abi
FN:6,_RNvXINICsk5eG9esSTei_13common_checkss5_0pEINtB5_11ContractObjpENtNtNtCs42MSoZVSe6Q_13multiversx_sc13contract_base17callable_contract16CallableContract4callB5_
FN:6,_RINvCsk5eG9esSTei_13common_checks12contract_objpEB2_
FN:6,_RINvXs6_Csk5eG9esSTei_13common_checksNtB6_15ContractBuilderNtNtNtCs42MSoZVSe6Q_13multiversx_sc13contract_base17callable_contract23CallableContractBuilder16new_contract_objpEB6_
FN:12,_RNvYINtCs8Lb4KiqJtUJ_14liquidity_pool11ContractObjINtNtNtNtCs2vpbtxTS1EH_22multiversx_sc_scenario3api7impl_vh12vm_hooks_api10VMHooksApiNtNtBR_9debug_api15DebugApiBackendEENtCs9C0Go6X4hWo_13common_checks12ChecksModule24require_non_zero_addressCs45bTgHwkvlY_5tests
FN:8,_RNvYINtCs8Lb4KiqJtUJ_14liquidity_pool11ContractObjINtNtNtNtCs2vpbtxTS1EH_22multiversx_sc_scenario3api7impl_vh12vm_hooks_api10VMHooksApiNtNtBR_9debug_api15DebugApiBackendEENtCs9C0Go6X4hWo_13common_checks12ChecksModule32require_amount_greater_than_zeroCs45bTgHwkvlY_5tests
FN:6,_RNvYINtCs8Lb4KiqJtUJ_14liquidity_pool11ContractObjINtNtNtNtCs2vpbtxTS1EH_22multiversx_sc_scenario3api7impl_vh12vm_hooks_api10VMHooksApiNtNtBR_9debug_api15DebugApiBackendEENtCs9C0Go6X4hWo_13common_checks16EndpointWrappers17callback_selectorCs45bTgHwkvlY_5tests
FN:6,_RNvYINtCs8Lb4KiqJtUJ_14liquidity_pool11ContractObjINtNtNtNtCs2vpbtxTS1EH_22multiversx_sc_scenario3api7impl_vh12vm_hooks_api10VMHooksApiNtNtBR_9debug_api15DebugApiBackendEENtCs9C0Go6X4hWo_13common_checks16EndpointWrappers4callCs45bTgHwkvlY_5tests
FN:6,_RNvYINtCs8Lb4KiqJtUJ_14liquidity_pool11ContractObjINtNtNtNtCs2vpbtxTS1EH_22multiversx_sc_scenario3api7impl_vh12vm_hooks_api10VMHooksApiNtNtBR_9debug_api15DebugApiBackendEENtCs9C0Go6X4hWo_13common_checks16EndpointWrappers8callbackCs45bTgHwkvlY_5tests
FN:12,_RNvYINtCs9Xd16vCLxYs_12lending_pool11ContractObjINtNtNtNtCs2vpbtxTS1EH_22multiversx_sc_scenario3api7impl_vh12vm_hooks_api10VMHooksApiNtNtBP_9debug_api15DebugApiBackendEENtCs9C0Go6X4hWo_13common_checks12ChecksModule24require_non_zero_addressCs45bTgHwkvlY_5tests
FN:8,_RNvYINtCs9Xd16vCLxYs_12lending_pool11ContractObjINtNtNtNtCs2vpbtxTS1EH_22multiversx_sc_scenario3api7impl_vh12vm_hooks_api10VMHooksApiNtNtBP_9debug_api15DebugApiBackendEENtCs9C0Go6X4hWo_13common_checks12ChecksModule32require_amount_greater_than_zeroCs45bTgHwkvlY_5tests
FN:6,_RNvYINtCs9Xd16vCLxYs_12lending_pool11ContractObjINtNtNtNtCs2vpbtxTS1EH_22multiversx_sc_scenario3api7impl_vh12vm_hooks_api10VMHooksApiNtNtBP_9debug_api15DebugApiBackendEENtCs9C0Go6X4hWo_13common_checks16EndpointWrappers17callback_selectorCs45bTgHwkvlY_5tests
FN:6,_RNvYINtCs9Xd16vCLxYs_12lending_pool11ContractObjINtNtNtNtCs2vpbtxTS1EH_22multiversx_sc_scenario3api7impl_vh12vm_hooks_api10VMHooksApiNtNtBP_9debug_api15DebugApiBackendEENtCs9C0Go6X4hWo_13common_checks16EndpointWrappers4callCs45bTgHwkvlY_5tests
FN:6,_RNvYINtCs9Xd16vCLxYs_12lending_pool11ContractObjINtNtNtNtCs2vpbtxTS1EH_22multiversx_sc_scenario3api7impl_vh12vm_hooks_api10VMHooksApiNtNtBP_9debug_api15DebugApiBackendEENtCs9C0Go6X4hWo_13common_checks16EndpointWrappers8callbackCs45bTgHwkvlY_5tests
FNDA:0,_RNvYpNtCsk5eG9esSTei_13common_checks12ChecksModule32require_amount_greater_than_zeroB5_
FNDA:0,_RNvYpNtCsk5eG9esSTei_13common_checks12ChecksModule24require_non_zero_addressB5_
FNDA:0,_RNvYpNtCsk5eG9esSTei_13common_checks16EndpointWrappers4callB5_
FNDA:0,_RNvYpNtCsk5eG9esSTei_13common_checks16EndpointWrappers17callback_selectorB5_
FNDA:0,_RNvYpNtCsk5eG9esSTei_13common_checks16EndpointWrappers8callbackB5_
FNDA:0,_RNvXs1_Csk5eG9esSTei_13common_checksNtB5_11AbiProviderNtNtNtCs42MSoZVSe6Q_13multiversx_sc13contract_base21contract_abi_provider19ContractAbiProvider3abi
FNDA:0,_RNvXINICsk5eG9esSTei_13common_checkss5_0pEINtB5_11ContractObjpENtNtNtCs42MSoZVSe6Q_13multiversx_sc13contract_base17callable_contract16CallableContract4callB5_
FNDA:0,_RINvCsk5eG9esSTei_13common_checks12contract_objpEB2_
FNDA:0,_RINvXs6_Csk5eG9esSTei_13common_checksNtB6_15ContractBuilderNtNtNtCs42MSoZVSe6Q_13multiversx_sc13contract_base17callable_contract23CallableContractBuilder16new_contract_objpEB6_
FNDA:24,_RNvYINtCs8Lb4KiqJtUJ_14liquidity_pool11ContractObjINtNtNtNtCs2vpbtxTS1EH_22multiversx_sc_scenario3api7impl_vh12vm_hooks_api10VMHooksApiNtNtBR_9debug_api15DebugApiBackendEENtCs9C0Go6X4hWo_13common_checks12ChecksModule24require_non_zero_addressCs45bTgHwkvlY_5tests
FNDA:8,_RNvYINtCs8Lb4KiqJtUJ_14liquidity_pool11ContractObjINtNtNtNtCs2vpbtxTS1EH_22multiversx_sc_scenario3api7impl_vh12vm_hooks_api10VMHooksApiNtNtBR_9debug_api15DebugApiBackendEENtCs9C0Go6X4hWo_13common_checks12ChecksModule32require_amount_greater_than_zeroCs45bTgHwkvlY_5tests
FNDA:0,_RNvYINtCs8Lb4KiqJtUJ_14liquidity_pool11ContractObjINtNtNtNtCs2vpbtxTS1EH_22multiversx_sc_scenario3api7impl_vh12vm_hooks_api10VMHooksApiNtNtBR_9debug_api15DebugApiBackendEENtCs9C0Go6X4hWo_13common_checks16EndpointWrappers17callback_selectorCs45bTgHwkvlY_5tests
FNDA:0,_RNvYINtCs8Lb4KiqJtUJ_14liquidity_pool11ContractObjINtNtNtNtCs2vpbtxTS1EH_22multiversx_sc_scenario3api7impl_vh12vm_hooks_api10VMHooksApiNtNtBR_9debug_api15DebugApiBackendEENtCs9C0Go6X4hWo_13common_checks16EndpointWrappers4callCs45bTgHwkvlY_5tests
FNDA:0,_RNvYINtCs8Lb4KiqJtUJ_14liquidity_pool11ContractObjINtNtNtNtCs2vpbtxTS1EH_22multiversx_sc_scenario3api7impl_vh12vm_hooks_api10VMHooksApiNtNtBR_9debug_api15DebugApiBackendEENtCs9C0Go6X4hWo_13common_checks16EndpointWrappers8callbackCs45bTgHwkvlY_5tests
FNDA:241,_RNvYINtCs9Xd16vCLxYs_12lending_pool11ContractObjINtNtNtNtCs2vpbtxTS1EH_22multiversx_sc_scenario3api7impl_vh12vm_hooks_api10VMHooksApiNtNtBP_9debug_api15DebugApiBackendEENtCs9C0Go6X4hWo_13common_checks12ChecksModule24require_non_zero_addressCs45bTgHwkvlY_5tests
FNDA:70,_RNvYINtCs9Xd16vCLxYs_12lending_pool11ContractObjINtNtNtNtCs2vpbtxTS1EH_22multiversx_sc_scenario3api7impl_vh12vm_hooks_api10VMHooksApiNtNtBP_9debug_api15DebugApiBackendEENtCs9C0Go6X4hWo_13common_checks12ChecksModule32require_amount_greater_than_zeroCs45bTgHwkvlY_5tests
FNDA:0,_RNvYINtCs9Xd16vCLxYs_12lending_pool11ContractObjINtNtNtNtCs2vpbtxTS1EH_22multiversx_sc_scenario3api7impl_vh12vm_hooks_api10VMHooksApiNtNtBP_9debug_api15DebugApiBackendEENtCs9C0Go6X4hWo_13common_checks16EndpointWrappers17callback_selectorCs45bTgHwkvlY_5tests
FNDA:50,_RNvYINtCs9Xd16vCLxYs_12lending_pool11ContractObjINtNtNtNtCs2vpbtxTS1EH_22multiversx_sc_scenario3api7impl_vh12vm_hooks_api10VMHooksApiNtNtBP_9debug_api15DebugApiBackendEENtCs9C0Go6X4hWo_13common_checks16EndpointWrappers4callCs45bTgHwkvlY_5tests
FNDA:0,_RNvYINtCs9Xd16vCLxYs_12lending_pool11ContractObjINtNtNtNtCs2vpbtxTS1EH_22multiversx_sc_scenario3api7impl_vh12vm_hooks_api10VMHooksApiNtNtBP_9debug_api15DebugApiBackendEENtCs9C0Go6X4hWo_13common_checks16EndpointWrappers8callbackCs45bTgHwkvlY_5tests
FNF:3
FNH:3
DA:6,50
DA:8,78
DA:9,78
DA:12,265
DA:13,265
BRF:0
BRH:0
LF:5
LH:5
end_of_record
SF:/Users/mihaieremia/GitHub/rs-lending/common/events/src/events.rs
FN:7,_RNvXINICsipELJfpj6CS_13common_events0pEpNtB5_12EventsModule26create_market_params_eventB5_
FN:7,_RNvXINICsipELJfpj6CS_13common_events0pEpNtB5_12EventsModule19market_params_eventB5_
FN:7,_RNvXINICsipELJfpj6CS_13common_events0pEpNtB5_12EventsModule25update_market_state_eventB5_
FN:7,_RNvXINICsipELJfpj6CS_13common_events0pEpNtB5_12EventsModule21update_position_eventB5_
FN:7,_RNvXINICsipELJfpj6CS_13common_events0pEpNtB5_12EventsModule25update_debt_ceiling_eventB5_
FN:7,_RNvXINICsipELJfpj6CS_13common_events0pEpNtB5_12EventsModule25update_asset_config_eventB5_
FN:7,_RNvXINICsipELJfpj6CS_13common_events0pEpNtB5_12EventsModule28update_e_mode_category_eventB5_
FN:7,_RNvXINICsipELJfpj6CS_13common_events0pEpNtB5_12EventsModule25update_e_mode_asset_eventB5_
FN:7,_RNvYpNtCsipELJfpj6CS_13common_events16EndpointWrappers4callB5_
FN:7,_RNvYpNtCsipELJfpj6CS_13common_events16EndpointWrappers17callback_selectorB5_
FN:7,_RNvYpNtCsipELJfpj6CS_13common_events16EndpointWrappers8callbackB5_
FN:7,_RNvXs1_CsipELJfpj6CS_13common_eventsNtB5_11AbiProviderNtNtNtCs42MSoZVSe6Q_13multiversx_sc13contract_base21contract_abi_provider19ContractAbiProvider3abi
FN:7,_RNvXINICsipELJfpj6CS_13common_eventss5_0pEINtB5_11ContractObjpENtNtNtCs42MSoZVSe6Q_13multiversx_sc13contract_base17callable_contract16CallableContract4callB5_
FN:7,_RINvCsipELJfpj6CS_13common_events12contract_objpEB2_
FN:7,_RINvXs6_CsipELJfpj6CS_13common_eventsNtB6_15ContractBuilderNtNtNtCs42MSoZVSe6Q_13multiversx_sc13contract_base17callable_contract23CallableContractBuilder16new_contract_objpEB6_
FN:7,_RNvXCs3PHWH7HeLh7_13common_eventsINtCs8Lb4KiqJtUJ_14liquidity_pool11ContractObjINtNtNtNtCs2vpbtxTS1EH_22multiversx_sc_scenario3api7impl_vh12vm_hooks_api10VMHooksApiNtNtB1k_9debug_api15DebugApiBackendEENtB2_12EventsModule19market_params_eventCs45bTgHwkvlY_5tests
FN:7,_RNvXCs3PHWH7HeLh7_13common_eventsINtCs8Lb4KiqJtUJ_14liquidity_pool11ContractObjINtNtNtNtCs2vpbtxTS1EH_22multiversx_sc_scenario3api7impl_vh12vm_hooks_api10VMHooksApiNtNtB1k_9debug_api15DebugApiBackendEENtB2_12EventsModule21update_position_eventCs45bTgHwkvlY_5tests
FN:7,_RNvXCs3PHWH7HeLh7_13common_eventsINtCs8Lb4KiqJtUJ_14liquidity_pool11ContractObjINtNtNtNtCs2vpbtxTS1EH_22multiversx_sc_scenario3api7impl_vh12vm_hooks_api10VMHooksApiNtNtB1k_9debug_api15DebugApiBackendEENtB2_12EventsModule25update_market_state_eventCs45bTgHwkvlY_5tests
FN:7,_RNvYINtCs8Lb4KiqJtUJ_14liquidity_pool11ContractObjINtNtNtNtCs2vpbtxTS1EH_22multiversx_sc_scenario3api7impl_vh12vm_hooks_api10VMHooksApiNtNtBR_9debug_api15DebugApiBackendEENtCs3PHWH7HeLh7_13common_events16EndpointWrappers17callback_selectorCs45bTgHwkvlY_5tests
FN:7,_RNvYINtCs8Lb4KiqJtUJ_14liquidity_pool11ContractObjINtNtNtNtCs2vpbtxTS1EH_22multiversx_sc_scenario3api7impl_vh12vm_hooks_api10VMHooksApiNtNtBR_9debug_api15DebugApiBackendEENtCs3PHWH7HeLh7_13common_events16EndpointWrappers4callCs45bTgHwkvlY_5tests
FN:7,_RNvYINtCs8Lb4KiqJtUJ_14liquidity_pool11ContractObjINtNtNtNtCs2vpbtxTS1EH_22multiversx_sc_scenario3api7impl_vh12vm_hooks_api10VMHooksApiNtNtBR_9debug_api15DebugApiBackendEENtCs3PHWH7HeLh7_13common_events16EndpointWrappers8callbackCs45bTgHwkvlY_5tests
FN:7,_RNvXCs3PHWH7HeLh7_13common_eventsINtCs9Xd16vCLxYs_12lending_pool11ContractObjINtNtNtNtCs2vpbtxTS1EH_22multiversx_sc_scenario3api7impl_vh12vm_hooks_api10VMHooksApiNtNtB1i_9debug_api15DebugApiBackendEENtB2_12EventsModule21update_position_eventCs45bTgHwkvlY_5tests
FN:7,_RNvXCs3PHWH7HeLh7_13common_eventsINtCs9Xd16vCLxYs_12lending_pool11ContractObjINtNtNtNtCs2vpbtxTS1EH_22multiversx_sc_scenario3api7impl_vh12vm_hooks_api10VMHooksApiNtNtB1i_9debug_api15DebugApiBackendEENtB2_12EventsModule25update_asset_config_eventCs45bTgHwkvlY_5tests
FN:7,_RNvXCs3PHWH7HeLh7_13common_eventsINtCs9Xd16vCLxYs_12lending_pool11ContractObjINtNtNtNtCs2vpbtxTS1EH_22multiversx_sc_scenario3api7impl_vh12vm_hooks_api10VMHooksApiNtNtB1i_9debug_api15DebugApiBackendEENtB2_12EventsModule25update_debt_ceiling_eventCs45bTgHwkvlY_5tests
FN:7,_RNvXCs3PHWH7HeLh7_13common_eventsINtCs9Xd16vCLxYs_12lending_pool11ContractObjINtNtNtNtCs2vpbtxTS1EH_22multiversx_sc_scenario3api7impl_vh12vm_hooks_api10VMHooksApiNtNtB1i_9debug_api15DebugApiBackendEENtB2_12EventsModule25update_e_mode_asset_eventCs45bTgHwkvlY_5tests
FN:7,_RNvXCs3PHWH7HeLh7_13common_eventsINtCs9Xd16vCLxYs_12lending_pool11ContractObjINtNtNtNtCs2vpbtxTS1EH_22multiversx_sc_scenario3api7impl_vh12vm_hooks_api10VMHooksApiNtNtB1i_9debug_api15DebugApiBackendEENtB2_12EventsModule26create_market_params_eventCs45bTgHwkvlY_5tests
FN:7,_RNvXCs3PHWH7HeLh7_13common_eventsINtCs9Xd16vCLxYs_12lending_pool11ContractObjINtNtNtNtCs2vpbtxTS1EH_22multiversx_sc_scenario3api7impl_vh12vm_hooks_api10VMHooksApiNtNtB1i_9debug_api15DebugApiBackendEENtB2_12EventsModule28update_e_mode_category_eventCs45bTgHwkvlY_5tests
FN:7,_RNvYINtCs9Xd16vCLxYs_12lending_pool11ContractObjINtNtNtNtCs2vpbtxTS1EH_22multiversx_sc_scenario3api7impl_vh12vm_hooks_api10VMHooksApiNtNtBP_9debug_api15DebugApiBackendEENtCs3PHWH7HeLh7_13common_events16EndpointWrappers17callback_selectorCs45bTgHwkvlY_5tests
FN:7,_RNvYINtCs9Xd16vCLxYs_12lending_pool11ContractObjINtNtNtNtCs2vpbtxTS1EH_22multiversx_sc_scenario3api7impl_vh12vm_hooks_api10VMHooksApiNtNtBP_9debug_api15DebugApiBackendEENtCs3PHWH7HeLh7_13common_events16EndpointWrappers4callCs45bTgHwkvlY_5tests
FN:7,_RNvYINtCs9Xd16vCLxYs_12lending_pool11ContractObjINtNtNtNtCs2vpbtxTS1EH_22multiversx_sc_scenario3api7impl_vh12vm_hooks_api10VMHooksApiNtNtBP_9debug_api15DebugApiBackendEENtCs3PHWH7HeLh7_13common_events16EndpointWrappers8callbackCs45bTgHwkvlY_5tests
FNDA:0,_RNvXINICsipELJfpj6CS_13common_events0pEpNtB5_12EventsModule26create_market_params_eventB5_
FNDA:0,_RNvXINICsipELJfpj6CS_13common_events0pEpNtB5_12EventsModule19market_params_eventB5_
FNDA:0,_RNvXINICsipELJfpj6CS_13common_events0pEpNtB5_12EventsModule25update_market_state_eventB5_
FNDA:0,_RNvXINICsipELJfpj6CS_13common_events0pEpNtB5_12EventsModule21update_position_eventB5_
FNDA:0,_RNvXINICsipELJfpj6CS_13common_events0pEpNtB5_12EventsModule25update_debt_ceiling_eventB5_
FNDA:0,_RNvXINICsipELJfpj6CS_13common_events0pEpNtB5_12EventsModule25update_asset_config_eventB5_
FNDA:0,_RNvXINICsipELJfpj6CS_13common_events0pEpNtB5_12EventsModule28update_e_mode_category_eventB5_
FNDA:0,_RNvXINICsipELJfpj6CS_13common_events0pEpNtB5_12EventsModule25update_e_mode_asset_eventB5_
FNDA:0,_RNvYpNtCsipELJfpj6CS_13common_events16EndpointWrappers4callB5_
FNDA:0,_RNvYpNtCsipELJfpj6CS_13common_events16EndpointWrappers17callback_selectorB5_
FNDA:0,_RNvYpNtCsipELJfpj6CS_13common_events16EndpointWrappers8callbackB5_
FNDA:0,_RNvXs1_CsipELJfpj6CS_13common_eventsNtB5_11AbiProviderNtNtNtCs42MSoZVSe6Q_13multiversx_sc13contract_base21contract_abi_provider19ContractAbiProvider3abi
FNDA:0,_RNvXINICsipELJfpj6CS_13common_eventss5_0pEINtB5_11ContractObjpENtNtNtCs42MSoZVSe6Q_13multiversx_sc13contract_base17callable_contract16CallableContract4callB5_
FNDA:0,_RINvCsipELJfpj6CS_13common_events12contract_objpEB2_
FNDA:0,_RINvXs6_CsipELJfpj6CS_13common_eventsNtB6_15ContractBuilderNtNtNtCs42MSoZVSe6Q_13multiversx_sc13contract_base17callable_contract23CallableContractBuilder16new_contract_objpEB6_
FNDA:0,_RNvXCs3PHWH7HeLh7_13common_eventsINtCs8Lb4KiqJtUJ_14liquidity_pool11ContractObjINtNtNtNtCs2vpbtxTS1EH_22multiversx_sc_scenario3api7impl_vh12vm_hooks_api10VMHooksApiNtNtB1k_9debug_api15DebugApiBackendEENtB2_12EventsModule19market_params_eventCs45bTgHwkvlY_5tests
FNDA:102,_RNvXCs3PHWH7HeLh7_13common_eventsINtCs8Lb4KiqJtUJ_14liquidity_pool11ContractObjINtNtNtNtCs2vpbtxTS1EH_22multiversx_sc_scenario3api7impl_vh12vm_hooks_api10VMHooksApiNtNtB1k_9debug_api15DebugApiBackendEENtB2_12EventsModule21update_position_eventCs45bTgHwkvlY_5tests
FNDA:157,_RNvXCs3PHWH7HeLh7_13common_eventsINtCs8Lb4KiqJtUJ_14liquidity_pool11ContractObjINtNtNtNtCs2vpbtxTS1EH_22multiversx_sc_scenario3api7impl_vh12vm_hooks_api10VMHooksApiNtNtB1k_9debug_api15DebugApiBackendEENtB2_12EventsModule25update_market_state_eventCs45bTgHwkvlY_5tests
FNDA:0,_RNvYINtCs8Lb4KiqJtUJ_14liquidity_pool11ContractObjINtNtNtNtCs2vpbtxTS1EH_22multiversx_sc_scenario3api7impl_vh12vm_hooks_api10VMHooksApiNtNtBR_9debug_api15DebugApiBackendEENtCs3PHWH7HeLh7_13common_events16EndpointWrappers17callback_selectorCs45bTgHwkvlY_5tests
FNDA:163,_RNvYINtCs8Lb4KiqJtUJ_14liquidity_pool11ContractObjINtNtNtNtCs2vpbtxTS1EH_22multiversx_sc_scenario3api7impl_vh12vm_hooks_api10VMHooksApiNtNtBR_9debug_api15DebugApiBackendEENtCs3PHWH7HeLh7_13common_events16EndpointWrappers4callCs45bTgHwkvlY_5tests
FNDA:0,_RNvYINtCs8Lb4KiqJtUJ_14liquidity_pool11ContractObjINtNtNtNtCs2vpbtxTS1EH_22multiversx_sc_scenario3api7impl_vh12vm_hooks_api10VMHooksApiNtNtBR_9debug_api15DebugApiBackendEENtCs3PHWH7HeLh7_13common_events16EndpointWrappers8callbackCs45bTgHwkvlY_5tests
FNDA:61,_RNvXCs3PHWH7HeLh7_13common_eventsINtCs9Xd16vCLxYs_12lending_pool11ContractObjINtNtNtNtCs2vpbtxTS1EH_22multiversx_sc_scenario3api7impl_vh12vm_hooks_api10VMHooksApiNtNtB1i_9debug_api15DebugApiBackendEENtB2_12EventsModule21update_position_eventCs45bTgHwkvlY_5tests
FNDA:88,_RNvXCs3PHWH7HeLh7_13common_eventsINtCs9Xd16vCLxYs_12lending_pool11ContractObjINtNtNtNtCs2vpbtxTS1EH_22multiversx_sc_scenario3api7impl_vh12vm_hooks_api10VMHooksApiNtNtB1i_9debug_api15DebugApiBackendEENtB2_12EventsModule25update_asset_config_eventCs45bTgHwkvlY_5tests
FNDA:0,_RNvXCs3PHWH7HeLh7_13common_eventsINtCs9Xd16vCLxYs_12lending_pool11ContractObjINtNtNtNtCs2vpbtxTS1EH_22multiversx_sc_scenario3api7impl_vh12vm_hooks_api10VMHooksApiNtNtB1i_9debug_api15DebugApiBackendEENtB2_12EventsModule25update_debt_ceiling_eventCs45bTgHwkvlY_5tests
FNDA:88,_RNvXCs3PHWH7HeLh7_13common_eventsINtCs9Xd16vCLxYs_12lending_pool11ContractObjINtNtNtNtCs2vpbtxTS1EH_22multiversx_sc_scenario3api7impl_vh12vm_hooks_api10VMHooksApiNtNtB1i_9debug_api15DebugApiBackendEENtB2_12EventsModule25update_e_mode_asset_eventCs45bTgHwkvlY_5tests
FNDA:176,_RNvXCs3PHWH7HeLh7_13common_eventsINtCs9Xd16vCLxYs_12lending_pool11ContractObjINtNtNtNtCs2vpbtxTS1EH_22multiversx_sc_scenario3api7impl_vh12vm_hooks_api10VMHooksApiNtNtB1i_9debug_api15DebugApiBackendEENtB2_12EventsModule26create_market_params_eventCs45bTgHwkvlY_5tests
FNDA:22,_RNvXCs3PHWH7HeLh7_13common_eventsINtCs9Xd16vCLxYs_12lending_pool11ContractObjINtNtNtNtCs2vpbtxTS1EH_22multiversx_sc_scenario3api7impl_vh12vm_hooks_api10VMHooksApiNtNtB1i_9debug_api15DebugApiBackendEENtB2_12EventsModule28update_e_mode_category_eventCs45bTgHwkvlY_5tests
FNDA:0,_RNvYINtCs9Xd16vCLxYs_12lending_pool11ContractObjINtNtNtNtCs2vpbtxTS1EH_22multiversx_sc_scenario3api7impl_vh12vm_hooks_api10VMHooksApiNtNtBP_9debug_api15DebugApiBackendEENtCs3PHWH7HeLh7_13common_events16EndpointWrappers17callback_selectorCs45bTgHwkvlY_5tests
FNDA:411,_RNvYINtCs9Xd16vCLxYs_12lending_pool11ContractObjINtNtNtNtCs2vpbtxTS1EH_22multiversx_sc_scenario3api7impl_vh12vm_hooks_api10VMHooksApiNtNtBP_9debug_api15DebugApiBackendEENtCs3PHWH7HeLh7_13common_events16EndpointWrappers4callCs45bTgHwkvlY_5tests
FNDA:0,_RNvYINtCs9Xd16vCLxYs_12lending_pool11ContractObjINtNtNtNtCs2vpbtxTS1EH_22multiversx_sc_scenario3api7impl_vh12vm_hooks_api10VMHooksApiNtNtBP_9debug_api15DebugApiBackendEENtCs3PHWH7HeLh7_13common_events16EndpointWrappers8callbackCs45bTgHwkvlY_5tests
FNF:1
FNH:1
DA:7,574
BRF:0
BRH:0
LF:1
LH:1
end_of_record
SF:/Users/mihaieremia/GitHub/rs-lending/common/structs/src/model.rs
FN:10,_RINvXINICscc7zTfnX8JX_14common_structss18_0pEINtB6_10PoolParamspENtNtNtCsaJvka5KiulT_19multiversx_sc_codec6single6top_en9TopEncode24top_encode_or_handle_errppEB6_
FN:10,_RINvXINICscc7zTfnX8JX_14common_structss19_0pEINtB6_10PoolParamspENtNtNtCsaJvka5KiulT_19multiversx_sc_codec6single6top_de9TopDecode24top_decode_or_handle_errppEB6_
FN:10,_RNvXINICscc7zTfnX8JX_14common_structss1c_0pEINtB5_10PoolParamspENtNtNtCs42MSoZVSe6Q_13multiversx_sc3abi8type_abi7TypeAbi9type_nameB5_
FN:10,_RINvXINICscc7zTfnX8JX_14common_structss1c_0pEINtB6_10PoolParamspENtNtNtCs42MSoZVSe6Q_13multiversx_sc3abi8type_abi7TypeAbi25provide_type_descriptionspEB6_
FN:20,_RINvXs10_Cscc7zTfnX8JX_14common_structsNtB7_21UpdateAssetParamsTypeNtNtNtCsaJvka5KiulT_19multiversx_sc_codec6single9nested_en12NestedEncode24dep_encode_or_handle_errppEB7_
FN:20,_RINvXs11_Cscc7zTfnX8JX_14common_structsNtB7_21UpdateAssetParamsTypeNtNtNtCsaJvka5KiulT_19multiversx_sc_codec6single9nested_de12NestedDecode24dep_decode_or_handle_errppEB7_
FN:20,_RINvXs12_Cscc7zTfnX8JX_14common_structsNtB7_21UpdateAssetParamsTypeNtNtNtCsaJvka5KiulT_19multiversx_sc_codec6single6top_en9TopEncode24top_encode_or_handle_errppEB7_
FN:20,_RINvXs13_Cscc7zTfnX8JX_14common_structsNtB7_21UpdateAssetParamsTypeNtNtNtCsaJvka5KiulT_19multiversx_sc_codec6single6top_de9TopDecode24top_decode_or_handle_errppEB7_
FN:20,_RNvXs16_Cscc7zTfnX8JX_14common_structsNtB6_21UpdateAssetParamsTypeNtNtNtCs42MSoZVSe6Q_13multiversx_sc3abi8type_abi7TypeAbi9type_name
FN:20,_RINvXs16_Cscc7zTfnX8JX_14common_structsNtB7_21UpdateAssetParamsTypeNtNtNtCs42MSoZVSe6Q_13multiversx_sc3abi8type_abi7TypeAbi25provide_type_descriptionspEB7_
FN:28,_RINvXsR_Cscc7zTfnX8JX_14common_structsNtB6_19AccountPositionTypeNtNtNtNtNtCs42MSoZVSe6Q_13multiversx_sc5types7managed7wrapped16managed_vec_item14ManagedVecItem16from_byte_readerpEB6_
FN:28,_RINvXsR_Cscc7zTfnX8JX_14common_structsNtB6_19AccountPositionTypeNtNtNtNtNtCs42MSoZVSe6Q_13multiversx_sc5types7managed7wrapped16managed_vec_item14ManagedVecItem26from_byte_reader_as_borrowpEB6_
FN:28,_RINvXsR_Cscc7zTfnX8JX_14common_structsNtB6_19AccountPositionTypeNtNtNtNtNtCs42MSoZVSe6Q_13multiversx_sc5types7managed7wrapped16managed_vec_item14ManagedVecItem16into_byte_writerppEB6_
FN:28,_RINvXsS_Cscc7zTfnX8JX_14common_structsNtB6_19AccountPositionTypeNtNtNtCsaJvka5KiulT_19multiversx_sc_codec6single9nested_en12NestedEncode24dep_encode_or_handle_errppEB6_
FN:28,_RINvXsT_Cscc7zTfnX8JX_14common_structsNtB6_19AccountPositionTypeNtNtNtCsaJvka5KiulT_19multiversx_sc_codec6single9nested_de12NestedDecode24dep_decode_or_handle_errppEB6_
FN:28,_RINvXsU_Cscc7zTfnX8JX_14common_structsNtB6_19AccountPositionTypeNtNtNtCsaJvka5KiulT_19multiversx_sc_codec6single6top_en9TopEncode24top_encode_or_handle_errppEB6_
FN:28,_RINvXsV_Cscc7zTfnX8JX_14common_structsNtB6_19AccountPositionTypeNtNtNtCsaJvka5KiulT_19multiversx_sc_codec6single6top_de9TopDecode24top_decode_or_handle_errppEB6_
FN:28,_RNvXsY_Cscc7zTfnX8JX_14common_structsNtB5_19AccountPositionTypeNtNtNtCs42MSoZVSe6Q_13multiversx_sc3abi8type_abi7TypeAbi9type_name
FN:28,_RINvXsY_Cscc7zTfnX8JX_14common_structsNtB6_19AccountPositionTypeNtNtNtCs42MSoZVSe6Q_13multiversx_sc3abi8type_abi7TypeAbi25provide_type_descriptionspEB6_
FN:35,_RINvXINICscc7zTfnX8JX_14common_structssI_0pEINtB6_15AccountPositionpENtNtNtNtNtCs42MSoZVSe6Q_13multiversx_sc5types7managed7wrapped16managed_vec_item14ManagedVecItem16from_byte_readerpEB6_
FN:35,_RNCINvXINICscc7zTfnX8JX_14common_structssI_0pEINtB8_15AccountPositionpENtNtNtNtNtCs42MSoZVSe6Q_13multiversx_sc5types7managed7wrapped16managed_vec_item14ManagedVecItem16from_byte_readerpE0B8_
FN:35,_RNCINvXINICscc7zTfnX8JX_14common_structssI_0pEINtB8_15AccountPositionpENtNtNtNtNtCs42MSoZVSe6Q_13multiversx_sc5types7managed7wrapped16managed_vec_item14ManagedVecItem16from_byte_readerpEs_0B8_
FN:35,_RNCINvXINICscc7zTfnX8JX_14common_structssI_0pEINtB8_15AccountPositionpENtNtNtNtNtCs42MSoZVSe6Q_13multiversx_sc5types7managed7wrapped16managed_vec_item14ManagedVecItem16from_byte_readerpEs0_0B8_
FN:35,_RNCINvXINICscc7zTfnX8JX_14common_structssI_0pEINtB8_15AccountPositionpENtNtNtNtNtCs42MSoZVSe6Q_13multiversx_sc5types7managed7wrapped16managed_vec_item14ManagedVecItem16from_byte_readerpEs1_0B8_
FN:35,_RNCINvXINICscc7zTfnX8JX_14common_structssI_0pEINtB8_15AccountPositionpENtNtNtNtNtCs42MSoZVSe6Q_13multiversx_sc5types7managed7wrapped16managed_vec_item14ManagedVecItem16from_byte_readerpEs2_0B8_
FN:35,_RNCINvXINICscc7zTfnX8JX_14common_structssI_0pEINtB8_15AccountPositionpENtNtNtNtNtCs42MSoZVSe6Q_13multiversx_sc5types7managed7wrapped16managed_vec_item14ManagedVecItem16from_byte_readerpEs3_0B8_
FN:35,_RNCINvXINICscc7zTfnX8JX_14common_structssI_0pEINtB8_15AccountPositionpENtNtNtNtNtCs42MSoZVSe6Q_13multiversx_sc5types7managed7wrapped16managed_vec_item14ManagedVecItem16from_byte_readerpEs4_0B8_
FN:35,_RNCINvXINICscc7zTfnX8JX_14common_structssI_0pEINtB8_15AccountPositionpENtNtNtNtNtCs42MSoZVSe6Q_13multiversx_sc5types7managed7wrapped16managed_vec_item14ManagedVecItem16from_byte_readerpEs5_0B8_
FN:35,_RNCINvXINICscc7zTfnX8JX_14common_structssI_0pEINtB8_15AccountPositionpENtNtNtNtNtCs42MSoZVSe6Q_13multiversx_sc5types7managed7wrapped16managed_vec_item14ManagedVecItem16from_byte_readerpEs6_0B8_
FN:35,_RNCINvXINICscc7zTfnX8JX_14common_structssI_0pEINtB8_15AccountPositionpENtNtNtNtNtCs42MSoZVSe6Q_13multiversx_sc5types7managed7wrapped16managed_vec_item14ManagedVecItem16from_byte_readerpEs7_0B8_
FN:35,_RINvXINICscc7zTfnX8JX_14common_structssI_0pEINtB6_15AccountPositionpENtNtNtNtNtCs42MSoZVSe6Q_13multiversx_sc5types7managed7wrapped16managed_vec_item14ManagedVecItem26from_byte_reader_as_borrowpEB6_
FN:35,_RINvXINICscc7zTfnX8JX_14common_structssI_0pEINtB6_15AccountPositionpENtNtNtNtNtCs42MSoZVSe6Q_13multiversx_sc5types7managed7wrapped16managed_vec_item14ManagedVecItem16into_byte_writerppEB6_
FN:35,_RNCINvXINICscc7zTfnX8JX_14common_structssI_0pEINtB8_15AccountPositionpENtNtNtNtNtCs42MSoZVSe6Q_13multiversx_sc5types7managed7wrapped16managed_vec_item14ManagedVecItem16into_byte_writerppE0B8_
FN:35,_RNCINvXINICscc7zTfnX8JX_14common_structssI_0pEINtB8_15AccountPositionpENtNtNtNtNtCs42MSoZVSe6Q_13multiversx_sc5types7managed7wrapped16managed_vec_item14ManagedVecItem16into_byte_writerppEs_0B8_
FN:35,_RNCINvXINICscc7zTfnX8JX_14common_structssI_0pEINtB8_15AccountPositionpENtNtNtNtNtCs42MSoZVSe6Q_13multiversx_sc5types7managed7wrapped16managed_vec_item14ManagedVecItem16into_byte_writerppEs0_0B8_
FN:35,_RNCINvXINICscc7zTfnX8JX_14common_structssI_0pEINtB8_15AccountPositionpENtNtNtNtNtCs42MSoZVSe6Q_13multiversx_sc5types7managed7wrapped16managed_vec_item14ManagedVecItem16into_byte_writerppEs1_0B8_
FN:35,_RNCINvXINICscc7zTfnX8JX_14common_structssI_0pEINtB8_15AccountPositionpENtNtNtNtNtCs42MSoZVSe6Q_13multiversx_sc5types7managed7wrapped16managed_vec_item14ManagedVecItem16into_byte_writerppEs2_0B8_
FN:35,_RNCINvXINICscc7zTfnX8JX_14common_structssI_0pEINtB8_15AccountPositionpENtNtNtNtNtCs42MSoZVSe6Q_13multiversx_sc5types7managed7wrapped16managed_vec_item14ManagedVecItem16into_byte_writerppEs3_0B8_
FN:35,_RNCINvXINICscc7zTfnX8JX_14common_structssI_0pEINtB8_15AccountPositionpENtNtNtNtNtCs42MSoZVSe6Q_13multiversx_sc5types7managed7wrapped16managed_vec_item14ManagedVecItem16into_byte_writerppEs4_0B8_
FN:35,_RNCINvXINICscc7zTfnX8JX_14common_structssI_0pEINtB8_15AccountPositionpENtNtNtNtNtCs42MSoZVSe6Q_13multiversx_sc5types7managed7wrapped16managed_vec_item14ManagedVecItem16into_byte_writerppEs5_0B8_
FN:35,_RNCINvXINICscc7zTfnX8JX_14common_structssI_0pEINtB8_15AccountPositionpENtNtNtNtNtCs42MSoZVSe6Q_13multiversx_sc5types7managed7wrapped16managed_vec_item14ManagedVecItem16into_byte_writerppEs6_0B8_
FN:35,_RNCINvXINICscc7zTfnX8JX_14common_structssI_0pEINtB8_15AccountPositionpENtNtNtNtNtCs42MSoZVSe6Q_13multiversx_sc5types7managed7wrapped16managed_vec_item14ManagedVecItem16into_byte_writerppEs7_0B8_
FN:35,_RINvXINICscc7zTfnX8JX_14common_structssJ_0pEINtB6_15AccountPositionpENtNtNtCsaJvka5KiulT_19multiversx_sc_codec6single9nested_en12NestedEncode24dep_encode_or_handle_errppEB6_
FN:35,_RINvXINICscc7zTfnX8JX_14common_structssK_0pEINtB6_15AccountPositionpENtNtNtCsaJvka5KiulT_19multiversx_sc_codec6single9nested_de12NestedDecode24dep_decode_or_handle_errppEB6_
FN:35,_RINvXINICscc7zTfnX8JX_14common_structssL_0pEINtB6_15AccountPositionpENtNtNtCsaJvka5KiulT_19multiversx_sc_codec6single6top_en9TopEncode24top_encode_or_handle_errppEB6_
FN:35,_RINvXINICscc7zTfnX8JX_14common_structssM_0pEINtB6_15AccountPositionpENtNtNtCsaJvka5KiulT_19multiversx_sc_codec6single6top_de9TopDecode24top_decode_or_handle_errppEB6_
FN:35,_RNvXINICscc7zTfnX8JX_14common_structssP_0pEINtB5_15AccountPositionpENtNtNtCs42MSoZVSe6Q_13multiversx_sc3abi8type_abi7TypeAbi9type_nameB5_
FN:35,_RINvXINICscc7zTfnX8JX_14common_structssP_0pEINtB6_15AccountPositionpENtNtNtCs42MSoZVSe6Q_13multiversx_sc3abi8type_abi7TypeAbi25provide_type_descriptionspEB6_
FN:51,_RNvMCscc7zTfnX8JX_14common_structsINtB2_15AccountPositionpE3newB2_
FN:77,_RNvMCscc7zTfnX8JX_14common_structsINtB2_15AccountPositionpE16get_total_amountB2_
FN:82,_RINvXINICscc7zTfnX8JX_14common_structssA_0pEINtB6_11AssetConfigpENtNtNtNtNtCs42MSoZVSe6Q_13multiversx_sc5types7managed7wrapped16managed_vec_item14ManagedVecItem16from_byte_readerpEB6_
FN:82,_RNCINvXINICscc7zTfnX8JX_14common_structssA_0pEINtB8_11AssetConfigpENtNtNtNtNtCs42MSoZVSe6Q_13multiversx_sc5types7managed7wrapped16managed_vec_item14ManagedVecItem16from_byte_readerpE0B8_
FN:82,_RNCINvXINICscc7zTfnX8JX_14common_structssA_0pEINtB8_11AssetConfigpENtNtNtNtNtCs42MSoZVSe6Q_13multiversx_sc5types7managed7wrapped16managed_vec_item14ManagedVecItem16from_byte_readerpEs_0B8_
FN:82,_RNCINvXINICscc7zTfnX8JX_14common_structssA_0pEINtB8_11AssetConfigpENtNtNtNtNtCs42MSoZVSe6Q_13multiversx_sc5types7managed7wrapped16managed_vec_item14ManagedVecItem16from_byte_readerpEs0_0B8_
FN:82,_RNCINvXINICscc7zTfnX8JX_14common_structssA_0pEINtB8_11AssetConfigpENtNtNtNtNtCs42MSoZVSe6Q_13multiversx_sc5types7managed7wrapped16managed_vec_item14ManagedVecItem16from_byte_readerpEs1_0B8_
FN:82,_RNCINvXINICscc7zTfnX8JX_14common_structssA_0pEINtB8_11AssetConfigpENtNtNtNtNtCs42MSoZVSe6Q_13multiversx_sc5types7managed7wrapped16managed_vec_item14ManagedVecItem16from_byte_readerpEs2_0B8_
FN:82,_RNCINvXINICscc7zTfnX8JX_14common_structssA_0pEINtB8_11AssetConfigpENtNtNtNtNtCs42MSoZVSe6Q_13multiversx_sc5types7managed7wrapped16managed_vec_item14ManagedVecItem16from_byte_readerpEs3_0B8_
FN:82,_RNCINvXINICscc7zTfnX8JX_14common_structssA_0pEINtB8_11AssetConfigpENtNtNtNtNtCs42MSoZVSe6Q_13multiversx_sc5types7managed7wrapped16managed_vec_item14ManagedVecItem16from_byte_readerpEs4_0B8_
FN:82,_RNCINvXINICscc7zTfnX8JX_14common_structssA_0pEINtB8_11AssetConfigpENtNtNtNtNtCs42MSoZVSe6Q_13multiversx_sc5types7managed7wrapped16managed_vec_item14ManagedVecItem16from_byte_readerpEs5_0B8_
FN:82,_RNCINvXINICscc7zTfnX8JX_14common_structssA_0pEINtB8_11AssetConfigpENtNtNtNtNtCs42MSoZVSe6Q_13multiversx_sc5types7managed7wrapped16managed_vec_item14ManagedVecItem16from_byte_readerpEs6_0B8_
FN:82,_RNCINvXINICscc7zTfnX8JX_14common_structssA_0pEINtB8_11AssetConfigpENtNtNtNtNtCs42MSoZVSe6Q_13multiversx_sc5types7managed7wrapped16managed_vec_item14ManagedVecItem16from_byte_readerpEs7_0B8_
FN:82,_RNCINvXINICscc7zTfnX8JX_14common_structssA_0pEINtB8_11AssetConfigpENtNtNtNtNtCs42MSoZVSe6Q_13multiversx_sc5types7managed7wrapped16managed_vec_item14ManagedVecItem16from_byte_readerpEs8_0B8_
FN:82,_RNCINvXINICscc7zTfnX8JX_14common_structssA_0pEINtB8_11AssetConfigpENtNtNtNtNtCs42MSoZVSe6Q_13multiversx_sc5types7managed7wrapped16managed_vec_item14ManagedVecItem16from_byte_readerpEs9_0B8_
FN:82,_RNCINvXINICscc7zTfnX8JX_14common_structssA_0pEINtB8_11AssetConfigpENtNtNtNtNtCs42MSoZVSe6Q_13multiversx_sc5types7managed7wrapped16managed_vec_item14ManagedVecItem16from_byte_readerpEsa_0B8_
FN:82,_RNCINvXINICscc7zTfnX8JX_14common_structssA_0pEINtB8_11AssetConfigpENtNtNtNtNtCs42MSoZVSe6Q_13multiversx_sc5types7managed7wrapped16managed_vec_item14ManagedVecItem16from_byte_readerpEsb_0B8_
FN:82,_RNCINvXINICscc7zTfnX8JX_14common_structssA_0pEINtB8_11AssetConfigpENtNtNtNtNtCs42MSoZVSe6Q_13multiversx_sc5types7managed7wrapped16managed_vec_item14ManagedVecItem16from_byte_readerpEsc_0B8_
FN:82,_RINvXINICscc7zTfnX8JX_14common_structssA_0pEINtB6_11AssetConfigpENtNtNtNtNtCs42MSoZVSe6Q_13multiversx_sc5types7managed7wrapped16managed_vec_item14ManagedVecItem26from_byte_reader_as_borrowpEB6_
FN:82,_RINvXINICscc7zTfnX8JX_14common_structssA_0pEINtB6_11AssetConfigpENtNtNtNtNtCs42MSoZVSe6Q_13multiversx_sc5types7managed7wrapped16managed_vec_item14ManagedVecItem16into_byte_writerppEB6_
FN:82,_RNCINvXINICscc7zTfnX8JX_14common_structssA_0pEINtB8_11AssetConfigpENtNtNtNtNtCs42MSoZVSe6Q_13multiversx_sc5types7managed7wrapped16managed_vec_item14ManagedVecItem16into_byte_writerppE0B8_
FN:82,_RNCINvXINICscc7zTfnX8JX_14common_structssA_0pEINtB8_11AssetConfigpENtNtNtNtNtCs42MSoZVSe6Q_13multiversx_sc5types7managed7wrapped16managed_vec_item14ManagedVecItem16into_byte_writerppEs_0B8_
FN:82,_RNCINvXINICscc7zTfnX8JX_14common_structssA_0pEINtB8_11AssetConfigpENtNtNtNtNtCs42MSoZVSe6Q_13multiversx_sc5types7managed7wrapped16managed_vec_item14ManagedVecItem16into_byte_writerppEs0_0B8_
FN:82,_RNCINvXINICscc7zTfnX8JX_14common_structssA_0pEINtB8_11AssetConfigpENtNtNtNtNtCs42MSoZVSe6Q_13multiversx_sc5types7managed7wrapped16managed_vec_item14ManagedVecItem16into_byte_writerppEs1_0B8_
FN:82,_RNCINvXINICscc7zTfnX8JX_14common_structssA_0pEINtB8_11AssetConfigpENtNtNtNtNtCs42MSoZVSe6Q_13multiversx_sc5types7managed7wrapped16managed_vec_item14ManagedVecItem16into_byte_writerppEs2_0B8_
FN:82,_RNCINvXINICscc7zTfnX8JX_14common_structssA_0pEINtB8_11AssetConfigpENtNtNtNtNtCs42MSoZVSe6Q_13multiversx_sc5types7managed7wrapped16managed_vec_item14ManagedVecItem16into_byte_writerppEs3_0B8_
FN:82,_RNCINvXINICscc7zTfnX8JX_14common_structssA_0pEINtB8_11AssetConfigpENtNtNtNtNtCs42MSoZVSe6Q_13multiversx_sc5types7managed7wrapped16managed_vec_item14ManagedVecItem16into_byte_writerppEs4_0B8_
FN:82,_RNCINvXINICscc7zTfnX8JX_14common_structssA_0pEINtB8_11AssetConfigpENtNtNtNtNtCs42MSoZVSe6Q_13multiversx_sc5types7managed7wrapped16managed_vec_item14ManagedVecItem16into_byte_writerppEs5_0B8_
FN:82,_RNCINvXINICscc7zTfnX8JX_14common_structssA_0pEINtB8_11AssetConfigpENtNtNtNtNtCs42MSoZVSe6Q_13multiversx_sc5types7managed7wrapped16managed_vec_item14ManagedVecItem16into_byte_writerppEs6_0B8_
FN:82,_RNCINvXINICscc7zTfnX8JX_14common_structssA_0pEINtB8_11AssetConfigpENtNtNtNtNtCs42MSoZVSe6Q_13multiversx_sc5types7managed7wrapped16managed_vec_item14ManagedVecItem16into_byte_writerppEs7_0B8_
FN:82,_RNCINvXINICscc7zTfnX8JX_14common_structssA_0pEINtB8_11AssetConfigpENtNtNtNtNtCs42MSoZVSe6Q_13multiversx_sc5types7managed7wrapped16managed_vec_item14ManagedVecItem16into_byte_writerppEs8_0B8_
FN:82,_RNCINvXINICscc7zTfnX8JX_14common_structssA_0pEINtB8_11AssetConfigpENtNtNtNtNtCs42MSoZVSe6Q_13multiversx_sc5types7managed7wrapped16managed_vec_item14ManagedVecItem16into_byte_writerppEs9_0B8_
FN:82,_RNCINvXINICscc7zTfnX8JX_14common_structssA_0pEINtB8_11AssetConfigpENtNtNtNtNtCs42MSoZVSe6Q_13multiversx_sc5types7managed7wrapped16managed_vec_item14ManagedVecItem16into_byte_writerppEsa_0B8_
FN:82,_RNCINvXINICscc7zTfnX8JX_14common_structssA_0pEINtB8_11AssetConfigpENtNtNtNtNtCs42MSoZVSe6Q_13multiversx_sc5types7managed7wrapped16managed_vec_item14ManagedVecItem16into_byte_writerppEsb_0B8_
FN:82,_RNCINvXINICscc7zTfnX8JX_14common_structssA_0pEINtB8_11AssetConfigpENtNtNtNtNtCs42MSoZVSe6Q_13multiversx_sc5types7managed7wrapped16managed_vec_item14ManagedVecItem16into_byte_writerppEsc_0B8_
FN:82,_RNvXINICscc7zTfnX8JX_14common_structssD_0pEINtB5_11AssetConfigpENtNtNtCs42MSoZVSe6Q_13multiversx_sc3abi8type_abi7TypeAbi9type_nameB5_
FN:82,_RINvXINICscc7zTfnX8JX_14common_structssD_0pEINtB6_11AssetConfigpENtNtNtCs42MSoZVSe6Q_13multiversx_sc3abi8type_abi7TypeAbi25provide_type_descriptionspEB6_
FN:82,_RINvXINICscc7zTfnX8JX_14common_structssE_0pEINtB6_11AssetConfigpENtNtNtCsaJvka5KiulT_19multiversx_sc_codec6single6top_en9TopEncode24top_encode_or_handle_errppEB6_
FN:82,_RINvXINICscc7zTfnX8JX_14common_structssF_0pEINtB6_11AssetConfigpENtNtNtCsaJvka5KiulT_19multiversx_sc_codec6single6top_de9TopDecode24top_decode_or_handle_errppEB6_
FN:82,_RINvXINICscc7zTfnX8JX_14common_structssG_0pEINtB6_11AssetConfigpENtNtNtCsaJvka5KiulT_19multiversx_sc_codec6single9nested_en12NestedEncode24dep_encode_or_handle_errppEB6_
FN:82,_RINvXINICscc7zTfnX8JX_14common_structssH_0pEINtB6_11AssetConfigpENtNtNtCsaJvka5KiulT_19multiversx_sc_codec6single9nested_de12NestedDecode24dep_decode_or_handle_errppEB6_
FN:116,_RINvXINICscc7zTfnX8JX_14common_structsss_0pEINtB6_13EModeCategorypENtNtNtNtNtCs42MSoZVSe6Q_13multiversx_sc5types7managed7wrapped16managed_vec_item14ManagedVecItem16from_byte_readerpEB6_
FN:116,_RNCINvXINICscc7zTfnX8JX_14common_structsss_0pEINtB8_13EModeCategorypENtNtNtNtNtCs42MSoZVSe6Q_13multiversx_sc5types7managed7wrapped16managed_vec_item14ManagedVecItem16from_byte_readerpE0B8_
FN:116,_RNCINvXINICscc7zTfnX8JX_14common_structsss_0pEINtB8_13EModeCategorypENtNtNtNtNtCs42MSoZVSe6Q_13multiversx_sc5types7managed7wrapped16managed_vec_item14ManagedVecItem16from_byte_readerpEs_0B8_
FN:116,_RNCINvXINICscc7zTfnX8JX_14common_structsss_0pEINtB8_13EModeCategorypENtNtNtNtNtCs42MSoZVSe6Q_13multiversx_sc5types7managed7wrapped16managed_vec_item14ManagedVecItem16from_byte_readerpEs0_0B8_
FN:116,_RNCINvXINICscc7zTfnX8JX_14common_structsss_0pEINtB8_13EModeCategorypENtNtNtNtNtCs42MSoZVSe6Q_13multiversx_sc5types7managed7wrapped16managed_vec_item14ManagedVecItem16from_byte_readerpEs1_0B8_
FN:116,_RINvXINICscc7zTfnX8JX_14common_structsss_0pEINtB6_13EModeCategorypENtNtNtNtNtCs42MSoZVSe6Q_13multiversx_sc5types7managed7wrapped16managed_vec_item14ManagedVecItem26from_byte_reader_as_borrowpEB6_
FN:116,_RINvXINICscc7zTfnX8JX_14common_structsss_0pEINtB6_13EModeCategorypENtNtNtNtNtCs42MSoZVSe6Q_13multiversx_sc5types7managed7wrapped16managed_vec_item14ManagedVecItem16into_byte_writerppEB6_
FN:116,_RNCINvXINICscc7zTfnX8JX_14common_structsss_0pEINtB8_13EModeCategorypENtNtNtNtNtCs42MSoZVSe6Q_13multiversx_sc5types7managed7wrapped16managed_vec_item14ManagedVecItem16into_byte_writerppE0B8_
FN:116,_RNCINvXINICscc7zTfnX8JX_14common_structsss_0pEINtB8_13EModeCategorypENtNtNtNtNtCs42MSoZVSe6Q_13multiversx_sc5types7managed7wrapped16managed_vec_item14ManagedVecItem16into_byte_writerppEs_0B8_
FN:116,_RNCINvXINICscc7zTfnX8JX_14common_structsss_0pEINtB8_13EModeCategorypENtNtNtNtNtCs42MSoZVSe6Q_13multiversx_sc5types7managed7wrapped16managed_vec_item14ManagedVecItem16into_byte_writerppEs0_0B8_
FN:116,_RNCINvXINICscc7zTfnX8JX_14common_structsss_0pEINtB8_13EModeCategorypENtNtNtNtNtCs42MSoZVSe6Q_13multiversx_sc5types7managed7wrapped16managed_vec_item14ManagedVecItem16into_byte_writerppEs1_0B8_
FN:116,_RNvXINICscc7zTfnX8JX_14common_structssv_0pEINtB5_13EModeCategorypENtNtNtCs42MSoZVSe6Q_13multiversx_sc3abi8type_abi7TypeAbi9type_nameB5_
FN:116,_RINvXINICscc7zTfnX8JX_14common_structssv_0pEINtB6_13EModeCategorypENtNtNtCs42MSoZVSe6Q_13multiversx_sc3abi8type_abi7TypeAbi25provide_type_descriptionspEB6_
FN:116,_RINvXINICscc7zTfnX8JX_14common_structssw_0pEINtB6_13EModeCategorypENtNtNtCsaJvka5KiulT_19multiversx_sc_codec6single6top_en9TopEncode24top_encode_or_handle_errppEB6_
FN:116,_RINvXINICscc7zTfnX8JX_14common_structssx_0pEINtB6_13EModeCategorypENtNtNtCsaJvka5KiulT_19multiversx_sc_codec6single6top_de9TopDecode24top_decode_or_handle_errppEB6_
FN:116,_RINvXINICscc7zTfnX8JX_14common_structssy_0pEINtB6_13EModeCategorypENtNtNtCsaJvka5KiulT_19multiversx_sc_codec6single9nested_en12NestedEncode24dep_encode_or_handle_errppEB6_
FN:116,_RINvXINICscc7zTfnX8JX_14common_structssz_0pEINtB6_13EModeCategorypENtNtNtCsaJvka5KiulT_19multiversx_sc_codec6single9nested_de12NestedDecode24dep_decode_or_handle_errppEB6_
FN:124,_RINvXsk_Cscc7zTfnX8JX_14common_structsNtB6_16EModeAssetConfigNtNtNtNtNtCs42MSoZVSe6Q_13multiversx_sc5types7managed7wrapped16managed_vec_item14ManagedVecItem16from_byte_readerpEB6_
FN:124,_RNCINvXsk_Cscc7zTfnX8JX_14common_structsNtB8_16EModeAssetConfigNtNtNtNtNtCs42MSoZVSe6Q_13multiversx_sc5types7managed7wrapped16managed_vec_item14ManagedVecItem16from_byte_readerpE0B8_
FN:124,_RNCINvXsk_Cscc7zTfnX8JX_14common_structsNtB8_16EModeAssetConfigNtNtNtNtNtCs42MSoZVSe6Q_13multiversx_sc5types7managed7wrapped16managed_vec_item14ManagedVecItem16from_byte_readerpEs_0B8_
FN:124,_RINvXsk_Cscc7zTfnX8JX_14common_structsNtB6_16EModeAssetConfigNtNtNtNtNtCs42MSoZVSe6Q_13multiversx_sc5types7managed7wrapped16managed_vec_item14ManagedVecItem26from_byte_reader_as_borrowpEB6_
FN:124,_RINvXsk_Cscc7zTfnX8JX_14common_structsNtB6_16EModeAssetConfigNtNtNtNtNtCs42MSoZVSe6Q_13multiversx_sc5types7managed7wrapped16managed_vec_item14ManagedVecItem16into_byte_writerppEB6_
FN:124,_RNCINvXsk_Cscc7zTfnX8JX_14common_structsNtB8_16EModeAssetConfigNtNtNtNtNtCs42MSoZVSe6Q_13multiversx_sc5types7managed7wrapped16managed_vec_item14ManagedVecItem16into_byte_writerppE0B8_
FN:124,_RNCINvXsk_Cscc7zTfnX8JX_14common_structsNtB8_16EModeAssetConfigNtNtNtNtNtCs42MSoZVSe6Q_13multiversx_sc5types7managed7wrapped16managed_vec_item14ManagedVecItem16into_byte_writerppEs_0B8_
FN:124,_RNvXsn_Cscc7zTfnX8JX_14common_structsNtB5_16EModeAssetConfigNtNtNtCs42MSoZVSe6Q_13multiversx_sc3abi8type_abi7TypeAbi9type_name
FN:124,_RINvXsn_Cscc7zTfnX8JX_14common_structsNtB6_16EModeAssetConfigNtNtNtCs42MSoZVSe6Q_13multiversx_sc3abi8type_abi7TypeAbi25provide_type_descriptionspEB6_
FN:124,_RINvXso_Cscc7zTfnX8JX_14common_structsNtB6_16EModeAssetConfigNtNtNtCsaJvka5KiulT_19multiversx_sc_codec6single6top_en9TopEncode24top_encode_or_handle_errppEB6_
FN:124,_RINvXsp_Cscc7zTfnX8JX_14common_structsNtB6_16EModeAssetConfigNtNtNtCsaJvka5KiulT_19multiversx_sc_codec6single6top_de9TopDecode24top_decode_or_handle_errppEB6_
FN:124,_RINvXsq_Cscc7zTfnX8JX_14common_structsNtB6_16EModeAssetConfigNtNtNtCsaJvka5KiulT_19multiversx_sc_codec6single9nested_en12NestedEncode24dep_encode_or_handle_errppEB6_
FN:124,_RINvXsr_Cscc7zTfnX8JX_14common_structsNtB6_16EModeAssetConfigNtNtNtCsaJvka5KiulT_19multiversx_sc_codec6single9nested_de12NestedDecode24dep_decode_or_handle_errppEB6_
FN:130,_RINvXsc_Cscc7zTfnX8JX_14common_structsNtB6_20NftAccountAttributesNtNtNtCsaJvka5KiulT_19multiversx_sc_codec6single9nested_en12NestedEncode24dep_encode_or_handle_errppEB6_
FN:130,_RINvXsd_Cscc7zTfnX8JX_14common_structsNtB6_20NftAccountAttributesNtNtNtCsaJvka5KiulT_19multiversx_sc_codec6single9nested_de12NestedDecode24dep_decode_or_handle_errppEB6_
FN:130,_RINvXse_Cscc7zTfnX8JX_14common_structsNtB6_20NftAccountAttributesNtNtNtCsaJvka5KiulT_19multiversx_sc_codec6single6top_en9TopEncode24top_encode_or_handle_errppEB6_
FN:130,_RINvXsf_Cscc7zTfnX8JX_14common_structsNtB6_20NftAccountAttributesNtNtNtCsaJvka5KiulT_19multiversx_sc_codec6single6top_de9TopDecode24top_decode_or_handle_errppEB6_
FN:130,_RNvXsi_Cscc7zTfnX8JX_14common_structsNtB5_20NftAccountAttributesNtNtNtCs42MSoZVSe6Q_13multiversx_sc3abi8type_abi7TypeAbi9type_name
FN:130,_RINvXsi_Cscc7zTfnX8JX_14common_structsNtB6_20NftAccountAttributesNtNtNtCs42MSoZVSe6Q_13multiversx_sc3abi8type_abi7TypeAbi25provide_type_descriptionspEB6_
FN:137,_RINvXINICscc7zTfnX8JX_14common_structss_0pEINtB6_25EgldOrEsdtTokenPaymentNewpENtNtNtNtNtCs42MSoZVSe6Q_13multiversx_sc5types7managed7wrapped16managed_vec_item14ManagedVecItem16from_byte_readerpEB6_
FN:137,_RNCINvXINICscc7zTfnX8JX_14common_structss_0pEINtB8_25EgldOrEsdtTokenPaymentNewpENtNtNtNtNtCs42MSoZVSe6Q_13multiversx_sc5types7managed7wrapped16managed_vec_item14ManagedVecItem16from_byte_readerpE0B8_
FN:137,_RNCINvXINICscc7zTfnX8JX_14common_structss_0pEINtB8_25EgldOrEsdtTokenPaymentNewpENtNtNtNtNtCs42MSoZVSe6Q_13multiversx_sc5types7managed7wrapped16managed_vec_item14ManagedVecItem16from_byte_readerpEs_0B8_
FN:137,_RNCINvXINICscc7zTfnX8JX_14common_structss_0pEINtB8_25EgldOrEsdtTokenPaymentNewpENtNtNtNtNtCs42MSoZVSe6Q_13multiversx_sc5types7managed7wrapped16managed_vec_item14ManagedVecItem16from_byte_readerpEs0_0B8_
FN:137,_RINvXINICscc7zTfnX8JX_14common_structss_0pEINtB6_25EgldOrEsdtTokenPaymentNewpENtNtNtNtNtCs42MSoZVSe6Q_13multiversx_sc5types7managed7wrapped16managed_vec_item14ManagedVecItem26from_byte_reader_as_borrowpEB6_
FN:137,_RINvXINICscc7zTfnX8JX_14common_structss_0pEINtB6_25EgldOrEsdtTokenPaymentNewpENtNtNtNtNtCs42MSoZVSe6Q_13multiversx_sc5types7managed7wrapped16managed_vec_item14ManagedVecItem16into_byte_writerppEB6_
FN:137,_RNCINvXINICscc7zTfnX8JX_14common_structss_0pEINtB8_25EgldOrEsdtTokenPaymentNewpENtNtNtNtNtCs42MSoZVSe6Q_13multiversx_sc5types7managed7wrapped16managed_vec_item14ManagedVecItem16into_byte_writerppE0B8_
FN:137,_RNCINvXINICscc7zTfnX8JX_14common_structss_0pEINtB8_25EgldOrEsdtTokenPaymentNewpENtNtNtNtNtCs42MSoZVSe6Q_13multiversx_sc5types7managed7wrapped16managed_vec_item14ManagedVecItem16into_byte_writerppEs_0B8_
FN:137,_RNCINvXINICscc7zTfnX8JX_14common_structss_0pEINtB8_25EgldOrEsdtTokenPaymentNewpENtNtNtNtNtCs42MSoZVSe6Q_13multiversx_sc5types7managed7wrapped16managed_vec_item14ManagedVecItem16into_byte_writerppEs0_0B8_
FN:138,_RINvXINICscc7zTfnX8JX_14common_structss0_0pEINtB6_25EgldOrEsdtTokenPaymentNewpENtNtNtCsaJvka5KiulT_19multiversx_sc_codec6single6top_de9TopDecode24top_decode_or_handle_errppEB6_
FN:139,_RINvXINICscc7zTfnX8JX_14common_structss1_0pEINtB6_25EgldOrEsdtTokenPaymentNewpENtNtNtCsaJvka5KiulT_19multiversx_sc_codec6single6top_en9TopEncode24top_encode_or_handle_errppEB6_
FN:140,_RINvXINICscc7zTfnX8JX_14common_structss2_0pEINtB6_25EgldOrEsdtTokenPaymentNewpENtNtNtCsaJvka5KiulT_19multiversx_sc_codec6single9nested_de12NestedDecode24dep_decode_or_handle_errppEB6_
FN:141,_RINvXINICscc7zTfnX8JX_14common_structss3_0pEINtB6_25EgldOrEsdtTokenPaymentNewpENtNtNtCsaJvka5KiulT_19multiversx_sc_codec6single9nested_en12NestedEncode24dep_encode_or_handle_errppEB6_
FN:142,_RNvXINICscc7zTfnX8JX_14common_structss6_0pEINtB5_25EgldOrEsdtTokenPaymentNewpENtNtNtCs42MSoZVSe6Q_13multiversx_sc3abi8type_abi7TypeAbi9type_nameB5_
FN:142,_RINvXINICscc7zTfnX8JX_14common_structss6_0pEINtB6_25EgldOrEsdtTokenPaymentNewpENtNtNtCs42MSoZVSe6Q_13multiversx_sc3abi8type_abi7TypeAbi25provide_type_descriptionspEB6_
FN:10,_RINvXs18_CscQvnUOLyoLK_14common_structsINtB7_10PoolParamsINtNtNtNtCs2vpbtxTS1EH_22multiversx_sc_scenario3api7impl_vh12vm_hooks_api10VMHooksApiNtNtBY_9debug_api15DebugApiBackendEENtNtNtCsaJvka5KiulT_19multiversx_sc_codec6single6top_en9TopEncode24top_encode_or_handle_errINtNtNtCs42MSoZVSe6Q_13multiversx_sc2io6finish16ApiOutputAdapterBT_EINtNtNtNtB4q_13contract_base8wrappers10serializer21ExitCodecErrorHandlerBT_EECs45bTgHwkvlY_5tests
FN:10,_RINvXs18_CscQvnUOLyoLK_14common_structsINtB7_10PoolParamsINtNtNtNtCs2vpbtxTS1EH_22multiversx_sc_scenario3api7impl_vh12vm_hooks_api10VMHooksApiNtNtBY_9debug_api15DebugApiBackendEENtNtNtCsaJvka5KiulT_19multiversx_sc_codec6single6top_en9TopEncode24top_encode_or_handle_errINtNtNtCs42MSoZVSe6Q_13multiversx_sc7storage11storage_set16StorageSetOutputBT_EINtNtNtNtB4q_13contract_base8wrappers10serializer21ExitCodecErrorHandlerBT_EECs45bTgHwkvlY_5tests
FN:10,_RINvXs19_CscQvnUOLyoLK_14common_structsINtB7_10PoolParamsINtNtNtNtCs2vpbtxTS1EH_22multiversx_sc_scenario3api7impl_vh12vm_hooks_api10VMHooksApiNtNtBY_9debug_api15DebugApiBackendEENtNtNtCsaJvka5KiulT_19multiversx_sc_codec6single6top_de9TopDecode24top_decode_or_handle_errINtNtNtCs42MSoZVSe6Q_13multiversx_sc7storage11storage_get15StorageGetInputBT_EINtB4m_22StorageGetErrorHandlerBT_EECs45bTgHwkvlY_5tests
FN:82,_RINvXsE_CscQvnUOLyoLK_14common_structsINtB6_11AssetConfigINtNtNtNtCs2vpbtxTS1EH_22multiversx_sc_scenario3api7impl_vh12vm_hooks_api10VMHooksApiNtNtBY_9debug_api15DebugApiBackendEENtNtNtCsaJvka5KiulT_19multiversx_sc_codec6single6top_en9TopEncode24top_encode_or_handle_errINtNtNtCs42MSoZVSe6Q_13multiversx_sc2io6finish16ApiOutputAdapterBT_EINtNtNtNtB4q_13contract_base8wrappers10serializer21ExitCodecErrorHandlerBT_EECs45bTgHwkvlY_5tests
FN:82,_RINvXsE_CscQvnUOLyoLK_14common_structsINtB6_11AssetConfigINtNtNtNtCs2vpbtxTS1EH_22multiversx_sc_scenario3api7impl_vh12vm_hooks_api10VMHooksApiNtNtBY_9debug_api15DebugApiBackendEENtNtNtCsaJvka5KiulT_19multiversx_sc_codec6single6top_en9TopEncode24top_encode_or_handle_errINtNtNtCs42MSoZVSe6Q_13multiversx_sc7storage11storage_set16StorageSetOutputBT_EINtNtNtNtB4q_13contract_base8wrappers10serializer21ExitCodecErrorHandlerBT_EECs45bTgHwkvlY_5tests
FN:82,_RINvXsE_CscQvnUOLyoLK_14common_structsINtB6_11AssetConfigINtNtNtNtCs2vpbtxTS1EH_22multiversx_sc_scenario3api7impl_vh12vm_hooks_api10VMHooksApiNtNtBY_9debug_api15DebugApiBackendEENtNtNtCsaJvka5KiulT_19multiversx_sc_codec6single6top_en9TopEncode24top_encode_or_handle_errQINtNtNtNtNtCs42MSoZVSe6Q_13multiversx_sc5types7managed5basic14managed_buffer13ManagedBufferBT_EINtNtNtNtB4v_13contract_base8wrappers10serializer21ExitCodecErrorHandlerBT_EECs45bTgHwkvlY_5tests
FN:82,_RINvXsF_CscQvnUOLyoLK_14common_structsINtB6_11AssetConfigINtNtNtNtCs2vpbtxTS1EH_22multiversx_sc_scenario3api7impl_vh12vm_hooks_api10VMHooksApiNtNtBY_9debug_api15DebugApiBackendEENtNtNtCsaJvka5KiulT_19multiversx_sc_codec6single6top_de9TopDecode24top_decode_or_handle_errINtNtNtCs42MSoZVSe6Q_13multiversx_sc2io12arg_de_input14ArgDecodeInputBT_EINtNtB4o_17arg_error_handler15ArgErrorHandlerBT_EECs45bTgHwkvlY_5tests
FN:82,_RINvXsF_CscQvnUOLyoLK_14common_structsINtB6_11AssetConfigINtNtNtNtCs2vpbtxTS1EH_22multiversx_sc_scenario3api7impl_vh12vm_hooks_api10VMHooksApiNtNtBY_9debug_api15DebugApiBackendEENtNtNtCsaJvka5KiulT_19multiversx_sc_codec6single6top_de9TopDecode24top_decode_or_handle_errINtNtNtCs42MSoZVSe6Q_13multiversx_sc7storage11storage_get15StorageGetInputBT_EINtB4m_22StorageGetErrorHandlerBT_EECs45bTgHwkvlY_5tests
FN:35,_RINvXsI_CscQvnUOLyoLK_14common_structsINtB6_15AccountPositionINtNtNtNtCs2vpbtxTS1EH_22multiversx_sc_scenario3api7impl_vh12vm_hooks_api10VMHooksApiNtNtB12_9debug_api15DebugApiBackendEENtNtNtNtNtCs42MSoZVSe6Q_13multiversx_sc5types7managed7wrapped16managed_vec_item14ManagedVecItem16from_byte_readerNCNvMs2_NtB2Z_11managed_vecINtB4S_10ManagedVecBX_BA_E7try_get0ECs45bTgHwkvlY_5tests
FN:35,_RINvXsI_CscQvnUOLyoLK_14common_structsINtB6_15AccountPositionINtNtNtNtCs2vpbtxTS1EH_22multiversx_sc_scenario3api7impl_vh12vm_hooks_api10VMHooksApiNtNtB12_9debug_api15DebugApiBackendEENtNtNtNtNtCs42MSoZVSe6Q_13multiversx_sc5types7managed7wrapped16managed_vec_item14ManagedVecItem16from_byte_readerNCNvXs0_NtB2Z_22managed_vec_owned_iterINtB4S_23ManagedVecOwnedIteratorBX_BA_ENtNtNtNtCslGS7pEIChKc_4core4iter6traits8iterator8Iterator4next0ECs45bTgHwkvlY_5tests
FN:35,_RINvXsI_CscQvnUOLyoLK_14common_structsINtB6_15AccountPositionINtNtNtNtCs2vpbtxTS1EH_22multiversx_sc_scenario3api7impl_vh12vm_hooks_api10VMHooksApiNtNtB12_9debug_api15DebugApiBackendEENtNtNtNtNtCs42MSoZVSe6Q_13multiversx_sc5types7managed7wrapped16managed_vec_item14ManagedVecItem16into_byte_writeruNCNvMs2_NtB2Z_11managed_vecINtB4T_10ManagedVecBX_BA_E4push0ECs45bTgHwkvlY_5tests
FN:35,_RINvXsI_CscQvnUOLyoLK_14common_structsINtB6_15AccountPositionINtNtNtNtCs2vpbtxTS1EH_22multiversx_sc_scenario3api7impl_vh12vm_hooks_api10VMHooksApiNtNtB12_9debug_api15DebugApiBackendEENtNtNtNtNtCs42MSoZVSe6Q_13multiversx_sc5types7managed7wrapped16managed_vec_item14ManagedVecItem26from_byte_reader_as_borrowNCNvMs2_NtB2Z_11managed_vecINtB52_10ManagedVecBX_BA_E7try_get0ECs45bTgHwkvlY_5tests
FN:35,_RINvXsJ_CscQvnUOLyoLK_14common_structsINtB6_15AccountPositionINtNtNtNtCs2vpbtxTS1EH_22multiversx_sc_scenario3api7impl_vh12vm_hooks_api10VMHooksApiNtNtB12_9debug_api15DebugApiBackendEENtNtNtCsaJvka5KiulT_19multiversx_sc_codec6single9nested_en12NestedEncode24dep_encode_or_handle_errINtNtNtNtNtNtCs42MSoZVSe6Q_13multiversx_sc5types7managed7wrapped7builder22managed_buffer_builder20ManagedBufferBuilderBX_EINtNtNtNtB4I_13contract_base8wrappers10serializer21ExitCodecErrorHandlerBX_EECs45bTgHwkvlY_5tests
FN:35,_RINvXsL_CscQvnUOLyoLK_14common_structsINtB6_15AccountPositionINtNtNtNtCs2vpbtxTS1EH_22multiversx_sc_scenario3api7impl_vh12vm_hooks_api10VMHooksApiNtNtB12_9debug_api15DebugApiBackendEENtNtNtCsaJvka5KiulT_19multiversx_sc_codec6single6top_en9TopEncode24top_encode_or_handle_errINtNtNtCs42MSoZVSe6Q_13multiversx_sc2io6finish16ApiOutputAdapterBX_EINtNtNtNtB4v_13contract_base8wrappers10serializer21ExitCodecErrorHandlerBX_EECs45bTgHwkvlY_5tests
FN:35,_RINvXsL_CscQvnUOLyoLK_14common_structsINtB6_15AccountPositionINtNtNtNtCs2vpbtxTS1EH_22multiversx_sc_scenario3api7impl_vh12vm_hooks_api10VMHooksApiNtNtB12_9debug_api15DebugApiBackendEENtNtNtCsaJvka5KiulT_19multiversx_sc_codec6single6top_en9TopEncode24top_encode_or_handle_errINtNtNtCs42MSoZVSe6Q_13multiversx_sc7storage11storage_set16StorageSetOutputBX_EINtNtNtNtB4v_13contract_base8wrappers10serializer21ExitCodecErrorHandlerBX_EECs45bTgHwkvlY_5tests
FN:35,_RINvXsL_CscQvnUOLyoLK_14common_structsINtB6_15AccountPositionINtNtNtNtCs2vpbtxTS1EH_22multiversx_sc_scenario3api7impl_vh12vm_hooks_api10VMHooksApiNtNtB12_9debug_api15DebugApiBackendEENtNtNtCsaJvka5KiulT_19multiversx_sc_codec6single6top_en9TopEncode24top_encode_or_handle_errQINtNtNtNtNtCs42MSoZVSe6Q_13multiversx_sc5types7managed5basic14managed_buffer13ManagedBufferBX_EINtNtNtNtB4A_13contract_base8wrappers10serializer21ExitCodecErrorHandlerBX_EECs45bTgHwkvlY_5tests
FN:35,_RINvXsM_CscQvnUOLyoLK_14common_structsINtB6_15AccountPositionINtNtNtNtCs2vpbtxTS1EH_22multiversx_sc_scenario3api7impl_vh12vm_hooks_api10VMHooksApiNtNtB12_9debug_api15DebugApiBackendEENtNtNtCsaJvka5KiulT_19multiversx_sc_codec6single6top_de9TopDecode24top_decode_or_handle_errINtNtNtCs42MSoZVSe6Q_13multiversx_sc2io12arg_de_input14ArgDecodeInputBX_EINtNtB4t_17arg_error_handler15ArgErrorHandlerBX_EECs45bTgHwkvlY_5tests
FN:35,_RINvXsM_CscQvnUOLyoLK_14common_structsINtB6_15AccountPositionINtNtNtNtCs2vpbtxTS1EH_22multiversx_sc_scenario3api7impl_vh12vm_hooks_api10VMHooksApiNtNtB12_9debug_api15DebugApiBackendEENtNtNtCsaJvka5KiulT_19multiversx_sc_codec6single6top_de9TopDecode24top_decode_or_handle_errINtNtNtCs42MSoZVSe6Q_13multiversx_sc7storage11storage_get15StorageGetInputBX_EINtB4r_22StorageGetErrorHandlerBX_EECs45bTgHwkvlY_5tests
FN:35,_RINvXsM_CscQvnUOLyoLK_14common_structsINtB6_15AccountPositionINtNtNtNtCs2vpbtxTS1EH_22multiversx_sc_scenario3api7impl_vh12vm_hooks_api10VMHooksApiNtNtB12_9debug_api15DebugApiBackendEENtNtNtCsaJvka5KiulT_19multiversx_sc_codec6single6top_de9TopDecode24top_decode_or_handle_errINtNtNtNtNtCs42MSoZVSe6Q_13multiversx_sc5types7managed5basic14managed_buffer13ManagedBufferBX_EINtNtNtB4z_2io17arg_error_handler15ArgErrorHandlerBX_EECs45bTgHwkvlY_5tests
FN:28,_RINvXsR_CscQvnUOLyoLK_14common_structsNtB6_19AccountPositionTypeNtNtNtNtNtCs42MSoZVSe6Q_13multiversx_sc5types7managed7wrapped16managed_vec_item14ManagedVecItem16from_byte_readerNCINvXsI_B6_INtB6_15AccountPositionINtNtNtNtCs2vpbtxTS1EH_22multiversx_sc_scenario3api7impl_vh12vm_hooks_api10VMHooksApiNtNtB3t_9debug_api15DebugApiBackendEEB10_16from_byte_readerNCNvMs2_NtB14_11managed_vecINtB5Q_10ManagedVecB3o_B31_E7try_get0E0ECs45bTgHwkvlY_5tests
FN:28,_RINvXsR_CscQvnUOLyoLK_14common_structsNtB6_19AccountPositionTypeNtNtNtNtNtCs42MSoZVSe6Q_13multiversx_sc5types7managed7wrapped16managed_vec_item14ManagedVecItem16from_byte_readerNCINvXsI_B6_INtB6_15AccountPositionINtNtNtNtCs2vpbtxTS1EH_22multiversx_sc_scenario3api7impl_vh12vm_hooks_api10VMHooksApiNtNtB3t_9debug_api15DebugApiBackendEEB10_16from_byte_readerNCNvXs0_NtB14_22managed_vec_owned_iterINtB5Q_23ManagedVecOwnedIteratorB3o_B31_ENtNtNtNtCslGS7pEIChKc_4core4iter6traits8iterator8Iterator4next0E0ECs45bTgHwkvlY_5tests
FN:28,_RINvXsR_CscQvnUOLyoLK_14common_structsNtB6_19AccountPositionTypeNtNtNtNtNtCs42MSoZVSe6Q_13multiversx_sc5types7managed7wrapped16managed_vec_item14ManagedVecItem16into_byte_writeruNCINvXsI_B6_INtB6_15AccountPositionINtNtNtNtCs2vpbtxTS1EH_22multiversx_sc_scenario3api7impl_vh12vm_hooks_api10VMHooksApiNtNtB3u_9debug_api15DebugApiBackendEEB10_16into_byte_writeruNCNvMs2_NtB14_11managed_vecINtB5S_10ManagedVecB3p_B32_E4push0E0ECs45bTgHwkvlY_5tests
FN:28,_RINvXsS_CscQvnUOLyoLK_14common_structsNtB6_19AccountPositionTypeNtNtNtCsaJvka5KiulT_19multiversx_sc_codec6single9nested_en12NestedEncode24dep_encode_or_handle_errINtNtNtNtNtCs42MSoZVSe6Q_13multiversx_sc5types7managed5basic14managed_buffer13ManagedBufferINtNtNtNtCs2vpbtxTS1EH_22multiversx_sc_scenario3api7impl_vh12vm_hooks_api10VMHooksApiNtNtB48_9debug_api15DebugApiBackendEEINtNtNtNtB2L_13contract_base8wrappers10serializer21ExitCodecErrorHandlerB43_EECs45bTgHwkvlY_5tests
FN:28,_RINvXsS_CscQvnUOLyoLK_14common_structsNtB6_19AccountPositionTypeNtNtNtCsaJvka5KiulT_19multiversx_sc_codec6single9nested_en12NestedEncode24dep_encode_or_handle_errINtNtNtNtNtNtCs42MSoZVSe6Q_13multiversx_sc5types7managed7wrapped7builder22managed_buffer_builder20ManagedBufferBuilderINtNtNtNtCs2vpbtxTS1EH_22multiversx_sc_scenario3api7impl_vh12vm_hooks_api10VMHooksApiNtNtB4z_9debug_api15DebugApiBackendEEINtNtNtNtB2N_13contract_base8wrappers10serializer21ExitCodecErrorHandlerB4u_EECs45bTgHwkvlY_5tests
FN:28,_RINvXsT_CscQvnUOLyoLK_14common_structsNtB6_19AccountPositionTypeNtNtNtCsaJvka5KiulT_19multiversx_sc_codec6single9nested_de12NestedDecode24dep_decode_or_handle_errINtNtNtNtNtCs42MSoZVSe6Q_13multiversx_sc5types7managed10codec_util30managed_buffer_nested_de_input30ManagedBufferNestedDecodeInputINtNtNtNtCs2vpbtxTS1EH_22multiversx_sc_scenario3api7impl_vh12vm_hooks_api10VMHooksApiNtNtB4L_9debug_api15DebugApiBackendEEINtNtNtB2L_2io17arg_error_handler15ArgErrorHandlerB4G_EECs45bTgHwkvlY_5tests
FN:28,_RINvXsT_CscQvnUOLyoLK_14common_structsNtB6_19AccountPositionTypeNtNtNtCsaJvka5KiulT_19multiversx_sc_codec6single9nested_de12NestedDecode24dep_decode_or_handle_errINtNtNtNtNtCs42MSoZVSe6Q_13multiversx_sc5types7managed10codec_util30managed_buffer_nested_de_input30ManagedBufferNestedDecodeInputINtNtNtNtCs2vpbtxTS1EH_22multiversx_sc_scenario3api7impl_vh12vm_hooks_api10VMHooksApiNtNtB4L_9debug_api15DebugApiBackendEEINtNtNtB2L_7storage11storage_get22StorageGetErrorHandlerB4G_EECs45bTgHwkvlY_5tests
FN:137,_RINvXs_CscQvnUOLyoLK_14common_structsINtB5_25EgldOrEsdtTokenPaymentNewINtNtNtNtCs2vpbtxTS1EH_22multiversx_sc_scenario3api7impl_vh12vm_hooks_api10VMHooksApiNtNtB1b_9debug_api15DebugApiBackendEENtNtNtNtNtCs42MSoZVSe6Q_13multiversx_sc5types7managed7wrapped16managed_vec_item14ManagedVecItem16from_byte_readerNCNvMs2_NtB38_11managed_vecINtB51_10ManagedVecB16_Bz_E7try_get0ECs45bTgHwkvlY_5tests
FN:137,_RINvXs_CscQvnUOLyoLK_14common_structsINtB5_25EgldOrEsdtTokenPaymentNewINtNtNtNtCs2vpbtxTS1EH_22multiversx_sc_scenario3api7impl_vh12vm_hooks_api10VMHooksApiNtNtB1b_9debug_api15DebugApiBackendEENtNtNtNtNtCs42MSoZVSe6Q_13multiversx_sc5types7managed7wrapped16managed_vec_item14ManagedVecItem16into_byte_writeruNCNvMs2_NtB38_11managed_vecINtB52_10ManagedVecB16_Bz_E4push0ECs45bTgHwkvlY_5tests
FN:137,_RINvXs_CscQvnUOLyoLK_14common_structsINtB5_25EgldOrEsdtTokenPaymentNewINtNtNtNtCs2vpbtxTS1EH_22multiversx_sc_scenario3api7impl_vh12vm_hooks_api10VMHooksApiNtNtB1b_9debug_api15DebugApiBackendEENtNtNtNtNtCs42MSoZVSe6Q_13multiversx_sc5types7managed7wrapped16managed_vec_item14ManagedVecItem26from_byte_reader_as_borrowNCNvMs2_NtB38_11managed_vecINtB5b_10ManagedVecB16_Bz_E7try_get0ECs45bTgHwkvlY_5tests
FN:130,_RINvXse_CscQvnUOLyoLK_14common_structsNtB6_20NftAccountAttributesNtNtNtCsaJvka5KiulT_19multiversx_sc_codec6single6top_en9TopEncode24top_encode_or_handle_errQINtNtCshTKFwE22Rw2_5alloc3vec3VechENtNtB17_17codec_err_handler19DefaultErrorHandlerECs45bTgHwkvlY_5tests
FN:130,_RINvXse_CscQvnUOLyoLK_14common_structsNtB6_20NftAccountAttributesNtNtNtCsaJvka5KiulT_19multiversx_sc_codec6single6top_en9TopEncode24top_encode_or_handle_errQINtNtNtNtNtCs42MSoZVSe6Q_13multiversx_sc5types7managed5basic14managed_buffer13ManagedBufferINtNtNtNtCs2vpbtxTS1EH_22multiversx_sc_scenario3api7impl_vh12vm_hooks_api10VMHooksApiNtNtB43_9debug_api15DebugApiBackendEEINtNtNtNtB2G_13contract_base8wrappers10serializer21ExitCodecErrorHandlerB3Y_EECs45bTgHwkvlY_5tests
FN:130,_RINvXsf_CscQvnUOLyoLK_14common_structsNtB6_20NftAccountAttributesNtNtNtCsaJvka5KiulT_19multiversx_sc_codec6single6top_de9TopDecode24top_decode_or_handle_errINtNtNtNtNtCs42MSoZVSe6Q_13multiversx_sc5types7managed5basic14managed_buffer13ManagedBufferINtNtNtNtCs2vpbtxTS1EH_22multiversx_sc_scenario3api7impl_vh12vm_hooks_api10VMHooksApiNtNtB42_9debug_api15DebugApiBackendEEINtNtNtNtB2F_13contract_base8wrappers10serializer21ExitCodecErrorHandlerB3X_EECs45bTgHwkvlY_5tests
FN:124,_RINvXso_CscQvnUOLyoLK_14common_structsNtB6_16EModeAssetConfigNtNtNtCsaJvka5KiulT_19multiversx_sc_codec6single6top_en9TopEncode24top_encode_or_handle_errINtNtNtCs42MSoZVSe6Q_13multiversx_sc2io6finish16ApiOutputAdapterINtNtNtNtCs2vpbtxTS1EH_22multiversx_sc_scenario3api7impl_vh12vm_hooks_api10VMHooksApiNtNtB3x_9debug_api15DebugApiBackendEEINtNtNtNtB2x_13contract_base8wrappers10serializer21ExitCodecErrorHandlerB3s_EECs45bTgHwkvlY_5tests
FN:124,_RINvXso_CscQvnUOLyoLK_14common_structsNtB6_16EModeAssetConfigNtNtNtCsaJvka5KiulT_19multiversx_sc_codec6single6top_en9TopEncode24top_encode_or_handle_errINtNtNtCs42MSoZVSe6Q_13multiversx_sc7storage11storage_set16StorageSetOutputINtNtNtNtCs2vpbtxTS1EH_22multiversx_sc_scenario3api7impl_vh12vm_hooks_api10VMHooksApiNtNtB3I_9debug_api15DebugApiBackendEEINtNtNtNtB2x_13contract_base8wrappers10serializer21ExitCodecErrorHandlerB3D_EECs45bTgHwkvlY_5tests
FN:124,_RINvXso_CscQvnUOLyoLK_14common_structsNtB6_16EModeAssetConfigNtNtNtCsaJvka5KiulT_19multiversx_sc_codec6single6top_en9TopEncode24top_encode_or_handle_errQINtNtNtNtNtCs42MSoZVSe6Q_13multiversx_sc5types7managed5basic14managed_buffer13ManagedBufferINtNtNtNtCs2vpbtxTS1EH_22multiversx_sc_scenario3api7impl_vh12vm_hooks_api10VMHooksApiNtNtB3Z_10static_api16StaticApiBackendEEINtNtNtNtB2C_13contract_base8wrappers10serializer21ExitCodecErrorHandlerB3U_EECs45bTgHwkvlY_5tests
FN:124,_RINvXso_CscQvnUOLyoLK_14common_structsNtB6_16EModeAssetConfigNtNtNtCsaJvka5KiulT_19multiversx_sc_codec6single6top_en9TopEncode24top_encode_or_handle_errQINtNtNtNtNtCs42MSoZVSe6Q_13multiversx_sc5types7managed5basic14managed_buffer13ManagedBufferINtNtNtNtCs2vpbtxTS1EH_22multiversx_sc_scenario3api7impl_vh12vm_hooks_api10VMHooksApiNtNtB3Z_9debug_api15DebugApiBackendEEINtNtNtNtB2C_13contract_base8wrappers10serializer21ExitCodecErrorHandlerB3U_EECs45bTgHwkvlY_5tests
FN:124,_RINvXsp_CscQvnUOLyoLK_14common_structsNtB6_16EModeAssetConfigNtNtNtCsaJvka5KiulT_19multiversx_sc_codec6single6top_de9TopDecode24top_decode_or_handle_errINtNtNtCs42MSoZVSe6Q_13multiversx_sc2io12arg_de_input14ArgDecodeInputINtNtNtNtCs2vpbtxTS1EH_22multiversx_sc_scenario3api7impl_vh12vm_hooks_api10VMHooksApiNtNtB3C_9debug_api15DebugApiBackendEEINtNtB2v_17arg_error_handler15ArgErrorHandlerB3x_EECs45bTgHwkvlY_5tests
FN:124,_RINvXsp_CscQvnUOLyoLK_14common_structsNtB6_16EModeAssetConfigNtNtNtCsaJvka5KiulT_19multiversx_sc_codec6single6top_de9TopDecode24top_decode_or_handle_errINtNtNtCs42MSoZVSe6Q_13multiversx_sc7storage11storage_get15StorageGetInputINtNtNtNtCs2vpbtxTS1EH_22multiversx_sc_scenario3api7impl_vh12vm_hooks_api10VMHooksApiNtNtB3H_9debug_api15DebugApiBackendEEINtB2t_22StorageGetErrorHandlerB3C_EECs45bTgHwkvlY_5tests
FN:116,_RINvXsw_CscQvnUOLyoLK_14common_structsINtB6_13EModeCategoryINtNtNtNtCs2vpbtxTS1EH_22multiversx_sc_scenario3api7impl_vh12vm_hooks_api10VMHooksApiNtNtB10_10static_api16StaticApiBackendEENtNtNtCsaJvka5KiulT_19multiversx_sc_codec6single6top_en9TopEncode24top_encode_or_handle_errQINtNtNtNtNtCs42MSoZVSe6Q_13multiversx_sc5types7managed5basic14managed_buffer13ManagedBufferBV_EINtNtNtNtB4B_13contract_base8wrappers10serializer21ExitCodecErrorHandlerBV_EECs45bTgHwkvlY_5tests
FN:116,_RINvXsw_CscQvnUOLyoLK_14common_structsINtB6_13EModeCategoryINtNtNtNtCs2vpbtxTS1EH_22multiversx_sc_scenario3api7impl_vh12vm_hooks_api10VMHooksApiNtNtB10_9debug_api15DebugApiBackendEENtNtNtCsaJvka5KiulT_19multiversx_sc_codec6single6top_en9TopEncode24top_encode_or_handle_errINtNtNtCs42MSoZVSe6Q_13multiversx_sc2io6finish16ApiOutputAdapterBV_EINtNtNtNtB4t_13contract_base8wrappers10serializer21ExitCodecErrorHandlerBV_EECs45bTgHwkvlY_5tests
FN:116,_RINvXsw_CscQvnUOLyoLK_14common_structsINtB6_13EModeCategoryINtNtNtNtCs2vpbtxTS1EH_22multiversx_sc_scenario3api7impl_vh12vm_hooks_api10VMHooksApiNtNtB10_9debug_api15DebugApiBackendEENtNtNtCsaJvka5KiulT_19multiversx_sc_codec6single6top_en9TopEncode24top_encode_or_handle_errINtNtNtCs42MSoZVSe6Q_13multiversx_sc7storage11storage_set16StorageSetOutputBV_EINtNtNtNtB4t_13contract_base8wrappers10serializer21ExitCodecErrorHandlerBV_EECs45bTgHwkvlY_5tests
FN:116,_RINvXsw_CscQvnUOLyoLK_14common_structsINtB6_13EModeCategoryINtNtNtNtCs2vpbtxTS1EH_22multiversx_sc_scenario3api7impl_vh12vm_hooks_api10VMHooksApiNtNtB10_9debug_api15DebugApiBackendEENtNtNtCsaJvka5KiulT_19multiversx_sc_codec6single6top_en9TopEncode24top_encode_or_handle_errQINtNtNtNtNtCs42MSoZVSe6Q_13multiversx_sc5types7managed5basic14managed_buffer13ManagedBufferBV_EINtNtNtNtB4y_13contract_base8wrappers10serializer21ExitCodecErrorHandlerBV_EECs45bTgHwkvlY_5tests
FN:116,_RINvXsx_CscQvnUOLyoLK_14common_structsINtB6_13EModeCategoryINtNtNtNtCs2vpbtxTS1EH_22multiversx_sc_scenario3api7impl_vh12vm_hooks_api10VMHooksApiNtNtB10_9debug_api15DebugApiBackendEENtNtNtCsaJvka5KiulT_19multiversx_sc_codec6single6top_de9TopDecode24top_decode_or_handle_errINtNtNtCs42MSoZVSe6Q_13multiversx_sc2io12arg_de_input14ArgDecodeInputBV_EINtNtB4r_17arg_error_handler15ArgErrorHandlerBV_EECs45bTgHwkvlY_5tests
FN:116,_RINvXsx_CscQvnUOLyoLK_14common_structsINtB6_13EModeCategoryINtNtNtNtCs2vpbtxTS1EH_22multiversx_sc_scenario3api7impl_vh12vm_hooks_api10VMHooksApiNtNtB10_9debug_api15DebugApiBackendEENtNtNtCsaJvka5KiulT_19multiversx_sc_codec6single6top_de9TopDecode24top_decode_or_handle_errINtNtNtCs42MSoZVSe6Q_13multiversx_sc7storage11storage_get15StorageGetInputBV_EINtB4p_22StorageGetErrorHandlerBV_EECs45bTgHwkvlY_5tests
FN:35,_RNCINvXsI_CscQvnUOLyoLK_14common_structsINtB8_15AccountPositionINtNtNtNtCs2vpbtxTS1EH_22multiversx_sc_scenario3api7impl_vh12vm_hooks_api10VMHooksApiNtNtB14_9debug_api15DebugApiBackendEENtNtNtNtNtCs42MSoZVSe6Q_13multiversx_sc5types7managed7wrapped16managed_vec_item14ManagedVecItem16from_byte_readerNCNvMs2_NtB31_11managed_vecINtB4U_10ManagedVecBZ_BC_E7try_get0E0Cs45bTgHwkvlY_5tests
FN:35,_RNCINvXsI_CscQvnUOLyoLK_14common_structsINtB8_15AccountPositionINtNtNtNtCs2vpbtxTS1EH_22multiversx_sc_scenario3api7impl_vh12vm_hooks_api10VMHooksApiNtNtB14_9debug_api15DebugApiBackendEENtNtNtNtNtCs42MSoZVSe6Q_13multiversx_sc5types7managed7wrapped16managed_vec_item14ManagedVecItem16from_byte_readerNCNvMs2_NtB31_11managed_vecINtB4U_10ManagedVecBZ_BC_E7try_get0Es0_0Cs45bTgHwkvlY_5tests
FN:35,_RNCINvXsI_CscQvnUOLyoLK_14common_structsINtB8_15AccountPositionINtNtNtNtCs2vpbtxTS1EH_22multiversx_sc_scenario3api7impl_vh12vm_hooks_api10VMHooksApiNtNtB14_9debug_api15DebugApiBackendEENtNtNtNtNtCs42MSoZVSe6Q_13multiversx_sc5types7managed7wrapped16managed_vec_item14ManagedVecItem16from_byte_readerNCNvMs2_NtB31_11managed_vecINtB4U_10ManagedVecBZ_BC_E7try_get0Es1_0Cs45bTgHwkvlY_5tests
FN:35,_RNCINvXsI_CscQvnUOLyoLK_14common_structsINtB8_15AccountPositionINtNtNtNtCs2vpbtxTS1EH_22multiversx_sc_scenario3api7impl_vh12vm_hooks_api10VMHooksApiNtNtB14_9debug_api15DebugApiBackendEENtNtNtNtNtCs42MSoZVSe6Q_13multiversx_sc5types7managed7wrapped16managed_vec_item14ManagedVecItem16from_byte_readerNCNvMs2_NtB31_11managed_vecINtB4U_10ManagedVecBZ_BC_E7try_get0Es2_0Cs45bTgHwkvlY_5tests
FN:35,_RNCINvXsI_CscQvnUOLyoLK_14common_structsINtB8_15AccountPositionINtNtNtNtCs2vpbtxTS1EH_22multiversx_sc_scenario3api7impl_vh12vm_hooks_api10VMHooksApiNtNtB14_9debug_api15DebugApiBackendEENtNtNtNtNtCs42MSoZVSe6Q_13multiversx_sc5types7managed7wrapped16managed_vec_item14ManagedVecItem16from_byte_readerNCNvMs2_NtB31_11managed_vecINtB4U_10ManagedVecBZ_BC_E7try_get0Es3_0Cs45bTgHwkvlY_5tests
FN:35,_RNCINvXsI_CscQvnUOLyoLK_14common_structsINtB8_15AccountPositionINtNtNtNtCs2vpbtxTS1EH_22multiversx_sc_scenario3api7impl_vh12vm_hooks_api10VMHooksApiNtNtB14_9debug_api15DebugApiBackendEENtNtNtNtNtCs42MSoZVSe6Q_13multiversx_sc5types7managed7wrapped16managed_vec_item14ManagedVecItem16from_byte_readerNCNvMs2_NtB31_11managed_vecINtB4U_10ManagedVecBZ_BC_E7try_get0Es4_0Cs45bTgHwkvlY_5tests
FN:35,_RNCINvXsI_CscQvnUOLyoLK_14common_structsINtB8_15AccountPositionINtNtNtNtCs2vpbtxTS1EH_22multiversx_sc_scenario3api7impl_vh12vm_hooks_api10VMHooksApiNtNtB14_9debug_api15DebugApiBackendEENtNtNtNtNtCs42MSoZVSe6Q_13multiversx_sc5types7managed7wrapped16managed_vec_item14ManagedVecItem16from_byte_readerNCNvMs2_NtB31_11managed_vecINtB4U_10ManagedVecBZ_BC_E7try_get0Es5_0Cs45bTgHwkvlY_5tests
FN:35,_RNCINvXsI_CscQvnUOLyoLK_14common_structsINtB8_15AccountPositionINtNtNtNtCs2vpbtxTS1EH_22multiversx_sc_scenario3api7impl_vh12vm_hooks_api10VMHooksApiNtNtB14_9debug_api15DebugApiBackendEENtNtNtNtNtCs42MSoZVSe6Q_13multiversx_sc5types7managed7wrapped16managed_vec_item14ManagedVecItem16from_byte_readerNCNvMs2_NtB31_11managed_vecINtB4U_10ManagedVecBZ_BC_E7try_get0Es6_0Cs45bTgHwkvlY_5tests
FN:35,_RNCINvXsI_CscQvnUOLyoLK_14common_structsINtB8_15AccountPositionINtNtNtNtCs2vpbtxTS1EH_22multiversx_sc_scenario3api7impl_vh12vm_hooks_api10VMHooksApiNtNtB14_9debug_api15DebugApiBackendEENtNtNtNtNtCs42MSoZVSe6Q_13multiversx_sc5types7managed7wrapped16managed_vec_item14ManagedVecItem16from_byte_readerNCNvMs2_NtB31_11managed_vecINtB4U_10ManagedVecBZ_BC_E7try_get0Es7_0Cs45bTgHwkvlY_5tests
FN:35,_RNCINvXsI_CscQvnUOLyoLK_14common_structsINtB8_15AccountPositionINtNtNtNtCs2vpbtxTS1EH_22multiversx_sc_scenario3api7impl_vh12vm_hooks_api10VMHooksApiNtNtB14_9debug_api15DebugApiBackendEENtNtNtNtNtCs42MSoZVSe6Q_13multiversx_sc5types7managed7wrapped16managed_vec_item14ManagedVecItem16from_byte_readerNCNvMs2_NtB31_11managed_vecINtB4U_10ManagedVecBZ_BC_E7try_get0Es_0Cs45bTgHwkvlY_5tests
FN:35,_RNCINvXsI_CscQvnUOLyoLK_14common_structsINtB8_15AccountPositionINtNtNtNtCs2vpbtxTS1EH_22multiversx_sc_scenario3api7impl_vh12vm_hooks_api10VMHooksApiNtNtB14_9debug_api15DebugApiBackendEENtNtNtNtNtCs42MSoZVSe6Q_13multiversx_sc5types7managed7wrapped16managed_vec_item14ManagedVecItem16from_byte_readerNCNvXs0_NtB31_22managed_vec_owned_iterINtB4U_23ManagedVecOwnedIteratorBZ_BC_ENtNtNtNtCslGS7pEIChKc_4core4iter6traits8iterator8Iterator4next0E0Cs45bTgHwkvlY_5tests
FN:35,_RNCINvXsI_CscQvnUOLyoLK_14common_structsINtB8_15AccountPositionINtNtNtNtCs2vpbtxTS1EH_22multiversx_sc_scenario3api7impl_vh12vm_hooks_api10VMHooksApiNtNtB14_9debug_api15DebugApiBackendEENtNtNtNtNtCs42MSoZVSe6Q_13multiversx_sc5types7managed7wrapped16managed_vec_item14ManagedVecItem16from_byte_readerNCNvXs0_NtB31_22managed_vec_owned_iterINtB4U_23ManagedVecOwnedIteratorBZ_BC_ENtNtNtNtCslGS7pEIChKc_4core4iter6traits8iterator8Iterator4next0Es0_0Cs45bTgHwkvlY_5tests
FN:35,_RNCINvXsI_CscQvnUOLyoLK_14common_structsINtB8_15AccountPositionINtNtNtNtCs2vpbtxTS1EH_22multiversx_sc_scenario3api7impl_vh12vm_hooks_api10VMHooksApiNtNtB14_9debug_api15DebugApiBackendEENtNtNtNtNtCs42MSoZVSe6Q_13multiversx_sc5types7managed7wrapped16managed_vec_item14ManagedVecItem16from_byte_readerNCNvXs0_NtB31_22managed_vec_owned_iterINtB4U_23ManagedVecOwnedIteratorBZ_BC_ENtNtNtNtCslGS7pEIChKc_4core4iter6traits8iterator8Iterator4next0Es1_0Cs45bTgHwkvlY_5tests
FN:35,_RNCINvXsI_CscQvnUOLyoLK_14common_structsINtB8_15AccountPositionINtNtNtNtCs2vpbtxTS1EH_22multiversx_sc_scenario3api7impl_vh12vm_hooks_api10VMHooksApiNtNtB14_9debug_api15DebugApiBackendEENtNtNtNtNtCs42MSoZVSe6Q_13multiversx_sc5types7managed7wrapped16managed_vec_item14ManagedVecItem16from_byte_readerNCNvXs0_NtB31_22managed_vec_owned_iterINtB4U_23ManagedVecOwnedIteratorBZ_BC_ENtNtNtNtCslGS7pEIChKc_4core4iter6traits8iterator8Iterator4next0Es2_0Cs45bTgHwkvlY_5tests
FN:35,_RNCINvXsI_CscQvnUOLyoLK_14common_structsINtB8_15AccountPositionINtNtNtNtCs2vpbtxTS1EH_22multiversx_sc_scenario3api7impl_vh12vm_hooks_api10VMHooksApiNtNtB14_9debug_api15DebugApiBackendEENtNtNtNtNtCs42MSoZVSe6Q_13multiversx_sc5types7managed7wrapped16managed_vec_item14ManagedVecItem16from_byte_readerNCNvXs0_NtB31_22managed_vec_owned_iterINtB4U_23ManagedVecOwnedIteratorBZ_BC_ENtNtNtNtCslGS7pEIChKc_4core4iter6traits8iterator8Iterator4next0Es3_0Cs45bTgHwkvlY_5tests
FN:35,_RNCINvXsI_CscQvnUOLyoLK_14common_structsINtB8_15AccountPositionINtNtNtNtCs2vpbtxTS1EH_22multiversx_sc_scenario3api7impl_vh12vm_hooks_api10VMHooksApiNtNtB14_9debug_api15DebugApiBackendEENtNtNtNtNtCs42MSoZVSe6Q_13multiversx_sc5types7managed7wrapped16managed_vec_item14ManagedVecItem16from_byte_readerNCNvXs0_NtB31_22managed_vec_owned_iterINtB4U_23ManagedVecOwnedIteratorBZ_BC_ENtNtNtNtCslGS7pEIChKc_4core4iter6traits8iterator8Iterator4next0Es4_0Cs45bTgHwkvlY_5tests
FN:35,_RNCINvXsI_CscQvnUOLyoLK_14common_structsINtB8_15AccountPositionINtNtNtNtCs2vpbtxTS1EH_22multiversx_sc_scenario3api7impl_vh12vm_hooks_api10VMHooksApiNtNtB14_9debug_api15DebugApiBackendEENtNtNtNtNtCs42MSoZVSe6Q_13multiversx_sc5types7managed7wrapped16managed_vec_item14ManagedVecItem16from_byte_readerNCNvXs0_NtB31_22managed_vec_owned_iterINtB4U_23ManagedVecOwnedIteratorBZ_BC_ENtNtNtNtCslGS7pEIChKc_4core4iter6traits8iterator8Iterator4next0Es5_0Cs45bTgHwkvlY_5tests
FN:35,_RNCINvXsI_CscQvnUOLyoLK_14common_structsINtB8_15AccountPositionINtNtNtNtCs2vpbtxTS1EH_22multiversx_sc_scenario3api7impl_vh12vm_hooks_api10VMHooksApiNtNtB14_9debug_api15DebugApiBackendEENtNtNtNtNtCs42MSoZVSe6Q_13multiversx_sc5types7managed7wrapped16managed_vec_item14ManagedVecItem16from_byte_readerNCNvXs0_NtB31_22managed_vec_owned_iterINtB4U_23ManagedVecOwnedIteratorBZ_BC_ENtNtNtNtCslGS7pEIChKc_4core4iter6traits8iterator8Iterator4next0Es6_0Cs45bTgHwkvlY_5tests
FN:35,_RNCINvXsI_CscQvnUOLyoLK_14common_structsINtB8_15AccountPositionINtNtNtNtCs2vpbtxTS1EH_22multiversx_sc_scenario3api7impl_vh12vm_hooks_api10VMHooksApiNtNtB14_9debug_api15DebugApiBackendEENtNtNtNtNtCs42MSoZVSe6Q_13multiversx_sc5types7managed7wrapped16managed_vec_item14ManagedVecItem16from_byte_readerNCNvXs0_NtB31_22managed_vec_owned_iterINtB4U_23ManagedVecOwnedIteratorBZ_BC_ENtNtNtNtCslGS7pEIChKc_4core4iter6traits8iterator8Iterator4next0Es7_0Cs45bTgHwkvlY_5tests
FN:35,_RNCINvXsI_CscQvnUOLyoLK_14common_structsINtB8_15AccountPositionINtNtNtNtCs2vpbtxTS1EH_22multiversx_sc_scenario3api7impl_vh12vm_hooks_api10VMHooksApiNtNtB14_9debug_api15DebugApiBackendEENtNtNtNtNtCs42MSoZVSe6Q_13multiversx_sc5types7managed7wrapped16managed_vec_item14ManagedVecItem16from_byte_readerNCNvXs0_NtB31_22managed_vec_owned_iterINtB4U_23ManagedVecOwnedIteratorBZ_BC_ENtNtNtNtCslGS7pEIChKc_4core4iter6traits8iterator8Iterator4next0Es_0Cs45bTgHwkvlY_5tests
FN:35,_RNCINvXsI_CscQvnUOLyoLK_14common_structsINtB8_15AccountPositionINtNtNtNtCs2vpbtxTS1EH_22multiversx_sc_scenario3api7impl_vh12vm_hooks_api10VMHooksApiNtNtB14_9debug_api15DebugApiBackendEENtNtNtNtNtCs42MSoZVSe6Q_13multiversx_sc5types7managed7wrapped16managed_vec_item14ManagedVecItem16into_byte_writeruNCNvMs2_NtB31_11managed_vecINtB4V_10ManagedVecBZ_BC_E4push0E0Cs45bTgHwkvlY_5tests
FN:35,_RNCINvXsI_CscQvnUOLyoLK_14common_structsINtB8_15AccountPositionINtNtNtNtCs2vpbtxTS1EH_22multiversx_sc_scenario3api7impl_vh12vm_hooks_api10VMHooksApiNtNtB14_9debug_api15DebugApiBackendEENtNtNtNtNtCs42MSoZVSe6Q_13multiversx_sc5types7managed7wrapped16managed_vec_item14ManagedVecItem16into_byte_writeruNCNvMs2_NtB31_11managed_vecINtB4V_10ManagedVecBZ_BC_E4push0Es0_0Cs45bTgHwkvlY_5tests
FN:35,_RNCINvXsI_CscQvnUOLyoLK_14common_structsINtB8_15AccountPositionINtNtNtNtCs2vpbtxTS1EH_22multiversx_sc_scenario3api7impl_vh12vm_hooks_api10VMHooksApiNtNtB14_9debug_api15DebugApiBackendEENtNtNtNtNtCs42MSoZVSe6Q_13multiversx_sc5types7managed7wrapped16managed_vec_item14ManagedVecItem16into_byte_writeruNCNvMs2_NtB31_11managed_vecINtB4V_10ManagedVecBZ_BC_E4push0Es1_0Cs45bTgHwkvlY_5tests
FN:35,_RNCINvXsI_CscQvnUOLyoLK_14common_structsINtB8_15AccountPositionINtNtNtNtCs2vpbtxTS1EH_22multiversx_sc_scenario3api7impl_vh12vm_hooks_api10VMHooksApiNtNtB14_9debug_api15DebugApiBackendEENtNtNtNtNtCs42MSoZVSe6Q_13multiversx_sc5types7managed7wrapped16managed_vec_item14ManagedVecItem16into_byte_writeruNCNvMs2_NtB31_11managed_vecINtB4V_10ManagedVecBZ_BC_E4push0Es2_0Cs45bTgHwkvlY_5tests
FN:35,_RNCINvXsI_CscQvnUOLyoLK_14common_structsINtB8_15AccountPositionINtNtNtNtCs2vpbtxTS1EH_22multiversx_sc_scenario3api7impl_vh12vm_hooks_api10VMHooksApiNtNtB14_9debug_api15DebugApiBackendEENtNtNtNtNtCs42MSoZVSe6Q_13multiversx_sc5types7managed7wrapped16managed_vec_item14ManagedVecItem16into_byte_writeruNCNvMs2_NtB31_11managed_vecINtB4V_10ManagedVecBZ_BC_E4push0Es3_0Cs45bTgHwkvlY_5tests
FN:35,_RNCINvXsI_CscQvnUOLyoLK_14common_structsINtB8_15AccountPositionINtNtNtNtCs2vpbtxTS1EH_22multiversx_sc_scenario3api7impl_vh12vm_hooks_api10VMHooksApiNtNtB14_9debug_api15DebugApiBackendEENtNtNtNtNtCs42MSoZVSe6Q_13multiversx_sc5types7managed7wrapped16managed_vec_item14ManagedVecItem16into_byte_writeruNCNvMs2_NtB31_11managed_vecINtB4V_10ManagedVecBZ_BC_E4push0Es4_0Cs45bTgHwkvlY_5tests
FN:35,_RNCINvXsI_CscQvnUOLyoLK_14common_structsINtB8_15AccountPositionINtNtNtNtCs2vpbtxTS1EH_22multiversx_sc_scenario3api7impl_vh12vm_hooks_api10VMHooksApiNtNtB14_9debug_api15DebugApiBackendEENtNtNtNtNtCs42MSoZVSe6Q_13multiversx_sc5types7managed7wrapped16managed_vec_item14ManagedVecItem16into_byte_writeruNCNvMs2_NtB31_11managed_vecINtB4V_10ManagedVecBZ_BC_E4push0Es5_0Cs45bTgHwkvlY_5tests
FN:35,_RNCINvXsI_CscQvnUOLyoLK_14common_structsINtB8_15AccountPositionINtNtNtNtCs2vpbtxTS1EH_22multiversx_sc_scenario3api7impl_vh12vm_hooks_api10VMHooksApiNtNtB14_9debug_api15DebugApiBackendEENtNtNtNtNtCs42MSoZVSe6Q_13multiversx_sc5types7managed7wrapped16managed_vec_item14ManagedVecItem16into_byte_writeruNCNvMs2_NtB31_11managed_vecINtB4V_10ManagedVecBZ_BC_E4push0Es6_0Cs45bTgHwkvlY_5tests
FN:35,_RNCINvXsI_CscQvnUOLyoLK_14common_structsINtB8_15AccountPositionINtNtNtNtCs2vpbtxTS1EH_22multiversx_sc_scenario3api7impl_vh12vm_hooks_api10VMHooksApiNtNtB14_9debug_api15DebugApiBackendEENtNtNtNtNtCs42MSoZVSe6Q_13multiversx_sc5types7managed7wrapped16managed_vec_item14ManagedVecItem16into_byte_writeruNCNvMs2_NtB31_11managed_vecINtB4V_10ManagedVecBZ_BC_E4push0Es7_0Cs45bTgHwkvlY_5tests
FN:35,_RNCINvXsI_CscQvnUOLyoLK_14common_structsINtB8_15AccountPositionINtNtNtNtCs2vpbtxTS1EH_22multiversx_sc_scenario3api7impl_vh12vm_hooks_api10VMHooksApiNtNtB14_9debug_api15DebugApiBackendEENtNtNtNtNtCs42MSoZVSe6Q_13multiversx_sc5types7managed7wrapped16managed_vec_item14ManagedVecItem16into_byte_writeruNCNvMs2_NtB31_11managed_vecINtB4V_10ManagedVecBZ_BC_E4push0Es_0Cs45bTgHwkvlY_5tests
FN:137,_RNCINvXs_CscQvnUOLyoLK_14common_structsINtB7_25EgldOrEsdtTokenPaymentNewINtNtNtNtCs2vpbtxTS1EH_22multiversx_sc_scenario3api7impl_vh12vm_hooks_api10VMHooksApiNtNtB1d_9debug_api15DebugApiBackendEENtNtNtNtNtCs42MSoZVSe6Q_13multiversx_sc5types7managed7wrapped16managed_vec_item14ManagedVecItem16from_byte_readerNCNvMs2_NtB3a_11managed_vecINtB53_10ManagedVecB18_BB_E7try_get0E0Cs45bTgHwkvlY_5tests
FN:137,_RNCINvXs_CscQvnUOLyoLK_14common_structsINtB7_25EgldOrEsdtTokenPaymentNewINtNtNtNtCs2vpbtxTS1EH_22multiversx_sc_scenario3api7impl_vh12vm_hooks_api10VMHooksApiNtNtB1d_9debug_api15DebugApiBackendEENtNtNtNtNtCs42MSoZVSe6Q_13multiversx_sc5types7managed7wrapped16managed_vec_item14ManagedVecItem16from_byte_readerNCNvMs2_NtB3a_11managed_vecINtB53_10ManagedVecB18_BB_E7try_get0Es0_0Cs45bTgHwkvlY_5tests
FN:137,_RNCINvXs_CscQvnUOLyoLK_14common_structsINtB7_25EgldOrEsdtTokenPaymentNewINtNtNtNtCs2vpbtxTS1EH_22multiversx_sc_scenario3api7impl_vh12vm_hooks_api10VMHooksApiNtNtB1d_9debug_api15DebugApiBackendEENtNtNtNtNtCs42MSoZVSe6Q_13multiversx_sc5types7managed7wrapped16managed_vec_item14ManagedVecItem16from_byte_readerNCNvMs2_NtB3a_11managed_vecINtB53_10ManagedVecB18_BB_E7try_get0Es_0Cs45bTgHwkvlY_5tests
FN:137,_RNCINvXs_CscQvnUOLyoLK_14common_structsINtB7_25EgldOrEsdtTokenPaymentNewINtNtNtNtCs2vpbtxTS1EH_22multiversx_sc_scenario3api7impl_vh12vm_hooks_api10VMHooksApiNtNtB1d_9debug_api15DebugApiBackendEENtNtNtNtNtCs42MSoZVSe6Q_13multiversx_sc5types7managed7wrapped16managed_vec_item14ManagedVecItem16into_byte_writeruNCNvMs2_NtB3a_11managed_vecINtB54_10ManagedVecB18_BB_E4push0E0Cs45bTgHwkvlY_5tests
FN:137,_RNCINvXs_CscQvnUOLyoLK_14common_structsINtB7_25EgldOrEsdtTokenPaymentNewINtNtNtNtCs2vpbtxTS1EH_22multiversx_sc_scenario3api7impl_vh12vm_hooks_api10VMHooksApiNtNtB1d_9debug_api15DebugApiBackendEENtNtNtNtNtCs42MSoZVSe6Q_13multiversx_sc5types7managed7wrapped16managed_vec_item14ManagedVecItem16into_byte_writeruNCNvMs2_NtB3a_11managed_vecINtB54_10ManagedVecB18_BB_E4push0Es0_0Cs45bTgHwkvlY_5tests
FN:137,_RNCINvXs_CscQvnUOLyoLK_14common_structsINtB7_25EgldOrEsdtTokenPaymentNewINtNtNtNtCs2vpbtxTS1EH_22multiversx_sc_scenario3api7impl_vh12vm_hooks_api10VMHooksApiNtNtB1d_9debug_api15DebugApiBackendEENtNtNtNtNtCs42MSoZVSe6Q_13multiversx_sc5types7managed7wrapped16managed_vec_item14ManagedVecItem16into_byte_writeruNCNvMs2_NtB3a_11managed_vecINtB54_10ManagedVecB18_BB_E4push0Es_0Cs45bTgHwkvlY_5tests
FN:77,_RNvMCscQvnUOLyoLK_14common_structsINtB2_15AccountPositionINtNtNtNtCs2vpbtxTS1EH_22multiversx_sc_scenario3api7impl_vh12vm_hooks_api10VMHooksApiNtNtBY_9debug_api15DebugApiBackendEE16get_total_amountCs45bTgHwkvlY_5tests
FN:51,_RNvMCscQvnUOLyoLK_14common_structsINtB2_15AccountPositionINtNtNtNtCs2vpbtxTS1EH_22multiversx_sc_scenario3api7impl_vh12vm_hooks_api10VMHooksApiNtNtBY_9debug_api15DebugApiBackendEE3newCs45bTgHwkvlY_5tests
FNDA:0,_RINvXINICscc7zTfnX8JX_14common_structss18_0pEINtB6_10PoolParamspENtNtNtCsaJvka5KiulT_19multiversx_sc_codec6single6top_en9TopEncode24top_encode_or_handle_errppEB6_
[...]
FN:145,_RNCNvYINtCs4R9bVo4VU7q_16price_aggregator11ContractObjINtNtNtNtCs2vpbtxTS1EH_22multiversx_sc_scenario3api7impl_vh12vm_hooks_api10VMHooksApiNtNtBV_9debug_api15DebugApiBackendEENtNtB7_5utils11UtilsModule16create_new_round0Cs45bTgHwkvlY_5tests
FN:107,_RNCNvYINtCs4R9bVo4VU7q_16price_aggregator11ContractObjINtNtNtNtCs2vpbtxTS1EH_22multiversx_sc_scenario3api7impl_vh12vm_hooks_api10VMHooksApiNtNtBV_9debug_api15DebugApiBackendEENtNtB7_5utils11UtilsModule16submit_unchecked0Cs45bTgHwkvlY_5tests
FNDA:0,_RNvYpNtNtCsdwJDtFCe22E_16price_aggregator5utils11UtilsModule17require_is_oracleB7_
FNDA:0,_RNvYpNtNtCsdwJDtFCe22E_16price_aggregator5utils11UtilsModule30require_valid_submission_countB7_
FNDA:0,_RNvYpNtNtCsdwJDtFCe22E_16price_aggregator5utils11UtilsModule16submit_uncheckedB7_
FNDA:0,_RNCNvYpNtNtCsdwJDtFCe22E_16price_aggregator5utils11UtilsModule16submit_unchecked0B9_
FNDA:0,_RNvYpNtNtCsdwJDtFCe22E_16price_aggregator5utils11UtilsModule34require_valid_submission_timestampB7_
FNDA:0,_RNvYpNtNtCsdwJDtFCe22E_16price_aggregator5utils11UtilsModule16create_new_roundB7_
FNDA:0,_RNCNvYpNtNtCsdwJDtFCe22E_16price_aggregator5utils11UtilsModule16create_new_round0B9_
FNDA:0,_RNvYpNtNtCsdwJDtFCe22E_16price_aggregator5utils11UtilsModule17clear_submissionsB7_
FNDA:0,_RNvYpNtNtCsdwJDtFCe22E_16price_aggregator5utils11UtilsModule14check_decimalsB7_
FNDA:0,_RNvYpNtNtCsdwJDtFCe22E_16price_aggregator5utils16EndpointWrappers4callB7_
FNDA:0,_RNvYpNtNtCsdwJDtFCe22E_16price_aggregator5utils16EndpointWrappers17callback_selectorB7_
FNDA:0,_RNvYpNtNtCsdwJDtFCe22E_16price_aggregator5utils16EndpointWrappers8callbackB7_
FNDA:0,_RNvXs1_NtCsdwJDtFCe22E_16price_aggregator5utilsNtB5_11AbiProviderNtNtNtCs42MSoZVSe6Q_13multiversx_sc13contract_base21contract_abi_provider19ContractAbiProvider3abi
FNDA:0,_RNvXININtCsdwJDtFCe22E_16price_aggregator5utilssd_0pEINtB5_11ContractObjpENtNtNtCs42MSoZVSe6Q_13multiversx_sc13contract_base17callable_contract16CallableContract4callB7_
FNDA:0,_RINvNtCsdwJDtFCe22E_16price_aggregator5utils12contract_objpEB4_
FNDA:0,_RINvXse_NtCsdwJDtFCe22E_16price_aggregator5utilsNtB6_15ContractBuilderNtNtNtCs42MSoZVSe6Q_13multiversx_sc13contract_base17callable_contract23CallableContractBuilder16new_contract_objpEB8_
FNDA:528,_RNvYINtCs4R9bVo4VU7q_16price_aggregator11ContractObjINtNtNtNtCs2vpbtxTS1EH_22multiversx_sc_scenario3api7impl_vh12vm_hooks_api10VMHooksApiNtNtBT_9debug_api15DebugApiBackendEENtNtB5_5utils11UtilsModule14check_decimalsCs45bTgHwkvlY_5tests
FNDA:528,_RNvYINtCs4R9bVo4VU7q_16price_aggregator11ContractObjINtNtNtNtCs2vpbtxTS1EH_22multiversx_sc_scenario3api7impl_vh12vm_hooks_api10VMHooksApiNtNtBT_9debug_api15DebugApiBackendEENtNtB5_5utils11UtilsModule16create_new_roundCs45bTgHwkvlY_5tests
FNDA:528,_RNvYINtCs4R9bVo4VU7q_16price_aggregator11ContractObjINtNtNtNtCs2vpbtxTS1EH_22multiversx_sc_scenario3api7impl_vh12vm_hooks_api10VMHooksApiNtNtBT_9debug_api15DebugApiBackendEENtNtB5_5utils11UtilsModule16submit_uncheckedCs45bTgHwkvlY_5tests
FNDA:132,_RNvYINtCs4R9bVo4VU7q_16price_aggregator11ContractObjINtNtNtNtCs2vpbtxTS1EH_22multiversx_sc_scenario3api7impl_vh12vm_hooks_api10VMHooksApiNtNtBT_9debug_api15DebugApiBackendEENtNtB5_5utils11UtilsModule17clear_submissionsCs45bTgHwkvlY_5tests
FNDA:528,_RNvYINtCs4R9bVo4VU7q_16price_aggregator11ContractObjINtNtNtNtCs2vpbtxTS1EH_22multiversx_sc_scenario3api7impl_vh12vm_hooks_api10VMHooksApiNtNtBT_9debug_api15DebugApiBackendEENtNtB5_5utils11UtilsModule17require_is_oracleCs45bTgHwkvlY_5tests
FNDA:22,_RNvYINtCs4R9bVo4VU7q_16price_aggregator11ContractObjINtNtNtNtCs2vpbtxTS1EH_22multiversx_sc_scenario3api7impl_vh12vm_hooks_api10VMHooksApiNtNtBT_9debug_api15DebugApiBackendEENtNtB5_5utils11UtilsModule30require_valid_submission_countCs45bTgHwkvlY_5tests
FNDA:528,_RNvYINtCs4R9bVo4VU7q_16price_aggregator11ContractObjINtNtNtNtCs2vpbtxTS1EH_22multiversx_sc_scenario3api7impl_vh12vm_hooks_api10VMHooksApiNtNtBT_9debug_api15DebugApiBackendEENtNtB5_5utils11UtilsModule34require_valid_submission_timestampCs45bTgHwkvlY_5tests
FNDA:0,_RNvYINtCs4R9bVo4VU7q_16price_aggregator11ContractObjINtNtNtNtCs2vpbtxTS1EH_22multiversx_sc_scenario3api7impl_vh12vm_hooks_api10VMHooksApiNtNtBT_9debug_api15DebugApiBackendEENtNtB5_5utils16EndpointWrappers17callback_selectorCs45bTgHwkvlY_5tests
FNDA:200,_RNvYINtCs4R9bVo4VU7q_16price_aggregator11ContractObjINtNtNtNtCs2vpbtxTS1EH_22multiversx_sc_scenario3api7impl_vh12vm_hooks_api10VMHooksApiNtNtBT_9debug_api15DebugApiBackendEENtNtB5_5utils16EndpointWrappers4callCs45bTgHwkvlY_5tests
FNDA:0,_RNvYINtCs4R9bVo4VU7q_16price_aggregator11ContractObjINtNtNtNtCs2vpbtxTS1EH_22multiversx_sc_scenario3api7impl_vh12vm_hooks_api10VMHooksApiNtNtBT_9debug_api15DebugApiBackendEENtNtB5_5utils16EndpointWrappers8callbackCs45bTgHwkvlY_5tests
FNDA:0,_RNCNvYINtCs4R9bVo4VU7q_16price_aggregator11ContractObjINtNtNtNtCs2vpbtxTS1EH_22multiversx_sc_scenario3api7impl_vh12vm_hooks_api10VMHooksApiNtNtBV_9debug_api15DebugApiBackendEENtNtB7_5utils11UtilsModule16create_new_round0Cs45bTgHwkvlY_5tests
FNDA:528,_RNCNvYINtCs4R9bVo4VU7q_16price_aggregator11ContractObjINtNtNtNtCs2vpbtxTS1EH_22multiversx_sc_scenario3api7impl_vh12vm_hooks_api10VMHooksApiNtNtBV_9debug_api15DebugApiBackendEENtNtB7_5utils11UtilsModule16submit_unchecked0Cs45bTgHwkvlY_5tests
FNF:10
FNH:9
DA:11,200
DA:18,528
DA:19,528
DA:20,528
DA:21,528
DA:22,528
DA:23,528
DA:26,22
DA:27,22
DA:28,22
DA:29,22
DA:30,22
DA:41,528
DA:42,528
DA:43,528
DA:44,528
DA:45,528
DA:46,528
DA:47,528
DA:48,528
DA:49,528
DA:50,528
DA:51,528
DA:52,528
DA:53,528
DA:54,528
DA:55,0
DA:56,528
DA:58,528
DA:59,528
DA:60,528
DA:61,132
DA:62,132
DA:63,132
DA:64,132
DA:66,396
DA:70,528
DA:71,0
DA:72,0
DA:73,0
DA:74,0
DA:75,0
DA:76,0
DA:77,0
DA:78,528
DA:80,528
DA:81,528
DA:82,528
DA:83,528
DA:84,528
DA:85,528
DA:86,528
DA:87,528
DA:88,528
DA:89,528
DA:90,528
DA:91,528
DA:92,528
DA:93,528
DA:94,528
DA:95,528
DA:96,0
DA:97,0
DA:98,0
DA:99,0
DA:100,0
DA:101,0
DA:102,0
DA:103,0
DA:105,528
DA:106,528
DA:107,528
DA:108,528
DA:109,528
DA:110,528
DA:113,528
DA:114,528
DA:115,528
DA:116,528
DA:117,528
DA:118,528
DA:119,528
DA:120,528
DA:121,528
DA:122,528
DA:131,528
DA:132,528
DA:133,528
DA:134,132
DA:135,132
DA:136,132
DA:137,132
DA:139,132
DA:140,528
DA:141,528
DA:142,528
DA:144,132
DA:145,132
DA:146,132
DA:147,132
DA:148,132
DA:149,132
DA:150,132
DA:151,132
DA:152,132
DA:153,132
DA:154,132
DA:155,132
DA:156,132
DA:157,132
DA:158,132
DA:159,132
DA:160,132
DA:161,132
DA:162,132
DA:163,396
DA:166,132
DA:167,132
DA:168,0
DA:169,132
DA:170,132
DA:171,132
DA:174,528
DA:175,528
DA:176,528
DA:177,528
DA:178,528
DA:179,528
BRF:0
BRH:0
LF:131
LH:113
end_of_record
SF:/Users/mihaieremia/GitHub/rs-lending/price-aggregator/src/views.rs
FN:17,_RNvYpNtNtCsdwJDtFCe22E_16price_aggregator5views11ViewsModule15make_price_feedB7_
FN:32,_RNvYpNtNtCsdwJDtFCe22E_16price_aggregator5views11ViewsModule17get_pair_decimalsB7_
FN:39,_RNvYpNtNtCsdwJDtFCe22E_16price_aggregator5views11ViewsModule17latest_round_dataB7_
FN:52,_RNvYpNtNtCsdwJDtFCe22E_16price_aggregator5views11ViewsModule17latest_price_feedB7_
FN:69,_RNvYpNtNtCsdwJDtFCe22E_16price_aggregator5views11ViewsModule26latest_price_feed_optionalB7_
FN:74,_RNvYpNtNtCsdwJDtFCe22E_16price_aggregator5views11ViewsModule11get_oraclesB7_
FN:9,_RNvYpNtNtCsdwJDtFCe22E_16price_aggregator5views16EndpointWrappers22call_get_pair_decimalsB7_
FN:9,_RNvYpNtNtCsdwJDtFCe22E_16price_aggregator5views16EndpointWrappers22call_latest_round_dataB7_
FN:9,_RNvYpNtNtCsdwJDtFCe22E_16price_aggregator5views16EndpointWrappers22call_latest_price_feedB7_
FN:9,_RNvYpNtNtCsdwJDtFCe22E_16price_aggregator5views16EndpointWrappers31call_latest_price_feed_optionalB7_
FN:9,_RNvYpNtNtCsdwJDtFCe22E_16price_aggregator5views16EndpointWrappers16call_get_oraclesB7_
FN:9,_RNvYpNtNtCsdwJDtFCe22E_16price_aggregator5views16EndpointWrappers4callB7_
FN:9,_RNvYpNtNtCsdwJDtFCe22E_16price_aggregator5views16EndpointWrappers17callback_selectorB7_
FN:9,_RNvYpNtNtCsdwJDtFCe22E_16price_aggregator5views16EndpointWrappers8callbackB7_
FN:9,_RNvXs1_NtCsdwJDtFCe22E_16price_aggregator5viewsNtB5_11AbiProviderNtNtNtCs42MSoZVSe6Q_13multiversx_sc13contract_base21contract_abi_provider19ContractAbiProvider3abi
FN:9,_RNvXININtCsdwJDtFCe22E_16price_aggregator5viewss9_0pEINtB5_11ContractObjpENtNtNtCs42MSoZVSe6Q_13multiversx_sc13contract_base17callable_contract16CallableContract4callB7_
FN:9,_RINvNtCsdwJDtFCe22E_16price_aggregator5views12contract_objpEB4_
FN:9,_RINvXsa_NtCsdwJDtFCe22E_16price_aggregator5viewsNtB6_15ContractBuilderNtNtNtCs42MSoZVSe6Q_13multiversx_sc13contract_base17callable_contract23CallableContractBuilder16new_contract_objpEB8_
FN:9,_RINvNtNtCsdwJDtFCe22E_16price_aggregator5views19___wasm__endpoints__17get_pair_decimalspEB6_
FN:9,_RINvNtNtCsdwJDtFCe22E_16price_aggregator5views19___wasm__endpoints__17latest_round_datapEB6_
FN:9,_RINvNtNtCsdwJDtFCe22E_16price_aggregator5views19___wasm__endpoints__17latest_price_feedpEB6_
FN:9,_RINvNtNtCsdwJDtFCe22E_16price_aggregator5views19___wasm__endpoints__26latest_price_feed_optionalpEB6_
FN:9,_RINvNtNtCsdwJDtFCe22E_16price_aggregator5views19___wasm__endpoints__11get_oraclespEB6_
FN:9,_RINvYpNtNtCsdwJDtFCe22E_16price_aggregator5views10ProxyTrait17get_pair_decimalsppEB8_
FN:9,_RNvYpNtNtCsdwJDtFCe22E_16price_aggregator5views10ProxyTrait17latest_round_dataB7_
FN:9,_RINvYpNtNtCsdwJDtFCe22E_16price_aggregator5views10ProxyTrait17latest_price_feedppEB8_
FN:9,_RINvYpNtNtCsdwJDtFCe22E_16price_aggregator5views10ProxyTrait26latest_price_feed_optionalppEB8_
FN:9,_RNvYpNtNtCsdwJDtFCe22E_16price_aggregator5views10ProxyTrait11get_oraclesB7_
FN:74,_RNvYINtCs4R9bVo4VU7q_16price_aggregator11ContractObjINtNtNtNtCs2vpbtxTS1EH_22multiversx_sc_scenario3api7impl_vh12vm_hooks_api10VMHooksApiNtNtBT_9debug_api15DebugApiBackendEENtNtB5_5views11ViewsModule11get_oraclesCs45bTgHwkvlY_5tests
FN:17,_RNvYINtCs4R9bVo4VU7q_16price_aggregator11ContractObjINtNtNtNtCs2vpbtxTS1EH_22multiversx_sc_scenario3api7impl_vh12vm_hooks_api10VMHooksApiNtNtBT_9debug_api15DebugApiBackendEENtNtB5_5views11ViewsModule15make_price_feedCs45bTgHwkvlY_5tests
FN:32,_RNvYINtCs4R9bVo4VU7q_16price_aggregator11ContractObjINtNtNtNtCs2vpbtxTS1EH_22multiversx_sc_scenario3api7impl_vh12vm_hooks_api10VMHooksApiNtNtBT_9debug_api15DebugApiBackendEENtNtB5_5views11ViewsModule17get_pair_decimalsCs45bTgHwkvlY_5tests
FN:52,_RNvYINtCs4R9bVo4VU7q_16price_aggregator11ContractObjINtNtNtNtCs2vpbtxTS1EH_22multiversx_sc_scenario3api7impl_vh12vm_hooks_api10VMHooksApiNtNtBT_9debug_api15DebugApiBackendEENtNtB5_5views11ViewsModule17latest_price_feedCs45bTgHwkvlY_5tests
FN:39,_RNvYINtCs4R9bVo4VU7q_16price_aggregator11ContractObjINtNtNtNtCs2vpbtxTS1EH_22multiversx_sc_scenario3api7impl_vh12vm_hooks_api10VMHooksApiNtNtBT_9debug_api15DebugApiBackendEENtNtB5_5views11ViewsModule17latest_round_dataCs45bTgHwkvlY_5tests
FN:69,_RNvYINtCs4R9bVo4VU7q_16price_aggregator11ContractObjINtNtNtNtCs2vpbtxTS1EH_22multiversx_sc_scenario3api7impl_vh12vm_hooks_api10VMHooksApiNtNtBT_9debug_api15DebugApiBackendEENtNtB5_5views11ViewsModule26latest_price_feed_optionalCs45bTgHwkvlY_5tests
FN:9,_RNvYINtCs4R9bVo4VU7q_16price_aggregator11ContractObjINtNtNtNtCs2vpbtxTS1EH_22multiversx_sc_scenario3api7impl_vh12vm_hooks_api10VMHooksApiNtNtBT_9debug_api15DebugApiBackendEENtNtB5_5views16EndpointWrappers16call_get_oraclesCs45bTgHwkvlY_5tests
FN:9,_RNvYINtCs4R9bVo4VU7q_16price_aggregator11ContractObjINtNtNtNtCs2vpbtxTS1EH_22multiversx_sc_scenario3api7impl_vh12vm_hooks_api10VMHooksApiNtNtBT_9debug_api15DebugApiBackendEENtNtB5_5views16EndpointWrappers17callback_selectorCs45bTgHwkvlY_5tests
FN:9,_RNvYINtCs4R9bVo4VU7q_16price_aggregator11ContractObjINtNtNtNtCs2vpbtxTS1EH_22multiversx_sc_scenario3api7impl_vh12vm_hooks_api10VMHooksApiNtNtBT_9debug_api15DebugApiBackendEENtNtB5_5views16EndpointWrappers22call_get_pair_decimalsCs45bTgHwkvlY_5tests
FN:9,_RNvYINtCs4R9bVo4VU7q_16price_aggregator11ContractObjINtNtNtNtCs2vpbtxTS1EH_22multiversx_sc_scenario3api7impl_vh12vm_hooks_api10VMHooksApiNtNtBT_9debug_api15DebugApiBackendEENtNtB5_5views16EndpointWrappers22call_latest_price_feedCs45bTgHwkvlY_5tests
FN:9,_RNvYINtCs4R9bVo4VU7q_16price_aggregator11ContractObjINtNtNtNtCs2vpbtxTS1EH_22multiversx_sc_scenario3api7impl_vh12vm_hooks_api10VMHooksApiNtNtBT_9debug_api15DebugApiBackendEENtNtB5_5views16EndpointWrappers22call_latest_round_dataCs45bTgHwkvlY_5tests
FN:9,_RNvYINtCs4R9bVo4VU7q_16price_aggregator11ContractObjINtNtNtNtCs2vpbtxTS1EH_22multiversx_sc_scenario3api7impl_vh12vm_hooks_api10VMHooksApiNtNtBT_9debug_api15DebugApiBackendEENtNtB5_5views16EndpointWrappers31call_latest_price_feed_optionalCs45bTgHwkvlY_5tests
FN:9,_RNvYINtCs4R9bVo4VU7q_16price_aggregator11ContractObjINtNtNtNtCs2vpbtxTS1EH_22multiversx_sc_scenario3api7impl_vh12vm_hooks_api10VMHooksApiNtNtBT_9debug_api15DebugApiBackendEENtNtB5_5views16EndpointWrappers4callCs45bTgHwkvlY_5tests
FN:9,_RNvYINtCs4R9bVo4VU7q_16price_aggregator11ContractObjINtNtNtNtCs2vpbtxTS1EH_22multiversx_sc_scenario3api7impl_vh12vm_hooks_api10VMHooksApiNtNtBT_9debug_api15DebugApiBackendEENtNtB5_5views16EndpointWrappers8callbackCs45bTgHwkvlY_5tests
FNDA:0,_RNvYpNtNtCsdwJDtFCe22E_16price_aggregator5views11ViewsModule15make_price_feedB7_
FNDA:0,_RNvYpNtNtCsdwJDtFCe22E_16price_aggregator5views11ViewsModule17get_pair_decimalsB7_
FNDA:0,_RNvYpNtNtCsdwJDtFCe22E_16price_aggregator5views11ViewsModule17latest_round_dataB7_
FNDA:0,_RNvYpNtNtCsdwJDtFCe22E_16price_aggregator5views11ViewsModule17latest_price_feedB7_
FNDA:0,_RNvYpNtNtCsdwJDtFCe22E_16price_aggregator5views11ViewsModule26latest_price_feed_optionalB7_
FNDA:0,_RNvYpNtNtCsdwJDtFCe22E_16price_aggregator5views11ViewsModule11get_oraclesB7_
FNDA:0,_RNvYpNtNtCsdwJDtFCe22E_16price_aggregator5views16EndpointWrappers22call_get_pair_decimalsB7_
FNDA:0,_RNvYpNtNtCsdwJDtFCe22E_16price_aggregator5views16EndpointWrappers22call_latest_round_dataB7_
FNDA:0,_RNvYpNtNtCsdwJDtFCe22E_16price_aggregator5views16EndpointWrappers22call_latest_price_feedB7_
FNDA:0,_RNvYpNtNtCsdwJDtFCe22E_16price_aggregator5views16EndpointWrappers31call_latest_price_feed_optionalB7_
FNDA:0,_RNvYpNtNtCsdwJDtFCe22E_16price_aggregator5views16EndpointWrappers16call_get_oraclesB7_
FNDA:0,_RNvYpNtNtCsdwJDtFCe22E_16price_aggregator5views16EndpointWrappers4callB7_
FNDA:0,_RNvYpNtNtCsdwJDtFCe22E_16price_aggregator5views16EndpointWrappers17callback_selectorB7_
FNDA:0,_RNvYpNtNtCsdwJDtFCe22E_16price_aggregator5views16EndpointWrappers8callbackB7_
FNDA:0,_RNvXs1_NtCsdwJDtFCe22E_16price_aggregator5viewsNtB5_11AbiProviderNtNtNtCs42MSoZVSe6Q_13multiversx_sc13contract_base21contract_abi_provider19ContractAbiProvider3abi
FNDA:0,_RNvXININtCsdwJDtFCe22E_16price_aggregator5viewss9_0pEINtB5_11ContractObjpENtNtNtCs42MSoZVSe6Q_13multiversx_sc13contract_base17callable_contract16CallableContract4callB7_
FNDA:0,_RINvNtCsdwJDtFCe22E_16price_aggregator5views12contract_objpEB4_
FNDA:0,_RINvXsa_NtCsdwJDtFCe22E_16price_aggregator5viewsNtB6_15ContractBuilderNtNtNtCs42MSoZVSe6Q_13multiversx_sc13contract_base17callable_contract23CallableContractBuilder16new_contract_objpEB8_
FNDA:0,_RINvNtNtCsdwJDtFCe22E_16price_aggregator5views19___wasm__endpoints__17get_pair_decimalspEB6_
FNDA:0,_RINvNtNtCsdwJDtFCe22E_16price_aggregator5views19___wasm__endpoints__17latest_round_datapEB6_
FNDA:0,_RINvNtNtCsdwJDtFCe22E_16price_aggregator5views19___wasm__endpoints__17latest_price_feedpEB6_
FNDA:0,_RINvNtNtCsdwJDtFCe22E_16price_aggregator5views19___wasm__endpoints__26latest_price_feed_optionalpEB6_
FNDA:0,_RINvNtNtCsdwJDtFCe22E_16price_aggregator5views19___wasm__endpoints__11get_oraclespEB6_
FNDA:0,_RINvYpNtNtCsdwJDtFCe22E_16price_aggregator5views10ProxyTrait17get_pair_decimalsppEB8_
FNDA:0,_RNvYpNtNtCsdwJDtFCe22E_16price_aggregator5views10ProxyTrait17latest_round_dataB7_
FNDA:0,_RINvYpNtNtCsdwJDtFCe22E_16price_aggregator5views10ProxyTrait17latest_price_feedppEB8_
FNDA:0,_RINvYpNtNtCsdwJDtFCe22E_16price_aggregator5views10ProxyTrait26latest_price_feed_optionalppEB8_
FNDA:0,_RNvYpNtNtCsdwJDtFCe22E_16price_aggregator5views10ProxyTrait11get_oraclesB7_
FNDA:0,_RNvYINtCs4R9bVo4VU7q_16price_aggregator11ContractObjINtNtNtNtCs2vpbtxTS1EH_22multiversx_sc_scenario3api7impl_vh12vm_hooks_api10VMHooksApiNtNtBT_9debug_api15DebugApiBackendEENtNtB5_5views11ViewsModule11get_oraclesCs45bTgHwkvlY_5tests
FNDA:46,_RNvYINtCs4R9bVo4VU7q_16price_aggregator11ContractObjINtNtNtNtCs2vpbtxTS1EH_22multiversx_sc_scenario3api7impl_vh12vm_hooks_api10VMHooksApiNtNtBT_9debug_api15DebugApiBackendEENtNtB5_5views11ViewsModule15make_price_feedCs45bTgHwkvlY_5tests
FNDA:528,_RNvYINtCs4R9bVo4VU7q_16price_aggregator11ContractObjINtNtNtNtCs2vpbtxTS1EH_22multiversx_sc_scenario3api7impl_vh12vm_hooks_api10VMHooksApiNtNtBT_9debug_api15DebugApiBackendEENtNtB5_5views11ViewsModule17get_pair_decimalsCs45bTgHwkvlY_5tests
FNDA:46,_RNvYINtCs4R9bVo4VU7q_16price_aggregator11ContractObjINtNtNtNtCs2vpbtxTS1EH_22multiversx_sc_scenario3api7impl_vh12vm_hooks_api10VMHooksApiNtNtBT_9debug_api15DebugApiBackendEENtNtB5_5views11ViewsModule17latest_price_feedCs45bTgHwkvlY_5tests
FNDA:0,_RNvYINtCs4R9bVo4VU7q_16price_aggregator11ContractObjINtNtNtNtCs2vpbtxTS1EH_22multiversx_sc_scenario3api7impl_vh12vm_hooks_api10VMHooksApiNtNtBT_9debug_api15DebugApiBackendEENtNtB5_5views11ViewsModule17latest_round_dataCs45bTgHwkvlY_5tests
FNDA:0,_RNvYINtCs4R9bVo4VU7q_16price_aggregator11ContractObjINtNtNtNtCs2vpbtxTS1EH_22multiversx_sc_scenario3api7impl_vh12vm_hooks_api10VMHooksApiNtNtBT_9debug_api15DebugApiBackendEENtNtB5_5views11ViewsModule26latest_price_feed_optionalCs45bTgHwkvlY_5tests
FNDA:0,_RNvYINtCs4R9bVo4VU7q_16price_aggregator11ContractObjINtNtNtNtCs2vpbtxTS1EH_22multiversx_sc_scenario3api7impl_vh12vm_hooks_api10VMHooksApiNtNtBT_9debug_api15DebugApiBackendEENtNtB5_5views16EndpointWrappers16call_get_oraclesCs45bTgHwkvlY_5tests
FNDA:0,_RNvYINtCs4R9bVo4VU7q_16price_aggregator11ContractObjINtNtNtNtCs2vpbtxTS1EH_22multiversx_sc_scenario3api7impl_vh12vm_hooks_api10VMHooksApiNtNtBT_9debug_api15DebugApiBackendEENtNtB5_5views16EndpointWrappers17callback_selectorCs45bTgHwkvlY_5tests
FNDA:0,_RNvYINtCs4R9bVo4VU7q_16price_aggregator11ContractObjINtNtNtNtCs2vpbtxTS1EH_22multiversx_sc_scenario3api7impl_vh12vm_hooks_api10VMHooksApiNtNtBT_9debug_api15DebugApiBackendEENtNtB5_5views16EndpointWrappers22call_get_pair_decimalsCs45bTgHwkvlY_5tests
FNDA:46,_RNvYINtCs4R9bVo4VU7q_16price_aggregator11ContractObjINtNtNtNtCs2vpbtxTS1EH_22multiversx_sc_scenario3api7impl_vh12vm_hooks_api10VMHooksApiNtNtBT_9debug_api15DebugApiBackendEENtNtB5_5views16EndpointWrappers22call_latest_price_feedCs45bTgHwkvlY_5tests
FNDA:0,_RNvYINtCs4R9bVo4VU7q_16price_aggregator11ContractObjINtNtNtNtCs2vpbtxTS1EH_22multiversx_sc_scenario3api7impl_vh12vm_hooks_api10VMHooksApiNtNtBT_9debug_api15DebugApiBackendEENtNtB5_5views16EndpointWrappers22call_latest_round_dataCs45bTgHwkvlY_5tests
FNDA:0,_RNvYINtCs4R9bVo4VU7q_16price_aggregator11ContractObjINtNtNtNtCs2vpbtxTS1EH_22multiversx_sc_scenario3api7impl_vh12vm_hooks_api10VMHooksApiNtNtBT_9debug_api15DebugApiBackendEENtNtB5_5views16EndpointWrappers31call_latest_price_feed_optionalCs45bTgHwkvlY_5tests
FNDA:354,_RNvYINtCs4R9bVo4VU7q_16price_aggregator11ContractObjINtNtNtNtCs2vpbtxTS1EH_22multiversx_sc_scenario3api7impl_vh12vm_hooks_api10VMHooksApiNtNtBT_9debug_api15DebugApiBackendEENtNtB5_5views16EndpointWrappers4callCs45bTgHwkvlY_5tests
FNDA:0,_RNvYINtCs4R9bVo4VU7q_16price_aggregator11ContractObjINtNtNtNtCs2vpbtxTS1EH_22multiversx_sc_scenario3api7impl_vh12vm_hooks_api10VMHooksApiNtNtBT_9debug_api15DebugApiBackendEENtNtB5_5views16EndpointWrappers8callbackCs45bTgHwkvlY_5tests
FNF:7
FNH:4
DA:9,354
DA:17,46
DA:18,46
DA:19,46
DA:20,46
DA:21,46
DA:22,46
DA:23,46
DA:24,46
DA:25,46
DA:26,46
DA:27,46
DA:28,46
DA:32,528
DA:33,528
DA:34,528
DA:35,528
DA:39,0
DA:40,0
DA:41,0
DA:43,0
DA:44,0
DA:45,0
DA:46,0
DA:48,0
DA:52,46
DA:53,46
DA:55,46
DA:56,46
DA:57,46
DA:58,46
DA:59,46
DA:60,46
DA:61,46
DA:69,0
DA:70,0
DA:74,0
DA:75,0
DA:76,0
DA:77,0
DA:78,0
DA:79,0
BRF:0
BRH:0
LF:42
LH:26
end_of_record