SF:/Users/mihaieremia/GitHub/rs-lending/common/checks/src/checks.rs
FN:8,_RNvYpNtCs4zCH5TlN6qK_13common_checks12ChecksModule32require_amount_greater_than_zeroB5_
FN:12,_RNvYpNtCs4zCH5TlN6qK_13common_checks12ChecksModule24require_non_zero_addressB5_
FN:6,_RNvYpNtCs4zCH5TlN6qK_13common_checks16EndpointWrappers4callB5_
FN:6,_RNvYpNtCs4zCH5TlN6qK_13common_checks16EndpointWrappers17callback_selectorB5_
FN:6,_RNvYpNtCs4zCH5TlN6qK_13common_checks16EndpointWrappers8callbackB5_
FN:6,_RNvXs1_Cs4zCH5TlN6qK_13common_checksNtB5_11AbiProviderNtNtNtCsg62Rc8qCHfL_13multiversx_sc13contract_base21contract_abi_provider19ContractAbiProvider3abi
FN:6,_RNvXINICs4zCH5TlN6qK_13common_checkss5_0pEINtB5_11ContractObjpENtNtNtCsg62Rc8qCHfL_13multiversx_sc13contract_base17callable_contract16CallableContract4callB5_
FN:6,_RINvCs4zCH5TlN6qK_13common_checks12contract_objpEB2_
FN:6,_RINvXs6_Cs4zCH5TlN6qK_13common_checksNtB6_15ContractBuilderNtNtNtCsg62Rc8qCHfL_13multiversx_sc13contract_base17callable_contract23CallableContractBuilder16new_contract_objpEB6_
FN:12,_RNvYINtCsjWVCpFqjtqj_14liquidity_pool11ContractObjINtNtNtNtCs6CEo6COcrAJ_22multiversx_sc_scenario3api7impl_vh12vm_hooks_api10VMHooksApiNtNtBR_9debug_api15DebugApiBackendEENtCsk5BbSbnpQDg_13common_checks12ChecksModule24require_non_zero_addressCs3apcajkO5ZX_5tests
FN:8,_RNvYINtCsjWVCpFqjtqj_14liquidity_pool11ContractObjINtNtNtNtCs6CEo6COcrAJ_22multiversx_sc_scenario3api7impl_vh12vm_hooks_api10VMHooksApiNtNtBR_9debug_api15DebugApiBackendEENtCsk5BbSbnpQDg_13common_checks12ChecksModule32require_amount_greater_than_zeroCs3apcajkO5ZX_5tests
FN:6,_RNvYINtCsjWVCpFqjtqj_14liquidity_pool11ContractObjINtNtNtNtCs6CEo6COcrAJ_22multiversx_sc_scenario3api7impl_vh12vm_hooks_api10VMHooksApiNtNtBR_9debug_api15DebugApiBackendEENtCsk5BbSbnpQDg_13common_checks16EndpointWrappers17callback_selectorCs3apcajkO5ZX_5tests
FN:6,_RNvYINtCsjWVCpFqjtqj_14liquidity_pool11ContractObjINtNtNtNtCs6CEo6COcrAJ_22multiversx_sc_scenario3api7impl_vh12vm_hooks_api10VMHooksApiNtNtBR_9debug_api15DebugApiBackendEENtCsk5BbSbnpQDg_13common_checks16EndpointWrappers4callCs3apcajkO5ZX_5tests
FN:6,_RNvYINtCsjWVCpFqjtqj_14liquidity_pool11ContractObjINtNtNtNtCs6CEo6COcrAJ_22multiversx_sc_scenario3api7impl_vh12vm_hooks_api10VMHooksApiNtNtBR_9debug_api15DebugApiBackendEENtCsk5BbSbnpQDg_13common_checks16EndpointWrappers8callbackCs3apcajkO5ZX_5tests
FN:12,_RNvYINtCs55fqYteFTd3_12lending_pool11ContractObjINtNtNtNtCs6CEo6COcrAJ_22multiversx_sc_scenario3api7impl_vh12vm_hooks_api10VMHooksApiNtNtBP_9debug_api15DebugApiBackendEENtCsk5BbSbnpQDg_13common_checks12ChecksModule24require_non_zero_addressCs3apcajkO5ZX_5tests
FN:8,_RNvYINtCs55fqYteFTd3_12lending_pool11ContractObjINtNtNtNtCs6CEo6COcrAJ_22multiversx_sc_scenario3api7impl_vh12vm_hooks_api10VMHooksApiNtNtBP_9debug_api15DebugApiBackendEENtCsk5BbSbnpQDg_13common_checks12ChecksModule32require_amount_greater_than_zeroCs3apcajkO5ZX_5tests
FN:6,_RNvYINtCs55fqYteFTd3_12lending_pool11ContractObjINtNtNtNtCs6CEo6COcrAJ_22multiversx_sc_scenario3api7impl_vh12vm_hooks_api10VMHooksApiNtNtBP_9debug_api15DebugApiBackendEENtCsk5BbSbnpQDg_13common_checks16EndpointWrappers17callback_selectorCs3apcajkO5ZX_5tests
FN:6,_RNvYINtCs55fqYteFTd3_12lending_pool11ContractObjINtNtNtNtCs6CEo6COcrAJ_22multiversx_sc_scenario3api7impl_vh12vm_hooks_api10VMHooksApiNtNtBP_9debug_api15DebugApiBackendEENtCsk5BbSbnpQDg_13common_checks16EndpointWrappers4callCs3apcajkO5ZX_5tests
FN:6,_RNvYINtCs55fqYteFTd3_12lending_pool11ContractObjINtNtNtNtCs6CEo6COcrAJ_22multiversx_sc_scenario3api7impl_vh12vm_hooks_api10VMHooksApiNtNtBP_9debug_api15DebugApiBackendEENtCsk5BbSbnpQDg_13common_checks16EndpointWrappers8callbackCs3apcajkO5ZX_5tests
FNDA:0,_RNvYpNtCs4zCH5TlN6qK_13common_checks12ChecksModule32require_amount_greater_than_zeroB5_
FNDA:0,_RNvYpNtCs4zCH5TlN6qK_13common_checks12ChecksModule24require_non_zero_addressB5_
FNDA:0,_RNvYpNtCs4zCH5TlN6qK_13common_checks16EndpointWrappers4callB5_
FNDA:0,_RNvYpNtCs4zCH5TlN6qK_13common_checks16EndpointWrappers17callback_selectorB5_
FNDA:0,_RNvYpNtCs4zCH5TlN6qK_13common_checks16EndpointWrappers8callbackB5_
FNDA:0,_RNvXs1_Cs4zCH5TlN6qK_13common_checksNtB5_11AbiProviderNtNtNtCsg62Rc8qCHfL_13multiversx_sc13contract_base21contract_abi_provider19ContractAbiProvider3abi
FNDA:0,_RNvXINICs4zCH5TlN6qK_13common_checkss5_0pEINtB5_11ContractObjpENtNtNtCsg62Rc8qCHfL_13multiversx_sc13contract_base17callable_contract16CallableContract4callB5_
FNDA:0,_RINvCs4zCH5TlN6qK_13common_checks12contract_objpEB2_
FNDA:0,_RINvXs6_Cs4zCH5TlN6qK_13common_checksNtB6_15ContractBuilderNtNtNtCsg62Rc8qCHfL_13multiversx_sc13contract_base17callable_contract23CallableContractBuilder16new_contract_objpEB6_
FNDA:39,_RNvYINtCsjWVCpFqjtqj_14liquidity_pool11ContractObjINtNtNtNtCs6CEo6COcrAJ_22multiversx_sc_scenario3api7impl_vh12vm_hooks_api10VMHooksApiNtNtBR_9debug_api15DebugApiBackendEENtCsk5BbSbnpQDg_13common_checks12ChecksModule24require_non_zero_addressCs3apcajkO5ZX_5tests
FNDA:16,_RNvYINtCsjWVCpFqjtqj_14liquidity_pool11ContractObjINtNtNtNtCs6CEo6COcrAJ_22multiversx_sc_scenario3api7impl_vh12vm_hooks_api10VMHooksApiNtNtBR_9debug_api15DebugApiBackendEENtCsk5BbSbnpQDg_13common_checks12ChecksModule32require_amount_greater_than_zeroCs3apcajkO5ZX_5tests
FNDA:0,_RNvYINtCsjWVCpFqjtqj_14liquidity_pool11ContractObjINtNtNtNtCs6CEo6COcrAJ_22multiversx_sc_scenario3api7impl_vh12vm_hooks_api10VMHooksApiNtNtBR_9debug_api15DebugApiBackendEENtCsk5BbSbnpQDg_13common_checks16EndpointWrappers17callback_selectorCs3apcajkO5ZX_5tests
FNDA:0,_RNvYINtCsjWVCpFqjtqj_14liquidity_pool11ContractObjINtNtNtNtCs6CEo6COcrAJ_22multiversx_sc_scenario3api7impl_vh12vm_hooks_api10VMHooksApiNtNtBR_9debug_api15DebugApiBackendEENtCsk5BbSbnpQDg_13common_checks16EndpointWrappers4callCs3apcajkO5ZX_5tests
FNDA:0,_RNvYINtCsjWVCpFqjtqj_14liquidity_pool11ContractObjINtNtNtNtCs6CEo6COcrAJ_22multiversx_sc_scenario3api7impl_vh12vm_hooks_api10VMHooksApiNtNtBR_9debug_api15DebugApiBackendEENtCsk5BbSbnpQDg_13common_checks16EndpointWrappers8callbackCs3apcajkO5ZX_5tests
FNDA:330,_RNvYINtCs55fqYteFTd3_12lending_pool11ContractObjINtNtNtNtCs6CEo6COcrAJ_22multiversx_sc_scenario3api7impl_vh12vm_hooks_api10VMHooksApiNtNtBP_9debug_api15DebugApiBackendEENtCsk5BbSbnpQDg_13common_checks12ChecksModule24require_non_zero_addressCs3apcajkO5ZX_5tests
FNDA:102,_RNvYINtCs55fqYteFTd3_12lending_pool11ContractObjINtNtNtNtCs6CEo6COcrAJ_22multiversx_sc_scenario3api7impl_vh12vm_hooks_api10VMHooksApiNtNtBP_9debug_api15DebugApiBackendEENtCsk5BbSbnpQDg_13common_checks12ChecksModule32require_amount_greater_than_zeroCs3apcajkO5ZX_5tests
FNDA:0,_RNvYINtCs55fqYteFTd3_12lending_pool11ContractObjINtNtNtNtCs6CEo6COcrAJ_22multiversx_sc_scenario3api7impl_vh12vm_hooks_api10VMHooksApiNtNtBP_9debug_api15DebugApiBackendEENtCsk5BbSbnpQDg_13common_checks16EndpointWrappers17callback_selectorCs3apcajkO5ZX_5tests
FNDA:70,_RNvYINtCs55fqYteFTd3_12lending_pool11ContractObjINtNtNtNtCs6CEo6COcrAJ_22multiversx_sc_scenario3api7impl_vh12vm_hooks_api10VMHooksApiNtNtBP_9debug_api15DebugApiBackendEENtCsk5BbSbnpQDg_13common_checks16EndpointWrappers4callCs3apcajkO5ZX_5tests
FNDA:0,_RNvYINtCs55fqYteFTd3_12lending_pool11ContractObjINtNtNtNtCs6CEo6COcrAJ_22multiversx_sc_scenario3api7impl_vh12vm_hooks_api10VMHooksApiNtNtBP_9debug_api15DebugApiBackendEENtCsk5BbSbnpQDg_13common_checks16EndpointWrappers8callbackCs3apcajkO5ZX_5tests
FNF:3
FNH:3
DA:6,70
DA:8,118
DA:9,118
DA:12,369
DA:13,369
BRF:0
BRH:0
LF:5
LH:5
end_of_record
SF:/Users/mihaieremia/GitHub/rs-lending/common/events/src/events.rs
FN:7,_RNvXINICsb4DsY3E4UOm_13common_events0pEpNtB5_12EventsModule26create_market_params_eventB5_
FN:7,_RNvXINICsb4DsY3E4UOm_13common_events0pEpNtB5_12EventsModule19market_params_eventB5_
FN:7,_RNvXINICsb4DsY3E4UOm_13common_events0pEpNtB5_12EventsModule25update_market_state_eventB5_
FN:7,_RNvXINICsb4DsY3E4UOm_13common_events0pEpNtB5_12EventsModule21update_position_eventB5_
FN:7,_RNvXINICsb4DsY3E4UOm_13common_events0pEpNtB5_12EventsModule25update_debt_ceiling_eventB5_
FN:7,_RNvXINICsb4DsY3E4UOm_13common_events0pEpNtB5_12EventsModule25update_asset_config_eventB5_
FN:7,_RNvXINICsb4DsY3E4UOm_13common_events0pEpNtB5_12EventsModule28update_e_mode_category_eventB5_
FN:7,_RNvXINICsb4DsY3E4UOm_13common_events0pEpNtB5_12EventsModule25update_e_mode_asset_eventB5_
FN:7,_RNvYpNtCsb4DsY3E4UOm_13common_events16EndpointWrappers4callB5_
FN:7,_RNvYpNtCsb4DsY3E4UOm_13common_events16EndpointWrappers17callback_selectorB5_
FN:7,_RNvYpNtCsb4DsY3E4UOm_13common_events16EndpointWrappers8callbackB5_
FN:7,_RNvXs1_Csb4DsY3E4UOm_13common_eventsNtB5_11AbiProviderNtNtNtCsg62Rc8qCHfL_13multiversx_sc13contract_base21contract_abi_provider19ContractAbiProvider3abi
FN:7,_RNvXINICsb4DsY3E4UOm_13common_eventss5_0pEINtB5_11ContractObjpENtNtNtCsg62Rc8qCHfL_13multiversx_sc13contract_base17callable_contract16CallableContract4callB5_
FN:7,_RINvCsb4DsY3E4UOm_13common_events12contract_objpEB2_
FN:7,_RINvXs6_Csb4DsY3E4UOm_13common_eventsNtB6_15ContractBuilderNtNtNtCsg62Rc8qCHfL_13multiversx_sc13contract_base17callable_contract23CallableContractBuilder16new_contract_objpEB6_
FN:7,_RNvXCsh5by1vyczbR_13common_eventsINtCsjWVCpFqjtqj_14liquidity_pool11ContractObjINtNtNtNtCs6CEo6COcrAJ_22multiversx_sc_scenario3api7impl_vh12vm_hooks_api10VMHooksApiNtNtB1k_9debug_api15DebugApiBackendEENtB2_12EventsModule19market_params_eventCs3apcajkO5ZX_5tests
FN:7,_RNvXCsh5by1vyczbR_13common_eventsINtCsjWVCpFqjtqj_14liquidity_pool11ContractObjINtNtNtNtCs6CEo6COcrAJ_22multiversx_sc_scenario3api7impl_vh12vm_hooks_api10VMHooksApiNtNtB1k_9debug_api15DebugApiBackendEENtB2_12EventsModule21update_position_eventCs3apcajkO5ZX_5tests
FN:7,_RNvXCsh5by1vyczbR_13common_eventsINtCsjWVCpFqjtqj_14liquidity_pool11ContractObjINtNtNtNtCs6CEo6COcrAJ_22multiversx_sc_scenario3api7impl_vh12vm_hooks_api10VMHooksApiNtNtB1k_9debug_api15DebugApiBackendEENtB2_12EventsModule25update_market_state_eventCs3apcajkO5ZX_5tests
FN:7,_RNvYINtCsjWVCpFqjtqj_14liquidity_pool11ContractObjINtNtNtNtCs6CEo6COcrAJ_22multiversx_sc_scenario3api7impl_vh12vm_hooks_api10VMHooksApiNtNtBR_9debug_api15DebugApiBackendEENtCsh5by1vyczbR_13common_events16EndpointWrappers17callback_selectorCs3apcajkO5ZX_5tests
FN:7,_RNvYINtCsjWVCpFqjtqj_14liquidity_pool11ContractObjINtNtNtNtCs6CEo6COcrAJ_22multiversx_sc_scenario3api7impl_vh12vm_hooks_api10VMHooksApiNtNtBR_9debug_api15DebugApiBackendEENtCsh5by1vyczbR_13common_events16EndpointWrappers4callCs3apcajkO5ZX_5tests
FN:7,_RNvYINtCsjWVCpFqjtqj_14liquidity_pool11ContractObjINtNtNtNtCs6CEo6COcrAJ_22multiversx_sc_scenario3api7impl_vh12vm_hooks_api10VMHooksApiNtNtBR_9debug_api15DebugApiBackendEENtCsh5by1vyczbR_13common_events16EndpointWrappers8callbackCs3apcajkO5ZX_5tests
FN:7,_RNvXCsh5by1vyczbR_13common_eventsINtCs55fqYteFTd3_12lending_pool11ContractObjINtNtNtNtCs6CEo6COcrAJ_22multiversx_sc_scenario3api7impl_vh12vm_hooks_api10VMHooksApiNtNtB1i_9debug_api15DebugApiBackendEENtB2_12EventsModule21update_position_eventCs3apcajkO5ZX_5tests
FN:7,_RNvXCsh5by1vyczbR_13common_eventsINtCs55fqYteFTd3_12lending_pool11ContractObjINtNtNtNtCs6CEo6COcrAJ_22multiversx_sc_scenario3api7impl_vh12vm_hooks_api10VMHooksApiNtNtB1i_9debug_api15DebugApiBackendEENtB2_12EventsModule25update_asset_config_eventCs3apcajkO5ZX_5tests
FN:7,_RNvXCsh5by1vyczbR_13common_eventsINtCs55fqYteFTd3_12lending_pool11ContractObjINtNtNtNtCs6CEo6COcrAJ_22multiversx_sc_scenario3api7impl_vh12vm_hooks_api10VMHooksApiNtNtB1i_9debug_api15DebugApiBackendEENtB2_12EventsModule25update_debt_ceiling_eventCs3apcajkO5ZX_5tests
FN:7,_RNvXCsh5by1vyczbR_13common_eventsINtCs55fqYteFTd3_12lending_pool11ContractObjINtNtNtNtCs6CEo6COcrAJ_22multiversx_sc_scenario3api7impl_vh12vm_hooks_api10VMHooksApiNtNtB1i_9debug_api15DebugApiBackendEENtB2_12EventsModule25update_e_mode_asset_eventCs3apcajkO5ZX_5tests
FN:7,_RNvXCsh5by1vyczbR_13common_eventsINtCs55fqYteFTd3_12lending_pool11ContractObjINtNtNtNtCs6CEo6COcrAJ_22multiversx_sc_scenario3api7impl_vh12vm_hooks_api10VMHooksApiNtNtB1i_9debug_api15DebugApiBackendEENtB2_12EventsModule26create_market_params_eventCs3apcajkO5ZX_5tests
FN:7,_RNvXCsh5by1vyczbR_13common_eventsINtCs55fqYteFTd3_12lending_pool11ContractObjINtNtNtNtCs6CEo6COcrAJ_22multiversx_sc_scenario3api7impl_vh12vm_hooks_api10VMHooksApiNtNtB1i_9debug_api15DebugApiBackendEENtB2_12EventsModule28update_e_mode_category_eventCs3apcajkO5ZX_5tests
FN:7,_RNvYINtCs55fqYteFTd3_12lending_pool11ContractObjINtNtNtNtCs6CEo6COcrAJ_22multiversx_sc_scenario3api7impl_vh12vm_hooks_api10VMHooksApiNtNtBP_9debug_api15DebugApiBackendEENtCsh5by1vyczbR_13common_events16EndpointWrappers17callback_selectorCs3apcajkO5ZX_5tests
FN:7,_RNvYINtCs55fqYteFTd3_12lending_pool11ContractObjINtNtNtNtCs6CEo6COcrAJ_22multiversx_sc_scenario3api7impl_vh12vm_hooks_api10VMHooksApiNtNtBP_9debug_api15DebugApiBackendEENtCsh5by1vyczbR_13common_events16EndpointWrappers4callCs3apcajkO5ZX_5tests
FN:7,_RNvYINtCs55fqYteFTd3_12lending_pool11ContractObjINtNtNtNtCs6CEo6COcrAJ_22multiversx_sc_scenario3api7impl_vh12vm_hooks_api10VMHooksApiNtNtBP_9debug_api15DebugApiBackendEENtCsh5by1vyczbR_13common_events16EndpointWrappers8callbackCs3apcajkO5ZX_5tests
FNDA:0,_RNvXINICsb4DsY3E4UOm_13common_events0pEpNtB5_12EventsModule26create_market_params_eventB5_
FNDA:0,_RNvXINICsb4DsY3E4UOm_13common_events0pEpNtB5_12EventsModule19market_params_eventB5_
FNDA:0,_RNvXINICsb4DsY3E4UOm_13common_events0pEpNtB5_12EventsModule25update_market_state_eventB5_
FNDA:0,_RNvXINICsb4DsY3E4UOm_13common_events0pEpNtB5_12EventsModule21update_position_eventB5_
FNDA:0,_RNvXINICsb4DsY3E4UOm_13common_events0pEpNtB5_12EventsModule25update_debt_ceiling_eventB5_
FNDA:0,_RNvXINICsb4DsY3E4UOm_13common_events0pEpNtB5_12EventsModule25update_asset_config_eventB5_
FNDA:0,_RNvXINICsb4DsY3E4UOm_13common_events0pEpNtB5_12EventsModule28update_e_mode_category_eventB5_
FNDA:0,_RNvXINICsb4DsY3E4UOm_13common_events0pEpNtB5_12EventsModule25update_e_mode_asset_eventB5_
FNDA:0,_RNvYpNtCsb4DsY3E4UOm_13common_events16EndpointWrappers4callB5_
FNDA:0,_RNvYpNtCsb4DsY3E4UOm_13common_events16EndpointWrappers17callback_selectorB5_
FNDA:0,_RNvYpNtCsb4DsY3E4UOm_13common_events16EndpointWrappers8callbackB5_
FNDA:0,_RNvXs1_Csb4DsY3E4UOm_13common_eventsNtB5_11AbiProviderNtNtNtCsg62Rc8qCHfL_13multiversx_sc13contract_base21contract_abi_provider19ContractAbiProvider3abi
FNDA:0,_RNvXINICsb4DsY3E4UOm_13common_eventss5_0pEINtB5_11ContractObjpENtNtNtCsg62Rc8qCHfL_13multiversx_sc13contract_base17callable_contract16CallableContract4callB5_
FNDA:0,_RINvCsb4DsY3E4UOm_13common_events12contract_objpEB2_
FNDA:0,_RINvXs6_Csb4DsY3E4UOm_13common_eventsNtB6_15ContractBuilderNtNtNtCsg62Rc8qCHfL_13multiversx_sc13contract_base17callable_contract23CallableContractBuilder16new_contract_objpEB6_
FNDA:0,_RNvXCsh5by1vyczbR_13common_eventsINtCsjWVCpFqjtqj_14liquidity_pool11ContractObjINtNtNtNtCs6CEo6COcrAJ_22multiversx_sc_scenario3api7impl_vh12vm_hooks_api10VMHooksApiNtNtB1k_9debug_api15DebugApiBackendEENtB2_12EventsModule19market_params_eventCs3apcajkO5ZX_5tests
FNDA:126,_RNvXCsh5by1vyczbR_13common_eventsINtCsjWVCpFqjtqj_14liquidity_pool11ContractObjINtNtNtNtCs6CEo6COcrAJ_22multiversx_sc_scenario3api7impl_vh12vm_hooks_api10VMHooksApiNtNtB1k_9debug_api15DebugApiBackendEENtB2_12EventsModule21update_position_eventCs3apcajkO5ZX_5tests
FNDA:90,_RNvXCsh5by1vyczbR_13common_eventsINtCsjWVCpFqjtqj_14liquidity_pool11ContractObjINtNtNtNtCs6CEo6COcrAJ_22multiversx_sc_scenario3api7impl_vh12vm_hooks_api10VMHooksApiNtNtB1k_9debug_api15DebugApiBackendEENtB2_12EventsModule25update_market_state_eventCs3apcajkO5ZX_5tests
FNDA:0,_RNvYINtCsjWVCpFqjtqj_14liquidity_pool11ContractObjINtNtNtNtCs6CEo6COcrAJ_22multiversx_sc_scenario3api7impl_vh12vm_hooks_api10VMHooksApiNtNtBR_9debug_api15DebugApiBackendEENtCsh5by1vyczbR_13common_events16EndpointWrappers17callback_selectorCs3apcajkO5ZX_5tests
FNDA:213,_RNvYINtCsjWVCpFqjtqj_14liquidity_pool11ContractObjINtNtNtNtCs6CEo6COcrAJ_22multiversx_sc_scenario3api7impl_vh12vm_hooks_api10VMHooksApiNtNtBR_9debug_api15DebugApiBackendEENtCsh5by1vyczbR_13common_events16EndpointWrappers4callCs3apcajkO5ZX_5tests
FNDA:0,_RNvYINtCsjWVCpFqjtqj_14liquidity_pool11ContractObjINtNtNtNtCs6CEo6COcrAJ_22multiversx_sc_scenario3api7impl_vh12vm_hooks_api10VMHooksApiNtNtBR_9debug_api15DebugApiBackendEENtCsh5by1vyczbR_13common_events16EndpointWrappers8callbackCs3apcajkO5ZX_5tests
FNDA:89,_RNvXCsh5by1vyczbR_13common_eventsINtCs55fqYteFTd3_12lending_pool11ContractObjINtNtNtNtCs6CEo6COcrAJ_22multiversx_sc_scenario3api7impl_vh12vm_hooks_api10VMHooksApiNtNtB1i_9debug_api15DebugApiBackendEENtB2_12EventsModule21update_position_eventCs3apcajkO5ZX_5tests
FNDA:120,_RNvXCsh5by1vyczbR_13common_eventsINtCs55fqYteFTd3_12lending_pool11ContractObjINtNtNtNtCs6CEo6COcrAJ_22multiversx_sc_scenario3api7impl_vh12vm_hooks_api10VMHooksApiNtNtB1i_9debug_api15DebugApiBackendEENtB2_12EventsModule25update_asset_config_eventCs3apcajkO5ZX_5tests
FNDA:7,_RNvXCsh5by1vyczbR_13common_eventsINtCs55fqYteFTd3_12lending_pool11ContractObjINtNtNtNtCs6CEo6COcrAJ_22multiversx_sc_scenario3api7impl_vh12vm_hooks_api10VMHooksApiNtNtB1i_9debug_api15DebugApiBackendEENtB2_12EventsModule25update_debt_ceiling_eventCs3apcajkO5ZX_5tests
FNDA:120,_RNvXCsh5by1vyczbR_13common_eventsINtCs55fqYteFTd3_12lending_pool11ContractObjINtNtNtNtCs6CEo6COcrAJ_22multiversx_sc_scenario3api7impl_vh12vm_hooks_api10VMHooksApiNtNtB1i_9debug_api15DebugApiBackendEENtB2_12EventsModule25update_e_mode_asset_eventCs3apcajkO5ZX_5tests
FNDA:240,_RNvXCsh5by1vyczbR_13common_eventsINtCs55fqYteFTd3_12lending_pool11ContractObjINtNtNtNtCs6CEo6COcrAJ_22multiversx_sc_scenario3api7impl_vh12vm_hooks_api10VMHooksApiNtNtB1i_9debug_api15DebugApiBackendEENtB2_12EventsModule26create_market_params_eventCs3apcajkO5ZX_5tests
FNDA:30,_RNvXCsh5by1vyczbR_13common_eventsINtCs55fqYteFTd3_12lending_pool11ContractObjINtNtNtNtCs6CEo6COcrAJ_22multiversx_sc_scenario3api7impl_vh12vm_hooks_api10VMHooksApiNtNtB1i_9debug_api15DebugApiBackendEENtB2_12EventsModule28update_e_mode_category_eventCs3apcajkO5ZX_5tests
FNDA:0,_RNvYINtCs55fqYteFTd3_12lending_pool11ContractObjINtNtNtNtCs6CEo6COcrAJ_22multiversx_sc_scenario3api7impl_vh12vm_hooks_api10VMHooksApiNtNtBP_9debug_api15DebugApiBackendEENtCsh5by1vyczbR_13common_events16EndpointWrappers17callback_selectorCs3apcajkO5ZX_5tests
FNDA:573,_RNvYINtCs55fqYteFTd3_12lending_pool11ContractObjINtNtNtNtCs6CEo6COcrAJ_22multiversx_sc_scenario3api7impl_vh12vm_hooks_api10VMHooksApiNtNtBP_9debug_api15DebugApiBackendEENtCsh5by1vyczbR_13common_events16EndpointWrappers4callCs3apcajkO5ZX_5tests
FNDA:0,_RNvYINtCs55fqYteFTd3_12lending_pool11ContractObjINtNtNtNtCs6CEo6COcrAJ_22multiversx_sc_scenario3api7impl_vh12vm_hooks_api10VMHooksApiNtNtBP_9debug_api15DebugApiBackendEENtCsh5by1vyczbR_13common_events16EndpointWrappers8callbackCs3apcajkO5ZX_5tests
FNF:1
FNH:1
DA:7,786
BRF:0
BRH:0
LF:1
LH:1
end_of_record
SF:/Users/mihaieremia/GitHub/rs-lending/common/structs/src/model.rs
FN:12,_RINvXINICs1MOd8KiqkMK_14common_structss1b_0pEINtB6_10PoolParamspENtNtNtCs4XIbEUoEM0G_19multiversx_sc_codec6single6top_en9TopEncode24top_encode_or_handle_errppEB6_
FN:12,_RINvXINICs1MOd8KiqkMK_14common_structss1c_0pEINtB6_10PoolParamspENtNtNtCs4XIbEUoEM0G_19multiversx_sc_codec6single6top_de9TopDecode24top_decode_or_handle_errppEB6_
FN:11,_RNvXINICs1MOd8KiqkMK_14common_structss1a_0pEINtB5_10PoolParamspENtNtNtCsg62Rc8qCHfL_13multiversx_sc3abi8type_abi7TypeAbi9type_nameB5_
FN:11,_RINvXINICs1MOd8KiqkMK_14common_structss1a_0pEINtB6_10PoolParamspENtNtNtCsg62Rc8qCHfL_13multiversx_sc3abi8type_abi7TypeAbi25provide_type_descriptionspEB6_
FN:24,_RINvXs13_Cs1MOd8KiqkMK_14common_structsNtB7_21UpdateAssetParamsTypeNtNtNtCs4XIbEUoEM0G_19multiversx_sc_codec6single9nested_en12NestedEncode24dep_encode_or_handle_errppEB7_
FN:24,_RINvXs14_Cs1MOd8KiqkMK_14common_structsNtB7_21UpdateAssetParamsTypeNtNtNtCs4XIbEUoEM0G_19multiversx_sc_codec6single9nested_de12NestedDecode24dep_decode_or_handle_errppEB7_
FN:24,_RINvXs15_Cs1MOd8KiqkMK_14common_structsNtB7_21UpdateAssetParamsTypeNtNtNtCs4XIbEUoEM0G_19multiversx_sc_codec6single6top_en9TopEncode24top_encode_or_handle_errppEB7_
FN:24,_RINvXs16_Cs1MOd8KiqkMK_14common_structsNtB7_21UpdateAssetParamsTypeNtNtNtCs4XIbEUoEM0G_19multiversx_sc_codec6single6top_de9TopDecode24top_decode_or_handle_errppEB7_
FN:23,_RNvXs12_Cs1MOd8KiqkMK_14common_structsNtB6_21UpdateAssetParamsTypeNtNtNtCsg62Rc8qCHfL_13multiversx_sc3abi8type_abi7TypeAbi9type_name
FN:23,_RINvXs12_Cs1MOd8KiqkMK_14common_structsNtB7_21UpdateAssetParamsTypeNtNtNtCsg62Rc8qCHfL_13multiversx_sc3abi8type_abi7TypeAbi25provide_type_descriptionspEB7_
FN:33,_RINvXsU_Cs1MOd8KiqkMK_14common_structsNtB6_19AccountPositionTypeNtNtNtNtNtCsg62Rc8qCHfL_13multiversx_sc5types7managed7wrapped16managed_vec_item14ManagedVecItem16from_byte_readerpEB6_
FN:33,_RINvXsU_Cs1MOd8KiqkMK_14common_structsNtB6_19AccountPositionTypeNtNtNtNtNtCsg62Rc8qCHfL_13multiversx_sc5types7managed7wrapped16managed_vec_item14ManagedVecItem26from_byte_reader_as_borrowpEB6_
FN:33,_RINvXsU_Cs1MOd8KiqkMK_14common_structsNtB6_19AccountPositionTypeNtNtNtNtNtCsg62Rc8qCHfL_13multiversx_sc5types7managed7wrapped16managed_vec_item14ManagedVecItem16into_byte_writerppEB6_
FN:33,_RINvXsV_Cs1MOd8KiqkMK_14common_structsNtB6_19AccountPositionTypeNtNtNtCs4XIbEUoEM0G_19multiversx_sc_codec6single9nested_en12NestedEncode24dep_encode_or_handle_errppEB6_
FN:33,_RINvXsW_Cs1MOd8KiqkMK_14common_structsNtB6_19AccountPositionTypeNtNtNtCs4XIbEUoEM0G_19multiversx_sc_codec6single9nested_de12NestedDecode24dep_decode_or_handle_errppEB6_
FN:33,_RINvXsX_Cs1MOd8KiqkMK_14common_structsNtB6_19AccountPositionTypeNtNtNtCs4XIbEUoEM0G_19multiversx_sc_codec6single6top_en9TopEncode24top_encode_or_handle_errppEB6_
FN:33,_RINvXsY_Cs1MOd8KiqkMK_14common_structsNtB6_19AccountPositionTypeNtNtNtCs4XIbEUoEM0G_19multiversx_sc_codec6single6top_de9TopDecode24top_decode_or_handle_errppEB6_
FN:32,_RNvXsT_Cs1MOd8KiqkMK_14common_structsNtB5_19AccountPositionTypeNtNtNtCsg62Rc8qCHfL_13multiversx_sc3abi8type_abi7TypeAbi9type_name
FN:32,_RINvXsT_Cs1MOd8KiqkMK_14common_structsNtB6_19AccountPositionTypeNtNtNtCsg62Rc8qCHfL_13multiversx_sc3abi8type_abi7TypeAbi25provide_type_descriptionspEB6_
FN:41,_RINvXINICs1MOd8KiqkMK_14common_structssL_0pEINtB6_15AccountPositionpENtNtNtNtNtCsg62Rc8qCHfL_13multiversx_sc5types7managed7wrapped16managed_vec_item14ManagedVecItem16from_byte_readerpEB6_
FN:41,_RNCINvXINICs1MOd8KiqkMK_14common_structssL_0pEINtB8_15AccountPositionpENtNtNtNtNtCsg62Rc8qCHfL_13multiversx_sc5types7managed7wrapped16managed_vec_item14ManagedVecItem16from_byte_readerpE0B8_
FN:41,_RNCINvXINICs1MOd8KiqkMK_14common_structssL_0pEINtB8_15AccountPositionpENtNtNtNtNtCsg62Rc8qCHfL_13multiversx_sc5types7managed7wrapped16managed_vec_item14ManagedVecItem16from_byte_readerpEs_0B8_
FN:41,_RNCINvXINICs1MOd8KiqkMK_14common_structssL_0pEINtB8_15AccountPositionpENtNtNtNtNtCsg62Rc8qCHfL_13multiversx_sc5types7managed7wrapped16managed_vec_item14ManagedVecItem16from_byte_readerpEs0_0B8_
FN:41,_RNCINvXINICs1MOd8KiqkMK_14common_structssL_0pEINtB8_15AccountPositionpENtNtNtNtNtCsg62Rc8qCHfL_13multiversx_sc5types7managed7wrapped16managed_vec_item14ManagedVecItem16from_byte_readerpEs1_0B8_
FN:41,_RNCINvXINICs1MOd8KiqkMK_14common_structssL_0pEINtB8_15AccountPositionpENtNtNtNtNtCsg62Rc8qCHfL_13multiversx_sc5types7managed7wrapped16managed_vec_item14ManagedVecItem16from_byte_readerpEs2_0B8_
FN:41,_RNCINvXINICs1MOd8KiqkMK_14common_structssL_0pEINtB8_15AccountPositionpENtNtNtNtNtCsg62Rc8qCHfL_13multiversx_sc5types7managed7wrapped16managed_vec_item14ManagedVecItem16from_byte_readerpEs3_0B8_
FN:41,_RNCINvXINICs1MOd8KiqkMK_14common_structssL_0pEINtB8_15AccountPositionpENtNtNtNtNtCsg62Rc8qCHfL_13multiversx_sc5types7managed7wrapped16managed_vec_item14ManagedVecItem16from_byte_readerpEs4_0B8_
FN:41,_RNCINvXINICs1MOd8KiqkMK_14common_structssL_0pEINtB8_15AccountPositionpENtNtNtNtNtCsg62Rc8qCHfL_13multiversx_sc5types7managed7wrapped16managed_vec_item14ManagedVecItem16from_byte_readerpEs5_0B8_
FN:41,_RNCINvXINICs1MOd8KiqkMK_14common_structssL_0pEINtB8_15AccountPositionpENtNtNtNtNtCsg62Rc8qCHfL_13multiversx_sc5types7managed7wrapped16managed_vec_item14ManagedVecItem16from_byte_readerpEs6_0B8_
FN:41,_RNCINvXINICs1MOd8KiqkMK_14common_structssL_0pEINtB8_15AccountPositionpENtNtNtNtNtCsg62Rc8qCHfL_13multiversx_sc5types7managed7wrapped16managed_vec_item14ManagedVecItem16from_byte_readerpEs7_0B8_
FN:41,_RNCINvXINICs1MOd8KiqkMK_14common_structssL_0pEINtB8_15AccountPositionpENtNtNtNtNtCsg62Rc8qCHfL_13multiversx_sc5types7managed7wrapped16managed_vec_item14ManagedVecItem16from_byte_readerpEs8_0B8_
FN:41,_RINvXINICs1MOd8KiqkMK_14common_structssL_0pEINtB6_15AccountPositionpENtNtNtNtNtCsg62Rc8qCHfL_13multiversx_sc5types7managed7wrapped16managed_vec_item14ManagedVecItem26from_byte_reader_as_borrowpEB6_
FN:41,_RINvXINICs1MOd8KiqkMK_14common_structssL_0pEINtB6_15AccountPositionpENtNtNtNtNtCsg62Rc8qCHfL_13multiversx_sc5types7managed7wrapped16managed_vec_item14ManagedVecItem16into_byte_writerppEB6_
FN:41,_RNCINvXINICs1MOd8KiqkMK_14common_structssL_0pEINtB8_15AccountPositionpENtNtNtNtNtCsg62Rc8qCHfL_13multiversx_sc5types7managed7wrapped16managed_vec_item14ManagedVecItem16into_byte_writerppE0B8_
FN:41,_RNCINvXINICs1MOd8KiqkMK_14common_structssL_0pEINtB8_15AccountPositionpENtNtNtNtNtCsg62Rc8qCHfL_13multiversx_sc5types7managed7wrapped16managed_vec_item14ManagedVecItem16into_byte_writerppEs_0B8_
FN:41,_RNCINvXINICs1MOd8KiqkMK_14common_structssL_0pEINtB8_15AccountPositionpENtNtNtNtNtCsg62Rc8qCHfL_13multiversx_sc5types7managed7wrapped16managed_vec_item14ManagedVecItem16into_byte_writerppEs0_0B8_
FN:41,_RNCINvXINICs1MOd8KiqkMK_14common_structssL_0pEINtB8_15AccountPositionpENtNtNtNtNtCsg62Rc8qCHfL_13multiversx_sc5types7managed7wrapped16managed_vec_item14ManagedVecItem16into_byte_writerppEs1_0B8_
FN:41,_RNCINvXINICs1MOd8KiqkMK_14common_structssL_0pEINtB8_15AccountPositionpENtNtNtNtNtCsg62Rc8qCHfL_13multiversx_sc5types7managed7wrapped16managed_vec_item14ManagedVecItem16into_byte_writerppEs2_0B8_
FN:41,_RNCINvXINICs1MOd8KiqkMK_14common_structssL_0pEINtB8_15AccountPositionpENtNtNtNtNtCsg62Rc8qCHfL_13multiversx_sc5types7managed7wrapped16managed_vec_item14ManagedVecItem16into_byte_writerppEs3_0B8_
FN:41,_RNCINvXINICs1MOd8KiqkMK_14common_structssL_0pEINtB8_15AccountPositionpENtNtNtNtNtCsg62Rc8qCHfL_13multiversx_sc5types7managed7wrapped16managed_vec_item14ManagedVecItem16into_byte_writerppEs4_0B8_
FN:41,_RNCINvXINICs1MOd8KiqkMK_14common_structssL_0pEINtB8_15AccountPositionpENtNtNtNtNtCsg62Rc8qCHfL_13multiversx_sc5types7managed7wrapped16managed_vec_item14ManagedVecItem16into_byte_writerppEs5_0B8_
FN:41,_RNCINvXINICs1MOd8KiqkMK_14common_structssL_0pEINtB8_15AccountPositionpENtNtNtNtNtCsg62Rc8qCHfL_13multiversx_sc5types7managed7wrapped16managed_vec_item14ManagedVecItem16into_byte_writerppEs6_0B8_
FN:41,_RNCINvXINICs1MOd8KiqkMK_14common_structssL_0pEINtB8_15AccountPositionpENtNtNtNtNtCsg62Rc8qCHfL_13multiversx_sc5types7managed7wrapped16managed_vec_item14ManagedVecItem16into_byte_writerppEs7_0B8_
FN:41,_RNCINvXINICs1MOd8KiqkMK_14common_structssL_0pEINtB8_15AccountPositionpENtNtNtNtNtCsg62Rc8qCHfL_13multiversx_sc5types7managed7wrapped16managed_vec_item14ManagedVecItem16into_byte_writerppEs8_0B8_
FN:41,_RINvXINICs1MOd8KiqkMK_14common_structssM_0pEINtB6_15AccountPositionpENtNtNtCs4XIbEUoEM0G_19multiversx_sc_codec6single9nested_en12NestedEncode24dep_encode_or_handle_errppEB6_
FN:41,_RINvXINICs1MOd8KiqkMK_14common_structssN_0pEINtB6_15AccountPositionpENtNtNtCs4XIbEUoEM0G_19multiversx_sc_codec6single9nested_de12NestedDecode24dep_decode_or_handle_errppEB6_
FN:41,_RINvXINICs1MOd8KiqkMK_14common_structssO_0pEINtB6_15AccountPositionpENtNtNtCs4XIbEUoEM0G_19multiversx_sc_codec6single6top_en9TopEncode24top_encode_or_handle_errppEB6_
FN:41,_RINvXINICs1MOd8KiqkMK_14common_structssP_0pEINtB6_15AccountPositionpENtNtNtCs4XIbEUoEM0G_19multiversx_sc_codec6single6top_de9TopDecode24top_decode_or_handle_errppEB6_
FN:40,_RNvXINICs1MOd8KiqkMK_14common_structssK_0pEINtB5_15AccountPositionpENtNtNtCsg62Rc8qCHfL_13multiversx_sc3abi8type_abi7TypeAbi9type_nameB5_
FN:40,_RINvXINICs1MOd8KiqkMK_14common_structssK_0pEINtB6_15AccountPositionpENtNtNtCsg62Rc8qCHfL_13multiversx_sc3abi8type_abi7TypeAbi25provide_type_descriptionspEB6_
FN:58,_RNvMCs1MOd8KiqkMK_14common_structsINtB2_15AccountPositionpE3newB2_
FN:86,_RNvMCs1MOd8KiqkMK_14common_structsINtB2_15AccountPositionpE16get_total_amountB2_
FN:92,_RINvXINICs1MOd8KiqkMK_14common_structssD_0pEINtB6_11AssetConfigpENtNtNtNtNtCsg62Rc8qCHfL_13multiversx_sc5types7managed7wrapped16managed_vec_item14ManagedVecItem16from_byte_readerpEB6_
FN:92,_RNCINvXINICs1MOd8KiqkMK_14common_structssD_0pEINtB8_11AssetConfigpENtNtNtNtNtCsg62Rc8qCHfL_13multiversx_sc5types7managed7wrapped16managed_vec_item14ManagedVecItem16from_byte_readerpE0B8_
FN:92,_RNCINvXINICs1MOd8KiqkMK_14common_structssD_0pEINtB8_11AssetConfigpENtNtNtNtNtCsg62Rc8qCHfL_13multiversx_sc5types7managed7wrapped16managed_vec_item14ManagedVecItem16from_byte_readerpEs_0B8_
FN:92,_RNCINvXINICs1MOd8KiqkMK_14common_structssD_0pEINtB8_11AssetConfigpENtNtNtNtNtCsg62Rc8qCHfL_13multiversx_sc5types7managed7wrapped16managed_vec_item14ManagedVecItem16from_byte_readerpEs0_0B8_
FN:92,_RNCINvXINICs1MOd8KiqkMK_14common_structssD_0pEINtB8_11AssetConfigpENtNtNtNtNtCsg62Rc8qCHfL_13multiversx_sc5types7managed7wrapped16managed_vec_item14ManagedVecItem16from_byte_readerpEs1_0B8_
FN:92,_RNCINvXINICs1MOd8KiqkMK_14common_structssD_0pEINtB8_11AssetConfigpENtNtNtNtNtCsg62Rc8qCHfL_13multiversx_sc5types7managed7wrapped16managed_vec_item14ManagedVecItem16from_byte_readerpEs2_0B8_
FN:92,_RNCINvXINICs1MOd8KiqkMK_14common_structssD_0pEINtB8_11AssetConfigpENtNtNtNtNtCsg62Rc8qCHfL_13multiversx_sc5types7managed7wrapped16managed_vec_item14ManagedVecItem16from_byte_readerpEs3_0B8_
FN:92,_RNCINvXINICs1MOd8KiqkMK_14common_structssD_0pEINtB8_11AssetConfigpENtNtNtNtNtCsg62Rc8qCHfL_13multiversx_sc5types7managed7wrapped16managed_vec_item14ManagedVecItem16from_byte_readerpEs4_0B8_
FN:92,_RNCINvXINICs1MOd8KiqkMK_14common_structssD_0pEINtB8_11AssetConfigpENtNtNtNtNtCsg62Rc8qCHfL_13multiversx_sc5types7managed7wrapped16managed_vec_item14ManagedVecItem16from_byte_readerpEs5_0B8_
FN:92,_RNCINvXINICs1MOd8KiqkMK_14common_structssD_0pEINtB8_11AssetConfigpENtNtNtNtNtCsg62Rc8qCHfL_13multiversx_sc5types7managed7wrapped16managed_vec_item14ManagedVecItem16from_byte_readerpEs6_0B8_
FN:92,_RNCINvXINICs1MOd8KiqkMK_14common_structssD_0pEINtB8_11AssetConfigpENtNtNtNtNtCsg62Rc8qCHfL_13multiversx_sc5types7managed7wrapped16managed_vec_item14ManagedVecItem16from_byte_readerpEs7_0B8_
FN:92,_RNCINvXINICs1MOd8KiqkMK_14common_structssD_0pEINtB8_11AssetConfigpENtNtNtNtNtCsg62Rc8qCHfL_13multiversx_sc5types7managed7wrapped16managed_vec_item14ManagedVecItem16from_byte_readerpEs8_0B8_
FN:92,_RNCINvXINICs1MOd8KiqkMK_14common_structssD_0pEINtB8_11AssetConfigpENtNtNtNtNtCsg62Rc8qCHfL_13multiversx_sc5types7managed7wrapped16managed_vec_item14ManagedVecItem16from_byte_readerpEs9_0B8_
FN:92,_RNCINvXINICs1MOd8KiqkMK_14common_structssD_0pEINtB8_11AssetConfigpENtNtNtNtNtCsg62Rc8qCHfL_13multiversx_sc5types7managed7wrapped16managed_vec_item14ManagedVecItem16from_byte_readerpEsa_0B8_
FN:92,_RNCINvXINICs1MOd8KiqkMK_14common_structssD_0pEINtB8_11AssetConfigpENtNtNtNtNtCsg62Rc8qCHfL_13multiversx_sc5types7managed7wrapped16managed_vec_item14ManagedVecItem16from_byte_readerpEsb_0B8_
FN:92,_RNCINvXINICs1MOd8KiqkMK_14common_structssD_0pEINtB8_11AssetConfigpENtNtNtNtNtCsg62Rc8qCHfL_13multiversx_sc5types7managed7wrapped16managed_vec_item14ManagedVecItem16from_byte_readerpEsc_0B8_
FN:92,_RINvXINICs1MOd8KiqkMK_14common_structssD_0pEINtB6_11AssetConfigpENtNtNtNtNtCsg62Rc8qCHfL_13multiversx_sc5types7managed7wrapped16managed_vec_item14ManagedVecItem26from_byte_reader_as_borrowpEB6_
FN:92,_RINvXINICs1MOd8KiqkMK_14common_structssD_0pEINtB6_11AssetConfigpENtNtNtNtNtCsg62Rc8qCHfL_13multiversx_sc5types7managed7wrapped16managed_vec_item14ManagedVecItem16into_byte_writerppEB6_
FN:92,_RNCINvXINICs1MOd8KiqkMK_14common_structssD_0pEINtB8_11AssetConfigpENtNtNtNtNtCsg62Rc8qCHfL_13multiversx_sc5types7managed7wrapped16managed_vec_item14ManagedVecItem16into_byte_writerppE0B8_
FN:92,_RNCINvXINICs1MOd8KiqkMK_14common_structssD_0pEINtB8_11AssetConfigpENtNtNtNtNtCsg62Rc8qCHfL_13multiversx_sc5types7managed7wrapped16managed_vec_item14ManagedVecItem16into_byte_writerppEs_0B8_
FN:92,_RNCINvXINICs1MOd8KiqkMK_14common_structssD_0pEINtB8_11AssetConfigpENtNtNtNtNtCsg62Rc8qCHfL_13multiversx_sc5types7managed7wrapped16managed_vec_item14ManagedVecItem16into_byte_writerppEs0_0B8_
FN:92,_RNCINvXINICs1MOd8KiqkMK_14common_structssD_0pEINtB8_11AssetConfigpENtNtNtNtNtCsg62Rc8qCHfL_13multiversx_sc5types7managed7wrapped16managed_vec_item14ManagedVecItem16into_byte_writerppEs1_0B8_
FN:92,_RNCINvXINICs1MOd8KiqkMK_14common_structssD_0pEINtB8_11AssetConfigpENtNtNtNtNtCsg62Rc8qCHfL_13multiversx_sc5types7managed7wrapped16managed_vec_item14ManagedVecItem16into_byte_writerppEs2_0B8_
FN:92,_RNCINvXINICs1MOd8KiqkMK_14common_structssD_0pEINtB8_11AssetConfigpENtNtNtNtNtCsg62Rc8qCHfL_13multiversx_sc5types7managed7wrapped16managed_vec_item14ManagedVecItem16into_byte_writerppEs3_0B8_
FN:92,_RNCINvXINICs1MOd8KiqkMK_14common_structssD_0pEINtB8_11AssetConfigpENtNtNtNtNtCsg62Rc8qCHfL_13multiversx_sc5types7managed7wrapped16managed_vec_item14ManagedVecItem16into_byte_writerppEs4_0B8_
FN:92,_RNCINvXINICs1MOd8KiqkMK_14common_structssD_0pEINtB8_11AssetConfigpENtNtNtNtNtCsg62Rc8qCHfL_13multiversx_sc5types7managed7wrapped16managed_vec_item14ManagedVecItem16into_byte_writerppEs5_0B8_
FN:92,_RNCINvXINICs1MOd8KiqkMK_14common_structssD_0pEINtB8_11AssetConfigpENtNtNtNtNtCsg62Rc8qCHfL_13multiversx_sc5types7managed7wrapped16managed_vec_item14ManagedVecItem16into_byte_writerppEs6_0B8_
FN:92,_RNCINvXINICs1MOd8KiqkMK_14common_structssD_0pEINtB8_11AssetConfigpENtNtNtNtNtCsg62Rc8qCHfL_13multiversx_sc5types7managed7wrapped16managed_vec_item14ManagedVecItem16into_byte_writerppEs7_0B8_
FN:92,_RNCINvXINICs1MOd8KiqkMK_14common_structssD_0pEINtB8_11AssetConfigpENtNtNtNtNtCsg62Rc8qCHfL_13multiversx_sc5types7managed7wrapped16managed_vec_item14ManagedVecItem16into_byte_writerppEs8_0B8_
FN:92,_RNCINvXINICs1MOd8KiqkMK_14common_structssD_0pEINtB8_11AssetConfigpENtNtNtNtNtCsg62Rc8qCHfL_13multiversx_sc5types7managed7wrapped16managed_vec_item14ManagedVecItem16into_byte_writerppEs9_0B8_
FN:92,_RNCINvXINICs1MOd8KiqkMK_14common_structssD_0pEINtB8_11AssetConfigpENtNtNtNtNtCsg62Rc8qCHfL_13multiversx_sc5types7managed7wrapped16managed_vec_item14ManagedVecItem16into_byte_writerppEsa_0B8_
FN:92,_RNCINvXINICs1MOd8KiqkMK_14common_structssD_0pEINtB8_11AssetConfigpENtNtNtNtNtCsg62Rc8qCHfL_13multiversx_sc5types7managed7wrapped16managed_vec_item14ManagedVecItem16into_byte_writerppEsb_0B8_
FN:92,_RNCINvXINICs1MOd8KiqkMK_14common_structssD_0pEINtB8_11AssetConfigpENtNtNtNtNtCsg62Rc8qCHfL_13multiversx_sc5types7managed7wrapped16managed_vec_item14ManagedVecItem16into_byte_writerppEsc_0B8_
FN:92,_RINvXINICs1MOd8KiqkMK_14common_structssE_0pEINtB6_11AssetConfigpENtNtNtCs4XIbEUoEM0G_19multiversx_sc_codec6single6top_en9TopEncode24top_encode_or_handle_errppEB6_
FN:92,_RINvXINICs1MOd8KiqkMK_14common_structssF_0pEINtB6_11AssetConfigpENtNtNtCs4XIbEUoEM0G_19multiversx_sc_codec6single6top_de9TopDecode24top_decode_or_handle_errppEB6_
FN:92,_RINvXINICs1MOd8KiqkMK_14common_structssG_0pEINtB6_11AssetConfigpENtNtNtCs4XIbEUoEM0G_19multiversx_sc_codec6single9nested_en12NestedEncode24dep_encode_or_handle_errppEB6_
FN:92,_RINvXINICs1MOd8KiqkMK_14common_structssH_0pEINtB6_11AssetConfigpENtNtNtCs4XIbEUoEM0G_19multiversx_sc_codec6single9nested_de12NestedDecode24dep_decode_or_handle_errppEB6_
FN:91,_RNvXINICs1MOd8KiqkMK_14common_structssC_0pEINtB5_11AssetConfigpENtNtNtCsg62Rc8qCHfL_13multiversx_sc3abi8type_abi7TypeAbi9type_nameB5_
FN:91,_RINvXINICs1MOd8KiqkMK_14common_structssC_0pEINtB6_11AssetConfigpENtNtNtCsg62Rc8qCHfL_13multiversx_sc3abi8type_abi7TypeAbi25provide_type_descriptionspEB6_
FN:127,_RINvXINICs1MOd8KiqkMK_14common_structssv_0pEINtB6_13EModeCategorypENtNtNtNtNtCsg62Rc8qCHfL_13multiversx_sc5types7managed7wrapped16managed_vec_item14ManagedVecItem16from_byte_readerpEB6_
FN:127,_RNCINvXINICs1MOd8KiqkMK_14common_structssv_0pEINtB8_13EModeCategorypENtNtNtNtNtCsg62Rc8qCHfL_13multiversx_sc5types7managed7wrapped16managed_vec_item14ManagedVecItem16from_byte_readerpE0B8_
FN:127,_RNCINvXINICs1MOd8KiqkMK_14common_structssv_0pEINtB8_13EModeCategorypENtNtNtNtNtCsg62Rc8qCHfL_13multiversx_sc5types7managed7wrapped16managed_vec_item14ManagedVecItem16from_byte_readerpEs_0B8_
FN:127,_RNCINvXINICs1MOd8KiqkMK_14common_structssv_0pEINtB8_13EModeCategorypENtNtNtNtNtCsg62Rc8qCHfL_13multiversx_sc5types7managed7wrapped16managed_vec_item14ManagedVecItem16from_byte_readerpEs0_0B8_
FN:127,_RNCINvXINICs1MOd8KiqkMK_14common_structssv_0pEINtB8_13EModeCategorypENtNtNtNtNtCsg62Rc8qCHfL_13multiversx_sc5types7managed7wrapped16managed_vec_item14ManagedVecItem16from_byte_readerpEs1_0B8_
FN:127,_RINvXINICs1MOd8KiqkMK_14common_structssv_0pEINtB6_13EModeCategorypENtNtNtNtNtCsg62Rc8qCHfL_13multiversx_sc5types7managed7wrapped16managed_vec_item14ManagedVecItem26from_byte_reader_as_borrowpEB6_
FN:127,_RINvXINICs1MOd8KiqkMK_14common_structssv_0pEINtB6_13EModeCategorypENtNtNtNtNtCsg62Rc8qCHfL_13multiversx_sc5types7managed7wrapped16managed_vec_item14ManagedVecItem16into_byte_writerppEB6_
FN:127,_RNCINvXINICs1MOd8KiqkMK_14common_structssv_0pEINtB8_13EModeCategorypENtNtNtNtNtCsg62Rc8qCHfL_13multiversx_sc5types7managed7wrapped16managed_vec_item14ManagedVecItem16into_byte_writerppE0B8_
FN:127,_RNCINvXINICs1MOd8KiqkMK_14common_structssv_0pEINtB8_13EModeCategorypENtNtNtNtNtCsg62Rc8qCHfL_13multiversx_sc5types7managed7wrapped16managed_vec_item14ManagedVecItem16into_byte_writerppEs_0B8_
FN:127,_RNCINvXINICs1MOd8KiqkMK_14common_structssv_0pEINtB8_13EModeCategorypENtNtNtNtNtCsg62Rc8qCHfL_13multiversx_sc5types7managed7wrapped16managed_vec_item14ManagedVecItem16into_byte_writerppEs0_0B8_
FN:127,_RNCINvXINICs1MOd8KiqkMK_14common_structssv_0pEINtB8_13EModeCategorypENtNtNtNtNtCsg62Rc8qCHfL_13multiversx_sc5types7managed7wrapped16managed_vec_item14ManagedVecItem16into_byte_writerppEs1_0B8_
FN:127,_RINvXINICs1MOd8KiqkMK_14common_structssw_0pEINtB6_13EModeCategorypENtNtNtCs4XIbEUoEM0G_19multiversx_sc_codec6single6top_en9TopEncode24top_encode_or_handle_errppEB6_
FN:127,_RINvXINICs1MOd8KiqkMK_14common_structssx_0pEINtB6_13EModeCategorypENtNtNtCs4XIbEUoEM0G_19multiversx_sc_codec6single6top_de9TopDecode24top_decode_or_handle_errppEB6_
FN:127,_RINvXINICs1MOd8KiqkMK_14common_structssy_0pEINtB6_13EModeCategorypENtNtNtCs4XIbEUoEM0G_19multiversx_sc_codec6single9nested_en12NestedEncode24dep_encode_or_handle_errppEB6_
FN:127,_RINvXINICs1MOd8KiqkMK_14common_structssz_0pEINtB6_13EModeCategorypENtNtNtCs4XIbEUoEM0G_19multiversx_sc_codec6single9nested_de12NestedDecode24dep_decode_or_handle_errppEB6_
FN:126,_RNvXINICs1MOd8KiqkMK_14common_structssu_0pEINtB5_13EModeCategorypENtNtNtCsg62Rc8qCHfL_13multiversx_sc3abi8type_abi7TypeAbi9type_nameB5_
FN:126,_RINvXINICs1MOd8KiqkMK_14common_structssu_0pEINtB6_13EModeCategorypENtNtNtCsg62Rc8qCHfL_13multiversx_sc3abi8type_abi7TypeAbi25provide_type_descriptionspEB6_
FN:136,_RINvXsn_Cs1MOd8KiqkMK_14common_structsNtB6_16EModeAssetConfigNtNtNtNtNtCsg62Rc8qCHfL_13multiversx_sc5types7managed7wrapped16managed_vec_item14ManagedVecItem16from_byte_readerpEB6_
FN:136,_RNCINvXsn_Cs1MOd8KiqkMK_14common_structsNtB8_16EModeAssetConfigNtNtNtNtNtCsg62Rc8qCHfL_13multiversx_sc5types7managed7wrapped16managed_vec_item14ManagedVecItem16from_byte_readerpE0B8_
FN:136,_RNCINvXsn_Cs1MOd8KiqkMK_14common_structsNtB8_16EModeAssetConfigNtNtNtNtNtCsg62Rc8qCHfL_13multiversx_sc5types7managed7wrapped16managed_vec_item14ManagedVecItem16from_byte_readerpEs_0B8_
FN:136,_RINvXsn_Cs1MOd8KiqkMK_14common_structsNtB6_16EModeAssetConfigNtNtNtNtNtCsg62Rc8qCHfL_13multiversx_sc5types7managed7wrapped16managed_vec_item14ManagedVecItem26from_byte_reader_as_borrowpEB6_
FN:136,_RINvXsn_Cs1MOd8KiqkMK_14common_structsNtB6_16EModeAssetConfigNtNtNtNtNtCsg62Rc8qCHfL_13multiversx_sc5types7managed7wrapped16managed_vec_item14ManagedVecItem16into_byte_writerppEB6_
FN:136,_RNCINvXsn_Cs1MOd8KiqkMK_14common_structsNtB8_16EModeAssetConfigNtNtNtNtNtCsg62Rc8qCHfL_13multiversx_sc5types7managed7wrapped16managed_vec_item14ManagedVecItem16into_byte_writerppE0B8_
FN:136,_RNCINvXsn_Cs1MOd8KiqkMK_14common_structsNtB8_16EModeAssetConfigNtNtNtNtNtCsg62Rc8qCHfL_13multiversx_sc5types7managed7wrapped16managed_vec_item14ManagedVecItem16into_byte_writerppEs_0B8_
FN:136,_RINvXso_Cs1MOd8KiqkMK_14common_structsNtB6_16EModeAssetConfigNtNtNtCs4XIbEUoEM0G_19multiversx_sc_codec6single6top_en9TopEncode24top_encode_or_handle_errppEB6_
FN:136,_RINvXsp_Cs1MOd8KiqkMK_14common_structsNtB6_16EModeAssetConfigNtNtNtCs4XIbEUoEM0G_19multiversx_sc_codec6single6top_de9TopDecode24top_decode_or_handle_errppEB6_
FN:136,_RINvXsq_Cs1MOd8KiqkMK_14common_structsNtB6_16EModeAssetConfigNtNtNtCs4XIbEUoEM0G_19multiversx_sc_codec6single9nested_en12NestedEncode24dep_encode_or_handle_errppEB6_
FN:136,_RINvXsr_Cs1MOd8KiqkMK_14common_structsNtB6_16EModeAssetConfigNtNtNtCs4XIbEUoEM0G_19multiversx_sc_codec6single9nested_de12NestedDecode24dep_decode_or_handle_errppEB6_
FN:135,_RNvXsm_Cs1MOd8KiqkMK_14common_structsNtB5_16EModeAssetConfigNtNtNtCsg62Rc8qCHfL_13multiversx_sc3abi8type_abi7TypeAbi9type_name
FN:135,_RINvXsm_Cs1MOd8KiqkMK_14common_structsNtB6_16EModeAssetConfigNtNtNtCsg62Rc8qCHfL_13multiversx_sc3abi8type_abi7TypeAbi25provide_type_descriptionspEB6_
FN:143,_RINvXsf_Cs1MOd8KiqkMK_14common_structsNtB6_20NftAccountAttributesNtNtNtCs4XIbEUoEM0G_19multiversx_sc_codec6single9nested_en12NestedEncode24dep_encode_or_handle_errppEB6_
FN:143,_RINvXsg_Cs1MOd8KiqkMK_14common_structsNtB6_20NftAccountAttributesNtNtNtCs4XIbEUoEM0G_19multiversx_sc_codec6single9nested_de12NestedDecode24dep_decode_or_handle_errppEB6_
FN:143,_RINvXsh_Cs1MOd8KiqkMK_14common_structsNtB6_20NftAccountAttributesNtNtNtCs4XIbEUoEM0G_19multiversx_sc_codec6single6top_en9TopEncode24top_encode_or_handle_errppEB6_
FN:143,_RINvXsi_Cs1MOd8KiqkMK_14common_structsNtB6_20NftAccountAttributesNtNtNtCs4XIbEUoEM0G_19multiversx_sc_codec6single6top_de9TopDecode24top_decode_or_handle_errppEB6_
FN:142,_RNvXse_Cs1MOd8KiqkMK_14common_structsNtB5_20NftAccountAttributesNtNtNtCsg62Rc8qCHfL_13multiversx_sc3abi8type_abi7TypeAbi9type_name
FN:142,_RINvXse_Cs1MOd8KiqkMK_14common_structsNtB6_20NftAccountAttributesNtNtNtCsg62Rc8qCHfL_13multiversx_sc3abi8type_abi7TypeAbi25provide_type_descriptionspEB6_
FN:152,_RINvXINICs1MOd8KiqkMK_14common_structss2_0pEINtB6_25EgldOrEsdtTokenPaymentNewpENtNtNtNtNtCsg62Rc8qCHfL_13multiversx_sc5types7managed7wrapped16managed_vec_item14ManagedVecItem16from_byte_readerpEB6_
FN:152,_RNCINvXINICs1MOd8KiqkMK_14common_structss2_0pEINtB8_25EgldOrEsdtTokenPaymentNewpENtNtNtNtNtCsg62Rc8qCHfL_13multiversx_sc5types7managed7wrapped16managed_vec_item14ManagedVecItem16from_byte_readerpE0B8_
FN:152,_RNCINvXINICs1MOd8KiqkMK_14common_structss2_0pEINtB8_25EgldOrEsdtTokenPaymentNewpENtNtNtNtNtCsg62Rc8qCHfL_13multiversx_sc5types7managed7wrapped16managed_vec_item14ManagedVecItem16from_byte_readerpEs_0B8_
FN:152,_RNCINvXINICs1MOd8KiqkMK_14common_structss2_0pEINtB8_25EgldOrEsdtTokenPaymentNewpENtNtNtNtNtCsg62Rc8qCHfL_13multiversx_sc5types7managed7wrapped16managed_vec_item14ManagedVecItem16from_byte_readerpEs0_0B8_
FN:152,_RINvXINICs1MOd8KiqkMK_14common_structss2_0pEINtB6_25EgldOrEsdtTokenPaymentNewpENtNtNtNtNtCsg62Rc8qCHfL_13multiversx_sc5types7managed7wrapped16managed_vec_item14ManagedVecItem26from_byte_reader_as_borrowpEB6_
FN:152,_RINvXINICs1MOd8KiqkMK_14common_structss2_0pEINtB6_25EgldOrEsdtTokenPaymentNewpENtNtNtNtNtCsg62Rc8qCHfL_13multiversx_sc5types7managed7wrapped16managed_vec_item14ManagedVecItem16into_byte_writerppEB6_
FN:152,_RNCINvXINICs1MOd8KiqkMK_14common_structss2_0pEINtB8_25EgldOrEsdtTokenPaymentNewpENtNtNtNtNtCsg62Rc8qCHfL_13multiversx_sc5types7managed7wrapped16managed_vec_item14ManagedVecItem16into_byte_writerppE0B8_
FN:152,_RNCINvXINICs1MOd8KiqkMK_14common_structss2_0pEINtB8_25EgldOrEsdtTokenPaymentNewpENtNtNtNtNtCsg62Rc8qCHfL_13multiversx_sc5types7managed7wrapped16managed_vec_item14ManagedVecItem16into_byte_writerppEs_0B8_
FN:152,_RNCINvXINICs1MOd8KiqkMK_14common_structss2_0pEINtB8_25EgldOrEsdtTokenPaymentNewpENtNtNtNtNtCsg62Rc8qCHfL_13multiversx_sc5types7managed7wrapped16managed_vec_item14ManagedVecItem16into_byte_writerppEs0_0B8_
FN:152,_RINvXINICs1MOd8KiqkMK_14common_structss3_0pEINtB6_25EgldOrEsdtTokenPaymentNewpENtNtNtCs4XIbEUoEM0G_19multiversx_sc_codec6single6top_de9TopDecode24top_decode_or_handle_errppEB6_
FN:152,_RINvXINICs1MOd8KiqkMK_14common_structss4_0pEINtB6_25EgldOrEsdtTokenPaymentNewpENtNtNtCs4XIbEUoEM0G_19multiversx_sc_codec6single6top_en9TopEncode24top_encode_or_handle_errppEB6_
FN:152,_RINvXINICs1MOd8KiqkMK_14common_structss5_0pEINtB6_25EgldOrEsdtTokenPaymentNewpENtNtNtCs4XIbEUoEM0G_19multiversx_sc_codec6single9nested_de12NestedDecode24dep_decode_or_handle_errppEB6_
FN:152,_RINvXINICs1MOd8KiqkMK_14common_structss6_0pEINtB6_25EgldOrEsdtTokenPaymentNewpENtNtNtCs4XIbEUoEM0G_19multiversx_sc_codec6single9nested_en12NestedEncode24dep_encode_or_handle_errppEB6_
FN:150,_RNvXINICs1MOd8KiqkMK_14common_structss1_0pEINtB5_25EgldOrEsdtTokenPaymentNewpENtNtNtCsg62Rc8qCHfL_13multiversx_sc3abi8type_abi7TypeAbi9type_nameB5_
FN:150,_RINvXINICs1MOd8KiqkMK_14common_structss1_0pEINtB6_25EgldOrEsdtTokenPaymentNewpENtNtNtCsg62Rc8qCHfL_13multiversx_sc3abi8type_abi7TypeAbi25provide_type_descriptionspEB6_
FN:12,_RINvXs1b_CsiSf9IMQvBOQ_14common_structsINtB7_10PoolParamsINtNtNtNtCs6CEo6COcrAJ_22multiversx_sc_scenario3api7impl_vh12vm_hooks_api10VMHooksApiNtNtBY_9debug_api15DebugApiBackendEENtNtNtCs4XIbEUoEM0G_19multiversx_sc_codec6single6top_en9TopEncode24top_encode_or_handle_errINtNtNtCsg62Rc8qCHfL_13multiversx_sc2io6finish16ApiOutputAdapterBT_EINtNtNtNtB4q_13contract_base8wrappers10serializer21ExitCodecErrorHandlerBT_EECs3apcajkO5ZX_5tests
FN:12,_RINvXs1b_CsiSf9IMQvBOQ_14common_structsINtB7_10PoolParamsINtNtNtNtCs6CEo6COcrAJ_22multiversx_sc_scenario3api7impl_vh12vm_hooks_api10VMHooksApiNtNtBY_9debug_api15DebugApiBackendEENtNtNtCs4XIbEUoEM0G_19multiversx_sc_codec6single6top_en9TopEncode24top_encode_or_handle_errINtNtNtCsg62Rc8qCHfL_13multiversx_sc7storage11storage_set16StorageSetOutputBT_EINtNtNtNtB4q_13contract_base8wrappers10serializer21ExitCodecErrorHandlerBT_EECs3apcajkO5ZX_5tests
FN:12,_RINvXs1c_CsiSf9IMQvBOQ_14common_structsINtB7_10PoolParamsINtNtNtNtCs6CEo6COcrAJ_22multiversx_sc_scenario3api7impl_vh12vm_hooks_api10VMHooksApiNtNtBY_9debug_api15DebugApiBackendEENtNtNtCs4XIbEUoEM0G_19multiversx_sc_codec6single6top_de9TopDecode24top_decode_or_handle_errINtNtNtCsg62Rc8qCHfL_13multiversx_sc7storage11storage_get15StorageGetInputBT_EINtB4m_22StorageGetErrorHandlerBT_EECs3apcajkO5ZX_5tests
FN:152,_RINvXs2_CsiSf9IMQvBOQ_14common_structsINtB6_25EgldOrEsdtTokenPaymentNewINtNtNtNtCs6CEo6COcrAJ_22multiversx_sc_scenario3api7impl_vh12vm_hooks_api10VMHooksApiNtNtB1c_9debug_api15DebugApiBackendEENtNtNtNtNtCsg62Rc8qCHfL_13multiversx_sc5types7managed7wrapped16managed_vec_item14ManagedVecItem16from_byte_readerNCNvMs2_NtB39_11managed_vecINtB52_10ManagedVecB17_BA_E7try_get0ECs3apcajkO5ZX_5tests
FN:152,_RINvXs2_CsiSf9IMQvBOQ_14common_structsINtB6_25EgldOrEsdtTokenPaymentNewINtNtNtNtCs6CEo6COcrAJ_22multiversx_sc_scenario3api7impl_vh12vm_hooks_api10VMHooksApiNtNtB1c_9debug_api15DebugApiBackendEENtNtNtNtNtCsg62Rc8qCHfL_13multiversx_sc5types7managed7wrapped16managed_vec_item14ManagedVecItem16into_byte_writeruNCNvMs2_NtB39_11managed_vecINtB53_10ManagedVecB17_BA_E4push0ECs3apcajkO5ZX_5tests
FN:152,_RINvXs2_CsiSf9IMQvBOQ_14common_structsINtB6_25EgldOrEsdtTokenPaymentNewINtNtNtNtCs6CEo6COcrAJ_22multiversx_sc_scenario3api7impl_vh12vm_hooks_api10VMHooksApiNtNtB1c_9debug_api15DebugApiBackendEENtNtNtNtNtCsg62Rc8qCHfL_13multiversx_sc5types7managed7wrapped16managed_vec_item14ManagedVecItem26from_byte_reader_as_borrowNCNvMs2_NtB39_11managed_vecINtB5c_10ManagedVecB17_BA_E7try_get0ECs3apcajkO5ZX_5tests
FN:92,_RINvXsE_CsiSf9IMQvBOQ_14common_structsINtB6_11AssetConfigINtNtNtNtCs6CEo6COcrAJ_22multiversx_sc_scenario3api7impl_vh12vm_hooks_api10VMHooksApiNtNtBY_9debug_api15DebugApiBackendEENtNtNtCs4XIbEUoEM0G_19multiversx_sc_codec6single6top_en9TopEncode24top_encode_or_handle_errINtNtNtCsg62Rc8qCHfL_13multiversx_sc2io6finish16ApiOutputAdapterBT_EINtNtNtNtB4q_13contract_base8wrappers10serializer21ExitCodecErrorHandlerBT_EECs3apcajkO5ZX_5tests
FN:92,_RINvXsE_CsiSf9IMQvBOQ_14common_structsINtB6_11AssetConfigINtNtNtNtCs6CEo6COcrAJ_22multiversx_sc_scenario3api7impl_vh12vm_hooks_api10VMHooksApiNtNtBY_9debug_api15DebugApiBackendEENtNtNtCs4XIbEUoEM0G_19multiversx_sc_codec6single6top_en9TopEncode24top_encode_or_handle_errINtNtNtCsg62Rc8qCHfL_13multiversx_sc7storage11storage_set16StorageSetOutputBT_EINtNtNtNtB4q_13contract_base8wrappers10serializer21ExitCodecErrorHandlerBT_EECs3apcajkO5ZX_5tests
FN:92,_RINvXsE_CsiSf9IMQvBOQ_14common_structsINtB6_11AssetConfigINtNtNtNtCs6CEo6COcrAJ_22multiversx_sc_scenario3api7impl_vh12vm_hooks_api10VMHooksApiNtNtBY_9debug_api15DebugApiBackendEENtNtNtCs4XIbEUoEM0G_19multiversx_sc_codec6single6top_en9TopEncode24top_encode_or_handle_errQINtNtNtNtNtCsg62Rc8qCHfL_13multiversx_sc5types7managed5basic14managed_buffer13ManagedBufferBT_EINtNtNtNtB4v_13contract_base8wrappers10serializer21ExitCodecErrorHandlerBT_EECs3apcajkO5ZX_5tests
FN:92,_RINvXsF_CsiSf9IMQvBOQ_14common_structsINtB6_11AssetConfigINtNtNtNtCs6CEo6COcrAJ_22multiversx_sc_scenario3api7impl_vh12vm_hooks_api10VMHooksApiNtNtBY_9debug_api15DebugApiBackendEENtNtNtCs4XIbEUoEM0G_19multiversx_sc_codec6single6top_de9TopDecode24top_decode_or_handle_errINtNtNtCsg62Rc8qCHfL_13multiversx_sc7storage11storage_get15StorageGetInputBT_EINtB4m_22StorageGetErrorHandlerBT_EECs3apcajkO5ZX_5tests
FN:41,_RINvXsL_CsiSf9IMQvBOQ_14common_structsINtB6_15AccountPositionINtNtNtNtCs6CEo6COcrAJ_22multiversx_sc_scenario3api7impl_vh12vm_hooks_api10VMHooksApiNtNtB12_9debug_api15DebugApiBackendEENtNtNtNtNtCsg62Rc8qCHfL_13multiversx_sc5types7managed7wrapped16managed_vec_item14ManagedVecItem16from_byte_readerNCNvMs2_NtB2Z_11managed_vecINtB4S_10ManagedVecBX_BA_E7try_get0ECs3apcajkO5ZX_5tests
FN:41,_RINvXsL_CsiSf9IMQvBOQ_14common_structsINtB6_15AccountPositionINtNtNtNtCs6CEo6COcrAJ_22multiversx_sc_scenario3api7impl_vh12vm_hooks_api10VMHooksApiNtNtB12_9debug_api15DebugApiBackendEENtNtNtNtNtCsg62Rc8qCHfL_13multiversx_sc5types7managed7wrapped16managed_vec_item14ManagedVecItem16from_byte_readerNCNvXs0_NtB2Z_22managed_vec_owned_iterINtB4S_23ManagedVecOwnedIteratorBX_BA_ENtNtNtNtCslGS7pEIChKc_4core4iter6traits8iterator8Iterator4next0ECs3apcajkO5ZX_5tests
FN:41,_RINvXsL_CsiSf9IMQvBOQ_14common_structsINtB6_15AccountPositionINtNtNtNtCs6CEo6COcrAJ_22multiversx_sc_scenario3api7impl_vh12vm_hooks_api10VMHooksApiNtNtB12_9debug_api15DebugApiBackendEENtNtNtNtNtCsg62Rc8qCHfL_13multiversx_sc5types7managed7wrapped16managed_vec_item14ManagedVecItem16into_byte_writeruNCNvMs2_NtB2Z_11managed_vecINtB4T_10ManagedVecBX_BA_E4push0ECs3apcajkO5ZX_5tests
FN:41,_RINvXsL_CsiSf9IMQvBOQ_14common_structsINtB6_15AccountPositionINtNtNtNtCs6CEo6COcrAJ_22multiversx_sc_scenario3api7impl_vh12vm_hooks_api10VMHooksApiNtNtB12_9debug_api15DebugApiBackendEENtNtNtNtNtCsg62Rc8qCHfL_13multiversx_sc5types7managed7wrapped16managed_vec_item14ManagedVecItem26from_byte_reader_as_borrowNCNvMs2_NtB2Z_11managed_vecINtB52_10ManagedVecBX_BA_E7try_get0ECs3apcajkO5ZX_5tests
FN:41,_RINvXsO_CsiSf9IMQvBOQ_14common_structsINtB6_15AccountPositionINtNtNtNtCs6CEo6COcrAJ_22multiversx_sc_scenario3api7impl_vh12vm_hooks_api10VMHooksApiNtNtB12_9debug_api15DebugApiBackendEENtNtNtCs4XIbEUoEM0G_19multiversx_sc_codec6single6top_en9TopEncode24top_encode_or_handle_errINtNtNtCsg62Rc8qCHfL_13multiversx_sc2io6finish16ApiOutputAdapterBX_EINtNtNtNtB4v_13contract_base8wrappers10serializer21ExitCodecErrorHandlerBX_EECs3apcajkO5ZX_5tests
FN:41,_RINvXsO_CsiSf9IMQvBOQ_14common_structsINtB6_15AccountPositionINtNtNtNtCs6CEo6COcrAJ_22multiversx_sc_scenario3api7impl_vh12vm_hooks_api10VMHooksApiNtNtB12_9debug_api15DebugApiBackendEENtNtNtCs4XIbEUoEM0G_19multiversx_sc_codec6single6top_en9TopEncode24top_encode_or_handle_errINtNtNtCsg62Rc8qCHfL_13multiversx_sc7storage11storage_set16StorageSetOutputBX_EINtNtNtNtB4v_13contract_base8wrappers10serializer21ExitCodecErrorHandlerBX_EECs3apcajkO5ZX_5tests
FN:41,_RINvXsO_CsiSf9IMQvBOQ_14common_structsINtB6_15AccountPositionINtNtNtNtCs6CEo6COcrAJ_22multiversx_sc_scenario3api7impl_vh12vm_hooks_api10VMHooksApiNtNtB12_9debug_api15DebugApiBackendEENtNtNtCs4XIbEUoEM0G_19multiversx_sc_codec6single6top_en9TopEncode24top_encode_or_handle_errQINtNtNtNtNtCsg62Rc8qCHfL_13multiversx_sc5types7managed5basic14managed_buffer13ManagedBufferBX_EINtNtNtNtB4A_13contract_base8wrappers10serializer21ExitCodecErrorHandlerBX_EECs3apcajkO5ZX_5tests
FN:41,_RINvXsP_CsiSf9IMQvBOQ_14common_structsINtB6_15AccountPositionINtNtNtNtCs6CEo6COcrAJ_22multiversx_sc_scenario3api7impl_vh12vm_hooks_api10VMHooksApiNtNtB12_9debug_api15DebugApiBackendEENtNtNtCs4XIbEUoEM0G_19multiversx_sc_codec6single6top_de9TopDecode24top_decode_or_handle_errINtNtNtCsg62Rc8qCHfL_13multiversx_sc2io12arg_de_input14ArgDecodeInputBX_EINtNtB4t_17arg_error_handler15ArgErrorHandlerBX_EECs3apcajkO5ZX_5tests
FN:41,_RINvXsP_CsiSf9IMQvBOQ_14common_structsINtB6_15AccountPositionINtNtNtNtCs6CEo6COcrAJ_22multiversx_sc_scenario3api7impl_vh12vm_hooks_api10VMHooksApiNtNtB12_9debug_api15DebugApiBackendEENtNtNtCs4XIbEUoEM0G_19multiversx_sc_codec6single6top_de9TopDecode24top_decode_or_handle_errINtNtNtCsg62Rc8qCHfL_13multiversx_sc7storage11storage_get15StorageGetInputBX_EINtB4r_22StorageGetErrorHandlerBX_EECs3apcajkO5ZX_5tests
FN:41,_RINvXsP_CsiSf9IMQvBOQ_14common_structsINtB6_15AccountPositionINtNtNtNtCs6CEo6COcrAJ_22multiversx_sc_scenario3api7impl_vh12vm_hooks_api10VMHooksApiNtNtB12_9debug_api15DebugApiBackendEENtNtNtCs4XIbEUoEM0G_19multiversx_sc_codec6single6top_de9TopDecode24top_decode_or_handle_errINtNtNtNtNtCsg62Rc8qCHfL_13multiversx_sc5types7managed5basic14managed_buffer13ManagedBufferBX_EINtNtNtB4z_2io17arg_error_handler15ArgErrorHandlerBX_EECs3apcajkO5ZX_5tests
FN:33,_RINvXsU_CsiSf9IMQvBOQ_14common_structsNtB6_19AccountPositionTypeNtNtNtNtNtCsg62Rc8qCHfL_13multiversx_sc5types7managed7wrapped16managed_vec_item14ManagedVecItem16from_byte_readerNCINvXsL_B6_INtB6_15AccountPositionINtNtNtNtCs6CEo6COcrAJ_22multiversx_sc_scenario3api7impl_vh12vm_hooks_api10VMHooksApiNtNtB3t_9debug_api15DebugApiBackendEEB10_16from_byte_readerNCNvMs2_NtB14_11managed_vecINtB5Q_10ManagedVecB3o_B31_E7try_get0E0ECs3apcajkO5ZX_5tests
FN:33,_RINvXsU_CsiSf9IMQvBOQ_14common_structsNtB6_19AccountPositionTypeNtNtNtNtNtCsg62Rc8qCHfL_13multiversx_sc5types7managed7wrapped16managed_vec_item14ManagedVecItem16from_byte_readerNCINvXsL_B6_INtB6_15AccountPositionINtNtNtNtCs6CEo6COcrAJ_22multiversx_sc_scenario3api7impl_vh12vm_hooks_api10VMHooksApiNtNtB3t_9debug_api15DebugApiBackendEEB10_16from_byte_readerNCNvXs0_NtB14_22managed_vec_owned_iterINtB5Q_23ManagedVecOwnedIteratorB3o_B31_ENtNtNtNtCslGS7pEIChKc_4core4iter6traits8iterator8Iterator4next0E0ECs3apcajkO5ZX_5tests
FN:33,_RINvXsU_CsiSf9IMQvBOQ_14common_structsNtB6_19AccountPositionTypeNtNtNtNtNtCsg62Rc8qCHfL_13multiversx_sc5types7managed7wrapped16managed_vec_item14ManagedVecItem16into_byte_writeruNCINvXsL_B6_INtB6_15AccountPositionINtNtNtNtCs6CEo6COcrAJ_22multiversx_sc_scenario3api7impl_vh12vm_hooks_api10VMHooksApiNtNtB3u_9debug_api15DebugApiBackendEEB10_16into_byte_writeruNCNvMs2_NtB14_11managed_vecINtB5S_10ManagedVecB3p_B32_E4push0E0ECs3apcajkO5ZX_5tests
FN:33,_RINvXsV_CsiSf9IMQvBOQ_14common_structsNtB6_19AccountPositionTypeNtNtNtCs4XIbEUoEM0G_19multiversx_sc_codec6single9nested_en12NestedEncode24dep_encode_or_handle_errINtNtNtNtNtCsg62Rc8qCHfL_13multiversx_sc5types7managed5basic14managed_buffer13ManagedBufferINtNtNtNtCs6CEo6COcrAJ_22multiversx_sc_scenario3api7impl_vh12vm_hooks_api10VMHooksApiNtNtB48_9debug_api15DebugApiBackendEEINtNtNtNtB2L_13contract_base8wrappers10serializer21ExitCodecErrorHandlerB43_EECs3apcajkO5ZX_5tests
FN:33,_RINvXsV_CsiSf9IMQvBOQ_14common_structsNtB6_19AccountPositionTypeNtNtNtCs4XIbEUoEM0G_19multiversx_sc_codec6single9nested_en12NestedEncode24dep_encode_or_handle_errINtNtNtNtNtNtCsg62Rc8qCHfL_13multiversx_sc5types7managed7wrapped7builder22managed_buffer_builder20ManagedBufferBuilderINtNtNtNtCs6CEo6COcrAJ_22multiversx_sc_scenario3api7impl_vh12vm_hooks_api10VMHooksApiNtNtB4z_9debug_api15DebugApiBackendEEINtNtNtNtB2N_13contract_base8wrappers10serializer21ExitCodecErrorHandlerB4u_EECs3apcajkO5ZX_5tests
FN:33,_RINvXsW_CsiSf9IMQvBOQ_14common_structsNtB6_19AccountPositionTypeNtNtNtCs4XIbEUoEM0G_19multiversx_sc_codec6single9nested_de12NestedDecode24dep_decode_or_handle_errINtNtNtNtNtCsg62Rc8qCHfL_13multiversx_sc5types7managed10codec_util30managed_buffer_nested_de_input30ManagedBufferNestedDecodeInputINtNtNtNtCs6CEo6COcrAJ_22multiversx_sc_scenario3api7impl_vh12vm_hooks_api10VMHooksApiNtNtB4L_9debug_api15DebugApiBackendEEINtNtNtB2L_2io17arg_error_handler15ArgErrorHandlerB4G_EECs3apcajkO5ZX_5tests
FN:33,_RINvXsW_CsiSf9IMQvBOQ_14common_structsNtB6_19AccountPositionTypeNtNtNtCs4XIbEUoEM0G_19multiversx_sc_codec6single9nested_de12NestedDecode24dep_decode_or_handle_errINtNtNtNtNtCsg62Rc8qCHfL_13multiversx_sc5types7managed10codec_util30managed_buffer_nested_de_input30ManagedBufferNestedDecodeInputINtNtNtNtCs6CEo6COcrAJ_22multiversx_sc_scenario3api7impl_vh12vm_hooks_api10VMHooksApiNtNtB4L_9debug_api15DebugApiBackendEEINtNtNtB2L_7storage11storage_get22StorageGetErrorHandlerB4G_EECs3apcajkO5ZX_5tests
FN:143,_RINvXsh_CsiSf9IMQvBOQ_14common_structsNtB6_20NftAccountAttributesNtNtNtCs4XIbEUoEM0G_19multiversx_sc_codec6single6top_en9TopEncode24top_encode_or_handle_errQINtNtCshTKFwE22Rw2_5alloc3vec3VechENtNtB17_17codec_err_handler19DefaultErrorHandlerECs3apcajkO5ZX_5tests
FN:143,_RINvXsh_CsiSf9IMQvBOQ_14common_structsNtB6_20NftAccountAttributesNtNtNtCs4XIbEUoEM0G_19multiversx_sc_codec6single6top_en9TopEncode24top_encode_or_handle_errQINtNtNtNtNtCsg62Rc8qCHfL_13multiversx_sc5types7managed5basic14managed_buffer13ManagedBufferINtNtNtNtCs6CEo6COcrAJ_22multiversx_sc_scenario3api7impl_vh12vm_hooks_api10VMHooksApiNtNtB43_9debug_api15DebugApiBackendEEINtNtNtNtB2G_13contract_base8wrappers10serializer21ExitCodecErrorHandlerB3Y_EECs3apcajkO5ZX_5tests
FN:143,_RINvXsi_CsiSf9IMQvBOQ_14common_structsNtB6_20NftAccountAttributesNtNtNtCs4XIbEUoEM0G_19multiversx_sc_codec6single6top_de9TopDecode24top_decode_or_handle_errINtNtNtNtNtCsg62Rc8qCHfL_13multiversx_sc5types7managed5basic14managed_buffer13ManagedBufferINtNtNtNtCs6CEo6COcrAJ_22multiversx_sc_scenario3api7impl_vh12vm_hooks_api10VMHooksApiNtNtB42_9debug_api15DebugApiBackendEEINtNtNtNtB2F_13contract_base8wrappers10serializer21ExitCodecErrorHandlerB3X_EECs3apcajkO5ZX_5tests
FN:136,_RINvXso_CsiSf9IMQvBOQ_14common_structsNtB6_16EModeAssetConfigNtNtNtCs4XIbEUoEM0G_19multiversx_sc_codec6single6top_en9TopEncode24top_encode_or_handle_errINtNtNtCsg62Rc8qCHfL_13multiversx_sc2io6finish16ApiOutputAdapterINtNtNtNtCs6CEo6COcrAJ_22multiversx_sc_scenario3api7impl_vh12vm_hooks_api10VMHooksApiNtNtB3x_9debug_api15DebugApiBackendEEINtNtNtNtB2x_13contract_base8wrappers10serializer21ExitCodecErrorHandlerB3s_EECs3apcajkO5ZX_5tests
FN:136,_RINvXso_CsiSf9IMQvBOQ_14common_structsNtB6_16EModeAssetConfigNtNtNtCs4XIbEUoEM0G_19multiversx_sc_codec6single6top_en9TopEncode24top_encode_or_handle_errINtNtNtCsg62Rc8qCHfL_13multiversx_sc7storage11storage_set16StorageSetOutputINtNtNtNtCs6CEo6COcrAJ_22multiversx_sc_scenario3api7impl_vh12vm_hooks_api10VMHooksApiNtNtB3I_9debug_api15DebugApiBackendEEINtNtNtNtB2x_13contract_base8wrappers10serializer21ExitCodecErrorHandlerB3D_EECs3apcajkO5ZX_5tests
FN:136,_RINvXso_CsiSf9IMQvBOQ_14common_structsNtB6_16EModeAssetConfigNtNtNtCs4XIbEUoEM0G_19multiversx_sc_codec6single6top_en9TopEncode24top_encode_or_handle_errQINtNtNtNtNtCsg62Rc8qCHfL_13multiversx_sc5types7managed5basic14managed_buffer13ManagedBufferINtNtNtNtCs6CEo6COcrAJ_22multiversx_sc_scenario3api7impl_vh12vm_hooks_api10VMHooksApiNtNtB3Z_9debug_api15DebugApiBackendEEINtNtNtNtB2C_13contract_base8wrappers10serializer21ExitCodecErrorHandlerB3U_EECs3apcajkO5ZX_5tests
FN:136,_RINvXsp_CsiSf9IMQvBOQ_14common_structsNtB6_16EModeAssetConfigNtNtNtCs4XIbEUoEM0G_19multiversx_sc_codec6single6top_de9TopDecode24top_decode_or_handle_errINtNtNtCsg62Rc8qCHfL_13multiversx_sc2io12arg_de_input14ArgDecodeInputINtNtNtNtCs6CEo6COcrAJ_22multiversx_sc_scenario3api7impl_vh12vm_hooks_api10VMHooksApiNtNtB3C_9debug_api15DebugApiBackendEEINtNtB2v_17arg_error_handler15ArgErrorHandlerB3x_EECs3apcajkO5ZX_5tests
FN:136,_RINvXsp_CsiSf9IMQvBOQ_14common_structsNtB6_16EModeAssetConfigNtNtNtCs4XIbEUoEM0G_19multiversx_sc_codec6single6top_de9TopDecode24top_decode_or_handle_errINtNtNtCsg62Rc8qCHfL_13multiversx_sc7storage11storage_get15StorageGetInputINtNtNtNtCs6CEo6COcrAJ_22multiversx_sc_scenario3api7impl_vh12vm_hooks_api10VMHooksApiNtNtB3H_9debug_api15DebugApiBackendEEINtB2t_22StorageGetErrorHandlerB3C_EECs3apcajkO5ZX_5tests
FN:127,_RINvXsw_CsiSf9IMQvBOQ_14common_structsINtB6_13EModeCategoryINtNtNtNtCs6CEo6COcrAJ_22multiversx_sc_scenario3api7impl_vh12vm_hooks_api10VMHooksApiNtNtB10_9debug_api15DebugApiBackendEENtNtNtCs4XIbEUoEM0G_19multiversx_sc_codec6single6top_en9TopEncode24top_encode_or_handle_errINtNtNtCsg62Rc8qCHfL_13multiversx_sc2io6finish16ApiOutputAdapterBV_EINtNtNtNtB4t_13contract_base8wrappers10serializer21ExitCodecErrorHandlerBV_EECs3apcajkO5ZX_5tests
FN:127,_RINvXsw_CsiSf9IMQvBOQ_14common_structsINtB6_13EModeCategoryINtNtNtNtCs6CEo6COcrAJ_22multiversx_sc_scenario3api7impl_vh12vm_hooks_api10VMHooksApiNtNtB10_9debug_api15DebugApiBackendEENtNtNtCs4XIbEUoEM0G_19multiversx_sc_codec6single6top_en9TopEncode24top_encode_or_handle_errINtNtNtCsg62Rc8qCHfL_13multiversx_sc7storage11storage_set16StorageSetOutputBV_EINtNtNtNtB4t_13contract_base8wrappers10serializer21ExitCodecErrorHandlerBV_EECs3apcajkO5ZX_5tests
FN:127,_RINvXsw_CsiSf9IMQvBOQ_14common_structsINtB6_13EModeCategoryINtNtNtNtCs6CEo6COcrAJ_22multiversx_sc_scenario3api7impl_vh12vm_hooks_api10VMHooksApiNtNtB10_9debug_api15DebugApiBackendEENtNtNtCs4XIbEUoEM0G_19multiversx_sc_codec6single6top_en9TopEncode24top_encode_or_handle_errQINtNtNtNtNtCsg62Rc8qCHfL_13multiversx_sc5types7managed5basic14managed_buffer13ManagedBufferBV_EINtNtNtNtB4y_13contract_base8wrappers10serializer21ExitCodecErrorHandlerBV_EECs3apcajkO5ZX_5tests
FN:127,_RINvXsx_CsiSf9IMQvBOQ_14common_structsINtB6_13EModeCategoryINtNtNtNtCs6CEo6COcrAJ_22multiversx_sc_scenario3api7impl_vh12vm_hooks_api10VMHooksApiNtNtB10_9debug_api15DebugApiBackendEENtNtNtCs4XIbEUoEM0G_19multiversx_sc_codec6single6top_de9TopDecode24top_decode_or_handle_errINtNtNtCsg62Rc8qCHfL_13multiversx_sc2io12arg_de_input14ArgDecodeInputBV_EINtNtB4r_17arg_error_handler15ArgErrorHandlerBV_EECs3apcajkO5ZX_5tests
FN:127,_RINvXsx_CsiSf9IMQvBOQ_14common_structsINtB6_13EModeCategoryINtNtNtNtCs6CEo6COcrAJ_22multiversx_sc_scenario3api7impl_vh12vm_hooks_api10VMHooksApiNtNtB10_9debug_api15DebugApiBackendEENtNtNtCs4XIbEUoEM0G_19multiversx_sc_codec6single6top_de9TopDecode24top_decode_or_handle_errINtNtNtCsg62Rc8qCHfL_13multiversx_sc7storage11storage_get15StorageGetInputBV_EINtB4p_22StorageGetErrorHandlerBV_EECs3apcajkO5ZX_5tests
FN:152,_RNCINvXs2_CsiSf9IMQvBOQ_14common_structsINtB8_25EgldOrEsdtTokenPaymentNewINtNtNtNtCs6CEo6COcrAJ_22multiversx_sc_scenario3api7impl_vh12vm_hooks_api10VMHooksApiNtNtB1e_9debug_api15DebugApiBackendEENtNtNtNtNtCsg62Rc8qCHfL_13multiversx_sc5types7managed7wrapped16managed_vec_item14ManagedVecItem16from_byte_readerNCNvMs2_NtB3b_11managed_vecINtB54_10ManagedVecB19_BC_E7try_get0E0Cs3apcajkO5ZX_5tests
FN:152,_RNCINvXs2_CsiSf9IMQvBOQ_14common_structsINtB8_25EgldOrEsdtTokenPaymentNewINtNtNtNtCs6CEo6COcrAJ_22multiversx_sc_scenario3api7impl_vh12vm_hooks_api10VMHooksApiNtNtB1e_9debug_api15DebugApiBackendEENtNtNtNtNtCsg62Rc8qCHfL_13multiversx_sc5types7managed7wrapped16managed_vec_item14ManagedVecItem16from_byte_readerNCNvMs2_NtB3b_11managed_vecINtB54_10ManagedVecB19_BC_E7try_get0Es0_0Cs3apcajkO5ZX_5tests
FN:152,_RNCINvXs2_CsiSf9IMQvBOQ_14common_structsINtB8_25EgldOrEsdtTokenPaymentNewINtNtNtNtCs6CEo6COcrAJ_22multiversx_sc_scenario3api7impl_vh12vm_hooks_api10VMHooksApiNtNtB1e_9debug_api15DebugApiBackendEENtNtNtNtNtCsg62Rc8qCHfL_13multiversx_sc5types7managed7wrapped16managed_vec_item14ManagedVecItem16from_byte_readerNCNvMs2_NtB3b_11managed_vecINtB54_10ManagedVecB19_BC_E7try_get0Es_0Cs3apcajkO5ZX_5tests
FN:152,_RNCINvXs2_CsiSf9IMQvBOQ_14common_structsINtB8_25EgldOrEsdtTokenPaymentNewINtNtNtNtCs6CEo6COcrAJ_22multiversx_sc_scenario3api7impl_vh12vm_hooks_api10VMHooksApiNtNtB1e_9debug_api15DebugApiBackendEENtNtNtNtNtCsg62Rc8qCHfL_13multiversx_sc5types7managed7wrapped16managed_vec_item14ManagedVecItem16into_byte_writeruNCNvMs2_NtB3b_11managed_vecINtB55_10ManagedVecB19_BC_E4push0E0Cs3apcajkO5ZX_5tests
FN:152,_RNCINvXs2_CsiSf9IMQvBOQ_14common_structsINtB8_25EgldOrEsdtTokenPaymentNewINtNtNtNtCs6CEo6COcrAJ_22multiversx_sc_scenario3api7impl_vh12vm_hooks_api10VMHooksApiNtNtB1e_9debug_api15DebugApiBackendEENtNtNtNtNtCsg62Rc8qCHfL_13multiversx_sc5types7managed7wrapped16managed_vec_item14ManagedVecItem16into_byte_writeruNCNvMs2_NtB3b_11managed_vecINtB55_10ManagedVecB19_BC_E4push0Es0_0Cs3apcajkO5ZX_5tests
FN:152,_RNCINvXs2_CsiSf9IMQvBOQ_14common_structsINtB8_25EgldOrEsdtTokenPaymentNewINtNtNtNtCs6CEo6COcrAJ_22multiversx_sc_scenario3api7impl_vh12vm_hooks_api10VMHooksApiNtNtB1e_9debug_api15DebugApiBackendEENtNtNtNtNtCsg62Rc8qCHfL_13multiversx_sc5types7managed7wrapped16managed_vec_item14ManagedVecItem16into_byte_writeruNCNvMs2_NtB3b_11managed_vecINtB55_10ManagedVecB19_BC_E4push0Es_0Cs3apcajkO5ZX_5tests
FN:41,_RNCINvXsL_CsiSf9IMQvBOQ_14common_structsINtB8_15AccountPositionINtNtNtNtCs6CEo6COcrAJ_22multiversx_sc_scenario3api7impl_vh12vm_hooks_api10VMHooksApiNtNtB14_9debug_api15DebugApiBackendEENtNtNtNtNtCsg62Rc8qCHfL_13multiversx_sc5types7managed7wrapped16managed_vec_item14ManagedVecItem16from_byte_readerNCNvMs2_NtB31_11managed_vecINtB4U_10ManagedVecBZ_BC_E7try_get0E0Cs3apcajkO5ZX_5tests
FN:41,_RNCINvXsL_CsiSf9IMQvBOQ_14common_structsINtB8_15AccountPositionINtNtNtNtCs6CEo6COcrAJ_22multiversx_sc_scenario3api7impl_vh12vm_hooks_api10VMHooksApiNtNtB14_9debug_api15DebugApiBackendEENtNtNtNtNtCsg62Rc8qCHfL_13multiversx_sc5types7managed7wrapped16managed_vec_item14ManagedVecItem16from_byte_readerNCNvMs2_NtB31_11managed_vecINtB4U_10ManagedVecBZ_BC_E7try_get0Es0_0Cs3apcajkO5ZX_5tests
FN:41,_RNCINvXsL_CsiSf9IMQvBOQ_14common_structsINtB8_15AccountPositionINtNtNtNtCs6CEo6COcrAJ_22multiversx_sc_scenario3api7impl_vh12vm_hooks_api10VMHooksApiNtNtB14_9debug_api15DebugApiBackendEENtNtNtNtNtCsg62Rc8qCHfL_13multiversx_sc5types7managed7wrapped16managed_vec_item14ManagedVecItem16from_byte_readerNCNvMs2_NtB31_11managed_vecINtB4U_10ManagedVecBZ_BC_E7try_get0Es1_0Cs3apcajkO5ZX_5tests
FN:41,_RNCINvXsL_CsiSf9IMQvBOQ_14common_structsINtB8_15AccountPositionINtNtNtNtCs6CEo6COcrAJ_22multiversx_sc_scenario3api7impl_vh12vm_hooks_api10VMHooksApiNtNtB14_9debug_api15DebugApiBackendEENtNtNtNtNtCsg62Rc8qCHfL_13multiversx_sc5types7managed7wrapped16managed_vec_item14ManagedVecItem16from_byte_readerNCNvMs2_NtB31_11managed_vecINtB4U_10ManagedVecBZ_BC_E7try_get0Es2_0Cs3apcajkO5ZX_5tests
FN:41,_RNCINvXsL_CsiSf9IMQvBOQ_14common_structsINtB8_15AccountPositionINtNtNtNtCs6CEo6COcrAJ_22multiversx_sc_scenario3api7impl_vh12vm_hooks_api10VMHooksApiNtNtB14_9debug_api15DebugApiBackendEENtNtNtNtNtCsg62Rc8qCHfL_13multiversx_sc5types7managed7wrapped16managed_vec_item14ManagedVecItem16from_byte_readerNCNvMs2_NtB31_11managed_vecINtB4U_10ManagedVecBZ_BC_E7try_get0Es3_0Cs3apcajkO5ZX_5tests
FN:41,_RNCINvXsL_CsiSf9IMQvBOQ_14common_structsINtB8_15AccountPositionINtNtNtNtCs6CEo6COcrAJ_22multiversx_sc_scenario3api7impl_vh12vm_hooks_api10VMHooksApiNtNtB14_9debug_api15DebugApiBackendEENtNtNtNtNtCsg62Rc8qCHfL_13multiversx_sc5types7managed7wrapped16managed_vec_item14ManagedVecItem16from_byte_readerNCNvMs2_NtB31_11managed_vecINtB4U_10ManagedVecBZ_BC_E7try_get0Es4_0Cs3apcajkO5ZX_5tests
FN:41,_RNCINvXsL_CsiSf9IMQvBOQ_14common_structsINtB8_15AccountPositionINtNtNtNtCs6CEo6COcrAJ_22multiversx_sc_scenario3api7impl_vh12vm_hooks_api10VMHooksApiNtNtB14_9debug_api15DebugApiBackendEENtNtNtNtNtCsg62Rc8qCHfL_13multiversx_sc5types7managed7wrapped16managed_vec_item14ManagedVecItem16from_byte_readerNCNvMs2_NtB31_11managed_vecINtB4U_10ManagedVecBZ_BC_E7try_get0Es5_0Cs3apcajkO5ZX_5tests
FN:41,_RNCINvXsL_CsiSf9IMQvBOQ_14common_structsINtB8_15AccountPositionINtNtNtNtCs6CEo6COcrAJ_22multiversx_sc_scenario3api7impl_vh12vm_hooks_api10VMHooksApiNtNtB14_9debug_api15DebugApiBackendEENtNtNtNtNtCsg62Rc8qCHfL_13multiversx_sc5types7managed7wrapped16managed_vec_item14ManagedVecItem16from_byte_readerNCNvMs2_NtB31_11managed_vecINtB4U_10ManagedVecBZ_BC_E7try_get0Es6_0Cs3apcajkO5ZX_5tests
FN:41,_RNCINvXsL_CsiSf9IMQvBOQ_14common_structsINtB8_15AccountPositionINtNtNtNtCs6CEo6COcrAJ_22multiversx_sc_scenario3api7impl_vh12vm_hooks_api10VMHooksApiNtNtB14_9debug_api15DebugApiBackendEENtNtNtNtNtCsg62Rc8qCHfL_13multiversx_sc5types7managed7wrapped16managed_vec_item14ManagedVecItem16from_byte_readerNCNvMs2_NtB31_11managed_vecINtB4U_10ManagedVecBZ_BC_E7try_get0Es7_0Cs3apcajkO5ZX_5tests
FN:41,_RNCINvXsL_CsiSf9IMQvBOQ_14common_structsINtB8_15AccountPositionINtNtNtNtCs6CEo6COcrAJ_22multiversx_sc_scenario3api7impl_vh12vm_hooks_api10VMHooksApiNtNtB14_9debug_api15DebugApiBackendEENtNtNtNtNtCsg62Rc8qCHfL_13multiversx_sc5types7managed7wrapped16managed_vec_item14ManagedVecItem16from_byte_readerNCNvMs2_NtB31_11managed_vecINtB4U_10ManagedVecBZ_BC_E7try_get0Es8_0Cs3apcajkO5ZX_5tests
FN:41,_RNCINvXsL_CsiSf9IMQvBOQ_14common_structsINtB8_15AccountPositionINtNtNtNtCs6CEo6COcrAJ_22multiversx_sc_scenario3api7impl_vh12vm_hooks_api10VMHooksApiNtNtB14_9debug_api15DebugApiBackendEENtNtNtNtNtCsg62Rc8qCHfL_13multiversx_sc5types7managed7wrapped16managed_vec_item14ManagedVecItem16from_byte_readerNCNvMs2_NtB31_11managed_vecINtB4U_10ManagedVecBZ_BC_E7try_get0Es_0Cs3apcajkO5ZX_5tests
FN:41,_RNCINvXsL_CsiSf9IMQvBOQ_14common_structsINtB8_15AccountPositionINtNtNtNtCs6CEo6COcrAJ_22multiversx_sc_scenario3api7impl_vh12vm_hooks_api10VMHooksApiNtNtB14_9debug_api15DebugApiBackendEENtNtNtNtNtCsg62Rc8qCHfL_13multiversx_sc5types7managed7wrapped16managed_vec_item14ManagedVecItem16from_byte_readerNCNvXs0_NtB31_22managed_vec_owned_iterINtB4U_23ManagedVecOwnedIteratorBZ_BC_ENtNtNtNtCslGS7pEIChKc_4core4iter6traits8iterator8Iterator4next0E0Cs3apcajkO5ZX_5tests
FN:41,_RNCINvXsL_CsiSf9IMQvBOQ_14common_structsINtB8_15AccountPositionINtNtNtNtCs6CEo6COcrAJ_22multiversx_sc_scenario3api7impl_vh12vm_hooks_api10VMHooksApiNtNtB14_9debug_api15DebugApiBackendEENtNtNtNtNtCsg62Rc8qCHfL_13multiversx_sc5types7managed7wrapped16managed_vec_item14ManagedVecItem16from_byte_readerNCNvXs0_NtB31_22managed_vec_owned_iterINtB4U_23ManagedVecOwnedIteratorBZ_BC_ENtNtNtNtCslGS7pEIChKc_4core4iter6traits8iterator8Iterator4next0Es0_0Cs3apcajkO5ZX_5tests
FN:41,_RNCINvXsL_CsiSf9IMQvBOQ_14common_structsINtB8_15AccountPositionINtNtNtNtCs6CEo6COcrAJ_22multiversx_sc_scenario3api7impl_vh12vm_hooks_api10VMHooksApiNtNtB14_9debug_api15DebugApiBackendEENtNtNtNtNtCsg62Rc8qCHfL_13multiversx_sc5types7managed7wrapped16managed_vec_item14ManagedVecItem16from_byte_readerNCNvXs0_NtB31_22managed_vec_owned_iterINtB4U_23ManagedVecOwnedIteratorBZ_BC_ENtNtNtNtCslGS7pEIChKc_4core4iter6traits8iterator8Iterator4next0Es1_0Cs3apcajkO5ZX_5tests
FN:41,_RNCINvXsL_CsiSf9IMQvBOQ_14common_structsINtB8_15AccountPositionINtNtNtNtCs6CEo6COcrAJ_22multiversx_sc_scenario3api7impl_vh12vm_hooks_api10VMHooksApiNtNtB14_9debug_api15DebugApiBackendEENtNtNtNtNtCsg62Rc8qCHfL_13multiversx_sc5types7managed7wrapped16managed_vec_item14ManagedVecItem16from_byte_readerNCNvXs0_NtB31_22managed_vec_owned_iterINtB4U_23ManagedVecOwnedIteratorBZ_BC_ENtNtNtNtCslGS7pEIChKc_4core4iter6traits8iterator8Iterator4next0Es2_0Cs3apcajkO5ZX_5tests
FN:41,_RNCINvXsL_CsiSf9IMQvBOQ_14common_structsINtB8_15AccountPositionINtNtNtNtCs6CEo6COcrAJ_22multiversx_sc_scenario3api7impl_vh12vm_hooks_api10VMHooksApiNtNtB14_9debug_api15DebugApiBackendEENtNtNtNtNtCsg62Rc8qCHfL_13multiversx_sc5types7managed7wrapped16managed_vec_item14ManagedVecItem16from_byte_readerNCNvXs0_NtB31_22managed_vec_owned_iterINtB4U_23ManagedVecOwnedIteratorBZ_BC_ENtNtNtNtCslGS7pEIChKc_4core4iter6traits8iterator8Iterator4next0Es3_0Cs3apcajkO5ZX_5tests
FN:41,_RNCINvXsL_CsiSf9IMQvBOQ_14common_structsINtB8_15AccountPositionINtNtNtNtCs6CEo6COcrAJ_22multiversx_sc_scenario3api7impl_vh12vm_hooks_api10VMHooksApiNtNtB14_9debug_api15DebugApiBackendEENtNtNtNtNtCsg62Rc8qCHfL_13multiversx_sc5types7managed7wrapped16managed_vec_item14ManagedVecItem16from_byte_readerNCNvXs0_NtB31_22managed_vec_owned_iterINtB4U_23ManagedVecOwnedIteratorBZ_BC_ENtNtNtNtCslGS7pEIChKc_4core4iter6traits8iterator8Iterator4next0Es4_0Cs3apcajkO5ZX_5tests
FN:41,_RNCINvXsL_CsiSf9IMQvBOQ_14common_structsINtB8_15AccountPositionINtNtNtNtCs6CEo6COcrAJ_22multiversx_sc_scenario3api7impl_vh12vm_hooks_api10VMHooksApiNtNtB14_9debug_api15DebugApiBackendEENtNtNtNtNtCsg62Rc8qCHfL_13multiversx_sc5types7managed7wrapped16managed_vec_item14ManagedVecItem16from_byte_readerNCNvXs0_NtB31_22managed_vec_owned_iterINtB4U_23ManagedVecOwnedIteratorBZ_BC_ENtNtNtNtCslGS7pEIChKc_4core4iter6traits8iterator8Iterator4next0Es5_0Cs3apcajkO5ZX_5tests
FN:41,_RNCINvXsL_CsiSf9IMQvBOQ_14common_structsINtB8_15AccountPositionINtNtNtNtCs6CEo6COcrAJ_22multiversx_sc_scenario3api7impl_vh12vm_hooks_api10VMHooksApiNtNtB14_9debug_api15DebugApiBackendEENtNtNtNtNtCsg62Rc8qCHfL_13multiversx_sc5types7managed7wrapped16managed_vec_item14ManagedVecItem16from_byte_readerNCNvXs0_NtB31_22managed_vec_owned_iterINtB4U_23ManagedVecOwnedIteratorBZ_BC_ENtNtNtNtCslGS7pEIChKc_4core4iter6traits8iterator8Iterator4next0Es6_0Cs3apcajkO5ZX_5tests
FN:41,_RNCINvXsL_CsiSf9IMQvBOQ_14common_structsINtB8_15AccountPositionINtNtNtNtCs6CEo6COcrAJ_22multiversx_sc_scenario3api7impl_vh12vm_hooks_api10VMHooksApiNtNtB14_9debug_api15DebugApiBackendEENtNtNtNtNtCsg62Rc8qCHfL_13multiversx_sc5types7managed7wrapped16managed_vec_item14ManagedVecItem16from_byte_readerNCNvXs0_NtB31_22managed_vec_owned_iterINtB4U_23ManagedVecOwnedIteratorBZ_BC_ENtNtNtNtCslGS7pEIChKc_4core4iter6traits8iterator8Iterator4next0Es7_0Cs3apcajkO5ZX_5tests
FN:41,_RNCINvXsL_CsiSf9IMQvBOQ_14common_structsINtB8_15AccountPositionINtNtNtNtCs6CEo6COcrAJ_22multiversx_sc_scenario3api7impl_vh12vm_hooks_api10VMHooksApiNtNtB14_9debug_api15DebugApiBackendEENtNtNtNtNtCsg62Rc8qCHfL_13multiversx_sc5types7managed7wrapped16managed_vec_item14ManagedVecItem16from_byte_readerNCNvXs0_NtB31_22managed_vec_owned_iterINtB4U_23ManagedVecOwnedIteratorBZ_BC_ENtNtNtNtCslGS7pEIChKc_4core4iter6traits8iterator8Iterator4next0Es8_0Cs3apcajkO5ZX_5tests
FN:41,_RNCINvXsL_CsiSf9IMQvBOQ_14common_structsINtB8_15AccountPositionINtNtNtNtCs6CEo6COcrAJ_22multiversx_sc_scenario3api7impl_vh12vm_hooks_api10VMHooksApiNtNtB14_9debug_api15DebugApiBackendEENtNtNtNtNtCsg62Rc8qCHfL_13multiversx_sc5types7managed7wrapped16managed_vec_item14ManagedVecItem16from_byte_readerNCNvXs0_NtB31_22managed_vec_owned_iterINtB4U_23ManagedVecOwnedIteratorBZ_BC_ENtNtNtNtCslGS7pEIChKc_4core4iter6traits8iterator8Iterator4next0Es_0Cs3apcajkO5ZX_5tests
FN:41,_RNCINvXsL_CsiSf9IMQvBOQ_14common_structsINtB8_15AccountPositionINtNtNtNtCs6CEo6COcrAJ_22multiversx_sc_scenario3api7impl_vh12vm_hooks_api10VMHooksApiNtNtB14_9debug_api15DebugApiBackendEENtNtNtNtNtCsg62Rc8qCHfL_13multiversx_sc5types7managed7wrapped16managed_vec_item14ManagedVecItem16into_byte_writeruNCNvMs2_NtB31_11managed_vecINtB4V_10ManagedVecBZ_BC_E4push0E0Cs3apcajkO5ZX_5tests
FN:41,_RNCINvXsL_CsiSf9IMQvBOQ_14common_structsINtB8_15AccountPositionINtNtNtNtCs6CEo6COcrAJ_22multiversx_sc_scenario3api7impl_vh12vm_hooks_api10VMHooksApiNtNtB14_9debug_api15DebugApiBackendEENtNtNtNtNtCsg62Rc8qCHfL_13multiversx_sc5types7managed7wrapped16managed_vec_item14ManagedVecItem16into_byte_writeruNCNvMs2_NtB31_11managed_vecINtB4V_10ManagedVecBZ_BC_E4push0Es0_0Cs3apcajkO5ZX_5tests
FN:41,_RNCINvXsL_CsiSf9IMQvBOQ_14common_structsINtB8_15AccountPositionINtNtNtNtCs6CEo6COcrAJ_22multiversx_sc_scenario3api7impl_vh12vm_hooks_api10VMHooksApiNtNtB14_9debug_api15DebugApiBackendEENtNtNtNtNtCsg62Rc8qCHfL_13multiversx_sc5types7managed7wrapped16managed_vec_item14ManagedVecItem16into_byte_writeruNCNvMs2_NtB31_11managed_vecINtB4V_10ManagedVecBZ_BC_E4push0Es1_0Cs3apcajkO5ZX_5tests
FN:41,_RNCINvXsL_CsiSf9IMQvBOQ_14common_structsINtB8_15AccountPositionINtNtNtNtCs6CEo6COcrAJ_22multiversx_sc_scenario3api7impl_vh12vm_hooks_api10VMHooksApiNtNtB14_9debug_api15DebugApiBackendEENtNtNtNtNtCsg62Rc8qCHfL_13multiversx_sc5types7managed7wrapped16managed_vec_item14ManagedVecItem16into_byte_writeruNCNvMs2_NtB31_11managed_vecINtB4V_10ManagedVecBZ_BC_E4push0Es2_0Cs3apcajkO5ZX_5tests
FN:41,_RNCINvXsL_CsiSf9IMQvBOQ_14common_structsINtB8_15AccountPositionINtNtNtNtCs6CEo6COcrAJ_22multiversx_sc_scenario3api7impl_vh12vm_hooks_api10VMHooksApiNtNtB14_9debug_api15DebugApiBackendEENtNtNtNtNtCsg62Rc8qCHfL_13multiversx_sc5types7managed7wrapped16managed_vec_item14ManagedVecItem16into_byte_writeruNCNvMs2_NtB31_11managed_vecINtB4V_10ManagedVecBZ_BC_E4push0Es3_0Cs3apcajkO5ZX_5tests
FN:41,_RNCINvXsL_CsiSf9IMQvBOQ_14common_structsINtB8_15AccountPositionINtNtNtNtCs6CEo6COcrAJ_22multiversx_sc_scenario3api7impl_vh12vm_hooks_api10VMHooksApiNtNtB14_9debug_api15DebugApiBackendEENtNtNtNtNtCsg62Rc8qCHfL_13multiversx_sc5types7managed7wrapped16managed_vec_item14ManagedVecItem16into_byte_writeruNCNvMs2_NtB31_11managed_vecINtB4V_10ManagedVecBZ_BC_E4push0Es4_0Cs3apcajkO5ZX_5tests
FN:41,_RNCINvXsL_CsiSf9IMQvBOQ_14common_structsINtB8_15AccountPositionINtNtNtNtCs6CEo6COcrAJ_22multiversx_sc_scenario3api7impl_vh12vm_hooks_api10VMHooksApiNtNtB14_9debug_api15DebugApiBackendEENtNtNtNtNtCsg62Rc8qCHfL_13multiversx_sc5types7managed7wrapped16managed_vec_item14ManagedVecItem16into_byte_writeruNCNvMs2_NtB31_11managed_vecINtB4V_10ManagedVecBZ_BC_E4push0Es5_0Cs3apcajkO5ZX_5tests
FN:41,_RNCINvXsL_CsiSf9IMQvBOQ_14common_structsINtB8_15AccountPositionINtNtNtNtCs6CEo6COcrAJ_22multiversx_sc_scenario3api7impl_vh12vm_hooks_api10VMHooksApiNtNtB14_9debug_api15DebugApiBackendEENtNtNtNtNtCsg62Rc8qCHfL_13multiversx_sc5types7managed7wrapped16managed_vec_item14ManagedVecItem16into_byte_writeruNCNvMs2_NtB31_11managed_vecINtB4V_10ManagedVecBZ_BC_E4push0Es6_0Cs3apcajkO5ZX_5tests
FN:41,_RNCINvXsL_CsiSf9IMQvBOQ_14common_structsINtB8_15AccountPositionINtNtNtNtCs6CEo6COcrAJ_22multiversx_sc_scenario3api7impl_vh12vm_hooks_api10VMHooksApiNtNtB14_9debug_api15DebugApiBackendEENtNtNtNtNtCsg62Rc8qCHfL_13multiversx_sc5types7managed7wrapped16managed_vec_item14ManagedVecItem16into_byte_writeruNCNvMs2_NtB31_11managed_vecINtB4V_10ManagedVecBZ_BC_E4push0Es7_0Cs3apcajkO5ZX_5tests
FN:41,_RNCINvXsL_CsiSf9IMQvBOQ_14common_structsINtB8_15AccountPositionINtNtNtNtCs6CEo6COcrAJ_22multiversx_sc_scenario3api7impl_vh12vm_hooks_api10VMHooksApiNtNtB14_9debug_api15DebugApiBackendEENtNtNtNtNtCsg62Rc8qCHfL_13multiversx_sc5types7managed7wrapped16managed_vec_item14ManagedVecItem16into_byte_writeruNCNvMs2_NtB31_11managed_vecINtB4V_10ManagedVecBZ_BC_E4push0Es8_0Cs3apcajkO5ZX_5tests
FN:41,_RNCINvXsL_CsiSf9IMQvBOQ_14common_structsINtB8_15AccountPositionINtNtNtNtCs6CEo6COcrAJ_22multiversx_sc_scenario3api7impl_vh12vm_hooks_api10VMHooksApiNtNtB14_9debug_api15DebugApiBackendEENtNtNtNtNtCsg62Rc8qCHfL_13multiversx_sc5types7managed7wrapped16managed_vec_item14ManagedVecItem16into_byte_writeruNCNvMs2_NtB31_11managed_vecINtB4V_10ManagedVecBZ_BC_E4push0Es_0Cs3apcajkO5ZX_5tests
FN:86,_RNvMCsiSf9IMQvBOQ_14common_structsINtB2_15AccountPositionINtNtNtNtCs6CEo6COcrAJ_22multiversx_sc_scenario3api7impl_vh12vm_hooks_api10VMHooksApiNtNtBY_9debug_api15DebugApiBackendEE16get_total_amountCs3apcajkO5ZX_5tests
FN:58,_RNvMCsiSf9IMQvBOQ_14common_structsINtB2_15AccountPositionINtNtNtNtCs6CEo6COcrAJ_22multiversx_sc_scenario3api7impl_vh12vm_hooks_api10VMHooksApiNtNtBY_9debug_api15DebugApiBackendEE3newCs3apcajkO5ZX_5tests
FNDA:0,_RINvXINICs1MOd8KiqkMK_14common_structss1b_0pEINtB6_10PoolParamspENtNtNtCs4XIbEUoEM0G_19multiversx_sc_codec6single6top_en9TopEncode24top_encode_or_handle_errppEB6_
FNDA:0,_RINvXINICs1MOd8KiqkMK_14common_structss1c_0pEINtB6_10PoolParamspENtNtNtCs4XIbEUoEM0G_19multiversx_sc_codec6single6top_de9TopDecode24top_decode_or_handle_errppEB6_
FNDA:0,_RNvXINICs1MOd8KiqkMK_14common_structss1a_0pEINtB5_10PoolParamspENtNtNtCsg62Rc8qCHfL_13multiversx_sc3abi8type_abi7TypeAbi9type_nameB5_
[...]
FN:145,_RNCNvYINtCs3J2n8UP23JZ_16price_aggregator11ContractObjINtNtNtNtCs6CEo6COcrAJ_22multiversx_sc_scenario3api7impl_vh12vm_hooks_api10VMHooksApiNtNtBV_9debug_api15DebugApiBackendEENtNtB7_5utils11UtilsModule16create_new_round0Cs3apcajkO5ZX_5tests
FN:107,_RNCNvYINtCs3J2n8UP23JZ_16price_aggregator11ContractObjINtNtNtNtCs6CEo6COcrAJ_22multiversx_sc_scenario3api7impl_vh12vm_hooks_api10VMHooksApiNtNtBV_9debug_api15DebugApiBackendEENtNtB7_5utils11UtilsModule16submit_unchecked0Cs3apcajkO5ZX_5tests
FNDA:0,_RNvYpNtNtCs8cDWStoUrTR_16price_aggregator5utils11UtilsModule17require_is_oracleB7_
FNDA:0,_RNvYpNtNtCs8cDWStoUrTR_16price_aggregator5utils11UtilsModule30require_valid_submission_countB7_
FNDA:0,_RNvYpNtNtCs8cDWStoUrTR_16price_aggregator5utils11UtilsModule16submit_uncheckedB7_
FNDA:0,_RNCNvYpNtNtCs8cDWStoUrTR_16price_aggregator5utils11UtilsModule16submit_unchecked0B9_
FNDA:0,_RNvYpNtNtCs8cDWStoUrTR_16price_aggregator5utils11UtilsModule34require_valid_submission_timestampB7_
FNDA:0,_RNvYpNtNtCs8cDWStoUrTR_16price_aggregator5utils11UtilsModule16create_new_roundB7_
FNDA:0,_RNCNvYpNtNtCs8cDWStoUrTR_16price_aggregator5utils11UtilsModule16create_new_round0B9_
FNDA:0,_RNvYpNtNtCs8cDWStoUrTR_16price_aggregator5utils11UtilsModule17clear_submissionsB7_
FNDA:0,_RNvYpNtNtCs8cDWStoUrTR_16price_aggregator5utils11UtilsModule14check_decimalsB7_
FNDA:0,_RNvYpNtNtCs8cDWStoUrTR_16price_aggregator5utils16EndpointWrappers4callB7_
FNDA:0,_RNvYpNtNtCs8cDWStoUrTR_16price_aggregator5utils16EndpointWrappers17callback_selectorB7_
FNDA:0,_RNvYpNtNtCs8cDWStoUrTR_16price_aggregator5utils16EndpointWrappers8callbackB7_
FNDA:0,_RNvXs1_NtCs8cDWStoUrTR_16price_aggregator5utilsNtB5_11AbiProviderNtNtNtCsg62Rc8qCHfL_13multiversx_sc13contract_base21contract_abi_provider19ContractAbiProvider3abi
FNDA:0,_RNvXININtCs8cDWStoUrTR_16price_aggregator5utilssd_0pEINtB5_11ContractObjpENtNtNtCsg62Rc8qCHfL_13multiversx_sc13contract_base17callable_contract16CallableContract4callB7_
FNDA:0,_RINvNtCs8cDWStoUrTR_16price_aggregator5utils12contract_objpEB4_
FNDA:0,_RINvXse_NtCs8cDWStoUrTR_16price_aggregator5utilsNtB6_15ContractBuilderNtNtNtCsg62Rc8qCHfL_13multiversx_sc13contract_base17callable_contract23CallableContractBuilder16new_contract_objpEB8_
FNDA:960,_RNvYINtCs3J2n8UP23JZ_16price_aggregator11ContractObjINtNtNtNtCs6CEo6COcrAJ_22multiversx_sc_scenario3api7impl_vh12vm_hooks_api10VMHooksApiNtNtBT_9debug_api15DebugApiBackendEENtNtB5_5utils11UtilsModule14check_decimalsCs3apcajkO5ZX_5tests
FNDA:960,_RNvYINtCs3J2n8UP23JZ_16price_aggregator11ContractObjINtNtNtNtCs6CEo6COcrAJ_22multiversx_sc_scenario3api7impl_vh12vm_hooks_api10VMHooksApiNtNtBT_9debug_api15DebugApiBackendEENtNtB5_5utils11UtilsModule16create_new_roundCs3apcajkO5ZX_5tests
FNDA:960,_RNvYINtCs3J2n8UP23JZ_16price_aggregator11ContractObjINtNtNtNtCs6CEo6COcrAJ_22multiversx_sc_scenario3api7impl_vh12vm_hooks_api10VMHooksApiNtNtBT_9debug_api15DebugApiBackendEENtNtB5_5utils11UtilsModule16submit_uncheckedCs3apcajkO5ZX_5tests
FNDA:240,_RNvYINtCs3J2n8UP23JZ_16price_aggregator11ContractObjINtNtNtNtCs6CEo6COcrAJ_22multiversx_sc_scenario3api7impl_vh12vm_hooks_api10VMHooksApiNtNtBT_9debug_api15DebugApiBackendEENtNtB5_5utils11UtilsModule17clear_submissionsCs3apcajkO5ZX_5tests
FNDA:960,_RNvYINtCs3J2n8UP23JZ_16price_aggregator11ContractObjINtNtNtNtCs6CEo6COcrAJ_22multiversx_sc_scenario3api7impl_vh12vm_hooks_api10VMHooksApiNtNtBT_9debug_api15DebugApiBackendEENtNtB5_5utils11UtilsModule17require_is_oracleCs3apcajkO5ZX_5tests
FNDA:30,_RNvYINtCs3J2n8UP23JZ_16price_aggregator11ContractObjINtNtNtNtCs6CEo6COcrAJ_22multiversx_sc_scenario3api7impl_vh12vm_hooks_api10VMHooksApiNtNtBT_9debug_api15DebugApiBackendEENtNtB5_5utils11UtilsModule30require_valid_submission_countCs3apcajkO5ZX_5tests
FNDA:960,_RNvYINtCs3J2n8UP23JZ_16price_aggregator11ContractObjINtNtNtNtCs6CEo6COcrAJ_22multiversx_sc_scenario3api7impl_vh12vm_hooks_api10VMHooksApiNtNtBT_9debug_api15DebugApiBackendEENtNtB5_5utils11UtilsModule34require_valid_submission_timestampCs3apcajkO5ZX_5tests
FNDA:0,_RNvYINtCs3J2n8UP23JZ_16price_aggregator11ContractObjINtNtNtNtCs6CEo6COcrAJ_22multiversx_sc_scenario3api7impl_vh12vm_hooks_api10VMHooksApiNtNtBT_9debug_api15DebugApiBackendEENtNtB5_5utils16EndpointWrappers17callback_selectorCs3apcajkO5ZX_5tests
FNDA:652,_RNvYINtCs3J2n8UP23JZ_16price_aggregator11ContractObjINtNtNtNtCs6CEo6COcrAJ_22multiversx_sc_scenario3api7impl_vh12vm_hooks_api10VMHooksApiNtNtBT_9debug_api15DebugApiBackendEENtNtB5_5utils16EndpointWrappers4callCs3apcajkO5ZX_5tests
FNDA:0,_RNvYINtCs3J2n8UP23JZ_16price_aggregator11ContractObjINtNtNtNtCs6CEo6COcrAJ_22multiversx_sc_scenario3api7impl_vh12vm_hooks_api10VMHooksApiNtNtBT_9debug_api15DebugApiBackendEENtNtB5_5utils16EndpointWrappers8callbackCs3apcajkO5ZX_5tests
FNDA:0,_RNCNvYINtCs3J2n8UP23JZ_16price_aggregator11ContractObjINtNtNtNtCs6CEo6COcrAJ_22multiversx_sc_scenario3api7impl_vh12vm_hooks_api10VMHooksApiNtNtBV_9debug_api15DebugApiBackendEENtNtB7_5utils11UtilsModule16create_new_round0Cs3apcajkO5ZX_5tests
FNDA:960,_RNCNvYINtCs3J2n8UP23JZ_16price_aggregator11ContractObjINtNtNtNtCs6CEo6COcrAJ_22multiversx_sc_scenario3api7impl_vh12vm_hooks_api10VMHooksApiNtNtBV_9debug_api15DebugApiBackendEENtNtB7_5utils11UtilsModule16submit_unchecked0Cs3apcajkO5ZX_5tests
FNF:10
FNH:9
DA:11,652
DA:18,960
DA:19,960
DA:20,960
DA:21,960
DA:22,960
DA:23,960
DA:26,30
DA:27,30
DA:28,30
DA:29,30
DA:30,30
DA:41,960
DA:42,960
DA:43,960
DA:44,960
DA:45,960
DA:46,960
DA:47,960
DA:48,960
DA:49,960
DA:50,960
DA:51,960
DA:52,960
DA:53,960
DA:54,960
DA:55,0
DA:56,960
DA:58,960
DA:59,960
DA:60,960
DA:61,240
DA:62,240
DA:63,240
DA:64,240
DA:66,720
DA:70,960
DA:71,0
DA:72,0
DA:73,0
DA:74,0
DA:75,0
DA:76,0
DA:77,0
DA:78,960
DA:80,960
DA:81,960
DA:82,960
DA:83,960
DA:84,960
DA:85,960
DA:86,960
DA:87,960
DA:88,960
DA:89,960
DA:90,960
DA:91,960
DA:92,960
DA:93,960
DA:94,960
DA:95,960
DA:96,0
DA:97,0
DA:98,0
DA:99,0
DA:100,0
DA:101,0
DA:102,0
DA:103,0
DA:105,960
DA:106,960
DA:107,960
DA:108,960
DA:109,960
DA:110,960
DA:113,960
DA:114,960
DA:115,960
DA:116,960
DA:117,960
DA:118,960
DA:119,960
DA:120,960
DA:121,960
DA:122,960
DA:131,960
DA:132,960
DA:133,960
DA:134,240
DA:135,240
DA:136,240
DA:137,240
DA:139,240
DA:140,960
DA:141,960
DA:142,960
DA:144,240
DA:145,240
DA:146,240
DA:147,240
DA:148,240
DA:149,240
DA:150,240
DA:151,240
DA:152,240
DA:153,240
DA:154,240
DA:155,240
DA:156,240
DA:157,240
DA:158,240
DA:159,240
DA:160,240
DA:161,240
DA:162,240
DA:163,720
DA:166,240
DA:167,240
DA:168,0
DA:169,240
DA:170,240
DA:171,240
DA:174,960
DA:175,960
DA:176,960
DA:177,960
DA:178,960
DA:179,960
BRF:0
BRH:0
LF:131
LH:113
end_of_record
SF:/Users/mihaieremia/GitHub/rs-lending/price-aggregator/src/views.rs
FN:17,_RNvYpNtNtCs8cDWStoUrTR_16price_aggregator5views11ViewsModule15make_price_feedB7_
FN:32,_RNvYpNtNtCs8cDWStoUrTR_16price_aggregator5views11ViewsModule17get_pair_decimalsB7_
FN:39,_RNvYpNtNtCs8cDWStoUrTR_16price_aggregator5views11ViewsModule17latest_round_dataB7_
FN:52,_RNvYpNtNtCs8cDWStoUrTR_16price_aggregator5views11ViewsModule17latest_price_feedB7_
FN:69,_RNvYpNtNtCs8cDWStoUrTR_16price_aggregator5views11ViewsModule26latest_price_feed_optionalB7_
FN:74,_RNvYpNtNtCs8cDWStoUrTR_16price_aggregator5views11ViewsModule11get_oraclesB7_
FN:9,_RNvYpNtNtCs8cDWStoUrTR_16price_aggregator5views16EndpointWrappers22call_get_pair_decimalsB7_
FN:9,_RNvYpNtNtCs8cDWStoUrTR_16price_aggregator5views16EndpointWrappers22call_latest_round_dataB7_
FN:9,_RNvYpNtNtCs8cDWStoUrTR_16price_aggregator5views16EndpointWrappers22call_latest_price_feedB7_
FN:9,_RNvYpNtNtCs8cDWStoUrTR_16price_aggregator5views16EndpointWrappers31call_latest_price_feed_optionalB7_
FN:9,_RNvYpNtNtCs8cDWStoUrTR_16price_aggregator5views16EndpointWrappers16call_get_oraclesB7_
FN:9,_RNvYpNtNtCs8cDWStoUrTR_16price_aggregator5views16EndpointWrappers4callB7_
FN:9,_RNvYpNtNtCs8cDWStoUrTR_16price_aggregator5views16EndpointWrappers17callback_selectorB7_
FN:9,_RNvYpNtNtCs8cDWStoUrTR_16price_aggregator5views16EndpointWrappers8callbackB7_
FN:9,_RNvXs1_NtCs8cDWStoUrTR_16price_aggregator5viewsNtB5_11AbiProviderNtNtNtCsg62Rc8qCHfL_13multiversx_sc13contract_base21contract_abi_provider19ContractAbiProvider3abi
FN:9,_RNvXININtCs8cDWStoUrTR_16price_aggregator5viewss9_0pEINtB5_11ContractObjpENtNtNtCsg62Rc8qCHfL_13multiversx_sc13contract_base17callable_contract16CallableContract4callB7_
FN:9,_RINvNtCs8cDWStoUrTR_16price_aggregator5views12contract_objpEB4_
FN:9,_RINvXsa_NtCs8cDWStoUrTR_16price_aggregator5viewsNtB6_15ContractBuilderNtNtNtCsg62Rc8qCHfL_13multiversx_sc13contract_base17callable_contract23CallableContractBuilder16new_contract_objpEB8_
FN:9,_RINvNtNtCs8cDWStoUrTR_16price_aggregator5views19___wasm__endpoints__17get_pair_decimalspEB6_
FN:9,_RINvNtNtCs8cDWStoUrTR_16price_aggregator5views19___wasm__endpoints__17latest_round_datapEB6_
FN:9,_RINvNtNtCs8cDWStoUrTR_16price_aggregator5views19___wasm__endpoints__17latest_price_feedpEB6_
FN:9,_RINvNtNtCs8cDWStoUrTR_16price_aggregator5views19___wasm__endpoints__26latest_price_feed_optionalpEB6_
FN:9,_RINvNtNtCs8cDWStoUrTR_16price_aggregator5views19___wasm__endpoints__11get_oraclespEB6_
FN:9,_RINvYpNtNtCs8cDWStoUrTR_16price_aggregator5views10ProxyTrait17get_pair_decimalsppEB8_
FN:9,_RNvYpNtNtCs8cDWStoUrTR_16price_aggregator5views10ProxyTrait17latest_round_dataB7_
FN:9,_RINvYpNtNtCs8cDWStoUrTR_16price_aggregator5views10ProxyTrait17latest_price_feedppEB8_
FN:9,_RINvYpNtNtCs8cDWStoUrTR_16price_aggregator5views10ProxyTrait26latest_price_feed_optionalppEB8_
FN:9,_RNvYpNtNtCs8cDWStoUrTR_16price_aggregator5views10ProxyTrait11get_oraclesB7_
FN:74,_RNvYINtCs3J2n8UP23JZ_16price_aggregator11ContractObjINtNtNtNtCs6CEo6COcrAJ_22multiversx_sc_scenario3api7impl_vh12vm_hooks_api10VMHooksApiNtNtBT_9debug_api15DebugApiBackendEENtNtB5_5views11ViewsModule11get_oraclesCs3apcajkO5ZX_5tests
FN:17,_RNvYINtCs3J2n8UP23JZ_16price_aggregator11ContractObjINtNtNtNtCs6CEo6COcrAJ_22multiversx_sc_scenario3api7impl_vh12vm_hooks_api10VMHooksApiNtNtBT_9debug_api15DebugApiBackendEENtNtB5_5views11ViewsModule15make_price_feedCs3apcajkO5ZX_5tests
FN:32,_RNvYINtCs3J2n8UP23JZ_16price_aggregator11ContractObjINtNtNtNtCs6CEo6COcrAJ_22multiversx_sc_scenario3api7impl_vh12vm_hooks_api10VMHooksApiNtNtBT_9debug_api15DebugApiBackendEENtNtB5_5views11ViewsModule17get_pair_decimalsCs3apcajkO5ZX_5tests
FN:52,_RNvYINtCs3J2n8UP23JZ_16price_aggregator11ContractObjINtNtNtNtCs6CEo6COcrAJ_22multiversx_sc_scenario3api7impl_vh12vm_hooks_api10VMHooksApiNtNtBT_9debug_api15DebugApiBackendEENtNtB5_5views11ViewsModule17latest_price_feedCs3apcajkO5ZX_5tests
FN:39,_RNvYINtCs3J2n8UP23JZ_16price_aggregator11ContractObjINtNtNtNtCs6CEo6COcrAJ_22multiversx_sc_scenario3api7impl_vh12vm_hooks_api10VMHooksApiNtNtBT_9debug_api15DebugApiBackendEENtNtB5_5views11ViewsModule17latest_round_dataCs3apcajkO5ZX_5tests
FN:69,_RNvYINtCs3J2n8UP23JZ_16price_aggregator11ContractObjINtNtNtNtCs6CEo6COcrAJ_22multiversx_sc_scenario3api7impl_vh12vm_hooks_api10VMHooksApiNtNtBT_9debug_api15DebugApiBackendEENtNtB5_5views11ViewsModule26latest_price_feed_optionalCs3apcajkO5ZX_5tests
FN:9,_RNvYINtCs3J2n8UP23JZ_16price_aggregator11ContractObjINtNtNtNtCs6CEo6COcrAJ_22multiversx_sc_scenario3api7impl_vh12vm_hooks_api10VMHooksApiNtNtBT_9debug_api15DebugApiBackendEENtNtB5_5views16EndpointWrappers16call_get_oraclesCs3apcajkO5ZX_5tests
FN:9,_RNvYINtCs3J2n8UP23JZ_16price_aggregator11ContractObjINtNtNtNtCs6CEo6COcrAJ_22multiversx_sc_scenario3api7impl_vh12vm_hooks_api10VMHooksApiNtNtBT_9debug_api15DebugApiBackendEENtNtB5_5views16EndpointWrappers17callback_selectorCs3apcajkO5ZX_5tests
FN:9,_RNvYINtCs3J2n8UP23JZ_16price_aggregator11ContractObjINtNtNtNtCs6CEo6COcrAJ_22multiversx_sc_scenario3api7impl_vh12vm_hooks_api10VMHooksApiNtNtBT_9debug_api15DebugApiBackendEENtNtB5_5views16EndpointWrappers22call_get_pair_decimalsCs3apcajkO5ZX_5tests
FN:9,_RNvYINtCs3J2n8UP23JZ_16price_aggregator11ContractObjINtNtNtNtCs6CEo6COcrAJ_22multiversx_sc_scenario3api7impl_vh12vm_hooks_api10VMHooksApiNtNtBT_9debug_api15DebugApiBackendEENtNtB5_5views16EndpointWrappers22call_latest_price_feedCs3apcajkO5ZX_5tests
FN:9,_RNvYINtCs3J2n8UP23JZ_16price_aggregator11ContractObjINtNtNtNtCs6CEo6COcrAJ_22multiversx_sc_scenario3api7impl_vh12vm_hooks_api10VMHooksApiNtNtBT_9debug_api15DebugApiBackendEENtNtB5_5views16EndpointWrappers22call_latest_round_dataCs3apcajkO5ZX_5tests
FN:9,_RNvYINtCs3J2n8UP23JZ_16price_aggregator11ContractObjINtNtNtNtCs6CEo6COcrAJ_22multiversx_sc_scenario3api7impl_vh12vm_hooks_api10VMHooksApiNtNtBT_9debug_api15DebugApiBackendEENtNtB5_5views16EndpointWrappers31call_latest_price_feed_optionalCs3apcajkO5ZX_5tests
FN:9,_RNvYINtCs3J2n8UP23JZ_16price_aggregator11ContractObjINtNtNtNtCs6CEo6COcrAJ_22multiversx_sc_scenario3api7impl_vh12vm_hooks_api10VMHooksApiNtNtBT_9debug_api15DebugApiBackendEENtNtB5_5views16EndpointWrappers4callCs3apcajkO5ZX_5tests
FN:9,_RNvYINtCs3J2n8UP23JZ_16price_aggregator11ContractObjINtNtNtNtCs6CEo6COcrAJ_22multiversx_sc_scenario3api7impl_vh12vm_hooks_api10VMHooksApiNtNtBT_9debug_api15DebugApiBackendEENtNtB5_5views16EndpointWrappers8callbackCs3apcajkO5ZX_5tests
FNDA:0,_RNvYpNtNtCs8cDWStoUrTR_16price_aggregator5views11ViewsModule15make_price_feedB7_
FNDA:0,_RNvYpNtNtCs8cDWStoUrTR_16price_aggregator5views11ViewsModule17get_pair_decimalsB7_
FNDA:0,_RNvYpNtNtCs8cDWStoUrTR_16price_aggregator5views11ViewsModule17latest_round_dataB7_
FNDA:0,_RNvYpNtNtCs8cDWStoUrTR_16price_aggregator5views11ViewsModule17latest_price_feedB7_
FNDA:0,_RNvYpNtNtCs8cDWStoUrTR_16price_aggregator5views11ViewsModule26latest_price_feed_optionalB7_
FNDA:0,_RNvYpNtNtCs8cDWStoUrTR_16price_aggregator5views11ViewsModule11get_oraclesB7_
FNDA:0,_RNvYpNtNtCs8cDWStoUrTR_16price_aggregator5views16EndpointWrappers22call_get_pair_decimalsB7_
FNDA:0,_RNvYpNtNtCs8cDWStoUrTR_16price_aggregator5views16EndpointWrappers22call_latest_round_dataB7_
FNDA:0,_RNvYpNtNtCs8cDWStoUrTR_16price_aggregator5views16EndpointWrappers22call_latest_price_feedB7_
FNDA:0,_RNvYpNtNtCs8cDWStoUrTR_16price_aggregator5views16EndpointWrappers31call_latest_price_feed_optionalB7_
FNDA:0,_RNvYpNtNtCs8cDWStoUrTR_16price_aggregator5views16EndpointWrappers16call_get_oraclesB7_
FNDA:0,_RNvYpNtNtCs8cDWStoUrTR_16price_aggregator5views16EndpointWrappers4callB7_
FNDA:0,_RNvYpNtNtCs8cDWStoUrTR_16price_aggregator5views16EndpointWrappers17callback_selectorB7_
FNDA:0,_RNvYpNtNtCs8cDWStoUrTR_16price_aggregator5views16EndpointWrappers8callbackB7_
FNDA:0,_RNvXs1_NtCs8cDWStoUrTR_16price_aggregator5viewsNtB5_11AbiProviderNtNtNtCsg62Rc8qCHfL_13multiversx_sc13contract_base21contract_abi_provider19ContractAbiProvider3abi
FNDA:0,_RNvXININtCs8cDWStoUrTR_16price_aggregator5viewss9_0pEINtB5_11ContractObjpENtNtNtCsg62Rc8qCHfL_13multiversx_sc13contract_base17callable_contract16CallableContract4callB7_
FNDA:0,_RINvNtCs8cDWStoUrTR_16price_aggregator5views12contract_objpEB4_
FNDA:0,_RINvXsa_NtCs8cDWStoUrTR_16price_aggregator5viewsNtB6_15ContractBuilderNtNtNtCsg62Rc8qCHfL_13multiversx_sc13contract_base17callable_contract23CallableContractBuilder16new_contract_objpEB8_
FNDA:0,_RINvNtNtCs8cDWStoUrTR_16price_aggregator5views19___wasm__endpoints__17get_pair_decimalspEB6_
FNDA:0,_RINvNtNtCs8cDWStoUrTR_16price_aggregator5views19___wasm__endpoints__17latest_round_datapEB6_
FNDA:0,_RINvNtNtCs8cDWStoUrTR_16price_aggregator5views19___wasm__endpoints__17latest_price_feedpEB6_
FNDA:0,_RINvNtNtCs8cDWStoUrTR_16price_aggregator5views19___wasm__endpoints__26latest_price_feed_optionalpEB6_
FNDA:0,_RINvNtNtCs8cDWStoUrTR_16price_aggregator5views19___wasm__endpoints__11get_oraclespEB6_
FNDA:0,_RINvYpNtNtCs8cDWStoUrTR_16price_aggregator5views10ProxyTrait17get_pair_decimalsppEB8_
FNDA:0,_RNvYpNtNtCs8cDWStoUrTR_16price_aggregator5views10ProxyTrait17latest_round_dataB7_
FNDA:0,_RINvYpNtNtCs8cDWStoUrTR_16price_aggregator5views10ProxyTrait17latest_price_feedppEB8_
FNDA:0,_RINvYpNtNtCs8cDWStoUrTR_16price_aggregator5views10ProxyTrait26latest_price_feed_optionalppEB8_
FNDA:0,_RNvYpNtNtCs8cDWStoUrTR_16price_aggregator5views10ProxyTrait11get_oraclesB7_
FNDA:0,_RNvYINtCs3J2n8UP23JZ_16price_aggregator11ContractObjINtNtNtNtCs6CEo6COcrAJ_22multiversx_sc_scenario3api7impl_vh12vm_hooks_api10VMHooksApiNtNtBT_9debug_api15DebugApiBackendEENtNtB5_5views11ViewsModule11get_oraclesCs3apcajkO5ZX_5tests
FNDA:382,_RNvYINtCs3J2n8UP23JZ_16price_aggregator11ContractObjINtNtNtNtCs6CEo6COcrAJ_22multiversx_sc_scenario3api7impl_vh12vm_hooks_api10VMHooksApiNtNtBT_9debug_api15DebugApiBackendEENtNtB5_5views11ViewsModule15make_price_feedCs3apcajkO5ZX_5tests
FNDA:960,_RNvYINtCs3J2n8UP23JZ_16price_aggregator11ContractObjINtNtNtNtCs6CEo6COcrAJ_22multiversx_sc_scenario3api7impl_vh12vm_hooks_api10VMHooksApiNtNtBT_9debug_api15DebugApiBackendEENtNtB5_5views11ViewsModule17get_pair_decimalsCs3apcajkO5ZX_5tests
FNDA:382,_RNvYINtCs3J2n8UP23JZ_16price_aggregator11ContractObjINtNtNtNtCs6CEo6COcrAJ_22multiversx_sc_scenario3api7impl_vh12vm_hooks_api10VMHooksApiNtNtBT_9debug_api15DebugApiBackendEENtNtB5_5views11ViewsModule17latest_price_feedCs3apcajkO5ZX_5tests
FNDA:0,_RNvYINtCs3J2n8UP23JZ_16price_aggregator11ContractObjINtNtNtNtCs6CEo6COcrAJ_22multiversx_sc_scenario3api7impl_vh12vm_hooks_api10VMHooksApiNtNtBT_9debug_api15DebugApiBackendEENtNtB5_5views11ViewsModule17latest_round_dataCs3apcajkO5ZX_5tests
FNDA:0,_RNvYINtCs3J2n8UP23JZ_16price_aggregator11ContractObjINtNtNtNtCs6CEo6COcrAJ_22multiversx_sc_scenario3api7impl_vh12vm_hooks_api10VMHooksApiNtNtBT_9debug_api15DebugApiBackendEENtNtB5_5views11ViewsModule26latest_price_feed_optionalCs3apcajkO5ZX_5tests
FNDA:0,_RNvYINtCs3J2n8UP23JZ_16price_aggregator11ContractObjINtNtNtNtCs6CEo6COcrAJ_22multiversx_sc_scenario3api7impl_vh12vm_hooks_api10VMHooksApiNtNtBT_9debug_api15DebugApiBackendEENtNtB5_5views16EndpointWrappers16call_get_oraclesCs3apcajkO5ZX_5tests
FNDA:0,_RNvYINtCs3J2n8UP23JZ_16price_aggregator11ContractObjINtNtNtNtCs6CEo6COcrAJ_22multiversx_sc_scenario3api7impl_vh12vm_hooks_api10VMHooksApiNtNtBT_9debug_api15DebugApiBackendEENtNtB5_5views16EndpointWrappers17callback_selectorCs3apcajkO5ZX_5tests
FNDA:0,_RNvYINtCs3J2n8UP23JZ_16price_aggregator11ContractObjINtNtNtNtCs6CEo6COcrAJ_22multiversx_sc_scenario3api7impl_vh12vm_hooks_api10VMHooksApiNtNtBT_9debug_api15DebugApiBackendEENtNtB5_5views16EndpointWrappers22call_get_pair_decimalsCs3apcajkO5ZX_5tests
FNDA:382,_RNvYINtCs3J2n8UP23JZ_16price_aggregator11ContractObjINtNtNtNtCs6CEo6COcrAJ_22multiversx_sc_scenario3api7impl_vh12vm_hooks_api10VMHooksApiNtNtBT_9debug_api15DebugApiBackendEENtNtB5_5views16EndpointWrappers22call_latest_price_feedCs3apcajkO5ZX_5tests
FNDA:0,_RNvYINtCs3J2n8UP23JZ_16price_aggregator11ContractObjINtNtNtNtCs6CEo6COcrAJ_22multiversx_sc_scenario3api7impl_vh12vm_hooks_api10VMHooksApiNtNtBT_9debug_api15DebugApiBackendEENtNtB5_5views16EndpointWrappers22call_latest_round_dataCs3apcajkO5ZX_5tests
FNDA:0,_RNvYINtCs3J2n8UP23JZ_16price_aggregator11ContractObjINtNtNtNtCs6CEo6COcrAJ_22multiversx_sc_scenario3api7impl_vh12vm_hooks_api10VMHooksApiNtNtBT_9debug_api15DebugApiBackendEENtNtB5_5views16EndpointWrappers31call_latest_price_feed_optionalCs3apcajkO5ZX_5tests
FNDA:922,_RNvYINtCs3J2n8UP23JZ_16price_aggregator11ContractObjINtNtNtNtCs6CEo6COcrAJ_22multiversx_sc_scenario3api7impl_vh12vm_hooks_api10VMHooksApiNtNtBT_9debug_api15DebugApiBackendEENtNtB5_5views16EndpointWrappers4callCs3apcajkO5ZX_5tests
FNDA:0,_RNvYINtCs3J2n8UP23JZ_16price_aggregator11ContractObjINtNtNtNtCs6CEo6COcrAJ_22multiversx_sc_scenario3api7impl_vh12vm_hooks_api10VMHooksApiNtNtBT_9debug_api15DebugApiBackendEENtNtB5_5views16EndpointWrappers8callbackCs3apcajkO5ZX_5tests
FNF:7
FNH:4
DA:9,922
DA:17,382
DA:18,382
DA:19,382
DA:20,382
DA:21,382
DA:22,382
DA:23,382
DA:24,382
DA:25,382
DA:26,382
DA:27,382
DA:28,382
DA:32,960
DA:33,960
DA:34,960
DA:35,960
DA:39,0
DA:40,0
DA:41,0
DA:43,0
DA:44,0
DA:45,0
DA:46,0
DA:48,0
DA:52,382
DA:53,382
DA:55,382
DA:56,382
DA:57,382
DA:58,382
DA:59,382
DA:60,382
DA:61,382
DA:69,0
DA:70,0
DA:74,0
DA:75,0
DA:76,0
DA:77,0
DA:78,0
DA:79,0
BRF:0
BRH:0
LF:42
LH:26
end_of_record