SF:/Users/mihaieremia/GitHub/rs-lending/aggregator_mock/meta/src/main.rs
FN:1,_RNvCsfOpQbRGYYs8_20aggregator_mock_meta4main
FNDA:0,_RNvCsfOpQbRGYYs8_20aggregator_mock_meta4main
FNF:1
FNH:0
DA:1,0
DA:2,0
DA:3,0
BRF:0
BRH:0
LF:3
LH:0
end_of_record
SF:/Users/mihaieremia/GitHub/rs-lending/aggregator_mock/src/lib.rs
FN:30,_RNvYpNtCs8RoQnwbK1o7_15aggregator_mock19PriceAggregatorMock26latest_price_feed_optionalB5_
FN:40,_RNvYpNtCs8RoQnwbK1o7_15aggregator_mock19PriceAggregatorMock20get_price_or_defaultB5_
FN:49,_RNvYpNtCs8RoQnwbK1o7_15aggregator_mock19PriceAggregatorMock21set_latest_price_feedB5_
FN:20,_RNvXINICs8RoQnwbK1o7_15aggregator_mock0pEpNtB5_19PriceAggregatorMock17latest_price_feedB5_
FN:20,_RNvYpNtCs8RoQnwbK1o7_15aggregator_mock16EndpointWrappers9call_initB5_
FN:20,_RNvYpNtCs8RoQnwbK1o7_15aggregator_mock16EndpointWrappers31call_latest_price_feed_optionalB5_
FN:20,_RNvYpNtCs8RoQnwbK1o7_15aggregator_mock16EndpointWrappers26call_set_latest_price_feedB5_
FN:20,_RNvYpNtCs8RoQnwbK1o7_15aggregator_mock16EndpointWrappers4callB5_
FN:20,_RNvYpNtCs8RoQnwbK1o7_15aggregator_mock16EndpointWrappers17callback_selectorB5_
FN:20,_RNvYpNtCs8RoQnwbK1o7_15aggregator_mock16EndpointWrappers8callbackB5_
FN:20,_RNvXs1_Cs8RoQnwbK1o7_15aggregator_mockNtB5_11AbiProviderNtNtNtCsuR9Stiu5fw_13multiversx_sc13contract_base21contract_abi_provider19ContractAbiProvider3abi
FN:20,_RNvXINICs8RoQnwbK1o7_15aggregator_mocks5_0pEINtB5_11ContractObjpENtNtNtCsuR9Stiu5fw_13multiversx_sc13contract_base17callable_contract16CallableContract4callB5_
FN:20,_RINvCs8RoQnwbK1o7_15aggregator_mock12contract_objpEB2_
FN:20,_RINvXs6_Cs8RoQnwbK1o7_15aggregator_mockNtB6_15ContractBuilderNtNtNtCsuR9Stiu5fw_13multiversx_sc13contract_base17callable_contract23CallableContractBuilder16new_contract_objpEB6_
FN:20,_RINvNtCs8RoQnwbK1o7_15aggregator_mock19___wasm__endpoints__4initpEB4_
FN:20,_RINvNtCs8RoQnwbK1o7_15aggregator_mock19___wasm__endpoints__26latest_price_feed_optionalpEB4_
FN:20,_RINvNtCs8RoQnwbK1o7_15aggregator_mock19___wasm__endpoints__21set_latest_price_feedpEB4_
FN:20,_RINvNtCs8RoQnwbK1o7_15aggregator_mock19___wasm__endpoints__8callBackpEB4_
FN:20,_RNvYpNtCs8RoQnwbK1o7_15aggregator_mock10ProxyTrait4initB5_
FN:20,_RINvYpNtCs8RoQnwbK1o7_15aggregator_mock10ProxyTrait26latest_price_feed_optionalppEB6_
FN:20,_RINvYpNtCs8RoQnwbK1o7_15aggregator_mock10ProxyTrait21set_latest_price_feedpppEB6_
FN:20,_RNvXINICs8RoQnwbK1o7_15aggregator_mocks7_0pEINtB5_5ProxypENtNtNtCsuR9Stiu5fw_13multiversx_sc13contract_base14proxy_obj_base12ProxyObjBase19extract_opt_addressB5_
FN:20,_RNvXINICs8RoQnwbK1o7_15aggregator_mocks7_0pEINtB5_5ProxypENtNtNtCsuR9Stiu5fw_13multiversx_sc13contract_base14proxy_obj_base12ProxyObjBase16extract_proxy_toB5_
FN:20,_RNvXINICs8RoQnwbK1o7_15aggregator_mocks8_0pEINtB5_5ProxypENtNtNtCsuR9Stiu5fw_13multiversx_sc13contract_base14proxy_obj_base11ProxyObjNew13new_proxy_objB5_
FN:20,_RNvXINICs8RoQnwbK1o7_15aggregator_mocks8_0pEINtB5_5ProxypENtNtNtCsuR9Stiu5fw_13multiversx_sc13contract_base14proxy_obj_base11ProxyObjNew8contractB5_
FN:20,_RNvXINICs8RoQnwbK1o7_15aggregator_mocks9_0pEINtB5_7ProxyTopENtNtNtCsuR9Stiu5fw_13multiversx_sc13contract_base14proxy_obj_base12ProxyObjBase19extract_opt_addressB5_
FN:20,_RNvXINICs8RoQnwbK1o7_15aggregator_mocks9_0pEINtB5_7ProxyTopENtNtNtCsuR9Stiu5fw_13multiversx_sc13contract_base14proxy_obj_base12ProxyObjBase15extract_addressB5_
FN:20,_RNvXINICs8RoQnwbK1o7_15aggregator_mocks9_0pEINtB5_7ProxyTopENtNtNtCsuR9Stiu5fw_13multiversx_sc13contract_base14proxy_obj_base12ProxyObjBase16extract_proxy_toB5_
FN:20,_RINvCscat5uYUU178_15aggregator_mock12contract_objINtNtNtNtCsgHl0N9pM6oi_22multiversx_sc_scenario3api7impl_vh12vm_hooks_api10VMHooksApiNtNtBQ_9debug_api15DebugApiBackendEECs1ITXUF1EVYe_10rust_tests
FN:20,_RNvXCscat5uYUU178_15aggregator_mockINtB2_11ContractObjINtNtNtNtCsgHl0N9pM6oi_22multiversx_sc_scenario3api7impl_vh12vm_hooks_api10VMHooksApiNtNtBV_9debug_api15DebugApiBackendEENtB2_19PriceAggregatorMock17latest_price_feedCs1ITXUF1EVYe_10rust_tests
FN:20,_RNvXs5_Cscat5uYUU178_15aggregator_mockINtB5_11ContractObjINtNtNtNtCsgHl0N9pM6oi_22multiversx_sc_scenario3api7impl_vh12vm_hooks_api10VMHooksApiNtNtBY_9debug_api15DebugApiBackendEENtNtNtCsuR9Stiu5fw_13multiversx_sc13contract_base17callable_contract16CallableContract4callCs1ITXUF1EVYe_10rust_tests
FN:20,_RNvYINtCscat5uYUU178_15aggregator_mock11ContractObjINtNtNtNtCsgHl0N9pM6oi_22multiversx_sc_scenario3api7impl_vh12vm_hooks_api10VMHooksApiNtNtBS_9debug_api15DebugApiBackendEENtB5_16EndpointWrappers26call_set_latest_price_feedCs1ITXUF1EVYe_10rust_tests
FN:20,_RNvYINtCscat5uYUU178_15aggregator_mock11ContractObjINtNtNtNtCsgHl0N9pM6oi_22multiversx_sc_scenario3api7impl_vh12vm_hooks_api10VMHooksApiNtNtBS_9debug_api15DebugApiBackendEENtB5_16EndpointWrappers31call_latest_price_feed_optionalCs1ITXUF1EVYe_10rust_tests
FN:20,_RNvYINtCscat5uYUU178_15aggregator_mock11ContractObjINtNtNtNtCsgHl0N9pM6oi_22multiversx_sc_scenario3api7impl_vh12vm_hooks_api10VMHooksApiNtNtBS_9debug_api15DebugApiBackendEENtB5_16EndpointWrappers4callCs1ITXUF1EVYe_10rust_tests
FN:20,_RNvYINtCscat5uYUU178_15aggregator_mock11ContractObjINtNtNtNtCsgHl0N9pM6oi_22multiversx_sc_scenario3api7impl_vh12vm_hooks_api10VMHooksApiNtNtBS_9debug_api15DebugApiBackendEENtB5_16EndpointWrappers8callbackCs1ITXUF1EVYe_10rust_tests
FN:20,_RNvYINtCscat5uYUU178_15aggregator_mock11ContractObjINtNtNtNtCsgHl0N9pM6oi_22multiversx_sc_scenario3api7impl_vh12vm_hooks_api10VMHooksApiNtNtBS_9debug_api15DebugApiBackendEENtB5_16EndpointWrappers9call_initCs1ITXUF1EVYe_10rust_tests
FN:40,_RNvYINtCscat5uYUU178_15aggregator_mock11ContractObjINtNtNtNtCsgHl0N9pM6oi_22multiversx_sc_scenario3api7impl_vh12vm_hooks_api10VMHooksApiNtNtBS_9debug_api15DebugApiBackendEENtB5_19PriceAggregatorMock20get_price_or_defaultCs1ITXUF1EVYe_10rust_tests
FN:49,_RNvYINtCscat5uYUU178_15aggregator_mock11ContractObjINtNtNtNtCsgHl0N9pM6oi_22multiversx_sc_scenario3api7impl_vh12vm_hooks_api10VMHooksApiNtNtBS_9debug_api15DebugApiBackendEENtB5_19PriceAggregatorMock21set_latest_price_feedCs1ITXUF1EVYe_10rust_tests
FN:30,_RNvYINtCscat5uYUU178_15aggregator_mock11ContractObjINtNtNtNtCsgHl0N9pM6oi_22multiversx_sc_scenario3api7impl_vh12vm_hooks_api10VMHooksApiNtNtBS_9debug_api15DebugApiBackendEENtB5_19PriceAggregatorMock26latest_price_feed_optionalCs1ITXUF1EVYe_10rust_tests
FNDA:0,_RNvYpNtCs8RoQnwbK1o7_15aggregator_mock19PriceAggregatorMock26latest_price_feed_optionalB5_
FNDA:0,_RNvYpNtCs8RoQnwbK1o7_15aggregator_mock19PriceAggregatorMock20get_price_or_defaultB5_
FNDA:0,_RNvYpNtCs8RoQnwbK1o7_15aggregator_mock19PriceAggregatorMock21set_latest_price_feedB5_
FNDA:0,_RNvXINICs8RoQnwbK1o7_15aggregator_mock0pEpNtB5_19PriceAggregatorMock17latest_price_feedB5_
FNDA:0,_RNvYpNtCs8RoQnwbK1o7_15aggregator_mock16EndpointWrappers9call_initB5_
FNDA:0,_RNvYpNtCs8RoQnwbK1o7_15aggregator_mock16EndpointWrappers31call_latest_price_feed_optionalB5_
FNDA:0,_RNvYpNtCs8RoQnwbK1o7_15aggregator_mock16EndpointWrappers26call_set_latest_price_feedB5_
FNDA:0,_RNvYpNtCs8RoQnwbK1o7_15aggregator_mock16EndpointWrappers4callB5_
FNDA:0,_RNvYpNtCs8RoQnwbK1o7_15aggregator_mock16EndpointWrappers17callback_selectorB5_
FNDA:0,_RNvYpNtCs8RoQnwbK1o7_15aggregator_mock16EndpointWrappers8callbackB5_
FNDA:0,_RNvXs1_Cs8RoQnwbK1o7_15aggregator_mockNtB5_11AbiProviderNtNtNtCsuR9Stiu5fw_13multiversx_sc13contract_base21contract_abi_provider19ContractAbiProvider3abi
FNDA:0,_RNvXINICs8RoQnwbK1o7_15aggregator_mocks5_0pEINtB5_11ContractObjpENtNtNtCsuR9Stiu5fw_13multiversx_sc13contract_base17callable_contract16CallableContract4callB5_
FNDA:0,_RINvCs8RoQnwbK1o7_15aggregator_mock12contract_objpEB2_
FNDA:0,_RINvXs6_Cs8RoQnwbK1o7_15aggregator_mockNtB6_15ContractBuilderNtNtNtCsuR9Stiu5fw_13multiversx_sc13contract_base17callable_contract23CallableContractBuilder16new_contract_objpEB6_
FNDA:0,_RINvNtCs8RoQnwbK1o7_15aggregator_mock19___wasm__endpoints__4initpEB4_
FNDA:0,_RINvNtCs8RoQnwbK1o7_15aggregator_mock19___wasm__endpoints__26latest_price_feed_optionalpEB4_
FNDA:0,_RINvNtCs8RoQnwbK1o7_15aggregator_mock19___wasm__endpoints__21set_latest_price_feedpEB4_
FNDA:0,_RINvNtCs8RoQnwbK1o7_15aggregator_mock19___wasm__endpoints__8callBackpEB4_
FNDA:0,_RNvYpNtCs8RoQnwbK1o7_15aggregator_mock10ProxyTrait4initB5_
FNDA:0,_RINvYpNtCs8RoQnwbK1o7_15aggregator_mock10ProxyTrait26latest_price_feed_optionalppEB6_
FNDA:0,_RINvYpNtCs8RoQnwbK1o7_15aggregator_mock10ProxyTrait21set_latest_price_feedpppEB6_
FNDA:0,_RNvXINICs8RoQnwbK1o7_15aggregator_mocks7_0pEINtB5_5ProxypENtNtNtCsuR9Stiu5fw_13multiversx_sc13contract_base14proxy_obj_base12ProxyObjBase19extract_opt_addressB5_
FNDA:0,_RNvXINICs8RoQnwbK1o7_15aggregator_mocks7_0pEINtB5_5ProxypENtNtNtCsuR9Stiu5fw_13multiversx_sc13contract_base14proxy_obj_base12ProxyObjBase16extract_proxy_toB5_
FNDA:0,_RNvXINICs8RoQnwbK1o7_15aggregator_mocks8_0pEINtB5_5ProxypENtNtNtCsuR9Stiu5fw_13multiversx_sc13contract_base14proxy_obj_base11ProxyObjNew13new_proxy_objB5_
FNDA:0,_RNvXINICs8RoQnwbK1o7_15aggregator_mocks8_0pEINtB5_5ProxypENtNtNtCsuR9Stiu5fw_13multiversx_sc13contract_base14proxy_obj_base11ProxyObjNew8contractB5_
FNDA:0,_RNvXINICs8RoQnwbK1o7_15aggregator_mocks9_0pEINtB5_7ProxyTopENtNtNtCsuR9Stiu5fw_13multiversx_sc13contract_base14proxy_obj_base12ProxyObjBase19extract_opt_addressB5_
FNDA:0,_RNvXINICs8RoQnwbK1o7_15aggregator_mocks9_0pEINtB5_7ProxyTopENtNtNtCsuR9Stiu5fw_13multiversx_sc13contract_base14proxy_obj_base12ProxyObjBase15extract_addressB5_
FNDA:0,_RNvXINICs8RoQnwbK1o7_15aggregator_mocks9_0pEINtB5_7ProxyTopENtNtNtCsuR9Stiu5fw_13multiversx_sc13contract_base14proxy_obj_base12ProxyObjBase16extract_proxy_toB5_
FNDA:24,_RINvCscat5uYUU178_15aggregator_mock12contract_objINtNtNtNtCsgHl0N9pM6oi_22multiversx_sc_scenario3api7impl_vh12vm_hooks_api10VMHooksApiNtNtBQ_9debug_api15DebugApiBackendEECs1ITXUF1EVYe_10rust_tests
FNDA:32,_RNvXCscat5uYUU178_15aggregator_mockINtB2_11ContractObjINtNtNtNtCsgHl0N9pM6oi_22multiversx_sc_scenario3api7impl_vh12vm_hooks_api10VMHooksApiNtNtBV_9debug_api15DebugApiBackendEENtB2_19PriceAggregatorMock17latest_price_feedCs1ITXUF1EVYe_10rust_tests
FNDA:0,_RNvXs5_Cscat5uYUU178_15aggregator_mockINtB5_11ContractObjINtNtNtNtCsgHl0N9pM6oi_22multiversx_sc_scenario3api7impl_vh12vm_hooks_api10VMHooksApiNtNtBY_9debug_api15DebugApiBackendEENtNtNtCsuR9Stiu5fw_13multiversx_sc13contract_base17callable_contract16CallableContract4callCs1ITXUF1EVYe_10rust_tests
FNDA:0,_RNvYINtCscat5uYUU178_15aggregator_mock11ContractObjINtNtNtNtCsgHl0N9pM6oi_22multiversx_sc_scenario3api7impl_vh12vm_hooks_api10VMHooksApiNtNtBS_9debug_api15DebugApiBackendEENtB5_16EndpointWrappers26call_set_latest_price_feedCs1ITXUF1EVYe_10rust_tests
FNDA:0,_RNvYINtCscat5uYUU178_15aggregator_mock11ContractObjINtNtNtNtCsgHl0N9pM6oi_22multiversx_sc_scenario3api7impl_vh12vm_hooks_api10VMHooksApiNtNtBS_9debug_api15DebugApiBackendEENtB5_16EndpointWrappers31call_latest_price_feed_optionalCs1ITXUF1EVYe_10rust_tests
FNDA:0,_RNvYINtCscat5uYUU178_15aggregator_mock11ContractObjINtNtNtNtCsgHl0N9pM6oi_22multiversx_sc_scenario3api7impl_vh12vm_hooks_api10VMHooksApiNtNtBS_9debug_api15DebugApiBackendEENtB5_16EndpointWrappers4callCs1ITXUF1EVYe_10rust_tests
FNDA:0,_RNvYINtCscat5uYUU178_15aggregator_mock11ContractObjINtNtNtNtCsgHl0N9pM6oi_22multiversx_sc_scenario3api7impl_vh12vm_hooks_api10VMHooksApiNtNtBS_9debug_api15DebugApiBackendEENtB5_16EndpointWrappers8callbackCs1ITXUF1EVYe_10rust_tests
FNDA:0,_RNvYINtCscat5uYUU178_15aggregator_mock11ContractObjINtNtNtNtCsgHl0N9pM6oi_22multiversx_sc_scenario3api7impl_vh12vm_hooks_api10VMHooksApiNtNtBS_9debug_api15DebugApiBackendEENtB5_16EndpointWrappers9call_initCs1ITXUF1EVYe_10rust_tests
FNDA:0,_RNvYINtCscat5uYUU178_15aggregator_mock11ContractObjINtNtNtNtCsgHl0N9pM6oi_22multiversx_sc_scenario3api7impl_vh12vm_hooks_api10VMHooksApiNtNtBS_9debug_api15DebugApiBackendEENtB5_19PriceAggregatorMock20get_price_or_defaultCs1ITXUF1EVYe_10rust_tests
FNDA:32,_RNvYINtCscat5uYUU178_15aggregator_mock11ContractObjINtNtNtNtCsgHl0N9pM6oi_22multiversx_sc_scenario3api7impl_vh12vm_hooks_api10VMHooksApiNtNtBS_9debug_api15DebugApiBackendEENtB5_19PriceAggregatorMock21set_latest_price_feedCs1ITXUF1EVYe_10rust_tests
FNDA:0,_RNvYINtCscat5uYUU178_15aggregator_mock11ContractObjINtNtNtNtCsgHl0N9pM6oi_22multiversx_sc_scenario3api7impl_vh12vm_hooks_api10VMHooksApiNtNtBS_9debug_api15DebugApiBackendEENtB5_19PriceAggregatorMock26latest_price_feed_optionalCs1ITXUF1EVYe_10rust_tests
FNF:4
FNH:2
DA:20,0
DA:30,0
DA:31,0
DA:32,0
DA:33,0
DA:34,0
DA:35,0
DA:36,0
DA:37,0
DA:40,0
DA:41,0
DA:42,0
DA:44,0
DA:49,32
DA:50,32
BRF:0
BRH:0
LF:15
LH:3
end_of_record
SF:/Users/mihaieremia/GitHub/rs-lending/common/checks/src/checks.rs
FN:8,_RNvYpNtCslSu6uSeJ3vU_13common_checks12ChecksModule32require_amount_greater_than_zeroB5_
FN:12,_RNvYpNtCslSu6uSeJ3vU_13common_checks12ChecksModule24require_non_zero_addressB5_
FN:6,_RNvYpNtCslSu6uSeJ3vU_13common_checks16EndpointWrappers4callB5_
FN:6,_RNvYpNtCslSu6uSeJ3vU_13common_checks16EndpointWrappers17callback_selectorB5_
FN:6,_RNvYpNtCslSu6uSeJ3vU_13common_checks16EndpointWrappers8callbackB5_
FN:6,_RNvXs1_CslSu6uSeJ3vU_13common_checksNtB5_11AbiProviderNtNtNtCsuR9Stiu5fw_13multiversx_sc13contract_base21contract_abi_provider19ContractAbiProvider3abi
FN:6,_RNvXINICslSu6uSeJ3vU_13common_checkss5_0pEINtB5_11ContractObjpENtNtNtCsuR9Stiu5fw_13multiversx_sc13contract_base17callable_contract16CallableContract4callB5_
FN:6,_RINvCslSu6uSeJ3vU_13common_checks12contract_objpEB2_
FN:6,_RINvXs6_CslSu6uSeJ3vU_13common_checksNtB6_15ContractBuilderNtNtNtCsuR9Stiu5fw_13multiversx_sc13contract_base17callable_contract23CallableContractBuilder16new_contract_objpEB6_
FN:12,_RNvYINtCslbjKLW2MucM_14liquidity_pool11ContractObjINtNtNtNtCsgHl0N9pM6oi_22multiversx_sc_scenario3api7impl_vh12vm_hooks_api10VMHooksApiNtNtBR_9debug_api15DebugApiBackendEENtCs8mzNsyBno7u_13common_checks12ChecksModule24require_non_zero_addressCs1ITXUF1EVYe_10rust_tests
FN:8,_RNvYINtCslbjKLW2MucM_14liquidity_pool11ContractObjINtNtNtNtCsgHl0N9pM6oi_22multiversx_sc_scenario3api7impl_vh12vm_hooks_api10VMHooksApiNtNtBR_9debug_api15DebugApiBackendEENtCs8mzNsyBno7u_13common_checks12ChecksModule32require_amount_greater_than_zeroCs1ITXUF1EVYe_10rust_tests
FN:6,_RNvYINtCslbjKLW2MucM_14liquidity_pool11ContractObjINtNtNtNtCsgHl0N9pM6oi_22multiversx_sc_scenario3api7impl_vh12vm_hooks_api10VMHooksApiNtNtBR_9debug_api15DebugApiBackendEENtCs8mzNsyBno7u_13common_checks16EndpointWrappers17callback_selectorCs1ITXUF1EVYe_10rust_tests
FN:6,_RNvYINtCslbjKLW2MucM_14liquidity_pool11ContractObjINtNtNtNtCsgHl0N9pM6oi_22multiversx_sc_scenario3api7impl_vh12vm_hooks_api10VMHooksApiNtNtBR_9debug_api15DebugApiBackendEENtCs8mzNsyBno7u_13common_checks16EndpointWrappers4callCs1ITXUF1EVYe_10rust_tests
FN:6,_RNvYINtCslbjKLW2MucM_14liquidity_pool11ContractObjINtNtNtNtCsgHl0N9pM6oi_22multiversx_sc_scenario3api7impl_vh12vm_hooks_api10VMHooksApiNtNtBR_9debug_api15DebugApiBackendEENtCs8mzNsyBno7u_13common_checks16EndpointWrappers8callbackCs1ITXUF1EVYe_10rust_tests
FN:12,_RNvYINtCs2O8fD2ghovG_12lending_pool11ContractObjINtNtNtNtCsgHl0N9pM6oi_22multiversx_sc_scenario3api7impl_vh12vm_hooks_api10VMHooksApiNtNtBP_9debug_api15DebugApiBackendEENtCs8mzNsyBno7u_13common_checks12ChecksModule24require_non_zero_addressCs1ITXUF1EVYe_10rust_tests
FN:8,_RNvYINtCs2O8fD2ghovG_12lending_pool11ContractObjINtNtNtNtCsgHl0N9pM6oi_22multiversx_sc_scenario3api7impl_vh12vm_hooks_api10VMHooksApiNtNtBP_9debug_api15DebugApiBackendEENtCs8mzNsyBno7u_13common_checks12ChecksModule32require_amount_greater_than_zeroCs1ITXUF1EVYe_10rust_tests
FN:6,_RNvYINtCs2O8fD2ghovG_12lending_pool11ContractObjINtNtNtNtCsgHl0N9pM6oi_22multiversx_sc_scenario3api7impl_vh12vm_hooks_api10VMHooksApiNtNtBP_9debug_api15DebugApiBackendEENtCs8mzNsyBno7u_13common_checks16EndpointWrappers17callback_selectorCs1ITXUF1EVYe_10rust_tests
FN:6,_RNvYINtCs2O8fD2ghovG_12lending_pool11ContractObjINtNtNtNtCsgHl0N9pM6oi_22multiversx_sc_scenario3api7impl_vh12vm_hooks_api10VMHooksApiNtNtBP_9debug_api15DebugApiBackendEENtCs8mzNsyBno7u_13common_checks16EndpointWrappers4callCs1ITXUF1EVYe_10rust_tests
FN:6,_RNvYINtCs2O8fD2ghovG_12lending_pool11ContractObjINtNtNtNtCsgHl0N9pM6oi_22multiversx_sc_scenario3api7impl_vh12vm_hooks_api10VMHooksApiNtNtBP_9debug_api15DebugApiBackendEENtCs8mzNsyBno7u_13common_checks16EndpointWrappers8callbackCs1ITXUF1EVYe_10rust_tests
FNDA:0,_RNvYpNtCslSu6uSeJ3vU_13common_checks12ChecksModule32require_amount_greater_than_zeroB5_
FNDA:0,_RNvYpNtCslSu6uSeJ3vU_13common_checks12ChecksModule24require_non_zero_addressB5_
FNDA:0,_RNvYpNtCslSu6uSeJ3vU_13common_checks16EndpointWrappers4callB5_
FNDA:0,_RNvYpNtCslSu6uSeJ3vU_13common_checks16EndpointWrappers17callback_selectorB5_
FNDA:0,_RNvYpNtCslSu6uSeJ3vU_13common_checks16EndpointWrappers8callbackB5_
FNDA:0,_RNvXs1_CslSu6uSeJ3vU_13common_checksNtB5_11AbiProviderNtNtNtCsuR9Stiu5fw_13multiversx_sc13contract_base21contract_abi_provider19ContractAbiProvider3abi
FNDA:0,_RNvXINICslSu6uSeJ3vU_13common_checkss5_0pEINtB5_11ContractObjpENtNtNtCsuR9Stiu5fw_13multiversx_sc13contract_base17callable_contract16CallableContract4callB5_
FNDA:0,_RINvCslSu6uSeJ3vU_13common_checks12contract_objpEB2_
FNDA:0,_RINvXs6_CslSu6uSeJ3vU_13common_checksNtB6_15ContractBuilderNtNtNtCsuR9Stiu5fw_13multiversx_sc13contract_base17callable_contract23CallableContractBuilder16new_contract_objpEB6_
FNDA:5,_RNvYINtCslbjKLW2MucM_14liquidity_pool11ContractObjINtNtNtNtCsgHl0N9pM6oi_22multiversx_sc_scenario3api7impl_vh12vm_hooks_api10VMHooksApiNtNtBR_9debug_api15DebugApiBackendEENtCs8mzNsyBno7u_13common_checks12ChecksModule24require_non_zero_addressCs1ITXUF1EVYe_10rust_tests
FNDA:3,_RNvYINtCslbjKLW2MucM_14liquidity_pool11ContractObjINtNtNtNtCsgHl0N9pM6oi_22multiversx_sc_scenario3api7impl_vh12vm_hooks_api10VMHooksApiNtNtBR_9debug_api15DebugApiBackendEENtCs8mzNsyBno7u_13common_checks12ChecksModule32require_amount_greater_than_zeroCs1ITXUF1EVYe_10rust_tests
FNDA:0,_RNvYINtCslbjKLW2MucM_14liquidity_pool11ContractObjINtNtNtNtCsgHl0N9pM6oi_22multiversx_sc_scenario3api7impl_vh12vm_hooks_api10VMHooksApiNtNtBR_9debug_api15DebugApiBackendEENtCs8mzNsyBno7u_13common_checks16EndpointWrappers17callback_selectorCs1ITXUF1EVYe_10rust_tests
FNDA:0,_RNvYINtCslbjKLW2MucM_14liquidity_pool11ContractObjINtNtNtNtCsgHl0N9pM6oi_22multiversx_sc_scenario3api7impl_vh12vm_hooks_api10VMHooksApiNtNtBR_9debug_api15DebugApiBackendEENtCs8mzNsyBno7u_13common_checks16EndpointWrappers4callCs1ITXUF1EVYe_10rust_tests
FNDA:0,_RNvYINtCslbjKLW2MucM_14liquidity_pool11ContractObjINtNtNtNtCsgHl0N9pM6oi_22multiversx_sc_scenario3api7impl_vh12vm_hooks_api10VMHooksApiNtNtBR_9debug_api15DebugApiBackendEENtCs8mzNsyBno7u_13common_checks16EndpointWrappers8callbackCs1ITXUF1EVYe_10rust_tests
FNDA:0,_RNvYINtCs2O8fD2ghovG_12lending_pool11ContractObjINtNtNtNtCsgHl0N9pM6oi_22multiversx_sc_scenario3api7impl_vh12vm_hooks_api10VMHooksApiNtNtBP_9debug_api15DebugApiBackendEENtCs8mzNsyBno7u_13common_checks12ChecksModule24require_non_zero_addressCs1ITXUF1EVYe_10rust_tests
FNDA:0,_RNvYINtCs2O8fD2ghovG_12lending_pool11ContractObjINtNtNtNtCsgHl0N9pM6oi_22multiversx_sc_scenario3api7impl_vh12vm_hooks_api10VMHooksApiNtNtBP_9debug_api15DebugApiBackendEENtCs8mzNsyBno7u_13common_checks12ChecksModule32require_amount_greater_than_zeroCs1ITXUF1EVYe_10rust_tests
FNDA:0,_RNvYINtCs2O8fD2ghovG_12lending_pool11ContractObjINtNtNtNtCsgHl0N9pM6oi_22multiversx_sc_scenario3api7impl_vh12vm_hooks_api10VMHooksApiNtNtBP_9debug_api15DebugApiBackendEENtCs8mzNsyBno7u_13common_checks16EndpointWrappers17callback_selectorCs1ITXUF1EVYe_10rust_tests
FNDA:0,_RNvYINtCs2O8fD2ghovG_12lending_pool11ContractObjINtNtNtNtCsgHl0N9pM6oi_22multiversx_sc_scenario3api7impl_vh12vm_hooks_api10VMHooksApiNtNtBP_9debug_api15DebugApiBackendEENtCs8mzNsyBno7u_13common_checks16EndpointWrappers4callCs1ITXUF1EVYe_10rust_tests
FNDA:0,_RNvYINtCs2O8fD2ghovG_12lending_pool11ContractObjINtNtNtNtCsgHl0N9pM6oi_22multiversx_sc_scenario3api7impl_vh12vm_hooks_api10VMHooksApiNtNtBP_9debug_api15DebugApiBackendEENtCs8mzNsyBno7u_13common_checks16EndpointWrappers8callbackCs1ITXUF1EVYe_10rust_tests
FNF:3
FNH:2
DA:6,0
DA:8,3
DA:9,3
DA:12,5
DA:13,5
BRF:0
BRH:0
LF:5
LH:4
end_of_record
SF:/Users/mihaieremia/GitHub/rs-lending/common/events/src/events.rs
FN:7,_RNvXINICsgObTKLiiyZq_13common_events0pEpNtB5_12EventsModule20add_new_market_eventB5_
FN:7,_RNvXINICsgObTKLiiyZq_13common_events0pEpNtB5_12EventsModule17new_account_eventB5_
FN:7,_RNvXINICsgObTKLiiyZq_13common_events0pEpNtB5_12EventsModule21update_position_eventB5_
FN:7,_RNvXINICsgObTKLiiyZq_13common_events0pEpNtB5_12EventsModule20upgrade_market_eventB5_
FN:7,_RNvXINICsgObTKLiiyZq_13common_events0pEpNtB5_12EventsModule25update_market_state_eventB5_
FN:7,_RNvYpNtCsgObTKLiiyZq_13common_events16EndpointWrappers4callB5_
FN:7,_RNvYpNtCsgObTKLiiyZq_13common_events16EndpointWrappers17callback_selectorB5_
FN:7,_RNvYpNtCsgObTKLiiyZq_13common_events16EndpointWrappers8callbackB5_
FN:7,_RNvXs1_CsgObTKLiiyZq_13common_eventsNtB5_11AbiProviderNtNtNtCsuR9Stiu5fw_13multiversx_sc13contract_base21contract_abi_provider19ContractAbiProvider3abi
FN:7,_RNvXINICsgObTKLiiyZq_13common_eventss5_0pEINtB5_11ContractObjpENtNtNtCsuR9Stiu5fw_13multiversx_sc13contract_base17callable_contract16CallableContract4callB5_
FN:7,_RINvCsgObTKLiiyZq_13common_events12contract_objpEB2_
FN:7,_RINvXs6_CsgObTKLiiyZq_13common_eventsNtB6_15ContractBuilderNtNtNtCsuR9Stiu5fw_13multiversx_sc13contract_base17callable_contract23CallableContractBuilder16new_contract_objpEB6_
FN:7,_RNvXCsshdnBmYwo3_13common_eventsINtCslbjKLW2MucM_14liquidity_pool11ContractObjINtNtNtNtCsgHl0N9pM6oi_22multiversx_sc_scenario3api7impl_vh12vm_hooks_api10VMHooksApiNtNtB1j_9debug_api15DebugApiBackendEENtB2_12EventsModule20upgrade_market_eventCs1ITXUF1EVYe_10rust_tests
FN:7,_RNvXCsshdnBmYwo3_13common_eventsINtCslbjKLW2MucM_14liquidity_pool11ContractObjINtNtNtNtCsgHl0N9pM6oi_22multiversx_sc_scenario3api7impl_vh12vm_hooks_api10VMHooksApiNtNtB1j_9debug_api15DebugApiBackendEENtB2_12EventsModule21update_position_eventCs1ITXUF1EVYe_10rust_tests
FN:7,_RNvXCsshdnBmYwo3_13common_eventsINtCslbjKLW2MucM_14liquidity_pool11ContractObjINtNtNtNtCsgHl0N9pM6oi_22multiversx_sc_scenario3api7impl_vh12vm_hooks_api10VMHooksApiNtNtB1j_9debug_api15DebugApiBackendEENtB2_12EventsModule25update_market_state_eventCs1ITXUF1EVYe_10rust_tests
FN:7,_RNvYINtCslbjKLW2MucM_14liquidity_pool11ContractObjINtNtNtNtCsgHl0N9pM6oi_22multiversx_sc_scenario3api7impl_vh12vm_hooks_api10VMHooksApiNtNtBR_9debug_api15DebugApiBackendEENtCsshdnBmYwo3_13common_events16EndpointWrappers17callback_selectorCs1ITXUF1EVYe_10rust_tests
FN:7,_RNvYINtCslbjKLW2MucM_14liquidity_pool11ContractObjINtNtNtNtCsgHl0N9pM6oi_22multiversx_sc_scenario3api7impl_vh12vm_hooks_api10VMHooksApiNtNtBR_9debug_api15DebugApiBackendEENtCsshdnBmYwo3_13common_events16EndpointWrappers4callCs1ITXUF1EVYe_10rust_tests
FN:7,_RNvYINtCslbjKLW2MucM_14liquidity_pool11ContractObjINtNtNtNtCsgHl0N9pM6oi_22multiversx_sc_scenario3api7impl_vh12vm_hooks_api10VMHooksApiNtNtBR_9debug_api15DebugApiBackendEENtCsshdnBmYwo3_13common_events16EndpointWrappers8callbackCs1ITXUF1EVYe_10rust_tests
FN:7,_RNvXCsshdnBmYwo3_13common_eventsINtCs2O8fD2ghovG_12lending_pool11ContractObjINtNtNtNtCsgHl0N9pM6oi_22multiversx_sc_scenario3api7impl_vh12vm_hooks_api10VMHooksApiNtNtB1h_9debug_api15DebugApiBackendEENtB2_12EventsModule17new_account_eventCs1ITXUF1EVYe_10rust_tests
FN:7,_RNvXCsshdnBmYwo3_13common_eventsINtCs2O8fD2ghovG_12lending_pool11ContractObjINtNtNtNtCsgHl0N9pM6oi_22multiversx_sc_scenario3api7impl_vh12vm_hooks_api10VMHooksApiNtNtB1h_9debug_api15DebugApiBackendEENtB2_12EventsModule20add_new_market_eventCs1ITXUF1EVYe_10rust_tests
FN:7,_RNvXCsshdnBmYwo3_13common_eventsINtCs2O8fD2ghovG_12lending_pool11ContractObjINtNtNtNtCsgHl0N9pM6oi_22multiversx_sc_scenario3api7impl_vh12vm_hooks_api10VMHooksApiNtNtB1h_9debug_api15DebugApiBackendEENtB2_12EventsModule21update_position_eventCs1ITXUF1EVYe_10rust_tests
FN:7,_RNvYINtCs2O8fD2ghovG_12lending_pool11ContractObjINtNtNtNtCsgHl0N9pM6oi_22multiversx_sc_scenario3api7impl_vh12vm_hooks_api10VMHooksApiNtNtBP_9debug_api15DebugApiBackendEENtCsshdnBmYwo3_13common_events16EndpointWrappers17callback_selectorCs1ITXUF1EVYe_10rust_tests
FN:7,_RNvYINtCs2O8fD2ghovG_12lending_pool11ContractObjINtNtNtNtCsgHl0N9pM6oi_22multiversx_sc_scenario3api7impl_vh12vm_hooks_api10VMHooksApiNtNtBP_9debug_api15DebugApiBackendEENtCsshdnBmYwo3_13common_events16EndpointWrappers4callCs1ITXUF1EVYe_10rust_tests
FN:7,_RNvYINtCs2O8fD2ghovG_12lending_pool11ContractObjINtNtNtNtCsgHl0N9pM6oi_22multiversx_sc_scenario3api7impl_vh12vm_hooks_api10VMHooksApiNtNtBP_9debug_api15DebugApiBackendEENtCsshdnBmYwo3_13common_events16EndpointWrappers8callbackCs1ITXUF1EVYe_10rust_tests
FNDA:0,_RNvXINICsgObTKLiiyZq_13common_events0pEpNtB5_12EventsModule20add_new_market_eventB5_
FNDA:0,_RNvXINICsgObTKLiiyZq_13common_events0pEpNtB5_12EventsModule17new_account_eventB5_
FNDA:0,_RNvXINICsgObTKLiiyZq_13common_events0pEpNtB5_12EventsModule21update_position_eventB5_
FNDA:0,_RNvXINICsgObTKLiiyZq_13common_events0pEpNtB5_12EventsModule20upgrade_market_eventB5_
FNDA:0,_RNvXINICsgObTKLiiyZq_13common_events0pEpNtB5_12EventsModule25update_market_state_eventB5_
FNDA:0,_RNvYpNtCsgObTKLiiyZq_13common_events16EndpointWrappers4callB5_
FNDA:0,_RNvYpNtCsgObTKLiiyZq_13common_events16EndpointWrappers17callback_selectorB5_
FNDA:0,_RNvYpNtCsgObTKLiiyZq_13common_events16EndpointWrappers8callbackB5_
FNDA:0,_RNvXs1_CsgObTKLiiyZq_13common_eventsNtB5_11AbiProviderNtNtNtCsuR9Stiu5fw_13multiversx_sc13contract_base21contract_abi_provider19ContractAbiProvider3abi
FNDA:0,_RNvXINICsgObTKLiiyZq_13common_eventss5_0pEINtB5_11ContractObjpENtNtNtCsuR9Stiu5fw_13multiversx_sc13contract_base17callable_contract16CallableContract4callB5_
FNDA:0,_RINvCsgObTKLiiyZq_13common_events12contract_objpEB2_
FNDA:0,_RINvXs6_CsgObTKLiiyZq_13common_eventsNtB6_15ContractBuilderNtNtNtCsuR9Stiu5fw_13multiversx_sc13contract_base17callable_contract23CallableContractBuilder16new_contract_objpEB6_
FNDA:0,_RNvXCsshdnBmYwo3_13common_eventsINtCslbjKLW2MucM_14liquidity_pool11ContractObjINtNtNtNtCsgHl0N9pM6oi_22multiversx_sc_scenario3api7impl_vh12vm_hooks_api10VMHooksApiNtNtB1j_9debug_api15DebugApiBackendEENtB2_12EventsModule20upgrade_market_eventCs1ITXUF1EVYe_10rust_tests
FNDA:4,_RNvXCsshdnBmYwo3_13common_eventsINtCslbjKLW2MucM_14liquidity_pool11ContractObjINtNtNtNtCsgHl0N9pM6oi_22multiversx_sc_scenario3api7impl_vh12vm_hooks_api10VMHooksApiNtNtB1j_9debug_api15DebugApiBackendEENtB2_12EventsModule21update_position_eventCs1ITXUF1EVYe_10rust_tests
FNDA:13,_RNvXCsshdnBmYwo3_13common_eventsINtCslbjKLW2MucM_14liquidity_pool11ContractObjINtNtNtNtCsgHl0N9pM6oi_22multiversx_sc_scenario3api7impl_vh12vm_hooks_api10VMHooksApiNtNtB1j_9debug_api15DebugApiBackendEENtB2_12EventsModule25update_market_state_eventCs1ITXUF1EVYe_10rust_tests
FNDA:0,_RNvYINtCslbjKLW2MucM_14liquidity_pool11ContractObjINtNtNtNtCsgHl0N9pM6oi_22multiversx_sc_scenario3api7impl_vh12vm_hooks_api10VMHooksApiNtNtBR_9debug_api15DebugApiBackendEENtCsshdnBmYwo3_13common_events16EndpointWrappers17callback_selectorCs1ITXUF1EVYe_10rust_tests
FNDA:0,_RNvYINtCslbjKLW2MucM_14liquidity_pool11ContractObjINtNtNtNtCsgHl0N9pM6oi_22multiversx_sc_scenario3api7impl_vh12vm_hooks_api10VMHooksApiNtNtBR_9debug_api15DebugApiBackendEENtCsshdnBmYwo3_13common_events16EndpointWrappers4callCs1ITXUF1EVYe_10rust_tests
FNDA:0,_RNvYINtCslbjKLW2MucM_14liquidity_pool11ContractObjINtNtNtNtCsgHl0N9pM6oi_22multiversx_sc_scenario3api7impl_vh12vm_hooks_api10VMHooksApiNtNtBR_9debug_api15DebugApiBackendEENtCsshdnBmYwo3_13common_events16EndpointWrappers8callbackCs1ITXUF1EVYe_10rust_tests
FNDA:7,_RNvXCsshdnBmYwo3_13common_eventsINtCs2O8fD2ghovG_12lending_pool11ContractObjINtNtNtNtCsgHl0N9pM6oi_22multiversx_sc_scenario3api7impl_vh12vm_hooks_api10VMHooksApiNtNtB1h_9debug_api15DebugApiBackendEENtB2_12EventsModule17new_account_eventCs1ITXUF1EVYe_10rust_tests
FNDA:0,_RNvXCsshdnBmYwo3_13common_eventsINtCs2O8fD2ghovG_12lending_pool11ContractObjINtNtNtNtCsgHl0N9pM6oi_22multiversx_sc_scenario3api7impl_vh12vm_hooks_api10VMHooksApiNtNtB1h_9debug_api15DebugApiBackendEENtB2_12EventsModule20add_new_market_eventCs1ITXUF1EVYe_10rust_tests
FNDA:0,_RNvXCsshdnBmYwo3_13common_eventsINtCs2O8fD2ghovG_12lending_pool11ContractObjINtNtNtNtCsgHl0N9pM6oi_22multiversx_sc_scenario3api7impl_vh12vm_hooks_api10VMHooksApiNtNtB1h_9debug_api15DebugApiBackendEENtB2_12EventsModule21update_position_eventCs1ITXUF1EVYe_10rust_tests
FNDA:0,_RNvYINtCs2O8fD2ghovG_12lending_pool11ContractObjINtNtNtNtCsgHl0N9pM6oi_22multiversx_sc_scenario3api7impl_vh12vm_hooks_api10VMHooksApiNtNtBP_9debug_api15DebugApiBackendEENtCsshdnBmYwo3_13common_events16EndpointWrappers17callback_selectorCs1ITXUF1EVYe_10rust_tests
FNDA:0,_RNvYINtCs2O8fD2ghovG_12lending_pool11ContractObjINtNtNtNtCsgHl0N9pM6oi_22multiversx_sc_scenario3api7impl_vh12vm_hooks_api10VMHooksApiNtNtBP_9debug_api15DebugApiBackendEENtCsshdnBmYwo3_13common_events16EndpointWrappers4callCs1ITXUF1EVYe_10rust_tests
FNDA:0,_RNvYINtCs2O8fD2ghovG_12lending_pool11ContractObjINtNtNtNtCsgHl0N9pM6oi_22multiversx_sc_scenario3api7impl_vh12vm_hooks_api10VMHooksApiNtNtBP_9debug_api15DebugApiBackendEENtCsshdnBmYwo3_13common_events16EndpointWrappers8callbackCs1ITXUF1EVYe_10rust_tests
FNF:1
FNH:1
DA:7,0
BRF:0
BRH:0
LF:1
LH:1
end_of_record
SF:/Users/mihaieremia/GitHub/rs-lending/common/price-aggregator-proxy/src/lib.rs
FN:13,_RINvYpNtNtCsdVj8i9XxDtL_22price_aggregator_proxy26price_aggregator_proxy_mod10ProxyTrait26latest_price_feed_optionalppEB8_
FN:13,_RNvXININtCsdVj8i9XxDtL_22price_aggregator_proxy26price_aggregator_proxy_mod0pEINtB5_5ProxypENtNtNtCsuR9Stiu5fw_13multiversx_sc13contract_base14proxy_obj_base12ProxyObjBase19extract_opt_addressB7_
FN:13,_RNvXININtCsdVj8i9XxDtL_22price_aggregator_proxy26price_aggregator_proxy_mod0pEINtB5_5ProxypENtNtNtCsuR9Stiu5fw_13multiversx_sc13contract_base14proxy_obj_base12ProxyObjBase16extract_proxy_toB7_
FN:13,_RNvXININtCsdVj8i9XxDtL_22price_aggregator_proxy26price_aggregator_proxy_mods_0pEINtB5_5ProxypENtNtNtCsuR9Stiu5fw_13multiversx_sc13contract_base14proxy_obj_base11ProxyObjNew13new_proxy_objB7_
FN:13,_RNvXININtCsdVj8i9XxDtL_22price_aggregator_proxy26price_aggregator_proxy_mods_0pEINtB5_5ProxypENtNtNtCsuR9Stiu5fw_13multiversx_sc13contract_base14proxy_obj_base11ProxyObjNew8contractB7_
FN:13,_RNvXININtCsdVj8i9XxDtL_22price_aggregator_proxy26price_aggregator_proxy_mods0_0pEINtB5_7ProxyTopENtNtNtCsuR9Stiu5fw_13multiversx_sc13contract_base14proxy_obj_base12ProxyObjBase19extract_opt_addressB7_
FN:13,_RNvXININtCsdVj8i9XxDtL_22price_aggregator_proxy26price_aggregator_proxy_mods0_0pEINtB5_7ProxyTopENtNtNtCsuR9Stiu5fw_13multiversx_sc13contract_base14proxy_obj_base12ProxyObjBase15extract_addressB7_
FN:13,_RNvXININtCsdVj8i9XxDtL_22price_aggregator_proxy26price_aggregator_proxy_mods0_0pEINtB5_7ProxyTopENtNtNtCsuR9Stiu5fw_13multiversx_sc13contract_base14proxy_obj_base12ProxyObjBase16extract_proxy_toB7_
FN:33,_RNvXINICsdVj8i9XxDtL_22price_aggregator_proxy0pEINtB5_16AggregatorResultpEINtNtCslGS7pEIChKc_4core7convert4FromINtNtNtCslpX2FM2C92Z_19multiversx_sc_codec11multi_types17multi_value_tuple11MultiValue5mINtNtNtNtNtCsuR9Stiu5fw_13multiversx_sc5types7managed5basic14managed_buffer13ManagedBufferpEB3b_INtNtNtB3i_7wrapped8big_uint7BigUintpEhEE4fromB5_
FN:50,_RNvYpNtCsdVj8i9XxDtL_22price_aggregator_proxy21PriceAggregatorModule28set_price_aggregator_addressB5_
FN:63,_RNvYpNtCsdVj8i9XxDtL_22price_aggregator_proxy21PriceAggregatorModule18get_price_for_pairB5_
FN:65,_RNCNvYpNtCsdVj8i9XxDtL_22price_aggregator_proxy21PriceAggregatorModule18get_price_for_pair0B7_
FN:72,_RNvYpNtCsdVj8i9XxDtL_22price_aggregator_proxy21PriceAggregatorModule24get_full_result_for_pairB5_
FN:46,_RNvXINICsdVj8i9XxDtL_22price_aggregator_proxys_0pEpNtB5_21PriceAggregatorModule16aggregator_proxyB5_
FN:46,_RNvXINICsdVj8i9XxDtL_22price_aggregator_proxys_0pEpNtB5_21PriceAggregatorModule24price_aggregator_addressB5_
FN:46,_RNvYpNtCsdVj8i9XxDtL_22price_aggregator_proxy16EndpointWrappers33call_set_price_aggregator_addressB5_
FN:46,_RNvYpNtCsdVj8i9XxDtL_22price_aggregator_proxy16EndpointWrappers29call_price_aggregator_addressB5_
FN:46,_RNvYpNtCsdVj8i9XxDtL_22price_aggregator_proxy16EndpointWrappers4callB5_
FN:46,_RNvYpNtCsdVj8i9XxDtL_22price_aggregator_proxy16EndpointWrappers17callback_selectorB5_
FN:46,_RNvYpNtCsdVj8i9XxDtL_22price_aggregator_proxy16EndpointWrappers8callbackB5_
FN:46,_RNvXs2_CsdVj8i9XxDtL_22price_aggregator_proxyNtB5_11AbiProviderNtNtNtCsuR9Stiu5fw_13multiversx_sc13contract_base21contract_abi_provider19ContractAbiProvider3abi
FN:46,_RNvXINICsdVj8i9XxDtL_22price_aggregator_proxys6_0pEINtB5_11ContractObjpENtNtNtCsuR9Stiu5fw_13multiversx_sc13contract_base17callable_contract16CallableContract4callB5_
FN:46,_RINvCsdVj8i9XxDtL_22price_aggregator_proxy12contract_objpEB2_
FN:46,_RINvXs7_CsdVj8i9XxDtL_22price_aggregator_proxyNtB6_15ContractBuilderNtNtNtCsuR9Stiu5fw_13multiversx_sc13contract_base17callable_contract23CallableContractBuilder16new_contract_objpEB6_
FN:46,_RINvNtCsdVj8i9XxDtL_22price_aggregator_proxy19___wasm__endpoints__28set_price_aggregator_addresspEB4_
FN:46,_RINvNtCsdVj8i9XxDtL_22price_aggregator_proxy19___wasm__endpoints__24price_aggregator_addresspEB4_
FN:46,_RINvYpNtCsdVj8i9XxDtL_22price_aggregator_proxy10ProxyTrait28set_price_aggregator_addresspEB6_
FN:46,_RNvYpNtCsdVj8i9XxDtL_22price_aggregator_proxy10ProxyTrait24price_aggregator_addressB5_
FN:33,_RNvXCsQBm7G5mRl1_22price_aggregator_proxyINtB2_16AggregatorResultINtNtNtNtCsgHl0N9pM6oi_22multiversx_sc_scenario3api7impl_vh12vm_hooks_api10VMHooksApiNtNtB16_9debug_api15DebugApiBackendEEINtNtCslGS7pEIChKc_4core7convert4FromINtNtNtCslpX2FM2C92Z_19multiversx_sc_codec11multi_types17multi_value_tuple11MultiValue5mINtNtNtNtNtCsuR9Stiu5fw_13multiversx_sc5types7managed5basic14managed_buffer13ManagedBufferB11_EB50_INtNtNtB57_7wrapped8big_uint7BigUintB11_EhEE4fromCs1ITXUF1EVYe_10rust_tests
FN:46,_RNvXs_CsQBm7G5mRl1_22price_aggregator_proxyINtCslbjKLW2MucM_14liquidity_pool11ContractObjINtNtNtNtCsgHl0N9pM6oi_22multiversx_sc_scenario3api7impl_vh12vm_hooks_api10VMHooksApiNtNtB1u_9debug_api15DebugApiBackendEENtB4_21PriceAggregatorModule24price_aggregator_addressCs1ITXUF1EVYe_10rust_tests
FN:46,_RNvYINtCslbjKLW2MucM_14liquidity_pool11ContractObjINtNtNtNtCsgHl0N9pM6oi_22multiversx_sc_scenario3api7impl_vh12vm_hooks_api10VMHooksApiNtNtBR_9debug_api15DebugApiBackendEENtCsQBm7G5mRl1_22price_aggregator_proxy16EndpointWrappers17callback_selectorCs1ITXUF1EVYe_10rust_tests
FN:46,_RNvYINtCslbjKLW2MucM_14liquidity_pool11ContractObjINtNtNtNtCsgHl0N9pM6oi_22multiversx_sc_scenario3api7impl_vh12vm_hooks_api10VMHooksApiNtNtBR_9debug_api15DebugApiBackendEENtCsQBm7G5mRl1_22price_aggregator_proxy16EndpointWrappers29call_price_aggregator_addressCs1ITXUF1EVYe_10rust_tests
FN:46,_RNvYINtCslbjKLW2MucM_14liquidity_pool11ContractObjINtNtNtNtCsgHl0N9pM6oi_22multiversx_sc_scenario3api7impl_vh12vm_hooks_api10VMHooksApiNtNtBR_9debug_api15DebugApiBackendEENtCsQBm7G5mRl1_22price_aggregator_proxy16EndpointWrappers33call_set_price_aggregator_addressCs1ITXUF1EVYe_10rust_tests
FN:46,_RNvYINtCslbjKLW2MucM_14liquidity_pool11ContractObjINtNtNtNtCsgHl0N9pM6oi_22multiversx_sc_scenario3api7impl_vh12vm_hooks_api10VMHooksApiNtNtBR_9debug_api15DebugApiBackendEENtCsQBm7G5mRl1_22price_aggregator_proxy16EndpointWrappers4callCs1ITXUF1EVYe_10rust_tests
FN:46,_RNvYINtCslbjKLW2MucM_14liquidity_pool11ContractObjINtNtNtNtCsgHl0N9pM6oi_22multiversx_sc_scenario3api7impl_vh12vm_hooks_api10VMHooksApiNtNtBR_9debug_api15DebugApiBackendEENtCsQBm7G5mRl1_22price_aggregator_proxy16EndpointWrappers8callbackCs1ITXUF1EVYe_10rust_tests
FN:50,_RNvYINtCslbjKLW2MucM_14liquidity_pool11ContractObjINtNtNtNtCsgHl0N9pM6oi_22multiversx_sc_scenario3api7impl_vh12vm_hooks_api10VMHooksApiNtNtBR_9debug_api15DebugApiBackendEENtCsQBm7G5mRl1_22price_aggregator_proxy21PriceAggregatorModule28set_price_aggregator_addressCs1ITXUF1EVYe_10rust_tests
FN:13,_RINvYINtNtCsQBm7G5mRl1_22price_aggregator_proxy26price_aggregator_proxy_mod7ProxyToINtNtNtNtCsgHl0N9pM6oi_22multiversx_sc_scenario3api7impl_vh12vm_hooks_api10VMHooksApiNtNtB1o_9debug_api15DebugApiBackendEENtB6_10ProxyTrait26latest_price_feed_optionalINtNtNtNtNtCsuR9Stiu5fw_13multiversx_sc5types7managed5basic14managed_buffer13ManagedBufferB1j_EB40_ECs1ITXUF1EVYe_10rust_tests
FN:13,_RNvXs0_NtCsQBm7G5mRl1_22price_aggregator_proxy26price_aggregator_proxy_modINtB5_7ProxyToINtNtNtNtCsgHl0N9pM6oi_22multiversx_sc_scenario3api7impl_vh12vm_hooks_api10VMHooksApiNtNtB1t_9debug_api15DebugApiBackendEENtNtNtCsuR9Stiu5fw_13multiversx_sc13contract_base14proxy_obj_base12ProxyObjBase15extract_addressCs1ITXUF1EVYe_10rust_tests
FN:13,_RNvXs0_NtCsQBm7G5mRl1_22price_aggregator_proxy26price_aggregator_proxy_modINtB5_7ProxyToINtNtNtNtCsgHl0N9pM6oi_22multiversx_sc_scenario3api7impl_vh12vm_hooks_api10VMHooksApiNtNtB1t_9debug_api15DebugApiBackendEENtNtNtCsuR9Stiu5fw_13multiversx_sc13contract_base14proxy_obj_base12ProxyObjBase16extract_proxy_toCs1ITXUF1EVYe_10rust_tests
FN:13,_RNvXs_NtCsQBm7G5mRl1_22price_aggregator_proxy26price_aggregator_proxy_modINtB4_5ProxyINtNtNtNtCsgHl0N9pM6oi_22multiversx_sc_scenario3api7impl_vh12vm_hooks_api10VMHooksApiNtNtB1q_9debug_api15DebugApiBackendEENtNtNtCsuR9Stiu5fw_13multiversx_sc13contract_base14proxy_obj_base11ProxyObjNew13new_proxy_objCs1ITXUF1EVYe_10rust_tests
FN:13,_RNvXs_NtCsQBm7G5mRl1_22price_aggregator_proxy26price_aggregator_proxy_modINtB4_5ProxyINtNtNtNtCsgHl0N9pM6oi_22multiversx_sc_scenario3api7impl_vh12vm_hooks_api10VMHooksApiNtNtB1q_9debug_api15DebugApiBackendEENtNtNtCsuR9Stiu5fw_13multiversx_sc13contract_base14proxy_obj_base11ProxyObjNew8contractCs1ITXUF1EVYe_10rust_tests
FN:46,_RNvXs_CsQBm7G5mRl1_22price_aggregator_proxyINtCs2O8fD2ghovG_12lending_pool11ContractObjINtNtNtNtCsgHl0N9pM6oi_22multiversx_sc_scenario3api7impl_vh12vm_hooks_api10VMHooksApiNtNtB1s_9debug_api15DebugApiBackendEENtB4_21PriceAggregatorModule16aggregator_proxyCs1ITXUF1EVYe_10rust_tests
FN:46,_RNvXs_CsQBm7G5mRl1_22price_aggregator_proxyINtCs2O8fD2ghovG_12lending_pool11ContractObjINtNtNtNtCsgHl0N9pM6oi_22multiversx_sc_scenario3api7impl_vh12vm_hooks_api10VMHooksApiNtNtB1s_9debug_api15DebugApiBackendEENtB4_21PriceAggregatorModule24price_aggregator_addressCs1ITXUF1EVYe_10rust_tests
FN:46,_RNvYINtCs2O8fD2ghovG_12lending_pool11ContractObjINtNtNtNtCsgHl0N9pM6oi_22multiversx_sc_scenario3api7impl_vh12vm_hooks_api10VMHooksApiNtNtBP_9debug_api15DebugApiBackendEENtCsQBm7G5mRl1_22price_aggregator_proxy16EndpointWrappers17callback_selectorCs1ITXUF1EVYe_10rust_tests
FN:46,_RNvYINtCs2O8fD2ghovG_12lending_pool11ContractObjINtNtNtNtCsgHl0N9pM6oi_22multiversx_sc_scenario3api7impl_vh12vm_hooks_api10VMHooksApiNtNtBP_9debug_api15DebugApiBackendEENtCsQBm7G5mRl1_22price_aggregator_proxy16EndpointWrappers29call_price_aggregator_addressCs1ITXUF1EVYe_10rust_tests
FN:46,_RNvYINtCs2O8fD2ghovG_12lending_pool11ContractObjINtNtNtNtCsgHl0N9pM6oi_22multiversx_sc_scenario3api7impl_vh12vm_hooks_api10VMHooksApiNtNtBP_9debug_api15DebugApiBackendEENtCsQBm7G5mRl1_22price_aggregator_proxy16EndpointWrappers33call_set_price_aggregator_addressCs1ITXUF1EVYe_10rust_tests
FN:46,_RNvYINtCs2O8fD2ghovG_12lending_pool11ContractObjINtNtNtNtCsgHl0N9pM6oi_22multiversx_sc_scenario3api7impl_vh12vm_hooks_api10VMHooksApiNtNtBP_9debug_api15DebugApiBackendEENtCsQBm7G5mRl1_22price_aggregator_proxy16EndpointWrappers4callCs1ITXUF1EVYe_10rust_tests
FN:46,_RNvYINtCs2O8fD2ghovG_12lending_pool11ContractObjINtNtNtNtCsgHl0N9pM6oi_22multiversx_sc_scenario3api7impl_vh12vm_hooks_api10VMHooksApiNtNtBP_9debug_api15DebugApiBackendEENtCsQBm7G5mRl1_22price_aggregator_proxy16EndpointWrappers8callbackCs1ITXUF1EVYe_10rust_tests
FN:72,_RNvYINtCs2O8fD2ghovG_12lending_pool11ContractObjINtNtNtNtCsgHl0N9pM6oi_22multiversx_sc_scenario3api7impl_vh12vm_hooks_api10VMHooksApiNtNtBP_9debug_api15DebugApiBackendEENtCsQBm7G5mRl1_22price_aggregator_proxy21PriceAggregatorModule24get_full_result_for_pairCs1ITXUF1EVYe_10rust_tests
FN:50,_RNvYINtCs2O8fD2ghovG_12lending_pool11ContractObjINtNtNtNtCsgHl0N9pM6oi_22multiversx_sc_scenario3api7impl_vh12vm_hooks_api10VMHooksApiNtNtBP_9debug_api15DebugApiBackendEENtCsQBm7G5mRl1_22price_aggregator_proxy21PriceAggregatorModule28set_price_aggregator_addressCs1ITXUF1EVYe_10rust_tests
FNDA:0,_RINvYpNtNtCsdVj8i9XxDtL_22price_aggregator_proxy26price_aggregator_proxy_mod10ProxyTrait26latest_price_feed_optionalppEB8_
FNDA:0,_RNvXININtCsdVj8i9XxDtL_22price_aggregator_proxy26price_aggregator_proxy_mod0pEINtB5_5ProxypENtNtNtCsuR9Stiu5fw_13multiversx_sc13contract_base14proxy_obj_base12ProxyObjBase19extract_opt_addressB7_
FNDA:0,_RNvXININtCsdVj8i9XxDtL_22price_aggregator_proxy26price_aggregator_proxy_mod0pEINtB5_5ProxypENtNtNtCsuR9Stiu5fw_13multiversx_sc13contract_base14proxy_obj_base12ProxyObjBase16extract_proxy_toB7_
FNDA:0,_RNvXININtCsdVj8i9XxDtL_22price_aggregator_proxy26price_aggregator_proxy_mods_0pEINtB5_5ProxypENtNtNtCsuR9Stiu5fw_13multiversx_sc13contract_base14proxy_obj_base11ProxyObjNew13new_proxy_objB7_
FNDA:0,_RNvXININtCsdVj8i9XxDtL_22price_aggregator_proxy26price_aggregator_proxy_mods_0pEINtB5_5ProxypENtNtNtCsuR9Stiu5fw_13multiversx_sc13contract_base14proxy_obj_base11ProxyObjNew8contractB7_
FNDA:0,_RNvXININtCsdVj8i9XxDtL_22price_aggregator_proxy26price_aggregator_proxy_mods0_0pEINtB5_7ProxyTopENtNtNtCsuR9Stiu5fw_13multiversx_sc13contract_base14proxy_obj_base12ProxyObjBase19extract_opt_addressB7_
FNDA:0,_RNvXININtCsdVj8i9XxDtL_22price_aggregator_proxy26price_aggregator_proxy_mods0_0pEINtB5_7ProxyTopENtNtNtCsuR9Stiu5fw_13multiversx_sc13contract_base14proxy_obj_base12ProxyObjBase15extract_addressB7_
FNDA:0,_RNvXININtCsdVj8i9XxDtL_22price_aggregator_proxy26price_aggregator_proxy_mods0_0pEINtB5_7ProxyTopENtNtNtCsuR9Stiu5fw_13multiversx_sc13contract_base14proxy_obj_base12ProxyObjBase16extract_proxy_toB7_
FNDA:0,_RNvXINICsdVj8i9XxDtL_22price_aggregator_proxy0pEINtB5_16AggregatorResultpEINtNtCslGS7pEIChKc_4core7convert4FromINtNtNtCslpX2FM2C92Z_19multiversx_sc_codec11multi_types17multi_value_tuple11MultiValue5mINtNtNtNtNtCsuR9Stiu5fw_13multiversx_sc5types7managed5basic14managed_buffer13ManagedBufferpEB3b_INtNtNtB3i_7wrapped8big_uint7BigUintpEhEE4fromB5_
FNDA:0,_RNvYpNtCsdVj8i9XxDtL_22price_aggregator_proxy21PriceAggregatorModule28set_price_aggregator_addressB5_
FNDA:0,_RNvYpNtCsdVj8i9XxDtL_22price_aggregator_proxy21PriceAggregatorModule18get_price_for_pairB5_
FNDA:0,_RNCNvYpNtCsdVj8i9XxDtL_22price_aggregator_proxy21PriceAggregatorModule18get_price_for_pair0B7_
FNDA:0,_RNvYpNtCsdVj8i9XxDtL_22price_aggregator_proxy21PriceAggregatorModule24get_full_result_for_pairB5_
FNDA:0,_RNvXINICsdVj8i9XxDtL_22price_aggregator_proxys_0pEpNtB5_21PriceAggregatorModule16aggregator_proxyB5_
FNDA:0,_RNvXINICsdVj8i9XxDtL_22price_aggregator_proxys_0pEpNtB5_21PriceAggregatorModule24price_aggregator_addressB5_
FNDA:0,_RNvYpNtCsdVj8i9XxDtL_22price_aggregator_proxy16EndpointWrappers33call_set_price_aggregator_addressB5_
FNDA:0,_RNvYpNtCsdVj8i9XxDtL_22price_aggregator_proxy16EndpointWrappers29call_price_aggregator_addressB5_
FNDA:0,_RNvYpNtCsdVj8i9XxDtL_22price_aggregator_proxy16EndpointWrappers4callB5_
FNDA:0,_RNvYpNtCsdVj8i9XxDtL_22price_aggregator_proxy16EndpointWrappers17callback_selectorB5_
FNDA:0,_RNvYpNtCsdVj8i9XxDtL_22price_aggregator_proxy16EndpointWrappers8callbackB5_
FNDA:0,_RNvXs2_CsdVj8i9XxDtL_22price_aggregator_proxyNtB5_11AbiProviderNtNtNtCsuR9Stiu5fw_13multiversx_sc13contract_base21contract_abi_provider19ContractAbiProvider3abi
FNDA:0,_RNvXINICsdVj8i9XxDtL_22price_aggregator_proxys6_0pEINtB5_11ContractObjpENtNtNtCsuR9Stiu5fw_13multiversx_sc13contract_base17callable_contract16CallableContract4callB5_
FNDA:0,_RINvCsdVj8i9XxDtL_22price_aggregator_proxy12contract_objpEB2_
FNDA:0,_RINvXs7_CsdVj8i9XxDtL_22price_aggregator_proxyNtB6_15ContractBuilderNtNtNtCsuR9Stiu5fw_13multiversx_sc13contract_base17callable_contract23CallableContractBuilder16new_contract_objpEB6_
FNDA:0,_RINvNtCsdVj8i9XxDtL_22price_aggregator_proxy19___wasm__endpoints__28set_price_aggregator_addresspEB4_
FNDA:0,_RINvNtCsdVj8i9XxDtL_22price_aggregator_proxy19___wasm__endpoints__24price_aggregator_addresspEB4_
FNDA:0,_RINvYpNtCsdVj8i9XxDtL_22price_aggregator_proxy10ProxyTrait28set_price_aggregator_addresspEB6_
FNDA:0,_RNvYpNtCsdVj8i9XxDtL_22price_aggregator_proxy10ProxyTrait24price_aggregator_addressB5_
FNDA:0,_RNvXCsQBm7G5mRl1_22price_aggregator_proxyINtB2_16AggregatorResultINtNtNtNtCsgHl0N9pM6oi_22multiversx_sc_scenario3api7impl_vh12vm_hooks_api10VMHooksApiNtNtB16_9debug_api15DebugApiBackendEEINtNtCslGS7pEIChKc_4core7convert4FromINtNtNtCslpX2FM2C92Z_19multiversx_sc_codec11multi_types17multi_value_tuple11MultiValue5mINtNtNtNtNtCsuR9Stiu5fw_13multiversx_sc5types7managed5basic14managed_buffer13ManagedBufferB11_EB50_INtNtNtB57_7wrapped8big_uint7BigUintB11_EhEE4fromCs1ITXUF1EVYe_10rust_tests
FNDA:16,_RNvXs_CsQBm7G5mRl1_22price_aggregator_proxyINtCslbjKLW2MucM_14liquidity_pool11ContractObjINtNtNtNtCsgHl0N9pM6oi_22multiversx_sc_scenario3api7impl_vh12vm_hooks_api10VMHooksApiNtNtB1u_9debug_api15DebugApiBackendEENtB4_21PriceAggregatorModule24price_aggregator_addressCs1ITXUF1EVYe_10rust_tests
FNDA:0,_RNvYINtCslbjKLW2MucM_14liquidity_pool11ContractObjINtNtNtNtCsgHl0N9pM6oi_22multiversx_sc_scenario3api7impl_vh12vm_hooks_api10VMHooksApiNtNtBR_9debug_api15DebugApiBackendEENtCsQBm7G5mRl1_22price_aggregator_proxy16EndpointWrappers17callback_selectorCs1ITXUF1EVYe_10rust_tests
FNDA:0,_RNvYINtCslbjKLW2MucM_14liquidity_pool11ContractObjINtNtNtNtCsgHl0N9pM6oi_22multiversx_sc_scenario3api7impl_vh12vm_hooks_api10VMHooksApiNtNtBR_9debug_api15DebugApiBackendEENtCsQBm7G5mRl1_22price_aggregator_proxy16EndpointWrappers29call_price_aggregator_addressCs1ITXUF1EVYe_10rust_tests
FNDA:0,_RNvYINtCslbjKLW2MucM_14liquidity_pool11ContractObjINtNtNtNtCsgHl0N9pM6oi_22multiversx_sc_scenario3api7impl_vh12vm_hooks_api10VMHooksApiNtNtBR_9debug_api15DebugApiBackendEENtCsQBm7G5mRl1_22price_aggregator_proxy16EndpointWrappers33call_set_price_aggregator_addressCs1ITXUF1EVYe_10rust_tests
FNDA:0,_RNvYINtCslbjKLW2MucM_14liquidity_pool11ContractObjINtNtNtNtCsgHl0N9pM6oi_22multiversx_sc_scenario3api7impl_vh12vm_hooks_api10VMHooksApiNtNtBR_9debug_api15DebugApiBackendEENtCsQBm7G5mRl1_22price_aggregator_proxy16EndpointWrappers4callCs1ITXUF1EVYe_10rust_tests
FNDA:0,_RNvYINtCslbjKLW2MucM_14liquidity_pool11ContractObjINtNtNtNtCsgHl0N9pM6oi_22multiversx_sc_scenario3api7impl_vh12vm_hooks_api10VMHooksApiNtNtBR_9debug_api15DebugApiBackendEENtCsQBm7G5mRl1_22price_aggregator_proxy16EndpointWrappers8callbackCs1ITXUF1EVYe_10rust_tests
FNDA:16,_RNvYINtCslbjKLW2MucM_14liquidity_pool11ContractObjINtNtNtNtCsgHl0N9pM6oi_22multiversx_sc_scenario3api7impl_vh12vm_hooks_api10VMHooksApiNtNtBR_9debug_api15DebugApiBackendEENtCsQBm7G5mRl1_22price_aggregator_proxy21PriceAggregatorModule28set_price_aggregator_addressCs1ITXUF1EVYe_10rust_tests
FNDA:0,_RINvYINtNtCsQBm7G5mRl1_22price_aggregator_proxy26price_aggregator_proxy_mod7ProxyToINtNtNtNtCsgHl0N9pM6oi_22multiversx_sc_scenario3api7impl_vh12vm_hooks_api10VMHooksApiNtNtB1o_9debug_api15DebugApiBackendEENtB6_10ProxyTrait26latest_price_feed_optionalINtNtNtNtNtCsuR9Stiu5fw_13multiversx_sc5types7managed5basic14managed_buffer13ManagedBufferB1j_EB40_ECs1ITXUF1EVYe_10rust_tests
FNDA:0,_RNvXs0_NtCsQBm7G5mRl1_22price_aggregator_proxy26price_aggregator_proxy_modINtB5_7ProxyToINtNtNtNtCsgHl0N9pM6oi_22multiversx_sc_scenario3api7impl_vh12vm_hooks_api10VMHooksApiNtNtB1t_9debug_api15DebugApiBackendEENtNtNtCsuR9Stiu5fw_13multiversx_sc13contract_base14proxy_obj_base12ProxyObjBase15extract_addressCs1ITXUF1EVYe_10rust_tests
FNDA:0,_RNvXs0_NtCsQBm7G5mRl1_22price_aggregator_proxy26price_aggregator_proxy_modINtB5_7ProxyToINtNtNtNtCsgHl0N9pM6oi_22multiversx_sc_scenario3api7impl_vh12vm_hooks_api10VMHooksApiNtNtB1t_9debug_api15DebugApiBackendEENtNtNtCsuR9Stiu5fw_13multiversx_sc13contract_base14proxy_obj_base12ProxyObjBase16extract_proxy_toCs1ITXUF1EVYe_10rust_tests
FNDA:0,_RNvXs_NtCsQBm7G5mRl1_22price_aggregator_proxy26price_aggregator_proxy_modINtB4_5ProxyINtNtNtNtCsgHl0N9pM6oi_22multiversx_sc_scenario3api7impl_vh12vm_hooks_api10VMHooksApiNtNtB1q_9debug_api15DebugApiBackendEENtNtNtCsuR9Stiu5fw_13multiversx_sc13contract_base14proxy_obj_base11ProxyObjNew13new_proxy_objCs1ITXUF1EVYe_10rust_tests
FNDA:0,_RNvXs_NtCsQBm7G5mRl1_22price_aggregator_proxy26price_aggregator_proxy_modINtB4_5ProxyINtNtNtNtCsgHl0N9pM6oi_22multiversx_sc_scenario3api7impl_vh12vm_hooks_api10VMHooksApiNtNtB1q_9debug_api15DebugApiBackendEENtNtNtCsuR9Stiu5fw_13multiversx_sc13contract_base14proxy_obj_base11ProxyObjNew8contractCs1ITXUF1EVYe_10rust_tests
FNDA:0,_RNvXs_CsQBm7G5mRl1_22price_aggregator_proxyINtCs2O8fD2ghovG_12lending_pool11ContractObjINtNtNtNtCsgHl0N9pM6oi_22multiversx_sc_scenario3api7impl_vh12vm_hooks_api10VMHooksApiNtNtB1s_9debug_api15DebugApiBackendEENtB4_21PriceAggregatorModule16aggregator_proxyCs1ITXUF1EVYe_10rust_tests
FNDA:8,_RNvXs_CsQBm7G5mRl1_22price_aggregator_proxyINtCs2O8fD2ghovG_12lending_pool11ContractObjINtNtNtNtCsgHl0N9pM6oi_22multiversx_sc_scenario3api7impl_vh12vm_hooks_api10VMHooksApiNtNtB1s_9debug_api15DebugApiBackendEENtB4_21PriceAggregatorModule24price_aggregator_addressCs1ITXUF1EVYe_10rust_tests
FNDA:0,_RNvYINtCs2O8fD2ghovG_12lending_pool11ContractObjINtNtNtNtCsgHl0N9pM6oi_22multiversx_sc_scenario3api7impl_vh12vm_hooks_api10VMHooksApiNtNtBP_9debug_api15DebugApiBackendEENtCsQBm7G5mRl1_22price_aggregator_proxy16EndpointWrappers17callback_selectorCs1ITXUF1EVYe_10rust_tests
FNDA:0,_RNvYINtCs2O8fD2ghovG_12lending_pool11ContractObjINtNtNtNtCsgHl0N9pM6oi_22multiversx_sc_scenario3api7impl_vh12vm_hooks_api10VMHooksApiNtNtBP_9debug_api15DebugApiBackendEENtCsQBm7G5mRl1_22price_aggregator_proxy16EndpointWrappers29call_price_aggregator_addressCs1ITXUF1EVYe_10rust_tests
FNDA:0,_RNvYINtCs2O8fD2ghovG_12lending_pool11ContractObjINtNtNtNtCsgHl0N9pM6oi_22multiversx_sc_scenario3api7impl_vh12vm_hooks_api10VMHooksApiNtNtBP_9debug_api15DebugApiBackendEENtCsQBm7G5mRl1_22price_aggregator_proxy16EndpointWrappers33call_set_price_aggregator_addressCs1ITXUF1EVYe_10rust_tests
FNDA:0,_RNvYINtCs2O8fD2ghovG_12lending_pool11ContractObjINtNtNtNtCsgHl0N9pM6oi_22multiversx_sc_scenario3api7impl_vh12vm_hooks_api10VMHooksApiNtNtBP_9debug_api15DebugApiBackendEENtCsQBm7G5mRl1_22price_aggregator_proxy16EndpointWrappers4callCs1ITXUF1EVYe_10rust_tests
FNDA:0,_RNvYINtCs2O8fD2ghovG_12lending_pool11ContractObjINtNtNtNtCsgHl0N9pM6oi_22multiversx_sc_scenario3api7impl_vh12vm_hooks_api10VMHooksApiNtNtBP_9debug_api15DebugApiBackendEENtCsQBm7G5mRl1_22price_aggregator_proxy16EndpointWrappers8callbackCs1ITXUF1EVYe_10rust_tests
FNDA:0,_RNvYINtCs2O8fD2ghovG_12lending_pool11ContractObjINtNtNtNtCsgHl0N9pM6oi_22multiversx_sc_scenario3api7impl_vh12vm_hooks_api10VMHooksApiNtNtBP_9debug_api15DebugApiBackendEENtCsQBm7G5mRl1_22price_aggregator_proxy21PriceAggregatorModule24get_full_result_for_pairCs1ITXUF1EVYe_10rust_tests
FNDA:8,_RNvYINtCs2O8fD2ghovG_12lending_pool11ContractObjINtNtNtNtCsgHl0N9pM6oi_22multiversx_sc_scenario3api7impl_vh12vm_hooks_api10VMHooksApiNtNtBP_9debug_api15DebugApiBackendEENtCsQBm7G5mRl1_22price_aggregator_proxy21PriceAggregatorModule28set_price_aggregator_addressCs1ITXUF1EVYe_10rust_tests
FNF:7
FNH:2
DA:13,0
DA:33,0
DA:34,0
DA:35,0
DA:36,0
DA:37,0
DA:38,0
DA:39,0
DA:40,0
DA:41,0
DA:42,0
DA:43,0
DA:46,0
DA:50,24
DA:51,24
DA:52,24
DA:53,24
DA:54,24
DA:56,24
DA:63,0
DA:64,0
DA:65,0
DA:72,0
DA:73,0
DA:74,0
DA:75,0
DA:76,0
DA:77,0
DA:78,0
DA:79,0
DA:80,0
DA:81,0
DA:82,0
DA:83,0
BRF:0
BRH:0
LF:35
LH:7
end_of_record
SF:/Users/mihaieremia/GitHub/rs-lending/common/structs/src/model.rs
FN:9,_RINvXINICs1n66QS2Pkd1_14common_structssf_0pEINtB6_10PoolParamspENtNtNtCslpX2FM2C92Z_19multiversx_sc_codec6single6top_en9TopEncode24top_encode_or_handle_errppEB6_
FN:9,_RINvXINICs1n66QS2Pkd1_14common_structssg_0pEINtB6_10PoolParamspENtNtNtCslpX2FM2C92Z_19multiversx_sc_codec6single6top_de9TopDecode24top_decode_or_handle_errppEB6_
FN:9,_RNvXINICs1n66QS2Pkd1_14common_structssj_0pEINtB5_10PoolParamspENtNtNtCsuR9Stiu5fw_13multiversx_sc3abi8type_abi7TypeAbi9type_nameB5_
FN:9,_RINvXINICs1n66QS2Pkd1_14common_structssj_0pEINtB6_10PoolParamspENtNtNtCsuR9Stiu5fw_13multiversx_sc3abi8type_abi7TypeAbi25provide_type_descriptionspEB6_
FN:20,_RINvXs7_Cs1n66QS2Pkd1_14common_structsNtB6_19AccountPositionTypeNtNtNtCslpX2FM2C92Z_19multiversx_sc_codec6single9nested_en12NestedEncode24dep_encode_or_handle_errppEB6_
FN:20,_RINvXs8_Cs1n66QS2Pkd1_14common_structsNtB6_19AccountPositionTypeNtNtNtCslpX2FM2C92Z_19multiversx_sc_codec6single9nested_de12NestedDecode24dep_decode_or_handle_errppEB6_
FN:20,_RINvXs9_Cs1n66QS2Pkd1_14common_structsNtB6_19AccountPositionTypeNtNtNtCslpX2FM2C92Z_19multiversx_sc_codec6single6top_en9TopEncode24top_encode_or_handle_errppEB6_
FN:20,_RINvXsa_Cs1n66QS2Pkd1_14common_structsNtB6_19AccountPositionTypeNtNtNtCslpX2FM2C92Z_19multiversx_sc_codec6single6top_de9TopDecode24top_decode_or_handle_errppEB6_
FN:20,_RNvXsd_Cs1n66QS2Pkd1_14common_structsNtB5_19AccountPositionTypeNtNtNtCsuR9Stiu5fw_13multiversx_sc3abi8type_abi7TypeAbi9type_name
FN:20,_RINvXsd_Cs1n66QS2Pkd1_14common_structsNtB6_19AccountPositionTypeNtNtNtCsuR9Stiu5fw_13multiversx_sc3abi8type_abi7TypeAbi25provide_type_descriptionspEB6_
FN:26,_RINvXINICs1n66QS2Pkd1_14common_structss_0pEINtB6_14AccountPositonpENtNtNtCslpX2FM2C92Z_19multiversx_sc_codec6single9nested_en12NestedEncode24dep_encode_or_handle_errppEB6_
FN:26,_RINvXINICs1n66QS2Pkd1_14common_structss0_0pEINtB6_14AccountPositonpENtNtNtCslpX2FM2C92Z_19multiversx_sc_codec6single9nested_de12NestedDecode24dep_decode_or_handle_errppEB6_
FN:26,_RINvXINICs1n66QS2Pkd1_14common_structss1_0pEINtB6_14AccountPositonpENtNtNtCslpX2FM2C92Z_19multiversx_sc_codec6single6top_en9TopEncode24top_encode_or_handle_errppEB6_
FN:26,_RINvXINICs1n66QS2Pkd1_14common_structss2_0pEINtB6_14AccountPositonpENtNtNtCslpX2FM2C92Z_19multiversx_sc_codec6single6top_de9TopDecode24top_decode_or_handle_errppEB6_
FN:26,_RNvXINICs1n66QS2Pkd1_14common_structss5_0pEINtB5_14AccountPositonpENtNtNtCsuR9Stiu5fw_13multiversx_sc3abi8type_abi7TypeAbi9type_nameB5_
FN:26,_RINvXINICs1n66QS2Pkd1_14common_structss5_0pEINtB6_14AccountPositonpENtNtNtCsuR9Stiu5fw_13multiversx_sc3abi8type_abi7TypeAbi25provide_type_descriptionspEB6_
FN:37,_RNvMCs1n66QS2Pkd1_14common_structsINtB2_14AccountPositonpE3newB2_
FN:26,_RINvXs1_Cs6lowIdvHC95_14common_structsINtB6_14AccountPositonINtNtNtNtCsgHl0N9pM6oi_22multiversx_sc_scenario3api7impl_vh12vm_hooks_api10VMHooksApiNtNtB11_9debug_api15DebugApiBackendEENtNtNtCslpX2FM2C92Z_19multiversx_sc_codec6single6top_en9TopEncode24top_encode_or_handle_errINtNtNtCsuR9Stiu5fw_13multiversx_sc2io6finish16ApiOutputAdapterBW_EINtNtNtNtB4u_13contract_base8wrappers10serializer21ExitCodecErrorHandlerBW_EECs1ITXUF1EVYe_10rust_tests
FN:26,_RINvXs1_Cs6lowIdvHC95_14common_structsINtB6_14AccountPositonINtNtNtNtCsgHl0N9pM6oi_22multiversx_sc_scenario3api7impl_vh12vm_hooks_api10VMHooksApiNtNtB11_9debug_api15DebugApiBackendEENtNtNtCslpX2FM2C92Z_19multiversx_sc_codec6single6top_en9TopEncode24top_encode_or_handle_errINtNtNtCsuR9Stiu5fw_13multiversx_sc7storage11storage_set16StorageSetOutputBW_EINtNtNtNtB4u_13contract_base8wrappers10serializer21ExitCodecErrorHandlerBW_EECs1ITXUF1EVYe_10rust_tests
FN:26,_RINvXs1_Cs6lowIdvHC95_14common_structsINtB6_14AccountPositonINtNtNtNtCsgHl0N9pM6oi_22multiversx_sc_scenario3api7impl_vh12vm_hooks_api10VMHooksApiNtNtB11_9debug_api15DebugApiBackendEENtNtNtCslpX2FM2C92Z_19multiversx_sc_codec6single6top_en9TopEncode24top_encode_or_handle_errQINtNtNtNtNtCsuR9Stiu5fw_13multiversx_sc5types7managed5basic14managed_buffer13ManagedBufferBW_EINtNtNtNtB4z_13contract_base8wrappers10serializer21ExitCodecErrorHandlerBW_EECs1ITXUF1EVYe_10rust_tests
FN:26,_RINvXs2_Cs6lowIdvHC95_14common_structsINtB6_14AccountPositonINtNtNtNtCsgHl0N9pM6oi_22multiversx_sc_scenario3api7impl_vh12vm_hooks_api10VMHooksApiNtNtB11_9debug_api15DebugApiBackendEENtNtNtCslpX2FM2C92Z_19multiversx_sc_codec6single6top_de9TopDecode24top_decode_or_handle_errINtNtNtCsuR9Stiu5fw_13multiversx_sc2io12arg_de_input14ArgDecodeInputBW_EINtNtB4s_17arg_error_handler15ArgErrorHandlerBW_EECs1ITXUF1EVYe_10rust_tests
FN:26,_RINvXs2_Cs6lowIdvHC95_14common_structsINtB6_14AccountPositonINtNtNtNtCsgHl0N9pM6oi_22multiversx_sc_scenario3api7impl_vh12vm_hooks_api10VMHooksApiNtNtB11_9debug_api15DebugApiBackendEENtNtNtCslpX2FM2C92Z_19multiversx_sc_codec6single6top_de9TopDecode24top_decode_or_handle_errINtNtNtCsuR9Stiu5fw_13multiversx_sc7storage11storage_get15StorageGetInputBW_EINtB4q_22StorageGetErrorHandlerBW_EECs1ITXUF1EVYe_10rust_tests
FN:26,_RINvXs2_Cs6lowIdvHC95_14common_structsINtB6_14AccountPositonINtNtNtNtCsgHl0N9pM6oi_22multiversx_sc_scenario3api7impl_vh12vm_hooks_api10VMHooksApiNtNtB11_9debug_api15DebugApiBackendEENtNtNtCslpX2FM2C92Z_19multiversx_sc_codec6single6top_de9TopDecode24top_decode_or_handle_errINtNtNtNtNtCsuR9Stiu5fw_13multiversx_sc5types7managed5basic14managed_buffer13ManagedBufferBW_EINtNtNtB4y_2io17arg_error_handler15ArgErrorHandlerBW_EECs1ITXUF1EVYe_10rust_tests
FN:20,_RINvXs7_Cs6lowIdvHC95_14common_structsNtB6_19AccountPositionTypeNtNtNtCslpX2FM2C92Z_19multiversx_sc_codec6single9nested_en12NestedEncode24dep_encode_or_handle_errINtNtNtNtNtCsuR9Stiu5fw_13multiversx_sc5types7managed5basic14managed_buffer13ManagedBufferINtNtNtNtCsgHl0N9pM6oi_22multiversx_sc_scenario3api7impl_vh12vm_hooks_api10VMHooksApiNtNtB47_9debug_api15DebugApiBackendEEINtNtNtNtB2L_13contract_base8wrappers10serializer21ExitCodecErrorHandlerB42_EECs1ITXUF1EVYe_10rust_tests
FN:20,_RINvXs7_Cs6lowIdvHC95_14common_structsNtB6_19AccountPositionTypeNtNtNtCslpX2FM2C92Z_19multiversx_sc_codec6single9nested_en12NestedEncode24dep_encode_or_handle_errINtNtNtNtNtNtCsuR9Stiu5fw_13multiversx_sc5types7managed7wrapped7builder22managed_buffer_builder20ManagedBufferBuilderINtNtNtNtCsgHl0N9pM6oi_22multiversx_sc_scenario3api7impl_vh12vm_hooks_api10VMHooksApiNtNtB4y_9debug_api15DebugApiBackendEEINtNtNtNtB2N_13contract_base8wrappers10serializer21ExitCodecErrorHandlerB4t_EECs1ITXUF1EVYe_10rust_tests
FN:20,_RINvXs8_Cs6lowIdvHC95_14common_structsNtB6_19AccountPositionTypeNtNtNtCslpX2FM2C92Z_19multiversx_sc_codec6single9nested_de12NestedDecode24dep_decode_or_handle_errINtNtNtNtNtCsuR9Stiu5fw_13multiversx_sc5types7managed10codec_util30managed_buffer_nested_de_input30ManagedBufferNestedDecodeInputINtNtNtNtCsgHl0N9pM6oi_22multiversx_sc_scenario3api7impl_vh12vm_hooks_api10VMHooksApiNtNtB4K_9debug_api15DebugApiBackendEEINtNtNtB2L_2io17arg_error_handler15ArgErrorHandlerB4F_EECs1ITXUF1EVYe_10rust_tests
FN:20,_RINvXs8_Cs6lowIdvHC95_14common_structsNtB6_19AccountPositionTypeNtNtNtCslpX2FM2C92Z_19multiversx_sc_codec6single9nested_de12NestedDecode24dep_decode_or_handle_errINtNtNtNtNtCsuR9Stiu5fw_13multiversx_sc5types7managed10codec_util30managed_buffer_nested_de_input30ManagedBufferNestedDecodeInputINtNtNtNtCsgHl0N9pM6oi_22multiversx_sc_scenario3api7impl_vh12vm_hooks_api10VMHooksApiNtNtB4K_9debug_api15DebugApiBackendEEINtNtNtB2L_7storage11storage_get22StorageGetErrorHandlerB4F_EECs1ITXUF1EVYe_10rust_tests
FN:9,_RINvXsf_Cs6lowIdvHC95_14common_structsINtB6_10PoolParamsINtNtNtNtCsgHl0N9pM6oi_22multiversx_sc_scenario3api7impl_vh12vm_hooks_api10VMHooksApiNtNtBX_9debug_api15DebugApiBackendEENtNtNtCslpX2FM2C92Z_19multiversx_sc_codec6single6top_en9TopEncode24top_encode_or_handle_errINtNtNtCsuR9Stiu5fw_13multiversx_sc2io6finish16ApiOutputAdapterBS_EINtNtNtNtB4p_13contract_base8wrappers10serializer21ExitCodecErrorHandlerBS_EECs1ITXUF1EVYe_10rust_tests
FN:9,_RINvXsf_Cs6lowIdvHC95_14common_structsINtB6_10PoolParamsINtNtNtNtCsgHl0N9pM6oi_22multiversx_sc_scenario3api7impl_vh12vm_hooks_api10VMHooksApiNtNtBX_9debug_api15DebugApiBackendEENtNtNtCslpX2FM2C92Z_19multiversx_sc_codec6single6top_en9TopEncode24top_encode_or_handle_errINtNtNtCsuR9Stiu5fw_13multiversx_sc7storage11storage_set16StorageSetOutputBS_EINtNtNtNtB4p_13contract_base8wrappers10serializer21ExitCodecErrorHandlerBS_EECs1ITXUF1EVYe_10rust_tests
FN:9,_RINvXsg_Cs6lowIdvHC95_14common_structsINtB6_10PoolParamsINtNtNtNtCsgHl0N9pM6oi_22multiversx_sc_scenario3api7impl_vh12vm_hooks_api10VMHooksApiNtNtBX_9debug_api15DebugApiBackendEENtNtNtCslpX2FM2C92Z_19multiversx_sc_codec6single6top_de9TopDecode24top_decode_or_handle_errINtNtNtCsuR9Stiu5fw_13multiversx_sc7storage11storage_get15StorageGetInputBS_EINtB4l_22StorageGetErrorHandlerBS_EECs1ITXUF1EVYe_10rust_tests
FN:37,_RNvMCs6lowIdvHC95_14common_structsINtB2_14AccountPositonINtNtNtNtCsgHl0N9pM6oi_22multiversx_sc_scenario3api7impl_vh12vm_hooks_api10VMHooksApiNtNtBX_9debug_api15DebugApiBackendEE3newCs1ITXUF1EVYe_10rust_tests
FNDA:0,_RINvXINICs1n66QS2Pkd1_14common_structssf_0pEINtB6_10PoolParamspENtNtNtCslpX2FM2C92Z_19multiversx_sc_codec6single6top_en9TopEncode24top_encode_or_handle_errppEB6_
FNDA:0,_RINvXINICs1n66QS2Pkd1_14common_structssg_0pEINtB6_10PoolParamspENtNtNtCslpX2FM2C92Z_19multiversx_sc_codec6single6top_de9TopDecode24top_decode_or_handle_errppEB6_
FNDA:0,_RNvXINICs1n66QS2Pkd1_14common_structssj_0pEINtB5_10PoolParamspENtNtNtCsuR9Stiu5fw_13multiversx_sc3abi8type_abi7TypeAbi9type_nameB5_
FNDA:0,_RINvXINICs1n66QS2Pkd1_14common_structssj_0pEINtB6_10PoolParamspENtNtNtCsuR9Stiu5fw_13multiversx_sc3abi8type_abi7TypeAbi25provide_type_descriptionspEB6_
FNDA:0,_RINvXs7_Cs1n66QS2Pkd1_14common_structsNtB6_19AccountPositionTypeNtNtNtCslpX2FM2C92Z_19multiversx_sc_codec6single9nested_en12NestedEncode24dep_encode_or_handle_errppEB6_
FNDA:0,_RINvXs8_Cs1n66QS2Pkd1_14common_structsNtB6_19AccountPositionTypeNtNtNtCslpX2FM2C92Z_19multiversx_sc_codec6single9nested_de12NestedDecode24dep_decode_or_handle_errppEB6_
FNDA:0,_RINvXs9_Cs1n66QS2Pkd1_14common_structsNtB6_19AccountPositionTypeNtNtNtCslpX2FM2C92Z_19multiversx_sc_codec6single6top_en9TopEncode24top_encode_or_handle_errppEB6_
FNDA:0,_RINvXsa_Cs1n66QS2Pkd1_14common_structsNtB6_19AccountPositionTypeNtNtNtCslpX2FM2C92Z_19multiversx_sc_codec6single6top_de9TopDecode24top_decode_or_handle_errppEB6_
FNDA:0,_RNvXsd_Cs1n66QS2Pkd1_14common_structsNtB5_19AccountPositionTypeNtNtNtCsuR9Stiu5fw_13multiversx_sc3abi8type_abi7TypeAbi9type_name
FNDA:0,_RINvXsd_Cs1n66QS2Pkd1_14common_structsNtB6_19AccountPositionTypeNtNtNtCsuR9Stiu5fw_13multiversx_sc3abi8type_abi7TypeAbi25provide_type_descriptionspEB6_
FNDA:0,_RINvXINICs1n66QS2Pkd1_14common_structss_0pEINtB6_14AccountPositonpENtNtNtCslpX2FM2C92Z_19multiversx_sc_codec6single9nested_en12NestedEncode24dep_encode_or_handle_errppEB6_
FNDA:0,_RINvXINICs1n66QS2Pkd1_14common_structss0_0pEINtB6_14AccountPositonpENtNtNtCslpX2FM2C92Z_19multiversx_sc_codec6single9nested_de12NestedDecode24dep_decode_or_handle_errppEB6_
FNDA:0,_RINvXINICs1n66QS2Pkd1_14common_structss1_0pEINtB6_14AccountPositonpENtNtNtCslpX2FM2C92Z_19multiversx_sc_codec6single6top_en9TopEncode24top_encode_or_handle_errppEB6_
FNDA:0,_RINvXINICs1n66QS2Pkd1_14common_structss2_0pEINtB6_14AccountPositonpENtNtNtCslpX2FM2C92Z_19multiversx_sc_codec6single6top_de9TopDecode24top_decode_or_handle_errppEB6_
FNDA:0,_RNvXINICs1n66QS2Pkd1_14common_structss5_0pEINtB5_14AccountPositonpENtNtNtCsuR9Stiu5fw_13multiversx_sc3abi8type_abi7TypeAbi9type_nameB5_
FNDA:0,_RINvXINICs1n66QS2Pkd1_14common_structss5_0pEINtB6_14AccountPositonpENtNtNtCsuR9Stiu5fw_13multiversx_sc3abi8type_abi7TypeAbi25provide_type_descriptionspEB6_
FNDA:0,_RNvMCs1n66QS2Pkd1_14common_structsINtB2_14AccountPositonpE3newB2_
FNDA:0,_RINvXs1_Cs6lowIdvHC95_14common_structsINtB6_14AccountPositonINtNtNtNtCsgHl0N9pM6oi_22multiversx_sc_scenario3api7impl_vh12vm_hooks_api10VMHooksApiNtNtB11_9debug_api15DebugApiBackendEENtNtNtCslpX2FM2C92Z_19multiversx_sc_codec6single6top_en9TopEncode24top_encode_or_handle_errINtNtNtCsuR9Stiu5fw_13multiversx_sc2io6finish16ApiOutputAdapterBW_EINtNtNtNtB4u_13contract_base8wrappers10serializer21ExitCodecErrorHandlerBW_EECs1ITXUF1EVYe_10rust_tests
FNDA:0,_RINvXs1_Cs6lowIdvHC95_14common_structsINtB6_14AccountPositonINtNtNtNtCsgHl0N9pM6oi_22multiversx_sc_scenario3api7impl_vh12vm_hooks_api10VMHooksApiNtNtB11_9debug_api15DebugApiBackendEENtNtNtCslpX2FM2C92Z_19multiversx_sc_codec6single6top_en9TopEncode24top_encode_or_handle_errINtNtNtCsuR9Stiu5fw_13multiversx_sc7storage11storage_set16StorageSetOutputBW_EINtNtNtNtB4u_13contract_base8wrappers10serializer21ExitCodecErrorHandlerBW_EECs1ITXUF1EVYe_10rust_tests
FNDA:4,_RINvXs1_Cs6lowIdvHC95_14common_structsINtB6_14AccountPositonINtNtNtNtCsgHl0N9pM6oi_22multiversx_sc_scenario3api7impl_vh12vm_hooks_api10VMHooksApiNtNtB11_9debug_api15DebugApiBackendEENtNtNtCslpX2FM2C92Z_19multiversx_sc_codec6single6top_en9TopEncode24top_encode_or_handle_errQINtNtNtNtNtCsuR9Stiu5fw_13multiversx_sc5types7managed5basic14managed_buffer13ManagedBufferBW_EINtNtNtNtB4z_13contract_base8wrappers10serializer21ExitCodecErrorHandlerBW_EECs1ITXUF1EVYe_10rust_tests
FNDA:0,_RINvXs2_Cs6lowIdvHC95_14common_structsINtB6_14AccountPositonINtNtNtNtCsgHl0N9pM6oi_22multiversx_sc_scenario3api7impl_vh12vm_hooks_api10VMHooksApiNtNtB11_9debug_api15DebugApiBackendEENtNtNtCslpX2FM2C92Z_19multiversx_sc_codec6single6top_de9TopDecode24top_decode_or_handle_errINtNtNtCsuR9Stiu5fw_13multiversx_sc2io12arg_de_input14ArgDecodeInputBW_EINtNtB4s_17arg_error_handler15ArgErrorHandlerBW_EECs1ITXUF1EVYe_10rust_tests
FNDA:0,_RINvXs2_Cs6lowIdvHC95_14common_structsINtB6_14AccountPositonINtNtNtNtCsgHl0N9pM6oi_22multiversx_sc_scenario3api7impl_vh12vm_hooks_api10VMHooksApiNtNtB11_9debug_api15DebugApiBackendEENtNtNtCslpX2FM2C92Z_19multiversx_sc_codec6single6top_de9TopDecode24top_decode_or_handle_errINtNtNtCsuR9Stiu5fw_13multiversx_sc7storage11storage_get15StorageGetInputBW_EINtB4q_22StorageGetErrorHandlerBW_EECs1ITXUF1EVYe_10rust_tests
FNDA:0,_RINvXs2_Cs6lowIdvHC95_14common_structsINtB6_14AccountPositonINtNtNtNtCsgHl0N9pM6oi_22multiversx_sc_scenario3api7impl_vh12vm_hooks_api10VMHooksApiNtNtB11_9debug_api15DebugApiBackendEENtNtNtCslpX2FM2C92Z_19multiversx_sc_codec6single6top_de9TopDecode24top_decode_or_handle_errINtNtNtNtNtCsuR9Stiu5fw_13multiversx_sc5types7managed5basic14managed_buffer13ManagedBufferBW_EINtNtNtB4y_2io17arg_error_handler15ArgErrorHandlerBW_EECs1ITXUF1EVYe_10rust_tests
FNDA:4,_RINvXs7_Cs6lowIdvHC95_14common_structsNtB6_19AccountPositionTypeNtNtNtCslpX2FM2C92Z_19multiversx_sc_codec6single9nested_en12NestedEncode24dep_encode_or_handle_errINtNtNtNtNtCsuR9Stiu5fw_13multiversx_sc5types7managed5basic14managed_buffer13ManagedBufferINtNtNtNtCsgHl0N9pM6oi_22multiversx_sc_scenario3api7impl_vh12vm_hooks_api10VMHooksApiNtNtB47_9debug_api15DebugApiBackendEEINtNtNtNtB2L_13contract_base8wrappers10serializer21ExitCodecErrorHandlerB42_EECs1ITXUF1EVYe_10rust_tests
FNDA:0,_RINvXs7_Cs6lowIdvHC95_14common_structsNtB6_19AccountPositionTypeNtNtNtCslpX2FM2C92Z_19multiversx_sc_codec6single9nested_en12NestedEncode24dep_encode_or_handle_errINtNtNtNtNtNtCsuR9Stiu5fw_13multiversx_sc5types7managed7wrapped7builder22managed_buffer_builder20ManagedBufferBuilderINtNtNtNtCsgHl0N9pM6oi_22multiversx_sc_scenario3api7impl_vh12vm_hooks_api10VMHooksApiNtNtB4y_9debug_api15DebugApiBackendEEINtNtNtNtB2N_13contract_base8wrappers10serializer21ExitCodecErrorHandlerB4t_EECs1ITXUF1EVYe_10rust_tests
FNDA:0,_RINvXs8_Cs6lowIdvHC95_14common_structsNtB6_19AccountPositionTypeNtNtNtCslpX2FM2C92Z_19multiversx_sc_codec6single9nested_de12NestedDecode24dep_decode_or_handle_errINtNtNtNtNtCsuR9Stiu5fw_13multiversx_sc5types7managed10codec_util30managed_buffer_nested_de_input30ManagedBufferNestedDecodeInputINtNtNtNtCsgHl0N9pM6oi_22multiversx_sc_scenario3api7impl_vh12vm_hooks_api10VMHooksApiNtNtB4K_9debug_api15DebugApiBackendEEINtNtNtB2L_2io17arg_error_handler15ArgErrorHandlerB4F_EECs1ITXUF1EVYe_10rust_tests
FNDA:0,_RINvXs8_Cs6lowIdvHC95_14common_structsNtB6_19AccountPositionTypeNtNtNtCslpX2FM2C92Z_19multiversx_sc_codec6single9nested_de12NestedDecode24dep_decode_or_handle_errINtNtNtNtNtCsuR9Stiu5fw_13multiversx_sc5types7managed10codec_util30managed_buffer_nested_de_input30ManagedBufferNestedDecodeInputINtNtNtNtCsgHl0N9pM6oi_22multiversx_sc_scenario3api7impl_vh12vm_hooks_api10VMHooksApiNtNtB4K_9debug_api15DebugApiBackendEEINtNtNtB2L_7storage11storage_get22StorageGetErrorHandlerB4F_EECs1ITXUF1EVYe_10rust_tests
FNDA:0,_RINvXsf_Cs6lowIdvHC95_14common_structsINtB6_10PoolParamsINtNtNtNtCsgHl0N9pM6oi_22multiversx_sc_scenario3api7impl_vh12vm_hooks_api10VMHooksApiNtNtBX_9debug_api15DebugApiBackendEENtNtNtCslpX2FM2C92Z_19multiversx_sc_codec6single6top_en9TopEncode24top_encode_or_handle_errINtNtNtCsuR9Stiu5fw_13multiversx_sc2io6finish16ApiOutputAdapterBS_EINtNtNtNtB4p_13contract_base8wrappers10serializer21ExitCodecErrorHandlerBS_EECs1ITXUF1EVYe_10rust_tests
FNDA:16,_RINvXsf_Cs6lowIdvHC95_14common_structsINtB6_10PoolParamsINtNtNtNtCsgHl0N9pM6oi_22multiversx_sc_scenario3api7impl_vh12vm_hooks_api10VMHooksApiNtNtBX_9debug_api15DebugApiBackendEENtNtNtCslpX2FM2C92Z_19multiversx_sc_codec6single6top_en9TopEncode24top_encode_or_handle_errINtNtNtCsuR9Stiu5fw_13multiversx_sc7storage11storage_set16StorageSetOutputBS_EINtNtNtNtB4p_13contract_base8wrappers10serializer21ExitCodecErrorHandlerBS_EECs1ITXUF1EVYe_10rust_tests
FNDA:15,_RINvXsg_Cs6lowIdvHC95_14common_structsINtB6_10PoolParamsINtNtNtNtCsgHl0N9pM6oi_22multiversx_sc_scenario3api7impl_vh12vm_hooks_api10VMHooksApiNtNtBX_9debug_api15DebugApiBackendEENtNtNtCslpX2FM2C92Z_19multiversx_sc_codec6single6top_de9TopDecode24top_decode_or_handle_errINtNtNtCsuR9Stiu5fw_13multiversx_sc7storage11storage_get15StorageGetInputBS_EINtB4l_22StorageGetErrorHandlerBS_EECs1ITXUF1EVYe_10rust_tests
FNDA:14,_RNvMCs6lowIdvHC95_14common_structsINtB2_14AccountPositonINtNtNtNtCsgHl0N9pM6oi_22multiversx_sc_scenario3api7impl_vh12vm_hooks_api10VMHooksApiNtNtBX_9debug_api15DebugApiBackendEE3newCs1ITXUF1EVYe_10rust_tests
FNF:14
FNH:5
DA:9,16
DA:20,4
DA:26,4
DA:37,14
DA:38,14
DA:39,14
DA:40,14
DA:41,14
DA:42,14
DA:43,14
DA:44,14
DA:45,14
DA:46,14
DA:47,14
DA:48,14
DA:49,14
DA:50,14
DA:51,14
DA:52,14
DA:53,14
BRF:0
BRH:0
LF:30
LH:21
end_of_record
SF:/Users/mihaieremia/GitHub/rs-lending/common/tokens/src/tokens.rs
FN:16,_RNvYpNtCsbzYz0eE10De_13common_tokens18AccountTokenModule29lending_account_in_the_marketB5_
FN:23,_RNvYpNtCsbzYz0eE10De_13common_tokens18AccountTokenModule27lending_account_token_validB5_
FN:6,_RNvXINICsbzYz0eE10De_13common_tokens0pEpNtB5_18AccountTokenModule13account_tokenB5_
FN:6,_RNvXINICsbzYz0eE10De_13common_tokens0pEpNtB5_18AccountTokenModule17account_positionsB5_
FN:6,_RNvYpNtCsbzYz0eE10De_13common_tokens16EndpointWrappers18call_account_tokenB5_
FN:6,_RNvYpNtCsbzYz0eE10De_13common_tokens16EndpointWrappers22call_account_positionsB5_
FN:6,_RNvYpNtCsbzYz0eE10De_13common_tokens16EndpointWrappers4callB5_
FN:6,_RNvYpNtCsbzYz0eE10De_13common_tokens16EndpointWrappers17callback_selectorB5_
FN:6,_RNvYpNtCsbzYz0eE10De_13common_tokens16EndpointWrappers8callbackB5_
FN:6,_RNvXs1_CsbzYz0eE10De_13common_tokensNtB5_11AbiProviderNtNtNtCsuR9Stiu5fw_13multiversx_sc13contract_base21contract_abi_provider19ContractAbiProvider3abi
FN:6,_RNvXINICsbzYz0eE10De_13common_tokenss5_0pEINtB5_11ContractObjpENtNtNtCsuR9Stiu5fw_13multiversx_sc13contract_base17callable_contract16CallableContract4callB5_
FN:6,_RINvCsbzYz0eE10De_13common_tokens12contract_objpEB2_
FN:6,_RINvXs6_CsbzYz0eE10De_13common_tokensNtB6_15ContractBuilderNtNtNtCsuR9Stiu5fw_13multiversx_sc13contract_base17callable_contract23CallableContractBuilder16new_contract_objpEB6_
FN:6,_RINvNtCsbzYz0eE10De_13common_tokens19___wasm__endpoints__13account_tokenpEB4_
FN:6,_RINvNtCsbzYz0eE10De_13common_tokens19___wasm__endpoints__17account_positionspEB4_
FN:6,_RNvYpNtCsbzYz0eE10De_13common_tokens10ProxyTrait13account_tokenB5_
FN:6,_RNvYpNtCsbzYz0eE10De_13common_tokens10ProxyTrait17account_positionsB5_
FN:6,_RNvXCseG9bQqUqmdR_13common_tokensINtCslbjKLW2MucM_14liquidity_pool11ContractObjINtNtNtNtCsgHl0N9pM6oi_22multiversx_sc_scenario3api7impl_vh12vm_hooks_api10VMHooksApiNtNtB1k_9debug_api15DebugApiBackendEENtB2_18AccountTokenModule13account_tokenCs1ITXUF1EVYe_10rust_tests
FN:6,_RNvXCseG9bQqUqmdR_13common_tokensINtCslbjKLW2MucM_14liquidity_pool11ContractObjINtNtNtNtCsgHl0N9pM6oi_22multiversx_sc_scenario3api7impl_vh12vm_hooks_api10VMHooksApiNtNtB1k_9debug_api15DebugApiBackendEENtB2_18AccountTokenModule17account_positionsCs1ITXUF1EVYe_10rust_tests
FN:6,_RNvYINtCslbjKLW2MucM_14liquidity_pool11ContractObjINtNtNtNtCsgHl0N9pM6oi_22multiversx_sc_scenario3api7impl_vh12vm_hooks_api10VMHooksApiNtNtBR_9debug_api15DebugApiBackendEENtCseG9bQqUqmdR_13common_tokens16EndpointWrappers17callback_selectorCs1ITXUF1EVYe_10rust_tests
FN:6,_RNvYINtCslbjKLW2MucM_14liquidity_pool11ContractObjINtNtNtNtCsgHl0N9pM6oi_22multiversx_sc_scenario3api7impl_vh12vm_hooks_api10VMHooksApiNtNtBR_9debug_api15DebugApiBackendEENtCseG9bQqUqmdR_13common_tokens16EndpointWrappers18call_account_tokenCs1ITXUF1EVYe_10rust_tests
FN:6,_RNvYINtCslbjKLW2MucM_14liquidity_pool11ContractObjINtNtNtNtCsgHl0N9pM6oi_22multiversx_sc_scenario3api7impl_vh12vm_hooks_api10VMHooksApiNtNtBR_9debug_api15DebugApiBackendEENtCseG9bQqUqmdR_13common_tokens16EndpointWrappers22call_account_positionsCs1ITXUF1EVYe_10rust_tests
FN:6,_RNvYINtCslbjKLW2MucM_14liquidity_pool11ContractObjINtNtNtNtCsgHl0N9pM6oi_22multiversx_sc_scenario3api7impl_vh12vm_hooks_api10VMHooksApiNtNtBR_9debug_api15DebugApiBackendEENtCseG9bQqUqmdR_13common_tokens16EndpointWrappers4callCs1ITXUF1EVYe_10rust_tests
FN:6,_RNvYINtCslbjKLW2MucM_14liquidity_pool11ContractObjINtNtNtNtCsgHl0N9pM6oi_22multiversx_sc_scenario3api7impl_vh12vm_hooks_api10VMHooksApiNtNtBR_9debug_api15DebugApiBackendEENtCseG9bQqUqmdR_13common_tokens16EndpointWrappers8callbackCs1ITXUF1EVYe_10rust_tests
FN:6,_RNvXCseG9bQqUqmdR_13common_tokensINtCs2O8fD2ghovG_12lending_pool11ContractObjINtNtNtNtCsgHl0N9pM6oi_22multiversx_sc_scenario3api7impl_vh12vm_hooks_api10VMHooksApiNtNtB1i_9debug_api15DebugApiBackendEENtB2_18AccountTokenModule13account_tokenCs1ITXUF1EVYe_10rust_tests
FN:6,_RNvXCseG9bQqUqmdR_13common_tokensINtCs2O8fD2ghovG_12lending_pool11ContractObjINtNtNtNtCsgHl0N9pM6oi_22multiversx_sc_scenario3api7impl_vh12vm_hooks_api10VMHooksApiNtNtB1i_9debug_api15DebugApiBackendEENtB2_18AccountTokenModule17account_positionsCs1ITXUF1EVYe_10rust_tests
FN:6,_RNvYINtCs2O8fD2ghovG_12lending_pool11ContractObjINtNtNtNtCsgHl0N9pM6oi_22multiversx_sc_scenario3api7impl_vh12vm_hooks_api10VMHooksApiNtNtBP_9debug_api15DebugApiBackendEENtCseG9bQqUqmdR_13common_tokens16EndpointWrappers17callback_selectorCs1ITXUF1EVYe_10rust_tests
FN:6,_RNvYINtCs2O8fD2ghovG_12lending_pool11ContractObjINtNtNtNtCsgHl0N9pM6oi_22multiversx_sc_scenario3api7impl_vh12vm_hooks_api10VMHooksApiNtNtBP_9debug_api15DebugApiBackendEENtCseG9bQqUqmdR_13common_tokens16EndpointWrappers18call_account_tokenCs1ITXUF1EVYe_10rust_tests
FN:6,_RNvYINtCs2O8fD2ghovG_12lending_pool11ContractObjINtNtNtNtCsgHl0N9pM6oi_22multiversx_sc_scenario3api7impl_vh12vm_hooks_api10VMHooksApiNtNtBP_9debug_api15DebugApiBackendEENtCseG9bQqUqmdR_13common_tokens16EndpointWrappers22call_account_positionsCs1ITXUF1EVYe_10rust_tests
FN:6,_RNvYINtCs2O8fD2ghovG_12lending_pool11ContractObjINtNtNtNtCsgHl0N9pM6oi_22multiversx_sc_scenario3api7impl_vh12vm_hooks_api10VMHooksApiNtNtBP_9debug_api15DebugApiBackendEENtCseG9bQqUqmdR_13common_tokens16EndpointWrappers4callCs1ITXUF1EVYe_10rust_tests
FN:6,_RNvYINtCs2O8fD2ghovG_12lending_pool11ContractObjINtNtNtNtCsgHl0N9pM6oi_22multiversx_sc_scenario3api7impl_vh12vm_hooks_api10VMHooksApiNtNtBP_9debug_api15DebugApiBackendEENtCseG9bQqUqmdR_13common_tokens16EndpointWrappers8callbackCs1ITXUF1EVYe_10rust_tests
FN:23,_RNvYINtCs2O8fD2ghovG_12lending_pool11ContractObjINtNtNtNtCsgHl0N9pM6oi_22multiversx_sc_scenario3api7impl_vh12vm_hooks_api10VMHooksApiNtNtBP_9debug_api15DebugApiBackendEENtCseG9bQqUqmdR_13common_tokens18AccountTokenModule27lending_account_token_validCs1ITXUF1EVYe_10rust_tests
FN:16,_RNvYINtCs2O8fD2ghovG_12lending_pool11ContractObjINtNtNtNtCsgHl0N9pM6oi_22multiversx_sc_scenario3api7impl_vh12vm_hooks_api10VMHooksApiNtNtBP_9debug_api15DebugApiBackendEENtCseG9bQqUqmdR_13common_tokens18AccountTokenModule29lending_account_in_the_marketCs1ITXUF1EVYe_10rust_tests
FNDA:0,_RNvYpNtCsbzYz0eE10De_13common_tokens18AccountTokenModule29lending_account_in_the_marketB5_
FNDA:0,_RNvYpNtCsbzYz0eE10De_13common_tokens18AccountTokenModule27lending_account_token_validB5_
FNDA:0,_RNvXINICsbzYz0eE10De_13common_tokens0pEpNtB5_18AccountTokenModule13account_tokenB5_
FNDA:0,_RNvXINICsbzYz0eE10De_13common_tokens0pEpNtB5_18AccountTokenModule17account_positionsB5_
FNDA:0,_RNvYpNtCsbzYz0eE10De_13common_tokens16EndpointWrappers18call_account_tokenB5_
FNDA:0,_RNvYpNtCsbzYz0eE10De_13common_tokens16EndpointWrappers22call_account_positionsB5_
FNDA:0,_RNvYpNtCsbzYz0eE10De_13common_tokens16EndpointWrappers4callB5_
FNDA:0,_RNvYpNtCsbzYz0eE10De_13common_tokens16EndpointWrappers17callback_selectorB5_
FNDA:0,_RNvYpNtCsbzYz0eE10De_13common_tokens16EndpointWrappers8callbackB5_
FNDA:0,_RNvXs1_CsbzYz0eE10De_13common_tokensNtB5_11AbiProviderNtNtNtCsuR9Stiu5fw_13multiversx_sc13contract_base21contract_abi_provider19ContractAbiProvider3abi
FNDA:0,_RNvXINICsbzYz0eE10De_13common_tokenss5_0pEINtB5_11ContractObjpENtNtNtCsuR9Stiu5fw_13multiversx_sc13contract_base17callable_contract16CallableContract4callB5_
FNDA:0,_RINvCsbzYz0eE10De_13common_tokens12contract_objpEB2_
FNDA:0,_RINvXs6_CsbzYz0eE10De_13common_tokensNtB6_15ContractBuilderNtNtNtCsuR9Stiu5fw_13multiversx_sc13contract_base17callable_contract23CallableContractBuilder16new_contract_objpEB6_
FNDA:0,_RINvNtCsbzYz0eE10De_13common_tokens19___wasm__endpoints__13account_tokenpEB4_
FNDA:0,_RINvNtCsbzYz0eE10De_13common_tokens19___wasm__endpoints__17account_positionspEB4_
FNDA:0,_RNvYpNtCsbzYz0eE10De_13common_tokens10ProxyTrait13account_tokenB5_
FNDA:0,_RNvYpNtCsbzYz0eE10De_13common_tokens10ProxyTrait17account_positionsB5_
FNDA:0,_RNvXCseG9bQqUqmdR_13common_tokensINtCslbjKLW2MucM_14liquidity_pool11ContractObjINtNtNtNtCsgHl0N9pM6oi_22multiversx_sc_scenario3api7impl_vh12vm_hooks_api10VMHooksApiNtNtB1k_9debug_api15DebugApiBackendEENtB2_18AccountTokenModule13account_tokenCs1ITXUF1EVYe_10rust_tests
FNDA:0,_RNvXCseG9bQqUqmdR_13common_tokensINtCslbjKLW2MucM_14liquidity_pool11ContractObjINtNtNtNtCsgHl0N9pM6oi_22multiversx_sc_scenario3api7impl_vh12vm_hooks_api10VMHooksApiNtNtB1k_9debug_api15DebugApiBackendEENtB2_18AccountTokenModule17account_positionsCs1ITXUF1EVYe_10rust_tests
FNDA:0,_RNvYINtCslbjKLW2MucM_14liquidity_pool11ContractObjINtNtNtNtCsgHl0N9pM6oi_22multiversx_sc_scenario3api7impl_vh12vm_hooks_api10VMHooksApiNtNtBR_9debug_api15DebugApiBackendEENtCseG9bQqUqmdR_13common_tokens16EndpointWrappers17callback_selectorCs1ITXUF1EVYe_10rust_tests
FNDA:0,_RNvYINtCslbjKLW2MucM_14liquidity_pool11ContractObjINtNtNtNtCsgHl0N9pM6oi_22multiversx_sc_scenario3api7impl_vh12vm_hooks_api10VMHooksApiNtNtBR_9debug_api15DebugApiBackendEENtCseG9bQqUqmdR_13common_tokens16EndpointWrappers18call_account_tokenCs1ITXUF1EVYe_10rust_tests
FNDA:0,_RNvYINtCslbjKLW2MucM_14liquidity_pool11ContractObjINtNtNtNtCsgHl0N9pM6oi_22multiversx_sc_scenario3api7impl_vh12vm_hooks_api10VMHooksApiNtNtBR_9debug_api15DebugApiBackendEENtCseG9bQqUqmdR_13common_tokens16EndpointWrappers22call_account_positionsCs1ITXUF1EVYe_10rust_tests
FNDA:0,_RNvYINtCslbjKLW2MucM_14liquidity_pool11ContractObjINtNtNtNtCsgHl0N9pM6oi_22multiversx_sc_scenario3api7impl_vh12vm_hooks_api10VMHooksApiNtNtBR_9debug_api15DebugApiBackendEENtCseG9bQqUqmdR_13common_tokens16EndpointWrappers4callCs1ITXUF1EVYe_10rust_tests
FNDA:0,_RNvYINtCslbjKLW2MucM_14liquidity_pool11ContractObjINtNtNtNtCsgHl0N9pM6oi_22multiversx_sc_scenario3api7impl_vh12vm_hooks_api10VMHooksApiNtNtBR_9debug_api15DebugApiBackendEENtCseG9bQqUqmdR_13common_tokens16EndpointWrappers8callbackCs1ITXUF1EVYe_10rust_tests
FNDA:15,_RNvXCseG9bQqUqmdR_13common_tokensINtCs2O8fD2ghovG_12lending_pool11ContractObjINtNtNtNtCsgHl0N9pM6oi_22multiversx_sc_scenario3api7impl_vh12vm_hooks_api10VMHooksApiNtNtB1i_9debug_api15DebugApiBackendEENtB2_18AccountTokenModule13account_tokenCs1ITXUF1EVYe_10rust_tests
FNDA:14,_RNvXCseG9bQqUqmdR_13common_tokensINtCs2O8fD2ghovG_12lending_pool11ContractObjINtNtNtNtCsgHl0N9pM6oi_22multiversx_sc_scenario3api7impl_vh12vm_hooks_api10VMHooksApiNtNtB1i_9debug_api15DebugApiBackendEENtB2_18AccountTokenModule17account_positionsCs1ITXUF1EVYe_10rust_tests
FNDA:0,_RNvYINtCs2O8fD2ghovG_12lending_pool11ContractObjINtNtNtNtCsgHl0N9pM6oi_22multiversx_sc_scenario3api7impl_vh12vm_hooks_api10VMHooksApiNtNtBP_9debug_api15DebugApiBackendEENtCseG9bQqUqmdR_13common_tokens16EndpointWrappers17callback_selectorCs1ITXUF1EVYe_10rust_tests
[...]
FNDA:0,_RINvNtNtCslyfcTcHVReP_14liquidity_pool9liquidity19___wasm__endpoints__17remove_collateralpEB6_
FNDA:0,_RINvNtNtCslyfcTcHVReP_14liquidity_pool9liquidity19___wasm__endpoints__5repaypEB6_
FNDA:0,_RINvNtNtCslyfcTcHVReP_14liquidity_pool9liquidity19___wasm__endpoints__11send_tokenspEB6_
FNDA:0,_RINvYpNtNtCslyfcTcHVReP_14liquidity_pool9liquidity10ProxyTrait31update_collateral_with_interestpEB8_
FNDA:0,_RINvYpNtNtCslyfcTcHVReP_14liquidity_pool9liquidity10ProxyTrait24update_borrows_with_debtpEB8_
FNDA:0,_RINvYpNtNtCslyfcTcHVReP_14liquidity_pool9liquidity10ProxyTrait14add_collateralpEB8_
FNDA:0,_RINvYpNtNtCslyfcTcHVReP_14liquidity_pool9liquidity10ProxyTrait6borrowpppEB8_
FNDA:0,_RINvYpNtNtCslyfcTcHVReP_14liquidity_pool9liquidity10ProxyTrait17remove_collateralpppEB8_
FNDA:0,_RINvYpNtNtCslyfcTcHVReP_14liquidity_pool9liquidity10ProxyTrait5repayppEB8_
FNDA:0,_RINvYpNtNtCslyfcTcHVReP_14liquidity_pool9liquidity10ProxyTrait11send_tokensppEB8_
FNDA:0,_RNvYINtCslbjKLW2MucM_14liquidity_pool11ContractObjINtNtNtNtCsgHl0N9pM6oi_22multiversx_sc_scenario3api7impl_vh12vm_hooks_api10VMHooksApiNtNtBR_9debug_api15DebugApiBackendEENtNtB5_9liquidity15LiquidityModule11send_tokensCs1ITXUF1EVYe_10rust_tests
FNDA:9,_RNvYINtCslbjKLW2MucM_14liquidity_pool11ContractObjINtNtNtNtCsgHl0N9pM6oi_22multiversx_sc_scenario3api7impl_vh12vm_hooks_api10VMHooksApiNtNtBR_9debug_api15DebugApiBackendEENtNtB5_9liquidity15LiquidityModule14add_collateralCs1ITXUF1EVYe_10rust_tests
FNDA:2,_RNvYINtCslbjKLW2MucM_14liquidity_pool11ContractObjINtNtNtNtCsgHl0N9pM6oi_22multiversx_sc_scenario3api7impl_vh12vm_hooks_api10VMHooksApiNtNtBR_9debug_api15DebugApiBackendEENtNtB5_9liquidity15LiquidityModule17remove_collateralCs1ITXUF1EVYe_10rust_tests
FNDA:1,_RNvYINtCslbjKLW2MucM_14liquidity_pool11ContractObjINtNtNtNtCsgHl0N9pM6oi_22multiversx_sc_scenario3api7impl_vh12vm_hooks_api10VMHooksApiNtNtBR_9debug_api15DebugApiBackendEENtNtB5_9liquidity15LiquidityModule24update_borrows_with_debtCs1ITXUF1EVYe_10rust_tests
FNDA:0,_RNvYINtCslbjKLW2MucM_14liquidity_pool11ContractObjINtNtNtNtCsgHl0N9pM6oi_22multiversx_sc_scenario3api7impl_vh12vm_hooks_api10VMHooksApiNtNtBR_9debug_api15DebugApiBackendEENtNtB5_9liquidity15LiquidityModule31update_collateral_with_interestCs1ITXUF1EVYe_10rust_tests
FNDA:1,_RNvYINtCslbjKLW2MucM_14liquidity_pool11ContractObjINtNtNtNtCsgHl0N9pM6oi_22multiversx_sc_scenario3api7impl_vh12vm_hooks_api10VMHooksApiNtNtBR_9debug_api15DebugApiBackendEENtNtB5_9liquidity15LiquidityModule5repayCs1ITXUF1EVYe_10rust_tests
FNDA:2,_RNvYINtCslbjKLW2MucM_14liquidity_pool11ContractObjINtNtNtNtCsgHl0N9pM6oi_22multiversx_sc_scenario3api7impl_vh12vm_hooks_api10VMHooksApiNtNtBR_9debug_api15DebugApiBackendEENtNtB5_9liquidity15LiquidityModule6borrowCs1ITXUF1EVYe_10rust_tests
FNDA:0,_RNvYINtCslbjKLW2MucM_14liquidity_pool11ContractObjINtNtNtNtCsgHl0N9pM6oi_22multiversx_sc_scenario3api7impl_vh12vm_hooks_api10VMHooksApiNtNtBR_9debug_api15DebugApiBackendEENtNtB5_9liquidity16EndpointWrappers10call_repayCs1ITXUF1EVYe_10rust_tests
FNDA:0,_RNvYINtCslbjKLW2MucM_14liquidity_pool11ContractObjINtNtNtNtCsgHl0N9pM6oi_22multiversx_sc_scenario3api7impl_vh12vm_hooks_api10VMHooksApiNtNtBR_9debug_api15DebugApiBackendEENtNtB5_9liquidity16EndpointWrappers11call_borrowCs1ITXUF1EVYe_10rust_tests
FNDA:0,_RNvYINtCslbjKLW2MucM_14liquidity_pool11ContractObjINtNtNtNtCsgHl0N9pM6oi_22multiversx_sc_scenario3api7impl_vh12vm_hooks_api10VMHooksApiNtNtBR_9debug_api15DebugApiBackendEENtNtB5_9liquidity16EndpointWrappers16call_send_tokensCs1ITXUF1EVYe_10rust_tests
FNDA:0,_RNvYINtCslbjKLW2MucM_14liquidity_pool11ContractObjINtNtNtNtCsgHl0N9pM6oi_22multiversx_sc_scenario3api7impl_vh12vm_hooks_api10VMHooksApiNtNtBR_9debug_api15DebugApiBackendEENtNtB5_9liquidity16EndpointWrappers17callback_selectorCs1ITXUF1EVYe_10rust_tests
FNDA:0,_RNvYINtCslbjKLW2MucM_14liquidity_pool11ContractObjINtNtNtNtCsgHl0N9pM6oi_22multiversx_sc_scenario3api7impl_vh12vm_hooks_api10VMHooksApiNtNtBR_9debug_api15DebugApiBackendEENtNtB5_9liquidity16EndpointWrappers19call_add_collateralCs1ITXUF1EVYe_10rust_tests
FNDA:0,_RNvYINtCslbjKLW2MucM_14liquidity_pool11ContractObjINtNtNtNtCsgHl0N9pM6oi_22multiversx_sc_scenario3api7impl_vh12vm_hooks_api10VMHooksApiNtNtBR_9debug_api15DebugApiBackendEENtNtB5_9liquidity16EndpointWrappers22call_remove_collateralCs1ITXUF1EVYe_10rust_tests
FNDA:0,_RNvYINtCslbjKLW2MucM_14liquidity_pool11ContractObjINtNtNtNtCsgHl0N9pM6oi_22multiversx_sc_scenario3api7impl_vh12vm_hooks_api10VMHooksApiNtNtBR_9debug_api15DebugApiBackendEENtNtB5_9liquidity16EndpointWrappers29call_update_borrows_with_debtCs1ITXUF1EVYe_10rust_tests
FNDA:0,_RNvYINtCslbjKLW2MucM_14liquidity_pool11ContractObjINtNtNtNtCsgHl0N9pM6oi_22multiversx_sc_scenario3api7impl_vh12vm_hooks_api10VMHooksApiNtNtBR_9debug_api15DebugApiBackendEENtNtB5_9liquidity16EndpointWrappers36call_update_collateral_with_interestCs1ITXUF1EVYe_10rust_tests
FNDA:0,_RNvYINtCslbjKLW2MucM_14liquidity_pool11ContractObjINtNtNtNtCsgHl0N9pM6oi_22multiversx_sc_scenario3api7impl_vh12vm_hooks_api10VMHooksApiNtNtBR_9debug_api15DebugApiBackendEENtNtB5_9liquidity16EndpointWrappers4callCs1ITXUF1EVYe_10rust_tests
FNDA:0,_RNvYINtCslbjKLW2MucM_14liquidity_pool11ContractObjINtNtNtNtCsgHl0N9pM6oi_22multiversx_sc_scenario3api7impl_vh12vm_hooks_api10VMHooksApiNtNtBR_9debug_api15DebugApiBackendEENtNtB5_9liquidity16EndpointWrappers8callbackCs1ITXUF1EVYe_10rust_tests
FNF:8
FNH:5
DA:11,0
DA:28,0
DA:29,0
DA:30,0
DA:39,1
DA:40,1
DA:41,1
DA:50,9
DA:51,9
DA:52,9
DA:53,9
DA:54,9
DA:55,9
DA:56,9
DA:57,9
DA:58,0
DA:61,9
DA:62,9
DA:63,9
DA:64,3
DA:65,3
DA:66,6
DA:68,9
DA:69,9
DA:70,9
DA:71,9
DA:72,9
DA:73,9
DA:74,9
DA:75,9
DA:76,9
DA:77,9
DA:78,9
DA:79,9
DA:80,9
DA:81,9
DA:82,9
DA:83,9
DA:84,9
DA:85,9
DA:96,2
DA:97,2
DA:98,2
DA:99,2
DA:100,2
DA:101,2
DA:102,2
DA:103,0
DA:106,2
DA:107,2
DA:108,0
DA:109,0
DA:110,2
DA:112,2
DA:113,2
DA:114,2
DA:115,2
DA:116,2
DA:117,2
DA:118,2
DA:119,2
DA:120,2
DA:121,2
DA:122,2
DA:123,2
DA:124,2
DA:125,2
DA:126,2
DA:127,2
DA:128,2
DA:129,2
DA:130,2
DA:131,2
DA:132,2
DA:133,2
DA:144,2
DA:145,2
DA:146,2
DA:147,2
DA:148,2
DA:149,2
DA:150,2
DA:151,2
DA:152,2
DA:153,2
DA:154,2
DA:155,2
DA:156,2
DA:157,2
DA:158,2
DA:159,0
DA:162,2
DA:163,2
DA:164,2
DA:165,2
DA:166,0
DA:169,2
DA:170,2
DA:171,2
DA:172,2
DA:173,2
DA:174,2
DA:175,2
DA:176,2
DA:177,2
DA:178,2
DA:179,2
DA:180,2
DA:181,2
DA:182,2
DA:183,2
DA:184,2
DA:185,2
DA:186,2
DA:187,2
DA:188,2
DA:198,1
DA:199,1
DA:200,1
DA:201,1
DA:202,1
DA:203,1
DA:204,1
DA:205,1
DA:206,0
DA:209,1
DA:210,1
DA:211,1
DA:212,1
DA:213,1
DA:214,1
DA:215,1
DA:216,1
DA:217,1
DA:218,1
DA:219,0
DA:220,0
DA:221,0
DA:222,0
DA:223,0
DA:224,0
DA:225,1
DA:226,1
DA:227,1
DA:228,1
DA:229,1
DA:231,1
DA:232,1
DA:233,1
DA:234,1
DA:235,1
DA:236,1
DA:237,1
DA:242,0
DA:243,0
DA:244,0
DA:245,0
DA:246,0
DA:247,0
DA:248,0
DA:249,0
DA:250,0
BRF:0
BRH:0
LF:162
LH:136
end_of_record
SF:/Users/mihaieremia/GitHub/rs-lending/liquidity_pool/src/view.rs
FN:11,_RNvYpNtNtCslyfcTcHVReP_14liquidity_pool4view10ViewModule23get_capital_utilisationB7_
FN:19,_RNvYpNtNtCslyfcTcHVReP_14liquidity_pool4view10ViewModule17get_total_capitalB7_
FN:27,_RNvYpNtNtCslyfcTcHVReP_14liquidity_pool4view10ViewModule17get_debt_interestB7_
FN:34,_RNvYpNtNtCslyfcTcHVReP_14liquidity_pool4view10ViewModule16get_deposit_rateB7_
FN:47,_RNvYpNtNtCslyfcTcHVReP_14liquidity_pool4view10ViewModule15get_borrow_rateB7_
FN:60,_RNvYpNtNtCslyfcTcHVReP_14liquidity_pool4view10ViewModule21get_borrow_index_diffB7_
FN:8,_RNvYpNtNtCslyfcTcHVReP_14liquidity_pool4view16EndpointWrappers28call_get_capital_utilisationB7_
FN:8,_RNvYpNtNtCslyfcTcHVReP_14liquidity_pool4view16EndpointWrappers22call_get_total_capitalB7_
FN:8,_RNvYpNtNtCslyfcTcHVReP_14liquidity_pool4view16EndpointWrappers22call_get_debt_interestB7_
FN:8,_RNvYpNtNtCslyfcTcHVReP_14liquidity_pool4view16EndpointWrappers21call_get_deposit_rateB7_
FN:8,_RNvYpNtNtCslyfcTcHVReP_14liquidity_pool4view16EndpointWrappers20call_get_borrow_rateB7_
FN:8,_RNvYpNtNtCslyfcTcHVReP_14liquidity_pool4view16EndpointWrappers4callB7_
FN:8,_RNvYpNtNtCslyfcTcHVReP_14liquidity_pool4view16EndpointWrappers17callback_selectorB7_
FN:8,_RNvYpNtNtCslyfcTcHVReP_14liquidity_pool4view16EndpointWrappers8callbackB7_
FN:8,_RNvXs1_NtCslyfcTcHVReP_14liquidity_pool4viewNtB5_11AbiProviderNtNtNtCsuR9Stiu5fw_13multiversx_sc13contract_base21contract_abi_provider19ContractAbiProvider3abi
FN:8,_RNvXININtCslyfcTcHVReP_14liquidity_pool4views9_0pEINtB5_11ContractObjpENtNtNtCsuR9Stiu5fw_13multiversx_sc13contract_base17callable_contract16CallableContract4callB7_
FN:8,_RINvNtCslyfcTcHVReP_14liquidity_pool4view12contract_objpEB4_
FN:8,_RINvXsa_NtCslyfcTcHVReP_14liquidity_pool4viewNtB6_15ContractBuilderNtNtNtCsuR9Stiu5fw_13multiversx_sc13contract_base17callable_contract23CallableContractBuilder16new_contract_objpEB8_
FN:8,_RINvNtNtCslyfcTcHVReP_14liquidity_pool4view19___wasm__endpoints__23get_capital_utilisationpEB6_
FN:8,_RINvNtNtCslyfcTcHVReP_14liquidity_pool4view19___wasm__endpoints__17get_total_capitalpEB6_
FN:8,_RINvNtNtCslyfcTcHVReP_14liquidity_pool4view19___wasm__endpoints__17get_debt_interestpEB6_
FN:8,_RINvNtNtCslyfcTcHVReP_14liquidity_pool4view19___wasm__endpoints__16get_deposit_ratepEB6_
FN:8,_RINvNtNtCslyfcTcHVReP_14liquidity_pool4view19___wasm__endpoints__15get_borrow_ratepEB6_
FN:8,_RNvYpNtNtCslyfcTcHVReP_14liquidity_pool4view10ProxyTrait23get_capital_utilisationB7_
FN:8,_RNvYpNtNtCslyfcTcHVReP_14liquidity_pool4view10ProxyTrait17get_total_capitalB7_
FN:8,_RINvYpNtNtCslyfcTcHVReP_14liquidity_pool4view10ProxyTrait17get_debt_interestppEB8_
FN:8,_RNvYpNtNtCslyfcTcHVReP_14liquidity_pool4view10ProxyTrait16get_deposit_rateB7_
FN:8,_RNvYpNtNtCslyfcTcHVReP_14liquidity_pool4view10ProxyTrait15get_borrow_rateB7_
FN:47,_RNvYINtCslbjKLW2MucM_14liquidity_pool11ContractObjINtNtNtNtCsgHl0N9pM6oi_22multiversx_sc_scenario3api7impl_vh12vm_hooks_api10VMHooksApiNtNtBR_9debug_api15DebugApiBackendEENtNtB5_4view10ViewModule15get_borrow_rateCs1ITXUF1EVYe_10rust_tests
FN:34,_RNvYINtCslbjKLW2MucM_14liquidity_pool11ContractObjINtNtNtNtCsgHl0N9pM6oi_22multiversx_sc_scenario3api7impl_vh12vm_hooks_api10VMHooksApiNtNtBR_9debug_api15DebugApiBackendEENtNtB5_4view10ViewModule16get_deposit_rateCs1ITXUF1EVYe_10rust_tests
FN:27,_RNvYINtCslbjKLW2MucM_14liquidity_pool11ContractObjINtNtNtNtCsgHl0N9pM6oi_22multiversx_sc_scenario3api7impl_vh12vm_hooks_api10VMHooksApiNtNtBR_9debug_api15DebugApiBackendEENtNtB5_4view10ViewModule17get_debt_interestCs1ITXUF1EVYe_10rust_tests
FN:19,_RNvYINtCslbjKLW2MucM_14liquidity_pool11ContractObjINtNtNtNtCsgHl0N9pM6oi_22multiversx_sc_scenario3api7impl_vh12vm_hooks_api10VMHooksApiNtNtBR_9debug_api15DebugApiBackendEENtNtB5_4view10ViewModule17get_total_capitalCs1ITXUF1EVYe_10rust_tests
FN:60,_RNvYINtCslbjKLW2MucM_14liquidity_pool11ContractObjINtNtNtNtCsgHl0N9pM6oi_22multiversx_sc_scenario3api7impl_vh12vm_hooks_api10VMHooksApiNtNtBR_9debug_api15DebugApiBackendEENtNtB5_4view10ViewModule21get_borrow_index_diffCs1ITXUF1EVYe_10rust_tests
FN:11,_RNvYINtCslbjKLW2MucM_14liquidity_pool11ContractObjINtNtNtNtCsgHl0N9pM6oi_22multiversx_sc_scenario3api7impl_vh12vm_hooks_api10VMHooksApiNtNtBR_9debug_api15DebugApiBackendEENtNtB5_4view10ViewModule23get_capital_utilisationCs1ITXUF1EVYe_10rust_tests
FN:8,_RNvYINtCslbjKLW2MucM_14liquidity_pool11ContractObjINtNtNtNtCsgHl0N9pM6oi_22multiversx_sc_scenario3api7impl_vh12vm_hooks_api10VMHooksApiNtNtBR_9debug_api15DebugApiBackendEENtNtB5_4view16EndpointWrappers17callback_selectorCs1ITXUF1EVYe_10rust_tests
FN:8,_RNvYINtCslbjKLW2MucM_14liquidity_pool11ContractObjINtNtNtNtCsgHl0N9pM6oi_22multiversx_sc_scenario3api7impl_vh12vm_hooks_api10VMHooksApiNtNtBR_9debug_api15DebugApiBackendEENtNtB5_4view16EndpointWrappers20call_get_borrow_rateCs1ITXUF1EVYe_10rust_tests
FN:8,_RNvYINtCslbjKLW2MucM_14liquidity_pool11ContractObjINtNtNtNtCsgHl0N9pM6oi_22multiversx_sc_scenario3api7impl_vh12vm_hooks_api10VMHooksApiNtNtBR_9debug_api15DebugApiBackendEENtNtB5_4view16EndpointWrappers21call_get_deposit_rateCs1ITXUF1EVYe_10rust_tests
FN:8,_RNvYINtCslbjKLW2MucM_14liquidity_pool11ContractObjINtNtNtNtCsgHl0N9pM6oi_22multiversx_sc_scenario3api7impl_vh12vm_hooks_api10VMHooksApiNtNtBR_9debug_api15DebugApiBackendEENtNtB5_4view16EndpointWrappers22call_get_debt_interestCs1ITXUF1EVYe_10rust_tests
FN:8,_RNvYINtCslbjKLW2MucM_14liquidity_pool11ContractObjINtNtNtNtCsgHl0N9pM6oi_22multiversx_sc_scenario3api7impl_vh12vm_hooks_api10VMHooksApiNtNtBR_9debug_api15DebugApiBackendEENtNtB5_4view16EndpointWrappers22call_get_total_capitalCs1ITXUF1EVYe_10rust_tests
FN:8,_RNvYINtCslbjKLW2MucM_14liquidity_pool11ContractObjINtNtNtNtCsgHl0N9pM6oi_22multiversx_sc_scenario3api7impl_vh12vm_hooks_api10VMHooksApiNtNtBR_9debug_api15DebugApiBackendEENtNtB5_4view16EndpointWrappers28call_get_capital_utilisationCs1ITXUF1EVYe_10rust_tests
FN:8,_RNvYINtCslbjKLW2MucM_14liquidity_pool11ContractObjINtNtNtNtCsgHl0N9pM6oi_22multiversx_sc_scenario3api7impl_vh12vm_hooks_api10VMHooksApiNtNtBR_9debug_api15DebugApiBackendEENtNtB5_4view16EndpointWrappers4callCs1ITXUF1EVYe_10rust_tests
FN:8,_RNvYINtCslbjKLW2MucM_14liquidity_pool11ContractObjINtNtNtNtCsgHl0N9pM6oi_22multiversx_sc_scenario3api7impl_vh12vm_hooks_api10VMHooksApiNtNtBR_9debug_api15DebugApiBackendEENtNtB5_4view16EndpointWrappers8callbackCs1ITXUF1EVYe_10rust_tests
FNDA:0,_RNvYpNtNtCslyfcTcHVReP_14liquidity_pool4view10ViewModule23get_capital_utilisationB7_
FNDA:0,_RNvYpNtNtCslyfcTcHVReP_14liquidity_pool4view10ViewModule17get_total_capitalB7_
FNDA:0,_RNvYpNtNtCslyfcTcHVReP_14liquidity_pool4view10ViewModule17get_debt_interestB7_
FNDA:0,_RNvYpNtNtCslyfcTcHVReP_14liquidity_pool4view10ViewModule16get_deposit_rateB7_
FNDA:0,_RNvYpNtNtCslyfcTcHVReP_14liquidity_pool4view10ViewModule15get_borrow_rateB7_
FNDA:0,_RNvYpNtNtCslyfcTcHVReP_14liquidity_pool4view10ViewModule21get_borrow_index_diffB7_
FNDA:0,_RNvYpNtNtCslyfcTcHVReP_14liquidity_pool4view16EndpointWrappers28call_get_capital_utilisationB7_
FNDA:0,_RNvYpNtNtCslyfcTcHVReP_14liquidity_pool4view16EndpointWrappers22call_get_total_capitalB7_
FNDA:0,_RNvYpNtNtCslyfcTcHVReP_14liquidity_pool4view16EndpointWrappers22call_get_debt_interestB7_
FNDA:0,_RNvYpNtNtCslyfcTcHVReP_14liquidity_pool4view16EndpointWrappers21call_get_deposit_rateB7_
FNDA:0,_RNvYpNtNtCslyfcTcHVReP_14liquidity_pool4view16EndpointWrappers20call_get_borrow_rateB7_
FNDA:0,_RNvYpNtNtCslyfcTcHVReP_14liquidity_pool4view16EndpointWrappers4callB7_
FNDA:0,_RNvYpNtNtCslyfcTcHVReP_14liquidity_pool4view16EndpointWrappers17callback_selectorB7_
FNDA:0,_RNvYpNtNtCslyfcTcHVReP_14liquidity_pool4view16EndpointWrappers8callbackB7_
FNDA:0,_RNvXs1_NtCslyfcTcHVReP_14liquidity_pool4viewNtB5_11AbiProviderNtNtNtCsuR9Stiu5fw_13multiversx_sc13contract_base21contract_abi_provider19ContractAbiProvider3abi
FNDA:0,_RNvXININtCslyfcTcHVReP_14liquidity_pool4views9_0pEINtB5_11ContractObjpENtNtNtCsuR9Stiu5fw_13multiversx_sc13contract_base17callable_contract16CallableContract4callB7_
FNDA:0,_RINvNtCslyfcTcHVReP_14liquidity_pool4view12contract_objpEB4_
FNDA:0,_RINvXsa_NtCslyfcTcHVReP_14liquidity_pool4viewNtB6_15ContractBuilderNtNtNtCsuR9Stiu5fw_13multiversx_sc13contract_base17callable_contract23CallableContractBuilder16new_contract_objpEB8_
FNDA:0,_RINvNtNtCslyfcTcHVReP_14liquidity_pool4view19___wasm__endpoints__23get_capital_utilisationpEB6_
FNDA:0,_RINvNtNtCslyfcTcHVReP_14liquidity_pool4view19___wasm__endpoints__17get_total_capitalpEB6_
FNDA:0,_RINvNtNtCslyfcTcHVReP_14liquidity_pool4view19___wasm__endpoints__17get_debt_interestpEB6_
FNDA:0,_RINvNtNtCslyfcTcHVReP_14liquidity_pool4view19___wasm__endpoints__16get_deposit_ratepEB6_
FNDA:0,_RINvNtNtCslyfcTcHVReP_14liquidity_pool4view19___wasm__endpoints__15get_borrow_ratepEB6_
FNDA:0,_RNvYpNtNtCslyfcTcHVReP_14liquidity_pool4view10ProxyTrait23get_capital_utilisationB7_
FNDA:0,_RNvYpNtNtCslyfcTcHVReP_14liquidity_pool4view10ProxyTrait17get_total_capitalB7_
FNDA:0,_RINvYpNtNtCslyfcTcHVReP_14liquidity_pool4view10ProxyTrait17get_debt_interestppEB8_
FNDA:0,_RNvYpNtNtCslyfcTcHVReP_14liquidity_pool4view10ProxyTrait16get_deposit_rateB7_
FNDA:0,_RNvYpNtNtCslyfcTcHVReP_14liquidity_pool4view10ProxyTrait15get_borrow_rateB7_
FNDA:0,_RNvYINtCslbjKLW2MucM_14liquidity_pool11ContractObjINtNtNtNtCsgHl0N9pM6oi_22multiversx_sc_scenario3api7impl_vh12vm_hooks_api10VMHooksApiNtNtBR_9debug_api15DebugApiBackendEENtNtB5_4view10ViewModule15get_borrow_rateCs1ITXUF1EVYe_10rust_tests
FNDA:0,_RNvYINtCslbjKLW2MucM_14liquidity_pool11ContractObjINtNtNtNtCsgHl0N9pM6oi_22multiversx_sc_scenario3api7impl_vh12vm_hooks_api10VMHooksApiNtNtBR_9debug_api15DebugApiBackendEENtNtB5_4view10ViewModule16get_deposit_rateCs1ITXUF1EVYe_10rust_tests
FNDA:2,_RNvYINtCslbjKLW2MucM_14liquidity_pool11ContractObjINtNtNtNtCsgHl0N9pM6oi_22multiversx_sc_scenario3api7impl_vh12vm_hooks_api10VMHooksApiNtNtBR_9debug_api15DebugApiBackendEENtNtB5_4view10ViewModule17get_debt_interestCs1ITXUF1EVYe_10rust_tests
FNDA:0,_RNvYINtCslbjKLW2MucM_14liquidity_pool11ContractObjINtNtNtNtCsgHl0N9pM6oi_22multiversx_sc_scenario3api7impl_vh12vm_hooks_api10VMHooksApiNtNtBR_9debug_api15DebugApiBackendEENtNtB5_4view10ViewModule17get_total_capitalCs1ITXUF1EVYe_10rust_tests
FNDA:2,_RNvYINtCslbjKLW2MucM_14liquidity_pool11ContractObjINtNtNtNtCsgHl0N9pM6oi_22multiversx_sc_scenario3api7impl_vh12vm_hooks_api10VMHooksApiNtNtBR_9debug_api15DebugApiBackendEENtNtB5_4view10ViewModule21get_borrow_index_diffCs1ITXUF1EVYe_10rust_tests
FNDA:0,_RNvYINtCslbjKLW2MucM_14liquidity_pool11ContractObjINtNtNtNtCsgHl0N9pM6oi_22multiversx_sc_scenario3api7impl_vh12vm_hooks_api10VMHooksApiNtNtBR_9debug_api15DebugApiBackendEENtNtB5_4view10ViewModule23get_capital_utilisationCs1ITXUF1EVYe_10rust_tests
FNDA:0,_RNvYINtCslbjKLW2MucM_14liquidity_pool11ContractObjINtNtNtNtCsgHl0N9pM6oi_22multiversx_sc_scenario3api7impl_vh12vm_hooks_api10VMHooksApiNtNtBR_9debug_api15DebugApiBackendEENtNtB5_4view16EndpointWrappers17callback_selectorCs1ITXUF1EVYe_10rust_tests
FNDA:0,_RNvYINtCslbjKLW2MucM_14liquidity_pool11ContractObjINtNtNtNtCsgHl0N9pM6oi_22multiversx_sc_scenario3api7impl_vh12vm_hooks_api10VMHooksApiNtNtBR_9debug_api15DebugApiBackendEENtNtB5_4view16EndpointWrappers20call_get_borrow_rateCs1ITXUF1EVYe_10rust_tests
FNDA:0,_RNvYINtCslbjKLW2MucM_14liquidity_pool11ContractObjINtNtNtNtCsgHl0N9pM6oi_22multiversx_sc_scenario3api7impl_vh12vm_hooks_api10VMHooksApiNtNtBR_9debug_api15DebugApiBackendEENtNtB5_4view16EndpointWrappers21call_get_deposit_rateCs1ITXUF1EVYe_10rust_tests
FNDA:0,_RNvYINtCslbjKLW2MucM_14liquidity_pool11ContractObjINtNtNtNtCsgHl0N9pM6oi_22multiversx_sc_scenario3api7impl_vh12vm_hooks_api10VMHooksApiNtNtBR_9debug_api15DebugApiBackendEENtNtB5_4view16EndpointWrappers22call_get_debt_interestCs1ITXUF1EVYe_10rust_tests
FNDA:0,_RNvYINtCslbjKLW2MucM_14liquidity_pool11ContractObjINtNtNtNtCsgHl0N9pM6oi_22multiversx_sc_scenario3api7impl_vh12vm_hooks_api10VMHooksApiNtNtBR_9debug_api15DebugApiBackendEENtNtB5_4view16EndpointWrappers22call_get_total_capitalCs1ITXUF1EVYe_10rust_tests
FNDA:0,_RNvYINtCslbjKLW2MucM_14liquidity_pool11ContractObjINtNtNtNtCsgHl0N9pM6oi_22multiversx_sc_scenario3api7impl_vh12vm_hooks_api10VMHooksApiNtNtBR_9debug_api15DebugApiBackendEENtNtB5_4view16EndpointWrappers28call_get_capital_utilisationCs1ITXUF1EVYe_10rust_tests
FNDA:0,_RNvYINtCslbjKLW2MucM_14liquidity_pool11ContractObjINtNtNtNtCsgHl0N9pM6oi_22multiversx_sc_scenario3api7impl_vh12vm_hooks_api10VMHooksApiNtNtBR_9debug_api15DebugApiBackendEENtNtB5_4view16EndpointWrappers4callCs1ITXUF1EVYe_10rust_tests
FNDA:0,_RNvYINtCslbjKLW2MucM_14liquidity_pool11ContractObjINtNtNtNtCsgHl0N9pM6oi_22multiversx_sc_scenario3api7impl_vh12vm_hooks_api10VMHooksApiNtNtBR_9debug_api15DebugApiBackendEENtNtB5_4view16EndpointWrappers8callbackCs1ITXUF1EVYe_10rust_tests
FNF:7
FNH:2
DA:8,0
DA:11,0
DA:12,0
DA:13,0
DA:14,0
DA:15,0
DA:19,0
DA:20,0
DA:21,0
DA:22,0
DA:23,0
DA:27,2
DA:28,2
DA:29,2
DA:30,2
DA:34,0
DA:35,0
DA:36,0
DA:37,0
DA:38,0
DA:39,0
DA:40,0
DA:41,0
DA:42,0
DA:43,0
DA:47,0
DA:48,0
DA:49,0
DA:50,0
DA:51,0
DA:52,0
DA:53,0
DA:54,0
DA:55,0
DA:56,0
DA:57,0
DA:60,2
DA:61,2
DA:62,2
DA:63,2
DA:64,0
DA:67,2
BRF:0
BRH:0
LF:42
LH:9
end_of_record