SF:/Users/mihaieremia/GitHub/rs-lending/common/events/src/events.rs
FN:46,_RNvYpNtCs6ONkJ4f8HFg_13common_events12EventsModule25update_market_state_eventB5_
FN:7,_RNvXINICs6ONkJ4f8HFg_13common_events0pEpNtB5_12EventsModule26create_market_params_eventB5_
FN:7,_RNvXINICs6ONkJ4f8HFg_13common_events0pEpNtB5_12EventsModule19market_params_eventB5_
FN:7,_RNvXINICs6ONkJ4f8HFg_13common_events0pEpNtB5_12EventsModule31__emit_update_market_state_eventB5_
FN:7,_RNvXINICs6ONkJ4f8HFg_13common_events0pEpNtB5_12EventsModule21update_position_eventB5_
FN:7,_RNvXINICs6ONkJ4f8HFg_13common_events0pEpNtB5_12EventsModule25update_debt_ceiling_eventB5_
FN:7,_RNvXINICs6ONkJ4f8HFg_13common_events0pEpNtB5_12EventsModule34update_vault_supplied_amount_eventB5_
FN:7,_RNvXINICs6ONkJ4f8HFg_13common_events0pEpNtB5_12EventsModule25update_asset_config_eventB5_
FN:7,_RNvXINICs6ONkJ4f8HFg_13common_events0pEpNtB5_12EventsModule28update_e_mode_category_eventB5_
FN:7,_RNvXINICs6ONkJ4f8HFg_13common_events0pEpNtB5_12EventsModule25update_e_mode_asset_eventB5_
FN:7,_RNvYpNtCs6ONkJ4f8HFg_13common_events16EndpointWrappers4callB5_
FN:7,_RNvYpNtCs6ONkJ4f8HFg_13common_events16EndpointWrappers17callback_selectorB5_
FN:7,_RNvYpNtCs6ONkJ4f8HFg_13common_events16EndpointWrappers8callbackB5_
FN:7,_RNvXs1_Cs6ONkJ4f8HFg_13common_eventsNtB5_11AbiProviderNtNtNtCslPMlHj3qn2H_13multiversx_sc13contract_base21contract_abi_provider19ContractAbiProvider3abi
FN:7,_RNvXINICs6ONkJ4f8HFg_13common_eventss5_0pEINtB5_11ContractObjpENtNtNtCslPMlHj3qn2H_13multiversx_sc13contract_base17callable_contract16CallableContract4callB5_
FN:7,_RINvCs6ONkJ4f8HFg_13common_events12contract_objpEB2_
FN:7,_RINvXs6_Cs6ONkJ4f8HFg_13common_eventsNtB6_15ContractBuilderNtNtNtCslPMlHj3qn2H_13multiversx_sc13contract_base17callable_contract23CallableContractBuilder16new_contract_objpEB6_
FN:7,_RNvXCs3rOA4D9qoaG_13common_eventsINtCsbsTB6V03K8e_14liquidity_pool11ContractObjINtNtNtNtCs1rODQd5oASQ_22multiversx_sc_scenario3api7impl_vh12vm_hooks_api10VMHooksApiNtNtB1k_9debug_api15DebugApiBackendEENtB2_12EventsModule19market_params_eventCsccnIogsiy8K_5tests
FN:7,_RNvXCs3rOA4D9qoaG_13common_eventsINtCsbsTB6V03K8e_14liquidity_pool11ContractObjINtNtNtNtCs1rODQd5oASQ_22multiversx_sc_scenario3api7impl_vh12vm_hooks_api10VMHooksApiNtNtB1k_9debug_api15DebugApiBackendEENtB2_12EventsModule31__emit_update_market_state_eventCsccnIogsiy8K_5tests
FN:46,_RNvYINtCsbsTB6V03K8e_14liquidity_pool11ContractObjINtNtNtNtCs1rODQd5oASQ_22multiversx_sc_scenario3api7impl_vh12vm_hooks_api10VMHooksApiNtNtBR_9debug_api15DebugApiBackendEENtCs3rOA4D9qoaG_13common_events12EventsModule25update_market_state_eventCsccnIogsiy8K_5tests
FN:7,_RNvYINtCsbsTB6V03K8e_14liquidity_pool11ContractObjINtNtNtNtCs1rODQd5oASQ_22multiversx_sc_scenario3api7impl_vh12vm_hooks_api10VMHooksApiNtNtBR_9debug_api15DebugApiBackendEENtCs3rOA4D9qoaG_13common_events16EndpointWrappers17callback_selectorCsccnIogsiy8K_5tests
FN:7,_RNvYINtCsbsTB6V03K8e_14liquidity_pool11ContractObjINtNtNtNtCs1rODQd5oASQ_22multiversx_sc_scenario3api7impl_vh12vm_hooks_api10VMHooksApiNtNtBR_9debug_api15DebugApiBackendEENtCs3rOA4D9qoaG_13common_events16EndpointWrappers4callCsccnIogsiy8K_5tests
FN:7,_RNvYINtCsbsTB6V03K8e_14liquidity_pool11ContractObjINtNtNtNtCs1rODQd5oASQ_22multiversx_sc_scenario3api7impl_vh12vm_hooks_api10VMHooksApiNtNtBR_9debug_api15DebugApiBackendEENtCs3rOA4D9qoaG_13common_events16EndpointWrappers8callbackCsccnIogsiy8K_5tests
FN:7,_RNvXCs3rOA4D9qoaG_13common_eventsINtCs3aglMvM78jK_12lending_pool11ContractObjINtNtNtNtCs1rODQd5oASQ_22multiversx_sc_scenario3api7impl_vh12vm_hooks_api10VMHooksApiNtNtB1i_9debug_api15DebugApiBackendEENtB2_12EventsModule21update_position_eventCsccnIogsiy8K_5tests
FN:7,_RNvXCs3rOA4D9qoaG_13common_eventsINtCs3aglMvM78jK_12lending_pool11ContractObjINtNtNtNtCs1rODQd5oASQ_22multiversx_sc_scenario3api7impl_vh12vm_hooks_api10VMHooksApiNtNtB1i_9debug_api15DebugApiBackendEENtB2_12EventsModule25update_asset_config_eventCsccnIogsiy8K_5tests
FN:7,_RNvXCs3rOA4D9qoaG_13common_eventsINtCs3aglMvM78jK_12lending_pool11ContractObjINtNtNtNtCs1rODQd5oASQ_22multiversx_sc_scenario3api7impl_vh12vm_hooks_api10VMHooksApiNtNtB1i_9debug_api15DebugApiBackendEENtB2_12EventsModule25update_debt_ceiling_eventCsccnIogsiy8K_5tests
FN:7,_RNvXCs3rOA4D9qoaG_13common_eventsINtCs3aglMvM78jK_12lending_pool11ContractObjINtNtNtNtCs1rODQd5oASQ_22multiversx_sc_scenario3api7impl_vh12vm_hooks_api10VMHooksApiNtNtB1i_9debug_api15DebugApiBackendEENtB2_12EventsModule25update_e_mode_asset_eventCsccnIogsiy8K_5tests
FN:7,_RNvXCs3rOA4D9qoaG_13common_eventsINtCs3aglMvM78jK_12lending_pool11ContractObjINtNtNtNtCs1rODQd5oASQ_22multiversx_sc_scenario3api7impl_vh12vm_hooks_api10VMHooksApiNtNtB1i_9debug_api15DebugApiBackendEENtB2_12EventsModule26create_market_params_eventCsccnIogsiy8K_5tests
FN:7,_RNvXCs3rOA4D9qoaG_13common_eventsINtCs3aglMvM78jK_12lending_pool11ContractObjINtNtNtNtCs1rODQd5oASQ_22multiversx_sc_scenario3api7impl_vh12vm_hooks_api10VMHooksApiNtNtB1i_9debug_api15DebugApiBackendEENtB2_12EventsModule28update_e_mode_category_eventCsccnIogsiy8K_5tests
FN:7,_RNvXCs3rOA4D9qoaG_13common_eventsINtCs3aglMvM78jK_12lending_pool11ContractObjINtNtNtNtCs1rODQd5oASQ_22multiversx_sc_scenario3api7impl_vh12vm_hooks_api10VMHooksApiNtNtB1i_9debug_api15DebugApiBackendEENtB2_12EventsModule34update_vault_supplied_amount_eventCsccnIogsiy8K_5tests
FN:7,_RNvYINtCs3aglMvM78jK_12lending_pool11ContractObjINtNtNtNtCs1rODQd5oASQ_22multiversx_sc_scenario3api7impl_vh12vm_hooks_api10VMHooksApiNtNtBP_9debug_api15DebugApiBackendEENtCs3rOA4D9qoaG_13common_events16EndpointWrappers17callback_selectorCsccnIogsiy8K_5tests
FN:7,_RNvYINtCs3aglMvM78jK_12lending_pool11ContractObjINtNtNtNtCs1rODQd5oASQ_22multiversx_sc_scenario3api7impl_vh12vm_hooks_api10VMHooksApiNtNtBP_9debug_api15DebugApiBackendEENtCs3rOA4D9qoaG_13common_events16EndpointWrappers4callCsccnIogsiy8K_5tests
FN:7,_RNvYINtCs3aglMvM78jK_12lending_pool11ContractObjINtNtNtNtCs1rODQd5oASQ_22multiversx_sc_scenario3api7impl_vh12vm_hooks_api10VMHooksApiNtNtBP_9debug_api15DebugApiBackendEENtCs3rOA4D9qoaG_13common_events16EndpointWrappers8callbackCsccnIogsiy8K_5tests
FNDA:0,_RNvYpNtCs6ONkJ4f8HFg_13common_events12EventsModule25update_market_state_eventB5_
FNDA:0,_RNvXINICs6ONkJ4f8HFg_13common_events0pEpNtB5_12EventsModule26create_market_params_eventB5_
FNDA:0,_RNvXINICs6ONkJ4f8HFg_13common_events0pEpNtB5_12EventsModule19market_params_eventB5_
FNDA:0,_RNvXINICs6ONkJ4f8HFg_13common_events0pEpNtB5_12EventsModule31__emit_update_market_state_eventB5_
FNDA:0,_RNvXINICs6ONkJ4f8HFg_13common_events0pEpNtB5_12EventsModule21update_position_eventB5_
FNDA:0,_RNvXINICs6ONkJ4f8HFg_13common_events0pEpNtB5_12EventsModule25update_debt_ceiling_eventB5_
FNDA:0,_RNvXINICs6ONkJ4f8HFg_13common_events0pEpNtB5_12EventsModule34update_vault_supplied_amount_eventB5_
FNDA:0,_RNvXINICs6ONkJ4f8HFg_13common_events0pEpNtB5_12EventsModule25update_asset_config_eventB5_
FNDA:0,_RNvXINICs6ONkJ4f8HFg_13common_events0pEpNtB5_12EventsModule28update_e_mode_category_eventB5_
FNDA:0,_RNvXINICs6ONkJ4f8HFg_13common_events0pEpNtB5_12EventsModule25update_e_mode_asset_eventB5_
FNDA:0,_RNvYpNtCs6ONkJ4f8HFg_13common_events16EndpointWrappers4callB5_
FNDA:0,_RNvYpNtCs6ONkJ4f8HFg_13common_events16EndpointWrappers17callback_selectorB5_
FNDA:0,_RNvYpNtCs6ONkJ4f8HFg_13common_events16EndpointWrappers8callbackB5_
FNDA:0,_RNvXs1_Cs6ONkJ4f8HFg_13common_eventsNtB5_11AbiProviderNtNtNtCslPMlHj3qn2H_13multiversx_sc13contract_base21contract_abi_provider19ContractAbiProvider3abi
FNDA:0,_RNvXINICs6ONkJ4f8HFg_13common_eventss5_0pEINtB5_11ContractObjpENtNtNtCslPMlHj3qn2H_13multiversx_sc13contract_base17callable_contract16CallableContract4callB5_
FNDA:0,_RINvCs6ONkJ4f8HFg_13common_events12contract_objpEB2_
FNDA:0,_RINvXs6_Cs6ONkJ4f8HFg_13common_eventsNtB6_15ContractBuilderNtNtNtCslPMlHj3qn2H_13multiversx_sc13contract_base17callable_contract23CallableContractBuilder16new_contract_objpEB6_
FNDA:0,_RNvXCs3rOA4D9qoaG_13common_eventsINtCsbsTB6V03K8e_14liquidity_pool11ContractObjINtNtNtNtCs1rODQd5oASQ_22multiversx_sc_scenario3api7impl_vh12vm_hooks_api10VMHooksApiNtNtB1k_9debug_api15DebugApiBackendEENtB2_12EventsModule19market_params_eventCsccnIogsiy8K_5tests
FNDA:871,_RNvXCs3rOA4D9qoaG_13common_eventsINtCsbsTB6V03K8e_14liquidity_pool11ContractObjINtNtNtNtCs1rODQd5oASQ_22multiversx_sc_scenario3api7impl_vh12vm_hooks_api10VMHooksApiNtNtB1k_9debug_api15DebugApiBackendEENtB2_12EventsModule31__emit_update_market_state_eventCsccnIogsiy8K_5tests
FNDA:871,_RNvYINtCsbsTB6V03K8e_14liquidity_pool11ContractObjINtNtNtNtCs1rODQd5oASQ_22multiversx_sc_scenario3api7impl_vh12vm_hooks_api10VMHooksApiNtNtBR_9debug_api15DebugApiBackendEENtCs3rOA4D9qoaG_13common_events12EventsModule25update_market_state_eventCsccnIogsiy8K_5tests
FNDA:0,_RNvYINtCsbsTB6V03K8e_14liquidity_pool11ContractObjINtNtNtNtCs1rODQd5oASQ_22multiversx_sc_scenario3api7impl_vh12vm_hooks_api10VMHooksApiNtNtBR_9debug_api15DebugApiBackendEENtCs3rOA4D9qoaG_13common_events16EndpointWrappers17callback_selectorCsccnIogsiy8K_5tests
FNDA:945,_RNvYINtCsbsTB6V03K8e_14liquidity_pool11ContractObjINtNtNtNtCs1rODQd5oASQ_22multiversx_sc_scenario3api7impl_vh12vm_hooks_api10VMHooksApiNtNtBR_9debug_api15DebugApiBackendEENtCs3rOA4D9qoaG_13common_events16EndpointWrappers4callCsccnIogsiy8K_5tests
FNDA:0,_RNvYINtCsbsTB6V03K8e_14liquidity_pool11ContractObjINtNtNtNtCs1rODQd5oASQ_22multiversx_sc_scenario3api7impl_vh12vm_hooks_api10VMHooksApiNtNtBR_9debug_api15DebugApiBackendEENtCs3rOA4D9qoaG_13common_events16EndpointWrappers8callbackCsccnIogsiy8K_5tests
FNDA:875,_RNvXCs3rOA4D9qoaG_13common_eventsINtCs3aglMvM78jK_12lending_pool11ContractObjINtNtNtNtCs1rODQd5oASQ_22multiversx_sc_scenario3api7impl_vh12vm_hooks_api10VMHooksApiNtNtB1i_9debug_api15DebugApiBackendEENtB2_12EventsModule21update_position_eventCsccnIogsiy8K_5tests
FNDA:180,_RNvXCs3rOA4D9qoaG_13common_eventsINtCs3aglMvM78jK_12lending_pool11ContractObjINtNtNtNtCs1rODQd5oASQ_22multiversx_sc_scenario3api7impl_vh12vm_hooks_api10VMHooksApiNtNtB1i_9debug_api15DebugApiBackendEENtB2_12EventsModule25update_asset_config_eventCsccnIogsiy8K_5tests
FNDA:7,_RNvXCs3rOA4D9qoaG_13common_eventsINtCs3aglMvM78jK_12lending_pool11ContractObjINtNtNtNtCs1rODQd5oASQ_22multiversx_sc_scenario3api7impl_vh12vm_hooks_api10VMHooksApiNtNtB1i_9debug_api15DebugApiBackendEENtB2_12EventsModule25update_debt_ceiling_eventCsccnIogsiy8K_5tests
FNDA:180,_RNvXCs3rOA4D9qoaG_13common_eventsINtCs3aglMvM78jK_12lending_pool11ContractObjINtNtNtNtCs1rODQd5oASQ_22multiversx_sc_scenario3api7impl_vh12vm_hooks_api10VMHooksApiNtNtB1i_9debug_api15DebugApiBackendEENtB2_12EventsModule25update_e_mode_asset_eventCsccnIogsiy8K_5tests
FNDA:405,_RNvXCs3rOA4D9qoaG_13common_eventsINtCs3aglMvM78jK_12lending_pool11ContractObjINtNtNtNtCs1rODQd5oASQ_22multiversx_sc_scenario3api7impl_vh12vm_hooks_api10VMHooksApiNtNtB1i_9debug_api15DebugApiBackendEENtB2_12EventsModule26create_market_params_eventCsccnIogsiy8K_5tests
FNDA:45,_RNvXCs3rOA4D9qoaG_13common_eventsINtCs3aglMvM78jK_12lending_pool11ContractObjINtNtNtNtCs1rODQd5oASQ_22multiversx_sc_scenario3api7impl_vh12vm_hooks_api10VMHooksApiNtNtB1i_9debug_api15DebugApiBackendEENtB2_12EventsModule28update_e_mode_category_eventCsccnIogsiy8K_5tests
FNDA:14,_RNvXCs3rOA4D9qoaG_13common_eventsINtCs3aglMvM78jK_12lending_pool11ContractObjINtNtNtNtCs1rODQd5oASQ_22multiversx_sc_scenario3api7impl_vh12vm_hooks_api10VMHooksApiNtNtB1i_9debug_api15DebugApiBackendEENtB2_12EventsModule34update_vault_supplied_amount_eventCsccnIogsiy8K_5tests
FNDA:0,_RNvYINtCs3aglMvM78jK_12lending_pool11ContractObjINtNtNtNtCs1rODQd5oASQ_22multiversx_sc_scenario3api7impl_vh12vm_hooks_api10VMHooksApiNtNtBP_9debug_api15DebugApiBackendEENtCs3rOA4D9qoaG_13common_events16EndpointWrappers17callback_selectorCsccnIogsiy8K_5tests
FNDA:5545,_RNvYINtCs3aglMvM78jK_12lending_pool11ContractObjINtNtNtNtCs1rODQd5oASQ_22multiversx_sc_scenario3api7impl_vh12vm_hooks_api10VMHooksApiNtNtBP_9debug_api15DebugApiBackendEENtCs3rOA4D9qoaG_13common_events16EndpointWrappers4callCsccnIogsiy8K_5tests
FNDA:0,_RNvYINtCs3aglMvM78jK_12lending_pool11ContractObjINtNtNtNtCs1rODQd5oASQ_22multiversx_sc_scenario3api7impl_vh12vm_hooks_api10VMHooksApiNtNtBP_9debug_api15DebugApiBackendEENtCs3rOA4D9qoaG_13common_events16EndpointWrappers8callbackCsccnIogsiy8K_5tests
FNF:2
FNH:2
DA:7,6490
DA:46,871
DA:47,871
DA:48,871
DA:49,871
DA:50,871
DA:51,871
DA:52,871
DA:53,871
DA:54,871
DA:55,871
DA:56,871
DA:57,871
BRF:0
BRH:0
LF:13
LH:13
end_of_record
SF:/Users/mihaieremia/GitHub/rs-lending/common/structs/src/model.rs
FN:7,_RINvXINICs3o9EQk8eroe_14common_structss2d_0pEINtB6_10PoolParamspENtNtNtCs5SUGlJDgeoS_19multiversx_sc_codec6single6top_en9TopEncode24top_encode_or_handle_errppEB6_
FN:7,_RINvXINICs3o9EQk8eroe_14common_structss2e_0pEINtB6_10PoolParamspENtNtNtCs5SUGlJDgeoS_19multiversx_sc_codec6single6top_de9TopDecode24top_decode_or_handle_errppEB6_
FN:6,_RNvXINICs3o9EQk8eroe_14common_structss2c_0pEINtB5_10PoolParamspENtNtNtCslPMlHj3qn2H_13multiversx_sc3abi8type_abi7TypeAbi9type_nameB5_
FN:6,_RINvXINICs3o9EQk8eroe_14common_structss2c_0pEINtB6_10PoolParamspENtNtNtCslPMlHj3qn2H_13multiversx_sc3abi8type_abi7TypeAbi25provide_type_descriptionspEB6_
FN:20,_RINvXs21_Cs3o9EQk8eroe_14common_structsNtB7_19AccountPositionTypeNtNtNtNtNtCslPMlHj3qn2H_13multiversx_sc5types7managed7wrapped16managed_vec_item14ManagedVecItem16from_byte_readerpEB7_
FN:20,_RINvXs21_Cs3o9EQk8eroe_14common_structsNtB7_19AccountPositionTypeNtNtNtNtNtCslPMlHj3qn2H_13multiversx_sc5types7managed7wrapped16managed_vec_item14ManagedVecItem26from_byte_reader_as_borrowpEB7_
FN:20,_RINvXs21_Cs3o9EQk8eroe_14common_structsNtB7_19AccountPositionTypeNtNtNtNtNtCslPMlHj3qn2H_13multiversx_sc5types7managed7wrapped16managed_vec_item14ManagedVecItem16into_byte_writerppEB7_
FN:20,_RINvXs22_Cs3o9EQk8eroe_14common_structsNtB7_19AccountPositionTypeNtNtNtCs5SUGlJDgeoS_19multiversx_sc_codec6single9nested_en12NestedEncode24dep_encode_or_handle_errppEB7_
FN:20,_RINvXs23_Cs3o9EQk8eroe_14common_structsNtB7_19AccountPositionTypeNtNtNtCs5SUGlJDgeoS_19multiversx_sc_codec6single9nested_de12NestedDecode24dep_decode_or_handle_errppEB7_
FN:20,_RINvXs24_Cs3o9EQk8eroe_14common_structsNtB7_19AccountPositionTypeNtNtNtCs5SUGlJDgeoS_19multiversx_sc_codec6single6top_en9TopEncode24top_encode_or_handle_errppEB7_
FN:20,_RINvXs25_Cs3o9EQk8eroe_14common_structsNtB7_19AccountPositionTypeNtNtNtCs5SUGlJDgeoS_19multiversx_sc_codec6single6top_de9TopDecode24top_decode_or_handle_errppEB7_
FN:18,_RNvXs20_Cs3o9EQk8eroe_14common_structsNtB6_19AccountPositionTypeNtNtNtCslPMlHj3qn2H_13multiversx_sc3abi8type_abi7TypeAbi9type_name
FN:18,_RINvXs20_Cs3o9EQk8eroe_14common_structsNtB7_19AccountPositionTypeNtNtNtCslPMlHj3qn2H_13multiversx_sc3abi8type_abi7TypeAbi25provide_type_descriptionspEB7_
FN:29,_RINvXINICs3o9EQk8eroe_14common_structss1S_0pEINtB6_15AccountPositionpENtNtNtNtNtCslPMlHj3qn2H_13multiversx_sc5types7managed7wrapped16managed_vec_item14ManagedVecItem16from_byte_readerpEB6_
FN:29,_RNCINvXINICs3o9EQk8eroe_14common_structss1S_0pEINtB8_15AccountPositionpENtNtNtNtNtCslPMlHj3qn2H_13multiversx_sc5types7managed7wrapped16managed_vec_item14ManagedVecItem16from_byte_readerpE0B8_
FN:29,_RNCINvXINICs3o9EQk8eroe_14common_structss1S_0pEINtB8_15AccountPositionpENtNtNtNtNtCslPMlHj3qn2H_13multiversx_sc5types7managed7wrapped16managed_vec_item14ManagedVecItem16from_byte_readerpEs_0B8_
FN:29,_RNCINvXINICs3o9EQk8eroe_14common_structss1S_0pEINtB8_15AccountPositionpENtNtNtNtNtCslPMlHj3qn2H_13multiversx_sc5types7managed7wrapped16managed_vec_item14ManagedVecItem16from_byte_readerpEs0_0B8_
FN:29,_RNCINvXINICs3o9EQk8eroe_14common_structss1S_0pEINtB8_15AccountPositionpENtNtNtNtNtCslPMlHj3qn2H_13multiversx_sc5types7managed7wrapped16managed_vec_item14ManagedVecItem16from_byte_readerpEs1_0B8_
FN:29,_RNCINvXINICs3o9EQk8eroe_14common_structss1S_0pEINtB8_15AccountPositionpENtNtNtNtNtCslPMlHj3qn2H_13multiversx_sc5types7managed7wrapped16managed_vec_item14ManagedVecItem16from_byte_readerpEs2_0B8_
FN:29,_RNCINvXINICs3o9EQk8eroe_14common_structss1S_0pEINtB8_15AccountPositionpENtNtNtNtNtCslPMlHj3qn2H_13multiversx_sc5types7managed7wrapped16managed_vec_item14ManagedVecItem16from_byte_readerpEs3_0B8_
FN:29,_RNCINvXINICs3o9EQk8eroe_14common_structss1S_0pEINtB8_15AccountPositionpENtNtNtNtNtCslPMlHj3qn2H_13multiversx_sc5types7managed7wrapped16managed_vec_item14ManagedVecItem16from_byte_readerpEs4_0B8_
FN:29,_RNCINvXINICs3o9EQk8eroe_14common_structss1S_0pEINtB8_15AccountPositionpENtNtNtNtNtCslPMlHj3qn2H_13multiversx_sc5types7managed7wrapped16managed_vec_item14ManagedVecItem16from_byte_readerpEs5_0B8_
FN:29,_RNCINvXINICs3o9EQk8eroe_14common_structss1S_0pEINtB8_15AccountPositionpENtNtNtNtNtCslPMlHj3qn2H_13multiversx_sc5types7managed7wrapped16managed_vec_item14ManagedVecItem16from_byte_readerpEs6_0B8_
FN:29,_RNCINvXINICs3o9EQk8eroe_14common_structss1S_0pEINtB8_15AccountPositionpENtNtNtNtNtCslPMlHj3qn2H_13multiversx_sc5types7managed7wrapped16managed_vec_item14ManagedVecItem16from_byte_readerpEs7_0B8_
FN:29,_RINvXINICs3o9EQk8eroe_14common_structss1S_0pEINtB6_15AccountPositionpENtNtNtNtNtCslPMlHj3qn2H_13multiversx_sc5types7managed7wrapped16managed_vec_item14ManagedVecItem26from_byte_reader_as_borrowpEB6_
FN:29,_RINvXINICs3o9EQk8eroe_14common_structss1S_0pEINtB6_15AccountPositionpENtNtNtNtNtCslPMlHj3qn2H_13multiversx_sc5types7managed7wrapped16managed_vec_item14ManagedVecItem16into_byte_writerppEB6_
FN:29,_RNCINvXINICs3o9EQk8eroe_14common_structss1S_0pEINtB8_15AccountPositionpENtNtNtNtNtCslPMlHj3qn2H_13multiversx_sc5types7managed7wrapped16managed_vec_item14ManagedVecItem16into_byte_writerppE0B8_
FN:29,_RNCINvXINICs3o9EQk8eroe_14common_structss1S_0pEINtB8_15AccountPositionpENtNtNtNtNtCslPMlHj3qn2H_13multiversx_sc5types7managed7wrapped16managed_vec_item14ManagedVecItem16into_byte_writerppEs_0B8_
FN:29,_RNCINvXINICs3o9EQk8eroe_14common_structss1S_0pEINtB8_15AccountPositionpENtNtNtNtNtCslPMlHj3qn2H_13multiversx_sc5types7managed7wrapped16managed_vec_item14ManagedVecItem16into_byte_writerppEs0_0B8_
FN:29,_RNCINvXINICs3o9EQk8eroe_14common_structss1S_0pEINtB8_15AccountPositionpENtNtNtNtNtCslPMlHj3qn2H_13multiversx_sc5types7managed7wrapped16managed_vec_item14ManagedVecItem16into_byte_writerppEs1_0B8_
FN:29,_RNCINvXINICs3o9EQk8eroe_14common_structss1S_0pEINtB8_15AccountPositionpENtNtNtNtNtCslPMlHj3qn2H_13multiversx_sc5types7managed7wrapped16managed_vec_item14ManagedVecItem16into_byte_writerppEs2_0B8_
FN:29,_RNCINvXINICs3o9EQk8eroe_14common_structss1S_0pEINtB8_15AccountPositionpENtNtNtNtNtCslPMlHj3qn2H_13multiversx_sc5types7managed7wrapped16managed_vec_item14ManagedVecItem16into_byte_writerppEs3_0B8_
FN:29,_RNCINvXINICs3o9EQk8eroe_14common_structss1S_0pEINtB8_15AccountPositionpENtNtNtNtNtCslPMlHj3qn2H_13multiversx_sc5types7managed7wrapped16managed_vec_item14ManagedVecItem16into_byte_writerppEs4_0B8_
FN:29,_RNCINvXINICs3o9EQk8eroe_14common_structss1S_0pEINtB8_15AccountPositionpENtNtNtNtNtCslPMlHj3qn2H_13multiversx_sc5types7managed7wrapped16managed_vec_item14ManagedVecItem16into_byte_writerppEs5_0B8_
FN:29,_RNCINvXINICs3o9EQk8eroe_14common_structss1S_0pEINtB8_15AccountPositionpENtNtNtNtNtCslPMlHj3qn2H_13multiversx_sc5types7managed7wrapped16managed_vec_item14ManagedVecItem16into_byte_writerppEs6_0B8_
FN:29,_RNCINvXINICs3o9EQk8eroe_14common_structss1S_0pEINtB8_15AccountPositionpENtNtNtNtNtCslPMlHj3qn2H_13multiversx_sc5types7managed7wrapped16managed_vec_item14ManagedVecItem16into_byte_writerppEs7_0B8_
FN:29,_RINvXINICs3o9EQk8eroe_14common_structss1T_0pEINtB6_15AccountPositionpENtNtNtCs5SUGlJDgeoS_19multiversx_sc_codec6single9nested_en12NestedEncode24dep_encode_or_handle_errppEB6_
FN:29,_RINvXINICs3o9EQk8eroe_14common_structss1U_0pEINtB6_15AccountPositionpENtNtNtCs5SUGlJDgeoS_19multiversx_sc_codec6single9nested_de12NestedDecode24dep_decode_or_handle_errppEB6_
FN:29,_RINvXINICs3o9EQk8eroe_14common_structss1V_0pEINtB6_15AccountPositionpENtNtNtCs5SUGlJDgeoS_19multiversx_sc_codec6single6top_en9TopEncode24top_encode_or_handle_errppEB6_
FN:29,_RINvXINICs3o9EQk8eroe_14common_structss1W_0pEINtB6_15AccountPositionpENtNtNtCs5SUGlJDgeoS_19multiversx_sc_codec6single6top_de9TopDecode24top_decode_or_handle_errppEB6_
FN:28,_RNvXINICs3o9EQk8eroe_14common_structss1R_0pEINtB5_15AccountPositionpENtNtNtCslPMlHj3qn2H_13multiversx_sc3abi8type_abi7TypeAbi9type_nameB5_
FN:28,_RINvXINICs3o9EQk8eroe_14common_structss1R_0pEINtB6_15AccountPositionpENtNtNtCslPMlHj3qn2H_13multiversx_sc3abi8type_abi7TypeAbi25provide_type_descriptionspEB6_
FN:44,_RNvMCs3o9EQk8eroe_14common_structsINtB2_15AccountPositionpE3newB2_
FN:70,_RNvMCs3o9EQk8eroe_14common_structsINtB2_15AccountPositionpE16get_total_amountB2_
FN:76,_RINvXINICs3o9EQk8eroe_14common_structss1J_0pEINtB6_11AssetConfigpENtNtNtNtNtCslPMlHj3qn2H_13multiversx_sc5types7managed7wrapped16managed_vec_item14ManagedVecItem16from_byte_readerpEB6_
FN:76,_RNCINvXINICs3o9EQk8eroe_14common_structss1J_0pEINtB8_11AssetConfigpENtNtNtNtNtCslPMlHj3qn2H_13multiversx_sc5types7managed7wrapped16managed_vec_item14ManagedVecItem16from_byte_readerpE0B8_
FN:76,_RNCINvXINICs3o9EQk8eroe_14common_structss1J_0pEINtB8_11AssetConfigpENtNtNtNtNtCslPMlHj3qn2H_13multiversx_sc5types7managed7wrapped16managed_vec_item14ManagedVecItem16from_byte_readerpEs_0B8_
FN:76,_RNCINvXINICs3o9EQk8eroe_14common_structss1J_0pEINtB8_11AssetConfigpENtNtNtNtNtCslPMlHj3qn2H_13multiversx_sc5types7managed7wrapped16managed_vec_item14ManagedVecItem16from_byte_readerpEs0_0B8_
FN:76,_RNCINvXINICs3o9EQk8eroe_14common_structss1J_0pEINtB8_11AssetConfigpENtNtNtNtNtCslPMlHj3qn2H_13multiversx_sc5types7managed7wrapped16managed_vec_item14ManagedVecItem16from_byte_readerpEs1_0B8_
FN:76,_RNCINvXINICs3o9EQk8eroe_14common_structss1J_0pEINtB8_11AssetConfigpENtNtNtNtNtCslPMlHj3qn2H_13multiversx_sc5types7managed7wrapped16managed_vec_item14ManagedVecItem16from_byte_readerpEs2_0B8_
FN:76,_RNCINvXINICs3o9EQk8eroe_14common_structss1J_0pEINtB8_11AssetConfigpENtNtNtNtNtCslPMlHj3qn2H_13multiversx_sc5types7managed7wrapped16managed_vec_item14ManagedVecItem16from_byte_readerpEs3_0B8_
FN:76,_RNCINvXINICs3o9EQk8eroe_14common_structss1J_0pEINtB8_11AssetConfigpENtNtNtNtNtCslPMlHj3qn2H_13multiversx_sc5types7managed7wrapped16managed_vec_item14ManagedVecItem16from_byte_readerpEs4_0B8_
FN:76,_RNCINvXINICs3o9EQk8eroe_14common_structss1J_0pEINtB8_11AssetConfigpENtNtNtNtNtCslPMlHj3qn2H_13multiversx_sc5types7managed7wrapped16managed_vec_item14ManagedVecItem16from_byte_readerpEs5_0B8_
FN:76,_RNCINvXINICs3o9EQk8eroe_14common_structss1J_0pEINtB8_11AssetConfigpENtNtNtNtNtCslPMlHj3qn2H_13multiversx_sc5types7managed7wrapped16managed_vec_item14ManagedVecItem16from_byte_readerpEs6_0B8_
FN:76,_RNCINvXINICs3o9EQk8eroe_14common_structss1J_0pEINtB8_11AssetConfigpENtNtNtNtNtCslPMlHj3qn2H_13multiversx_sc5types7managed7wrapped16managed_vec_item14ManagedVecItem16from_byte_readerpEs7_0B8_
FN:76,_RNCINvXINICs3o9EQk8eroe_14common_structss1J_0pEINtB8_11AssetConfigpENtNtNtNtNtCslPMlHj3qn2H_13multiversx_sc5types7managed7wrapped16managed_vec_item14ManagedVecItem16from_byte_readerpEs8_0B8_
FN:76,_RNCINvXINICs3o9EQk8eroe_14common_structss1J_0pEINtB8_11AssetConfigpENtNtNtNtNtCslPMlHj3qn2H_13multiversx_sc5types7managed7wrapped16managed_vec_item14ManagedVecItem16from_byte_readerpEs9_0B8_
FN:76,_RNCINvXINICs3o9EQk8eroe_14common_structss1J_0pEINtB8_11AssetConfigpENtNtNtNtNtCslPMlHj3qn2H_13multiversx_sc5types7managed7wrapped16managed_vec_item14ManagedVecItem16from_byte_readerpEsa_0B8_
FN:76,_RNCINvXINICs3o9EQk8eroe_14common_structss1J_0pEINtB8_11AssetConfigpENtNtNtNtNtCslPMlHj3qn2H_13multiversx_sc5types7managed7wrapped16managed_vec_item14ManagedVecItem16from_byte_readerpEsb_0B8_
FN:76,_RNCINvXINICs3o9EQk8eroe_14common_structss1J_0pEINtB8_11AssetConfigpENtNtNtNtNtCslPMlHj3qn2H_13multiversx_sc5types7managed7wrapped16managed_vec_item14ManagedVecItem16from_byte_readerpEsc_0B8_
FN:76,_RINvXINICs3o9EQk8eroe_14common_structss1J_0pEINtB6_11AssetConfigpENtNtNtNtNtCslPMlHj3qn2H_13multiversx_sc5types7managed7wrapped16managed_vec_item14ManagedVecItem26from_byte_reader_as_borrowpEB6_
FN:76,_RINvXINICs3o9EQk8eroe_14common_structss1J_0pEINtB6_11AssetConfigpENtNtNtNtNtCslPMlHj3qn2H_13multiversx_sc5types7managed7wrapped16managed_vec_item14ManagedVecItem16into_byte_writerppEB6_
FN:76,_RNCINvXINICs3o9EQk8eroe_14common_structss1J_0pEINtB8_11AssetConfigpENtNtNtNtNtCslPMlHj3qn2H_13multiversx_sc5types7managed7wrapped16managed_vec_item14ManagedVecItem16into_byte_writerppE0B8_
FN:76,_RNCINvXINICs3o9EQk8eroe_14common_structss1J_0pEINtB8_11AssetConfigpENtNtNtNtNtCslPMlHj3qn2H_13multiversx_sc5types7managed7wrapped16managed_vec_item14ManagedVecItem16into_byte_writerppEs_0B8_
FN:76,_RNCINvXINICs3o9EQk8eroe_14common_structss1J_0pEINtB8_11AssetConfigpENtNtNtNtNtCslPMlHj3qn2H_13multiversx_sc5types7managed7wrapped16managed_vec_item14ManagedVecItem16into_byte_writerppEs0_0B8_
FN:76,_RNCINvXINICs3o9EQk8eroe_14common_structss1J_0pEINtB8_11AssetConfigpENtNtNtNtNtCslPMlHj3qn2H_13multiversx_sc5types7managed7wrapped16managed_vec_item14ManagedVecItem16into_byte_writerppEs1_0B8_
FN:76,_RNCINvXINICs3o9EQk8eroe_14common_structss1J_0pEINtB8_11AssetConfigpENtNtNtNtNtCslPMlHj3qn2H_13multiversx_sc5types7managed7wrapped16managed_vec_item14ManagedVecItem16into_byte_writerppEs2_0B8_
FN:76,_RNCINvXINICs3o9EQk8eroe_14common_structss1J_0pEINtB8_11AssetConfigpENtNtNtNtNtCslPMlHj3qn2H_13multiversx_sc5types7managed7wrapped16managed_vec_item14ManagedVecItem16into_byte_writerppEs3_0B8_
FN:76,_RNCINvXINICs3o9EQk8eroe_14common_structss1J_0pEINtB8_11AssetConfigpENtNtNtNtNtCslPMlHj3qn2H_13multiversx_sc5types7managed7wrapped16managed_vec_item14ManagedVecItem16into_byte_writerppEs4_0B8_
FN:76,_RNCINvXINICs3o9EQk8eroe_14common_structss1J_0pEINtB8_11AssetConfigpENtNtNtNtNtCslPMlHj3qn2H_13multiversx_sc5types7managed7wrapped16managed_vec_item14ManagedVecItem16into_byte_writerppEs5_0B8_
FN:76,_RNCINvXINICs3o9EQk8eroe_14common_structss1J_0pEINtB8_11AssetConfigpENtNtNtNtNtCslPMlHj3qn2H_13multiversx_sc5types7managed7wrapped16managed_vec_item14ManagedVecItem16into_byte_writerppEs6_0B8_
FN:76,_RNCINvXINICs3o9EQk8eroe_14common_structss1J_0pEINtB8_11AssetConfigpENtNtNtNtNtCslPMlHj3qn2H_13multiversx_sc5types7managed7wrapped16managed_vec_item14ManagedVecItem16into_byte_writerppEs7_0B8_
FN:76,_RNCINvXINICs3o9EQk8eroe_14common_structss1J_0pEINtB8_11AssetConfigpENtNtNtNtNtCslPMlHj3qn2H_13multiversx_sc5types7managed7wrapped16managed_vec_item14ManagedVecItem16into_byte_writerppEs8_0B8_
FN:76,_RNCINvXINICs3o9EQk8eroe_14common_structss1J_0pEINtB8_11AssetConfigpENtNtNtNtNtCslPMlHj3qn2H_13multiversx_sc5types7managed7wrapped16managed_vec_item14ManagedVecItem16into_byte_writerppEs9_0B8_
FN:76,_RNCINvXINICs3o9EQk8eroe_14common_structss1J_0pEINtB8_11AssetConfigpENtNtNtNtNtCslPMlHj3qn2H_13multiversx_sc5types7managed7wrapped16managed_vec_item14ManagedVecItem16into_byte_writerppEsa_0B8_
FN:76,_RNCINvXINICs3o9EQk8eroe_14common_structss1J_0pEINtB8_11AssetConfigpENtNtNtNtNtCslPMlHj3qn2H_13multiversx_sc5types7managed7wrapped16managed_vec_item14ManagedVecItem16into_byte_writerppEsb_0B8_
FN:76,_RNCINvXINICs3o9EQk8eroe_14common_structss1J_0pEINtB8_11AssetConfigpENtNtNtNtNtCslPMlHj3qn2H_13multiversx_sc5types7managed7wrapped16managed_vec_item14ManagedVecItem16into_byte_writerppEsc_0B8_
FN:76,_RINvXINICs3o9EQk8eroe_14common_structss1K_0pEINtB6_11AssetConfigpENtNtNtCs5SUGlJDgeoS_19multiversx_sc_codec6single6top_en9TopEncode24top_encode_or_handle_errppEB6_
FN:76,_RINvXINICs3o9EQk8eroe_14common_structss1L_0pEINtB6_11AssetConfigpENtNtNtCs5SUGlJDgeoS_19multiversx_sc_codec6single6top_de9TopDecode24top_decode_or_handle_errppEB6_
FN:76,_RINvXINICs3o9EQk8eroe_14common_structss1M_0pEINtB6_11AssetConfigpENtNtNtCs5SUGlJDgeoS_19multiversx_sc_codec6single9nested_en12NestedEncode24dep_encode_or_handle_errppEB6_
FN:76,_RINvXINICs3o9EQk8eroe_14common_structss1N_0pEINtB6_11AssetConfigpENtNtNtCs5SUGlJDgeoS_19multiversx_sc_codec6single9nested_de12NestedDecode24dep_decode_or_handle_errppEB6_
FN:75,_RNvXINICs3o9EQk8eroe_14common_structss1I_0pEINtB5_11AssetConfigpENtNtNtCslPMlHj3qn2H_13multiversx_sc3abi8type_abi7TypeAbi9type_nameB5_
FN:75,_RINvXINICs3o9EQk8eroe_14common_structss1I_0pEINtB6_11AssetConfigpENtNtNtCslPMlHj3qn2H_13multiversx_sc3abi8type_abi7TypeAbi25provide_type_descriptionspEB6_
FN:111,_RINvXINICs3o9EQk8eroe_14common_structss1B_0pEINtB6_23AssetExtendedConfigViewpENtNtNtNtNtCslPMlHj3qn2H_13multiversx_sc5types7managed7wrapped16managed_vec_item14ManagedVecItem16from_byte_readerpEB6_
FN:111,_RNCINvXINICs3o9EQk8eroe_14common_structss1B_0pEINtB8_23AssetExtendedConfigViewpENtNtNtNtNtCslPMlHj3qn2H_13multiversx_sc5types7managed7wrapped16managed_vec_item14ManagedVecItem16from_byte_readerpE0B8_
FN:111,_RNCINvXINICs3o9EQk8eroe_14common_structss1B_0pEINtB8_23AssetExtendedConfigViewpENtNtNtNtNtCslPMlHj3qn2H_13multiversx_sc5types7managed7wrapped16managed_vec_item14ManagedVecItem16from_byte_readerpEs_0B8_
FN:111,_RNCINvXINICs3o9EQk8eroe_14common_structss1B_0pEINtB8_23AssetExtendedConfigViewpENtNtNtNtNtCslPMlHj3qn2H_13multiversx_sc5types7managed7wrapped16managed_vec_item14ManagedVecItem16from_byte_readerpEs0_0B8_
FN:111,_RNCINvXINICs3o9EQk8eroe_14common_structss1B_0pEINtB8_23AssetExtendedConfigViewpENtNtNtNtNtCslPMlHj3qn2H_13multiversx_sc5types7managed7wrapped16managed_vec_item14ManagedVecItem16from_byte_readerpEs1_0B8_
FN:111,_RINvXINICs3o9EQk8eroe_14common_structss1B_0pEINtB6_23AssetExtendedConfigViewpENtNtNtNtNtCslPMlHj3qn2H_13multiversx_sc5types7managed7wrapped16managed_vec_item14ManagedVecItem26from_byte_reader_as_borrowpEB6_
FN:111,_RINvXINICs3o9EQk8eroe_14common_structss1B_0pEINtB6_23AssetExtendedConfigViewpENtNtNtNtNtCslPMlHj3qn2H_13multiversx_sc5types7managed7wrapped16managed_vec_item14ManagedVecItem16into_byte_writerppEB6_
FN:111,_RNCINvXINICs3o9EQk8eroe_14common_structss1B_0pEINtB8_23AssetExtendedConfigViewpENtNtNtNtNtCslPMlHj3qn2H_13multiversx_sc5types7managed7wrapped16managed_vec_item14ManagedVecItem16into_byte_writerppE0B8_
FN:111,_RNCINvXINICs3o9EQk8eroe_14common_structss1B_0pEINtB8_23AssetExtendedConfigViewpENtNtNtNtNtCslPMlHj3qn2H_13multiversx_sc5types7managed7wrapped16managed_vec_item14ManagedVecItem16into_byte_writerppEs_0B8_
FN:111,_RNCINvXINICs3o9EQk8eroe_14common_structss1B_0pEINtB8_23AssetExtendedConfigViewpENtNtNtNtNtCslPMlHj3qn2H_13multiversx_sc5types7managed7wrapped16managed_vec_item14ManagedVecItem16into_byte_writerppEs0_0B8_
FN:111,_RNCINvXINICs3o9EQk8eroe_14common_structss1B_0pEINtB8_23AssetExtendedConfigViewpENtNtNtNtNtCslPMlHj3qn2H_13multiversx_sc5types7managed7wrapped16managed_vec_item14ManagedVecItem16into_byte_writerppEs1_0B8_
FN:111,_RINvXINICs3o9EQk8eroe_14common_structss1C_0pEINtB6_23AssetExtendedConfigViewpENtNtNtCs5SUGlJDgeoS_19multiversx_sc_codec6single6top_en9TopEncode24top_encode_or_handle_errppEB6_
FN:111,_RINvXINICs3o9EQk8eroe_14common_structss1D_0pEINtB6_23AssetExtendedConfigViewpENtNtNtCs5SUGlJDgeoS_19multiversx_sc_codec6single6top_de9TopDecode24top_decode_or_handle_errppEB6_
FN:111,_RINvXINICs3o9EQk8eroe_14common_structss1E_0pEINtB6_23AssetExtendedConfigViewpENtNtNtCs5SUGlJDgeoS_19multiversx_sc_codec6single9nested_en12NestedEncode24dep_encode_or_handle_errppEB6_
FN:111,_RINvXINICs3o9EQk8eroe_14common_structss1F_0pEINtB6_23AssetExtendedConfigViewpENtNtNtCs5SUGlJDgeoS_19multiversx_sc_codec6single9nested_de12NestedDecode24dep_decode_or_handle_errppEB6_
FN:110,_RNvXINICs3o9EQk8eroe_14common_structss1A_0pEINtB5_23AssetExtendedConfigViewpENtNtNtCslPMlHj3qn2H_13multiversx_sc3abi8type_abi7TypeAbi9type_nameB5_
FN:110,_RINvXINICs3o9EQk8eroe_14common_structss1A_0pEINtB6_23AssetExtendedConfigViewpENtNtNtCslPMlHj3qn2H_13multiversx_sc3abi8type_abi7TypeAbi25provide_type_descriptionspEB6_
FN:120,_RINvXINICs3o9EQk8eroe_14common_structss1t_0pEINtB6_13EModeCategorypENtNtNtNtNtCslPMlHj3qn2H_13multiversx_sc5types7managed7wrapped16managed_vec_item14ManagedVecItem16from_byte_readerpEB6_
FN:120,_RNCINvXINICs3o9EQk8eroe_14common_structss1t_0pEINtB8_13EModeCategorypENtNtNtNtNtCslPMlHj3qn2H_13multiversx_sc5types7managed7wrapped16managed_vec_item14ManagedVecItem16from_byte_readerpE0B8_
FN:120,_RNCINvXINICs3o9EQk8eroe_14common_structss1t_0pEINtB8_13EModeCategorypENtNtNtNtNtCslPMlHj3qn2H_13multiversx_sc5types7managed7wrapped16managed_vec_item14ManagedVecItem16from_byte_readerpEs_0B8_
FN:120,_RNCINvXINICs3o9EQk8eroe_14common_structss1t_0pEINtB8_13EModeCategorypENtNtNtNtNtCslPMlHj3qn2H_13multiversx_sc5types7managed7wrapped16managed_vec_item14ManagedVecItem16from_byte_readerpEs0_0B8_
FN:120,_RNCINvXINICs3o9EQk8eroe_14common_structss1t_0pEINtB8_13EModeCategorypENtNtNtNtNtCslPMlHj3qn2H_13multiversx_sc5types7managed7wrapped16managed_vec_item14ManagedVecItem16from_byte_readerpEs1_0B8_
FN:120,_RNCINvXINICs3o9EQk8eroe_14common_structss1t_0pEINtB8_13EModeCategorypENtNtNtNtNtCslPMlHj3qn2H_13multiversx_sc5types7managed7wrapped16managed_vec_item14ManagedVecItem16from_byte_readerpEs2_0B8_
FN:120,_RINvXINICs3o9EQk8eroe_14common_structss1t_0pEINtB6_13EModeCategorypENtNtNtNtNtCslPMlHj3qn2H_13multiversx_sc5types7managed7wrapped16managed_vec_item14ManagedVecItem26from_byte_reader_as_borrowpEB6_
FN:120,_RINvXINICs3o9EQk8eroe_14common_structss1t_0pEINtB6_13EModeCategorypENtNtNtNtNtCslPMlHj3qn2H_13multiversx_sc5types7managed7wrapped16managed_vec_item14ManagedVecItem16into_byte_writerppEB6_
FN:120,_RNCINvXINICs3o9EQk8eroe_14common_structss1t_0pEINtB8_13EModeCategorypENtNtNtNtNtCslPMlHj3qn2H_13multiversx_sc5types7managed7wrapped16managed_vec_item14ManagedVecItem16into_byte_writerppE0B8_
FN:120,_RNCINvXINICs3o9EQk8eroe_14common_structss1t_0pEINtB8_13EModeCategorypENtNtNtNtNtCslPMlHj3qn2H_13multiversx_sc5types7managed7wrapped16managed_vec_item14ManagedVecItem16into_byte_writerppEs_0B8_
FN:120,_RNCINvXINICs3o9EQk8eroe_14common_structss1t_0pEINtB8_13EModeCategorypENtNtNtNtNtCslPMlHj3qn2H_13multiversx_sc5types7managed7wrapped16managed_vec_item14ManagedVecItem16into_byte_writerppEs0_0B8_
FN:120,_RNCINvXINICs3o9EQk8eroe_14common_structss1t_0pEINtB8_13EModeCategorypENtNtNtNtNtCslPMlHj3qn2H_13multiversx_sc5types7managed7wrapped16managed_vec_item14ManagedVecItem16into_byte_writerppEs1_0B8_
FN:120,_RNCINvXINICs3o9EQk8eroe_14common_structss1t_0pEINtB8_13EModeCategorypENtNtNtNtNtCslPMlHj3qn2H_13multiversx_sc5types7managed7wrapped16managed_vec_item14ManagedVecItem16into_byte_writerppEs2_0B8_
FN:120,_RINvXINICs3o9EQk8eroe_14common_structss1u_0pEINtB6_13EModeCategorypENtNtNtCs5SUGlJDgeoS_19multiversx_sc_codec6single6top_en9TopEncode24top_encode_or_handle_errppEB6_
FN:120,_RINvXINICs3o9EQk8eroe_14common_structss1v_0pEINtB6_13EModeCategorypENtNtNtCs5SUGlJDgeoS_19multiversx_sc_codec6single6top_de9TopDecode24top_decode_or_handle_errppEB6_
FN:120,_RINvXINICs3o9EQk8eroe_14common_structss1w_0pEINtB6_13EModeCategorypENtNtNtCs5SUGlJDgeoS_19multiversx_sc_codec6single9nested_en12NestedEncode24dep_encode_or_handle_errppEB6_
FN:120,_RINvXINICs3o9EQk8eroe_14common_structss1x_0pEINtB6_13EModeCategorypENtNtNtCs5SUGlJDgeoS_19multiversx_sc_codec6single9nested_de12NestedDecode24dep_decode_or_handle_errppEB6_
FN:119,_RNvXINICs3o9EQk8eroe_14common_structss1s_0pEINtB5_13EModeCategorypENtNtNtCslPMlHj3qn2H_13multiversx_sc3abi8type_abi7TypeAbi9type_nameB5_
FN:119,_RINvXINICs3o9EQk8eroe_14common_structss1s_0pEINtB6_13EModeCategorypENtNtNtCslPMlHj3qn2H_13multiversx_sc3abi8type_abi7TypeAbi25provide_type_descriptionspEB6_
FN:130,_RINvXs1l_Cs3o9EQk8eroe_14common_structsNtB7_16EModeAssetConfigNtNtNtNtNtCslPMlHj3qn2H_13multiversx_sc5types7managed7wrapped16managed_vec_item14ManagedVecItem16from_byte_readerpEB7_
FN:130,_RNCINvXs1l_Cs3o9EQk8eroe_14common_structsNtB9_16EModeAssetConfigNtNtNtNtNtCslPMlHj3qn2H_13multiversx_sc5types7managed7wrapped16managed_vec_item14ManagedVecItem16from_byte_readerpE0B9_
FN:130,_RNCINvXs1l_Cs3o9EQk8eroe_14common_structsNtB9_16EModeAssetConfigNtNtNtNtNtCslPMlHj3qn2H_13multiversx_sc5types7managed7wrapped16managed_vec_item14ManagedVecItem16from_byte_readerpEs_0B9_
FN:130,_RINvXs1l_Cs3o9EQk8eroe_14common_structsNtB7_16EModeAssetConfigNtNtNtNtNtCslPMlHj3qn2H_13multiversx_sc5types7managed7wrapped16managed_vec_item14ManagedVecItem26from_byte_reader_as_borrowpEB7_
FN:130,_RINvXs1l_Cs3o9EQk8eroe_14common_structsNtB7_16EModeAssetConfigNtNtNtNtNtCslPMlHj3qn2H_13multiversx_sc5types7managed7wrapped16managed_vec_item14ManagedVecItem16into_byte_writerppEB7_
FN:130,_RNCINvXs1l_Cs3o9EQk8eroe_14common_structsNtB9_16EModeAssetConfigNtNtNtNtNtCslPMlHj3qn2H_13multiversx_sc5types7managed7wrapped16managed_vec_item14ManagedVecItem16into_byte_writerppE0B9_
FN:130,_RNCINvXs1l_Cs3o9EQk8eroe_14common_structsNtB9_16EModeAssetConfigNtNtNtNtNtCslPMlHj3qn2H_13multiversx_sc5types7managed7wrapped16managed_vec_item14ManagedVecItem16into_byte_writerppEs_0B9_
FN:130,_RINvXs1m_Cs3o9EQk8eroe_14common_structsNtB7_16EModeAssetConfigNtNtNtCs5SUGlJDgeoS_19multiversx_sc_codec6single6top_en9TopEncode24top_encode_or_handle_errppEB7_
FN:130,_RINvXs1n_Cs3o9EQk8eroe_14common_structsNtB7_16EModeAssetConfigNtNtNtCs5SUGlJDgeoS_19multiversx_sc_codec6single6top_de9TopDecode24top_decode_or_handle_errppEB7_
FN:130,_RINvXs1o_Cs3o9EQk8eroe_14common_structsNtB7_16EModeAssetConfigNtNtNtCs5SUGlJDgeoS_19multiversx_sc_codec6single9nested_en12NestedEncode24dep_encode_or_handle_errppEB7_
FN:130,_RINvXs1p_Cs3o9EQk8eroe_14common_structsNtB7_16EModeAssetConfigNtNtNtCs5SUGlJDgeoS_19multiversx_sc_codec6single9nested_de12NestedDecode24dep_decode_or_handle_errppEB7_
FN:129,_RNvXs1k_Cs3o9EQk8eroe_14common_structsNtB6_16EModeAssetConfigNtNtNtCslPMlHj3qn2H_13multiversx_sc3abi8type_abi7TypeAbi9type_name
FN:129,_RINvXs1k_Cs3o9EQk8eroe_14common_structsNtB7_16EModeAssetConfigNtNtNtCslPMlHj3qn2H_13multiversx_sc3abi8type_abi7TypeAbi25provide_type_descriptionspEB7_
FN:137,_RINvXs1d_Cs3o9EQk8eroe_14common_structsNtB7_20NftAccountAttributesNtNtNtCs5SUGlJDgeoS_19multiversx_sc_codec6single9nested_en12NestedEncode24dep_encode_or_handle_errppEB7_
FN:137,_RINvXs1e_Cs3o9EQk8eroe_14common_structsNtB7_20NftAccountAttributesNtNtNtCs5SUGlJDgeoS_19multiversx_sc_codec6single9nested_de12NestedDecode24dep_decode_or_handle_errppEB7_
FN:137,_RINvXs1f_Cs3o9EQk8eroe_14common_structsNtB7_20NftAccountAttributesNtNtNtCs5SUGlJDgeoS_19multiversx_sc_codec6single6top_en9TopEncode24top_encode_or_handle_errppEB7_
FN:137,_RINvXs1g_Cs3o9EQk8eroe_14common_structsNtB7_20NftAccountAttributesNtNtNtCs5SUGlJDgeoS_19multiversx_sc_codec6single6top_de9TopDecode24top_decode_or_handle_errppEB7_
FN:136,_RNvXs1c_Cs3o9EQk8eroe_14common_structsNtB6_20NftAccountAttributesNtNtNtCslPMlHj3qn2H_13multiversx_sc3abi8type_abi7TypeAbi9type_name
FN:136,_RINvXs1c_Cs3o9EQk8eroe_14common_structsNtB7_20NftAccountAttributesNtNtNtCslPMlHj3qn2H_13multiversx_sc3abi8type_abi7TypeAbi25provide_type_descriptionspEB7_
FN:146,_RINvXINICs3o9EQk8eroe_14common_structss10_0pEINtB6_25EgldOrEsdtTokenPaymentNewpENtNtNtNtNtCslPMlHj3qn2H_13multiversx_sc5types7managed7wrapped16managed_vec_item14ManagedVecItem16from_byte_readerpEB6_
FN:146,_RNCINvXINICs3o9EQk8eroe_14common_structss10_0pEINtB8_25EgldOrEsdtTokenPaymentNewpENtNtNtNtNtCslPMlHj3qn2H_13multiversx_sc5types7managed7wrapped16managed_vec_item14ManagedVecItem16from_byte_readerpE0B8_
FN:146,_RNCINvXINICs3o9EQk8eroe_14common_structss10_0pEINtB8_25EgldOrEsdtTokenPaymentNewpENtNtNtNtNtCslPMlHj3qn2H_13multiversx_sc5types7managed7wrapped16managed_vec_item14ManagedVecItem16from_byte_readerpEs_0B8_
FN:146,_RNCINvXINICs3o9EQk8eroe_14common_structss10_0pEINtB8_25EgldOrEsdtTokenPaymentNewpENtNtNtNtNtCslPMlHj3qn2H_13multiversx_sc5types7managed7wrapped16managed_vec_item14ManagedVecItem16from_byte_readerpEs0_0B8_
FN:146,_RINvXINICs3o9EQk8eroe_14common_structss10_0pEINtB6_25EgldOrEsdtTokenPaymentNewpENtNtNtNtNtCslPMlHj3qn2H_13multiversx_sc5types7managed7wrapped16managed_vec_item14ManagedVecItem26from_byte_reader_as_borrowpEB6_
FN:146,_RINvXINICs3o9EQk8eroe_14common_structss10_0pEINtB6_25EgldOrEsdtTokenPaymentNewpENtNtNtNtNtCslPMlHj3qn2H_13multiversx_sc5types7managed7wrapped16managed_vec_item14ManagedVecItem16into_byte_writerppEB6_
FN:146,_RNCINvXINICs3o9EQk8eroe_14common_structss10_0pEINtB8_25EgldOrEsdtTokenPaymentNewpENtNtNtNtNtCslPMlHj3qn2H_13multiversx_sc5types7managed7wrapped16managed_vec_item14ManagedVecItem16into_byte_writerppE0B8_
FN:146,_RNCINvXINICs3o9EQk8eroe_14common_structss10_0pEINtB8_25EgldOrEsdtTokenPaymentNewpENtNtNtNtNtCslPMlHj3qn2H_13multiversx_sc5types7managed7wrapped16managed_vec_item14ManagedVecItem16into_byte_writerppEs_0B8_
FN:146,_RNCINvXINICs3o9EQk8eroe_14common_structss10_0pEINtB8_25EgldOrEsdtTokenPaymentNewpENtNtNtNtNtCslPMlHj3qn2H_13multiversx_sc5types7managed7wrapped16managed_vec_item14ManagedVecItem16into_byte_writerppEs0_0B8_
FN:146,_RINvXINICs3o9EQk8eroe_14common_structss11_0pEINtB6_25EgldOrEsdtTokenPaymentNewpENtNtNtCs5SUGlJDgeoS_19multiversx_sc_codec6single6top_de9TopDecode24top_decode_or_handle_errppEB6_
FN:146,_RINvXINICs3o9EQk8eroe_14common_structss12_0pEINtB6_25EgldOrEsdtTokenPaymentNewpENtNtNtCs5SUGlJDgeoS_19multiversx_sc_codec6single6top_en9TopEncode24top_encode_or_handle_errppEB6_
FN:146,_RINvXINICs3o9EQk8eroe_14common_structss13_0pEINtB6_25EgldOrEsdtTokenPaymentNewpENtNtNtCs5SUGlJDgeoS_19multiversx_sc_codec6single9nested_de12NestedDecode24dep_decode_or_handle_errppEB6_
FN:146,_RINvXINICs3o9EQk8eroe_14common_structss14_0pEINtB6_25EgldOrEsdtTokenPaymentNewpENtNtNtCs5SUGlJDgeoS_19multiversx_sc_codec6single9nested_en12NestedEncode24dep_encode_or_handle_errppEB6_
FN:144,_RNvXINICs3o9EQk8eroe_14common_structssZ_0pEINtB5_25EgldOrEsdtTokenPaymentNewpENtNtNtCslPMlHj3qn2H_13multiversx_sc3abi8type_abi7TypeAbi9type_nameB5_
FN:144,_RINvXINICs3o9EQk8eroe_14common_structssZ_0pEINtB6_25EgldOrEsdtTokenPaymentNewpENtNtNtCslPMlHj3qn2H_13multiversx_sc3abi8type_abi7TypeAbi25provide_type_descriptionspEB6_
FN:156,_RINvXsO_Cs3o9EQk8eroe_14common_structsNtB6_13PricingMethodNtNtNtNtNtCslPMlHj3qn2H_13multiversx_sc5types7managed7wrapped16managed_vec_item14ManagedVecItem16from_byte_readerpEB6_
FN:156,_RINvXsO_Cs3o9EQk8eroe_14common_structsNtB6_13PricingMethodNtNtNtNtNtCslPMlHj3qn2H_13multiversx_sc5types7managed7wrapped16managed_vec_item14ManagedVecItem26from_byte_reader_as_borrowpEB6_
FN:156,_RINvXsO_Cs3o9EQk8eroe_14common_structsNtB6_13PricingMethodNtNtNtNtNtCslPMlHj3qn2H_13multiversx_sc5types7managed7wrapped16managed_vec_item14ManagedVecItem16into_byte_writerppEB6_
FN:156,_RINvXsP_Cs3o9EQk8eroe_14common_structsNtB6_13PricingMethodNtNtNtCs5SUGlJDgeoS_19multiversx_sc_codec6single9nested_en12NestedEncode24dep_encode_or_handle_errppEB6_
FN:156,_RINvXsQ_Cs3o9EQk8eroe_14common_structsNtB6_13PricingMethodNtNtNtCs5SUGlJDgeoS_19multiversx_sc_codec6single9nested_de12NestedDecode24dep_decode_or_handle_errppEB6_
FN:156,_RINvXsR_Cs3o9EQk8eroe_14common_structsNtB6_13PricingMethodNtNtNtCs5SUGlJDgeoS_19multiversx_sc_codec6single6top_en9TopEncode24top_encode_or_handle_errppEB6_
FN:156,_RINvXsS_Cs3o9EQk8eroe_14common_structsNtB6_13PricingMethodNtNtNtCs5SUGlJDgeoS_19multiversx_sc_codec6single6top_de9TopDecode24top_decode_or_handle_errppEB6_
FN:154,_RNvXsN_Cs3o9EQk8eroe_14common_structsNtB5_13PricingMethodNtNtNtCslPMlHj3qn2H_13multiversx_sc3abi8type_abi7TypeAbi9type_name
FN:154,_RINvXsN_Cs3o9EQk8eroe_14common_structsNtB6_13PricingMethodNtNtNtCslPMlHj3qn2H_13multiversx_sc3abi8type_abi7TypeAbi25provide_type_descriptionspEB6_
FN:168,_RINvXsC_Cs3o9EQk8eroe_14common_structsNtB6_10OracleTypeNtNtNtNtNtCslPMlHj3qn2H_13multiversx_sc5types7managed7wrapped16managed_vec_item14ManagedVecItem16from_byte_readerpEB6_
FN:168,_RINvXsC_Cs3o9EQk8eroe_14common_structsNtB6_10OracleTypeNtNtNtNtNtCslPMlHj3qn2H_13multiversx_sc5types7managed7wrapped16managed_vec_item14ManagedVecItem26from_byte_reader_as_borrowpEB6_
FN:168,_RINvXsC_Cs3o9EQk8eroe_14common_structsNtB6_10OracleTypeNtNtNtNtNtCslPMlHj3qn2H_13multiversx_sc5types7managed7wrapped16managed_vec_item14ManagedVecItem16into_byte_writerppEB6_
FN:168,_RINvXsD_Cs3o9EQk8eroe_14common_structsNtB6_10OracleTypeNtNtNtCs5SUGlJDgeoS_19multiversx_sc_codec6single9nested_en12NestedEncode24dep_encode_or_handle_errppEB6_
FN:168,_RINvXsE_Cs3o9EQk8eroe_14common_structsNtB6_10OracleTypeNtNtNtCs5SUGlJDgeoS_19multiversx_sc_codec6single9nested_de12NestedDecode24dep_decode_or_handle_errppEB6_
FN:168,_RINvXsF_Cs3o9EQk8eroe_14common_structsNtB6_10OracleTypeNtNtNtCs5SUGlJDgeoS_19multiversx_sc_codec6single6top_en9TopEncode24top_encode_or_handle_errppEB6_
FN:168,_RINvXsG_Cs3o9EQk8eroe_14common_structsNtB6_10OracleTypeNtNtNtCs5SUGlJDgeoS_19multiversx_sc_codec6single6top_de9TopDecode24top_decode_or_handle_errppEB6_
FN:166,_RNvXsB_Cs3o9EQk8eroe_14common_structsNtB5_10OracleTypeNtNtNtCslPMlHj3qn2H_13multiversx_sc3abi8type_abi7TypeAbi9type_name
FN:166,_RINvXsB_Cs3o9EQk8eroe_14common_structsNtB6_10OracleTypeNtNtNtCslPMlHj3qn2H_13multiversx_sc3abi8type_abi7TypeAbi25provide_type_descriptionspEB6_
FN:179,_RINvXsq_Cs3o9EQk8eroe_14common_structsNtB6_14ExchangeSourceNtNtNtNtNtCslPMlHj3qn2H_13multiversx_sc5types7managed7wrapped16managed_vec_item14ManagedVecItem16from_byte_readerpEB6_
FN:179,_RINvXsq_Cs3o9EQk8eroe_14common_structsNtB6_14ExchangeSourceNtNtNtNtNtCslPMlHj3qn2H_13multiversx_sc5types7managed7wrapped16managed_vec_item14ManagedVecItem26from_byte_reader_as_borrowpEB6_
FN:179,_RINvXsq_Cs3o9EQk8eroe_14common_structsNtB6_14ExchangeSourceNtNtNtNtNtCslPMlHj3qn2H_13multiversx_sc5types7managed7wrapped16managed_vec_item14ManagedVecItem16into_byte_writerppEB6_
FN:179,_RINvXsr_Cs3o9EQk8eroe_14common_structsNtB6_14ExchangeSourceNtNtNtCs5SUGlJDgeoS_19multiversx_sc_codec6single9nested_en12NestedEncode24dep_encode_or_handle_errppEB6_
FN:179,_RINvXss_Cs3o9EQk8eroe_14common_structsNtB6_14ExchangeSourceNtNtNtCs5SUGlJDgeoS_19multiversx_sc_codec6single9nested_de12NestedDecode24dep_decode_or_handle_errppEB6_
FN:179,_RINvXst_Cs3o9EQk8eroe_14common_structsNtB6_14ExchangeSourceNtNtNtCs5SUGlJDgeoS_19multiversx_sc_codec6single6top_en9TopEncode24top_encode_or_handle_errppEB6_
FN:179,_RINvXsu_Cs3o9EQk8eroe_14common_structsNtB6_14ExchangeSourceNtNtNtCs5SUGlJDgeoS_19multiversx_sc_codec6single6top_de9TopDecode24top_decode_or_handle_errppEB6_
FN:177,_RNvXsp_Cs3o9EQk8eroe_14common_structsNtB5_14ExchangeSourceNtNtNtCslPMlHj3qn2H_13multiversx_sc3abi8type_abi7TypeAbi9type_name
FN:177,_RINvXsp_Cs3o9EQk8eroe_14common_structsNtB6_14ExchangeSourceNtNtNtCslPMlHj3qn2H_13multiversx_sc3abi8type_abi7TypeAbi25provide_type_descriptionspEB6_
FN:190,_RINvXINICs3o9EQk8eroe_14common_structssi_0pEINtB6_14OracleProviderpENtNtNtNtNtCslPMlHj3qn2H_13multiversx_sc5types7managed7wrapped16managed_vec_item14ManagedVecItem16from_byte_readerpEB6_
FN:190,_RNCINvXINICs3o9EQk8eroe_14common_structssi_0pEINtB8_14OracleProviderpENtNtNtNtNtCslPMlHj3qn2H_13multiversx_sc5types7managed7wrapped16managed_vec_item14ManagedVecItem16from_byte_readerpE0B8_
FN:190,_RNCINvXINICs3o9EQk8eroe_14common_structssi_0pEINtB8_14OracleProviderpENtNtNtNtNtCslPMlHj3qn2H_13multiversx_sc5types7managed7wrapped16managed_vec_item14ManagedVecItem16from_byte_readerpEs_0B8_
FN:190,_RNCINvXINICs3o9EQk8eroe_14common_structssi_0pEINtB8_14OracleProviderpENtNtNtNtNtCslPMlHj3qn2H_13multiversx_sc5types7managed7wrapped16managed_vec_item14ManagedVecItem16from_byte_readerpEs0_0B8_
FN:190,_RNCINvXINICs3o9EQk8eroe_14common_structssi_0pEINtB8_14OracleProviderpENtNtNtNtNtCslPMlHj3qn2H_13multiversx_sc5types7managed7wrapped16managed_vec_item14ManagedVecItem16from_byte_readerpEs1_0B8_
FN:190,_RNCINvXINICs3o9EQk8eroe_14common_structssi_0pEINtB8_14OracleProviderpENtNtNtNtNtCslPMlHj3qn2H_13multiversx_sc5types7managed7wrapped16managed_vec_item14ManagedVecItem16from_byte_readerpEs2_0B8_
FN:190,_RNCINvXINICs3o9EQk8eroe_14common_structssi_0pEINtB8_14OracleProviderpENtNtNtNtNtCslPMlHj3qn2H_13multiversx_sc5types7managed7wrapped16managed_vec_item14ManagedVecItem16from_byte_readerpEs3_0B8_
FN:190,_RNCINvXINICs3o9EQk8eroe_14common_structssi_0pEINtB8_14OracleProviderpENtNtNtNtNtCslPMlHj3qn2H_13multiversx_sc5types7managed7wrapped16managed_vec_item14ManagedVecItem16from_byte_readerpEs4_0B8_
FN:190,_RNCINvXINICs3o9EQk8eroe_14common_structssi_0pEINtB8_14OracleProviderpENtNtNtNtNtCslPMlHj3qn2H_13multiversx_sc5types7managed7wrapped16managed_vec_item14ManagedVecItem16from_byte_readerpEs5_0B8_
FN:190,_RINvXINICs3o9EQk8eroe_14common_structssi_0pEINtB6_14OracleProviderpENtNtNtNtNtCslPMlHj3qn2H_13multiversx_sc5types7managed7wrapped16managed_vec_item14ManagedVecItem26from_byte_reader_as_borrowpEB6_
FN:190,_RINvXINICs3o9EQk8eroe_14common_structssi_0pEINtB6_14OracleProviderpENtNtNtNtNtCslPMlHj3qn2H_13multiversx_sc5types7managed7wrapped16managed_vec_item14ManagedVecItem16into_byte_writerppEB6_
FN:190,_RNCINvXINICs3o9EQk8eroe_14common_structssi_0pEINtB8_14OracleProviderpENtNtNtNtNtCslPMlHj3qn2H_13multiversx_sc5types7managed7wrapped16managed_vec_item14ManagedVecItem16into_byte_writerppE0B8_
FN:190,_RNCINvXINICs3o9EQk8eroe_14common_structssi_0pEINtB8_14OracleProviderpENtNtNtNtNtCslPMlHj3qn2H_13multiversx_sc5types7managed7wrapped16managed_vec_item14ManagedVecItem16into_byte_writerppEs_0B8_
FN:190,_RNCINvXINICs3o9EQk8eroe_14common_structssi_0pEINtB8_14OracleProviderpENtNtNtNtNtCslPMlHj3qn2H_13multiversx_sc5types7managed7wrapped16managed_vec_item14ManagedVecItem16into_byte_writerppEs0_0B8_
FN:190,_RNCINvXINICs3o9EQk8eroe_14common_structssi_0pEINtB8_14OracleProviderpENtNtNtNtNtCslPMlHj3qn2H_13multiversx_sc5types7managed7wrapped16managed_vec_item14ManagedVecItem16into_byte_writerppEs1_0B8_
FN:190,_RNCINvXINICs3o9EQk8eroe_14common_structssi_0pEINtB8_14OracleProviderpENtNtNtNtNtCslPMlHj3qn2H_13multiversx_sc5types7managed7wrapped16managed_vec_item14ManagedVecItem16into_byte_writerppEs2_0B8_
FN:190,_RNCINvXINICs3o9EQk8eroe_14common_structssi_0pEINtB8_14OracleProviderpENtNtNtNtNtCslPMlHj3qn2H_13multiversx_sc5types7managed7wrapped16managed_vec_item14ManagedVecItem16into_byte_writerppEs3_0B8_
FN:190,_RNCINvXINICs3o9EQk8eroe_14common_structssi_0pEINtB8_14OracleProviderpENtNtNtNtNtCslPMlHj3qn2H_13multiversx_sc5types7managed7wrapped16managed_vec_item14ManagedVecItem16into_byte_writerppEs4_0B8_
FN:190,_RNCINvXINICs3o9EQk8eroe_14common_structssi_0pEINtB8_14OracleProviderpENtNtNtNtNtCslPMlHj3qn2H_13multiversx_sc5types7managed7wrapped16managed_vec_item14ManagedVecItem16into_byte_writerppEs5_0B8_
FN:190,_RINvXINICs3o9EQk8eroe_14common_structssj_0pEINtB6_14OracleProviderpENtNtNtCs5SUGlJDgeoS_19multiversx_sc_codec6single6top_en9TopEncode24top_encode_or_handle_errppEB6_
FN:190,_RINvXINICs3o9EQk8eroe_14common_structssk_0pEINtB6_14OracleProviderpENtNtNtCs5SUGlJDgeoS_19multiversx_sc_codec6single6top_de9TopDecode24top_decode_or_handle_errppEB6_
FN:190,_RINvXINICs3o9EQk8eroe_14common_structssl_0pEINtB6_14OracleProviderpENtNtNtCs5SUGlJDgeoS_19multiversx_sc_codec6single9nested_en12NestedEncode24dep_encode_or_handle_errppEB6_
FN:190,_RINvXINICs3o9EQk8eroe_14common_structssm_0pEINtB6_14OracleProviderpENtNtNtCs5SUGlJDgeoS_19multiversx_sc_codec6single9nested_de12NestedDecode24dep_decode_or_handle_errppEB6_
FN:189,_RNvXINICs3o9EQk8eroe_14common_structssh_0pEINtB5_14OracleProviderpENtNtNtCslPMlHj3qn2H_13multiversx_sc3abi8type_abi7TypeAbi9type_nameB5_
FN:189,_RINvXINICs3o9EQk8eroe_14common_structssh_0pEINtB6_14OracleProviderpENtNtNtCslPMlHj3qn2H_13multiversx_sc3abi8type_abi7TypeAbi25provide_type_descriptionspEB6_
FN:203,_RINvXINICs3o9EQk8eroe_14common_structssa_0pEINtB6_14PriceFeedShortpENtNtNtCs5SUGlJDgeoS_19multiversx_sc_codec6single9nested_en12NestedEncode24dep_encode_or_handle_errppEB6_
FN:203,_RINvXINICs3o9EQk8eroe_14common_structssb_0pEINtB6_14PriceFeedShortpENtNtNtCs5SUGlJDgeoS_19multiversx_sc_codec6single9nested_de12NestedDecode24dep_decode_or_handle_errppEB6_
FN:203,_RINvXINICs3o9EQk8eroe_14common_structssc_0pEINtB6_14PriceFeedShortpENtNtNtCs5SUGlJDgeoS_19multiversx_sc_codec6single6top_en9TopEncode24top_encode_or_handle_errppEB6_
FN:203,_RINvXINICs3o9EQk8eroe_14common_structssd_0pEINtB6_14PriceFeedShortpENtNtNtCs5SUGlJDgeoS_19multiversx_sc_codec6single6top_de9TopDecode24top_decode_or_handle_errppEB6_
FN:202,_RNvXINICs3o9EQk8eroe_14common_structss9_0pEINtB5_14PriceFeedShortpENtNtNtCslPMlHj3qn2H_13multiversx_sc3abi8type_abi7TypeAbi9type_nameB5_
FN:202,_RINvXINICs3o9EQk8eroe_14common_structss9_0pEINtB6_14PriceFeedShortpENtNtNtCslPMlHj3qn2H_13multiversx_sc3abi8type_abi7TypeAbi25provide_type_descriptionspEB6_
FN:213,_RINvXINICs3o9EQk8eroe_14common_structss2_0pEINtB6_22OraclePriceFluctuationpENtNtNtNtNtCslPMlHj3qn2H_13multiversx_sc5types7managed7wrapped16managed_vec_item14ManagedVecItem16from_byte_readerpEB6_
FN:213,_RNCINvXINICs3o9EQk8eroe_14common_structss2_0pEINtB8_22OraclePriceFluctuationpENtNtNtNtNtCslPMlHj3qn2H_13multiversx_sc5types7managed7wrapped16managed_vec_item14ManagedVecItem16from_byte_readerpE0B8_
FN:213,_RNCINvXINICs3o9EQk8eroe_14common_structss2_0pEINtB8_22OraclePriceFluctuationpENtNtNtNtNtCslPMlHj3qn2H_13multiversx_sc5types7managed7wrapped16managed_vec_item14ManagedVecItem16from_byte_readerpEs_0B8_
FN:213,_RNCINvXINICs3o9EQk8eroe_14common_structss2_0pEINtB8_22OraclePriceFluctuationpENtNtNtNtNtCslPMlHj3qn2H_13multiversx_sc5types7managed7wrapped16managed_vec_item14ManagedVecItem16from_byte_readerpEs0_0B8_
FN:213,_RNCINvXINICs3o9EQk8eroe_14common_structss2_0pEINtB8_22OraclePriceFluctuationpENtNtNtNtNtCslPMlHj3qn2H_13multiversx_sc5types7managed7wrapped16managed_vec_item14ManagedVecItem16from_byte_readerpEs1_0B8_
FN:213,_RINvXINICs3o9EQk8eroe_14common_structss2_0pEINtB6_22OraclePriceFluctuationpENtNtNtNtNtCslPMlHj3qn2H_13multiversx_sc5types7managed7wrapped16managed_vec_item14ManagedVecItem26from_byte_reader_as_borrowpEB6_
FN:213,_RINvXINICs3o9EQk8eroe_14common_structss2_0pEINtB6_22OraclePriceFluctuationpENtNtNtNtNtCslPMlHj3qn2H_13multiversx_sc5types7managed7wrapped16managed_vec_item14ManagedVecItem16into_byte_writerppEB6_
FN:213,_RNCINvXINICs3o9EQk8eroe_14common_structss2_0pEINtB8_22OraclePriceFluctuationpENtNtNtNtNtCslPMlHj3qn2H_13multiversx_sc5types7managed7wrapped16managed_vec_item14ManagedVecItem16into_byte_writerppE0B8_
FN:213,_RNCINvXINICs3o9EQk8eroe_14common_structss2_0pEINtB8_22OraclePriceFluctuationpENtNtNtNtNtCslPMlHj3qn2H_13multiversx_sc5types7managed7wrapped16managed_vec_item14ManagedVecItem16into_byte_writerppEs_0B8_
FN:213,_RNCINvXINICs3o9EQk8eroe_14common_structss2_0pEINtB8_22OraclePriceFluctuationpENtNtNtNtNtCslPMlHj3qn2H_13multiversx_sc5types7managed7wrapped16managed_vec_item14ManagedVecItem16into_byte_writerppEs0_0B8_
FN:213,_RNCINvXINICs3o9EQk8eroe_14common_structss2_0pEINtB8_22OraclePriceFluctuationpENtNtNtNtNtCslPMlHj3qn2H_13multiversx_sc5types7managed7wrapped16managed_vec_item14ManagedVecItem16into_byte_writerppEs1_0B8_
FN:213,_RINvXINICs3o9EQk8eroe_14common_structss3_0pEINtB6_22OraclePriceFluctuationpENtNtNtCs5SUGlJDgeoS_19multiversx_sc_codec6single6top_en9TopEncode24top_encode_or_handle_errppEB6_
FN:213,_RINvXINICs3o9EQk8eroe_14common_structss4_0pEINtB6_22OraclePriceFluctuationpENtNtNtCs5SUGlJDgeoS_19multiversx_sc_codec6single6top_de9TopDecode24top_decode_or_handle_errppEB6_
FN:213,_RINvXINICs3o9EQk8eroe_14common_structss5_0pEINtB6_22OraclePriceFluctuationpENtNtNtCs5SUGlJDgeoS_19multiversx_sc_codec6single9nested_en12NestedEncode24dep_encode_or_handle_errppEB6_
FN:213,_RINvXINICs3o9EQk8eroe_14common_structss6_0pEINtB6_22OraclePriceFluctuationpENtNtNtCs5SUGlJDgeoS_19multiversx_sc_codec6single9nested_de12NestedDecode24dep_decode_or_handle_errppEB6_
FN:212,_RNvXINICs3o9EQk8eroe_14common_structss1_0pEINtB5_22OraclePriceFluctuationpENtNtNtCslPMlHj3qn2H_13multiversx_sc3abi8type_abi7TypeAbi9type_nameB5_
FN:212,_RINvXINICs3o9EQk8eroe_14common_structss1_0pEINtB6_22OraclePriceFluctuationpENtNtNtCslPMlHj3qn2H_13multiversx_sc3abi8type_abi7TypeAbi25provide_type_descriptionspEB6_
FN:146,_RINvXs10_Cs2eHPTk3TAlu_14common_structsINtB7_25EgldOrEsdtTokenPaymentNewINtNtNtNtCs1rODQd5oASQ_22multiversx_sc_scenario3api7impl_vh12vm_hooks_api10VMHooksApiNtNtB1d_9debug_api15DebugApiBackendEENtNtNtNtNtCslPMlHj3qn2H_13multiversx_sc5types7managed7wrapped16managed_vec_item14ManagedVecItem16from_byte_readerNCNvMs2_NtB3a_11managed_vecINtB53_10ManagedVecB18_BB_E7try_get0ECsccnIogsiy8K_5tests
FN:146,_RINvXs10_Cs2eHPTk3TAlu_14common_structsINtB7_25EgldOrEsdtTokenPaymentNewINtNtNtNtCs1rODQd5oASQ_22multiversx_sc_scenario3api7impl_vh12vm_hooks_api10VMHooksApiNtNtB1d_9debug_api15DebugApiBackendEENtNtNtNtNtCslPMlHj3qn2H_13multiversx_sc5types7managed7wrapped16managed_vec_item14ManagedVecItem16from_byte_readerNCNvXs0_NtB3a_22managed_vec_owned_iterINtB53_23ManagedVecOwnedIteratorB18_BB_ENtNtNtNtCslGS7pEIChKc_4core4iter6traits8iterator8Iterator4next0ECsccnIogsiy8K_5tests
FN:146,_RINvXs10_Cs2eHPTk3TAlu_14common_structsINtB7_25EgldOrEsdtTokenPaymentNewINtNtNtNtCs1rODQd5oASQ_22multiversx_sc_scenario3api7impl_vh12vm_hooks_api10VMHooksApiNtNtB1d_9debug_api15DebugApiBackendEENtNtNtNtNtCslPMlHj3qn2H_13multiversx_sc5types7managed7wrapped16managed_vec_item14ManagedVecItem16into_byte_writeruNCNvMs2_NtB3a_11managed_vecINtB54_10ManagedVecB18_BB_E4push0ECsccnIogsiy8K_5tests
FN:146,_RINvXs10_Cs2eHPTk3TAlu_14common_structsINtB7_25EgldOrEsdtTokenPaymentNewINtNtNtNtCs1rODQd5oASQ_22multiversx_sc_scenario3api7impl_vh12vm_hooks_api10VMHooksApiNtNtB1d_9debug_api15DebugApiBackendEENtNtNtNtNtCslPMlHj3qn2H_13multiversx_sc5types7managed7wrapped16managed_vec_item14ManagedVecItem26from_byte_reader_as_borrowNCNvMs2_NtB3a_11managed_vecINtB5d_10ManagedVecB18_BB_E7try_get0ECsccnIogsiy8K_5tests
FN:111,_RINvXs1B_Cs2eHPTk3TAlu_14common_structsINtB7_23AssetExtendedConfigViewINtNtNtNtCs1rODQd5oASQ_22multiversx_sc_scenario3api7impl_vh12vm_hooks_api10VMHooksApiNtNtB1b_9debug_api15DebugApiBackendEENtNtNtNtNtCslPMlHj3qn2H_13multiversx_sc5types7managed7wrapped16managed_vec_item14ManagedVecItem16from_byte_readerNCNvXs0_NtB38_22managed_vec_owned_iterINtB51_23ManagedVecOwnedIteratorB16_BB_ENtNtNtNtCslGS7pEIChKc_4core4iter6traits8iterator8Iterator4next0ECsccnIogsiy8K_5tests
FN:111,_RINvXs1B_Cs2eHPTk3TAlu_14common_structsINtB7_23AssetExtendedConfigViewINtNtNtNtCs1rODQd5oASQ_22multiversx_sc_scenario3api7impl_vh12vm_hooks_api10VMHooksApiNtNtB1b_9debug_api15DebugApiBackendEENtNtNtNtNtCslPMlHj3qn2H_13multiversx_sc5types7managed7wrapped16managed_vec_item14ManagedVecItem16into_byte_writeruNCNvMs2_NtB38_11managed_vecINtB52_10ManagedVecB16_BB_E4push0ECsccnIogsiy8K_5tests
FN:111,_RINvXs1E_Cs2eHPTk3TAlu_14common_structsINtB7_23AssetExtendedConfigViewINtNtNtNtCs1rODQd5oASQ_22multiversx_sc_scenario3api7impl_vh12vm_hooks_api10VMHooksApiNtNtB1b_9debug_api15DebugApiBackendEENtNtNtCs5SUGlJDgeoS_19multiversx_sc_codec6single9nested_en12NestedEncode24dep_encode_or_handle_errINtNtNtNtNtNtCslPMlHj3qn2H_13multiversx_sc5types7managed7wrapped7builder22managed_buffer_builder20ManagedBufferBuilderB16_EINtNtNtNtB4R_13contract_base8wrappers10serializer21ExitCodecErrorHandlerB16_EECsccnIogsiy8K_5tests
FN:76,_RINvXs1J_Cs2eHPTk3TAlu_14common_structsINtB7_11AssetConfigINtNtNtNtCs1rODQd5oASQ_22multiversx_sc_scenario3api7impl_vh12vm_hooks_api10VMHooksApiNtNtBZ_9debug_api15DebugApiBackendEENtNtNtNtNtCslPMlHj3qn2H_13multiversx_sc5types7managed7wrapped16managed_vec_item14ManagedVecItem16from_byte_readerNCINvXs1B_B7_INtB7_23AssetExtendedConfigViewBU_EB2R_16from_byte_readerNCNvXs0_NtB2V_22managed_vec_owned_iterINtB5W_23ManagedVecOwnedIteratorBU_B4T_ENtNtNtNtCslGS7pEIChKc_4core4iter6traits8iterator8Iterator4next0E0ECsccnIogsiy8K_5tests
FN:76,_RINvXs1J_Cs2eHPTk3TAlu_14common_structsINtB7_11AssetConfigINtNtNtNtCs1rODQd5oASQ_22multiversx_sc_scenario3api7impl_vh12vm_hooks_api10VMHooksApiNtNtBZ_9debug_api15DebugApiBackendEENtNtNtNtNtCslPMlHj3qn2H_13multiversx_sc5types7managed7wrapped16managed_vec_item14ManagedVecItem16into_byte_writeruNCINvXs1B_B7_INtB7_23AssetExtendedConfigViewBU_EB2R_16into_byte_writeruNCNvMs2_NtB2V_11managed_vecINtB5Y_10ManagedVecBU_B4U_E4push0E0ECsccnIogsiy8K_5tests
FN:76,_RINvXs1K_Cs2eHPTk3TAlu_14common_structsINtB7_11AssetConfigINtNtNtNtCs1rODQd5oASQ_22multiversx_sc_scenario3api7impl_vh12vm_hooks_api10VMHooksApiNtNtBZ_9debug_api15DebugApiBackendEENtNtNtCs5SUGlJDgeoS_19multiversx_sc_codec6single6top_en9TopEncode24top_encode_or_handle_errINtNtNtCslPMlHj3qn2H_13multiversx_sc2io6finish16ApiOutputAdapterBU_EINtNtNtNtB4r_13contract_base8wrappers10serializer21ExitCodecErrorHandlerBU_EECsccnIogsiy8K_5tests
FN:76,_RINvXs1K_Cs2eHPTk3TAlu_14common_structsINtB7_11AssetConfigINtNtNtNtCs1rODQd5oASQ_22multiversx_sc_scenario3api7impl_vh12vm_hooks_api10VMHooksApiNtNtBZ_9debug_api15DebugApiBackendEENtNtNtCs5SUGlJDgeoS_19multiversx_sc_codec6single6top_en9TopEncode24top_encode_or_handle_errINtNtNtCslPMlHj3qn2H_13multiversx_sc7storage11storage_set16StorageSetOutputBU_EINtNtNtNtB4r_13contract_base8wrappers10serializer21ExitCodecErrorHandlerBU_EECsccnIogsiy8K_5tests
FN:76,_RINvXs1K_Cs2eHPTk3TAlu_14common_structsINtB7_11AssetConfigINtNtNtNtCs1rODQd5oASQ_22multiversx_sc_scenario3api7impl_vh12vm_hooks_api10VMHooksApiNtNtBZ_9debug_api15DebugApiBackendEENtNtNtCs5SUGlJDgeoS_19multiversx_sc_codec6single6top_en9TopEncode24top_encode_or_handle_errQINtNtNtNtNtCslPMlHj3qn2H_13multiversx_sc5types7managed5basic14managed_buffer13ManagedBufferBU_EINtNtNtNtB4w_13contract_base8wrappers10serializer21ExitCodecErrorHandlerBU_EECsccnIogsiy8K_5tests
FN:76,_RINvXs1L_Cs2eHPTk3TAlu_14common_structsINtB7_11AssetConfigINtNtNtNtCs1rODQd5oASQ_22multiversx_sc_scenario3api7impl_vh12vm_hooks_api10VMHooksApiNtNtBZ_9debug_api15DebugApiBackendEENtNtNtCs5SUGlJDgeoS_19multiversx_sc_codec6single6top_de9TopDecode24top_decode_or_handle_errINtNtNtCslPMlHj3qn2H_13multiversx_sc7storage11storage_get15StorageGetInputBU_EINtB4n_22StorageGetErrorHandlerBU_EECsccnIogsiy8K_5tests
FN:76,_RINvXs1M_Cs2eHPTk3TAlu_14common_structsINtB7_11AssetConfigINtNtNtNtCs1rODQd5oASQ_22multiversx_sc_scenario3api7impl_vh12vm_hooks_api10VMHooksApiNtNtBZ_9debug_api15DebugApiBackendEENtNtNtCs5SUGlJDgeoS_19multiversx_sc_codec6single9nested_en12NestedEncode24dep_encode_or_handle_errINtNtNtNtNtNtCslPMlHj3qn2H_13multiversx_sc5types7managed7wrapped7builder22managed_buffer_builder20ManagedBufferBuilderBU_EINtNtNtNtB4E_13contract_base8wrappers10serializer21ExitCodecErrorHandlerBU_EECsccnIogsiy8K_5tests
FN:29,_RINvXs1S_Cs2eHPTk3TAlu_14common_structsINtB7_15AccountPositionINtNtNtNtCs1rODQd5oASQ_22multiversx_sc_scenario3api7impl_vh12vm_hooks_api10VMHooksApiNtNtB13_9debug_api15DebugApiBackendEENtNtNtNtNtCslPMlHj3qn2H_13multiversx_sc5types7managed7wrapped16managed_vec_item14ManagedVecItem16from_byte_readerNCNvMs2_NtB30_11managed_vecINtB4T_10ManagedVecBY_BB_E7try_get0ECsccnIogsiy8K_5tests
FN:29,_RINvXs1S_Cs2eHPTk3TAlu_14common_structsINtB7_15AccountPositionINtNtNtNtCs1rODQd5oASQ_22multiversx_sc_scenario3api7impl_vh12vm_hooks_api10VMHooksApiNtNtB13_9debug_api15DebugApiBackendEENtNtNtNtNtCslPMlHj3qn2H_13multiversx_sc5types7managed7wrapped16managed_vec_item14ManagedVecItem16from_byte_readerNCNvXs0_NtB30_22managed_vec_owned_iterINtB4T_23ManagedVecOwnedIteratorBY_BB_ENtNtNtNtCslGS7pEIChKc_4core4iter6traits8iterator8Iterator4next0ECsccnIogsiy8K_5tests
FN:29,_RINvXs1S_Cs2eHPTk3TAlu_14common_structsINtB7_15AccountPositionINtNtNtNtCs1rODQd5oASQ_22multiversx_sc_scenario3api7impl_vh12vm_hooks_api10VMHooksApiNtNtB13_9debug_api15DebugApiBackendEENtNtNtNtNtCslPMlHj3qn2H_13multiversx_sc5types7managed7wrapped16managed_vec_item14ManagedVecItem16into_byte_writerINtNtCslGS7pEIChKc_4core6result6ResultuNtNtNtNtB36_3api13managed_types18managed_buffer_api17InvalidSliceErrorENCNvMs2_NtB30_11managed_vecINtB6F_10ManagedVecBY_BB_E3set0ECsccnIogsiy8K_5tests
FN:29,_RINvXs1S_Cs2eHPTk3TAlu_14common_structsINtB7_15AccountPositionINtNtNtNtCs1rODQd5oASQ_22multiversx_sc_scenario3api7impl_vh12vm_hooks_api10VMHooksApiNtNtB13_9debug_api15DebugApiBackendEENtNtNtNtNtCslPMlHj3qn2H_13multiversx_sc5types7managed7wrapped16managed_vec_item14ManagedVecItem16into_byte_writeruNCNvMs2_NtB30_11managed_vecINtB4U_10ManagedVecBY_BB_E4push0ECsccnIogsiy8K_5tests
FN:29,_RINvXs1S_Cs2eHPTk3TAlu_14common_structsINtB7_15AccountPositionINtNtNtNtCs1rODQd5oASQ_22multiversx_sc_scenario3api7impl_vh12vm_hooks_api10VMHooksApiNtNtB13_9debug_api15DebugApiBackendEENtNtNtNtNtCslPMlHj3qn2H_13multiversx_sc5types7managed7wrapped16managed_vec_item14ManagedVecItem26from_byte_reader_as_borrowNCNvMs2_NtB30_11managed_vecINtB53_10ManagedVecBY_BB_E7try_get0ECsccnIogsiy8K_5tests
FN:29,_RINvXs1T_Cs2eHPTk3TAlu_14common_structsINtB7_15AccountPositionINtNtNtNtCs1rODQd5oASQ_22multiversx_sc_scenario3api7impl_vh12vm_hooks_api10VMHooksApiNtNtB13_9debug_api15DebugApiBackendEENtNtNtCs5SUGlJDgeoS_19multiversx_sc_codec6single9nested_en12NestedEncode24dep_encode_or_handle_errINtNtNtNtNtNtCslPMlHj3qn2H_13multiversx_sc5types7managed7wrapped7builder22managed_buffer_builder20ManagedBufferBuilderBY_EINtNtNtNtB4J_13contract_base8wrappers10serializer21ExitCodecErrorHandlerBY_EECsccnIogsiy8K_5tests
FN:29,_RINvXs1V_Cs2eHPTk3TAlu_14common_structsINtB7_15AccountPositionINtNtNtNtCs1rODQd5oASQ_22multiversx_sc_scenario3api7impl_vh12vm_hooks_api10VMHooksApiNtNtB13_9debug_api15DebugApiBackendEENtNtNtCs5SUGlJDgeoS_19multiversx_sc_codec6single6top_en9TopEncode24top_encode_or_handle_errINtNtNtCslPMlHj3qn2H_13multiversx_sc2io6finish16ApiOutputAdapterBY_EINtNtNtNtB4w_13contract_base8wrappers10serializer21ExitCodecErrorHandlerBY_EECsccnIogsiy8K_5tests
FN:29,_RINvXs1V_Cs2eHPTk3TAlu_14common_structsINtB7_15AccountPositionINtNtNtNtCs1rODQd5oASQ_22multiversx_sc_scenario3api7impl_vh12vm_hooks_api10VMHooksApiNtNtB13_9debug_api15DebugApiBackendEENtNtNtCs5SUGlJDgeoS_19multiversx_sc_codec6single6top_en9TopEncode24top_encode_or_handle_errINtNtNtCslPMlHj3qn2H_13multiversx_sc7storage11storage_set16StorageSetOutputBY_EINtNtNtNtB4w_13contract_base8wrappers10serializer21ExitCodecErrorHandlerBY_EECsccnIogsiy8K_5tests
FN:29,_RINvXs1V_Cs2eHPTk3TAlu_14common_structsINtB7_15AccountPositionINtNtNtNtCs1rODQd5oASQ_22multiversx_sc_scenario3api7impl_vh12vm_hooks_api10VMHooksApiNtNtB13_9debug_api15DebugApiBackendEENtNtNtCs5SUGlJDgeoS_19multiversx_sc_codec6single6top_en9TopEncode24top_encode_or_handle_errQINtNtNtNtNtCslPMlHj3qn2H_13multiversx_sc5types7managed5basic14managed_buffer13ManagedBufferBY_EINtNtNtNtB4B_13contract_base8wrappers10serializer21ExitCodecErrorHandlerBY_EECsccnIogsiy8K_5tests
FN:29,_RINvXs1W_Cs2eHPTk3TAlu_14common_structsINtB7_15AccountPositionINtNtNtNtCs1rODQd5oASQ_22multiversx_sc_scenario3api7impl_vh12vm_hooks_api10VMHooksApiNtNtB13_9debug_api15DebugApiBackendEENtNtNtCs5SUGlJDgeoS_19multiversx_sc_codec6single6top_de9TopDecode24top_decode_or_handle_errINtNtNtCslPMlHj3qn2H_13multiversx_sc2io12arg_de_input14ArgDecodeInputBY_EINtNtB4u_17arg_error_handler15ArgErrorHandlerBY_EECsccnIogsiy8K_5tests
FN:29,_RINvXs1W_Cs2eHPTk3TAlu_14common_structsINtB7_15AccountPositionINtNtNtNtCs1rODQd5oASQ_22multiversx_sc_scenario3api7impl_vh12vm_hooks_api10VMHooksApiNtNtB13_9debug_api15DebugApiBackendEENtNtNtCs5SUGlJDgeoS_19multiversx_sc_codec6single6top_de9TopDecode24top_decode_or_handle_errINtNtNtCslPMlHj3qn2H_13multiversx_sc7storage11storage_get15StorageGetInputBY_EINtB4s_22StorageGetErrorHandlerBY_EECsccnIogsiy8K_5tests
FN:29,_RINvXs1W_Cs2eHPTk3TAlu_14common_structsINtB7_15AccountPositionINtNtNtNtCs1rODQd5oASQ_22multiversx_sc_scenario3api7impl_vh12vm_hooks_api10VMHooksApiNtNtB13_9debug_api15DebugApiBackendEENtNtNtCs5SUGlJDgeoS_19multiversx_sc_codec6single6top_de9TopDecode24top_decode_or_handle_errINtNtNtNtNtCslPMlHj3qn2H_13multiversx_sc5types7managed5basic14managed_buffer13ManagedBufferBY_EINtNtNtB4A_2io17arg_error_handler15ArgErrorHandlerBY_EECsccnIogsiy8K_5tests
FN:137,_RINvXs1f_Cs2eHPTk3TAlu_14common_structsNtB7_20NftAccountAttributesNtNtNtCs5SUGlJDgeoS_19multiversx_sc_codec6single6top_en9TopEncode24top_encode_or_handle_errINtNtNtCslPMlHj3qn2H_13multiversx_sc2io6finish16ApiOutputAdapterINtNtNtNtCs1rODQd5oASQ_22multiversx_sc_scenario3api7impl_vh12vm_hooks_api10VMHooksApiNtNtB3C_9debug_api15DebugApiBackendEEINtNtNtNtB2C_13contract_base8wrappers10serializer21ExitCodecErrorHandlerB3x_EECsccnIogsiy8K_5tests
FN:137,_RINvXs1f_Cs2eHPTk3TAlu_14common_structsNtB7_20NftAccountAttributesNtNtNtCs5SUGlJDgeoS_19multiversx_sc_codec6single6top_en9TopEncode24top_encode_or_handle_errINtNtNtCslPMlHj3qn2H_13multiversx_sc7storage11storage_set16StorageSetOutputINtNtNtNtCs1rODQd5oASQ_22multiversx_sc_scenario3api7impl_vh12vm_hooks_api10VMHooksApiNtNtB3N_9debug_api15DebugApiBackendEEINtNtNtNtB2C_13contract_base8wrappers10serializer21ExitCodecErrorHandlerB3I_EECsccnIogsiy8K_5tests
FN:137,_RINvXs1f_Cs2eHPTk3TAlu_14common_structsNtB7_20NftAccountAttributesNtNtNtCs5SUGlJDgeoS_19multiversx_sc_codec6single6top_en9TopEncode24top_encode_or_handle_errQINtNtCshTKFwE22Rw2_5alloc3vec3VechENtNtB18_17codec_err_handler19DefaultErrorHandlerECsccnIogsiy8K_5tests
FN:137,_RINvXs1f_Cs2eHPTk3TAlu_14common_structsNtB7_20NftAccountAttributesNtNtNtCs5SUGlJDgeoS_19multiversx_sc_codec6single6top_en9TopEncode24top_encode_or_handle_errQINtNtNtNtNtCslPMlHj3qn2H_13multiversx_sc5types7managed5basic14managed_buffer13ManagedBufferINtNtNtNtCs1rODQd5oASQ_22multiversx_sc_scenario3api7impl_vh12vm_hooks_api10VMHooksApiNtNtB44_9debug_api15DebugApiBackendEEINtNtNtNtB2H_13contract_base8wrappers10serializer21ExitCodecErrorHandlerB3Z_EECsccnIogsiy8K_5tests
FN:137,_RINvXs1g_Cs2eHPTk3TAlu_14common_structsNtB7_20NftAccountAttributesNtNtNtCs5SUGlJDgeoS_19multiversx_sc_codec6single6top_de9TopDecode24top_decode_or_handle_errINtNtNtCslPMlHj3qn2H_13multiversx_sc7storage11storage_get15StorageGetInputINtNtNtNtCs1rODQd5oASQ_22multiversx_sc_scenario3api7impl_vh12vm_hooks_api10VMHooksApiNtNtB3M_9debug_api15DebugApiBackendEEINtB2y_22StorageGetErrorHandlerB3H_EECsccnIogsiy8K_5tests
FN:137,_RINvXs1g_Cs2eHPTk3TAlu_14common_structsNtB7_20NftAccountAttributesNtNtNtCs5SUGlJDgeoS_19multiversx_sc_codec6single6top_de9TopDecode24top_decode_or_handle_errINtNtNtNtNtCslPMlHj3qn2H_13multiversx_sc5types7managed5basic14managed_buffer13ManagedBufferINtNtNtNtCs1rODQd5oASQ_22multiversx_sc_scenario3api7impl_vh12vm_hooks_api10VMHooksApiNtNtB43_9debug_api15DebugApiBackendEEINtNtNtNtB2G_13contract_base8wrappers10serializer21ExitCodecErrorHandlerB3Y_EECsccnIogsiy8K_5tests
FN:130,_RINvXs1m_Cs2eHPTk3TAlu_14common_structsNtB7_16EModeAssetConfigNtNtNtCs5SUGlJDgeoS_19multiversx_sc_codec6single6top_en9TopEncode24top_encode_or_handle_errINtNtNtCslPMlHj3qn2H_13multiversx_sc2io6finish16ApiOutputAdapterINtNtNtNtCs1rODQd5oASQ_22multiversx_sc_scenario3api7impl_vh12vm_hooks_api10VMHooksApiNtNtB3y_9debug_api15DebugApiBackendEEINtNtNtNtB2y_13contract_base8wrappers10serializer21ExitCodecErrorHandlerB3t_EECsccnIogsiy8K_5tests
FN:130,_RINvXs1m_Cs2eHPTk3TAlu_14common_structsNtB7_16EModeAssetConfigNtNtNtCs5SUGlJDgeoS_19multiversx_sc_codec6single6top_en9TopEncode24top_encode_or_handle_errINtNtNtCslPMlHj3qn2H_13multiversx_sc7storage11storage_set16StorageSetOutputINtNtNtNtCs1rODQd5oASQ_22multiversx_sc_scenario3api7impl_vh12vm_hooks_api10VMHooksApiNtNtB3J_9debug_api15DebugApiBackendEEINtNtNtNtB2y_13contract_base8wrappers10serializer21ExitCodecErrorHandlerB3E_EECsccnIogsiy8K_5tests
FN:130,_RINvXs1m_Cs2eHPTk3TAlu_14common_structsNtB7_16EModeAssetConfigNtNtNtCs5SUGlJDgeoS_19multiversx_sc_codec6single6top_en9TopEncode24top_encode_or_handle_errQINtNtNtNtNtCslPMlHj3qn2H_13multiversx_sc5types7managed5basic14managed_buffer13ManagedBufferINtNtNtNtCs1rODQd5oASQ_22multiversx_sc_scenario3api7impl_vh12vm_hooks_api10VMHooksApiNtNtB40_9debug_api15DebugApiBackendEEINtNtNtNtB2D_13contract_base8wrappers10serializer21ExitCodecErrorHandlerB3V_EECsccnIogsiy8K_5tests
FN:130,_RINvXs1n_Cs2eHPTk3TAlu_14common_structsNtB7_16EModeAssetConfigNtNtNtCs5SUGlJDgeoS_19multiversx_sc_codec6single6top_de9TopDecode24top_decode_or_handle_errINtNtNtCslPMlHj3qn2H_13multiversx_sc2io12arg_de_input14ArgDecodeInputINtNtNtNtCs1rODQd5oASQ_22multiversx_sc_scenario3api7impl_vh12vm_hooks_api10VMHooksApiNtNtB3D_9debug_api15DebugApiBackendEEINtNtB2w_17arg_error_handler15ArgErrorHandlerB3y_EECsccnIogsiy8K_5tests
FN:130,_RINvXs1n_Cs2eHPTk3TAlu_14common_structsNtB7_16EModeAssetConfigNtNtNtCs5SUGlJDgeoS_19multiversx_sc_codec6single6top_de9TopDecode24top_decode_or_handle_errINtNtNtCslPMlHj3qn2H_13multiversx_sc7storage11storage_get15StorageGetInputINtNtNtNtCs1rODQd5oASQ_22multiversx_sc_scenario3api7impl_vh12vm_hooks_api10VMHooksApiNtNtB3I_9debug_api15DebugApiBackendEEINtB2u_22StorageGetErrorHandlerB3D_EECsccnIogsiy8K_5tests
FN:120,_RINvXs1u_Cs2eHPTk3TAlu_14common_structsINtB7_13EModeCategoryINtNtNtNtCs1rODQd5oASQ_22multiversx_sc_scenario3api7impl_vh12vm_hooks_api10VMHooksApiNtNtB11_9debug_api15DebugApiBackendEENtNtNtCs5SUGlJDgeoS_19multiversx_sc_codec6single6top_en9TopEncode24top_encode_or_handle_errINtNtNtCslPMlHj3qn2H_13multiversx_sc2io6finish16ApiOutputAdapterBW_EINtNtNtNtB4u_13contract_base8wrappers10serializer21ExitCodecErrorHandlerBW_EECsccnIogsiy8K_5tests
FN:120,_RINvXs1u_Cs2eHPTk3TAlu_14common_structsINtB7_13EModeCategoryINtNtNtNtCs1rODQd5oASQ_22multiversx_sc_scenario3api7impl_vh12vm_hooks_api10VMHooksApiNtNtB11_9debug_api15DebugApiBackendEENtNtNtCs5SUGlJDgeoS_19multiversx_sc_codec6single6top_en9TopEncode24top_encode_or_handle_errINtNtNtCslPMlHj3qn2H_13multiversx_sc7storage11storage_set16StorageSetOutputBW_EINtNtNtNtB4u_13contract_base8wrappers10serializer21ExitCodecErrorHandlerBW_EECsccnIogsiy8K_5tests
FN:120,_RINvXs1u_Cs2eHPTk3TAlu_14common_structsINtB7_13EModeCategoryINtNtNtNtCs1rODQd5oASQ_22multiversx_sc_scenario3api7impl_vh12vm_hooks_api10VMHooksApiNtNtB11_9debug_api15DebugApiBackendEENtNtNtCs5SUGlJDgeoS_19multiversx_sc_codec6single6top_en9TopEncode24top_encode_or_handle_errQINtNtNtNtNtCslPMlHj3qn2H_13multiversx_sc5types7managed5basic14managed_buffer13ManagedBufferBW_EINtNtNtNtB4z_13contract_base8wrappers10serializer21ExitCodecErrorHandlerBW_EECsccnIogsiy8K_5tests
FN:120,_RINvXs1v_Cs2eHPTk3TAlu_14common_structsINtB7_13EModeCategoryINtNtNtNtCs1rODQd5oASQ_22multiversx_sc_scenario3api7impl_vh12vm_hooks_api10VMHooksApiNtNtB11_9debug_api15DebugApiBackendEENtNtNtCs5SUGlJDgeoS_19multiversx_sc_codec6single6top_de9TopDecode24top_decode_or_handle_errINtNtNtCslPMlHj3qn2H_13multiversx_sc2io12arg_de_input14ArgDecodeInputBW_EINtNtB4s_17arg_error_handler15ArgErrorHandlerBW_EECsccnIogsiy8K_5tests
FN:120,_RINvXs1v_Cs2eHPTk3TAlu_14common_structsINtB7_13EModeCategoryINtNtNtNtCs1rODQd5oASQ_22multiversx_sc_scenario3api7impl_vh12vm_hooks_api10VMHooksApiNtNtB11_9debug_api15DebugApiBackendEENtNtNtCs5SUGlJDgeoS_19multiversx_sc_codec6single6top_de9TopDecode24top_decode_or_handle_errINtNtNtCslPMlHj3qn2H_13multiversx_sc7storage11storage_get15StorageGetInputBW_EINtB4q_22StorageGetErrorHandlerBW_EECsccnIogsiy8K_5tests
FN:20,_RINvXs21_Cs2eHPTk3TAlu_14common_structsNtB7_19AccountPositionTypeNtNtNtNtNtCslPMlHj3qn2H_13multiversx_sc5types7managed7wrapped16managed_vec_item14ManagedVecItem16from_byte_readerNCINvXs1S_B7_INtB7_15AccountPositionINtNtNtNtCs1rODQd5oASQ_22multiversx_sc_scenario3api7impl_vh12vm_hooks_api10VMHooksApiNtNtB3v_9debug_api15DebugApiBackendEEB11_16from_byte_readerNCNvMs2_NtB15_11managed_vecINtB5S_10ManagedVecB3q_B33_E7try_get0E0ECsccnIogsiy8K_5tests
FN:20,_RINvXs21_Cs2eHPTk3TAlu_14common_structsNtB7_19AccountPositionTypeNtNtNtNtNtCslPMlHj3qn2H_13multiversx_sc5types7managed7wrapped16managed_vec_item14ManagedVecItem16from_byte_readerNCINvXs1S_B7_INtB7_15AccountPositionINtNtNtNtCs1rODQd5oASQ_22multiversx_sc_scenario3api7impl_vh12vm_hooks_api10VMHooksApiNtNtB3v_9debug_api15DebugApiBackendEEB11_16from_byte_readerNCNvXs0_NtB15_22managed_vec_owned_iterINtB5S_23ManagedVecOwnedIteratorB3q_B33_ENtNtNtNtCslGS7pEIChKc_4core4iter6traits8iterator8Iterator4next0E0ECsccnIogsiy8K_5tests
FN:20,_RINvXs21_Cs2eHPTk3TAlu_14common_structsNtB7_19AccountPositionTypeNtNtNtNtNtCslPMlHj3qn2H_13multiversx_sc5types7managed7wrapped16managed_vec_item14ManagedVecItem16into_byte_writeruNCINvXs1S_B7_INtB7_15AccountPositionINtNtNtNtCs1rODQd5oASQ_22multiversx_sc_scenario3api7impl_vh12vm_hooks_api10VMHooksApiNtNtB3w_9debug_api15DebugApiBackendEEB11_16into_byte_writerINtNtCslGS7pEIChKc_4core6result6ResultuNtNtNtNtB1b_3api13managed_types18managed_buffer_api17InvalidSliceErrorENCNvMs2_NtB15_11managed_vecINtB7F_10ManagedVecB3r_B34_E3set0E0ECsccnIogsiy8K_5tests
FN:20,_RINvXs21_Cs2eHPTk3TAlu_14common_structsNtB7_19AccountPositionTypeNtNtNtNtNtCslPMlHj3qn2H_13multiversx_sc5types7managed7wrapped16managed_vec_item14ManagedVecItem16into_byte_writeruNCINvXs1S_B7_INtB7_15AccountPositionINtNtNtNtCs1rODQd5oASQ_22multiversx_sc_scenario3api7impl_vh12vm_hooks_api10VMHooksApiNtNtB3w_9debug_api15DebugApiBackendEEB11_16into_byte_writeruNCNvMs2_NtB15_11managed_vecINtB5U_10ManagedVecB3r_B34_E4push0E0ECsccnIogsiy8K_5tests
FN:20,_RINvXs22_Cs2eHPTk3TAlu_14common_structsNtB7_19AccountPositionTypeNtNtNtCs5SUGlJDgeoS_19multiversx_sc_codec6single9nested_en12NestedEncode24dep_encode_or_handle_errINtNtNtNtNtCslPMlHj3qn2H_13multiversx_sc5types7managed5basic14managed_buffer13ManagedBufferINtNtNtNtCs1rODQd5oASQ_22multiversx_sc_scenario3api7impl_vh12vm_hooks_api10VMHooksApiNtNtB49_9debug_api15DebugApiBackendEEINtNtNtNtB2M_13contract_base8wrappers10serializer21ExitCodecErrorHandlerB44_EECsccnIogsiy8K_5tests
FN:20,_RINvXs22_Cs2eHPTk3TAlu_14common_structsNtB7_19AccountPositionTypeNtNtNtCs5SUGlJDgeoS_19multiversx_sc_codec6single9nested_en12NestedEncode24dep_encode_or_handle_errINtNtNtNtNtNtCslPMlHj3qn2H_13multiversx_sc5types7managed7wrapped7builder22managed_buffer_builder20ManagedBufferBuilderINtNtNtNtCs1rODQd5oASQ_22multiversx_sc_scenario3api7impl_vh12vm_hooks_api10VMHooksApiNtNtB4A_9debug_api15DebugApiBackendEEINtNtNtNtB2O_13contract_base8wrappers10serializer21ExitCodecErrorHandlerB4v_EECsccnIogsiy8K_5tests
FN:20,_RINvXs23_Cs2eHPTk3TAlu_14common_structsNtB7_19AccountPositionTypeNtNtNtCs5SUGlJDgeoS_19multiversx_sc_codec6single9nested_de12NestedDecode24dep_decode_or_handle_errINtNtNtNtNtCslPMlHj3qn2H_13multiversx_sc5types7managed10codec_util30managed_buffer_nested_de_input30ManagedBufferNestedDecodeInputINtNtNtNtCs1rODQd5oASQ_22multiversx_sc_scenario3api7impl_vh12vm_hooks_api10VMHooksApiNtNtB4M_9debug_api15DebugApiBackendEEINtNtNtB2M_2io17arg_error_handler15ArgErrorHandlerB4H_EECsccnIogsiy8K_5tests
FN:20,_RINvXs23_Cs2eHPTk3TAlu_14common_structsNtB7_19AccountPositionTypeNtNtNtCs5SUGlJDgeoS_19multiversx_sc_codec6single9nested_de12NestedDecode24dep_decode_or_handle_errINtNtNtNtNtCslPMlHj3qn2H_13multiversx_sc5types7managed10codec_util30managed_buffer_nested_de_input30ManagedBufferNestedDecodeInputINtNtNtNtCs1rODQd5oASQ_22multiversx_sc_scenario3api7impl_vh12vm_hooks_api10VMHooksApiNtNtB4M_9debug_api15DebugApiBackendEEINtNtNtB2M_7storage11storage_get22StorageGetErrorHandlerB4H_EECsccnIogsiy8K_5tests
FN:7,_RINvXs2d_Cs2eHPTk3TAlu_14common_structsINtB7_10PoolParamsINtNtNtNtCs1rODQd5oASQ_22multiversx_sc_scenario3api7impl_vh12vm_hooks_api10VMHooksApiNtNtBY_9debug_api15DebugApiBackendEENtNtNtCs5SUGlJDgeoS_19multiversx_sc_codec6single6top_en9TopEncode24top_encode_or_handle_errINtNtNtCslPMlHj3qn2H_13multiversx_sc2io6finish16ApiOutputAdapterBT_EINtNtNtNtB4q_13contract_base8wrappers10serializer21ExitCodecErrorHandlerBT_EECsccnIogsiy8K_5tests
FN:7,_RINvXs2d_Cs2eHPTk3TAlu_14common_structsINtB7_10PoolParamsINtNtNtNtCs1rODQd5oASQ_22multiversx_sc_scenario3api7impl_vh12vm_hooks_api10VMHooksApiNtNtBY_9debug_api15DebugApiBackendEENtNtNtCs5SUGlJDgeoS_19multiversx_sc_codec6single6top_en9TopEncode24top_encode_or_handle_errINtNtNtCslPMlHj3qn2H_13multiversx_sc7storage11storage_set16StorageSetOutputBT_EINtNtNtNtB4q_13contract_base8wrappers10serializer21ExitCodecErrorHandlerBT_EECsccnIogsiy8K_5tests
FN:7,_RINvXs2e_Cs2eHPTk3TAlu_14common_structsINtB7_10PoolParamsINtNtNtNtCs1rODQd5oASQ_22multiversx_sc_scenario3api7impl_vh12vm_hooks_api10VMHooksApiNtNtBY_9debug_api15DebugApiBackendEENtNtNtCs5SUGlJDgeoS_19multiversx_sc_codec6single6top_de9TopDecode24top_decode_or_handle_errINtNtNtCslPMlHj3qn2H_13multiversx_sc7storage11storage_get15StorageGetInputBT_EINtB4m_22StorageGetErrorHandlerBT_EECsccnIogsiy8K_5tests
FN:213,_RINvXs5_Cs2eHPTk3TAlu_14common_structsINtB6_22OraclePriceFluctuationINtNtNtNtCs1rODQd5oASQ_22multiversx_sc_scenario3api7impl_vh12vm_hooks_api10VMHooksApiNtNtB19_9debug_api15DebugApiBackendEENtNtNtCs5SUGlJDgeoS_19multiversx_sc_codec6single9nested_en12NestedEncode24dep_encode_or_handle_errINtNtNtNtNtNtCslPMlHj3qn2H_13multiversx_sc5types7managed7wrapped7builder22managed_buffer_builder20ManagedBufferBuilderB14_EINtNtNtNtB4P_13contract_base8wrappers10serializer21ExitCodecErrorHandlerB14_EECsccnIogsiy8K_5tests
[...]
FN:145,_RNCNvYINtCs5Hf7Co81jHm_16price_aggregator11ContractObjINtNtNtNtCs1rODQd5oASQ_22multiversx_sc_scenario3api7impl_vh12vm_hooks_api10VMHooksApiNtNtBV_9debug_api15DebugApiBackendEENtNtB7_5utils11UtilsModule16create_new_round0CsccnIogsiy8K_5tests
FN:107,_RNCNvYINtCs5Hf7Co81jHm_16price_aggregator11ContractObjINtNtNtNtCs1rODQd5oASQ_22multiversx_sc_scenario3api7impl_vh12vm_hooks_api10VMHooksApiNtNtBV_9debug_api15DebugApiBackendEENtNtB7_5utils11UtilsModule16submit_unchecked0CsccnIogsiy8K_5tests
FNDA:0,_RNvYpNtNtCsamJ5hwD5Au9_16price_aggregator5utils11UtilsModule17require_is_oracleB7_
FNDA:0,_RNvYpNtNtCsamJ5hwD5Au9_16price_aggregator5utils11UtilsModule30require_valid_submission_countB7_
FNDA:0,_RNvYpNtNtCsamJ5hwD5Au9_16price_aggregator5utils11UtilsModule16submit_uncheckedB7_
FNDA:0,_RNCNvYpNtNtCsamJ5hwD5Au9_16price_aggregator5utils11UtilsModule16submit_unchecked0B9_
FNDA:0,_RNvYpNtNtCsamJ5hwD5Au9_16price_aggregator5utils11UtilsModule34require_valid_submission_timestampB7_
FNDA:0,_RNvYpNtNtCsamJ5hwD5Au9_16price_aggregator5utils11UtilsModule16create_new_roundB7_
FNDA:0,_RNCNvYpNtNtCsamJ5hwD5Au9_16price_aggregator5utils11UtilsModule16create_new_round0B9_
FNDA:0,_RNvYpNtNtCsamJ5hwD5Au9_16price_aggregator5utils11UtilsModule17clear_submissionsB7_
FNDA:0,_RNvYpNtNtCsamJ5hwD5Au9_16price_aggregator5utils11UtilsModule14check_decimalsB7_
FNDA:0,_RNvYpNtNtCsamJ5hwD5Au9_16price_aggregator5utils16EndpointWrappers4callB7_
FNDA:0,_RNvYpNtNtCsamJ5hwD5Au9_16price_aggregator5utils16EndpointWrappers17callback_selectorB7_
FNDA:0,_RNvYpNtNtCsamJ5hwD5Au9_16price_aggregator5utils16EndpointWrappers8callbackB7_
FNDA:0,_RNvXs1_NtCsamJ5hwD5Au9_16price_aggregator5utilsNtB5_11AbiProviderNtNtNtCslPMlHj3qn2H_13multiversx_sc13contract_base21contract_abi_provider19ContractAbiProvider3abi
FNDA:0,_RNvXININtCsamJ5hwD5Au9_16price_aggregator5utilssd_0pEINtB5_11ContractObjpENtNtNtCslPMlHj3qn2H_13multiversx_sc13contract_base17callable_contract16CallableContract4callB7_
FNDA:0,_RINvNtCsamJ5hwD5Au9_16price_aggregator5utils12contract_objpEB4_
FNDA:0,_RINvXse_NtCsamJ5hwD5Au9_16price_aggregator5utilsNtB6_15ContractBuilderNtNtNtCslPMlHj3qn2H_13multiversx_sc13contract_base17callable_contract23CallableContractBuilder16new_contract_objpEB8_
FNDA:1440,_RNvYINtCs5Hf7Co81jHm_16price_aggregator11ContractObjINtNtNtNtCs1rODQd5oASQ_22multiversx_sc_scenario3api7impl_vh12vm_hooks_api10VMHooksApiNtNtBT_9debug_api15DebugApiBackendEENtNtB5_5utils11UtilsModule14check_decimalsCsccnIogsiy8K_5tests
FNDA:1440,_RNvYINtCs5Hf7Co81jHm_16price_aggregator11ContractObjINtNtNtNtCs1rODQd5oASQ_22multiversx_sc_scenario3api7impl_vh12vm_hooks_api10VMHooksApiNtNtBT_9debug_api15DebugApiBackendEENtNtB5_5utils11UtilsModule16create_new_roundCsccnIogsiy8K_5tests
FNDA:1440,_RNvYINtCs5Hf7Co81jHm_16price_aggregator11ContractObjINtNtNtNtCs1rODQd5oASQ_22multiversx_sc_scenario3api7impl_vh12vm_hooks_api10VMHooksApiNtNtBT_9debug_api15DebugApiBackendEENtNtB5_5utils11UtilsModule16submit_uncheckedCsccnIogsiy8K_5tests
FNDA:360,_RNvYINtCs5Hf7Co81jHm_16price_aggregator11ContractObjINtNtNtNtCs1rODQd5oASQ_22multiversx_sc_scenario3api7impl_vh12vm_hooks_api10VMHooksApiNtNtBT_9debug_api15DebugApiBackendEENtNtB5_5utils11UtilsModule17clear_submissionsCsccnIogsiy8K_5tests
FNDA:1440,_RNvYINtCs5Hf7Co81jHm_16price_aggregator11ContractObjINtNtNtNtCs1rODQd5oASQ_22multiversx_sc_scenario3api7impl_vh12vm_hooks_api10VMHooksApiNtNtBT_9debug_api15DebugApiBackendEENtNtB5_5utils11UtilsModule17require_is_oracleCsccnIogsiy8K_5tests
FNDA:45,_RNvYINtCs5Hf7Co81jHm_16price_aggregator11ContractObjINtNtNtNtCs1rODQd5oASQ_22multiversx_sc_scenario3api7impl_vh12vm_hooks_api10VMHooksApiNtNtBT_9debug_api15DebugApiBackendEENtNtB5_5utils11UtilsModule30require_valid_submission_countCsccnIogsiy8K_5tests
FNDA:1440,_RNvYINtCs5Hf7Co81jHm_16price_aggregator11ContractObjINtNtNtNtCs1rODQd5oASQ_22multiversx_sc_scenario3api7impl_vh12vm_hooks_api10VMHooksApiNtNtBT_9debug_api15DebugApiBackendEENtNtB5_5utils11UtilsModule34require_valid_submission_timestampCsccnIogsiy8K_5tests
FNDA:0,_RNvYINtCs5Hf7Co81jHm_16price_aggregator11ContractObjINtNtNtNtCs1rODQd5oASQ_22multiversx_sc_scenario3api7impl_vh12vm_hooks_api10VMHooksApiNtNtBT_9debug_api15DebugApiBackendEENtNtB5_5utils16EndpointWrappers17callback_selectorCsccnIogsiy8K_5tests
FNDA:1424,_RNvYINtCs5Hf7Co81jHm_16price_aggregator11ContractObjINtNtNtNtCs1rODQd5oASQ_22multiversx_sc_scenario3api7impl_vh12vm_hooks_api10VMHooksApiNtNtBT_9debug_api15DebugApiBackendEENtNtB5_5utils16EndpointWrappers4callCsccnIogsiy8K_5tests
FNDA:0,_RNvYINtCs5Hf7Co81jHm_16price_aggregator11ContractObjINtNtNtNtCs1rODQd5oASQ_22multiversx_sc_scenario3api7impl_vh12vm_hooks_api10VMHooksApiNtNtBT_9debug_api15DebugApiBackendEENtNtB5_5utils16EndpointWrappers8callbackCsccnIogsiy8K_5tests
FNDA:0,_RNCNvYINtCs5Hf7Co81jHm_16price_aggregator11ContractObjINtNtNtNtCs1rODQd5oASQ_22multiversx_sc_scenario3api7impl_vh12vm_hooks_api10VMHooksApiNtNtBV_9debug_api15DebugApiBackendEENtNtB7_5utils11UtilsModule16create_new_round0CsccnIogsiy8K_5tests
FNDA:1440,_RNCNvYINtCs5Hf7Co81jHm_16price_aggregator11ContractObjINtNtNtNtCs1rODQd5oASQ_22multiversx_sc_scenario3api7impl_vh12vm_hooks_api10VMHooksApiNtNtBV_9debug_api15DebugApiBackendEENtNtB7_5utils11UtilsModule16submit_unchecked0CsccnIogsiy8K_5tests
FNF:10
FNH:9
DA:11,1424
DA:18,1440
DA:19,1440
DA:20,1440
DA:21,1440
DA:22,1440
DA:23,1440
DA:26,45
DA:27,45
DA:28,45
DA:29,45
DA:30,45
DA:41,1440
DA:42,1440
DA:43,1440
DA:44,1440
DA:45,1440
DA:46,1440
DA:47,1440
DA:48,1440
DA:49,1440
DA:50,1440
DA:51,1440
DA:52,1440
DA:53,1440
DA:54,1440
DA:55,0
DA:56,1440
DA:58,1440
DA:59,1440
DA:60,1440
DA:61,360
DA:62,360
DA:63,360
DA:64,360
DA:66,1080
DA:70,1440
DA:71,0
DA:72,0
DA:73,0
DA:74,0
DA:75,0
DA:76,0
DA:77,0
DA:78,1440
DA:80,1440
DA:81,1440
DA:82,1440
DA:83,1440
DA:84,1440
DA:85,1440
DA:86,1440
DA:87,1440
DA:88,1440
DA:89,1440
DA:90,1440
DA:91,1440
DA:92,1440
DA:93,1440
DA:94,1440
DA:95,1440
DA:96,0
DA:97,0
DA:98,0
DA:99,0
DA:100,0
DA:101,0
DA:102,0
DA:103,0
DA:105,1440
DA:106,1440
DA:107,1440
DA:108,1440
DA:109,1440
DA:110,1440
DA:113,1440
DA:114,1440
DA:115,1440
DA:116,1440
DA:117,1440
DA:118,1440
DA:119,1440
DA:120,1440
DA:121,1440
DA:122,1440
DA:131,1440
DA:132,1440
DA:133,1440
DA:134,360
DA:135,360
DA:136,360
DA:137,360
DA:139,360
DA:140,1440
DA:141,1440
DA:142,1440
DA:144,360
DA:145,360
DA:146,360
DA:147,360
DA:148,360
DA:149,360
DA:150,360
DA:151,360
DA:152,360
DA:153,360
DA:154,360
DA:155,360
DA:156,360
DA:157,360
DA:158,360
DA:159,360
DA:160,1080
DA:163,360
DA:164,360
DA:165,0
DA:166,360
DA:167,360
DA:168,360
DA:171,1440
DA:172,1440
DA:173,1440
DA:174,1440
DA:175,1440
DA:176,1440
BRF:0
BRH:0
LF:128
LH:110
end_of_record
SF:/Users/mihaieremia/GitHub/rs-lending/price-aggregator/src/views.rs
FN:17,_RNvYpNtNtCsamJ5hwD5Au9_16price_aggregator5views11ViewsModule15make_price_feedB7_
FN:32,_RNvYpNtNtCsamJ5hwD5Au9_16price_aggregator5views11ViewsModule17get_pair_decimalsB7_
FN:42,_RNvYpNtNtCsamJ5hwD5Au9_16price_aggregator5views11ViewsModule17latest_round_dataB7_
FN:57,_RNvYpNtNtCsamJ5hwD5Au9_16price_aggregator5views11ViewsModule17latest_price_feedB7_
FN:73,_RNvYpNtNtCsamJ5hwD5Au9_16price_aggregator5views11ViewsModule26latest_price_feed_optionalB7_
FN:78,_RNvYpNtNtCsamJ5hwD5Au9_16price_aggregator5views11ViewsModule11get_oraclesB7_
FN:9,_RNvYpNtNtCsamJ5hwD5Au9_16price_aggregator5views16EndpointWrappers22call_get_pair_decimalsB7_
FN:9,_RNvYpNtNtCsamJ5hwD5Au9_16price_aggregator5views16EndpointWrappers22call_latest_round_dataB7_
FN:9,_RNvYpNtNtCsamJ5hwD5Au9_16price_aggregator5views16EndpointWrappers22call_latest_price_feedB7_
FN:9,_RNvYpNtNtCsamJ5hwD5Au9_16price_aggregator5views16EndpointWrappers31call_latest_price_feed_optionalB7_
FN:9,_RNvYpNtNtCsamJ5hwD5Au9_16price_aggregator5views16EndpointWrappers16call_get_oraclesB7_
FN:9,_RNvYpNtNtCsamJ5hwD5Au9_16price_aggregator5views16EndpointWrappers4callB7_
FN:9,_RNvYpNtNtCsamJ5hwD5Au9_16price_aggregator5views16EndpointWrappers17callback_selectorB7_
FN:9,_RNvYpNtNtCsamJ5hwD5Au9_16price_aggregator5views16EndpointWrappers8callbackB7_
FN:9,_RNvXs1_NtCsamJ5hwD5Au9_16price_aggregator5viewsNtB5_11AbiProviderNtNtNtCslPMlHj3qn2H_13multiversx_sc13contract_base21contract_abi_provider19ContractAbiProvider3abi
FN:9,_RNvXININtCsamJ5hwD5Au9_16price_aggregator5viewss9_0pEINtB5_11ContractObjpENtNtNtCslPMlHj3qn2H_13multiversx_sc13contract_base17callable_contract16CallableContract4callB7_
FN:9,_RINvNtCsamJ5hwD5Au9_16price_aggregator5views12contract_objpEB4_
FN:9,_RINvXsa_NtCsamJ5hwD5Au9_16price_aggregator5viewsNtB6_15ContractBuilderNtNtNtCslPMlHj3qn2H_13multiversx_sc13contract_base17callable_contract23CallableContractBuilder16new_contract_objpEB8_
FN:9,_RINvNtNtCsamJ5hwD5Au9_16price_aggregator5views19___wasm__endpoints__17get_pair_decimalspEB6_
FN:9,_RINvNtNtCsamJ5hwD5Au9_16price_aggregator5views19___wasm__endpoints__17latest_round_datapEB6_
FN:9,_RINvNtNtCsamJ5hwD5Au9_16price_aggregator5views19___wasm__endpoints__17latest_price_feedpEB6_
FN:9,_RINvNtNtCsamJ5hwD5Au9_16price_aggregator5views19___wasm__endpoints__26latest_price_feed_optionalpEB6_
FN:9,_RINvNtNtCsamJ5hwD5Au9_16price_aggregator5views19___wasm__endpoints__11get_oraclespEB6_
FN:9,_RINvYpNtNtCsamJ5hwD5Au9_16price_aggregator5views10ProxyTrait17get_pair_decimalsppEB8_
FN:9,_RINvYpNtNtCsamJ5hwD5Au9_16price_aggregator5views10ProxyTrait17latest_round_datapEB8_
FN:9,_RINvYpNtNtCsamJ5hwD5Au9_16price_aggregator5views10ProxyTrait17latest_price_feedppEB8_
FN:9,_RINvYpNtNtCsamJ5hwD5Au9_16price_aggregator5views10ProxyTrait26latest_price_feed_optionalppEB8_
FN:9,_RNvYpNtNtCsamJ5hwD5Au9_16price_aggregator5views10ProxyTrait11get_oraclesB7_
FN:78,_RNvYINtCs5Hf7Co81jHm_16price_aggregator11ContractObjINtNtNtNtCs1rODQd5oASQ_22multiversx_sc_scenario3api7impl_vh12vm_hooks_api10VMHooksApiNtNtBT_9debug_api15DebugApiBackendEENtNtB5_5views11ViewsModule11get_oraclesCsccnIogsiy8K_5tests
FN:17,_RNvYINtCs5Hf7Co81jHm_16price_aggregator11ContractObjINtNtNtNtCs1rODQd5oASQ_22multiversx_sc_scenario3api7impl_vh12vm_hooks_api10VMHooksApiNtNtBT_9debug_api15DebugApiBackendEENtNtB5_5views11ViewsModule15make_price_feedCsccnIogsiy8K_5tests
FN:32,_RNvYINtCs5Hf7Co81jHm_16price_aggregator11ContractObjINtNtNtNtCs1rODQd5oASQ_22multiversx_sc_scenario3api7impl_vh12vm_hooks_api10VMHooksApiNtNtBT_9debug_api15DebugApiBackendEENtNtB5_5views11ViewsModule17get_pair_decimalsCsccnIogsiy8K_5tests
FN:57,_RNvYINtCs5Hf7Co81jHm_16price_aggregator11ContractObjINtNtNtNtCs1rODQd5oASQ_22multiversx_sc_scenario3api7impl_vh12vm_hooks_api10VMHooksApiNtNtBT_9debug_api15DebugApiBackendEENtNtB5_5views11ViewsModule17latest_price_feedCsccnIogsiy8K_5tests
FN:42,_RNvYINtCs5Hf7Co81jHm_16price_aggregator11ContractObjINtNtNtNtCs1rODQd5oASQ_22multiversx_sc_scenario3api7impl_vh12vm_hooks_api10VMHooksApiNtNtBT_9debug_api15DebugApiBackendEENtNtB5_5views11ViewsModule17latest_round_dataCsccnIogsiy8K_5tests
FN:73,_RNvYINtCs5Hf7Co81jHm_16price_aggregator11ContractObjINtNtNtNtCs1rODQd5oASQ_22multiversx_sc_scenario3api7impl_vh12vm_hooks_api10VMHooksApiNtNtBT_9debug_api15DebugApiBackendEENtNtB5_5views11ViewsModule26latest_price_feed_optionalCsccnIogsiy8K_5tests
FN:9,_RNvYINtCs5Hf7Co81jHm_16price_aggregator11ContractObjINtNtNtNtCs1rODQd5oASQ_22multiversx_sc_scenario3api7impl_vh12vm_hooks_api10VMHooksApiNtNtBT_9debug_api15DebugApiBackendEENtNtB5_5views16EndpointWrappers16call_get_oraclesCsccnIogsiy8K_5tests
FN:9,_RNvYINtCs5Hf7Co81jHm_16price_aggregator11ContractObjINtNtNtNtCs1rODQd5oASQ_22multiversx_sc_scenario3api7impl_vh12vm_hooks_api10VMHooksApiNtNtBT_9debug_api15DebugApiBackendEENtNtB5_5views16EndpointWrappers17callback_selectorCsccnIogsiy8K_5tests
FN:9,_RNvYINtCs5Hf7Co81jHm_16price_aggregator11ContractObjINtNtNtNtCs1rODQd5oASQ_22multiversx_sc_scenario3api7impl_vh12vm_hooks_api10VMHooksApiNtNtBT_9debug_api15DebugApiBackendEENtNtB5_5views16EndpointWrappers22call_get_pair_decimalsCsccnIogsiy8K_5tests
FN:9,_RNvYINtCs5Hf7Co81jHm_16price_aggregator11ContractObjINtNtNtNtCs1rODQd5oASQ_22multiversx_sc_scenario3api7impl_vh12vm_hooks_api10VMHooksApiNtNtBT_9debug_api15DebugApiBackendEENtNtB5_5views16EndpointWrappers22call_latest_price_feedCsccnIogsiy8K_5tests
FN:9,_RNvYINtCs5Hf7Co81jHm_16price_aggregator11ContractObjINtNtNtNtCs1rODQd5oASQ_22multiversx_sc_scenario3api7impl_vh12vm_hooks_api10VMHooksApiNtNtBT_9debug_api15DebugApiBackendEENtNtB5_5views16EndpointWrappers22call_latest_round_dataCsccnIogsiy8K_5tests
FN:9,_RNvYINtCs5Hf7Co81jHm_16price_aggregator11ContractObjINtNtNtNtCs1rODQd5oASQ_22multiversx_sc_scenario3api7impl_vh12vm_hooks_api10VMHooksApiNtNtBT_9debug_api15DebugApiBackendEENtNtB5_5views16EndpointWrappers31call_latest_price_feed_optionalCsccnIogsiy8K_5tests
FN:9,_RNvYINtCs5Hf7Co81jHm_16price_aggregator11ContractObjINtNtNtNtCs1rODQd5oASQ_22multiversx_sc_scenario3api7impl_vh12vm_hooks_api10VMHooksApiNtNtBT_9debug_api15DebugApiBackendEENtNtB5_5views16EndpointWrappers4callCsccnIogsiy8K_5tests
FN:9,_RNvYINtCs5Hf7Co81jHm_16price_aggregator11ContractObjINtNtNtNtCs1rODQd5oASQ_22multiversx_sc_scenario3api7impl_vh12vm_hooks_api10VMHooksApiNtNtBT_9debug_api15DebugApiBackendEENtNtB5_5views16EndpointWrappers8callbackCsccnIogsiy8K_5tests
FNDA:0,_RNvYpNtNtCsamJ5hwD5Au9_16price_aggregator5views11ViewsModule15make_price_feedB7_
FNDA:0,_RNvYpNtNtCsamJ5hwD5Au9_16price_aggregator5views11ViewsModule17get_pair_decimalsB7_
FNDA:0,_RNvYpNtNtCsamJ5hwD5Au9_16price_aggregator5views11ViewsModule17latest_round_dataB7_
FNDA:0,_RNvYpNtNtCsamJ5hwD5Au9_16price_aggregator5views11ViewsModule17latest_price_feedB7_
FNDA:0,_RNvYpNtNtCsamJ5hwD5Au9_16price_aggregator5views11ViewsModule26latest_price_feed_optionalB7_
FNDA:0,_RNvYpNtNtCsamJ5hwD5Au9_16price_aggregator5views11ViewsModule11get_oraclesB7_
FNDA:0,_RNvYpNtNtCsamJ5hwD5Au9_16price_aggregator5views16EndpointWrappers22call_get_pair_decimalsB7_
FNDA:0,_RNvYpNtNtCsamJ5hwD5Au9_16price_aggregator5views16EndpointWrappers22call_latest_round_dataB7_
FNDA:0,_RNvYpNtNtCsamJ5hwD5Au9_16price_aggregator5views16EndpointWrappers22call_latest_price_feedB7_
FNDA:0,_RNvYpNtNtCsamJ5hwD5Au9_16price_aggregator5views16EndpointWrappers31call_latest_price_feed_optionalB7_
FNDA:0,_RNvYpNtNtCsamJ5hwD5Au9_16price_aggregator5views16EndpointWrappers16call_get_oraclesB7_
FNDA:0,_RNvYpNtNtCsamJ5hwD5Au9_16price_aggregator5views16EndpointWrappers4callB7_
FNDA:0,_RNvYpNtNtCsamJ5hwD5Au9_16price_aggregator5views16EndpointWrappers17callback_selectorB7_
FNDA:0,_RNvYpNtNtCsamJ5hwD5Au9_16price_aggregator5views16EndpointWrappers8callbackB7_
FNDA:0,_RNvXs1_NtCsamJ5hwD5Au9_16price_aggregator5viewsNtB5_11AbiProviderNtNtNtCslPMlHj3qn2H_13multiversx_sc13contract_base21contract_abi_provider19ContractAbiProvider3abi
FNDA:0,_RNvXININtCsamJ5hwD5Au9_16price_aggregator5viewss9_0pEINtB5_11ContractObjpENtNtNtCslPMlHj3qn2H_13multiversx_sc13contract_base17callable_contract16CallableContract4callB7_
FNDA:0,_RINvNtCsamJ5hwD5Au9_16price_aggregator5views12contract_objpEB4_
FNDA:0,_RINvXsa_NtCsamJ5hwD5Au9_16price_aggregator5viewsNtB6_15ContractBuilderNtNtNtCslPMlHj3qn2H_13multiversx_sc13contract_base17callable_contract23CallableContractBuilder16new_contract_objpEB8_
FNDA:0,_RINvNtNtCsamJ5hwD5Au9_16price_aggregator5views19___wasm__endpoints__17get_pair_decimalspEB6_
FNDA:0,_RINvNtNtCsamJ5hwD5Au9_16price_aggregator5views19___wasm__endpoints__17latest_round_datapEB6_
FNDA:0,_RINvNtNtCsamJ5hwD5Au9_16price_aggregator5views19___wasm__endpoints__17latest_price_feedpEB6_
FNDA:0,_RINvNtNtCsamJ5hwD5Au9_16price_aggregator5views19___wasm__endpoints__26latest_price_feed_optionalpEB6_
FNDA:0,_RINvNtNtCsamJ5hwD5Au9_16price_aggregator5views19___wasm__endpoints__11get_oraclespEB6_
FNDA:0,_RINvYpNtNtCsamJ5hwD5Au9_16price_aggregator5views10ProxyTrait17get_pair_decimalsppEB8_
FNDA:0,_RINvYpNtNtCsamJ5hwD5Au9_16price_aggregator5views10ProxyTrait17latest_round_datapEB8_
FNDA:0,_RINvYpNtNtCsamJ5hwD5Au9_16price_aggregator5views10ProxyTrait17latest_price_feedppEB8_
FNDA:0,_RINvYpNtNtCsamJ5hwD5Au9_16price_aggregator5views10ProxyTrait26latest_price_feed_optionalppEB8_
FNDA:0,_RNvYpNtNtCsamJ5hwD5Au9_16price_aggregator5views10ProxyTrait11get_oraclesB7_
FNDA:0,_RNvYINtCs5Hf7Co81jHm_16price_aggregator11ContractObjINtNtNtNtCs1rODQd5oASQ_22multiversx_sc_scenario3api7impl_vh12vm_hooks_api10VMHooksApiNtNtBT_9debug_api15DebugApiBackendEENtNtB5_5views11ViewsModule11get_oraclesCsccnIogsiy8K_5tests
FNDA:1019,_RNvYINtCs5Hf7Co81jHm_16price_aggregator11ContractObjINtNtNtNtCs1rODQd5oASQ_22multiversx_sc_scenario3api7impl_vh12vm_hooks_api10VMHooksApiNtNtBT_9debug_api15DebugApiBackendEENtNtB5_5views11ViewsModule15make_price_feedCsccnIogsiy8K_5tests
FNDA:1440,_RNvYINtCs5Hf7Co81jHm_16price_aggregator11ContractObjINtNtNtNtCs1rODQd5oASQ_22multiversx_sc_scenario3api7impl_vh12vm_hooks_api10VMHooksApiNtNtBT_9debug_api15DebugApiBackendEENtNtB5_5views11ViewsModule17get_pair_decimalsCsccnIogsiy8K_5tests
FNDA:1019,_RNvYINtCs5Hf7Co81jHm_16price_aggregator11ContractObjINtNtNtNtCs1rODQd5oASQ_22multiversx_sc_scenario3api7impl_vh12vm_hooks_api10VMHooksApiNtNtBT_9debug_api15DebugApiBackendEENtNtB5_5views11ViewsModule17latest_price_feedCsccnIogsiy8K_5tests
FNDA:0,_RNvYINtCs5Hf7Co81jHm_16price_aggregator11ContractObjINtNtNtNtCs1rODQd5oASQ_22multiversx_sc_scenario3api7impl_vh12vm_hooks_api10VMHooksApiNtNtBT_9debug_api15DebugApiBackendEENtNtB5_5views11ViewsModule17latest_round_dataCsccnIogsiy8K_5tests
FNDA:0,_RNvYINtCs5Hf7Co81jHm_16price_aggregator11ContractObjINtNtNtNtCs1rODQd5oASQ_22multiversx_sc_scenario3api7impl_vh12vm_hooks_api10VMHooksApiNtNtBT_9debug_api15DebugApiBackendEENtNtB5_5views11ViewsModule26latest_price_feed_optionalCsccnIogsiy8K_5tests
FNDA:0,_RNvYINtCs5Hf7Co81jHm_16price_aggregator11ContractObjINtNtNtNtCs1rODQd5oASQ_22multiversx_sc_scenario3api7impl_vh12vm_hooks_api10VMHooksApiNtNtBT_9debug_api15DebugApiBackendEENtNtB5_5views16EndpointWrappers16call_get_oraclesCsccnIogsiy8K_5tests
FNDA:0,_RNvYINtCs5Hf7Co81jHm_16price_aggregator11ContractObjINtNtNtNtCs1rODQd5oASQ_22multiversx_sc_scenario3api7impl_vh12vm_hooks_api10VMHooksApiNtNtBT_9debug_api15DebugApiBackendEENtNtB5_5views16EndpointWrappers17callback_selectorCsccnIogsiy8K_5tests
FNDA:0,_RNvYINtCs5Hf7Co81jHm_16price_aggregator11ContractObjINtNtNtNtCs1rODQd5oASQ_22multiversx_sc_scenario3api7impl_vh12vm_hooks_api10VMHooksApiNtNtBT_9debug_api15DebugApiBackendEENtNtB5_5views16EndpointWrappers22call_get_pair_decimalsCsccnIogsiy8K_5tests
FNDA:1019,_RNvYINtCs5Hf7Co81jHm_16price_aggregator11ContractObjINtNtNtNtCs1rODQd5oASQ_22multiversx_sc_scenario3api7impl_vh12vm_hooks_api10VMHooksApiNtNtBT_9debug_api15DebugApiBackendEENtNtB5_5views16EndpointWrappers22call_latest_price_feedCsccnIogsiy8K_5tests
FNDA:0,_RNvYINtCs5Hf7Co81jHm_16price_aggregator11ContractObjINtNtNtNtCs1rODQd5oASQ_22multiversx_sc_scenario3api7impl_vh12vm_hooks_api10VMHooksApiNtNtBT_9debug_api15DebugApiBackendEENtNtB5_5views16EndpointWrappers22call_latest_round_dataCsccnIogsiy8K_5tests
FNDA:0,_RNvYINtCs5Hf7Co81jHm_16price_aggregator11ContractObjINtNtNtNtCs1rODQd5oASQ_22multiversx_sc_scenario3api7impl_vh12vm_hooks_api10VMHooksApiNtNtBT_9debug_api15DebugApiBackendEENtNtB5_5views16EndpointWrappers31call_latest_price_feed_optionalCsccnIogsiy8K_5tests
FNDA:1829,_RNvYINtCs5Hf7Co81jHm_16price_aggregator11ContractObjINtNtNtNtCs1rODQd5oASQ_22multiversx_sc_scenario3api7impl_vh12vm_hooks_api10VMHooksApiNtNtBT_9debug_api15DebugApiBackendEENtNtB5_5views16EndpointWrappers4callCsccnIogsiy8K_5tests
FNDA:0,_RNvYINtCs5Hf7Co81jHm_16price_aggregator11ContractObjINtNtNtNtCs1rODQd5oASQ_22multiversx_sc_scenario3api7impl_vh12vm_hooks_api10VMHooksApiNtNtBT_9debug_api15DebugApiBackendEENtNtB5_5views16EndpointWrappers8callbackCsccnIogsiy8K_5tests
FNF:7
FNH:4
DA:9,1829
DA:17,1019
DA:18,1019
DA:19,1019
DA:20,1019
DA:21,1019
DA:22,1019
DA:23,1019
DA:24,1019
DA:25,1019
DA:26,1019
DA:27,1019
DA:28,1019
DA:32,1440
DA:33,1440
DA:34,1440
DA:35,1440
DA:42,0
DA:43,0
DA:44,0
DA:45,0
DA:46,0
DA:47,0
DA:48,0
DA:49,0
DA:50,0
DA:53,0
DA:57,1019
DA:58,1019
DA:60,1019
DA:61,1019
DA:63,1019
DA:64,1019
DA:65,1019
DA:73,0
DA:74,0
DA:78,0
DA:79,0
DA:80,0
DA:81,0
DA:82,0
DA:83,0
BRF:0
BRH:0
LF:42
LH:24
end_of_record