SF:/Users/mihaieremia/GitHub/mx-lend-sc/aggregator_mock/meta/src/main.rs
FN:1,_RNvCsfOpQbRGYYs8_20aggregator_mock_meta4main
FNDA:0,_RNvCsfOpQbRGYYs8_20aggregator_mock_meta4main
FNF:1
FNH:0
DA:1,0
DA:2,0
DA:3,0
BRF:0
BRH:0
LF:3
LH:0
end_of_record
SF:/Users/mihaieremia/GitHub/mx-lend-sc/aggregator_mock/src/lib.rs
FN:30,_RNvYpNtCs8RoQnwbK1o7_15aggregator_mock19PriceAggregatorMock26latest_price_feed_optionalB5_
FN:40,_RNvYpNtCs8RoQnwbK1o7_15aggregator_mock19PriceAggregatorMock20get_price_or_defaultB5_
FN:49,_RNvYpNtCs8RoQnwbK1o7_15aggregator_mock19PriceAggregatorMock21set_latest_price_feedB5_
FN:20,_RNvXINICs8RoQnwbK1o7_15aggregator_mock0pEpNtB5_19PriceAggregatorMock17latest_price_feedB5_
FN:20,_RNvYpNtCs8RoQnwbK1o7_15aggregator_mock16EndpointWrappers9call_initB5_
FN:20,_RNvYpNtCs8RoQnwbK1o7_15aggregator_mock16EndpointWrappers31call_latest_price_feed_optionalB5_
FN:20,_RNvYpNtCs8RoQnwbK1o7_15aggregator_mock16EndpointWrappers26call_set_latest_price_feedB5_
FN:20,_RNvYpNtCs8RoQnwbK1o7_15aggregator_mock16EndpointWrappers4callB5_
FN:20,_RNvYpNtCs8RoQnwbK1o7_15aggregator_mock16EndpointWrappers17callback_selectorB5_
FN:20,_RNvYpNtCs8RoQnwbK1o7_15aggregator_mock16EndpointWrappers8callbackB5_
FN:20,_RNvXs1_Cs8RoQnwbK1o7_15aggregator_mockNtB5_11AbiProviderNtNtNtCsuR9Stiu5fw_13multiversx_sc13contract_base21contract_abi_provider19ContractAbiProvider3abi
FN:20,_RNvXINICs8RoQnwbK1o7_15aggregator_mocks5_0pEINtB5_11ContractObjpENtNtNtCsuR9Stiu5fw_13multiversx_sc13contract_base17callable_contract16CallableContract4callB5_
FN:20,_RINvCs8RoQnwbK1o7_15aggregator_mock12contract_objpEB2_
FN:20,_RINvXs6_Cs8RoQnwbK1o7_15aggregator_mockNtB6_15ContractBuilderNtNtNtCsuR9Stiu5fw_13multiversx_sc13contract_base17callable_contract23CallableContractBuilder16new_contract_objpEB6_
FN:20,_RINvNtCs8RoQnwbK1o7_15aggregator_mock19___wasm__endpoints__4initpEB4_
FN:20,_RINvNtCs8RoQnwbK1o7_15aggregator_mock19___wasm__endpoints__26latest_price_feed_optionalpEB4_
FN:20,_RINvNtCs8RoQnwbK1o7_15aggregator_mock19___wasm__endpoints__21set_latest_price_feedpEB4_
FN:20,_RINvNtCs8RoQnwbK1o7_15aggregator_mock19___wasm__endpoints__8callBackpEB4_
FN:20,_RNvYpNtCs8RoQnwbK1o7_15aggregator_mock10ProxyTrait4initB5_
FN:20,_RINvYpNtCs8RoQnwbK1o7_15aggregator_mock10ProxyTrait26latest_price_feed_optionalppEB6_
FN:20,_RINvYpNtCs8RoQnwbK1o7_15aggregator_mock10ProxyTrait21set_latest_price_feedpppEB6_
FN:20,_RNvXINICs8RoQnwbK1o7_15aggregator_mocks7_0pEINtB5_5ProxypENtNtNtCsuR9Stiu5fw_13multiversx_sc13contract_base14proxy_obj_base12ProxyObjBase19extract_opt_addressB5_
FN:20,_RNvXINICs8RoQnwbK1o7_15aggregator_mocks7_0pEINtB5_5ProxypENtNtNtCsuR9Stiu5fw_13multiversx_sc13contract_base14proxy_obj_base12ProxyObjBase16extract_proxy_toB5_
FN:20,_RNvXINICs8RoQnwbK1o7_15aggregator_mocks8_0pEINtB5_5ProxypENtNtNtCsuR9Stiu5fw_13multiversx_sc13contract_base14proxy_obj_base11ProxyObjNew13new_proxy_objB5_
FN:20,_RNvXINICs8RoQnwbK1o7_15aggregator_mocks8_0pEINtB5_5ProxypENtNtNtCsuR9Stiu5fw_13multiversx_sc13contract_base14proxy_obj_base11ProxyObjNew8contractB5_
FN:20,_RNvXINICs8RoQnwbK1o7_15aggregator_mocks9_0pEINtB5_7ProxyTopENtNtNtCsuR9Stiu5fw_13multiversx_sc13contract_base14proxy_obj_base12ProxyObjBase19extract_opt_addressB5_
FN:20,_RNvXINICs8RoQnwbK1o7_15aggregator_mocks9_0pEINtB5_7ProxyTopENtNtNtCsuR9Stiu5fw_13multiversx_sc13contract_base14proxy_obj_base12ProxyObjBase15extract_addressB5_
FN:20,_RNvXINICs8RoQnwbK1o7_15aggregator_mocks9_0pEINtB5_7ProxyTopENtNtNtCsuR9Stiu5fw_13multiversx_sc13contract_base14proxy_obj_base12ProxyObjBase16extract_proxy_toB5_
FN:20,_RINvCscat5uYUU178_15aggregator_mock12contract_objINtNtNtNtCsgHl0N9pM6oi_22multiversx_sc_scenario3api7impl_vh12vm_hooks_api10VMHooksApiNtNtBQ_9debug_api15DebugApiBackendEECsjz7SDRj38Nz_10rust_tests
FN:20,_RNvXCscat5uYUU178_15aggregator_mockINtB2_11ContractObjINtNtNtNtCsgHl0N9pM6oi_22multiversx_sc_scenario3api7impl_vh12vm_hooks_api10VMHooksApiNtNtBV_9debug_api15DebugApiBackendEENtB2_19PriceAggregatorMock17latest_price_feedCsjz7SDRj38Nz_10rust_tests
FN:20,_RNvXs5_Cscat5uYUU178_15aggregator_mockINtB5_11ContractObjINtNtNtNtCsgHl0N9pM6oi_22multiversx_sc_scenario3api7impl_vh12vm_hooks_api10VMHooksApiNtNtBY_9debug_api15DebugApiBackendEENtNtNtCsuR9Stiu5fw_13multiversx_sc13contract_base17callable_contract16CallableContract4callCsjz7SDRj38Nz_10rust_tests
FN:20,_RNvYINtCscat5uYUU178_15aggregator_mock11ContractObjINtNtNtNtCsgHl0N9pM6oi_22multiversx_sc_scenario3api7impl_vh12vm_hooks_api10VMHooksApiNtNtBS_9debug_api15DebugApiBackendEENtB5_16EndpointWrappers26call_set_latest_price_feedCsjz7SDRj38Nz_10rust_tests
FN:20,_RNvYINtCscat5uYUU178_15aggregator_mock11ContractObjINtNtNtNtCsgHl0N9pM6oi_22multiversx_sc_scenario3api7impl_vh12vm_hooks_api10VMHooksApiNtNtBS_9debug_api15DebugApiBackendEENtB5_16EndpointWrappers31call_latest_price_feed_optionalCsjz7SDRj38Nz_10rust_tests
FN:20,_RNvYINtCscat5uYUU178_15aggregator_mock11ContractObjINtNtNtNtCsgHl0N9pM6oi_22multiversx_sc_scenario3api7impl_vh12vm_hooks_api10VMHooksApiNtNtBS_9debug_api15DebugApiBackendEENtB5_16EndpointWrappers4callCsjz7SDRj38Nz_10rust_tests
FN:20,_RNvYINtCscat5uYUU178_15aggregator_mock11ContractObjINtNtNtNtCsgHl0N9pM6oi_22multiversx_sc_scenario3api7impl_vh12vm_hooks_api10VMHooksApiNtNtBS_9debug_api15DebugApiBackendEENtB5_16EndpointWrappers8callbackCsjz7SDRj38Nz_10rust_tests
FN:20,_RNvYINtCscat5uYUU178_15aggregator_mock11ContractObjINtNtNtNtCsgHl0N9pM6oi_22multiversx_sc_scenario3api7impl_vh12vm_hooks_api10VMHooksApiNtNtBS_9debug_api15DebugApiBackendEENtB5_16EndpointWrappers9call_initCsjz7SDRj38Nz_10rust_tests
FN:40,_RNvYINtCscat5uYUU178_15aggregator_mock11ContractObjINtNtNtNtCsgHl0N9pM6oi_22multiversx_sc_scenario3api7impl_vh12vm_hooks_api10VMHooksApiNtNtBS_9debug_api15DebugApiBackendEENtB5_19PriceAggregatorMock20get_price_or_defaultCsjz7SDRj38Nz_10rust_tests
FN:49,_RNvYINtCscat5uYUU178_15aggregator_mock11ContractObjINtNtNtNtCsgHl0N9pM6oi_22multiversx_sc_scenario3api7impl_vh12vm_hooks_api10VMHooksApiNtNtBS_9debug_api15DebugApiBackendEENtB5_19PriceAggregatorMock21set_latest_price_feedCsjz7SDRj38Nz_10rust_tests
FN:30,_RNvYINtCscat5uYUU178_15aggregator_mock11ContractObjINtNtNtNtCsgHl0N9pM6oi_22multiversx_sc_scenario3api7impl_vh12vm_hooks_api10VMHooksApiNtNtBS_9debug_api15DebugApiBackendEENtB5_19PriceAggregatorMock26latest_price_feed_optionalCsjz7SDRj38Nz_10rust_tests
FNDA:0,_RNvYpNtCs8RoQnwbK1o7_15aggregator_mock19PriceAggregatorMock26latest_price_feed_optionalB5_
FNDA:0,_RNvYpNtCs8RoQnwbK1o7_15aggregator_mock19PriceAggregatorMock20get_price_or_defaultB5_
FNDA:0,_RNvYpNtCs8RoQnwbK1o7_15aggregator_mock19PriceAggregatorMock21set_latest_price_feedB5_
FNDA:0,_RNvXINICs8RoQnwbK1o7_15aggregator_mock0pEpNtB5_19PriceAggregatorMock17latest_price_feedB5_
FNDA:0,_RNvYpNtCs8RoQnwbK1o7_15aggregator_mock16EndpointWrappers9call_initB5_
FNDA:0,_RNvYpNtCs8RoQnwbK1o7_15aggregator_mock16EndpointWrappers31call_latest_price_feed_optionalB5_
FNDA:0,_RNvYpNtCs8RoQnwbK1o7_15aggregator_mock16EndpointWrappers26call_set_latest_price_feedB5_
FNDA:0,_RNvYpNtCs8RoQnwbK1o7_15aggregator_mock16EndpointWrappers4callB5_
FNDA:0,_RNvYpNtCs8RoQnwbK1o7_15aggregator_mock16EndpointWrappers17callback_selectorB5_
FNDA:0,_RNvYpNtCs8RoQnwbK1o7_15aggregator_mock16EndpointWrappers8callbackB5_
FNDA:0,_RNvXs1_Cs8RoQnwbK1o7_15aggregator_mockNtB5_11AbiProviderNtNtNtCsuR9Stiu5fw_13multiversx_sc13contract_base21contract_abi_provider19ContractAbiProvider3abi
FNDA:0,_RNvXINICs8RoQnwbK1o7_15aggregator_mocks5_0pEINtB5_11ContractObjpENtNtNtCsuR9Stiu5fw_13multiversx_sc13contract_base17callable_contract16CallableContract4callB5_
FNDA:0,_RINvCs8RoQnwbK1o7_15aggregator_mock12contract_objpEB2_
FNDA:0,_RINvXs6_Cs8RoQnwbK1o7_15aggregator_mockNtB6_15ContractBuilderNtNtNtCsuR9Stiu5fw_13multiversx_sc13contract_base17callable_contract23CallableContractBuilder16new_contract_objpEB6_
FNDA:0,_RINvNtCs8RoQnwbK1o7_15aggregator_mock19___wasm__endpoints__4initpEB4_
FNDA:0,_RINvNtCs8RoQnwbK1o7_15aggregator_mock19___wasm__endpoints__26latest_price_feed_optionalpEB4_
FNDA:0,_RINvNtCs8RoQnwbK1o7_15aggregator_mock19___wasm__endpoints__21set_latest_price_feedpEB4_
FNDA:0,_RINvNtCs8RoQnwbK1o7_15aggregator_mock19___wasm__endpoints__8callBackpEB4_
FNDA:0,_RNvYpNtCs8RoQnwbK1o7_15aggregator_mock10ProxyTrait4initB5_
FNDA:0,_RINvYpNtCs8RoQnwbK1o7_15aggregator_mock10ProxyTrait26latest_price_feed_optionalppEB6_
FNDA:0,_RINvYpNtCs8RoQnwbK1o7_15aggregator_mock10ProxyTrait21set_latest_price_feedpppEB6_
FNDA:0,_RNvXINICs8RoQnwbK1o7_15aggregator_mocks7_0pEINtB5_5ProxypENtNtNtCsuR9Stiu5fw_13multiversx_sc13contract_base14proxy_obj_base12ProxyObjBase19extract_opt_addressB5_
FNDA:0,_RNvXINICs8RoQnwbK1o7_15aggregator_mocks7_0pEINtB5_5ProxypENtNtNtCsuR9Stiu5fw_13multiversx_sc13contract_base14proxy_obj_base12ProxyObjBase16extract_proxy_toB5_
FNDA:0,_RNvXINICs8RoQnwbK1o7_15aggregator_mocks8_0pEINtB5_5ProxypENtNtNtCsuR9Stiu5fw_13multiversx_sc13contract_base14proxy_obj_base11ProxyObjNew13new_proxy_objB5_
FNDA:0,_RNvXINICs8RoQnwbK1o7_15aggregator_mocks8_0pEINtB5_5ProxypENtNtNtCsuR9Stiu5fw_13multiversx_sc13contract_base14proxy_obj_base11ProxyObjNew8contractB5_
FNDA:0,_RNvXINICs8RoQnwbK1o7_15aggregator_mocks9_0pEINtB5_7ProxyTopENtNtNtCsuR9Stiu5fw_13multiversx_sc13contract_base14proxy_obj_base12ProxyObjBase19extract_opt_addressB5_
FNDA:0,_RNvXINICs8RoQnwbK1o7_15aggregator_mocks9_0pEINtB5_7ProxyTopENtNtNtCsuR9Stiu5fw_13multiversx_sc13contract_base14proxy_obj_base12ProxyObjBase15extract_addressB5_
FNDA:0,_RNvXINICs8RoQnwbK1o7_15aggregator_mocks9_0pEINtB5_7ProxyTopENtNtNtCsuR9Stiu5fw_13multiversx_sc13contract_base14proxy_obj_base12ProxyObjBase16extract_proxy_toB5_
FNDA:54,_RINvCscat5uYUU178_15aggregator_mock12contract_objINtNtNtNtCsgHl0N9pM6oi_22multiversx_sc_scenario3api7impl_vh12vm_hooks_api10VMHooksApiNtNtBQ_9debug_api15DebugApiBackendEECsjz7SDRj38Nz_10rust_tests
FNDA:83,_RNvXCscat5uYUU178_15aggregator_mockINtB2_11ContractObjINtNtNtNtCsgHl0N9pM6oi_22multiversx_sc_scenario3api7impl_vh12vm_hooks_api10VMHooksApiNtNtBV_9debug_api15DebugApiBackendEENtB2_19PriceAggregatorMock17latest_price_feedCsjz7SDRj38Nz_10rust_tests
FNDA:6,_RNvXs5_Cscat5uYUU178_15aggregator_mockINtB5_11ContractObjINtNtNtNtCsgHl0N9pM6oi_22multiversx_sc_scenario3api7impl_vh12vm_hooks_api10VMHooksApiNtNtBY_9debug_api15DebugApiBackendEENtNtNtCsuR9Stiu5fw_13multiversx_sc13contract_base17callable_contract16CallableContract4callCsjz7SDRj38Nz_10rust_tests
FNDA:0,_RNvYINtCscat5uYUU178_15aggregator_mock11ContractObjINtNtNtNtCsgHl0N9pM6oi_22multiversx_sc_scenario3api7impl_vh12vm_hooks_api10VMHooksApiNtNtBS_9debug_api15DebugApiBackendEENtB5_16EndpointWrappers26call_set_latest_price_feedCsjz7SDRj38Nz_10rust_tests
FNDA:6,_RNvYINtCscat5uYUU178_15aggregator_mock11ContractObjINtNtNtNtCsgHl0N9pM6oi_22multiversx_sc_scenario3api7impl_vh12vm_hooks_api10VMHooksApiNtNtBS_9debug_api15DebugApiBackendEENtB5_16EndpointWrappers31call_latest_price_feed_optionalCsjz7SDRj38Nz_10rust_tests
FNDA:6,_RNvYINtCscat5uYUU178_15aggregator_mock11ContractObjINtNtNtNtCsgHl0N9pM6oi_22multiversx_sc_scenario3api7impl_vh12vm_hooks_api10VMHooksApiNtNtBS_9debug_api15DebugApiBackendEENtB5_16EndpointWrappers4callCsjz7SDRj38Nz_10rust_tests
FNDA:0,_RNvYINtCscat5uYUU178_15aggregator_mock11ContractObjINtNtNtNtCsgHl0N9pM6oi_22multiversx_sc_scenario3api7impl_vh12vm_hooks_api10VMHooksApiNtNtBS_9debug_api15DebugApiBackendEENtB5_16EndpointWrappers8callbackCsjz7SDRj38Nz_10rust_tests
FNDA:0,_RNvYINtCscat5uYUU178_15aggregator_mock11ContractObjINtNtNtNtCsgHl0N9pM6oi_22multiversx_sc_scenario3api7impl_vh12vm_hooks_api10VMHooksApiNtNtBS_9debug_api15DebugApiBackendEENtB5_16EndpointWrappers9call_initCsjz7SDRj38Nz_10rust_tests
FNDA:6,_RNvYINtCscat5uYUU178_15aggregator_mock11ContractObjINtNtNtNtCsgHl0N9pM6oi_22multiversx_sc_scenario3api7impl_vh12vm_hooks_api10VMHooksApiNtNtBS_9debug_api15DebugApiBackendEENtB5_19PriceAggregatorMock20get_price_or_defaultCsjz7SDRj38Nz_10rust_tests
FNDA:72,_RNvYINtCscat5uYUU178_15aggregator_mock11ContractObjINtNtNtNtCsgHl0N9pM6oi_22multiversx_sc_scenario3api7impl_vh12vm_hooks_api10VMHooksApiNtNtBS_9debug_api15DebugApiBackendEENtB5_19PriceAggregatorMock21set_latest_price_feedCsjz7SDRj38Nz_10rust_tests
FNDA:6,_RNvYINtCscat5uYUU178_15aggregator_mock11ContractObjINtNtNtNtCsgHl0N9pM6oi_22multiversx_sc_scenario3api7impl_vh12vm_hooks_api10VMHooksApiNtNtBS_9debug_api15DebugApiBackendEENtB5_19PriceAggregatorMock26latest_price_feed_optionalCsjz7SDRj38Nz_10rust_tests
FNF:4
FNH:4
DA:20,6
DA:30,6
DA:31,6
DA:32,6
DA:33,6
DA:34,6
DA:35,6
DA:36,6
DA:37,6
DA:40,6
DA:41,6
DA:42,1
DA:44,5
DA:49,72
DA:50,72
BRF:0
BRH:0
LF:15
LH:15
end_of_record
SF:/Users/mihaieremia/GitHub/mx-lend-sc/common/checks/src/checks.rs
FN:8,_RNvYpNtCslSu6uSeJ3vU_13common_checks12ChecksModule32require_amount_greater_than_zeroB5_
FN:12,_RNvYpNtCslSu6uSeJ3vU_13common_checks12ChecksModule24require_non_zero_addressB5_
FN:6,_RNvYpNtCslSu6uSeJ3vU_13common_checks16EndpointWrappers4callB5_
FN:6,_RNvYpNtCslSu6uSeJ3vU_13common_checks16EndpointWrappers17callback_selectorB5_
FN:6,_RNvYpNtCslSu6uSeJ3vU_13common_checks16EndpointWrappers8callbackB5_
FN:6,_RNvXs1_CslSu6uSeJ3vU_13common_checksNtB5_11AbiProviderNtNtNtCsuR9Stiu5fw_13multiversx_sc13contract_base21contract_abi_provider19ContractAbiProvider3abi
FN:6,_RNvXINICslSu6uSeJ3vU_13common_checkss5_0pEINtB5_11ContractObjpENtNtNtCsuR9Stiu5fw_13multiversx_sc13contract_base17callable_contract16CallableContract4callB5_
FN:6,_RINvCslSu6uSeJ3vU_13common_checks12contract_objpEB2_
FN:6,_RINvXs6_CslSu6uSeJ3vU_13common_checksNtB6_15ContractBuilderNtNtNtCsuR9Stiu5fw_13multiversx_sc13contract_base17callable_contract23CallableContractBuilder16new_contract_objpEB6_
FN:12,_RNvYINtCs9dYVEm0jJsW_12lending_pool11ContractObjINtNtNtNtCsgHl0N9pM6oi_22multiversx_sc_scenario3api7impl_vh12vm_hooks_api10VMHooksApiNtNtBP_9debug_api15DebugApiBackendEENtCs8mzNsyBno7u_13common_checks12ChecksModule24require_non_zero_addressCsjz7SDRj38Nz_10rust_tests
FN:8,_RNvYINtCs9dYVEm0jJsW_12lending_pool11ContractObjINtNtNtNtCsgHl0N9pM6oi_22multiversx_sc_scenario3api7impl_vh12vm_hooks_api10VMHooksApiNtNtBP_9debug_api15DebugApiBackendEENtCs8mzNsyBno7u_13common_checks12ChecksModule32require_amount_greater_than_zeroCsjz7SDRj38Nz_10rust_tests
FN:6,_RNvYINtCs9dYVEm0jJsW_12lending_pool11ContractObjINtNtNtNtCsgHl0N9pM6oi_22multiversx_sc_scenario3api7impl_vh12vm_hooks_api10VMHooksApiNtNtBP_9debug_api15DebugApiBackendEENtCs8mzNsyBno7u_13common_checks16EndpointWrappers17callback_selectorCsjz7SDRj38Nz_10rust_tests
FN:6,_RNvYINtCs9dYVEm0jJsW_12lending_pool11ContractObjINtNtNtNtCsgHl0N9pM6oi_22multiversx_sc_scenario3api7impl_vh12vm_hooks_api10VMHooksApiNtNtBP_9debug_api15DebugApiBackendEENtCs8mzNsyBno7u_13common_checks16EndpointWrappers4callCsjz7SDRj38Nz_10rust_tests
FN:6,_RNvYINtCs9dYVEm0jJsW_12lending_pool11ContractObjINtNtNtNtCsgHl0N9pM6oi_22multiversx_sc_scenario3api7impl_vh12vm_hooks_api10VMHooksApiNtNtBP_9debug_api15DebugApiBackendEENtCs8mzNsyBno7u_13common_checks16EndpointWrappers8callbackCsjz7SDRj38Nz_10rust_tests
FN:12,_RNvYINtCs7DLRcgeTRqz_14liquidity_pool11ContractObjINtNtNtNtCsgHl0N9pM6oi_22multiversx_sc_scenario3api7impl_vh12vm_hooks_api10VMHooksApiNtNtBR_9debug_api15DebugApiBackendEENtCs8mzNsyBno7u_13common_checks12ChecksModule24require_non_zero_addressCsjz7SDRj38Nz_10rust_tests
FN:8,_RNvYINtCs7DLRcgeTRqz_14liquidity_pool11ContractObjINtNtNtNtCsgHl0N9pM6oi_22multiversx_sc_scenario3api7impl_vh12vm_hooks_api10VMHooksApiNtNtBR_9debug_api15DebugApiBackendEENtCs8mzNsyBno7u_13common_checks12ChecksModule32require_amount_greater_than_zeroCsjz7SDRj38Nz_10rust_tests
FN:6,_RNvYINtCs7DLRcgeTRqz_14liquidity_pool11ContractObjINtNtNtNtCsgHl0N9pM6oi_22multiversx_sc_scenario3api7impl_vh12vm_hooks_api10VMHooksApiNtNtBR_9debug_api15DebugApiBackendEENtCs8mzNsyBno7u_13common_checks16EndpointWrappers17callback_selectorCsjz7SDRj38Nz_10rust_tests
FN:6,_RNvYINtCs7DLRcgeTRqz_14liquidity_pool11ContractObjINtNtNtNtCsgHl0N9pM6oi_22multiversx_sc_scenario3api7impl_vh12vm_hooks_api10VMHooksApiNtNtBR_9debug_api15DebugApiBackendEENtCs8mzNsyBno7u_13common_checks16EndpointWrappers4callCsjz7SDRj38Nz_10rust_tests
FN:6,_RNvYINtCs7DLRcgeTRqz_14liquidity_pool11ContractObjINtNtNtNtCsgHl0N9pM6oi_22multiversx_sc_scenario3api7impl_vh12vm_hooks_api10VMHooksApiNtNtBR_9debug_api15DebugApiBackendEENtCs8mzNsyBno7u_13common_checks16EndpointWrappers8callbackCsjz7SDRj38Nz_10rust_tests
FNDA:0,_RNvYpNtCslSu6uSeJ3vU_13common_checks12ChecksModule32require_amount_greater_than_zeroB5_
FNDA:0,_RNvYpNtCslSu6uSeJ3vU_13common_checks12ChecksModule24require_non_zero_addressB5_
FNDA:0,_RNvYpNtCslSu6uSeJ3vU_13common_checks16EndpointWrappers4callB5_
FNDA:0,_RNvYpNtCslSu6uSeJ3vU_13common_checks16EndpointWrappers17callback_selectorB5_
FNDA:0,_RNvYpNtCslSu6uSeJ3vU_13common_checks16EndpointWrappers8callbackB5_
FNDA:0,_RNvXs1_CslSu6uSeJ3vU_13common_checksNtB5_11AbiProviderNtNtNtCsuR9Stiu5fw_13multiversx_sc13contract_base21contract_abi_provider19ContractAbiProvider3abi
FNDA:0,_RNvXINICslSu6uSeJ3vU_13common_checkss5_0pEINtB5_11ContractObjpENtNtNtCsuR9Stiu5fw_13multiversx_sc13contract_base17callable_contract16CallableContract4callB5_
FNDA:0,_RINvCslSu6uSeJ3vU_13common_checks12contract_objpEB2_
FNDA:0,_RINvXs6_CslSu6uSeJ3vU_13common_checksNtB6_15ContractBuilderNtNtNtCsuR9Stiu5fw_13multiversx_sc13contract_base17callable_contract23CallableContractBuilder16new_contract_objpEB6_
FNDA:2,_RNvYINtCs9dYVEm0jJsW_12lending_pool11ContractObjINtNtNtNtCsgHl0N9pM6oi_22multiversx_sc_scenario3api7impl_vh12vm_hooks_api10VMHooksApiNtNtBP_9debug_api15DebugApiBackendEENtCs8mzNsyBno7u_13common_checks12ChecksModule24require_non_zero_addressCsjz7SDRj38Nz_10rust_tests
FNDA:2,_RNvYINtCs9dYVEm0jJsW_12lending_pool11ContractObjINtNtNtNtCsgHl0N9pM6oi_22multiversx_sc_scenario3api7impl_vh12vm_hooks_api10VMHooksApiNtNtBP_9debug_api15DebugApiBackendEENtCs8mzNsyBno7u_13common_checks12ChecksModule32require_amount_greater_than_zeroCsjz7SDRj38Nz_10rust_tests
FNDA:0,_RNvYINtCs9dYVEm0jJsW_12lending_pool11ContractObjINtNtNtNtCsgHl0N9pM6oi_22multiversx_sc_scenario3api7impl_vh12vm_hooks_api10VMHooksApiNtNtBP_9debug_api15DebugApiBackendEENtCs8mzNsyBno7u_13common_checks16EndpointWrappers17callback_selectorCsjz7SDRj38Nz_10rust_tests
FNDA:0,_RNvYINtCs9dYVEm0jJsW_12lending_pool11ContractObjINtNtNtNtCsgHl0N9pM6oi_22multiversx_sc_scenario3api7impl_vh12vm_hooks_api10VMHooksApiNtNtBP_9debug_api15DebugApiBackendEENtCs8mzNsyBno7u_13common_checks16EndpointWrappers4callCsjz7SDRj38Nz_10rust_tests
FNDA:0,_RNvYINtCs9dYVEm0jJsW_12lending_pool11ContractObjINtNtNtNtCsgHl0N9pM6oi_22multiversx_sc_scenario3api7impl_vh12vm_hooks_api10VMHooksApiNtNtBP_9debug_api15DebugApiBackendEENtCs8mzNsyBno7u_13common_checks16EndpointWrappers8callbackCsjz7SDRj38Nz_10rust_tests
FNDA:45,_RNvYINtCs7DLRcgeTRqz_14liquidity_pool11ContractObjINtNtNtNtCsgHl0N9pM6oi_22multiversx_sc_scenario3api7impl_vh12vm_hooks_api10VMHooksApiNtNtBR_9debug_api15DebugApiBackendEENtCs8mzNsyBno7u_13common_checks12ChecksModule24require_non_zero_addressCsjz7SDRj38Nz_10rust_tests
FNDA:31,_RNvYINtCs7DLRcgeTRqz_14liquidity_pool11ContractObjINtNtNtNtCsgHl0N9pM6oi_22multiversx_sc_scenario3api7impl_vh12vm_hooks_api10VMHooksApiNtNtBR_9debug_api15DebugApiBackendEENtCs8mzNsyBno7u_13common_checks12ChecksModule32require_amount_greater_than_zeroCsjz7SDRj38Nz_10rust_tests
FNDA:0,_RNvYINtCs7DLRcgeTRqz_14liquidity_pool11ContractObjINtNtNtNtCsgHl0N9pM6oi_22multiversx_sc_scenario3api7impl_vh12vm_hooks_api10VMHooksApiNtNtBR_9debug_api15DebugApiBackendEENtCs8mzNsyBno7u_13common_checks16EndpointWrappers17callback_selectorCsjz7SDRj38Nz_10rust_tests
FNDA:0,_RNvYINtCs7DLRcgeTRqz_14liquidity_pool11ContractObjINtNtNtNtCsgHl0N9pM6oi_22multiversx_sc_scenario3api7impl_vh12vm_hooks_api10VMHooksApiNtNtBR_9debug_api15DebugApiBackendEENtCs8mzNsyBno7u_13common_checks16EndpointWrappers4callCsjz7SDRj38Nz_10rust_tests
FNDA:0,_RNvYINtCs7DLRcgeTRqz_14liquidity_pool11ContractObjINtNtNtNtCsgHl0N9pM6oi_22multiversx_sc_scenario3api7impl_vh12vm_hooks_api10VMHooksApiNtNtBR_9debug_api15DebugApiBackendEENtCs8mzNsyBno7u_13common_checks16EndpointWrappers8callbackCsjz7SDRj38Nz_10rust_tests
FNF:3
FNH:2
DA:6,0
DA:8,33
DA:9,33
DA:12,47
DA:13,47
BRF:0
BRH:0
LF:5
LH:4
end_of_record
SF:/Users/mihaieremia/GitHub/mx-lend-sc/common/price-aggregator-proxy/src/lib.rs
FN:13,_RINvYpNtNtCsdVj8i9XxDtL_22price_aggregator_proxy26price_aggregator_proxy_mod10ProxyTrait26latest_price_feed_optionalppEB8_
FN:13,_RNvXININtCsdVj8i9XxDtL_22price_aggregator_proxy26price_aggregator_proxy_mod0pEINtB5_5ProxypENtNtNtCsuR9Stiu5fw_13multiversx_sc13contract_base14proxy_obj_base12ProxyObjBase19extract_opt_addressB7_
FN:13,_RNvXININtCsdVj8i9XxDtL_22price_aggregator_proxy26price_aggregator_proxy_mod0pEINtB5_5ProxypENtNtNtCsuR9Stiu5fw_13multiversx_sc13contract_base14proxy_obj_base12ProxyObjBase16extract_proxy_toB7_
FN:13,_RNvXININtCsdVj8i9XxDtL_22price_aggregator_proxy26price_aggregator_proxy_mods_0pEINtB5_5ProxypENtNtNtCsuR9Stiu5fw_13multiversx_sc13contract_base14proxy_obj_base11ProxyObjNew13new_proxy_objB7_
FN:13,_RNvXININtCsdVj8i9XxDtL_22price_aggregator_proxy26price_aggregator_proxy_mods_0pEINtB5_5ProxypENtNtNtCsuR9Stiu5fw_13multiversx_sc13contract_base14proxy_obj_base11ProxyObjNew8contractB7_
FN:13,_RNvXININtCsdVj8i9XxDtL_22price_aggregator_proxy26price_aggregator_proxy_mods0_0pEINtB5_7ProxyTopENtNtNtCsuR9Stiu5fw_13multiversx_sc13contract_base14proxy_obj_base12ProxyObjBase19extract_opt_addressB7_
FN:13,_RNvXININtCsdVj8i9XxDtL_22price_aggregator_proxy26price_aggregator_proxy_mods0_0pEINtB5_7ProxyTopENtNtNtCsuR9Stiu5fw_13multiversx_sc13contract_base14proxy_obj_base12ProxyObjBase15extract_addressB7_
FN:13,_RNvXININtCsdVj8i9XxDtL_22price_aggregator_proxy26price_aggregator_proxy_mods0_0pEINtB5_7ProxyTopENtNtNtCsuR9Stiu5fw_13multiversx_sc13contract_base14proxy_obj_base12ProxyObjBase16extract_proxy_toB7_
FN:33,_RNvXINICsdVj8i9XxDtL_22price_aggregator_proxy0pEINtB5_16AggregatorResultpEINtNtCslGS7pEIChKc_4core7convert4FromINtNtNtCslpX2FM2C92Z_19multiversx_sc_codec11multi_types17multi_value_tuple11MultiValue5mINtNtNtNtNtCsuR9Stiu5fw_13multiversx_sc5types7managed5basic14managed_buffer13ManagedBufferpEB3b_INtNtNtB3i_7wrapped8big_uint7BigUintpEhEE4fromB5_
FN:50,_RNvYpNtCsdVj8i9XxDtL_22price_aggregator_proxy21PriceAggregatorModule28set_price_aggregator_addressB5_
FN:63,_RNvYpNtCsdVj8i9XxDtL_22price_aggregator_proxy21PriceAggregatorModule18get_price_for_pairB5_
FN:65,_RNCNvYpNtCsdVj8i9XxDtL_22price_aggregator_proxy21PriceAggregatorModule18get_price_for_pair0B7_
FN:72,_RNvYpNtCsdVj8i9XxDtL_22price_aggregator_proxy21PriceAggregatorModule24get_full_result_for_pairB5_
FN:46,_RNvXINICsdVj8i9XxDtL_22price_aggregator_proxys_0pEpNtB5_21PriceAggregatorModule16aggregator_proxyB5_
FN:46,_RNvXINICsdVj8i9XxDtL_22price_aggregator_proxys_0pEpNtB5_21PriceAggregatorModule24price_aggregator_addressB5_
FN:46,_RNvYpNtCsdVj8i9XxDtL_22price_aggregator_proxy16EndpointWrappers33call_set_price_aggregator_addressB5_
FN:46,_RNvYpNtCsdVj8i9XxDtL_22price_aggregator_proxy16EndpointWrappers29call_price_aggregator_addressB5_
FN:46,_RNvYpNtCsdVj8i9XxDtL_22price_aggregator_proxy16EndpointWrappers4callB5_
FN:46,_RNvYpNtCsdVj8i9XxDtL_22price_aggregator_proxy16EndpointWrappers17callback_selectorB5_
FN:46,_RNvYpNtCsdVj8i9XxDtL_22price_aggregator_proxy16EndpointWrappers8callbackB5_
FN:46,_RNvXs2_CsdVj8i9XxDtL_22price_aggregator_proxyNtB5_11AbiProviderNtNtNtCsuR9Stiu5fw_13multiversx_sc13contract_base21contract_abi_provider19ContractAbiProvider3abi
FN:46,_RNvXINICsdVj8i9XxDtL_22price_aggregator_proxys6_0pEINtB5_11ContractObjpENtNtNtCsuR9Stiu5fw_13multiversx_sc13contract_base17callable_contract16CallableContract4callB5_
FN:46,_RINvCsdVj8i9XxDtL_22price_aggregator_proxy12contract_objpEB2_
FN:46,_RINvXs7_CsdVj8i9XxDtL_22price_aggregator_proxyNtB6_15ContractBuilderNtNtNtCsuR9Stiu5fw_13multiversx_sc13contract_base17callable_contract23CallableContractBuilder16new_contract_objpEB6_
FN:46,_RINvNtCsdVj8i9XxDtL_22price_aggregator_proxy19___wasm__endpoints__28set_price_aggregator_addresspEB4_
FN:46,_RINvNtCsdVj8i9XxDtL_22price_aggregator_proxy19___wasm__endpoints__24price_aggregator_addresspEB4_
FN:46,_RINvYpNtCsdVj8i9XxDtL_22price_aggregator_proxy10ProxyTrait28set_price_aggregator_addresspEB6_
FN:46,_RNvYpNtCsdVj8i9XxDtL_22price_aggregator_proxy10ProxyTrait24price_aggregator_addressB5_
FN:46,_RNvXs_CsQBm7G5mRl1_22price_aggregator_proxyINtCs9dYVEm0jJsW_12lending_pool11ContractObjINtNtNtNtCsgHl0N9pM6oi_22multiversx_sc_scenario3api7impl_vh12vm_hooks_api10VMHooksApiNtNtB1s_9debug_api15DebugApiBackendEENtB4_21PriceAggregatorModule16aggregator_proxyCsjz7SDRj38Nz_10rust_tests
FN:46,_RNvXs_CsQBm7G5mRl1_22price_aggregator_proxyINtCs9dYVEm0jJsW_12lending_pool11ContractObjINtNtNtNtCsgHl0N9pM6oi_22multiversx_sc_scenario3api7impl_vh12vm_hooks_api10VMHooksApiNtNtB1s_9debug_api15DebugApiBackendEENtB4_21PriceAggregatorModule24price_aggregator_addressCsjz7SDRj38Nz_10rust_tests
FN:46,_RNvYINtCs9dYVEm0jJsW_12lending_pool11ContractObjINtNtNtNtCsgHl0N9pM6oi_22multiversx_sc_scenario3api7impl_vh12vm_hooks_api10VMHooksApiNtNtBP_9debug_api15DebugApiBackendEENtCsQBm7G5mRl1_22price_aggregator_proxy16EndpointWrappers17callback_selectorCsjz7SDRj38Nz_10rust_tests
FN:46,_RNvYINtCs9dYVEm0jJsW_12lending_pool11ContractObjINtNtNtNtCsgHl0N9pM6oi_22multiversx_sc_scenario3api7impl_vh12vm_hooks_api10VMHooksApiNtNtBP_9debug_api15DebugApiBackendEENtCsQBm7G5mRl1_22price_aggregator_proxy16EndpointWrappers29call_price_aggregator_addressCsjz7SDRj38Nz_10rust_tests
FN:46,_RNvYINtCs9dYVEm0jJsW_12lending_pool11ContractObjINtNtNtNtCsgHl0N9pM6oi_22multiversx_sc_scenario3api7impl_vh12vm_hooks_api10VMHooksApiNtNtBP_9debug_api15DebugApiBackendEENtCsQBm7G5mRl1_22price_aggregator_proxy16EndpointWrappers33call_set_price_aggregator_addressCsjz7SDRj38Nz_10rust_tests
FN:46,_RNvYINtCs9dYVEm0jJsW_12lending_pool11ContractObjINtNtNtNtCsgHl0N9pM6oi_22multiversx_sc_scenario3api7impl_vh12vm_hooks_api10VMHooksApiNtNtBP_9debug_api15DebugApiBackendEENtCsQBm7G5mRl1_22price_aggregator_proxy16EndpointWrappers4callCsjz7SDRj38Nz_10rust_tests
FN:46,_RNvYINtCs9dYVEm0jJsW_12lending_pool11ContractObjINtNtNtNtCsgHl0N9pM6oi_22multiversx_sc_scenario3api7impl_vh12vm_hooks_api10VMHooksApiNtNtBP_9debug_api15DebugApiBackendEENtCsQBm7G5mRl1_22price_aggregator_proxy16EndpointWrappers8callbackCsjz7SDRj38Nz_10rust_tests
FN:72,_RNvYINtCs9dYVEm0jJsW_12lending_pool11ContractObjINtNtNtNtCsgHl0N9pM6oi_22multiversx_sc_scenario3api7impl_vh12vm_hooks_api10VMHooksApiNtNtBP_9debug_api15DebugApiBackendEENtCsQBm7G5mRl1_22price_aggregator_proxy21PriceAggregatorModule24get_full_result_for_pairCsjz7SDRj38Nz_10rust_tests
FN:50,_RNvYINtCs9dYVEm0jJsW_12lending_pool11ContractObjINtNtNtNtCsgHl0N9pM6oi_22multiversx_sc_scenario3api7impl_vh12vm_hooks_api10VMHooksApiNtNtBP_9debug_api15DebugApiBackendEENtCsQBm7G5mRl1_22price_aggregator_proxy21PriceAggregatorModule28set_price_aggregator_addressCsjz7SDRj38Nz_10rust_tests
FN:13,_RINvYINtNtCsQBm7G5mRl1_22price_aggregator_proxy26price_aggregator_proxy_mod7ProxyToINtNtNtNtCsgHl0N9pM6oi_22multiversx_sc_scenario3api7impl_vh12vm_hooks_api10VMHooksApiNtNtB1o_9debug_api15DebugApiBackendEENtB6_10ProxyTrait26latest_price_feed_optionalINtNtNtNtNtCsuR9Stiu5fw_13multiversx_sc5types7managed5basic14managed_buffer13ManagedBufferB1j_EB40_ECsjz7SDRj38Nz_10rust_tests
FN:13,_RNvXs0_NtCsQBm7G5mRl1_22price_aggregator_proxy26price_aggregator_proxy_modINtB5_7ProxyToINtNtNtNtCsgHl0N9pM6oi_22multiversx_sc_scenario3api7impl_vh12vm_hooks_api10VMHooksApiNtNtB1t_9debug_api15DebugApiBackendEENtNtNtCsuR9Stiu5fw_13multiversx_sc13contract_base14proxy_obj_base12ProxyObjBase15extract_addressCsjz7SDRj38Nz_10rust_tests
FN:13,_RNvXs0_NtCsQBm7G5mRl1_22price_aggregator_proxy26price_aggregator_proxy_modINtB5_7ProxyToINtNtNtNtCsgHl0N9pM6oi_22multiversx_sc_scenario3api7impl_vh12vm_hooks_api10VMHooksApiNtNtB1t_9debug_api15DebugApiBackendEENtNtNtCsuR9Stiu5fw_13multiversx_sc13contract_base14proxy_obj_base12ProxyObjBase16extract_proxy_toCsjz7SDRj38Nz_10rust_tests
FN:13,_RNvXs_NtCsQBm7G5mRl1_22price_aggregator_proxy26price_aggregator_proxy_modINtB4_5ProxyINtNtNtNtCsgHl0N9pM6oi_22multiversx_sc_scenario3api7impl_vh12vm_hooks_api10VMHooksApiNtNtB1q_9debug_api15DebugApiBackendEENtNtNtCsuR9Stiu5fw_13multiversx_sc13contract_base14proxy_obj_base11ProxyObjNew13new_proxy_objCsjz7SDRj38Nz_10rust_tests
FN:13,_RNvXs_NtCsQBm7G5mRl1_22price_aggregator_proxy26price_aggregator_proxy_modINtB4_5ProxyINtNtNtNtCsgHl0N9pM6oi_22multiversx_sc_scenario3api7impl_vh12vm_hooks_api10VMHooksApiNtNtB1q_9debug_api15DebugApiBackendEENtNtNtCsuR9Stiu5fw_13multiversx_sc13contract_base14proxy_obj_base11ProxyObjNew8contractCsjz7SDRj38Nz_10rust_tests
FN:33,_RNvXCsQBm7G5mRl1_22price_aggregator_proxyINtB2_16AggregatorResultINtNtNtNtCsgHl0N9pM6oi_22multiversx_sc_scenario3api7impl_vh12vm_hooks_api10VMHooksApiNtNtB16_9debug_api15DebugApiBackendEEINtNtCslGS7pEIChKc_4core7convert4FromINtNtNtCslpX2FM2C92Z_19multiversx_sc_codec11multi_types17multi_value_tuple11MultiValue5mINtNtNtNtNtCsuR9Stiu5fw_13multiversx_sc5types7managed5basic14managed_buffer13ManagedBufferB11_EB50_INtNtNtB57_7wrapped8big_uint7BigUintB11_EhEE4fromCsjz7SDRj38Nz_10rust_tests
FN:46,_RNvXs_CsQBm7G5mRl1_22price_aggregator_proxyINtCs7DLRcgeTRqz_14liquidity_pool11ContractObjINtNtNtNtCsgHl0N9pM6oi_22multiversx_sc_scenario3api7impl_vh12vm_hooks_api10VMHooksApiNtNtB1u_9debug_api15DebugApiBackendEENtB4_21PriceAggregatorModule24price_aggregator_addressCsjz7SDRj38Nz_10rust_tests
FN:46,_RNvYINtCs7DLRcgeTRqz_14liquidity_pool11ContractObjINtNtNtNtCsgHl0N9pM6oi_22multiversx_sc_scenario3api7impl_vh12vm_hooks_api10VMHooksApiNtNtBR_9debug_api15DebugApiBackendEENtCsQBm7G5mRl1_22price_aggregator_proxy16EndpointWrappers17callback_selectorCsjz7SDRj38Nz_10rust_tests
FN:46,_RNvYINtCs7DLRcgeTRqz_14liquidity_pool11ContractObjINtNtNtNtCsgHl0N9pM6oi_22multiversx_sc_scenario3api7impl_vh12vm_hooks_api10VMHooksApiNtNtBR_9debug_api15DebugApiBackendEENtCsQBm7G5mRl1_22price_aggregator_proxy16EndpointWrappers29call_price_aggregator_addressCsjz7SDRj38Nz_10rust_tests
FN:46,_RNvYINtCs7DLRcgeTRqz_14liquidity_pool11ContractObjINtNtNtNtCsgHl0N9pM6oi_22multiversx_sc_scenario3api7impl_vh12vm_hooks_api10VMHooksApiNtNtBR_9debug_api15DebugApiBackendEENtCsQBm7G5mRl1_22price_aggregator_proxy16EndpointWrappers33call_set_price_aggregator_addressCsjz7SDRj38Nz_10rust_tests
FN:46,_RNvYINtCs7DLRcgeTRqz_14liquidity_pool11ContractObjINtNtNtNtCsgHl0N9pM6oi_22multiversx_sc_scenario3api7impl_vh12vm_hooks_api10VMHooksApiNtNtBR_9debug_api15DebugApiBackendEENtCsQBm7G5mRl1_22price_aggregator_proxy16EndpointWrappers4callCsjz7SDRj38Nz_10rust_tests
FN:46,_RNvYINtCs7DLRcgeTRqz_14liquidity_pool11ContractObjINtNtNtNtCsgHl0N9pM6oi_22multiversx_sc_scenario3api7impl_vh12vm_hooks_api10VMHooksApiNtNtBR_9debug_api15DebugApiBackendEENtCsQBm7G5mRl1_22price_aggregator_proxy16EndpointWrappers8callbackCsjz7SDRj38Nz_10rust_tests
FN:50,_RNvYINtCs7DLRcgeTRqz_14liquidity_pool11ContractObjINtNtNtNtCsgHl0N9pM6oi_22multiversx_sc_scenario3api7impl_vh12vm_hooks_api10VMHooksApiNtNtBR_9debug_api15DebugApiBackendEENtCsQBm7G5mRl1_22price_aggregator_proxy21PriceAggregatorModule28set_price_aggregator_addressCsjz7SDRj38Nz_10rust_tests
FNDA:0,_RINvYpNtNtCsdVj8i9XxDtL_22price_aggregator_proxy26price_aggregator_proxy_mod10ProxyTrait26latest_price_feed_optionalppEB8_
FNDA:0,_RNvXININtCsdVj8i9XxDtL_22price_aggregator_proxy26price_aggregator_proxy_mod0pEINtB5_5ProxypENtNtNtCsuR9Stiu5fw_13multiversx_sc13contract_base14proxy_obj_base12ProxyObjBase19extract_opt_addressB7_
FNDA:0,_RNvXININtCsdVj8i9XxDtL_22price_aggregator_proxy26price_aggregator_proxy_mod0pEINtB5_5ProxypENtNtNtCsuR9Stiu5fw_13multiversx_sc13contract_base14proxy_obj_base12ProxyObjBase16extract_proxy_toB7_
FNDA:0,_RNvXININtCsdVj8i9XxDtL_22price_aggregator_proxy26price_aggregator_proxy_mods_0pEINtB5_5ProxypENtNtNtCsuR9Stiu5fw_13multiversx_sc13contract_base14proxy_obj_base11ProxyObjNew13new_proxy_objB7_
FNDA:0,_RNvXININtCsdVj8i9XxDtL_22price_aggregator_proxy26price_aggregator_proxy_mods_0pEINtB5_5ProxypENtNtNtCsuR9Stiu5fw_13multiversx_sc13contract_base14proxy_obj_base11ProxyObjNew8contractB7_
FNDA:0,_RNvXININtCsdVj8i9XxDtL_22price_aggregator_proxy26price_aggregator_proxy_mods0_0pEINtB5_7ProxyTopENtNtNtCsuR9Stiu5fw_13multiversx_sc13contract_base14proxy_obj_base12ProxyObjBase19extract_opt_addressB7_
FNDA:0,_RNvXININtCsdVj8i9XxDtL_22price_aggregator_proxy26price_aggregator_proxy_mods0_0pEINtB5_7ProxyTopENtNtNtCsuR9Stiu5fw_13multiversx_sc13contract_base14proxy_obj_base12ProxyObjBase15extract_addressB7_
FNDA:0,_RNvXININtCsdVj8i9XxDtL_22price_aggregator_proxy26price_aggregator_proxy_mods0_0pEINtB5_7ProxyTopENtNtNtCsuR9Stiu5fw_13multiversx_sc13contract_base14proxy_obj_base12ProxyObjBase16extract_proxy_toB7_
FNDA:0,_RNvXINICsdVj8i9XxDtL_22price_aggregator_proxy0pEINtB5_16AggregatorResultpEINtNtCslGS7pEIChKc_4core7convert4FromINtNtNtCslpX2FM2C92Z_19multiversx_sc_codec11multi_types17multi_value_tuple11MultiValue5mINtNtNtNtNtCsuR9Stiu5fw_13multiversx_sc5types7managed5basic14managed_buffer13ManagedBufferpEB3b_INtNtNtB3i_7wrapped8big_uint7BigUintpEhEE4fromB5_
FNDA:0,_RNvYpNtCsdVj8i9XxDtL_22price_aggregator_proxy21PriceAggregatorModule28set_price_aggregator_addressB5_
FNDA:0,_RNvYpNtCsdVj8i9XxDtL_22price_aggregator_proxy21PriceAggregatorModule18get_price_for_pairB5_
FNDA:0,_RNCNvYpNtCsdVj8i9XxDtL_22price_aggregator_proxy21PriceAggregatorModule18get_price_for_pair0B7_
FNDA:0,_RNvYpNtCsdVj8i9XxDtL_22price_aggregator_proxy21PriceAggregatorModule24get_full_result_for_pairB5_
FNDA:0,_RNvXINICsdVj8i9XxDtL_22price_aggregator_proxys_0pEpNtB5_21PriceAggregatorModule16aggregator_proxyB5_
FNDA:0,_RNvXINICsdVj8i9XxDtL_22price_aggregator_proxys_0pEpNtB5_21PriceAggregatorModule24price_aggregator_addressB5_
FNDA:0,_RNvYpNtCsdVj8i9XxDtL_22price_aggregator_proxy16EndpointWrappers33call_set_price_aggregator_addressB5_
FNDA:0,_RNvYpNtCsdVj8i9XxDtL_22price_aggregator_proxy16EndpointWrappers29call_price_aggregator_addressB5_
FNDA:0,_RNvYpNtCsdVj8i9XxDtL_22price_aggregator_proxy16EndpointWrappers4callB5_
FNDA:0,_RNvYpNtCsdVj8i9XxDtL_22price_aggregator_proxy16EndpointWrappers17callback_selectorB5_
FNDA:0,_RNvYpNtCsdVj8i9XxDtL_22price_aggregator_proxy16EndpointWrappers8callbackB5_
FNDA:0,_RNvXs2_CsdVj8i9XxDtL_22price_aggregator_proxyNtB5_11AbiProviderNtNtNtCsuR9Stiu5fw_13multiversx_sc13contract_base21contract_abi_provider19ContractAbiProvider3abi
FNDA:0,_RNvXINICsdVj8i9XxDtL_22price_aggregator_proxys6_0pEINtB5_11ContractObjpENtNtNtCsuR9Stiu5fw_13multiversx_sc13contract_base17callable_contract16CallableContract4callB5_
FNDA:0,_RINvCsdVj8i9XxDtL_22price_aggregator_proxy12contract_objpEB2_
FNDA:0,_RINvXs7_CsdVj8i9XxDtL_22price_aggregator_proxyNtB6_15ContractBuilderNtNtNtCsuR9Stiu5fw_13multiversx_sc13contract_base17callable_contract23CallableContractBuilder16new_contract_objpEB6_
FNDA:0,_RINvNtCsdVj8i9XxDtL_22price_aggregator_proxy19___wasm__endpoints__28set_price_aggregator_addresspEB4_
FNDA:0,_RINvNtCsdVj8i9XxDtL_22price_aggregator_proxy19___wasm__endpoints__24price_aggregator_addresspEB4_
FNDA:0,_RINvYpNtCsdVj8i9XxDtL_22price_aggregator_proxy10ProxyTrait28set_price_aggregator_addresspEB6_
FNDA:0,_RNvYpNtCsdVj8i9XxDtL_22price_aggregator_proxy10ProxyTrait24price_aggregator_addressB5_
FNDA:6,_RNvXs_CsQBm7G5mRl1_22price_aggregator_proxyINtCs9dYVEm0jJsW_12lending_pool11ContractObjINtNtNtNtCsgHl0N9pM6oi_22multiversx_sc_scenario3api7impl_vh12vm_hooks_api10VMHooksApiNtNtB1s_9debug_api15DebugApiBackendEENtB4_21PriceAggregatorModule16aggregator_proxyCsjz7SDRj38Nz_10rust_tests
FNDA:30,_RNvXs_CsQBm7G5mRl1_22price_aggregator_proxyINtCs9dYVEm0jJsW_12lending_pool11ContractObjINtNtNtNtCsgHl0N9pM6oi_22multiversx_sc_scenario3api7impl_vh12vm_hooks_api10VMHooksApiNtNtB1s_9debug_api15DebugApiBackendEENtB4_21PriceAggregatorModule24price_aggregator_addressCsjz7SDRj38Nz_10rust_tests
FNDA:0,_RNvYINtCs9dYVEm0jJsW_12lending_pool11ContractObjINtNtNtNtCsgHl0N9pM6oi_22multiversx_sc_scenario3api7impl_vh12vm_hooks_api10VMHooksApiNtNtBP_9debug_api15DebugApiBackendEENtCsQBm7G5mRl1_22price_aggregator_proxy16EndpointWrappers17callback_selectorCsjz7SDRj38Nz_10rust_tests
FNDA:0,_RNvYINtCs9dYVEm0jJsW_12lending_pool11ContractObjINtNtNtNtCsgHl0N9pM6oi_22multiversx_sc_scenario3api7impl_vh12vm_hooks_api10VMHooksApiNtNtBP_9debug_api15DebugApiBackendEENtCsQBm7G5mRl1_22price_aggregator_proxy16EndpointWrappers29call_price_aggregator_addressCsjz7SDRj38Nz_10rust_tests
FNDA:0,_RNvYINtCs9dYVEm0jJsW_12lending_pool11ContractObjINtNtNtNtCsgHl0N9pM6oi_22multiversx_sc_scenario3api7impl_vh12vm_hooks_api10VMHooksApiNtNtBP_9debug_api15DebugApiBackendEENtCsQBm7G5mRl1_22price_aggregator_proxy16EndpointWrappers33call_set_price_aggregator_addressCsjz7SDRj38Nz_10rust_tests
FNDA:0,_RNvYINtCs9dYVEm0jJsW_12lending_pool11ContractObjINtNtNtNtCsgHl0N9pM6oi_22multiversx_sc_scenario3api7impl_vh12vm_hooks_api10VMHooksApiNtNtBP_9debug_api15DebugApiBackendEENtCsQBm7G5mRl1_22price_aggregator_proxy16EndpointWrappers4callCsjz7SDRj38Nz_10rust_tests
FNDA:0,_RNvYINtCs9dYVEm0jJsW_12lending_pool11ContractObjINtNtNtNtCsgHl0N9pM6oi_22multiversx_sc_scenario3api7impl_vh12vm_hooks_api10VMHooksApiNtNtBP_9debug_api15DebugApiBackendEENtCsQBm7G5mRl1_22price_aggregator_proxy16EndpointWrappers8callbackCsjz7SDRj38Nz_10rust_tests
FNDA:6,_RNvYINtCs9dYVEm0jJsW_12lending_pool11ContractObjINtNtNtNtCsgHl0N9pM6oi_22multiversx_sc_scenario3api7impl_vh12vm_hooks_api10VMHooksApiNtNtBP_9debug_api15DebugApiBackendEENtCsQBm7G5mRl1_22price_aggregator_proxy21PriceAggregatorModule24get_full_result_for_pairCsjz7SDRj38Nz_10rust_tests
FNDA:18,_RNvYINtCs9dYVEm0jJsW_12lending_pool11ContractObjINtNtNtNtCsgHl0N9pM6oi_22multiversx_sc_scenario3api7impl_vh12vm_hooks_api10VMHooksApiNtNtBP_9debug_api15DebugApiBackendEENtCsQBm7G5mRl1_22price_aggregator_proxy21PriceAggregatorModule28set_price_aggregator_addressCsjz7SDRj38Nz_10rust_tests
FNDA:6,_RINvYINtNtCsQBm7G5mRl1_22price_aggregator_proxy26price_aggregator_proxy_mod7ProxyToINtNtNtNtCsgHl0N9pM6oi_22multiversx_sc_scenario3api7impl_vh12vm_hooks_api10VMHooksApiNtNtB1o_9debug_api15DebugApiBackendEENtB6_10ProxyTrait26latest_price_feed_optionalINtNtNtNtNtCsuR9Stiu5fw_13multiversx_sc5types7managed5basic14managed_buffer13ManagedBufferB1j_EB40_ECsjz7SDRj38Nz_10rust_tests
FNDA:6,_RNvXs0_NtCsQBm7G5mRl1_22price_aggregator_proxy26price_aggregator_proxy_modINtB5_7ProxyToINtNtNtNtCsgHl0N9pM6oi_22multiversx_sc_scenario3api7impl_vh12vm_hooks_api10VMHooksApiNtNtB1t_9debug_api15DebugApiBackendEENtNtNtCsuR9Stiu5fw_13multiversx_sc13contract_base14proxy_obj_base12ProxyObjBase15extract_addressCsjz7SDRj38Nz_10rust_tests
FNDA:6,_RNvXs0_NtCsQBm7G5mRl1_22price_aggregator_proxy26price_aggregator_proxy_modINtB5_7ProxyToINtNtNtNtCsgHl0N9pM6oi_22multiversx_sc_scenario3api7impl_vh12vm_hooks_api10VMHooksApiNtNtB1t_9debug_api15DebugApiBackendEENtNtNtCsuR9Stiu5fw_13multiversx_sc13contract_base14proxy_obj_base12ProxyObjBase16extract_proxy_toCsjz7SDRj38Nz_10rust_tests
FNDA:6,_RNvXs_NtCsQBm7G5mRl1_22price_aggregator_proxy26price_aggregator_proxy_modINtB4_5ProxyINtNtNtNtCsgHl0N9pM6oi_22multiversx_sc_scenario3api7impl_vh12vm_hooks_api10VMHooksApiNtNtB1q_9debug_api15DebugApiBackendEENtNtNtCsuR9Stiu5fw_13multiversx_sc13contract_base14proxy_obj_base11ProxyObjNew13new_proxy_objCsjz7SDRj38Nz_10rust_tests
FNDA:6,_RNvXs_NtCsQBm7G5mRl1_22price_aggregator_proxy26price_aggregator_proxy_modINtB4_5ProxyINtNtNtNtCsgHl0N9pM6oi_22multiversx_sc_scenario3api7impl_vh12vm_hooks_api10VMHooksApiNtNtB1q_9debug_api15DebugApiBackendEENtNtNtCsuR9Stiu5fw_13multiversx_sc13contract_base14proxy_obj_base11ProxyObjNew8contractCsjz7SDRj38Nz_10rust_tests
FNDA:6,_RNvXCsQBm7G5mRl1_22price_aggregator_proxyINtB2_16AggregatorResultINtNtNtNtCsgHl0N9pM6oi_22multiversx_sc_scenario3api7impl_vh12vm_hooks_api10VMHooksApiNtNtB16_9debug_api15DebugApiBackendEEINtNtCslGS7pEIChKc_4core7convert4FromINtNtNtCslpX2FM2C92Z_19multiversx_sc_codec11multi_types17multi_value_tuple11MultiValue5mINtNtNtNtNtCsuR9Stiu5fw_13multiversx_sc5types7managed5basic14managed_buffer13ManagedBufferB11_EB50_INtNtNtB57_7wrapped8big_uint7BigUintB11_EhEE4fromCsjz7SDRj38Nz_10rust_tests
FNDA:36,_RNvXs_CsQBm7G5mRl1_22price_aggregator_proxyINtCs7DLRcgeTRqz_14liquidity_pool11ContractObjINtNtNtNtCsgHl0N9pM6oi_22multiversx_sc_scenario3api7impl_vh12vm_hooks_api10VMHooksApiNtNtB1u_9debug_api15DebugApiBackendEENtB4_21PriceAggregatorModule24price_aggregator_addressCsjz7SDRj38Nz_10rust_tests
FNDA:0,_RNvYINtCs7DLRcgeTRqz_14liquidity_pool11ContractObjINtNtNtNtCsgHl0N9pM6oi_22multiversx_sc_scenario3api7impl_vh12vm_hooks_api10VMHooksApiNtNtBR_9debug_api15DebugApiBackendEENtCsQBm7G5mRl1_22price_aggregator_proxy16EndpointWrappers17callback_selectorCsjz7SDRj38Nz_10rust_tests
FNDA:0,_RNvYINtCs7DLRcgeTRqz_14liquidity_pool11ContractObjINtNtNtNtCsgHl0N9pM6oi_22multiversx_sc_scenario3api7impl_vh12vm_hooks_api10VMHooksApiNtNtBR_9debug_api15DebugApiBackendEENtCsQBm7G5mRl1_22price_aggregator_proxy16EndpointWrappers29call_price_aggregator_addressCsjz7SDRj38Nz_10rust_tests
FNDA:0,_RNvYINtCs7DLRcgeTRqz_14liquidity_pool11ContractObjINtNtNtNtCsgHl0N9pM6oi_22multiversx_sc_scenario3api7impl_vh12vm_hooks_api10VMHooksApiNtNtBR_9debug_api15DebugApiBackendEENtCsQBm7G5mRl1_22price_aggregator_proxy16EndpointWrappers33call_set_price_aggregator_addressCsjz7SDRj38Nz_10rust_tests
FNDA:4,_RNvYINtCs7DLRcgeTRqz_14liquidity_pool11ContractObjINtNtNtNtCsgHl0N9pM6oi_22multiversx_sc_scenario3api7impl_vh12vm_hooks_api10VMHooksApiNtNtBR_9debug_api15DebugApiBackendEENtCsQBm7G5mRl1_22price_aggregator_proxy16EndpointWrappers4callCsjz7SDRj38Nz_10rust_tests
FNDA:0,_RNvYINtCs7DLRcgeTRqz_14liquidity_pool11ContractObjINtNtNtNtCsgHl0N9pM6oi_22multiversx_sc_scenario3api7impl_vh12vm_hooks_api10VMHooksApiNtNtBR_9debug_api15DebugApiBackendEENtCsQBm7G5mRl1_22price_aggregator_proxy16EndpointWrappers8callbackCsjz7SDRj38Nz_10rust_tests
FNDA:36,_RNvYINtCs7DLRcgeTRqz_14liquidity_pool11ContractObjINtNtNtNtCsgHl0N9pM6oi_22multiversx_sc_scenario3api7impl_vh12vm_hooks_api10VMHooksApiNtNtBR_9debug_api15DebugApiBackendEENtCsQBm7G5mRl1_22price_aggregator_proxy21PriceAggregatorModule28set_price_aggregator_addressCsjz7SDRj38Nz_10rust_tests
FNF:7
FNH:5
DA:13,30
DA:33,6
DA:34,6
DA:35,6
DA:36,6
DA:37,6
DA:38,6
DA:39,6
DA:40,6
DA:41,6
DA:42,6
DA:43,6
DA:46,4
DA:50,54
DA:51,54
DA:52,54
DA:53,54
DA:54,54
DA:56,54
DA:63,0
DA:64,0
DA:65,0
DA:72,6
DA:73,6
DA:74,6
DA:75,0
DA:76,6
DA:77,6
DA:78,6
DA:79,6
DA:80,6
DA:81,6
DA:82,6
DA:83,6
BRF:0
BRH:0
LF:35
LH:30
end_of_record
SF:/Users/mihaieremia/GitHub/mx-lend-sc/common/structs/src/model.rs
FN:12,_RINvXINICs1n66QS2Pkd1_14common_structssH_0pEINtB6_10PoolParamspENtNtNtCslpX2FM2C92Z_19multiversx_sc_codec6single6top_en9TopEncode24top_encode_or_handle_errppEB6_
FN:12,_RINvXINICs1n66QS2Pkd1_14common_structssI_0pEINtB6_10PoolParamspENtNtNtCslpX2FM2C92Z_19multiversx_sc_codec6single6top_de9TopDecode24top_decode_or_handle_errppEB6_
FN:12,_RNvXINICs1n66QS2Pkd1_14common_structssL_0pEINtB5_10PoolParamspENtNtNtCsuR9Stiu5fw_13multiversx_sc3abi8type_abi7TypeAbi9type_nameB5_
FN:12,_RINvXINICs1n66QS2Pkd1_14common_structssL_0pEINtB6_10PoolParamspENtNtNtCsuR9Stiu5fw_13multiversx_sc3abi8type_abi7TypeAbi25provide_type_descriptionspEB6_
FN:21,_RINvXINICs1n66QS2Pkd1_14common_structssC_0pEINtB6_9IssueDatapENtNtNtCslpX2FM2C92Z_19multiversx_sc_codec6single6top_en9TopEncode24top_encode_or_handle_errppEB6_
FN:21,_RINvXINICs1n66QS2Pkd1_14common_structssD_0pEINtB6_9IssueDatapENtNtNtCslpX2FM2C92Z_19multiversx_sc_codec6single6top_de9TopDecode24top_decode_or_handle_errppEB6_
FN:21,_RNvXINICs1n66QS2Pkd1_14common_structssG_0pEINtB5_9IssueDatapENtNtNtCsuR9Stiu5fw_13multiversx_sc3abi8type_abi7TypeAbi9type_nameB5_
FN:21,_RINvXINICs1n66QS2Pkd1_14common_structssG_0pEINtB6_9IssueDatapENtNtNtCsuR9Stiu5fw_13multiversx_sc3abi8type_abi7TypeAbi25provide_type_descriptionspEB6_
FN:28,_RINvXINICs1n66QS2Pkd1_14common_structssu_0pEINtB6_15TokenAmountPairpENtNtNtCslpX2FM2C92Z_19multiversx_sc_codec6single6top_en9TopEncode24top_encode_or_handle_errppEB6_
FN:28,_RINvXINICs1n66QS2Pkd1_14common_structssv_0pEINtB6_15TokenAmountPairpENtNtNtCslpX2FM2C92Z_19multiversx_sc_codec6single6top_de9TopDecode24top_decode_or_handle_errppEB6_
FN:28,_RINvXINICs1n66QS2Pkd1_14common_structssw_0pEINtB6_15TokenAmountPairpENtNtNtCslpX2FM2C92Z_19multiversx_sc_codec6single9nested_en12NestedEncode24dep_encode_or_handle_errppEB6_
FN:28,_RINvXINICs1n66QS2Pkd1_14common_structssx_0pEINtB6_15TokenAmountPairpENtNtNtCslpX2FM2C92Z_19multiversx_sc_codec6single9nested_de12NestedDecode24dep_decode_or_handle_errppEB6_
FN:28,_RNvXINICs1n66QS2Pkd1_14common_structssA_0pEINtB5_15TokenAmountPairpENtNtNtCsuR9Stiu5fw_13multiversx_sc3abi8type_abi7TypeAbi9type_nameB5_
FN:28,_RINvXINICs1n66QS2Pkd1_14common_structssA_0pEINtB6_15TokenAmountPairpENtNtNtCsuR9Stiu5fw_13multiversx_sc3abi8type_abi7TypeAbi25provide_type_descriptionspEB6_
FN:35,_RINvXINICs1n66QS2Pkd1_14common_structssm_0pEINtB6_15DepositPositionpENtNtNtCslpX2FM2C92Z_19multiversx_sc_codec6single9nested_en12NestedEncode24dep_encode_or_handle_errppEB6_
FN:35,_RINvXINICs1n66QS2Pkd1_14common_structssn_0pEINtB6_15DepositPositionpENtNtNtCslpX2FM2C92Z_19multiversx_sc_codec6single9nested_de12NestedDecode24dep_decode_or_handle_errppEB6_
FN:35,_RINvXINICs1n66QS2Pkd1_14common_structsso_0pEINtB6_15DepositPositionpENtNtNtCslpX2FM2C92Z_19multiversx_sc_codec6single6top_en9TopEncode24top_encode_or_handle_errppEB6_
FN:35,_RINvXINICs1n66QS2Pkd1_14common_structssp_0pEINtB6_15DepositPositionpENtNtNtCslpX2FM2C92Z_19multiversx_sc_codec6single6top_de9TopDecode24top_decode_or_handle_errppEB6_
FN:35,_RNvXINICs1n66QS2Pkd1_14common_structsss_0pEINtB5_15DepositPositionpENtNtNtCsuR9Stiu5fw_13multiversx_sc3abi8type_abi7TypeAbi9type_nameB5_
FN:35,_RINvXINICs1n66QS2Pkd1_14common_structsss_0pEINtB6_15DepositPositionpENtNtNtCsuR9Stiu5fw_13multiversx_sc3abi8type_abi7TypeAbi25provide_type_descriptionspEB6_
FN:44,_RINvXINICs1n66QS2Pkd1_14common_structssa_0pEINtB6_14BorrowPositionpENtNtNtNtNtCsuR9Stiu5fw_13multiversx_sc5types7managed7wrapped16managed_vec_item14ManagedVecItem16from_byte_readerpEB6_
FN:44,_RNCINvXINICs1n66QS2Pkd1_14common_structssa_0pEINtB8_14BorrowPositionpENtNtNtNtNtCsuR9Stiu5fw_13multiversx_sc5types7managed7wrapped16managed_vec_item14ManagedVecItem16from_byte_readerpE0B8_
FN:44,_RNCINvXINICs1n66QS2Pkd1_14common_structssa_0pEINtB8_14BorrowPositionpENtNtNtNtNtCsuR9Stiu5fw_13multiversx_sc5types7managed7wrapped16managed_vec_item14ManagedVecItem16from_byte_readerpEs_0B8_
FN:44,_RNCINvXINICs1n66QS2Pkd1_14common_structssa_0pEINtB8_14BorrowPositionpENtNtNtNtNtCsuR9Stiu5fw_13multiversx_sc5types7managed7wrapped16managed_vec_item14ManagedVecItem16from_byte_readerpEs0_0B8_
FN:44,_RNCINvXINICs1n66QS2Pkd1_14common_structssa_0pEINtB8_14BorrowPositionpENtNtNtNtNtCsuR9Stiu5fw_13multiversx_sc5types7managed7wrapped16managed_vec_item14ManagedVecItem16from_byte_readerpEs1_0B8_
FN:44,_RNCINvXINICs1n66QS2Pkd1_14common_structssa_0pEINtB8_14BorrowPositionpENtNtNtNtNtCsuR9Stiu5fw_13multiversx_sc5types7managed7wrapped16managed_vec_item14ManagedVecItem16from_byte_readerpEs2_0B8_
FN:44,_RNCINvXINICs1n66QS2Pkd1_14common_structssa_0pEINtB8_14BorrowPositionpENtNtNtNtNtCsuR9Stiu5fw_13multiversx_sc5types7managed7wrapped16managed_vec_item14ManagedVecItem16from_byte_readerpEs3_0B8_
FN:44,_RINvXINICs1n66QS2Pkd1_14common_structssa_0pEINtB6_14BorrowPositionpENtNtNtNtNtCsuR9Stiu5fw_13multiversx_sc5types7managed7wrapped16managed_vec_item14ManagedVecItem26from_byte_reader_as_borrowpEB6_
FN:44,_RINvXINICs1n66QS2Pkd1_14common_structssa_0pEINtB6_14BorrowPositionpENtNtNtNtNtCsuR9Stiu5fw_13multiversx_sc5types7managed7wrapped16managed_vec_item14ManagedVecItem16into_byte_writerppEB6_
FN:44,_RNCINvXINICs1n66QS2Pkd1_14common_structssa_0pEINtB8_14BorrowPositionpENtNtNtNtNtCsuR9Stiu5fw_13multiversx_sc5types7managed7wrapped16managed_vec_item14ManagedVecItem16into_byte_writerppE0B8_
FN:44,_RNCINvXINICs1n66QS2Pkd1_14common_structssa_0pEINtB8_14BorrowPositionpENtNtNtNtNtCsuR9Stiu5fw_13multiversx_sc5types7managed7wrapped16managed_vec_item14ManagedVecItem16into_byte_writerppEs_0B8_
FN:44,_RNCINvXINICs1n66QS2Pkd1_14common_structssa_0pEINtB8_14BorrowPositionpENtNtNtNtNtCsuR9Stiu5fw_13multiversx_sc5types7managed7wrapped16managed_vec_item14ManagedVecItem16into_byte_writerppEs0_0B8_
FN:44,_RNCINvXINICs1n66QS2Pkd1_14common_structssa_0pEINtB8_14BorrowPositionpENtNtNtNtNtCsuR9Stiu5fw_13multiversx_sc5types7managed7wrapped16managed_vec_item14ManagedVecItem16into_byte_writerppEs1_0B8_
FN:44,_RNCINvXINICs1n66QS2Pkd1_14common_structssa_0pEINtB8_14BorrowPositionpENtNtNtNtNtCsuR9Stiu5fw_13multiversx_sc5types7managed7wrapped16managed_vec_item14ManagedVecItem16into_byte_writerppEs2_0B8_
FN:44,_RNCINvXINICs1n66QS2Pkd1_14common_structssa_0pEINtB8_14BorrowPositionpENtNtNtNtNtCsuR9Stiu5fw_13multiversx_sc5types7managed7wrapped16managed_vec_item14ManagedVecItem16into_byte_writerppEs3_0B8_
FN:44,_RINvXINICs1n66QS2Pkd1_14common_structssb_0pEINtB6_14BorrowPositionpENtNtNtCslpX2FM2C92Z_19multiversx_sc_codec6single9nested_en12NestedEncode24dep_encode_or_handle_errppEB6_
FN:44,_RINvXINICs1n66QS2Pkd1_14common_structssc_0pEINtB6_14BorrowPositionpENtNtNtCslpX2FM2C92Z_19multiversx_sc_codec6single9nested_de12NestedDecode24dep_decode_or_handle_errppEB6_
FN:44,_RINvXINICs1n66QS2Pkd1_14common_structssd_0pEINtB6_14BorrowPositionpENtNtNtCslpX2FM2C92Z_19multiversx_sc_codec6single6top_en9TopEncode24top_encode_or_handle_errppEB6_
FN:44,_RINvXINICs1n66QS2Pkd1_14common_structsse_0pEINtB6_14BorrowPositionpENtNtNtCslpX2FM2C92Z_19multiversx_sc_codec6single6top_de9TopDecode24top_decode_or_handle_errppEB6_
FN:44,_RNvXINICs1n66QS2Pkd1_14common_structssh_0pEINtB5_14BorrowPositionpENtNtNtCsuR9Stiu5fw_13multiversx_sc3abi8type_abi7TypeAbi9type_nameB5_
FN:44,_RINvXINICs1n66QS2Pkd1_14common_structssh_0pEINtB6_14BorrowPositionpENtNtNtCsuR9Stiu5fw_13multiversx_sc3abi8type_abi7TypeAbi25provide_type_descriptionspEB6_
FN:55,_RNvMCs1n66QS2Pkd1_14common_structsINtB2_15TokenAmountPairpE3newB2_
FN:65,_RNvMs_Cs1n66QS2Pkd1_14common_structsINtB4_15DepositPositionpE3newB4_
FN:83,_RNvMs0_Cs1n66QS2Pkd1_14common_structsINtB5_14BorrowPositionpE3newB5_
FN:102,_RINvXINICs1n66QS2Pkd1_14common_structss2_0pEINtB6_16CollectionParamspENtNtNtCslpX2FM2C92Z_19multiversx_sc_codec6single9nested_en12NestedEncode24dep_encode_or_handle_errppEB6_
FN:102,_RINvXINICs1n66QS2Pkd1_14common_structss3_0pEINtB6_16CollectionParamspENtNtNtCslpX2FM2C92Z_19multiversx_sc_codec6single9nested_de12NestedDecode24dep_decode_or_handle_errppEB6_
FN:102,_RINvXINICs1n66QS2Pkd1_14common_structss4_0pEINtB6_16CollectionParamspENtNtNtCslpX2FM2C92Z_19multiversx_sc_codec6single6top_en9TopEncode24top_encode_or_handle_errppEB6_
FN:102,_RINvXINICs1n66QS2Pkd1_14common_structss5_0pEINtB6_16CollectionParamspENtNtNtCslpX2FM2C92Z_19multiversx_sc_codec6single6top_de9TopDecode24top_decode_or_handle_errppEB6_
FN:102,_RNvXINICs1n66QS2Pkd1_14common_structss8_0pEINtB5_16CollectionParamspENtNtNtCsuR9Stiu5fw_13multiversx_sc3abi8type_abi7TypeAbi9type_nameB5_
FN:102,_RINvXINICs1n66QS2Pkd1_14common_structss8_0pEINtB6_16CollectionParamspENtNtNtCsuR9Stiu5fw_13multiversx_sc3abi8type_abi7TypeAbi25provide_type_descriptionspEB6_
FN:112,_RNvMs1_Cs1n66QS2Pkd1_14common_structsINtB5_16CollectionParamspE3newB5_
FN:102,_RINvXs4_Cs6lowIdvHC95_14common_structsINtB6_16CollectionParamsINtNtNtNtCsgHl0N9pM6oi_22multiversx_sc_scenario3api7impl_vh12vm_hooks_api10VMHooksApiNtNtB13_9debug_api15DebugApiBackendEENtNtNtCslpX2FM2C92Z_19multiversx_sc_codec6single6top_en9TopEncode24top_encode_or_handle_errINtNtNtCsuR9Stiu5fw_13multiversx_sc2io6finish16ApiOutputAdapterBY_EINtNtNtNtB4w_13contract_base8wrappers10serializer21ExitCodecErrorHandlerBY_EECsjz7SDRj38Nz_10rust_tests
FN:102,_RINvXs4_Cs6lowIdvHC95_14common_structsINtB6_16CollectionParamsINtNtNtNtCsgHl0N9pM6oi_22multiversx_sc_scenario3api7impl_vh12vm_hooks_api10VMHooksApiNtNtB13_9debug_api15DebugApiBackendEENtNtNtCslpX2FM2C92Z_19multiversx_sc_codec6single6top_en9TopEncode24top_encode_or_handle_errINtNtNtCsuR9Stiu5fw_13multiversx_sc7storage11storage_set16StorageSetOutputBY_EINtNtNtNtB4w_13contract_base8wrappers10serializer21ExitCodecErrorHandlerBY_EECsjz7SDRj38Nz_10rust_tests
FN:102,_RINvXs5_Cs6lowIdvHC95_14common_structsINtB6_16CollectionParamsINtNtNtNtCsgHl0N9pM6oi_22multiversx_sc_scenario3api7impl_vh12vm_hooks_api10VMHooksApiNtNtB13_9debug_api15DebugApiBackendEENtNtNtCslpX2FM2C92Z_19multiversx_sc_codec6single6top_de9TopDecode24top_decode_or_handle_errINtNtNtCsuR9Stiu5fw_13multiversx_sc2io12arg_de_input14ArgDecodeInputBY_EINtNtB4u_17arg_error_handler15ArgErrorHandlerBY_EECsjz7SDRj38Nz_10rust_tests
FN:102,_RINvXs5_Cs6lowIdvHC95_14common_structsINtB6_16CollectionParamsINtNtNtNtCsgHl0N9pM6oi_22multiversx_sc_scenario3api7impl_vh12vm_hooks_api10VMHooksApiNtNtB13_9debug_api15DebugApiBackendEENtNtNtCslpX2FM2C92Z_19multiversx_sc_codec6single6top_de9TopDecode24top_decode_or_handle_errINtNtNtCsuR9Stiu5fw_13multiversx_sc7storage11storage_get15StorageGetInputBY_EINtB4s_22StorageGetErrorHandlerBY_EECsjz7SDRj38Nz_10rust_tests
FN:12,_RINvXsH_Cs6lowIdvHC95_14common_structsINtB6_10PoolParamsINtNtNtNtCsgHl0N9pM6oi_22multiversx_sc_scenario3api7impl_vh12vm_hooks_api10VMHooksApiNtNtBX_9debug_api15DebugApiBackendEENtNtNtCslpX2FM2C92Z_19multiversx_sc_codec6single6top_en9TopEncode24top_encode_or_handle_errINtNtNtCsuR9Stiu5fw_13multiversx_sc2io6finish16ApiOutputAdapterBS_EINtNtNtNtB4p_13contract_base8wrappers10serializer21ExitCodecErrorHandlerBS_EECsjz7SDRj38Nz_10rust_tests
FN:12,_RINvXsH_Cs6lowIdvHC95_14common_structsINtB6_10PoolParamsINtNtNtNtCsgHl0N9pM6oi_22multiversx_sc_scenario3api7impl_vh12vm_hooks_api10VMHooksApiNtNtBX_9debug_api15DebugApiBackendEENtNtNtCslpX2FM2C92Z_19multiversx_sc_codec6single6top_en9TopEncode24top_encode_or_handle_errINtNtNtCsuR9Stiu5fw_13multiversx_sc7storage11storage_set16StorageSetOutputBS_EINtNtNtNtB4p_13contract_base8wrappers10serializer21ExitCodecErrorHandlerBS_EECsjz7SDRj38Nz_10rust_tests
FN:12,_RINvXsI_Cs6lowIdvHC95_14common_structsINtB6_10PoolParamsINtNtNtNtCsgHl0N9pM6oi_22multiversx_sc_scenario3api7impl_vh12vm_hooks_api10VMHooksApiNtNtBX_9debug_api15DebugApiBackendEENtNtNtCslpX2FM2C92Z_19multiversx_sc_codec6single6top_de9TopDecode24top_decode_or_handle_errINtNtNtCsuR9Stiu5fw_13multiversx_sc7storage11storage_get15StorageGetInputBS_EINtB4l_22StorageGetErrorHandlerBS_EECsjz7SDRj38Nz_10rust_tests
FN:44,_RINvXsa_Cs6lowIdvHC95_14common_structsINtB6_14BorrowPositionINtNtNtNtCsgHl0N9pM6oi_22multiversx_sc_scenario3api7impl_vh12vm_hooks_api10VMHooksApiNtNtB11_9debug_api15DebugApiBackendEENtNtNtNtNtCsuR9Stiu5fw_13multiversx_sc5types7managed7wrapped16managed_vec_item14ManagedVecItem16from_byte_readerNCNvXs0_NtB2Y_22managed_vec_owned_iterINtB4Q_23ManagedVecOwnedIteratorBW_BA_ENtNtNtNtCslGS7pEIChKc_4core4iter6traits8iterator8Iterator4next0ECsjz7SDRj38Nz_10rust_tests
FN:44,_RINvXsa_Cs6lowIdvHC95_14common_structsINtB6_14BorrowPositionINtNtNtNtCsgHl0N9pM6oi_22multiversx_sc_scenario3api7impl_vh12vm_hooks_api10VMHooksApiNtNtB11_9debug_api15DebugApiBackendEENtNtNtNtNtCsuR9Stiu5fw_13multiversx_sc5types7managed7wrapped16managed_vec_item14ManagedVecItem16into_byte_writeruNCNvMs2_NtB2Y_11managed_vecINtB4R_10ManagedVecBW_BA_E4push0ECsjz7SDRj38Nz_10rust_tests
FN:44,_RINvXsb_Cs6lowIdvHC95_14common_structsINtB6_14BorrowPositionINtNtNtNtCsgHl0N9pM6oi_22multiversx_sc_scenario3api7impl_vh12vm_hooks_api10VMHooksApiNtNtB11_9debug_api15DebugApiBackendEENtNtNtCslpX2FM2C92Z_19multiversx_sc_codec6single9nested_en12NestedEncode24dep_encode_or_handle_errINtNtNtNtNtCsuR9Stiu5fw_13multiversx_sc5types7managed5basic14managed_buffer13ManagedBufferBW_EINtNtNtNtB4F_13contract_base8wrappers10serializer21ExitCodecErrorHandlerBW_EECsjz7SDRj38Nz_10rust_tests
FN:44,_RINvXsb_Cs6lowIdvHC95_14common_structsINtB6_14BorrowPositionINtNtNtNtCsgHl0N9pM6oi_22multiversx_sc_scenario3api7impl_vh12vm_hooks_api10VMHooksApiNtNtB11_9debug_api15DebugApiBackendEENtNtNtCslpX2FM2C92Z_19multiversx_sc_codec6single9nested_en12NestedEncode24dep_encode_or_handle_errINtNtNtNtNtNtCsuR9Stiu5fw_13multiversx_sc5types7managed7wrapped7builder22managed_buffer_builder20ManagedBufferBuilderBW_EINtNtNtNtB4H_13contract_base8wrappers10serializer21ExitCodecErrorHandlerBW_EECsjz7SDRj38Nz_10rust_tests
FN:44,_RINvXsc_Cs6lowIdvHC95_14common_structsINtB6_14BorrowPositionINtNtNtNtCsgHl0N9pM6oi_22multiversx_sc_scenario3api7impl_vh12vm_hooks_api10VMHooksApiNtNtB11_9debug_api15DebugApiBackendEENtNtNtCslpX2FM2C92Z_19multiversx_sc_codec6single9nested_de12NestedDecode24dep_decode_or_handle_errINtNtNtNtNtCsuR9Stiu5fw_13multiversx_sc5types7managed10codec_util30managed_buffer_nested_de_input30ManagedBufferNestedDecodeInputBW_EINtNtNtB4F_2io17arg_error_handler15ArgErrorHandlerBW_EECsjz7SDRj38Nz_10rust_tests
FN:44,_RINvXsd_Cs6lowIdvHC95_14common_structsINtB6_14BorrowPositionINtNtNtNtCsgHl0N9pM6oi_22multiversx_sc_scenario3api7impl_vh12vm_hooks_api10VMHooksApiNtNtB11_9debug_api15DebugApiBackendEENtNtNtCslpX2FM2C92Z_19multiversx_sc_codec6single6top_en9TopEncode24top_encode_or_handle_errINtNtNtCsuR9Stiu5fw_13multiversx_sc2io6finish16ApiOutputAdapterBW_EINtNtNtNtB4u_13contract_base8wrappers10serializer21ExitCodecErrorHandlerBW_EECsjz7SDRj38Nz_10rust_tests
FN:44,_RINvXsd_Cs6lowIdvHC95_14common_structsINtB6_14BorrowPositionINtNtNtNtCsgHl0N9pM6oi_22multiversx_sc_scenario3api7impl_vh12vm_hooks_api10VMHooksApiNtNtB11_9debug_api15DebugApiBackendEENtNtNtCslpX2FM2C92Z_19multiversx_sc_codec6single6top_en9TopEncode24top_encode_or_handle_errINtNtNtCsuR9Stiu5fw_13multiversx_sc7storage11storage_set16StorageSetOutputBW_EINtNtNtNtB4u_13contract_base8wrappers10serializer21ExitCodecErrorHandlerBW_EECsjz7SDRj38Nz_10rust_tests
FN:44,_RINvXsd_Cs6lowIdvHC95_14common_structsINtB6_14BorrowPositionINtNtNtNtCsgHl0N9pM6oi_22multiversx_sc_scenario3api7impl_vh12vm_hooks_api10VMHooksApiNtNtB11_9debug_api15DebugApiBackendEENtNtNtCslpX2FM2C92Z_19multiversx_sc_codec6single6top_en9TopEncode24top_encode_or_handle_errQINtNtNtNtNtCsuR9Stiu5fw_13multiversx_sc5types7managed5basic14managed_buffer13ManagedBufferBW_EINtNtNtNtB4z_13contract_base8wrappers10serializer21ExitCodecErrorHandlerBW_EECsjz7SDRj38Nz_10rust_tests
FN:44,_RINvXse_Cs6lowIdvHC95_14common_structsINtB6_14BorrowPositionINtNtNtNtCsgHl0N9pM6oi_22multiversx_sc_scenario3api7impl_vh12vm_hooks_api10VMHooksApiNtNtB11_9debug_api15DebugApiBackendEENtNtNtCslpX2FM2C92Z_19multiversx_sc_codec6single6top_de9TopDecode24top_decode_or_handle_errINtNtCshTKFwE22Rw2_5alloc3vec3VechENtNtB30_17codec_err_handler19DefaultErrorHandlerECsjz7SDRj38Nz_10rust_tests
FN:44,_RINvXse_Cs6lowIdvHC95_14common_structsINtB6_14BorrowPositionINtNtNtNtCsgHl0N9pM6oi_22multiversx_sc_scenario3api7impl_vh12vm_hooks_api10VMHooksApiNtNtB11_9debug_api15DebugApiBackendEENtNtNtCslpX2FM2C92Z_19multiversx_sc_codec6single6top_de9TopDecode24top_decode_or_handle_errINtNtNtCsuR9Stiu5fw_13multiversx_sc2io12arg_de_input14ArgDecodeInputBW_EINtNtB4s_17arg_error_handler15ArgErrorHandlerBW_EECsjz7SDRj38Nz_10rust_tests
FN:44,_RINvXse_Cs6lowIdvHC95_14common_structsINtB6_14BorrowPositionINtNtNtNtCsgHl0N9pM6oi_22multiversx_sc_scenario3api7impl_vh12vm_hooks_api10VMHooksApiNtNtB11_9debug_api15DebugApiBackendEENtNtNtCslpX2FM2C92Z_19multiversx_sc_codec6single6top_de9TopDecode24top_decode_or_handle_errINtNtNtCsuR9Stiu5fw_13multiversx_sc7storage11storage_get15StorageGetInputBW_EINtB4q_22StorageGetErrorHandlerBW_EECsjz7SDRj38Nz_10rust_tests
FN:44,_RINvXse_Cs6lowIdvHC95_14common_structsINtB6_14BorrowPositionINtNtNtNtCsgHl0N9pM6oi_22multiversx_sc_scenario3api7impl_vh12vm_hooks_api10VMHooksApiNtNtB11_9debug_api15DebugApiBackendEENtNtNtCslpX2FM2C92Z_19multiversx_sc_codec6single6top_de9TopDecode24top_decode_or_handle_errINtNtNtNtNtCsuR9Stiu5fw_13multiversx_sc5types7managed5basic14managed_buffer13ManagedBufferBW_EINtNtNtB4y_2io17arg_error_handler15ArgErrorHandlerBW_EECsjz7SDRj38Nz_10rust_tests
FN:44,_RINvXse_Cs6lowIdvHC95_14common_structsINtB6_14BorrowPositionINtNtNtNtCsgHl0N9pM6oi_22multiversx_sc_scenario3api7impl_vh12vm_hooks_api10VMHooksApiNtNtB11_9debug_api15DebugApiBackendEENtNtNtCslpX2FM2C92Z_19multiversx_sc_codec6single6top_de9TopDecode24top_decode_or_handle_errINtNtNtNtNtCsuR9Stiu5fw_13multiversx_sc5types7managed5basic14managed_buffer13ManagedBufferBW_EINtNtNtNtB4y_13contract_base8wrappers10serializer21ExitCodecErrorHandlerBW_EECsjz7SDRj38Nz_10rust_tests
FN:35,_RINvXso_Cs6lowIdvHC95_14common_structsINtB6_15DepositPositionINtNtNtNtCsgHl0N9pM6oi_22multiversx_sc_scenario3api7impl_vh12vm_hooks_api10VMHooksApiNtNtB12_9debug_api15DebugApiBackendEENtNtNtCslpX2FM2C92Z_19multiversx_sc_codec6single6top_en9TopEncode24top_encode_or_handle_errINtNtNtCsuR9Stiu5fw_13multiversx_sc2io6finish16ApiOutputAdapterBX_EINtNtNtNtB4v_13contract_base8wrappers10serializer21ExitCodecErrorHandlerBX_EECsjz7SDRj38Nz_10rust_tests
FN:35,_RINvXso_Cs6lowIdvHC95_14common_structsINtB6_15DepositPositionINtNtNtNtCsgHl0N9pM6oi_22multiversx_sc_scenario3api7impl_vh12vm_hooks_api10VMHooksApiNtNtB12_9debug_api15DebugApiBackendEENtNtNtCslpX2FM2C92Z_19multiversx_sc_codec6single6top_en9TopEncode24top_encode_or_handle_errINtNtNtCsuR9Stiu5fw_13multiversx_sc7storage11storage_set16StorageSetOutputBX_EINtNtNtNtB4v_13contract_base8wrappers10serializer21ExitCodecErrorHandlerBX_EECsjz7SDRj38Nz_10rust_tests
FN:35,_RINvXso_Cs6lowIdvHC95_14common_structsINtB6_15DepositPositionINtNtNtNtCsgHl0N9pM6oi_22multiversx_sc_scenario3api7impl_vh12vm_hooks_api10VMHooksApiNtNtB12_9debug_api15DebugApiBackendEENtNtNtCslpX2FM2C92Z_19multiversx_sc_codec6single6top_en9TopEncode24top_encode_or_handle_errQINtNtNtNtNtCsuR9Stiu5fw_13multiversx_sc5types7managed5basic14managed_buffer13ManagedBufferBX_EINtNtNtNtB4A_13contract_base8wrappers10serializer21ExitCodecErrorHandlerBX_EECsjz7SDRj38Nz_10rust_tests
FN:35,_RINvXsp_Cs6lowIdvHC95_14common_structsINtB6_15DepositPositionINtNtNtNtCsgHl0N9pM6oi_22multiversx_sc_scenario3api7impl_vh12vm_hooks_api10VMHooksApiNtNtB12_9debug_api15DebugApiBackendEENtNtNtCslpX2FM2C92Z_19multiversx_sc_codec6single6top_de9TopDecode24top_decode_or_handle_errINtNtNtCsuR9Stiu5fw_13multiversx_sc2io12arg_de_input14ArgDecodeInputBX_EINtNtB4t_17arg_error_handler15ArgErrorHandlerBX_EECsjz7SDRj38Nz_10rust_tests
FN:35,_RINvXsp_Cs6lowIdvHC95_14common_structsINtB6_15DepositPositionINtNtNtNtCsgHl0N9pM6oi_22multiversx_sc_scenario3api7impl_vh12vm_hooks_api10VMHooksApiNtNtB12_9debug_api15DebugApiBackendEENtNtNtCslpX2FM2C92Z_19multiversx_sc_codec6single6top_de9TopDecode24top_decode_or_handle_errINtNtNtCsuR9Stiu5fw_13multiversx_sc7storage11storage_get15StorageGetInputBX_EINtB4r_22StorageGetErrorHandlerBX_EECsjz7SDRj38Nz_10rust_tests
FN:35,_RINvXsp_Cs6lowIdvHC95_14common_structsINtB6_15DepositPositionINtNtNtNtCsgHl0N9pM6oi_22multiversx_sc_scenario3api7impl_vh12vm_hooks_api10VMHooksApiNtNtB12_9debug_api15DebugApiBackendEENtNtNtCslpX2FM2C92Z_19multiversx_sc_codec6single6top_de9TopDecode24top_decode_or_handle_errINtNtNtNtNtCsuR9Stiu5fw_13multiversx_sc5types7managed5basic14managed_buffer13ManagedBufferBX_EINtNtNtB4z_2io17arg_error_handler15ArgErrorHandlerBX_EECsjz7SDRj38Nz_10rust_tests
FN:44,_RNCINvXsa_Cs6lowIdvHC95_14common_structsINtB8_14BorrowPositionINtNtNtNtCsgHl0N9pM6oi_22multiversx_sc_scenario3api7impl_vh12vm_hooks_api10VMHooksApiNtNtB13_9debug_api15DebugApiBackendEENtNtNtNtNtCsuR9Stiu5fw_13multiversx_sc5types7managed7wrapped16managed_vec_item14ManagedVecItem16from_byte_readerNCNvXs0_NtB30_22managed_vec_owned_iterINtB4S_23ManagedVecOwnedIteratorBY_BC_ENtNtNtNtCslGS7pEIChKc_4core4iter6traits8iterator8Iterator4next0E0Csjz7SDRj38Nz_10rust_tests
FN:44,_RNCINvXsa_Cs6lowIdvHC95_14common_structsINtB8_14BorrowPositionINtNtNtNtCsgHl0N9pM6oi_22multiversx_sc_scenario3api7impl_vh12vm_hooks_api10VMHooksApiNtNtB13_9debug_api15DebugApiBackendEENtNtNtNtNtCsuR9Stiu5fw_13multiversx_sc5types7managed7wrapped16managed_vec_item14ManagedVecItem16from_byte_readerNCNvXs0_NtB30_22managed_vec_owned_iterINtB4S_23ManagedVecOwnedIteratorBY_BC_ENtNtNtNtCslGS7pEIChKc_4core4iter6traits8iterator8Iterator4next0Es0_0Csjz7SDRj38Nz_10rust_tests
FN:44,_RNCINvXsa_Cs6lowIdvHC95_14common_structsINtB8_14BorrowPositionINtNtNtNtCsgHl0N9pM6oi_22multiversx_sc_scenario3api7impl_vh12vm_hooks_api10VMHooksApiNtNtB13_9debug_api15DebugApiBackendEENtNtNtNtNtCsuR9Stiu5fw_13multiversx_sc5types7managed7wrapped16managed_vec_item14ManagedVecItem16from_byte_readerNCNvXs0_NtB30_22managed_vec_owned_iterINtB4S_23ManagedVecOwnedIteratorBY_BC_ENtNtNtNtCslGS7pEIChKc_4core4iter6traits8iterator8Iterator4next0Es1_0Csjz7SDRj38Nz_10rust_tests
FN:44,_RNCINvXsa_Cs6lowIdvHC95_14common_structsINtB8_14BorrowPositionINtNtNtNtCsgHl0N9pM6oi_22multiversx_sc_scenario3api7impl_vh12vm_hooks_api10VMHooksApiNtNtB13_9debug_api15DebugApiBackendEENtNtNtNtNtCsuR9Stiu5fw_13multiversx_sc5types7managed7wrapped16managed_vec_item14ManagedVecItem16from_byte_readerNCNvXs0_NtB30_22managed_vec_owned_iterINtB4S_23ManagedVecOwnedIteratorBY_BC_ENtNtNtNtCslGS7pEIChKc_4core4iter6traits8iterator8Iterator4next0Es2_0Csjz7SDRj38Nz_10rust_tests
FN:44,_RNCINvXsa_Cs6lowIdvHC95_14common_structsINtB8_14BorrowPositionINtNtNtNtCsgHl0N9pM6oi_22multiversx_sc_scenario3api7impl_vh12vm_hooks_api10VMHooksApiNtNtB13_9debug_api15DebugApiBackendEENtNtNtNtNtCsuR9Stiu5fw_13multiversx_sc5types7managed7wrapped16managed_vec_item14ManagedVecItem16from_byte_readerNCNvXs0_NtB30_22managed_vec_owned_iterINtB4S_23ManagedVecOwnedIteratorBY_BC_ENtNtNtNtCslGS7pEIChKc_4core4iter6traits8iterator8Iterator4next0Es3_0Csjz7SDRj38Nz_10rust_tests
FN:44,_RNCINvXsa_Cs6lowIdvHC95_14common_structsINtB8_14BorrowPositionINtNtNtNtCsgHl0N9pM6oi_22multiversx_sc_scenario3api7impl_vh12vm_hooks_api10VMHooksApiNtNtB13_9debug_api15DebugApiBackendEENtNtNtNtNtCsuR9Stiu5fw_13multiversx_sc5types7managed7wrapped16managed_vec_item14ManagedVecItem16from_byte_readerNCNvXs0_NtB30_22managed_vec_owned_iterINtB4S_23ManagedVecOwnedIteratorBY_BC_ENtNtNtNtCslGS7pEIChKc_4core4iter6traits8iterator8Iterator4next0Es_0Csjz7SDRj38Nz_10rust_tests
FN:44,_RNCINvXsa_Cs6lowIdvHC95_14common_structsINtB8_14BorrowPositionINtNtNtNtCsgHl0N9pM6oi_22multiversx_sc_scenario3api7impl_vh12vm_hooks_api10VMHooksApiNtNtB13_9debug_api15DebugApiBackendEENtNtNtNtNtCsuR9Stiu5fw_13multiversx_sc5types7managed7wrapped16managed_vec_item14ManagedVecItem16into_byte_writeruNCNvMs2_NtB30_11managed_vecINtB4T_10ManagedVecBY_BC_E4push0E0Csjz7SDRj38Nz_10rust_tests
FN:44,_RNCINvXsa_Cs6lowIdvHC95_14common_structsINtB8_14BorrowPositionINtNtNtNtCsgHl0N9pM6oi_22multiversx_sc_scenario3api7impl_vh12vm_hooks_api10VMHooksApiNtNtB13_9debug_api15DebugApiBackendEENtNtNtNtNtCsuR9Stiu5fw_13multiversx_sc5types7managed7wrapped16managed_vec_item14ManagedVecItem16into_byte_writeruNCNvMs2_NtB30_11managed_vecINtB4T_10ManagedVecBY_BC_E4push0Es0_0Csjz7SDRj38Nz_10rust_tests
FN:44,_RNCINvXsa_Cs6lowIdvHC95_14common_structsINtB8_14BorrowPositionINtNtNtNtCsgHl0N9pM6oi_22multiversx_sc_scenario3api7impl_vh12vm_hooks_api10VMHooksApiNtNtB13_9debug_api15DebugApiBackendEENtNtNtNtNtCsuR9Stiu5fw_13multiversx_sc5types7managed7wrapped16managed_vec_item14ManagedVecItem16into_byte_writeruNCNvMs2_NtB30_11managed_vecINtB4T_10ManagedVecBY_BC_E4push0Es1_0Csjz7SDRj38Nz_10rust_tests
FN:44,_RNCINvXsa_Cs6lowIdvHC95_14common_structsINtB8_14BorrowPositionINtNtNtNtCsgHl0N9pM6oi_22multiversx_sc_scenario3api7impl_vh12vm_hooks_api10VMHooksApiNtNtB13_9debug_api15DebugApiBackendEENtNtNtNtNtCsuR9Stiu5fw_13multiversx_sc5types7managed7wrapped16managed_vec_item14ManagedVecItem16into_byte_writeruNCNvMs2_NtB30_11managed_vecINtB4T_10ManagedVecBY_BC_E4push0Es2_0Csjz7SDRj38Nz_10rust_tests
FN:44,_RNCINvXsa_Cs6lowIdvHC95_14common_structsINtB8_14BorrowPositionINtNtNtNtCsgHl0N9pM6oi_22multiversx_sc_scenario3api7impl_vh12vm_hooks_api10VMHooksApiNtNtB13_9debug_api15DebugApiBackendEENtNtNtNtNtCsuR9Stiu5fw_13multiversx_sc5types7managed7wrapped16managed_vec_item14ManagedVecItem16into_byte_writeruNCNvMs2_NtB30_11managed_vecINtB4T_10ManagedVecBY_BC_E4push0Es3_0Csjz7SDRj38Nz_10rust_tests
FN:44,_RNCINvXsa_Cs6lowIdvHC95_14common_structsINtB8_14BorrowPositionINtNtNtNtCsgHl0N9pM6oi_22multiversx_sc_scenario3api7impl_vh12vm_hooks_api10VMHooksApiNtNtB13_9debug_api15DebugApiBackendEENtNtNtNtNtCsuR9Stiu5fw_13multiversx_sc5types7managed7wrapped16managed_vec_item14ManagedVecItem16into_byte_writeruNCNvMs2_NtB30_11managed_vecINtB4T_10ManagedVecBY_BC_E4push0Es_0Csjz7SDRj38Nz_10rust_tests
FN:83,_RNvMs0_Cs6lowIdvHC95_14common_structsINtB5_14BorrowPositionINtNtNtNtCsgHl0N9pM6oi_22multiversx_sc_scenario3api7impl_vh12vm_hooks_api10VMHooksApiNtNtB10_9debug_api15DebugApiBackendEE3newCsjz7SDRj38Nz_10rust_tests
FN:65,_RNvMs_Cs6lowIdvHC95_14common_structsINtB4_15DepositPositionINtNtNtNtCsgHl0N9pM6oi_22multiversx_sc_scenario3api7impl_vh12vm_hooks_api10VMHooksApiNtNtB10_9debug_api15DebugApiBackendEE3newCsjz7SDRj38Nz_10rust_tests
FNDA:0,_RINvXINICs1n66QS2Pkd1_14common_structssH_0pEINtB6_10PoolParamspENtNtNtCslpX2FM2C92Z_19multiversx_sc_codec6single6top_en9TopEncode24top_encode_or_handle_errppEB6_
FNDA:0,_RINvXINICs1n66QS2Pkd1_14common_structssI_0pEINtB6_10PoolParamspENtNtNtCslpX2FM2C92Z_19multiversx_sc_codec6single6top_de9TopDecode24top_decode_or_handle_errppEB6_
FNDA:0,_RNvXINICs1n66QS2Pkd1_14common_structssL_0pEINtB5_10PoolParamspENtNtNtCsuR9Stiu5fw_13multiversx_sc3abi8type_abi7TypeAbi9type_nameB5_
FNDA:0,_RINvXINICs1n66QS2Pkd1_14common_structssL_0pEINtB6_10PoolParamspENtNtNtCsuR9Stiu5fw_13multiversx_sc3abi8type_abi7TypeAbi25provide_type_descriptionspEB6_
FNDA:0,_RINvXINICs1n66QS2Pkd1_14common_structssC_0pEINtB6_9IssueDatapENtNtNtCslpX2FM2C92Z_19multiversx_sc_codec6single6top_en9TopEncode24top_encode_or_handle_errppEB6_
FNDA:0,_RINvXINICs1n66QS2Pkd1_14common_structssD_0pEINtB6_9IssueDatapENtNtNtCslpX2FM2C92Z_19multiversx_sc_codec6single6top_de9TopDecode24top_decode_or_handle_errppEB6_
FNDA:0,_RNvXINICs1n66QS2Pkd1_14common_structssG_0pEINtB5_9IssueDatapENtNtNtCsuR9Stiu5fw_13multiversx_sc3abi8type_abi7TypeAbi9type_nameB5_
FNDA:0,_RINvXINICs1n66QS2Pkd1_14common_structssG_0pEINtB6_9IssueDatapENtNtNtCsuR9Stiu5fw_13multiversx_sc3abi8type_abi7TypeAbi25provide_type_descriptionspEB6_
FNDA:0,_RINvXINICs1n66QS2Pkd1_14common_structssu_0pEINtB6_15TokenAmountPairpENtNtNtCslpX2FM2C92Z_19multiversx_sc_codec6single6top_en9TopEncode24top_encode_or_handle_errppEB6_
FNDA:0,_RINvXINICs1n66QS2Pkd1_14common_structssv_0pEINtB6_15TokenAmountPairpENtNtNtCslpX2FM2C92Z_19multiversx_sc_codec6single6top_de9TopDecode24top_decode_or_handle_errppEB6_
FNDA:0,_RINvXINICs1n66QS2Pkd1_14common_structssw_0pEINtB6_15TokenAmountPairpENtNtNtCslpX2FM2C92Z_19multiversx_sc_codec6single9nested_en12NestedEncode24dep_encode_or_handle_errppEB6_
FNDA:0,_RINvXINICs1n66QS2Pkd1_14common_structssx_0pEINtB6_15TokenAmountPairpENtNtNtCslpX2FM2C92Z_19multiversx_sc_codec6single9nested_de12NestedDecode24dep_decode_or_handle_errppEB6_
FNDA:0,_RNvXINICs1n66QS2Pkd1_14common_structssA_0pEINtB5_15TokenAmountPairpENtNtNtCsuR9Stiu5fw_13multiversx_sc3abi8type_abi7TypeAbi9type_nameB5_
FNDA:0,_RINvXINICs1n66QS2Pkd1_14common_structssA_0pEINtB6_15TokenAmountPairpENtNtNtCsuR9Stiu5fw_13multiversx_sc3abi8type_abi7TypeAbi25provide_type_descriptionspEB6_
FNDA:0,_RINvXINICs1n66QS2Pkd1_14common_structssm_0pEINtB6_15DepositPositionpENtNtNtCslpX2FM2C92Z_19multiversx_sc_codec6single9nested_en12NestedEncode24dep_encode_or_handle_errppEB6_
FNDA:0,_RINvXINICs1n66QS2Pkd1_14common_structssn_0pEINtB6_15DepositPositionpENtNtNtCslpX2FM2C92Z_19multiversx_sc_codec6single9nested_de12NestedDecode24dep_decode_or_handle_errppEB6_
FNDA:0,_RINvXINICs1n66QS2Pkd1_14common_structsso_0pEINtB6_15DepositPositionpENtNtNtCslpX2FM2C92Z_19multiversx_sc_codec6single6top_en9TopEncode24top_encode_or_handle_errppEB6_
FNDA:0,_RINvXINICs1n66QS2Pkd1_14common_structssp_0pEINtB6_15DepositPositionpENtNtNtCslpX2FM2C92Z_19multiversx_sc_codec6single6top_de9TopDecode24top_decode_or_handle_errppEB6_
FNDA:0,_RNvXINICs1n66QS2Pkd1_14common_structsss_0pEINtB5_15DepositPositionpENtNtNtCsuR9Stiu5fw_13multiversx_sc3abi8type_abi7TypeAbi9type_nameB5_
FNDA:0,_RINvXINICs1n66QS2Pkd1_14common_structsss_0pEINtB6_15DepositPositionpENtNtNtCsuR9Stiu5fw_13multiversx_sc3abi8type_abi7TypeAbi25provide_type_descriptionspEB6_
FNDA:0,_RINvXINICs1n66QS2Pkd1_14common_structssa_0pEINtB6_14BorrowPositionpENtNtNtNtNtCsuR9Stiu5fw_13multiversx_sc5types7managed7wrapped16managed_vec_item14ManagedVecItem16from_byte_readerpEB6_
FNDA:0,_RNCINvXINICs1n66QS2Pkd1_14common_structssa_0pEINtB8_14BorrowPositionpENtNtNtNtNtCsuR9Stiu5fw_13multiversx_sc5types7managed7wrapped16managed_vec_item14ManagedVecItem16from_byte_readerpE0B8_
FNDA:0,_RNCINvXINICs1n66QS2Pkd1_14common_structssa_0pEINtB8_14BorrowPositionpENtNtNtNtNtCsuR9Stiu5fw_13multiversx_sc5types7managed7wrapped16managed_vec_item14ManagedVecItem16from_byte_readerpEs_0B8_
FNDA:0,_RNCINvXINICs1n66QS2Pkd1_14common_structssa_0pEINtB8_14BorrowPositionpENtNtNtNtNtCsuR9Stiu5fw_13multiversx_sc5types7managed7wrapped16managed_vec_item14ManagedVecItem16from_byte_readerpEs0_0B8_
FNDA:0,_RNCINvXINICs1n66QS2Pkd1_14common_structssa_0pEINtB8_14BorrowPositionpENtNtNtNtNtCsuR9Stiu5fw_13multiversx_sc5types7managed7wrapped16managed_vec_item14ManagedVecItem16from_byte_readerpEs1_0B8_
FNDA:0,_RNCINvXINICs1n66QS2Pkd1_14common_structssa_0pEINtB8_14BorrowPositionpENtNtNtNtNtCsuR9Stiu5fw_13multiversx_sc5types7managed7wrapped16managed_vec_item14ManagedVecItem16from_byte_readerpEs2_0B8_
FNDA:0,_RNCINvXINICs1n66QS2Pkd1_14common_structssa_0pEINtB8_14BorrowPositionpENtNtNtNtNtCsuR9Stiu5fw_13multiversx_sc5types7managed7wrapped16managed_vec_item14ManagedVecItem16from_byte_readerpEs3_0B8_
FNDA:0,_RINvXINICs1n66QS2Pkd1_14common_structssa_0pEINtB6_14BorrowPositionpENtNtNtNtNtCsuR9Stiu5fw_13multiversx_sc5types7managed7wrapped16managed_vec_item14ManagedVecItem26from_byte_reader_as_borrowpEB6_
FNDA:0,_RINvXINICs1n66QS2Pkd1_14common_structssa_0pEINtB6_14BorrowPositionpENtNtNtNtNtCsuR9Stiu5fw_13multiversx_sc5types7managed7wrapped16managed_vec_item14ManagedVecItem16into_byte_writerppEB6_
FNDA:0,_RNCINvXINICs1n66QS2Pkd1_14common_structssa_0pEINtB8_14BorrowPositionpENtNtNtNtNtCsuR9Stiu5fw_13multiversx_sc5types7managed7wrapped16managed_vec_item14ManagedVecItem16into_byte_writerppE0B8_
FNDA:0,_RNCINvXINICs1n66QS2Pkd1_14common_structssa_0pEINtB8_14BorrowPositionpENtNtNtNtNtCsuR9Stiu5fw_13multiversx_sc5types7managed7wrapped16managed_vec_item14ManagedVecItem16into_byte_writerppEs_0B8_
FNDA:0,_RNCINvXINICs1n66QS2Pkd1_14common_structssa_0pEINtB8_14BorrowPositionpENtNtNtNtNtCsuR9Stiu5fw_13multiversx_sc5types7managed7wrapped16managed_vec_item14ManagedVecItem16into_byte_writerppEs0_0B8_
FNDA:0,_RNCINvXINICs1n66QS2Pkd1_14common_structssa_0pEINtB8_14BorrowPositionpENtNtNtNtNtCsuR9Stiu5fw_13multiversx_sc5types7managed7wrapped16managed_vec_item14ManagedVecItem16into_byte_writerppEs1_0B8_
FNDA:0,_RNCINvXINICs1n66QS2Pkd1_14common_structssa_0pEINtB8_14BorrowPositionpENtNtNtNtNtCsuR9Stiu5fw_13multiversx_sc5types7managed7wrapped16managed_vec_item14ManagedVecItem16into_byte_writerppEs2_0B8_
FNDA:0,_RNCINvXINICs1n66QS2Pkd1_14common_structssa_0pEINtB8_14BorrowPositionpENtNtNtNtNtCsuR9Stiu5fw_13multiversx_sc5types7managed7wrapped16managed_vec_item14ManagedVecItem16into_byte_writerppEs3_0B8_
FNDA:0,_RINvXINICs1n66QS2Pkd1_14common_structssb_0pEINtB6_14BorrowPositionpENtNtNtCslpX2FM2C92Z_19multiversx_sc_codec6single9nested_en12NestedEncode24dep_encode_or_handle_errppEB6_
FNDA:0,_RINvXINICs1n66QS2Pkd1_14common_structssc_0pEINtB6_14BorrowPositionpENtNtNtCslpX2FM2C92Z_19multiversx_sc_codec6single9nested_de12NestedDecode24dep_decode_or_handle_errppEB6_
FNDA:0,_RINvXINICs1n66QS2Pkd1_14common_structssd_0pEINtB6_14BorrowPositionpENtNtNtCslpX2FM2C92Z_19multiversx_sc_codec6single6top_en9TopEncode24top_encode_or_handle_errppEB6_
FNDA:0,_RINvXINICs1n66QS2Pkd1_14common_structsse_0pEINtB6_14BorrowPositionpENtNtNtCslpX2FM2C92Z_19multiversx_sc_codec6single6top_de9TopDecode24top_decode_or_handle_errppEB6_
FNDA:0,_RNvXINICs1n66QS2Pkd1_14common_structssh_0pEINtB5_14BorrowPositionpENtNtNtCsuR9Stiu5fw_13multiversx_sc3abi8type_abi7TypeAbi9type_nameB5_
FNDA:0,_RINvXINICs1n66QS2Pkd1_14common_structssh_0pEINtB6_14BorrowPositionpENtNtNtCsuR9Stiu5fw_13multiversx_sc3abi8type_abi7TypeAbi25provide_type_descriptionspEB6_
FNDA:0,_RNvMCs1n66QS2Pkd1_14common_structsINtB2_15TokenAmountPairpE3newB2_
FNDA:0,_RNvMs_Cs1n66QS2Pkd1_14common_structsINtB4_15DepositPositionpE3newB4_
FNDA:0,_RNvMs0_Cs1n66QS2Pkd1_14common_structsINtB5_14BorrowPositionpE3newB5_
FNDA:0,_RINvXINICs1n66QS2Pkd1_14common_structss2_0pEINtB6_16CollectionParamspENtNtNtCslpX2FM2C92Z_19multiversx_sc_codec6single9nested_en12NestedEncode24dep_encode_or_handle_errppEB6_
FNDA:0,_RINvXINICs1n66QS2Pkd1_14common_structss3_0pEINtB6_16CollectionParamspENtNtNtCslpX2FM2C92Z_19multiversx_sc_codec6single9nested_de12NestedDecode24dep_decode_or_handle_errppEB6_
FNDA:0,_RINvXINICs1n66QS2Pkd1_14common_structss4_0pEINtB6_16CollectionParamspENtNtNtCslpX2FM2C92Z_19multiversx_sc_codec6single6top_en9TopEncode24top_encode_or_handle_errppEB6_
FNDA:0,_RINvXINICs1n66QS2Pkd1_14common_structss5_0pEINtB6_16CollectionParamspENtNtNtCslpX2FM2C92Z_19multiversx_sc_codec6single6top_de9TopDecode24top_decode_or_handle_errppEB6_
FNDA:0,_RNvXINICs1n66QS2Pkd1_14common_structss8_0pEINtB5_16CollectionParamspENtNtNtCsuR9Stiu5fw_13multiversx_sc3abi8type_abi7TypeAbi9type_nameB5_
FNDA:0,_RINvXINICs1n66QS2Pkd1_14common_structss8_0pEINtB6_16CollectionParamspENtNtNtCsuR9Stiu5fw_13multiversx_sc3abi8type_abi7TypeAbi25provide_type_descriptionspEB6_
FNDA:0,_RNvMs1_Cs1n66QS2Pkd1_14common_structsINtB5_16CollectionParamspE3newB5_
FNDA:0,_RINvXs4_Cs6lowIdvHC95_14common_structsINtB6_16CollectionParamsINtNtNtNtCsgHl0N9pM6oi_22multiversx_sc_scenario3api7impl_vh12vm_hooks_api10VMHooksApiNtNtB13_9debug_api15DebugApiBackendEENtNtNtCslpX2FM2C92Z_19multiversx_sc_codec6single6top_en9TopEncode24top_encode_or_handle_errINtNtNtCsuR9Stiu5fw_13multiversx_sc2io6finish16ApiOutputAdapterBY_EINtNtNtNtB4w_13contract_base8wrappers10serializer21ExitCodecErrorHandlerBY_EECsjz7SDRj38Nz_10rust_tests
FNDA:2,_RINvXs4_Cs6lowIdvHC95_14common_structsINtB6_16CollectionParamsINtNtNtNtCsgHl0N9pM6oi_22multiversx_sc_scenario3api7impl_vh12vm_hooks_api10VMHooksApiNtNtB13_9debug_api15DebugApiBackendEENtNtNtCslpX2FM2C92Z_19multiversx_sc_codec6single6top_en9TopEncode24top_encode_or_handle_errINtNtNtCsuR9Stiu5fw_13multiversx_sc7storage11storage_set16StorageSetOutputBY_EINtNtNtNtB4w_13contract_base8wrappers10serializer21ExitCodecErrorHandlerBY_EECsjz7SDRj38Nz_10rust_tests
FNDA:0,_RINvXs5_Cs6lowIdvHC95_14common_structsINtB6_16CollectionParamsINtNtNtNtCsgHl0N9pM6oi_22multiversx_sc_scenario3api7impl_vh12vm_hooks_api10VMHooksApiNtNtB13_9debug_api15DebugApiBackendEENtNtNtCslpX2FM2C92Z_19multiversx_sc_codec6single6top_de9TopDecode24top_decode_or_handle_errINtNtNtCsuR9Stiu5fw_13multiversx_sc2io12arg_de_input14ArgDecodeInputBY_EINtNtB4u_17arg_error_handler15ArgErrorHandlerBY_EECsjz7SDRj38Nz_10rust_tests
FNDA:1,_RINvXs5_Cs6lowIdvHC95_14common_structsINtB6_16CollectionParamsINtNtNtNtCsgHl0N9pM6oi_22multiversx_sc_scenario3api7impl_vh12vm_hooks_api10VMHooksApiNtNtB13_9debug_api15DebugApiBackendEENtNtNtCslpX2FM2C92Z_19multiversx_sc_codec6single6top_de9TopDecode24top_decode_or_handle_errINtNtNtCsuR9Stiu5fw_13multiversx_sc7storage11storage_get15StorageGetInputBY_EINtB4s_22StorageGetErrorHandlerBY_EECsjz7SDRj38Nz_10rust_tests
FNDA:0,_RINvXsH_Cs6lowIdvHC95_14common_structsINtB6_10PoolParamsINtNtNtNtCsgHl0N9pM6oi_22multiversx_sc_scenario3api7impl_vh12vm_hooks_api10VMHooksApiNtNtBX_9debug_api15DebugApiBackendEENtNtNtCslpX2FM2C92Z_19multiversx_sc_codec6single6top_en9TopEncode24top_encode_or_handle_errINtNtNtCsuR9Stiu5fw_13multiversx_sc2io6finish16ApiOutputAdapterBS_EINtNtNtNtB4p_13contract_base8wrappers10serializer21ExitCodecErrorHandlerBS_EECsjz7SDRj38Nz_10rust_tests
FNDA:36,_RINvXsH_Cs6lowIdvHC95_14common_structsINtB6_10PoolParamsINtNtNtNtCsgHl0N9pM6oi_22multiversx_sc_scenario3api7impl_vh12vm_hooks_api10VMHooksApiNtNtBX_9debug_api15DebugApiBackendEENtNtNtCslpX2FM2C92Z_19multiversx_sc_codec6single6top_en9TopEncode24top_encode_or_handle_errINtNtNtCsuR9Stiu5fw_13multiversx_sc7storage11storage_set16StorageSetOutputBS_EINtNtNtNtB4p_13contract_base8wrappers10serializer21ExitCodecErrorHandlerBS_EECsjz7SDRj38Nz_10rust_tests
FNDA:48,_RINvXsI_Cs6lowIdvHC95_14common_structsINtB6_10PoolParamsINtNtNtNtCsgHl0N9pM6oi_22multiversx_sc_scenario3api7impl_vh12vm_hooks_api10VMHooksApiNtNtBX_9debug_api15DebugApiBackendEENtNtNtCslpX2FM2C92Z_19multiversx_sc_codec6single6top_de9TopDecode24top_decode_or_handle_errINtNtNtCsuR9Stiu5fw_13multiversx_sc7storage11storage_get15StorageGetInputBS_EINtB4l_22StorageGetErrorHandlerBS_EECsjz7SDRj38Nz_10rust_tests
[...]
FNDA:0,_RNvYpNtNtCs5UW0VXiRTUh_14liquidity_pool9liquidity16EndpointWrappers17callback_selectorB7_
FNDA:0,_RNvYpNtNtCs5UW0VXiRTUh_14liquidity_pool9liquidity16EndpointWrappers8callbackB7_
FNDA:0,_RNvXs1_NtCs5UW0VXiRTUh_14liquidity_pool9liquidityNtB5_11AbiProviderNtNtNtCsuR9Stiu5fw_13multiversx_sc13contract_base21contract_abi_provider19ContractAbiProvider3abi
FNDA:0,_RNvXININtCs5UW0VXiRTUh_14liquidity_pool9liquiditysj_0pEINtB5_11ContractObjpENtNtNtCsuR9Stiu5fw_13multiversx_sc13contract_base17callable_contract16CallableContract4callB7_
FNDA:0,_RINvNtCs5UW0VXiRTUh_14liquidity_pool9liquidity12contract_objpEB4_
FNDA:0,_RINvXsk_NtCs5UW0VXiRTUh_14liquidity_pool9liquidityNtB6_15ContractBuilderNtNtNtCsuR9Stiu5fw_13multiversx_sc13contract_base17callable_contract23CallableContractBuilder16new_contract_objpEB8_
FNDA:0,_RINvNtNtCs5UW0VXiRTUh_14liquidity_pool9liquidity19___wasm__endpoints__31update_collateral_with_interestpEB6_
FNDA:0,_RINvNtNtCs5UW0VXiRTUh_14liquidity_pool9liquidity19___wasm__endpoints__24update_borrows_with_debtpEB6_
FNDA:0,_RINvNtNtCs5UW0VXiRTUh_14liquidity_pool9liquidity19___wasm__endpoints__14add_collateralpEB6_
FNDA:0,_RINvNtNtCs5UW0VXiRTUh_14liquidity_pool9liquidity19___wasm__endpoints__6borrowpEB6_
FNDA:0,_RINvNtNtCs5UW0VXiRTUh_14liquidity_pool9liquidity19___wasm__endpoints__16borrow_bulk_nftspEB6_
FNDA:0,_RINvNtNtCs5UW0VXiRTUh_14liquidity_pool9liquidity19___wasm__endpoints__17remove_collateralpEB6_
FNDA:0,_RINvNtNtCs5UW0VXiRTUh_14liquidity_pool9liquidity19___wasm__endpoints__5repaypEB6_
FNDA:0,_RINvNtNtCs5UW0VXiRTUh_14liquidity_pool9liquidity19___wasm__endpoints__10repay_nftspEB6_
FNDA:0,_RINvNtNtCs5UW0VXiRTUh_14liquidity_pool9liquidity19___wasm__endpoints__11send_tokenspEB6_
FNDA:0,_RINvYpNtNtCs5UW0VXiRTUh_14liquidity_pool9liquidity10ProxyTrait31update_collateral_with_interestpEB8_
FNDA:0,_RINvYpNtNtCs5UW0VXiRTUh_14liquidity_pool9liquidity10ProxyTrait24update_borrows_with_debtpEB8_
FNDA:0,_RINvYpNtNtCs5UW0VXiRTUh_14liquidity_pool9liquidity10ProxyTrait14add_collateralpEB8_
FNDA:0,_RINvYpNtNtCs5UW0VXiRTUh_14liquidity_pool9liquidity10ProxyTrait6borrowpppEB8_
FNDA:0,_RINvYpNtNtCs5UW0VXiRTUh_14liquidity_pool9liquidity10ProxyTrait16borrow_bulk_nftspppEB8_
FNDA:0,_RINvYpNtNtCs5UW0VXiRTUh_14liquidity_pool9liquidity10ProxyTrait17remove_collateralpppEB8_
FNDA:0,_RINvYpNtNtCs5UW0VXiRTUh_14liquidity_pool9liquidity10ProxyTrait5repayppEB8_
FNDA:0,_RINvYpNtNtCs5UW0VXiRTUh_14liquidity_pool9liquidity10ProxyTrait10repay_nftsppEB8_
FNDA:0,_RINvYpNtNtCs5UW0VXiRTUh_14liquidity_pool9liquidity10ProxyTrait11send_tokensppEB8_
FNDA:0,_RNCNvYINtCs7DLRcgeTRqz_14liquidity_pool11ContractObjINtNtNtNtCsgHl0N9pM6oi_22multiversx_sc_scenario3api7impl_vh12vm_hooks_api10VMHooksApiNtNtBT_9debug_api15DebugApiBackendEENtNtB7_9liquidity15LiquidityModule10repay_nfts0Csjz7SDRj38Nz_10rust_tests
FNDA:0,_RNCNvYINtCs7DLRcgeTRqz_14liquidity_pool11ContractObjINtNtNtNtCsgHl0N9pM6oi_22multiversx_sc_scenario3api7impl_vh12vm_hooks_api10VMHooksApiNtNtBT_9debug_api15DebugApiBackendEENtNtB7_9liquidity15LiquidityModule10repay_nftss_0Csjz7SDRj38Nz_10rust_tests
FNDA:22,_RNCNvYINtCs7DLRcgeTRqz_14liquidity_pool11ContractObjINtNtNtNtCsgHl0N9pM6oi_22multiversx_sc_scenario3api7impl_vh12vm_hooks_api10VMHooksApiNtNtBT_9debug_api15DebugApiBackendEENtNtB7_9liquidity15LiquidityModule14add_collateral0Csjz7SDRj38Nz_10rust_tests
FNDA:22,_RNCNvYINtCs7DLRcgeTRqz_14liquidity_pool11ContractObjINtNtNtNtCsgHl0N9pM6oi_22multiversx_sc_scenario3api7impl_vh12vm_hooks_api10VMHooksApiNtNtBT_9debug_api15DebugApiBackendEENtNtB7_9liquidity15LiquidityModule14add_collaterals_0Csjz7SDRj38Nz_10rust_tests
FNDA:1,_RNCNvYINtCs7DLRcgeTRqz_14liquidity_pool11ContractObjINtNtNtNtCsgHl0N9pM6oi_22multiversx_sc_scenario3api7impl_vh12vm_hooks_api10VMHooksApiNtNtBT_9debug_api15DebugApiBackendEENtNtB7_9liquidity15LiquidityModule16borrow_bulk_nfts0Csjz7SDRj38Nz_10rust_tests
FNDA:1,_RNCNvYINtCs7DLRcgeTRqz_14liquidity_pool11ContractObjINtNtNtNtCsgHl0N9pM6oi_22multiversx_sc_scenario3api7impl_vh12vm_hooks_api10VMHooksApiNtNtBT_9debug_api15DebugApiBackendEENtNtB7_9liquidity15LiquidityModule16borrow_bulk_nftss_0Csjz7SDRj38Nz_10rust_tests
FNDA:17,_RNCNvYINtCs7DLRcgeTRqz_14liquidity_pool11ContractObjINtNtNtNtCsgHl0N9pM6oi_22multiversx_sc_scenario3api7impl_vh12vm_hooks_api10VMHooksApiNtNtBT_9debug_api15DebugApiBackendEENtNtB7_9liquidity15LiquidityModule17remove_collateral0Csjz7SDRj38Nz_10rust_tests
FNDA:17,_RNCNvYINtCs7DLRcgeTRqz_14liquidity_pool11ContractObjINtNtNtNtCsgHl0N9pM6oi_22multiversx_sc_scenario3api7impl_vh12vm_hooks_api10VMHooksApiNtNtBT_9debug_api15DebugApiBackendEENtNtB7_9liquidity15LiquidityModule17remove_collaterals_0Csjz7SDRj38Nz_10rust_tests
FNDA:14,_RNCNvYINtCs7DLRcgeTRqz_14liquidity_pool11ContractObjINtNtNtNtCsgHl0N9pM6oi_22multiversx_sc_scenario3api7impl_vh12vm_hooks_api10VMHooksApiNtNtBT_9debug_api15DebugApiBackendEENtNtB7_9liquidity15LiquidityModule5repay0Csjz7SDRj38Nz_10rust_tests
FNDA:14,_RNCNvYINtCs7DLRcgeTRqz_14liquidity_pool11ContractObjINtNtNtNtCsgHl0N9pM6oi_22multiversx_sc_scenario3api7impl_vh12vm_hooks_api10VMHooksApiNtNtBT_9debug_api15DebugApiBackendEENtNtB7_9liquidity15LiquidityModule5repays_0Csjz7SDRj38Nz_10rust_tests
FNDA:13,_RNCNvYINtCs7DLRcgeTRqz_14liquidity_pool11ContractObjINtNtNtNtCsgHl0N9pM6oi_22multiversx_sc_scenario3api7impl_vh12vm_hooks_api10VMHooksApiNtNtBT_9debug_api15DebugApiBackendEENtNtB7_9liquidity15LiquidityModule6borrow0Csjz7SDRj38Nz_10rust_tests
FNDA:13,_RNCNvYINtCs7DLRcgeTRqz_14liquidity_pool11ContractObjINtNtNtNtCsgHl0N9pM6oi_22multiversx_sc_scenario3api7impl_vh12vm_hooks_api10VMHooksApiNtNtBT_9debug_api15DebugApiBackendEENtNtB7_9liquidity15LiquidityModule6borrows_0Csjz7SDRj38Nz_10rust_tests
FNDA:0,_RNvYINtCs7DLRcgeTRqz_14liquidity_pool11ContractObjINtNtNtNtCsgHl0N9pM6oi_22multiversx_sc_scenario3api7impl_vh12vm_hooks_api10VMHooksApiNtNtBR_9debug_api15DebugApiBackendEENtNtB5_9liquidity15LiquidityModule10repay_nftsCsjz7SDRj38Nz_10rust_tests
FNDA:1,_RNvYINtCs7DLRcgeTRqz_14liquidity_pool11ContractObjINtNtNtNtCsgHl0N9pM6oi_22multiversx_sc_scenario3api7impl_vh12vm_hooks_api10VMHooksApiNtNtBR_9debug_api15DebugApiBackendEENtNtB5_9liquidity15LiquidityModule11send_tokensCsjz7SDRj38Nz_10rust_tests
FNDA:22,_RNvYINtCs7DLRcgeTRqz_14liquidity_pool11ContractObjINtNtNtNtCsgHl0N9pM6oi_22multiversx_sc_scenario3api7impl_vh12vm_hooks_api10VMHooksApiNtNtBR_9debug_api15DebugApiBackendEENtNtB5_9liquidity15LiquidityModule14add_collateralCsjz7SDRj38Nz_10rust_tests
FNDA:1,_RNvYINtCs7DLRcgeTRqz_14liquidity_pool11ContractObjINtNtNtNtCsgHl0N9pM6oi_22multiversx_sc_scenario3api7impl_vh12vm_hooks_api10VMHooksApiNtNtBR_9debug_api15DebugApiBackendEENtNtB5_9liquidity15LiquidityModule16borrow_bulk_nftsCsjz7SDRj38Nz_10rust_tests
FNDA:17,_RNvYINtCs7DLRcgeTRqz_14liquidity_pool11ContractObjINtNtNtNtCsgHl0N9pM6oi_22multiversx_sc_scenario3api7impl_vh12vm_hooks_api10VMHooksApiNtNtBR_9debug_api15DebugApiBackendEENtNtB5_9liquidity15LiquidityModule17remove_collateralCsjz7SDRj38Nz_10rust_tests
FNDA:15,_RNvYINtCs7DLRcgeTRqz_14liquidity_pool11ContractObjINtNtNtNtCsgHl0N9pM6oi_22multiversx_sc_scenario3api7impl_vh12vm_hooks_api10VMHooksApiNtNtBR_9debug_api15DebugApiBackendEENtNtB5_9liquidity15LiquidityModule24update_borrows_with_debtCsjz7SDRj38Nz_10rust_tests
FNDA:3,_RNvYINtCs7DLRcgeTRqz_14liquidity_pool11ContractObjINtNtNtNtCsgHl0N9pM6oi_22multiversx_sc_scenario3api7impl_vh12vm_hooks_api10VMHooksApiNtNtBR_9debug_api15DebugApiBackendEENtNtB5_9liquidity15LiquidityModule31update_collateral_with_interestCsjz7SDRj38Nz_10rust_tests
FNDA:14,_RNvYINtCs7DLRcgeTRqz_14liquidity_pool11ContractObjINtNtNtNtCsgHl0N9pM6oi_22multiversx_sc_scenario3api7impl_vh12vm_hooks_api10VMHooksApiNtNtBR_9debug_api15DebugApiBackendEENtNtB5_9liquidity15LiquidityModule5repayCsjz7SDRj38Nz_10rust_tests
FNDA:13,_RNvYINtCs7DLRcgeTRqz_14liquidity_pool11ContractObjINtNtNtNtCsgHl0N9pM6oi_22multiversx_sc_scenario3api7impl_vh12vm_hooks_api10VMHooksApiNtNtBR_9debug_api15DebugApiBackendEENtNtB5_9liquidity15LiquidityModule6borrowCsjz7SDRj38Nz_10rust_tests
FNDA:0,_RNvYINtCs7DLRcgeTRqz_14liquidity_pool11ContractObjINtNtNtNtCsgHl0N9pM6oi_22multiversx_sc_scenario3api7impl_vh12vm_hooks_api10VMHooksApiNtNtBR_9debug_api15DebugApiBackendEENtNtB5_9liquidity16EndpointWrappers10call_repayCsjz7SDRj38Nz_10rust_tests
FNDA:0,_RNvYINtCs7DLRcgeTRqz_14liquidity_pool11ContractObjINtNtNtNtCsgHl0N9pM6oi_22multiversx_sc_scenario3api7impl_vh12vm_hooks_api10VMHooksApiNtNtBR_9debug_api15DebugApiBackendEENtNtB5_9liquidity16EndpointWrappers11call_borrowCsjz7SDRj38Nz_10rust_tests
FNDA:0,_RNvYINtCs7DLRcgeTRqz_14liquidity_pool11ContractObjINtNtNtNtCsgHl0N9pM6oi_22multiversx_sc_scenario3api7impl_vh12vm_hooks_api10VMHooksApiNtNtBR_9debug_api15DebugApiBackendEENtNtB5_9liquidity16EndpointWrappers15call_repay_nftsCsjz7SDRj38Nz_10rust_tests
FNDA:1,_RNvYINtCs7DLRcgeTRqz_14liquidity_pool11ContractObjINtNtNtNtCsgHl0N9pM6oi_22multiversx_sc_scenario3api7impl_vh12vm_hooks_api10VMHooksApiNtNtBR_9debug_api15DebugApiBackendEENtNtB5_9liquidity16EndpointWrappers16call_send_tokensCsjz7SDRj38Nz_10rust_tests
FNDA:0,_RNvYINtCs7DLRcgeTRqz_14liquidity_pool11ContractObjINtNtNtNtCsgHl0N9pM6oi_22multiversx_sc_scenario3api7impl_vh12vm_hooks_api10VMHooksApiNtNtBR_9debug_api15DebugApiBackendEENtNtB5_9liquidity16EndpointWrappers17callback_selectorCsjz7SDRj38Nz_10rust_tests
FNDA:0,_RNvYINtCs7DLRcgeTRqz_14liquidity_pool11ContractObjINtNtNtNtCsgHl0N9pM6oi_22multiversx_sc_scenario3api7impl_vh12vm_hooks_api10VMHooksApiNtNtBR_9debug_api15DebugApiBackendEENtNtB5_9liquidity16EndpointWrappers19call_add_collateralCsjz7SDRj38Nz_10rust_tests
FNDA:1,_RNvYINtCs7DLRcgeTRqz_14liquidity_pool11ContractObjINtNtNtNtCsgHl0N9pM6oi_22multiversx_sc_scenario3api7impl_vh12vm_hooks_api10VMHooksApiNtNtBR_9debug_api15DebugApiBackendEENtNtB5_9liquidity16EndpointWrappers21call_borrow_bulk_nftsCsjz7SDRj38Nz_10rust_tests
FNDA:0,_RNvYINtCs7DLRcgeTRqz_14liquidity_pool11ContractObjINtNtNtNtCsgHl0N9pM6oi_22multiversx_sc_scenario3api7impl_vh12vm_hooks_api10VMHooksApiNtNtBR_9debug_api15DebugApiBackendEENtNtB5_9liquidity16EndpointWrappers22call_remove_collateralCsjz7SDRj38Nz_10rust_tests
FNDA:0,_RNvYINtCs7DLRcgeTRqz_14liquidity_pool11ContractObjINtNtNtNtCsgHl0N9pM6oi_22multiversx_sc_scenario3api7impl_vh12vm_hooks_api10VMHooksApiNtNtBR_9debug_api15DebugApiBackendEENtNtB5_9liquidity16EndpointWrappers29call_update_borrows_with_debtCsjz7SDRj38Nz_10rust_tests
FNDA:0,_RNvYINtCs7DLRcgeTRqz_14liquidity_pool11ContractObjINtNtNtNtCsgHl0N9pM6oi_22multiversx_sc_scenario3api7impl_vh12vm_hooks_api10VMHooksApiNtNtBR_9debug_api15DebugApiBackendEENtNtB5_9liquidity16EndpointWrappers36call_update_collateral_with_interestCsjz7SDRj38Nz_10rust_tests
FNDA:2,_RNvYINtCs7DLRcgeTRqz_14liquidity_pool11ContractObjINtNtNtNtCsgHl0N9pM6oi_22multiversx_sc_scenario3api7impl_vh12vm_hooks_api10VMHooksApiNtNtBR_9debug_api15DebugApiBackendEENtNtB5_9liquidity16EndpointWrappers4callCsjz7SDRj38Nz_10rust_tests
FNDA:0,_RNvYINtCs7DLRcgeTRqz_14liquidity_pool11ContractObjINtNtNtNtCsgHl0N9pM6oi_22multiversx_sc_scenario3api7impl_vh12vm_hooks_api10VMHooksApiNtNtBR_9debug_api15DebugApiBackendEENtNtB5_9liquidity16EndpointWrappers8callbackCsjz7SDRj38Nz_10rust_tests
FNF:22
FNH:19
DA:11,2
DA:27,3
DA:28,3
DA:29,3
DA:30,3
DA:31,3
DA:32,3
DA:33,3
DA:34,3
DA:35,3
DA:36,3
DA:37,3
DA:38,3
DA:39,3
DA:40,3
DA:41,3
DA:42,3
DA:43,3
DA:52,15
DA:53,15
DA:54,15
DA:55,15
DA:56,15
DA:57,15
DA:58,15
DA:59,15
DA:60,15
DA:61,15
DA:62,15
DA:63,15
DA:64,15
DA:65,15
DA:66,15
DA:67,15
DA:76,22
DA:77,22
DA:78,22
DA:79,22
DA:80,22
DA:81,22
DA:82,22
DA:83,22
DA:84,22
DA:85,22
DA:86,22
DA:88,22
DA:89,22
DA:90,22
DA:91,3
DA:92,19
DA:93,22
DA:94,22
DA:95,22
DA:96,22
DA:97,22
DA:98,22
DA:99,22
DA:110,13
DA:111,13
DA:112,13
DA:113,13
DA:114,13
DA:115,13
DA:116,13
DA:117,13
DA:118,13
DA:119,13
DA:121,13
DA:122,13
DA:123,1
DA:124,12
DA:126,13
DA:127,13
DA:128,13
DA:129,13
DA:130,13
DA:131,13
DA:132,13
DA:133,13
DA:134,13
DA:135,13
DA:136,13
DA:137,13
DA:138,13
DA:139,13
DA:140,13
DA:151,1
DA:152,1
DA:153,1
DA:154,1
DA:155,1
DA:156,1
DA:157,1
DA:158,1
DA:159,1
DA:161,1
DA:162,1
DA:163,1
DA:164,2
DA:165,1
DA:166,1
DA:168,1
DA:169,1
DA:170,1
DA:171,1
DA:172,1
DA:173,1
DA:174,1
DA:175,1
DA:176,1
DA:187,17
DA:188,17
DA:189,17
DA:190,17
DA:191,17
DA:192,17
DA:193,17
DA:194,17
DA:195,17
DA:196,17
DA:197,17
DA:198,17
DA:199,17
DA:200,17
DA:201,17
DA:202,17
DA:203,17
DA:204,17
DA:205,17
DA:206,17
DA:207,17
DA:208,17
DA:209,17
DA:210,17
DA:211,17
DA:212,17
DA:213,17
DA:214,17
DA:215,17
DA:216,17
DA:226,14
DA:227,14
DA:228,14
DA:229,14
DA:230,14
DA:231,14
DA:232,14
DA:233,14
DA:234,14
DA:235,14
DA:237,14
DA:238,14
DA:239,14
DA:240,14
DA:241,14
DA:242,14
DA:243,14
DA:244,14
DA:245,14
DA:246,14
DA:247,14
DA:248,14
DA:249,10
DA:250,10
DA:251,10
DA:252,10
DA:253,10
DA:254,10
DA:255,4
DA:256,4
DA:257,4
DA:259,14
DA:260,14
DA:261,14
DA:262,14
DA:263,14
DA:264,14
DA:265,14
DA:277,0
DA:278,0
DA:279,0
DA:280,0
DA:281,0
DA:282,0
DA:283,0
DA:284,0
DA:285,0
DA:286,0
DA:288,0
DA:289,0
DA:290,0
DA:291,0
DA:292,0
DA:293,0
DA:294,0
DA:295,0
DA:296,0
DA:297,0
DA:298,0
DA:299,0
DA:300,0
DA:301,0
DA:302,0
DA:303,0
DA:304,0
DA:305,0
DA:306,0
DA:307,0
DA:308,0
DA:309,0
DA:310,0
DA:311,0
DA:312,0
DA:313,0
DA:314,0
DA:315,0
DA:316,0
DA:317,0
DA:318,0
DA:321,0
DA:322,0
DA:323,0
DA:324,0
DA:325,0
DA:326,0
DA:327,0
DA:328,0
DA:330,0
DA:331,0
DA:332,0
DA:333,0
DA:334,0
DA:339,1
DA:340,1
DA:341,1
DA:342,1
DA:343,1
BRF:0
BRH:0
LF:251
LH:195
end_of_record
SF:/Users/mihaieremia/GitHub/mx-lend-sc/liquidity_pool/src/tokens.rs
FN:8,_RNvXININtCs5UW0VXiRTUh_14liquidity_pool6tokens0pEpNtB5_12TokensModule18lending_pool_proxyB7_
FN:8,_RNvYpNtNtCs5UW0VXiRTUh_14liquidity_pool6tokens16EndpointWrappers4callB7_
FN:8,_RNvYpNtNtCs5UW0VXiRTUh_14liquidity_pool6tokens16EndpointWrappers17callback_selectorB7_
FN:8,_RNvYpNtNtCs5UW0VXiRTUh_14liquidity_pool6tokens16EndpointWrappers8callbackB7_
FN:8,_RNvXs1_NtCs5UW0VXiRTUh_14liquidity_pool6tokensNtB5_11AbiProviderNtNtNtCsuR9Stiu5fw_13multiversx_sc13contract_base21contract_abi_provider19ContractAbiProvider3abi
FN:8,_RNvXININtCs5UW0VXiRTUh_14liquidity_pool6tokenssd_0pEINtB5_11ContractObjpENtNtNtCsuR9Stiu5fw_13multiversx_sc13contract_base17callable_contract16CallableContract4callB7_
FN:8,_RINvNtCs5UW0VXiRTUh_14liquidity_pool6tokens12contract_objpEB4_
FN:8,_RINvXse_NtCs5UW0VXiRTUh_14liquidity_pool6tokensNtB6_15ContractBuilderNtNtNtCsuR9Stiu5fw_13multiversx_sc13contract_base17callable_contract23CallableContractBuilder16new_contract_objpEB8_
FN:26,_RINvYpNtNtNtCs5UW0VXiRTUh_14liquidity_pool6tokens22lending_pool_proxy_mod10ProxyTrait24set_token_id_after_issuepEBa_
FN:26,_RNvXININtNtCs5UW0VXiRTUh_14liquidity_pool6tokens22lending_pool_proxy_mod0pEINtB5_5ProxypENtNtNtCsuR9Stiu5fw_13multiversx_sc13contract_base14proxy_obj_base12ProxyObjBase19extract_opt_addressB9_
FN:26,_RNvXININtNtCs5UW0VXiRTUh_14liquidity_pool6tokens22lending_pool_proxy_mod0pEINtB5_5ProxypENtNtNtCsuR9Stiu5fw_13multiversx_sc13contract_base14proxy_obj_base12ProxyObjBase16extract_proxy_toB9_
FN:26,_RNvXININtNtCs5UW0VXiRTUh_14liquidity_pool6tokens22lending_pool_proxy_mods_0pEINtB5_5ProxypENtNtNtCsuR9Stiu5fw_13multiversx_sc13contract_base14proxy_obj_base11ProxyObjNew13new_proxy_objB9_
FN:26,_RNvXININtNtCs5UW0VXiRTUh_14liquidity_pool6tokens22lending_pool_proxy_mods_0pEINtB5_5ProxypENtNtNtCsuR9Stiu5fw_13multiversx_sc13contract_base14proxy_obj_base11ProxyObjNew8contractB9_
FN:26,_RNvXININtNtCs5UW0VXiRTUh_14liquidity_pool6tokens22lending_pool_proxy_mods0_0pEINtB5_7ProxyTopENtNtNtCsuR9Stiu5fw_13multiversx_sc13contract_base14proxy_obj_base12ProxyObjBase19extract_opt_addressB9_
FN:26,_RNvXININtNtCs5UW0VXiRTUh_14liquidity_pool6tokens22lending_pool_proxy_mods0_0pEINtB5_7ProxyTopENtNtNtCsuR9Stiu5fw_13multiversx_sc13contract_base14proxy_obj_base12ProxyObjBase15extract_addressB9_
FN:26,_RNvXININtNtCs5UW0VXiRTUh_14liquidity_pool6tokens22lending_pool_proxy_mods0_0pEINtB5_7ProxyTopENtNtNtCsuR9Stiu5fw_13multiversx_sc13contract_base14proxy_obj_base12ProxyObjBase16extract_proxy_toB9_
FN:8,_RNvYINtCs7DLRcgeTRqz_14liquidity_pool11ContractObjINtNtNtNtCsgHl0N9pM6oi_22multiversx_sc_scenario3api7impl_vh12vm_hooks_api10VMHooksApiNtNtBR_9debug_api15DebugApiBackendEENtNtB5_6tokens16EndpointWrappers17callback_selectorCsjz7SDRj38Nz_10rust_tests
FN:8,_RNvYINtCs7DLRcgeTRqz_14liquidity_pool11ContractObjINtNtNtNtCsgHl0N9pM6oi_22multiversx_sc_scenario3api7impl_vh12vm_hooks_api10VMHooksApiNtNtBR_9debug_api15DebugApiBackendEENtNtB5_6tokens16EndpointWrappers4callCsjz7SDRj38Nz_10rust_tests
FN:8,_RNvYINtCs7DLRcgeTRqz_14liquidity_pool11ContractObjINtNtNtNtCsgHl0N9pM6oi_22multiversx_sc_scenario3api7impl_vh12vm_hooks_api10VMHooksApiNtNtBR_9debug_api15DebugApiBackendEENtNtB5_6tokens16EndpointWrappers8callbackCsjz7SDRj38Nz_10rust_tests
FNDA:0,_RNvXININtCs5UW0VXiRTUh_14liquidity_pool6tokens0pEpNtB5_12TokensModule18lending_pool_proxyB7_
FNDA:0,_RNvYpNtNtCs5UW0VXiRTUh_14liquidity_pool6tokens16EndpointWrappers4callB7_
FNDA:0,_RNvYpNtNtCs5UW0VXiRTUh_14liquidity_pool6tokens16EndpointWrappers17callback_selectorB7_
FNDA:0,_RNvYpNtNtCs5UW0VXiRTUh_14liquidity_pool6tokens16EndpointWrappers8callbackB7_
FNDA:0,_RNvXs1_NtCs5UW0VXiRTUh_14liquidity_pool6tokensNtB5_11AbiProviderNtNtNtCsuR9Stiu5fw_13multiversx_sc13contract_base21contract_abi_provider19ContractAbiProvider3abi
FNDA:0,_RNvXININtCs5UW0VXiRTUh_14liquidity_pool6tokenssd_0pEINtB5_11ContractObjpENtNtNtCsuR9Stiu5fw_13multiversx_sc13contract_base17callable_contract16CallableContract4callB7_
FNDA:0,_RINvNtCs5UW0VXiRTUh_14liquidity_pool6tokens12contract_objpEB4_
FNDA:0,_RINvXse_NtCs5UW0VXiRTUh_14liquidity_pool6tokensNtB6_15ContractBuilderNtNtNtCsuR9Stiu5fw_13multiversx_sc13contract_base17callable_contract23CallableContractBuilder16new_contract_objpEB8_
FNDA:0,_RINvYpNtNtNtCs5UW0VXiRTUh_14liquidity_pool6tokens22lending_pool_proxy_mod10ProxyTrait24set_token_id_after_issuepEBa_
FNDA:0,_RNvXININtNtCs5UW0VXiRTUh_14liquidity_pool6tokens22lending_pool_proxy_mod0pEINtB5_5ProxypENtNtNtCsuR9Stiu5fw_13multiversx_sc13contract_base14proxy_obj_base12ProxyObjBase19extract_opt_addressB9_
FNDA:0,_RNvXININtNtCs5UW0VXiRTUh_14liquidity_pool6tokens22lending_pool_proxy_mod0pEINtB5_5ProxypENtNtNtCsuR9Stiu5fw_13multiversx_sc13contract_base14proxy_obj_base12ProxyObjBase16extract_proxy_toB9_
FNDA:0,_RNvXININtNtCs5UW0VXiRTUh_14liquidity_pool6tokens22lending_pool_proxy_mods_0pEINtB5_5ProxypENtNtNtCsuR9Stiu5fw_13multiversx_sc13contract_base14proxy_obj_base11ProxyObjNew13new_proxy_objB9_
FNDA:0,_RNvXININtNtCs5UW0VXiRTUh_14liquidity_pool6tokens22lending_pool_proxy_mods_0pEINtB5_5ProxypENtNtNtCsuR9Stiu5fw_13multiversx_sc13contract_base14proxy_obj_base11ProxyObjNew8contractB9_
FNDA:0,_RNvXININtNtCs5UW0VXiRTUh_14liquidity_pool6tokens22lending_pool_proxy_mods0_0pEINtB5_7ProxyTopENtNtNtCsuR9Stiu5fw_13multiversx_sc13contract_base14proxy_obj_base12ProxyObjBase19extract_opt_addressB9_
FNDA:0,_RNvXININtNtCs5UW0VXiRTUh_14liquidity_pool6tokens22lending_pool_proxy_mods0_0pEINtB5_7ProxyTopENtNtNtCsuR9Stiu5fw_13multiversx_sc13contract_base14proxy_obj_base12ProxyObjBase15extract_addressB9_
FNDA:0,_RNvXININtNtCs5UW0VXiRTUh_14liquidity_pool6tokens22lending_pool_proxy_mods0_0pEINtB5_7ProxyTopENtNtNtCsuR9Stiu5fw_13multiversx_sc13contract_base14proxy_obj_base12ProxyObjBase16extract_proxy_toB9_
FNDA:0,_RNvYINtCs7DLRcgeTRqz_14liquidity_pool11ContractObjINtNtNtNtCsgHl0N9pM6oi_22multiversx_sc_scenario3api7impl_vh12vm_hooks_api10VMHooksApiNtNtBR_9debug_api15DebugApiBackendEENtNtB5_6tokens16EndpointWrappers17callback_selectorCsjz7SDRj38Nz_10rust_tests
FNDA:2,_RNvYINtCs7DLRcgeTRqz_14liquidity_pool11ContractObjINtNtNtNtCsgHl0N9pM6oi_22multiversx_sc_scenario3api7impl_vh12vm_hooks_api10VMHooksApiNtNtBR_9debug_api15DebugApiBackendEENtNtB5_6tokens16EndpointWrappers4callCsjz7SDRj38Nz_10rust_tests
FNDA:0,_RNvYINtCs7DLRcgeTRqz_14liquidity_pool11ContractObjINtNtNtNtCsgHl0N9pM6oi_22multiversx_sc_scenario3api7impl_vh12vm_hooks_api10VMHooksApiNtNtBR_9debug_api15DebugApiBackendEENtNtB5_6tokens16EndpointWrappers8callbackCsjz7SDRj38Nz_10rust_tests
FNF:2
FNH:1
DA:8,2
DA:26,0
BRF:0
BRH:0
LF:2
LH:1
end_of_record