SF:/Users/mihaieremia/GitHub/rs-lending/common/checks/src/checks.rs
FN:8,_RNvYpNtCsk5eG9esSTei_13common_checks12ChecksModule32require_amount_greater_than_zeroB5_
FN:12,_RNvYpNtCsk5eG9esSTei_13common_checks12ChecksModule24require_non_zero_addressB5_
FN:6,_RNvYpNtCsk5eG9esSTei_13common_checks16EndpointWrappers4callB5_
FN:6,_RNvYpNtCsk5eG9esSTei_13common_checks16EndpointWrappers17callback_selectorB5_
FN:6,_RNvYpNtCsk5eG9esSTei_13common_checks16EndpointWrappers8callbackB5_
FN:6,_RNvXs1_Csk5eG9esSTei_13common_checksNtB5_11AbiProviderNtNtNtCs42MSoZVSe6Q_13multiversx_sc13contract_base21contract_abi_provider19ContractAbiProvider3abi
FN:6,_RNvXINICsk5eG9esSTei_13common_checkss5_0pEINtB5_11ContractObjpENtNtNtCs42MSoZVSe6Q_13multiversx_sc13contract_base17callable_contract16CallableContract4callB5_
FN:6,_RINvCsk5eG9esSTei_13common_checks12contract_objpEB2_
FN:6,_RINvXs6_Csk5eG9esSTei_13common_checksNtB6_15ContractBuilderNtNtNtCs42MSoZVSe6Q_13multiversx_sc13contract_base17callable_contract23CallableContractBuilder16new_contract_objpEB6_
FN:12,_RNvYINtCs9Xd16vCLxYs_12lending_pool11ContractObjINtNtNtNtCshVdzbi6N1Hz_22multiversx_sc_scenario3api7impl_vh12vm_hooks_api10VMHooksApiNtNtBP_9debug_api15DebugApiBackendEENtCs9C0Go6X4hWo_13common_checks12ChecksModule24require_non_zero_addressCskYdO4DRD1qK_5tests
FN:8,_RNvYINtCs9Xd16vCLxYs_12lending_pool11ContractObjINtNtNtNtCshVdzbi6N1Hz_22multiversx_sc_scenario3api7impl_vh12vm_hooks_api10VMHooksApiNtNtBP_9debug_api15DebugApiBackendEENtCs9C0Go6X4hWo_13common_checks12ChecksModule32require_amount_greater_than_zeroCskYdO4DRD1qK_5tests
FN:6,_RNvYINtCs9Xd16vCLxYs_12lending_pool11ContractObjINtNtNtNtCshVdzbi6N1Hz_22multiversx_sc_scenario3api7impl_vh12vm_hooks_api10VMHooksApiNtNtBP_9debug_api15DebugApiBackendEENtCs9C0Go6X4hWo_13common_checks16EndpointWrappers17callback_selectorCskYdO4DRD1qK_5tests
FN:6,_RNvYINtCs9Xd16vCLxYs_12lending_pool11ContractObjINtNtNtNtCshVdzbi6N1Hz_22multiversx_sc_scenario3api7impl_vh12vm_hooks_api10VMHooksApiNtNtBP_9debug_api15DebugApiBackendEENtCs9C0Go6X4hWo_13common_checks16EndpointWrappers4callCskYdO4DRD1qK_5tests
FN:6,_RNvYINtCs9Xd16vCLxYs_12lending_pool11ContractObjINtNtNtNtCshVdzbi6N1Hz_22multiversx_sc_scenario3api7impl_vh12vm_hooks_api10VMHooksApiNtNtBP_9debug_api15DebugApiBackendEENtCs9C0Go6X4hWo_13common_checks16EndpointWrappers8callbackCskYdO4DRD1qK_5tests
FN:12,_RNvYINtCs8Lb4KiqJtUJ_14liquidity_pool11ContractObjINtNtNtNtCshVdzbi6N1Hz_22multiversx_sc_scenario3api7impl_vh12vm_hooks_api10VMHooksApiNtNtBR_9debug_api15DebugApiBackendEENtCs9C0Go6X4hWo_13common_checks12ChecksModule24require_non_zero_addressCskYdO4DRD1qK_5tests
FN:8,_RNvYINtCs8Lb4KiqJtUJ_14liquidity_pool11ContractObjINtNtNtNtCshVdzbi6N1Hz_22multiversx_sc_scenario3api7impl_vh12vm_hooks_api10VMHooksApiNtNtBR_9debug_api15DebugApiBackendEENtCs9C0Go6X4hWo_13common_checks12ChecksModule32require_amount_greater_than_zeroCskYdO4DRD1qK_5tests
FN:6,_RNvYINtCs8Lb4KiqJtUJ_14liquidity_pool11ContractObjINtNtNtNtCshVdzbi6N1Hz_22multiversx_sc_scenario3api7impl_vh12vm_hooks_api10VMHooksApiNtNtBR_9debug_api15DebugApiBackendEENtCs9C0Go6X4hWo_13common_checks16EndpointWrappers17callback_selectorCskYdO4DRD1qK_5tests
FN:6,_RNvYINtCs8Lb4KiqJtUJ_14liquidity_pool11ContractObjINtNtNtNtCshVdzbi6N1Hz_22multiversx_sc_scenario3api7impl_vh12vm_hooks_api10VMHooksApiNtNtBR_9debug_api15DebugApiBackendEENtCs9C0Go6X4hWo_13common_checks16EndpointWrappers4callCskYdO4DRD1qK_5tests
FN:6,_RNvYINtCs8Lb4KiqJtUJ_14liquidity_pool11ContractObjINtNtNtNtCshVdzbi6N1Hz_22multiversx_sc_scenario3api7impl_vh12vm_hooks_api10VMHooksApiNtNtBR_9debug_api15DebugApiBackendEENtCs9C0Go6X4hWo_13common_checks16EndpointWrappers8callbackCskYdO4DRD1qK_5tests
FNDA:0,_RNvYpNtCsk5eG9esSTei_13common_checks12ChecksModule32require_amount_greater_than_zeroB5_
FNDA:0,_RNvYpNtCsk5eG9esSTei_13common_checks12ChecksModule24require_non_zero_addressB5_
FNDA:0,_RNvYpNtCsk5eG9esSTei_13common_checks16EndpointWrappers4callB5_
FNDA:0,_RNvYpNtCsk5eG9esSTei_13common_checks16EndpointWrappers17callback_selectorB5_
FNDA:0,_RNvYpNtCsk5eG9esSTei_13common_checks16EndpointWrappers8callbackB5_
FNDA:0,_RNvXs1_Csk5eG9esSTei_13common_checksNtB5_11AbiProviderNtNtNtCs42MSoZVSe6Q_13multiversx_sc13contract_base21contract_abi_provider19ContractAbiProvider3abi
FNDA:0,_RNvXINICsk5eG9esSTei_13common_checkss5_0pEINtB5_11ContractObjpENtNtNtCs42MSoZVSe6Q_13multiversx_sc13contract_base17callable_contract16CallableContract4callB5_
FNDA:0,_RINvCsk5eG9esSTei_13common_checks12contract_objpEB2_
FNDA:0,_RINvXs6_Csk5eG9esSTei_13common_checksNtB6_15ContractBuilderNtNtNtCs42MSoZVSe6Q_13multiversx_sc13contract_base17callable_contract23CallableContractBuilder16new_contract_objpEB6_
FNDA:25,_RNvYINtCs9Xd16vCLxYs_12lending_pool11ContractObjINtNtNtNtCshVdzbi6N1Hz_22multiversx_sc_scenario3api7impl_vh12vm_hooks_api10VMHooksApiNtNtBP_9debug_api15DebugApiBackendEENtCs9C0Go6X4hWo_13common_checks12ChecksModule24require_non_zero_addressCskYdO4DRD1qK_5tests
FNDA:12,_RNvYINtCs9Xd16vCLxYs_12lending_pool11ContractObjINtNtNtNtCshVdzbi6N1Hz_22multiversx_sc_scenario3api7impl_vh12vm_hooks_api10VMHooksApiNtNtBP_9debug_api15DebugApiBackendEENtCs9C0Go6X4hWo_13common_checks12ChecksModule32require_amount_greater_than_zeroCskYdO4DRD1qK_5tests
FNDA:0,_RNvYINtCs9Xd16vCLxYs_12lending_pool11ContractObjINtNtNtNtCshVdzbi6N1Hz_22multiversx_sc_scenario3api7impl_vh12vm_hooks_api10VMHooksApiNtNtBP_9debug_api15DebugApiBackendEENtCs9C0Go6X4hWo_13common_checks16EndpointWrappers17callback_selectorCskYdO4DRD1qK_5tests
FNDA:20,_RNvYINtCs9Xd16vCLxYs_12lending_pool11ContractObjINtNtNtNtCshVdzbi6N1Hz_22multiversx_sc_scenario3api7impl_vh12vm_hooks_api10VMHooksApiNtNtBP_9debug_api15DebugApiBackendEENtCs9C0Go6X4hWo_13common_checks16EndpointWrappers4callCskYdO4DRD1qK_5tests
FNDA:0,_RNvYINtCs9Xd16vCLxYs_12lending_pool11ContractObjINtNtNtNtCshVdzbi6N1Hz_22multiversx_sc_scenario3api7impl_vh12vm_hooks_api10VMHooksApiNtNtBP_9debug_api15DebugApiBackendEENtCs9C0Go6X4hWo_13common_checks16EndpointWrappers8callbackCskYdO4DRD1qK_5tests
FNDA:5,_RNvYINtCs8Lb4KiqJtUJ_14liquidity_pool11ContractObjINtNtNtNtCshVdzbi6N1Hz_22multiversx_sc_scenario3api7impl_vh12vm_hooks_api10VMHooksApiNtNtBR_9debug_api15DebugApiBackendEENtCs9C0Go6X4hWo_13common_checks12ChecksModule24require_non_zero_addressCskYdO4DRD1qK_5tests
FNDA:2,_RNvYINtCs8Lb4KiqJtUJ_14liquidity_pool11ContractObjINtNtNtNtCshVdzbi6N1Hz_22multiversx_sc_scenario3api7impl_vh12vm_hooks_api10VMHooksApiNtNtBR_9debug_api15DebugApiBackendEENtCs9C0Go6X4hWo_13common_checks12ChecksModule32require_amount_greater_than_zeroCskYdO4DRD1qK_5tests
FNDA:0,_RNvYINtCs8Lb4KiqJtUJ_14liquidity_pool11ContractObjINtNtNtNtCshVdzbi6N1Hz_22multiversx_sc_scenario3api7impl_vh12vm_hooks_api10VMHooksApiNtNtBR_9debug_api15DebugApiBackendEENtCs9C0Go6X4hWo_13common_checks16EndpointWrappers17callback_selectorCskYdO4DRD1qK_5tests
FNDA:0,_RNvYINtCs8Lb4KiqJtUJ_14liquidity_pool11ContractObjINtNtNtNtCshVdzbi6N1Hz_22multiversx_sc_scenario3api7impl_vh12vm_hooks_api10VMHooksApiNtNtBR_9debug_api15DebugApiBackendEENtCs9C0Go6X4hWo_13common_checks16EndpointWrappers4callCskYdO4DRD1qK_5tests
FNDA:0,_RNvYINtCs8Lb4KiqJtUJ_14liquidity_pool11ContractObjINtNtNtNtCshVdzbi6N1Hz_22multiversx_sc_scenario3api7impl_vh12vm_hooks_api10VMHooksApiNtNtBR_9debug_api15DebugApiBackendEENtCs9C0Go6X4hWo_13common_checks16EndpointWrappers8callbackCskYdO4DRD1qK_5tests
FNF:3
FNH:3
DA:6,20
DA:8,14
DA:9,14
DA:12,30
DA:13,30
BRF:0
BRH:0
LF:5
LH:5
end_of_record
SF:/Users/mihaieremia/GitHub/rs-lending/common/events/src/events.rs
FN:7,_RNvXINICsipELJfpj6CS_13common_events0pEpNtB5_12EventsModule26create_market_params_eventB5_
FN:7,_RNvXINICsipELJfpj6CS_13common_events0pEpNtB5_12EventsModule19market_params_eventB5_
FN:7,_RNvXINICsipELJfpj6CS_13common_events0pEpNtB5_12EventsModule25update_market_state_eventB5_
FN:7,_RNvXINICsipELJfpj6CS_13common_events0pEpNtB5_12EventsModule21update_position_eventB5_
FN:7,_RNvXINICsipELJfpj6CS_13common_events0pEpNtB5_12EventsModule25update_debt_ceiling_eventB5_
FN:7,_RNvXINICsipELJfpj6CS_13common_events0pEpNtB5_12EventsModule25update_asset_config_eventB5_
FN:7,_RNvXINICsipELJfpj6CS_13common_events0pEpNtB5_12EventsModule28update_e_mode_category_eventB5_
FN:7,_RNvXINICsipELJfpj6CS_13common_events0pEpNtB5_12EventsModule25update_e_mode_asset_eventB5_
FN:7,_RNvYpNtCsipELJfpj6CS_13common_events16EndpointWrappers4callB5_
FN:7,_RNvYpNtCsipELJfpj6CS_13common_events16EndpointWrappers17callback_selectorB5_
FN:7,_RNvYpNtCsipELJfpj6CS_13common_events16EndpointWrappers8callbackB5_
FN:7,_RNvXs1_CsipELJfpj6CS_13common_eventsNtB5_11AbiProviderNtNtNtCs42MSoZVSe6Q_13multiversx_sc13contract_base21contract_abi_provider19ContractAbiProvider3abi
FN:7,_RNvXINICsipELJfpj6CS_13common_eventss5_0pEINtB5_11ContractObjpENtNtNtCs42MSoZVSe6Q_13multiversx_sc13contract_base17callable_contract16CallableContract4callB5_
FN:7,_RINvCsipELJfpj6CS_13common_events12contract_objpEB2_
FN:7,_RINvXs6_CsipELJfpj6CS_13common_eventsNtB6_15ContractBuilderNtNtNtCs42MSoZVSe6Q_13multiversx_sc13contract_base17callable_contract23CallableContractBuilder16new_contract_objpEB6_
FN:7,_RNvXCs3PHWH7HeLh7_13common_eventsINtCs9Xd16vCLxYs_12lending_pool11ContractObjINtNtNtNtCshVdzbi6N1Hz_22multiversx_sc_scenario3api7impl_vh12vm_hooks_api10VMHooksApiNtNtB1i_9debug_api15DebugApiBackendEENtB2_12EventsModule21update_position_eventCskYdO4DRD1qK_5tests
FN:7,_RNvXCs3PHWH7HeLh7_13common_eventsINtCs9Xd16vCLxYs_12lending_pool11ContractObjINtNtNtNtCshVdzbi6N1Hz_22multiversx_sc_scenario3api7impl_vh12vm_hooks_api10VMHooksApiNtNtB1i_9debug_api15DebugApiBackendEENtB2_12EventsModule25update_asset_config_eventCskYdO4DRD1qK_5tests
FN:7,_RNvXCs3PHWH7HeLh7_13common_eventsINtCs9Xd16vCLxYs_12lending_pool11ContractObjINtNtNtNtCshVdzbi6N1Hz_22multiversx_sc_scenario3api7impl_vh12vm_hooks_api10VMHooksApiNtNtB1i_9debug_api15DebugApiBackendEENtB2_12EventsModule25update_debt_ceiling_eventCskYdO4DRD1qK_5tests
FN:7,_RNvXCs3PHWH7HeLh7_13common_eventsINtCs9Xd16vCLxYs_12lending_pool11ContractObjINtNtNtNtCshVdzbi6N1Hz_22multiversx_sc_scenario3api7impl_vh12vm_hooks_api10VMHooksApiNtNtB1i_9debug_api15DebugApiBackendEENtB2_12EventsModule25update_e_mode_asset_eventCskYdO4DRD1qK_5tests
FN:7,_RNvXCs3PHWH7HeLh7_13common_eventsINtCs9Xd16vCLxYs_12lending_pool11ContractObjINtNtNtNtCshVdzbi6N1Hz_22multiversx_sc_scenario3api7impl_vh12vm_hooks_api10VMHooksApiNtNtB1i_9debug_api15DebugApiBackendEENtB2_12EventsModule26create_market_params_eventCskYdO4DRD1qK_5tests
FN:7,_RNvXCs3PHWH7HeLh7_13common_eventsINtCs9Xd16vCLxYs_12lending_pool11ContractObjINtNtNtNtCshVdzbi6N1Hz_22multiversx_sc_scenario3api7impl_vh12vm_hooks_api10VMHooksApiNtNtB1i_9debug_api15DebugApiBackendEENtB2_12EventsModule28update_e_mode_category_eventCskYdO4DRD1qK_5tests
FN:7,_RNvYINtCs9Xd16vCLxYs_12lending_pool11ContractObjINtNtNtNtCshVdzbi6N1Hz_22multiversx_sc_scenario3api7impl_vh12vm_hooks_api10VMHooksApiNtNtBP_9debug_api15DebugApiBackendEENtCs3PHWH7HeLh7_13common_events16EndpointWrappers17callback_selectorCskYdO4DRD1qK_5tests
FN:7,_RNvYINtCs9Xd16vCLxYs_12lending_pool11ContractObjINtNtNtNtCshVdzbi6N1Hz_22multiversx_sc_scenario3api7impl_vh12vm_hooks_api10VMHooksApiNtNtBP_9debug_api15DebugApiBackendEENtCs3PHWH7HeLh7_13common_events16EndpointWrappers4callCskYdO4DRD1qK_5tests
FN:7,_RNvYINtCs9Xd16vCLxYs_12lending_pool11ContractObjINtNtNtNtCshVdzbi6N1Hz_22multiversx_sc_scenario3api7impl_vh12vm_hooks_api10VMHooksApiNtNtBP_9debug_api15DebugApiBackendEENtCs3PHWH7HeLh7_13common_events16EndpointWrappers8callbackCskYdO4DRD1qK_5tests
FN:7,_RNvXCs3PHWH7HeLh7_13common_eventsINtCs8Lb4KiqJtUJ_14liquidity_pool11ContractObjINtNtNtNtCshVdzbi6N1Hz_22multiversx_sc_scenario3api7impl_vh12vm_hooks_api10VMHooksApiNtNtB1k_9debug_api15DebugApiBackendEENtB2_12EventsModule19market_params_eventCskYdO4DRD1qK_5tests
FN:7,_RNvXCs3PHWH7HeLh7_13common_eventsINtCs8Lb4KiqJtUJ_14liquidity_pool11ContractObjINtNtNtNtCshVdzbi6N1Hz_22multiversx_sc_scenario3api7impl_vh12vm_hooks_api10VMHooksApiNtNtB1k_9debug_api15DebugApiBackendEENtB2_12EventsModule21update_position_eventCskYdO4DRD1qK_5tests
FN:7,_RNvXCs3PHWH7HeLh7_13common_eventsINtCs8Lb4KiqJtUJ_14liquidity_pool11ContractObjINtNtNtNtCshVdzbi6N1Hz_22multiversx_sc_scenario3api7impl_vh12vm_hooks_api10VMHooksApiNtNtB1k_9debug_api15DebugApiBackendEENtB2_12EventsModule25update_market_state_eventCskYdO4DRD1qK_5tests
FN:7,_RNvYINtCs8Lb4KiqJtUJ_14liquidity_pool11ContractObjINtNtNtNtCshVdzbi6N1Hz_22multiversx_sc_scenario3api7impl_vh12vm_hooks_api10VMHooksApiNtNtBR_9debug_api15DebugApiBackendEENtCs3PHWH7HeLh7_13common_events16EndpointWrappers17callback_selectorCskYdO4DRD1qK_5tests
FN:7,_RNvYINtCs8Lb4KiqJtUJ_14liquidity_pool11ContractObjINtNtNtNtCshVdzbi6N1Hz_22multiversx_sc_scenario3api7impl_vh12vm_hooks_api10VMHooksApiNtNtBR_9debug_api15DebugApiBackendEENtCs3PHWH7HeLh7_13common_events16EndpointWrappers4callCskYdO4DRD1qK_5tests
FN:7,_RNvYINtCs8Lb4KiqJtUJ_14liquidity_pool11ContractObjINtNtNtNtCshVdzbi6N1Hz_22multiversx_sc_scenario3api7impl_vh12vm_hooks_api10VMHooksApiNtNtBR_9debug_api15DebugApiBackendEENtCs3PHWH7HeLh7_13common_events16EndpointWrappers8callbackCskYdO4DRD1qK_5tests
FNDA:0,_RNvXINICsipELJfpj6CS_13common_events0pEpNtB5_12EventsModule26create_market_params_eventB5_
FNDA:0,_RNvXINICsipELJfpj6CS_13common_events0pEpNtB5_12EventsModule19market_params_eventB5_
FNDA:0,_RNvXINICsipELJfpj6CS_13common_events0pEpNtB5_12EventsModule25update_market_state_eventB5_
FNDA:0,_RNvXINICsipELJfpj6CS_13common_events0pEpNtB5_12EventsModule21update_position_eventB5_
FNDA:0,_RNvXINICsipELJfpj6CS_13common_events0pEpNtB5_12EventsModule25update_debt_ceiling_eventB5_
FNDA:0,_RNvXINICsipELJfpj6CS_13common_events0pEpNtB5_12EventsModule25update_asset_config_eventB5_
FNDA:0,_RNvXINICsipELJfpj6CS_13common_events0pEpNtB5_12EventsModule28update_e_mode_category_eventB5_
FNDA:0,_RNvXINICsipELJfpj6CS_13common_events0pEpNtB5_12EventsModule25update_e_mode_asset_eventB5_
FNDA:0,_RNvYpNtCsipELJfpj6CS_13common_events16EndpointWrappers4callB5_
FNDA:0,_RNvYpNtCsipELJfpj6CS_13common_events16EndpointWrappers17callback_selectorB5_
FNDA:0,_RNvYpNtCsipELJfpj6CS_13common_events16EndpointWrappers8callbackB5_
FNDA:0,_RNvXs1_CsipELJfpj6CS_13common_eventsNtB5_11AbiProviderNtNtNtCs42MSoZVSe6Q_13multiversx_sc13contract_base21contract_abi_provider19ContractAbiProvider3abi
FNDA:0,_RNvXINICsipELJfpj6CS_13common_eventss5_0pEINtB5_11ContractObjpENtNtNtCs42MSoZVSe6Q_13multiversx_sc13contract_base17callable_contract16CallableContract4callB5_
FNDA:0,_RINvCsipELJfpj6CS_13common_events12contract_objpEB2_
FNDA:0,_RINvXs6_CsipELJfpj6CS_13common_eventsNtB6_15ContractBuilderNtNtNtCs42MSoZVSe6Q_13multiversx_sc13contract_base17callable_contract23CallableContractBuilder16new_contract_objpEB6_
FNDA:11,_RNvXCs3PHWH7HeLh7_13common_eventsINtCs9Xd16vCLxYs_12lending_pool11ContractObjINtNtNtNtCshVdzbi6N1Hz_22multiversx_sc_scenario3api7impl_vh12vm_hooks_api10VMHooksApiNtNtB1i_9debug_api15DebugApiBackendEENtB2_12EventsModule21update_position_eventCskYdO4DRD1qK_5tests
FNDA:0,_RNvXCs3PHWH7HeLh7_13common_eventsINtCs9Xd16vCLxYs_12lending_pool11ContractObjINtNtNtNtCshVdzbi6N1Hz_22multiversx_sc_scenario3api7impl_vh12vm_hooks_api10VMHooksApiNtNtB1i_9debug_api15DebugApiBackendEENtB2_12EventsModule25update_asset_config_eventCskYdO4DRD1qK_5tests
FNDA:0,_RNvXCs3PHWH7HeLh7_13common_eventsINtCs9Xd16vCLxYs_12lending_pool11ContractObjINtNtNtNtCshVdzbi6N1Hz_22multiversx_sc_scenario3api7impl_vh12vm_hooks_api10VMHooksApiNtNtB1i_9debug_api15DebugApiBackendEENtB2_12EventsModule25update_debt_ceiling_eventCskYdO4DRD1qK_5tests
FNDA:0,_RNvXCs3PHWH7HeLh7_13common_eventsINtCs9Xd16vCLxYs_12lending_pool11ContractObjINtNtNtNtCshVdzbi6N1Hz_22multiversx_sc_scenario3api7impl_vh12vm_hooks_api10VMHooksApiNtNtB1i_9debug_api15DebugApiBackendEENtB2_12EventsModule25update_e_mode_asset_eventCskYdO4DRD1qK_5tests
FNDA:15,_RNvXCs3PHWH7HeLh7_13common_eventsINtCs9Xd16vCLxYs_12lending_pool11ContractObjINtNtNtNtCshVdzbi6N1Hz_22multiversx_sc_scenario3api7impl_vh12vm_hooks_api10VMHooksApiNtNtB1i_9debug_api15DebugApiBackendEENtB2_12EventsModule26create_market_params_eventCskYdO4DRD1qK_5tests
FNDA:0,_RNvXCs3PHWH7HeLh7_13common_eventsINtCs9Xd16vCLxYs_12lending_pool11ContractObjINtNtNtNtCshVdzbi6N1Hz_22multiversx_sc_scenario3api7impl_vh12vm_hooks_api10VMHooksApiNtNtB1i_9debug_api15DebugApiBackendEENtB2_12EventsModule28update_e_mode_category_eventCskYdO4DRD1qK_5tests
FNDA:0,_RNvYINtCs9Xd16vCLxYs_12lending_pool11ContractObjINtNtNtNtCshVdzbi6N1Hz_22multiversx_sc_scenario3api7impl_vh12vm_hooks_api10VMHooksApiNtNtBP_9debug_api15DebugApiBackendEENtCs3PHWH7HeLh7_13common_events16EndpointWrappers17callback_selectorCskYdO4DRD1qK_5tests
FNDA:65,_RNvYINtCs9Xd16vCLxYs_12lending_pool11ContractObjINtNtNtNtCshVdzbi6N1Hz_22multiversx_sc_scenario3api7impl_vh12vm_hooks_api10VMHooksApiNtNtBP_9debug_api15DebugApiBackendEENtCs3PHWH7HeLh7_13common_events16EndpointWrappers4callCskYdO4DRD1qK_5tests
FNDA:0,_RNvYINtCs9Xd16vCLxYs_12lending_pool11ContractObjINtNtNtNtCshVdzbi6N1Hz_22multiversx_sc_scenario3api7impl_vh12vm_hooks_api10VMHooksApiNtNtBP_9debug_api15DebugApiBackendEENtCs3PHWH7HeLh7_13common_events16EndpointWrappers8callbackCskYdO4DRD1qK_5tests
FNDA:0,_RNvXCs3PHWH7HeLh7_13common_eventsINtCs8Lb4KiqJtUJ_14liquidity_pool11ContractObjINtNtNtNtCshVdzbi6N1Hz_22multiversx_sc_scenario3api7impl_vh12vm_hooks_api10VMHooksApiNtNtB1k_9debug_api15DebugApiBackendEENtB2_12EventsModule19market_params_eventCskYdO4DRD1qK_5tests
FNDA:66,_RNvXCs3PHWH7HeLh7_13common_eventsINtCs8Lb4KiqJtUJ_14liquidity_pool11ContractObjINtNtNtNtCshVdzbi6N1Hz_22multiversx_sc_scenario3api7impl_vh12vm_hooks_api10VMHooksApiNtNtB1k_9debug_api15DebugApiBackendEENtB2_12EventsModule21update_position_eventCskYdO4DRD1qK_5tests
FNDA:11,_RNvXCs3PHWH7HeLh7_13common_eventsINtCs8Lb4KiqJtUJ_14liquidity_pool11ContractObjINtNtNtNtCshVdzbi6N1Hz_22multiversx_sc_scenario3api7impl_vh12vm_hooks_api10VMHooksApiNtNtB1k_9debug_api15DebugApiBackendEENtB2_12EventsModule25update_market_state_eventCskYdO4DRD1qK_5tests
FNDA:0,_RNvYINtCs8Lb4KiqJtUJ_14liquidity_pool11ContractObjINtNtNtNtCshVdzbi6N1Hz_22multiversx_sc_scenario3api7impl_vh12vm_hooks_api10VMHooksApiNtNtBR_9debug_api15DebugApiBackendEENtCs3PHWH7HeLh7_13common_events16EndpointWrappers17callback_selectorCskYdO4DRD1qK_5tests
FNDA:76,_RNvYINtCs8Lb4KiqJtUJ_14liquidity_pool11ContractObjINtNtNtNtCshVdzbi6N1Hz_22multiversx_sc_scenario3api7impl_vh12vm_hooks_api10VMHooksApiNtNtBR_9debug_api15DebugApiBackendEENtCs3PHWH7HeLh7_13common_events16EndpointWrappers4callCskYdO4DRD1qK_5tests
FNDA:0,_RNvYINtCs8Lb4KiqJtUJ_14liquidity_pool11ContractObjINtNtNtNtCshVdzbi6N1Hz_22multiversx_sc_scenario3api7impl_vh12vm_hooks_api10VMHooksApiNtNtBR_9debug_api15DebugApiBackendEENtCs3PHWH7HeLh7_13common_events16EndpointWrappers8callbackCskYdO4DRD1qK_5tests
FNF:1
FNH:1
DA:7,141
BRF:0
BRH:0
LF:1
LH:1
end_of_record
SF:/Users/mihaieremia/GitHub/rs-lending/common/structs/src/model.rs
FN:11,_RINvXINICscc7zTfnX8JX_14common_structss18_0pEINtB6_10PoolParamspENtNtNtCsaJvka5KiulT_19multiversx_sc_codec6single6top_en9TopEncode24top_encode_or_handle_errppEB6_
FN:11,_RINvXINICscc7zTfnX8JX_14common_structss19_0pEINtB6_10PoolParamspENtNtNtCsaJvka5KiulT_19multiversx_sc_codec6single6top_de9TopDecode24top_decode_or_handle_errppEB6_
FN:11,_RNvXINICscc7zTfnX8JX_14common_structss1c_0pEINtB5_10PoolParamspENtNtNtCs42MSoZVSe6Q_13multiversx_sc3abi8type_abi7TypeAbi9type_nameB5_
FN:11,_RINvXINICscc7zTfnX8JX_14common_structss1c_0pEINtB6_10PoolParamspENtNtNtCs42MSoZVSe6Q_13multiversx_sc3abi8type_abi7TypeAbi25provide_type_descriptionspEB6_
FN:21,_RINvXs10_Cscc7zTfnX8JX_14common_structsNtB7_21UpdateAssetParamsTypeNtNtNtCsaJvka5KiulT_19multiversx_sc_codec6single9nested_en12NestedEncode24dep_encode_or_handle_errppEB7_
FN:21,_RINvXs11_Cscc7zTfnX8JX_14common_structsNtB7_21UpdateAssetParamsTypeNtNtNtCsaJvka5KiulT_19multiversx_sc_codec6single9nested_de12NestedDecode24dep_decode_or_handle_errppEB7_
FN:21,_RINvXs12_Cscc7zTfnX8JX_14common_structsNtB7_21UpdateAssetParamsTypeNtNtNtCsaJvka5KiulT_19multiversx_sc_codec6single6top_en9TopEncode24top_encode_or_handle_errppEB7_
FN:21,_RINvXs13_Cscc7zTfnX8JX_14common_structsNtB7_21UpdateAssetParamsTypeNtNtNtCsaJvka5KiulT_19multiversx_sc_codec6single6top_de9TopDecode24top_decode_or_handle_errppEB7_
FN:21,_RNvXs16_Cscc7zTfnX8JX_14common_structsNtB6_21UpdateAssetParamsTypeNtNtNtCs42MSoZVSe6Q_13multiversx_sc3abi8type_abi7TypeAbi9type_name
FN:21,_RINvXs16_Cscc7zTfnX8JX_14common_structsNtB7_21UpdateAssetParamsTypeNtNtNtCs42MSoZVSe6Q_13multiversx_sc3abi8type_abi7TypeAbi25provide_type_descriptionspEB7_
FN:29,_RINvXsR_Cscc7zTfnX8JX_14common_structsNtB6_19AccountPositionTypeNtNtNtNtNtCs42MSoZVSe6Q_13multiversx_sc5types7managed7wrapped16managed_vec_item14ManagedVecItem16from_byte_readerpEB6_
FN:29,_RINvXsR_Cscc7zTfnX8JX_14common_structsNtB6_19AccountPositionTypeNtNtNtNtNtCs42MSoZVSe6Q_13multiversx_sc5types7managed7wrapped16managed_vec_item14ManagedVecItem26from_byte_reader_as_borrowpEB6_
FN:29,_RINvXsR_Cscc7zTfnX8JX_14common_structsNtB6_19AccountPositionTypeNtNtNtNtNtCs42MSoZVSe6Q_13multiversx_sc5types7managed7wrapped16managed_vec_item14ManagedVecItem16into_byte_writerppEB6_
FN:29,_RINvXsS_Cscc7zTfnX8JX_14common_structsNtB6_19AccountPositionTypeNtNtNtCsaJvka5KiulT_19multiversx_sc_codec6single9nested_en12NestedEncode24dep_encode_or_handle_errppEB6_
FN:29,_RINvXsT_Cscc7zTfnX8JX_14common_structsNtB6_19AccountPositionTypeNtNtNtCsaJvka5KiulT_19multiversx_sc_codec6single9nested_de12NestedDecode24dep_decode_or_handle_errppEB6_
FN:29,_RINvXsU_Cscc7zTfnX8JX_14common_structsNtB6_19AccountPositionTypeNtNtNtCsaJvka5KiulT_19multiversx_sc_codec6single6top_en9TopEncode24top_encode_or_handle_errppEB6_
FN:29,_RINvXsV_Cscc7zTfnX8JX_14common_structsNtB6_19AccountPositionTypeNtNtNtCsaJvka5KiulT_19multiversx_sc_codec6single6top_de9TopDecode24top_decode_or_handle_errppEB6_
FN:29,_RNvXsY_Cscc7zTfnX8JX_14common_structsNtB5_19AccountPositionTypeNtNtNtCs42MSoZVSe6Q_13multiversx_sc3abi8type_abi7TypeAbi9type_name
FN:29,_RINvXsY_Cscc7zTfnX8JX_14common_structsNtB6_19AccountPositionTypeNtNtNtCs42MSoZVSe6Q_13multiversx_sc3abi8type_abi7TypeAbi25provide_type_descriptionspEB6_
FN:36,_RINvXINICscc7zTfnX8JX_14common_structssI_0pEINtB6_15AccountPositionpENtNtNtNtNtCs42MSoZVSe6Q_13multiversx_sc5types7managed7wrapped16managed_vec_item14ManagedVecItem16from_byte_readerpEB6_
FN:36,_RNCINvXINICscc7zTfnX8JX_14common_structssI_0pEINtB8_15AccountPositionpENtNtNtNtNtCs42MSoZVSe6Q_13multiversx_sc5types7managed7wrapped16managed_vec_item14ManagedVecItem16from_byte_readerpE0B8_
FN:36,_RNCINvXINICscc7zTfnX8JX_14common_structssI_0pEINtB8_15AccountPositionpENtNtNtNtNtCs42MSoZVSe6Q_13multiversx_sc5types7managed7wrapped16managed_vec_item14ManagedVecItem16from_byte_readerpEs_0B8_
FN:36,_RNCINvXINICscc7zTfnX8JX_14common_structssI_0pEINtB8_15AccountPositionpENtNtNtNtNtCs42MSoZVSe6Q_13multiversx_sc5types7managed7wrapped16managed_vec_item14ManagedVecItem16from_byte_readerpEs0_0B8_
FN:36,_RNCINvXINICscc7zTfnX8JX_14common_structssI_0pEINtB8_15AccountPositionpENtNtNtNtNtCs42MSoZVSe6Q_13multiversx_sc5types7managed7wrapped16managed_vec_item14ManagedVecItem16from_byte_readerpEs1_0B8_
FN:36,_RNCINvXINICscc7zTfnX8JX_14common_structssI_0pEINtB8_15AccountPositionpENtNtNtNtNtCs42MSoZVSe6Q_13multiversx_sc5types7managed7wrapped16managed_vec_item14ManagedVecItem16from_byte_readerpEs2_0B8_
FN:36,_RNCINvXINICscc7zTfnX8JX_14common_structssI_0pEINtB8_15AccountPositionpENtNtNtNtNtCs42MSoZVSe6Q_13multiversx_sc5types7managed7wrapped16managed_vec_item14ManagedVecItem16from_byte_readerpEs3_0B8_
FN:36,_RNCINvXINICscc7zTfnX8JX_14common_structssI_0pEINtB8_15AccountPositionpENtNtNtNtNtCs42MSoZVSe6Q_13multiversx_sc5types7managed7wrapped16managed_vec_item14ManagedVecItem16from_byte_readerpEs4_0B8_
FN:36,_RNCINvXINICscc7zTfnX8JX_14common_structssI_0pEINtB8_15AccountPositionpENtNtNtNtNtCs42MSoZVSe6Q_13multiversx_sc5types7managed7wrapped16managed_vec_item14ManagedVecItem16from_byte_readerpEs5_0B8_
FN:36,_RNCINvXINICscc7zTfnX8JX_14common_structssI_0pEINtB8_15AccountPositionpENtNtNtNtNtCs42MSoZVSe6Q_13multiversx_sc5types7managed7wrapped16managed_vec_item14ManagedVecItem16from_byte_readerpEs6_0B8_
FN:36,_RNCINvXINICscc7zTfnX8JX_14common_structssI_0pEINtB8_15AccountPositionpENtNtNtNtNtCs42MSoZVSe6Q_13multiversx_sc5types7managed7wrapped16managed_vec_item14ManagedVecItem16from_byte_readerpEs7_0B8_
FN:36,_RINvXINICscc7zTfnX8JX_14common_structssI_0pEINtB6_15AccountPositionpENtNtNtNtNtCs42MSoZVSe6Q_13multiversx_sc5types7managed7wrapped16managed_vec_item14ManagedVecItem26from_byte_reader_as_borrowpEB6_
FN:36,_RINvXINICscc7zTfnX8JX_14common_structssI_0pEINtB6_15AccountPositionpENtNtNtNtNtCs42MSoZVSe6Q_13multiversx_sc5types7managed7wrapped16managed_vec_item14ManagedVecItem16into_byte_writerppEB6_
FN:36,_RNCINvXINICscc7zTfnX8JX_14common_structssI_0pEINtB8_15AccountPositionpENtNtNtNtNtCs42MSoZVSe6Q_13multiversx_sc5types7managed7wrapped16managed_vec_item14ManagedVecItem16into_byte_writerppE0B8_
FN:36,_RNCINvXINICscc7zTfnX8JX_14common_structssI_0pEINtB8_15AccountPositionpENtNtNtNtNtCs42MSoZVSe6Q_13multiversx_sc5types7managed7wrapped16managed_vec_item14ManagedVecItem16into_byte_writerppEs_0B8_
FN:36,_RNCINvXINICscc7zTfnX8JX_14common_structssI_0pEINtB8_15AccountPositionpENtNtNtNtNtCs42MSoZVSe6Q_13multiversx_sc5types7managed7wrapped16managed_vec_item14ManagedVecItem16into_byte_writerppEs0_0B8_
FN:36,_RNCINvXINICscc7zTfnX8JX_14common_structssI_0pEINtB8_15AccountPositionpENtNtNtNtNtCs42MSoZVSe6Q_13multiversx_sc5types7managed7wrapped16managed_vec_item14ManagedVecItem16into_byte_writerppEs1_0B8_
FN:36,_RNCINvXINICscc7zTfnX8JX_14common_structssI_0pEINtB8_15AccountPositionpENtNtNtNtNtCs42MSoZVSe6Q_13multiversx_sc5types7managed7wrapped16managed_vec_item14ManagedVecItem16into_byte_writerppEs2_0B8_
FN:36,_RNCINvXINICscc7zTfnX8JX_14common_structssI_0pEINtB8_15AccountPositionpENtNtNtNtNtCs42MSoZVSe6Q_13multiversx_sc5types7managed7wrapped16managed_vec_item14ManagedVecItem16into_byte_writerppEs3_0B8_
FN:36,_RNCINvXINICscc7zTfnX8JX_14common_structssI_0pEINtB8_15AccountPositionpENtNtNtNtNtCs42MSoZVSe6Q_13multiversx_sc5types7managed7wrapped16managed_vec_item14ManagedVecItem16into_byte_writerppEs4_0B8_
FN:36,_RNCINvXINICscc7zTfnX8JX_14common_structssI_0pEINtB8_15AccountPositionpENtNtNtNtNtCs42MSoZVSe6Q_13multiversx_sc5types7managed7wrapped16managed_vec_item14ManagedVecItem16into_byte_writerppEs5_0B8_
FN:36,_RNCINvXINICscc7zTfnX8JX_14common_structssI_0pEINtB8_15AccountPositionpENtNtNtNtNtCs42MSoZVSe6Q_13multiversx_sc5types7managed7wrapped16managed_vec_item14ManagedVecItem16into_byte_writerppEs6_0B8_
FN:36,_RNCINvXINICscc7zTfnX8JX_14common_structssI_0pEINtB8_15AccountPositionpENtNtNtNtNtCs42MSoZVSe6Q_13multiversx_sc5types7managed7wrapped16managed_vec_item14ManagedVecItem16into_byte_writerppEs7_0B8_
FN:36,_RINvXINICscc7zTfnX8JX_14common_structssJ_0pEINtB6_15AccountPositionpENtNtNtCsaJvka5KiulT_19multiversx_sc_codec6single9nested_en12NestedEncode24dep_encode_or_handle_errppEB6_
FN:36,_RINvXINICscc7zTfnX8JX_14common_structssK_0pEINtB6_15AccountPositionpENtNtNtCsaJvka5KiulT_19multiversx_sc_codec6single9nested_de12NestedDecode24dep_decode_or_handle_errppEB6_
FN:36,_RINvXINICscc7zTfnX8JX_14common_structssL_0pEINtB6_15AccountPositionpENtNtNtCsaJvka5KiulT_19multiversx_sc_codec6single6top_en9TopEncode24top_encode_or_handle_errppEB6_
FN:36,_RINvXINICscc7zTfnX8JX_14common_structssM_0pEINtB6_15AccountPositionpENtNtNtCsaJvka5KiulT_19multiversx_sc_codec6single6top_de9TopDecode24top_decode_or_handle_errppEB6_
FN:36,_RNvXINICscc7zTfnX8JX_14common_structssP_0pEINtB5_15AccountPositionpENtNtNtCs42MSoZVSe6Q_13multiversx_sc3abi8type_abi7TypeAbi9type_nameB5_
FN:36,_RINvXINICscc7zTfnX8JX_14common_structssP_0pEINtB6_15AccountPositionpENtNtNtCs42MSoZVSe6Q_13multiversx_sc3abi8type_abi7TypeAbi25provide_type_descriptionspEB6_
FN:52,_RNvMCscc7zTfnX8JX_14common_structsINtB2_15AccountPositionpE3newB2_
FN:79,_RINvXINICscc7zTfnX8JX_14common_structssA_0pEINtB6_11AssetConfigpENtNtNtNtNtCs42MSoZVSe6Q_13multiversx_sc5types7managed7wrapped16managed_vec_item14ManagedVecItem16from_byte_readerpEB6_
FN:79,_RNCINvXINICscc7zTfnX8JX_14common_structssA_0pEINtB8_11AssetConfigpENtNtNtNtNtCs42MSoZVSe6Q_13multiversx_sc5types7managed7wrapped16managed_vec_item14ManagedVecItem16from_byte_readerpE0B8_
FN:79,_RNCINvXINICscc7zTfnX8JX_14common_structssA_0pEINtB8_11AssetConfigpENtNtNtNtNtCs42MSoZVSe6Q_13multiversx_sc5types7managed7wrapped16managed_vec_item14ManagedVecItem16from_byte_readerpEs_0B8_
FN:79,_RNCINvXINICscc7zTfnX8JX_14common_structssA_0pEINtB8_11AssetConfigpENtNtNtNtNtCs42MSoZVSe6Q_13multiversx_sc5types7managed7wrapped16managed_vec_item14ManagedVecItem16from_byte_readerpEs0_0B8_
FN:79,_RNCINvXINICscc7zTfnX8JX_14common_structssA_0pEINtB8_11AssetConfigpENtNtNtNtNtCs42MSoZVSe6Q_13multiversx_sc5types7managed7wrapped16managed_vec_item14ManagedVecItem16from_byte_readerpEs1_0B8_
FN:79,_RNCINvXINICscc7zTfnX8JX_14common_structssA_0pEINtB8_11AssetConfigpENtNtNtNtNtCs42MSoZVSe6Q_13multiversx_sc5types7managed7wrapped16managed_vec_item14ManagedVecItem16from_byte_readerpEs2_0B8_
FN:79,_RNCINvXINICscc7zTfnX8JX_14common_structssA_0pEINtB8_11AssetConfigpENtNtNtNtNtCs42MSoZVSe6Q_13multiversx_sc5types7managed7wrapped16managed_vec_item14ManagedVecItem16from_byte_readerpEs3_0B8_
FN:79,_RNCINvXINICscc7zTfnX8JX_14common_structssA_0pEINtB8_11AssetConfigpENtNtNtNtNtCs42MSoZVSe6Q_13multiversx_sc5types7managed7wrapped16managed_vec_item14ManagedVecItem16from_byte_readerpEs4_0B8_
FN:79,_RNCINvXINICscc7zTfnX8JX_14common_structssA_0pEINtB8_11AssetConfigpENtNtNtNtNtCs42MSoZVSe6Q_13multiversx_sc5types7managed7wrapped16managed_vec_item14ManagedVecItem16from_byte_readerpEs5_0B8_
FN:79,_RNCINvXINICscc7zTfnX8JX_14common_structssA_0pEINtB8_11AssetConfigpENtNtNtNtNtCs42MSoZVSe6Q_13multiversx_sc5types7managed7wrapped16managed_vec_item14ManagedVecItem16from_byte_readerpEs6_0B8_
FN:79,_RNCINvXINICscc7zTfnX8JX_14common_structssA_0pEINtB8_11AssetConfigpENtNtNtNtNtCs42MSoZVSe6Q_13multiversx_sc5types7managed7wrapped16managed_vec_item14ManagedVecItem16from_byte_readerpEs7_0B8_
FN:79,_RNCINvXINICscc7zTfnX8JX_14common_structssA_0pEINtB8_11AssetConfigpENtNtNtNtNtCs42MSoZVSe6Q_13multiversx_sc5types7managed7wrapped16managed_vec_item14ManagedVecItem16from_byte_readerpEs8_0B8_
FN:79,_RNCINvXINICscc7zTfnX8JX_14common_structssA_0pEINtB8_11AssetConfigpENtNtNtNtNtCs42MSoZVSe6Q_13multiversx_sc5types7managed7wrapped16managed_vec_item14ManagedVecItem16from_byte_readerpEs9_0B8_
FN:79,_RNCINvXINICscc7zTfnX8JX_14common_structssA_0pEINtB8_11AssetConfigpENtNtNtNtNtCs42MSoZVSe6Q_13multiversx_sc5types7managed7wrapped16managed_vec_item14ManagedVecItem16from_byte_readerpEsa_0B8_
FN:79,_RNCINvXINICscc7zTfnX8JX_14common_structssA_0pEINtB8_11AssetConfigpENtNtNtNtNtCs42MSoZVSe6Q_13multiversx_sc5types7managed7wrapped16managed_vec_item14ManagedVecItem16from_byte_readerpEsb_0B8_
FN:79,_RNCINvXINICscc7zTfnX8JX_14common_structssA_0pEINtB8_11AssetConfigpENtNtNtNtNtCs42MSoZVSe6Q_13multiversx_sc5types7managed7wrapped16managed_vec_item14ManagedVecItem16from_byte_readerpEsc_0B8_
FN:79,_RINvXINICscc7zTfnX8JX_14common_structssA_0pEINtB6_11AssetConfigpENtNtNtNtNtCs42MSoZVSe6Q_13multiversx_sc5types7managed7wrapped16managed_vec_item14ManagedVecItem26from_byte_reader_as_borrowpEB6_
FN:79,_RINvXINICscc7zTfnX8JX_14common_structssA_0pEINtB6_11AssetConfigpENtNtNtNtNtCs42MSoZVSe6Q_13multiversx_sc5types7managed7wrapped16managed_vec_item14ManagedVecItem16into_byte_writerppEB6_
FN:79,_RNCINvXINICscc7zTfnX8JX_14common_structssA_0pEINtB8_11AssetConfigpENtNtNtNtNtCs42MSoZVSe6Q_13multiversx_sc5types7managed7wrapped16managed_vec_item14ManagedVecItem16into_byte_writerppE0B8_
FN:79,_RNCINvXINICscc7zTfnX8JX_14common_structssA_0pEINtB8_11AssetConfigpENtNtNtNtNtCs42MSoZVSe6Q_13multiversx_sc5types7managed7wrapped16managed_vec_item14ManagedVecItem16into_byte_writerppEs_0B8_
FN:79,_RNCINvXINICscc7zTfnX8JX_14common_structssA_0pEINtB8_11AssetConfigpENtNtNtNtNtCs42MSoZVSe6Q_13multiversx_sc5types7managed7wrapped16managed_vec_item14ManagedVecItem16into_byte_writerppEs0_0B8_
FN:79,_RNCINvXINICscc7zTfnX8JX_14common_structssA_0pEINtB8_11AssetConfigpENtNtNtNtNtCs42MSoZVSe6Q_13multiversx_sc5types7managed7wrapped16managed_vec_item14ManagedVecItem16into_byte_writerppEs1_0B8_
FN:79,_RNCINvXINICscc7zTfnX8JX_14common_structssA_0pEINtB8_11AssetConfigpENtNtNtNtNtCs42MSoZVSe6Q_13multiversx_sc5types7managed7wrapped16managed_vec_item14ManagedVecItem16into_byte_writerppEs2_0B8_
FN:79,_RNCINvXINICscc7zTfnX8JX_14common_structssA_0pEINtB8_11AssetConfigpENtNtNtNtNtCs42MSoZVSe6Q_13multiversx_sc5types7managed7wrapped16managed_vec_item14ManagedVecItem16into_byte_writerppEs3_0B8_
FN:79,_RNCINvXINICscc7zTfnX8JX_14common_structssA_0pEINtB8_11AssetConfigpENtNtNtNtNtCs42MSoZVSe6Q_13multiversx_sc5types7managed7wrapped16managed_vec_item14ManagedVecItem16into_byte_writerppEs4_0B8_
FN:79,_RNCINvXINICscc7zTfnX8JX_14common_structssA_0pEINtB8_11AssetConfigpENtNtNtNtNtCs42MSoZVSe6Q_13multiversx_sc5types7managed7wrapped16managed_vec_item14ManagedVecItem16into_byte_writerppEs5_0B8_
FN:79,_RNCINvXINICscc7zTfnX8JX_14common_structssA_0pEINtB8_11AssetConfigpENtNtNtNtNtCs42MSoZVSe6Q_13multiversx_sc5types7managed7wrapped16managed_vec_item14ManagedVecItem16into_byte_writerppEs6_0B8_
FN:79,_RNCINvXINICscc7zTfnX8JX_14common_structssA_0pEINtB8_11AssetConfigpENtNtNtNtNtCs42MSoZVSe6Q_13multiversx_sc5types7managed7wrapped16managed_vec_item14ManagedVecItem16into_byte_writerppEs7_0B8_
FN:79,_RNCINvXINICscc7zTfnX8JX_14common_structssA_0pEINtB8_11AssetConfigpENtNtNtNtNtCs42MSoZVSe6Q_13multiversx_sc5types7managed7wrapped16managed_vec_item14ManagedVecItem16into_byte_writerppEs8_0B8_
FN:79,_RNCINvXINICscc7zTfnX8JX_14common_structssA_0pEINtB8_11AssetConfigpENtNtNtNtNtCs42MSoZVSe6Q_13multiversx_sc5types7managed7wrapped16managed_vec_item14ManagedVecItem16into_byte_writerppEs9_0B8_
FN:79,_RNCINvXINICscc7zTfnX8JX_14common_structssA_0pEINtB8_11AssetConfigpENtNtNtNtNtCs42MSoZVSe6Q_13multiversx_sc5types7managed7wrapped16managed_vec_item14ManagedVecItem16into_byte_writerppEsa_0B8_
FN:79,_RNCINvXINICscc7zTfnX8JX_14common_structssA_0pEINtB8_11AssetConfigpENtNtNtNtNtCs42MSoZVSe6Q_13multiversx_sc5types7managed7wrapped16managed_vec_item14ManagedVecItem16into_byte_writerppEsb_0B8_
FN:79,_RNCINvXINICscc7zTfnX8JX_14common_structssA_0pEINtB8_11AssetConfigpENtNtNtNtNtCs42MSoZVSe6Q_13multiversx_sc5types7managed7wrapped16managed_vec_item14ManagedVecItem16into_byte_writerppEsc_0B8_
FN:79,_RNvXINICscc7zTfnX8JX_14common_structssD_0pEINtB5_11AssetConfigpENtNtNtCs42MSoZVSe6Q_13multiversx_sc3abi8type_abi7TypeAbi9type_nameB5_
FN:79,_RINvXINICscc7zTfnX8JX_14common_structssD_0pEINtB6_11AssetConfigpENtNtNtCs42MSoZVSe6Q_13multiversx_sc3abi8type_abi7TypeAbi25provide_type_descriptionspEB6_
FN:79,_RINvXINICscc7zTfnX8JX_14common_structssE_0pEINtB6_11AssetConfigpENtNtNtCsaJvka5KiulT_19multiversx_sc_codec6single6top_en9TopEncode24top_encode_or_handle_errppEB6_
FN:79,_RINvXINICscc7zTfnX8JX_14common_structssF_0pEINtB6_11AssetConfigpENtNtNtCsaJvka5KiulT_19multiversx_sc_codec6single6top_de9TopDecode24top_decode_or_handle_errppEB6_
FN:79,_RINvXINICscc7zTfnX8JX_14common_structssG_0pEINtB6_11AssetConfigpENtNtNtCsaJvka5KiulT_19multiversx_sc_codec6single9nested_en12NestedEncode24dep_encode_or_handle_errppEB6_
FN:79,_RINvXINICscc7zTfnX8JX_14common_structssH_0pEINtB6_11AssetConfigpENtNtNtCsaJvka5KiulT_19multiversx_sc_codec6single9nested_de12NestedDecode24dep_decode_or_handle_errppEB6_
FN:113,_RINvXINICscc7zTfnX8JX_14common_structsss_0pEINtB6_13EModeCategorypENtNtNtNtNtCs42MSoZVSe6Q_13multiversx_sc5types7managed7wrapped16managed_vec_item14ManagedVecItem16from_byte_readerpEB6_
FN:113,_RNCINvXINICscc7zTfnX8JX_14common_structsss_0pEINtB8_13EModeCategorypENtNtNtNtNtCs42MSoZVSe6Q_13multiversx_sc5types7managed7wrapped16managed_vec_item14ManagedVecItem16from_byte_readerpE0B8_
FN:113,_RNCINvXINICscc7zTfnX8JX_14common_structsss_0pEINtB8_13EModeCategorypENtNtNtNtNtCs42MSoZVSe6Q_13multiversx_sc5types7managed7wrapped16managed_vec_item14ManagedVecItem16from_byte_readerpEs_0B8_
FN:113,_RNCINvXINICscc7zTfnX8JX_14common_structsss_0pEINtB8_13EModeCategorypENtNtNtNtNtCs42MSoZVSe6Q_13multiversx_sc5types7managed7wrapped16managed_vec_item14ManagedVecItem16from_byte_readerpEs0_0B8_
FN:113,_RNCINvXINICscc7zTfnX8JX_14common_structsss_0pEINtB8_13EModeCategorypENtNtNtNtNtCs42MSoZVSe6Q_13multiversx_sc5types7managed7wrapped16managed_vec_item14ManagedVecItem16from_byte_readerpEs1_0B8_
FN:113,_RINvXINICscc7zTfnX8JX_14common_structsss_0pEINtB6_13EModeCategorypENtNtNtNtNtCs42MSoZVSe6Q_13multiversx_sc5types7managed7wrapped16managed_vec_item14ManagedVecItem26from_byte_reader_as_borrowpEB6_
FN:113,_RINvXINICscc7zTfnX8JX_14common_structsss_0pEINtB6_13EModeCategorypENtNtNtNtNtCs42MSoZVSe6Q_13multiversx_sc5types7managed7wrapped16managed_vec_item14ManagedVecItem16into_byte_writerppEB6_
FN:113,_RNCINvXINICscc7zTfnX8JX_14common_structsss_0pEINtB8_13EModeCategorypENtNtNtNtNtCs42MSoZVSe6Q_13multiversx_sc5types7managed7wrapped16managed_vec_item14ManagedVecItem16into_byte_writerppE0B8_
FN:113,_RNCINvXINICscc7zTfnX8JX_14common_structsss_0pEINtB8_13EModeCategorypENtNtNtNtNtCs42MSoZVSe6Q_13multiversx_sc5types7managed7wrapped16managed_vec_item14ManagedVecItem16into_byte_writerppEs_0B8_
FN:113,_RNCINvXINICscc7zTfnX8JX_14common_structsss_0pEINtB8_13EModeCategorypENtNtNtNtNtCs42MSoZVSe6Q_13multiversx_sc5types7managed7wrapped16managed_vec_item14ManagedVecItem16into_byte_writerppEs0_0B8_
FN:113,_RNCINvXINICscc7zTfnX8JX_14common_structsss_0pEINtB8_13EModeCategorypENtNtNtNtNtCs42MSoZVSe6Q_13multiversx_sc5types7managed7wrapped16managed_vec_item14ManagedVecItem16into_byte_writerppEs1_0B8_
FN:113,_RNvXINICscc7zTfnX8JX_14common_structssv_0pEINtB5_13EModeCategorypENtNtNtCs42MSoZVSe6Q_13multiversx_sc3abi8type_abi7TypeAbi9type_nameB5_
FN:113,_RINvXINICscc7zTfnX8JX_14common_structssv_0pEINtB6_13EModeCategorypENtNtNtCs42MSoZVSe6Q_13multiversx_sc3abi8type_abi7TypeAbi25provide_type_descriptionspEB6_
FN:113,_RINvXINICscc7zTfnX8JX_14common_structssw_0pEINtB6_13EModeCategorypENtNtNtCsaJvka5KiulT_19multiversx_sc_codec6single6top_en9TopEncode24top_encode_or_handle_errppEB6_
FN:113,_RINvXINICscc7zTfnX8JX_14common_structssx_0pEINtB6_13EModeCategorypENtNtNtCsaJvka5KiulT_19multiversx_sc_codec6single6top_de9TopDecode24top_decode_or_handle_errppEB6_
FN:113,_RINvXINICscc7zTfnX8JX_14common_structssy_0pEINtB6_13EModeCategorypENtNtNtCsaJvka5KiulT_19multiversx_sc_codec6single9nested_en12NestedEncode24dep_encode_or_handle_errppEB6_
FN:113,_RINvXINICscc7zTfnX8JX_14common_structssz_0pEINtB6_13EModeCategorypENtNtNtCsaJvka5KiulT_19multiversx_sc_codec6single9nested_de12NestedDecode24dep_decode_or_handle_errppEB6_
FN:121,_RINvXsk_Cscc7zTfnX8JX_14common_structsNtB6_16EModeAssetConfigNtNtNtNtNtCs42MSoZVSe6Q_13multiversx_sc5types7managed7wrapped16managed_vec_item14ManagedVecItem16from_byte_readerpEB6_
FN:121,_RNCINvXsk_Cscc7zTfnX8JX_14common_structsNtB8_16EModeAssetConfigNtNtNtNtNtCs42MSoZVSe6Q_13multiversx_sc5types7managed7wrapped16managed_vec_item14ManagedVecItem16from_byte_readerpE0B8_
FN:121,_RNCINvXsk_Cscc7zTfnX8JX_14common_structsNtB8_16EModeAssetConfigNtNtNtNtNtCs42MSoZVSe6Q_13multiversx_sc5types7managed7wrapped16managed_vec_item14ManagedVecItem16from_byte_readerpEs_0B8_
FN:121,_RINvXsk_Cscc7zTfnX8JX_14common_structsNtB6_16EModeAssetConfigNtNtNtNtNtCs42MSoZVSe6Q_13multiversx_sc5types7managed7wrapped16managed_vec_item14ManagedVecItem26from_byte_reader_as_borrowpEB6_
FN:121,_RINvXsk_Cscc7zTfnX8JX_14common_structsNtB6_16EModeAssetConfigNtNtNtNtNtCs42MSoZVSe6Q_13multiversx_sc5types7managed7wrapped16managed_vec_item14ManagedVecItem16into_byte_writerppEB6_
FN:121,_RNCINvXsk_Cscc7zTfnX8JX_14common_structsNtB8_16EModeAssetConfigNtNtNtNtNtCs42MSoZVSe6Q_13multiversx_sc5types7managed7wrapped16managed_vec_item14ManagedVecItem16into_byte_writerppE0B8_
FN:121,_RNCINvXsk_Cscc7zTfnX8JX_14common_structsNtB8_16EModeAssetConfigNtNtNtNtNtCs42MSoZVSe6Q_13multiversx_sc5types7managed7wrapped16managed_vec_item14ManagedVecItem16into_byte_writerppEs_0B8_
FN:121,_RNvXsn_Cscc7zTfnX8JX_14common_structsNtB5_16EModeAssetConfigNtNtNtCs42MSoZVSe6Q_13multiversx_sc3abi8type_abi7TypeAbi9type_name
FN:121,_RINvXsn_Cscc7zTfnX8JX_14common_structsNtB6_16EModeAssetConfigNtNtNtCs42MSoZVSe6Q_13multiversx_sc3abi8type_abi7TypeAbi25provide_type_descriptionspEB6_
FN:121,_RINvXso_Cscc7zTfnX8JX_14common_structsNtB6_16EModeAssetConfigNtNtNtCsaJvka5KiulT_19multiversx_sc_codec6single6top_en9TopEncode24top_encode_or_handle_errppEB6_
FN:121,_RINvXsp_Cscc7zTfnX8JX_14common_structsNtB6_16EModeAssetConfigNtNtNtCsaJvka5KiulT_19multiversx_sc_codec6single6top_de9TopDecode24top_decode_or_handle_errppEB6_
FN:121,_RINvXsq_Cscc7zTfnX8JX_14common_structsNtB6_16EModeAssetConfigNtNtNtCsaJvka5KiulT_19multiversx_sc_codec6single9nested_en12NestedEncode24dep_encode_or_handle_errppEB6_
FN:121,_RINvXsr_Cscc7zTfnX8JX_14common_structsNtB6_16EModeAssetConfigNtNtNtCsaJvka5KiulT_19multiversx_sc_codec6single9nested_de12NestedDecode24dep_decode_or_handle_errppEB6_
FN:127,_RINvXsc_Cscc7zTfnX8JX_14common_structsNtB6_20NftAccountAttributesNtNtNtCsaJvka5KiulT_19multiversx_sc_codec6single9nested_en12NestedEncode24dep_encode_or_handle_errppEB6_
FN:127,_RINvXsd_Cscc7zTfnX8JX_14common_structsNtB6_20NftAccountAttributesNtNtNtCsaJvka5KiulT_19multiversx_sc_codec6single9nested_de12NestedDecode24dep_decode_or_handle_errppEB6_
FN:127,_RINvXse_Cscc7zTfnX8JX_14common_structsNtB6_20NftAccountAttributesNtNtNtCsaJvka5KiulT_19multiversx_sc_codec6single6top_en9TopEncode24top_encode_or_handle_errppEB6_
FN:127,_RINvXsf_Cscc7zTfnX8JX_14common_structsNtB6_20NftAccountAttributesNtNtNtCsaJvka5KiulT_19multiversx_sc_codec6single6top_de9TopDecode24top_decode_or_handle_errppEB6_
FN:127,_RNvXsi_Cscc7zTfnX8JX_14common_structsNtB5_20NftAccountAttributesNtNtNtCs42MSoZVSe6Q_13multiversx_sc3abi8type_abi7TypeAbi9type_name
FN:127,_RINvXsi_Cscc7zTfnX8JX_14common_structsNtB6_20NftAccountAttributesNtNtNtCs42MSoZVSe6Q_13multiversx_sc3abi8type_abi7TypeAbi25provide_type_descriptionspEB6_
FN:134,_RINvXINICscc7zTfnX8JX_14common_structss_0pEINtB6_25EgldOrEsdtTokenPaymentNewpENtNtNtNtNtCs42MSoZVSe6Q_13multiversx_sc5types7managed7wrapped16managed_vec_item14ManagedVecItem16from_byte_readerpEB6_
FN:134,_RNCINvXINICscc7zTfnX8JX_14common_structss_0pEINtB8_25EgldOrEsdtTokenPaymentNewpENtNtNtNtNtCs42MSoZVSe6Q_13multiversx_sc5types7managed7wrapped16managed_vec_item14ManagedVecItem16from_byte_readerpE0B8_
FN:134,_RNCINvXINICscc7zTfnX8JX_14common_structss_0pEINtB8_25EgldOrEsdtTokenPaymentNewpENtNtNtNtNtCs42MSoZVSe6Q_13multiversx_sc5types7managed7wrapped16managed_vec_item14ManagedVecItem16from_byte_readerpEs_0B8_
FN:134,_RNCINvXINICscc7zTfnX8JX_14common_structss_0pEINtB8_25EgldOrEsdtTokenPaymentNewpENtNtNtNtNtCs42MSoZVSe6Q_13multiversx_sc5types7managed7wrapped16managed_vec_item14ManagedVecItem16from_byte_readerpEs0_0B8_
FN:134,_RINvXINICscc7zTfnX8JX_14common_structss_0pEINtB6_25EgldOrEsdtTokenPaymentNewpENtNtNtNtNtCs42MSoZVSe6Q_13multiversx_sc5types7managed7wrapped16managed_vec_item14ManagedVecItem26from_byte_reader_as_borrowpEB6_
FN:134,_RINvXINICscc7zTfnX8JX_14common_structss_0pEINtB6_25EgldOrEsdtTokenPaymentNewpENtNtNtNtNtCs42MSoZVSe6Q_13multiversx_sc5types7managed7wrapped16managed_vec_item14ManagedVecItem16into_byte_writerppEB6_
FN:134,_RNCINvXINICscc7zTfnX8JX_14common_structss_0pEINtB8_25EgldOrEsdtTokenPaymentNewpENtNtNtNtNtCs42MSoZVSe6Q_13multiversx_sc5types7managed7wrapped16managed_vec_item14ManagedVecItem16into_byte_writerppE0B8_
FN:134,_RNCINvXINICscc7zTfnX8JX_14common_structss_0pEINtB8_25EgldOrEsdtTokenPaymentNewpENtNtNtNtNtCs42MSoZVSe6Q_13multiversx_sc5types7managed7wrapped16managed_vec_item14ManagedVecItem16into_byte_writerppEs_0B8_
FN:134,_RNCINvXINICscc7zTfnX8JX_14common_structss_0pEINtB8_25EgldOrEsdtTokenPaymentNewpENtNtNtNtNtCs42MSoZVSe6Q_13multiversx_sc5types7managed7wrapped16managed_vec_item14ManagedVecItem16into_byte_writerppEs0_0B8_
FN:134,_RINvXINICscc7zTfnX8JX_14common_structss0_0pEINtB6_25EgldOrEsdtTokenPaymentNewpENtNtNtCsaJvka5KiulT_19multiversx_sc_codec6single6top_de9TopDecode24top_decode_or_handle_errppEB6_
FN:134,_RINvXINICscc7zTfnX8JX_14common_structss1_0pEINtB6_25EgldOrEsdtTokenPaymentNewpENtNtNtCsaJvka5KiulT_19multiversx_sc_codec6single6top_en9TopEncode24top_encode_or_handle_errppEB6_
FN:134,_RINvXINICscc7zTfnX8JX_14common_structss2_0pEINtB6_25EgldOrEsdtTokenPaymentNewpENtNtNtCsaJvka5KiulT_19multiversx_sc_codec6single9nested_de12NestedDecode24dep_decode_or_handle_errppEB6_
FN:134,_RINvXINICscc7zTfnX8JX_14common_structss3_0pEINtB6_25EgldOrEsdtTokenPaymentNewpENtNtNtCsaJvka5KiulT_19multiversx_sc_codec6single9nested_en12NestedEncode24dep_encode_or_handle_errppEB6_
FN:134,_RNvXINICscc7zTfnX8JX_14common_structss6_0pEINtB5_25EgldOrEsdtTokenPaymentNewpENtNtNtCs42MSoZVSe6Q_13multiversx_sc3abi8type_abi7TypeAbi9type_nameB5_
FN:134,_RINvXINICscc7zTfnX8JX_14common_structss6_0pEINtB6_25EgldOrEsdtTokenPaymentNewpENtNtNtCs42MSoZVSe6Q_13multiversx_sc3abi8type_abi7TypeAbi25provide_type_descriptionspEB6_
FN:11,_RINvXs18_CscQvnUOLyoLK_14common_structsINtB7_10PoolParamsINtNtNtNtCshVdzbi6N1Hz_22multiversx_sc_scenario3api7impl_vh12vm_hooks_api10VMHooksApiNtNtBY_9debug_api15DebugApiBackendEENtNtNtCsaJvka5KiulT_19multiversx_sc_codec6single6top_en9TopEncode24top_encode_or_handle_errINtNtNtCs42MSoZVSe6Q_13multiversx_sc2io6finish16ApiOutputAdapterBT_EINtNtNtNtB4q_13contract_base8wrappers10serializer21ExitCodecErrorHandlerBT_EECskYdO4DRD1qK_5tests
FN:11,_RINvXs18_CscQvnUOLyoLK_14common_structsINtB7_10PoolParamsINtNtNtNtCshVdzbi6N1Hz_22multiversx_sc_scenario3api7impl_vh12vm_hooks_api10VMHooksApiNtNtBY_9debug_api15DebugApiBackendEENtNtNtCsaJvka5KiulT_19multiversx_sc_codec6single6top_en9TopEncode24top_encode_or_handle_errINtNtNtCs42MSoZVSe6Q_13multiversx_sc7storage11storage_set16StorageSetOutputBT_EINtNtNtNtB4q_13contract_base8wrappers10serializer21ExitCodecErrorHandlerBT_EECskYdO4DRD1qK_5tests
FN:11,_RINvXs19_CscQvnUOLyoLK_14common_structsINtB7_10PoolParamsINtNtNtNtCshVdzbi6N1Hz_22multiversx_sc_scenario3api7impl_vh12vm_hooks_api10VMHooksApiNtNtBY_9debug_api15DebugApiBackendEENtNtNtCsaJvka5KiulT_19multiversx_sc_codec6single6top_de9TopDecode24top_decode_or_handle_errINtNtNtCs42MSoZVSe6Q_13multiversx_sc7storage11storage_get15StorageGetInputBT_EINtB4m_22StorageGetErrorHandlerBT_EECskYdO4DRD1qK_5tests
FN:79,_RINvXsE_CscQvnUOLyoLK_14common_structsINtB6_11AssetConfigINtNtNtNtCshVdzbi6N1Hz_22multiversx_sc_scenario3api7impl_vh12vm_hooks_api10VMHooksApiNtNtBY_10static_api16StaticApiBackendEENtNtNtCsaJvka5KiulT_19multiversx_sc_codec6single6top_en9TopEncode24top_encode_or_handle_errQINtNtNtNtNtCs42MSoZVSe6Q_13multiversx_sc5types7managed5basic14managed_buffer13ManagedBufferBT_EINtNtNtNtB4y_13contract_base8wrappers10serializer21ExitCodecErrorHandlerBT_EECskYdO4DRD1qK_5tests
FN:79,_RINvXsE_CscQvnUOLyoLK_14common_structsINtB6_11AssetConfigINtNtNtNtCshVdzbi6N1Hz_22multiversx_sc_scenario3api7impl_vh12vm_hooks_api10VMHooksApiNtNtBY_9debug_api15DebugApiBackendEENtNtNtCsaJvka5KiulT_19multiversx_sc_codec6single6top_en9TopEncode24top_encode_or_handle_errINtNtNtCs42MSoZVSe6Q_13multiversx_sc2io6finish16ApiOutputAdapterBT_EINtNtNtNtB4q_13contract_base8wrappers10serializer21ExitCodecErrorHandlerBT_EECskYdO4DRD1qK_5tests
FN:79,_RINvXsE_CscQvnUOLyoLK_14common_structsINtB6_11AssetConfigINtNtNtNtCshVdzbi6N1Hz_22multiversx_sc_scenario3api7impl_vh12vm_hooks_api10VMHooksApiNtNtBY_9debug_api15DebugApiBackendEENtNtNtCsaJvka5KiulT_19multiversx_sc_codec6single6top_en9TopEncode24top_encode_or_handle_errINtNtNtCs42MSoZVSe6Q_13multiversx_sc7storage11storage_set16StorageSetOutputBT_EINtNtNtNtB4q_13contract_base8wrappers10serializer21ExitCodecErrorHandlerBT_EECskYdO4DRD1qK_5tests
FN:79,_RINvXsE_CscQvnUOLyoLK_14common_structsINtB6_11AssetConfigINtNtNtNtCshVdzbi6N1Hz_22multiversx_sc_scenario3api7impl_vh12vm_hooks_api10VMHooksApiNtNtBY_9debug_api15DebugApiBackendEENtNtNtCsaJvka5KiulT_19multiversx_sc_codec6single6top_en9TopEncode24top_encode_or_handle_errQINtNtNtNtNtCs42MSoZVSe6Q_13multiversx_sc5types7managed5basic14managed_buffer13ManagedBufferBT_EINtNtNtNtB4v_13contract_base8wrappers10serializer21ExitCodecErrorHandlerBT_EECskYdO4DRD1qK_5tests
FN:79,_RINvXsF_CscQvnUOLyoLK_14common_structsINtB6_11AssetConfigINtNtNtNtCshVdzbi6N1Hz_22multiversx_sc_scenario3api7impl_vh12vm_hooks_api10VMHooksApiNtNtBY_9debug_api15DebugApiBackendEENtNtNtCsaJvka5KiulT_19multiversx_sc_codec6single6top_de9TopDecode24top_decode_or_handle_errINtNtNtCs42MSoZVSe6Q_13multiversx_sc2io12arg_de_input14ArgDecodeInputBT_EINtNtB4o_17arg_error_handler15ArgErrorHandlerBT_EECskYdO4DRD1qK_5tests
FN:79,_RINvXsF_CscQvnUOLyoLK_14common_structsINtB6_11AssetConfigINtNtNtNtCshVdzbi6N1Hz_22multiversx_sc_scenario3api7impl_vh12vm_hooks_api10VMHooksApiNtNtBY_9debug_api15DebugApiBackendEENtNtNtCsaJvka5KiulT_19multiversx_sc_codec6single6top_de9TopDecode24top_decode_or_handle_errINtNtNtCs42MSoZVSe6Q_13multiversx_sc7storage11storage_get15StorageGetInputBT_EINtB4m_22StorageGetErrorHandlerBT_EECskYdO4DRD1qK_5tests
FN:36,_RINvXsI_CscQvnUOLyoLK_14common_structsINtB6_15AccountPositionINtNtNtNtCshVdzbi6N1Hz_22multiversx_sc_scenario3api7impl_vh12vm_hooks_api10VMHooksApiNtNtB12_9debug_api15DebugApiBackendEENtNtNtNtNtCs42MSoZVSe6Q_13multiversx_sc5types7managed7wrapped16managed_vec_item14ManagedVecItem16from_byte_readerNCNvMs2_NtB2Z_11managed_vecINtB4S_10ManagedVecBX_BA_E7try_get0ECskYdO4DRD1qK_5tests
FN:36,_RINvXsI_CscQvnUOLyoLK_14common_structsINtB6_15AccountPositionINtNtNtNtCshVdzbi6N1Hz_22multiversx_sc_scenario3api7impl_vh12vm_hooks_api10VMHooksApiNtNtB12_9debug_api15DebugApiBackendEENtNtNtNtNtCs42MSoZVSe6Q_13multiversx_sc5types7managed7wrapped16managed_vec_item14ManagedVecItem16from_byte_readerNCNvXs0_NtB2Z_22managed_vec_owned_iterINtB4S_23ManagedVecOwnedIteratorBX_BA_ENtNtNtNtCslGS7pEIChKc_4core4iter6traits8iterator8Iterator4next0ECskYdO4DRD1qK_5tests
FN:36,_RINvXsI_CscQvnUOLyoLK_14common_structsINtB6_15AccountPositionINtNtNtNtCshVdzbi6N1Hz_22multiversx_sc_scenario3api7impl_vh12vm_hooks_api10VMHooksApiNtNtB12_9debug_api15DebugApiBackendEENtNtNtNtNtCs42MSoZVSe6Q_13multiversx_sc5types7managed7wrapped16managed_vec_item14ManagedVecItem16into_byte_writeruNCNvMs2_NtB2Z_11managed_vecINtB4T_10ManagedVecBX_BA_E4push0ECskYdO4DRD1qK_5tests
FN:36,_RINvXsI_CscQvnUOLyoLK_14common_structsINtB6_15AccountPositionINtNtNtNtCshVdzbi6N1Hz_22multiversx_sc_scenario3api7impl_vh12vm_hooks_api10VMHooksApiNtNtB12_9debug_api15DebugApiBackendEENtNtNtNtNtCs42MSoZVSe6Q_13multiversx_sc5types7managed7wrapped16managed_vec_item14ManagedVecItem26from_byte_reader_as_borrowNCNvMs2_NtB2Z_11managed_vecINtB52_10ManagedVecBX_BA_E7try_get0ECskYdO4DRD1qK_5tests
FN:36,_RINvXsJ_CscQvnUOLyoLK_14common_structsINtB6_15AccountPositionINtNtNtNtCshVdzbi6N1Hz_22multiversx_sc_scenario3api7impl_vh12vm_hooks_api10VMHooksApiNtNtB12_9debug_api15DebugApiBackendEENtNtNtCsaJvka5KiulT_19multiversx_sc_codec6single9nested_en12NestedEncode24dep_encode_or_handle_errINtNtNtNtNtNtCs42MSoZVSe6Q_13multiversx_sc5types7managed7wrapped7builder22managed_buffer_builder20ManagedBufferBuilderBX_EINtNtNtNtB4I_13contract_base8wrappers10serializer21ExitCodecErrorHandlerBX_EECskYdO4DRD1qK_5tests
FN:36,_RINvXsL_CscQvnUOLyoLK_14common_structsINtB6_15AccountPositionINtNtNtNtCshVdzbi6N1Hz_22multiversx_sc_scenario3api7impl_vh12vm_hooks_api10VMHooksApiNtNtB12_9debug_api15DebugApiBackendEENtNtNtCsaJvka5KiulT_19multiversx_sc_codec6single6top_en9TopEncode24top_encode_or_handle_errINtNtNtCs42MSoZVSe6Q_13multiversx_sc2io6finish16ApiOutputAdapterBX_EINtNtNtNtB4v_13contract_base8wrappers10serializer21ExitCodecErrorHandlerBX_EECskYdO4DRD1qK_5tests
FN:36,_RINvXsL_CscQvnUOLyoLK_14common_structsINtB6_15AccountPositionINtNtNtNtCshVdzbi6N1Hz_22multiversx_sc_scenario3api7impl_vh12vm_hooks_api10VMHooksApiNtNtB12_9debug_api15DebugApiBackendEENtNtNtCsaJvka5KiulT_19multiversx_sc_codec6single6top_en9TopEncode24top_encode_or_handle_errINtNtNtCs42MSoZVSe6Q_13multiversx_sc7storage11storage_set16StorageSetOutputBX_EINtNtNtNtB4v_13contract_base8wrappers10serializer21ExitCodecErrorHandlerBX_EECskYdO4DRD1qK_5tests
FN:36,_RINvXsL_CscQvnUOLyoLK_14common_structsINtB6_15AccountPositionINtNtNtNtCshVdzbi6N1Hz_22multiversx_sc_scenario3api7impl_vh12vm_hooks_api10VMHooksApiNtNtB12_9debug_api15DebugApiBackendEENtNtNtCsaJvka5KiulT_19multiversx_sc_codec6single6top_en9TopEncode24top_encode_or_handle_errQINtNtNtNtNtCs42MSoZVSe6Q_13multiversx_sc5types7managed5basic14managed_buffer13ManagedBufferBX_EINtNtNtNtB4A_13contract_base8wrappers10serializer21ExitCodecErrorHandlerBX_EECskYdO4DRD1qK_5tests
FN:36,_RINvXsM_CscQvnUOLyoLK_14common_structsINtB6_15AccountPositionINtNtNtNtCshVdzbi6N1Hz_22multiversx_sc_scenario3api7impl_vh12vm_hooks_api10VMHooksApiNtNtB12_9debug_api15DebugApiBackendEENtNtNtCsaJvka5KiulT_19multiversx_sc_codec6single6top_de9TopDecode24top_decode_or_handle_errINtNtNtCs42MSoZVSe6Q_13multiversx_sc2io12arg_de_input14ArgDecodeInputBX_EINtNtB4t_17arg_error_handler15ArgErrorHandlerBX_EECskYdO4DRD1qK_5tests
FN:36,_RINvXsM_CscQvnUOLyoLK_14common_structsINtB6_15AccountPositionINtNtNtNtCshVdzbi6N1Hz_22multiversx_sc_scenario3api7impl_vh12vm_hooks_api10VMHooksApiNtNtB12_9debug_api15DebugApiBackendEENtNtNtCsaJvka5KiulT_19multiversx_sc_codec6single6top_de9TopDecode24top_decode_or_handle_errINtNtNtCs42MSoZVSe6Q_13multiversx_sc7storage11storage_get15StorageGetInputBX_EINtB4r_22StorageGetErrorHandlerBX_EECskYdO4DRD1qK_5tests
FN:36,_RINvXsM_CscQvnUOLyoLK_14common_structsINtB6_15AccountPositionINtNtNtNtCshVdzbi6N1Hz_22multiversx_sc_scenario3api7impl_vh12vm_hooks_api10VMHooksApiNtNtB12_9debug_api15DebugApiBackendEENtNtNtCsaJvka5KiulT_19multiversx_sc_codec6single6top_de9TopDecode24top_decode_or_handle_errINtNtNtNtNtCs42MSoZVSe6Q_13multiversx_sc5types7managed5basic14managed_buffer13ManagedBufferBX_EINtNtNtB4z_2io17arg_error_handler15ArgErrorHandlerBX_EECskYdO4DRD1qK_5tests
FN:29,_RINvXsR_CscQvnUOLyoLK_14common_structsNtB6_19AccountPositionTypeNtNtNtNtNtCs42MSoZVSe6Q_13multiversx_sc5types7managed7wrapped16managed_vec_item14ManagedVecItem16from_byte_readerNCINvXsI_B6_INtB6_15AccountPositionINtNtNtNtCshVdzbi6N1Hz_22multiversx_sc_scenario3api7impl_vh12vm_hooks_api10VMHooksApiNtNtB3t_9debug_api15DebugApiBackendEEB10_16from_byte_readerNCNvMs2_NtB14_11managed_vecINtB5Q_10ManagedVecB3o_B31_E7try_get0E0ECskYdO4DRD1qK_5tests
FN:29,_RINvXsR_CscQvnUOLyoLK_14common_structsNtB6_19AccountPositionTypeNtNtNtNtNtCs42MSoZVSe6Q_13multiversx_sc5types7managed7wrapped16managed_vec_item14ManagedVecItem16from_byte_readerNCINvXsI_B6_INtB6_15AccountPositionINtNtNtNtCshVdzbi6N1Hz_22multiversx_sc_scenario3api7impl_vh12vm_hooks_api10VMHooksApiNtNtB3t_9debug_api15DebugApiBackendEEB10_16from_byte_readerNCNvXs0_NtB14_22managed_vec_owned_iterINtB5Q_23ManagedVecOwnedIteratorB3o_B31_ENtNtNtNtCslGS7pEIChKc_4core4iter6traits8iterator8Iterator4next0E0ECskYdO4DRD1qK_5tests
FN:29,_RINvXsR_CscQvnUOLyoLK_14common_structsNtB6_19AccountPositionTypeNtNtNtNtNtCs42MSoZVSe6Q_13multiversx_sc5types7managed7wrapped16managed_vec_item14ManagedVecItem16into_byte_writeruNCINvXsI_B6_INtB6_15AccountPositionINtNtNtNtCshVdzbi6N1Hz_22multiversx_sc_scenario3api7impl_vh12vm_hooks_api10VMHooksApiNtNtB3u_9debug_api15DebugApiBackendEEB10_16into_byte_writeruNCNvMs2_NtB14_11managed_vecINtB5S_10ManagedVecB3p_B32_E4push0E0ECskYdO4DRD1qK_5tests
FN:29,_RINvXsS_CscQvnUOLyoLK_14common_structsNtB6_19AccountPositionTypeNtNtNtCsaJvka5KiulT_19multiversx_sc_codec6single9nested_en12NestedEncode24dep_encode_or_handle_errINtNtNtNtNtCs42MSoZVSe6Q_13multiversx_sc5types7managed5basic14managed_buffer13ManagedBufferINtNtNtNtCshVdzbi6N1Hz_22multiversx_sc_scenario3api7impl_vh12vm_hooks_api10VMHooksApiNtNtB48_9debug_api15DebugApiBackendEEINtNtNtNtB2L_13contract_base8wrappers10serializer21ExitCodecErrorHandlerB43_EECskYdO4DRD1qK_5tests
FN:29,_RINvXsS_CscQvnUOLyoLK_14common_structsNtB6_19AccountPositionTypeNtNtNtCsaJvka5KiulT_19multiversx_sc_codec6single9nested_en12NestedEncode24dep_encode_or_handle_errINtNtNtNtNtNtCs42MSoZVSe6Q_13multiversx_sc5types7managed7wrapped7builder22managed_buffer_builder20ManagedBufferBuilderINtNtNtNtCshVdzbi6N1Hz_22multiversx_sc_scenario3api7impl_vh12vm_hooks_api10VMHooksApiNtNtB4z_9debug_api15DebugApiBackendEEINtNtNtNtB2N_13contract_base8wrappers10serializer21ExitCodecErrorHandlerB4u_EECskYdO4DRD1qK_5tests
FN:29,_RINvXsT_CscQvnUOLyoLK_14common_structsNtB6_19AccountPositionTypeNtNtNtCsaJvka5KiulT_19multiversx_sc_codec6single9nested_de12NestedDecode24dep_decode_or_handle_errINtNtNtNtNtCs42MSoZVSe6Q_13multiversx_sc5types7managed10codec_util30managed_buffer_nested_de_input30ManagedBufferNestedDecodeInputINtNtNtNtCshVdzbi6N1Hz_22multiversx_sc_scenario3api7impl_vh12vm_hooks_api10VMHooksApiNtNtB4L_9debug_api15DebugApiBackendEEINtNtNtB2L_2io17arg_error_handler15ArgErrorHandlerB4G_EECskYdO4DRD1qK_5tests
FN:29,_RINvXsT_CscQvnUOLyoLK_14common_structsNtB6_19AccountPositionTypeNtNtNtCsaJvka5KiulT_19multiversx_sc_codec6single9nested_de12NestedDecode24dep_decode_or_handle_errINtNtNtNtNtCs42MSoZVSe6Q_13multiversx_sc5types7managed10codec_util30managed_buffer_nested_de_input30ManagedBufferNestedDecodeInputINtNtNtNtCshVdzbi6N1Hz_22multiversx_sc_scenario3api7impl_vh12vm_hooks_api10VMHooksApiNtNtB4L_9debug_api15DebugApiBackendEEINtNtNtB2L_7storage11storage_get22StorageGetErrorHandlerB4G_EECskYdO4DRD1qK_5tests
FN:134,_RINvXs_CscQvnUOLyoLK_14common_structsINtB5_25EgldOrEsdtTokenPaymentNewINtNtNtNtCshVdzbi6N1Hz_22multiversx_sc_scenario3api7impl_vh12vm_hooks_api10VMHooksApiNtNtB1b_9debug_api15DebugApiBackendEENtNtNtNtNtCs42MSoZVSe6Q_13multiversx_sc5types7managed7wrapped16managed_vec_item14ManagedVecItem16from_byte_readerNCNvMs2_NtB38_11managed_vecINtB51_10ManagedVecB16_Bz_E7try_get0ECskYdO4DRD1qK_5tests
FN:134,_RINvXs_CscQvnUOLyoLK_14common_structsINtB5_25EgldOrEsdtTokenPaymentNewINtNtNtNtCshVdzbi6N1Hz_22multiversx_sc_scenario3api7impl_vh12vm_hooks_api10VMHooksApiNtNtB1b_9debug_api15DebugApiBackendEENtNtNtNtNtCs42MSoZVSe6Q_13multiversx_sc5types7managed7wrapped16managed_vec_item14ManagedVecItem16into_byte_writeruNCNvMs2_NtB38_11managed_vecINtB52_10ManagedVecB16_Bz_E4push0ECskYdO4DRD1qK_5tests
FN:134,_RINvXs_CscQvnUOLyoLK_14common_structsINtB5_25EgldOrEsdtTokenPaymentNewINtNtNtNtCshVdzbi6N1Hz_22multiversx_sc_scenario3api7impl_vh12vm_hooks_api10VMHooksApiNtNtB1b_9debug_api15DebugApiBackendEENtNtNtNtNtCs42MSoZVSe6Q_13multiversx_sc5types7managed7wrapped16managed_vec_item14ManagedVecItem26from_byte_reader_as_borrowNCNvMs2_NtB38_11managed_vecINtB5b_10ManagedVecB16_Bz_E7try_get0ECskYdO4DRD1qK_5tests
FN:127,_RINvXsc_CscQvnUOLyoLK_14common_structsNtB6_20NftAccountAttributesNtNtNtCsaJvka5KiulT_19multiversx_sc_codec6single9nested_en12NestedEncode24dep_encode_or_handle_errINtNtNtNtNtCs42MSoZVSe6Q_13multiversx_sc5types7managed5basic14managed_buffer13ManagedBufferINtNtNtNtCshVdzbi6N1Hz_22multiversx_sc_scenario3api7impl_vh12vm_hooks_api10VMHooksApiNtNtB49_9debug_api15DebugApiBackendEEINtNtNtNtB2M_13contract_base8wrappers10serializer21ExitCodecErrorHandlerB44_EECskYdO4DRD1qK_5tests
FN:127,_RINvXse_CscQvnUOLyoLK_14common_structsNtB6_20NftAccountAttributesNtNtNtCsaJvka5KiulT_19multiversx_sc_codec6single6top_en9TopEncode24top_encode_or_handle_errQINtNtNtNtNtCs42MSoZVSe6Q_13multiversx_sc5types7managed5basic14managed_buffer13ManagedBufferINtNtNtNtCshVdzbi6N1Hz_22multiversx_sc_scenario3api7impl_vh12vm_hooks_api10VMHooksApiNtNtB43_9debug_api15DebugApiBackendEEINtNtNtNtB2G_13contract_base8wrappers10serializer21ExitCodecErrorHandlerB3Y_EECskYdO4DRD1qK_5tests
FN:127,_RINvXsf_CscQvnUOLyoLK_14common_structsNtB6_20NftAccountAttributesNtNtNtCsaJvka5KiulT_19multiversx_sc_codec6single6top_de9TopDecode24top_decode_or_handle_errINtNtNtNtNtCs42MSoZVSe6Q_13multiversx_sc5types7managed5basic14managed_buffer13ManagedBufferINtNtNtNtCshVdzbi6N1Hz_22multiversx_sc_scenario3api7impl_vh12vm_hooks_api10VMHooksApiNtNtB42_9debug_api15DebugApiBackendEEINtNtNtNtB2F_13contract_base8wrappers10serializer21ExitCodecErrorHandlerB3X_EECskYdO4DRD1qK_5tests
FN:121,_RINvXso_CscQvnUOLyoLK_14common_structsNtB6_16EModeAssetConfigNtNtNtCsaJvka5KiulT_19multiversx_sc_codec6single6top_en9TopEncode24top_encode_or_handle_errINtNtNtCs42MSoZVSe6Q_13multiversx_sc2io6finish16ApiOutputAdapterINtNtNtNtCshVdzbi6N1Hz_22multiversx_sc_scenario3api7impl_vh12vm_hooks_api10VMHooksApiNtNtB3x_9debug_api15DebugApiBackendEEINtNtNtNtB2x_13contract_base8wrappers10serializer21ExitCodecErrorHandlerB3s_EECskYdO4DRD1qK_5tests
FN:121,_RINvXso_CscQvnUOLyoLK_14common_structsNtB6_16EModeAssetConfigNtNtNtCsaJvka5KiulT_19multiversx_sc_codec6single6top_en9TopEncode24top_encode_or_handle_errINtNtNtCs42MSoZVSe6Q_13multiversx_sc7storage11storage_set16StorageSetOutputINtNtNtNtCshVdzbi6N1Hz_22multiversx_sc_scenario3api7impl_vh12vm_hooks_api10VMHooksApiNtNtB3I_9debug_api15DebugApiBackendEEINtNtNtNtB2x_13contract_base8wrappers10serializer21ExitCodecErrorHandlerB3D_EECskYdO4DRD1qK_5tests
FN:121,_RINvXso_CscQvnUOLyoLK_14common_structsNtB6_16EModeAssetConfigNtNtNtCsaJvka5KiulT_19multiversx_sc_codec6single6top_en9TopEncode24top_encode_or_handle_errQINtNtNtNtNtCs42MSoZVSe6Q_13multiversx_sc5types7managed5basic14managed_buffer13ManagedBufferINtNtNtNtCshVdzbi6N1Hz_22multiversx_sc_scenario3api7impl_vh12vm_hooks_api10VMHooksApiNtNtB3Z_9debug_api15DebugApiBackendEEINtNtNtNtB2C_13contract_base8wrappers10serializer21ExitCodecErrorHandlerB3U_EECskYdO4DRD1qK_5tests
FN:121,_RINvXsp_CscQvnUOLyoLK_14common_structsNtB6_16EModeAssetConfigNtNtNtCsaJvka5KiulT_19multiversx_sc_codec6single6top_de9TopDecode24top_decode_or_handle_errINtNtNtCs42MSoZVSe6Q_13multiversx_sc2io12arg_de_input14ArgDecodeInputINtNtNtNtCshVdzbi6N1Hz_22multiversx_sc_scenario3api7impl_vh12vm_hooks_api10VMHooksApiNtNtB3C_9debug_api15DebugApiBackendEEINtNtB2v_17arg_error_handler15ArgErrorHandlerB3x_EECskYdO4DRD1qK_5tests
FN:121,_RINvXsp_CscQvnUOLyoLK_14common_structsNtB6_16EModeAssetConfigNtNtNtCsaJvka5KiulT_19multiversx_sc_codec6single6top_de9TopDecode24top_decode_or_handle_errINtNtNtCs42MSoZVSe6Q_13multiversx_sc7storage11storage_get15StorageGetInputINtNtNtNtCshVdzbi6N1Hz_22multiversx_sc_scenario3api7impl_vh12vm_hooks_api10VMHooksApiNtNtB3H_9debug_api15DebugApiBackendEEINtB2t_22StorageGetErrorHandlerB3C_EECskYdO4DRD1qK_5tests
FN:113,_RINvXsw_CscQvnUOLyoLK_14common_structsINtB6_13EModeCategoryINtNtNtNtCshVdzbi6N1Hz_22multiversx_sc_scenario3api7impl_vh12vm_hooks_api10VMHooksApiNtNtB10_9debug_api15DebugApiBackendEENtNtNtCsaJvka5KiulT_19multiversx_sc_codec6single6top_en9TopEncode24top_encode_or_handle_errINtNtNtCs42MSoZVSe6Q_13multiversx_sc2io6finish16ApiOutputAdapterBV_EINtNtNtNtB4t_13contract_base8wrappers10serializer21ExitCodecErrorHandlerBV_EECskYdO4DRD1qK_5tests
FN:113,_RINvXsw_CscQvnUOLyoLK_14common_structsINtB6_13EModeCategoryINtNtNtNtCshVdzbi6N1Hz_22multiversx_sc_scenario3api7impl_vh12vm_hooks_api10VMHooksApiNtNtB10_9debug_api15DebugApiBackendEENtNtNtCsaJvka5KiulT_19multiversx_sc_codec6single6top_en9TopEncode24top_encode_or_handle_errINtNtNtCs42MSoZVSe6Q_13multiversx_sc7storage11storage_set16StorageSetOutputBV_EINtNtNtNtB4t_13contract_base8wrappers10serializer21ExitCodecErrorHandlerBV_EECskYdO4DRD1qK_5tests
FN:113,_RINvXsw_CscQvnUOLyoLK_14common_structsINtB6_13EModeCategoryINtNtNtNtCshVdzbi6N1Hz_22multiversx_sc_scenario3api7impl_vh12vm_hooks_api10VMHooksApiNtNtB10_9debug_api15DebugApiBackendEENtNtNtCsaJvka5KiulT_19multiversx_sc_codec6single6top_en9TopEncode24top_encode_or_handle_errQINtNtNtNtNtCs42MSoZVSe6Q_13multiversx_sc5types7managed5basic14managed_buffer13ManagedBufferBV_EINtNtNtNtB4y_13contract_base8wrappers10serializer21ExitCodecErrorHandlerBV_EECskYdO4DRD1qK_5tests
FN:113,_RINvXsx_CscQvnUOLyoLK_14common_structsINtB6_13EModeCategoryINtNtNtNtCshVdzbi6N1Hz_22multiversx_sc_scenario3api7impl_vh12vm_hooks_api10VMHooksApiNtNtB10_9debug_api15DebugApiBackendEENtNtNtCsaJvka5KiulT_19multiversx_sc_codec6single6top_de9TopDecode24top_decode_or_handle_errINtNtNtCs42MSoZVSe6Q_13multiversx_sc2io12arg_de_input14ArgDecodeInputBV_EINtNtB4r_17arg_error_handler15ArgErrorHandlerBV_EECskYdO4DRD1qK_5tests
FN:113,_RINvXsx_CscQvnUOLyoLK_14common_structsINtB6_13EModeCategoryINtNtNtNtCshVdzbi6N1Hz_22multiversx_sc_scenario3api7impl_vh12vm_hooks_api10VMHooksApiNtNtB10_9debug_api15DebugApiBackendEENtNtNtCsaJvka5KiulT_19multiversx_sc_codec6single6top_de9TopDecode24top_decode_or_handle_errINtNtNtCs42MSoZVSe6Q_13multiversx_sc7storage11storage_get15StorageGetInputBV_EINtB4p_22StorageGetErrorHandlerBV_EECskYdO4DRD1qK_5tests
FN:36,_RNCINvXsI_CscQvnUOLyoLK_14common_structsINtB8_15AccountPositionINtNtNtNtCshVdzbi6N1Hz_22multiversx_sc_scenario3api7impl_vh12vm_hooks_api10VMHooksApiNtNtB14_9debug_api15DebugApiBackendEENtNtNtNtNtCs42MSoZVSe6Q_13multiversx_sc5types7managed7wrapped16managed_vec_item14ManagedVecItem16from_byte_readerNCNvMs2_NtB31_11managed_vecINtB4U_10ManagedVecBZ_BC_E7try_get0E0CskYdO4DRD1qK_5tests
FN:36,_RNCINvXsI_CscQvnUOLyoLK_14common_structsINtB8_15AccountPositionINtNtNtNtCshVdzbi6N1Hz_22multiversx_sc_scenario3api7impl_vh12vm_hooks_api10VMHooksApiNtNtB14_9debug_api15DebugApiBackendEENtNtNtNtNtCs42MSoZVSe6Q_13multiversx_sc5types7managed7wrapped16managed_vec_item14ManagedVecItem16from_byte_readerNCNvMs2_NtB31_11managed_vecINtB4U_10ManagedVecBZ_BC_E7try_get0Es0_0CskYdO4DRD1qK_5tests
FN:36,_RNCINvXsI_CscQvnUOLyoLK_14common_structsINtB8_15AccountPositionINtNtNtNtCshVdzbi6N1Hz_22multiversx_sc_scenario3api7impl_vh12vm_hooks_api10VMHooksApiNtNtB14_9debug_api15DebugApiBackendEENtNtNtNtNtCs42MSoZVSe6Q_13multiversx_sc5types7managed7wrapped16managed_vec_item14ManagedVecItem16from_byte_readerNCNvMs2_NtB31_11managed_vecINtB4U_10ManagedVecBZ_BC_E7try_get0Es1_0CskYdO4DRD1qK_5tests
FN:36,_RNCINvXsI_CscQvnUOLyoLK_14common_structsINtB8_15AccountPositionINtNtNtNtCshVdzbi6N1Hz_22multiversx_sc_scenario3api7impl_vh12vm_hooks_api10VMHooksApiNtNtB14_9debug_api15DebugApiBackendEENtNtNtNtNtCs42MSoZVSe6Q_13multiversx_sc5types7managed7wrapped16managed_vec_item14ManagedVecItem16from_byte_readerNCNvMs2_NtB31_11managed_vecINtB4U_10ManagedVecBZ_BC_E7try_get0Es2_0CskYdO4DRD1qK_5tests
FN:36,_RNCINvXsI_CscQvnUOLyoLK_14common_structsINtB8_15AccountPositionINtNtNtNtCshVdzbi6N1Hz_22multiversx_sc_scenario3api7impl_vh12vm_hooks_api10VMHooksApiNtNtB14_9debug_api15DebugApiBackendEENtNtNtNtNtCs42MSoZVSe6Q_13multiversx_sc5types7managed7wrapped16managed_vec_item14ManagedVecItem16from_byte_readerNCNvMs2_NtB31_11managed_vecINtB4U_10ManagedVecBZ_BC_E7try_get0Es3_0CskYdO4DRD1qK_5tests
FN:36,_RNCINvXsI_CscQvnUOLyoLK_14common_structsINtB8_15AccountPositionINtNtNtNtCshVdzbi6N1Hz_22multiversx_sc_scenario3api7impl_vh12vm_hooks_api10VMHooksApiNtNtB14_9debug_api15DebugApiBackendEENtNtNtNtNtCs42MSoZVSe6Q_13multiversx_sc5types7managed7wrapped16managed_vec_item14ManagedVecItem16from_byte_readerNCNvMs2_NtB31_11managed_vecINtB4U_10ManagedVecBZ_BC_E7try_get0Es4_0CskYdO4DRD1qK_5tests
FN:36,_RNCINvXsI_CscQvnUOLyoLK_14common_structsINtB8_15AccountPositionINtNtNtNtCshVdzbi6N1Hz_22multiversx_sc_scenario3api7impl_vh12vm_hooks_api10VMHooksApiNtNtB14_9debug_api15DebugApiBackendEENtNtNtNtNtCs42MSoZVSe6Q_13multiversx_sc5types7managed7wrapped16managed_vec_item14ManagedVecItem16from_byte_readerNCNvMs2_NtB31_11managed_vecINtB4U_10ManagedVecBZ_BC_E7try_get0Es5_0CskYdO4DRD1qK_5tests
FN:36,_RNCINvXsI_CscQvnUOLyoLK_14common_structsINtB8_15AccountPositionINtNtNtNtCshVdzbi6N1Hz_22multiversx_sc_scenario3api7impl_vh12vm_hooks_api10VMHooksApiNtNtB14_9debug_api15DebugApiBackendEENtNtNtNtNtCs42MSoZVSe6Q_13multiversx_sc5types7managed7wrapped16managed_vec_item14ManagedVecItem16from_byte_readerNCNvMs2_NtB31_11managed_vecINtB4U_10ManagedVecBZ_BC_E7try_get0Es6_0CskYdO4DRD1qK_5tests
FN:36,_RNCINvXsI_CscQvnUOLyoLK_14common_structsINtB8_15AccountPositionINtNtNtNtCshVdzbi6N1Hz_22multiversx_sc_scenario3api7impl_vh12vm_hooks_api10VMHooksApiNtNtB14_9debug_api15DebugApiBackendEENtNtNtNtNtCs42MSoZVSe6Q_13multiversx_sc5types7managed7wrapped16managed_vec_item14ManagedVecItem16from_byte_readerNCNvMs2_NtB31_11managed_vecINtB4U_10ManagedVecBZ_BC_E7try_get0Es7_0CskYdO4DRD1qK_5tests
FN:36,_RNCINvXsI_CscQvnUOLyoLK_14common_structsINtB8_15AccountPositionINtNtNtNtCshVdzbi6N1Hz_22multiversx_sc_scenario3api7impl_vh12vm_hooks_api10VMHooksApiNtNtB14_9debug_api15DebugApiBackendEENtNtNtNtNtCs42MSoZVSe6Q_13multiversx_sc5types7managed7wrapped16managed_vec_item14ManagedVecItem16from_byte_readerNCNvMs2_NtB31_11managed_vecINtB4U_10ManagedVecBZ_BC_E7try_get0Es_0CskYdO4DRD1qK_5tests
FN:36,_RNCINvXsI_CscQvnUOLyoLK_14common_structsINtB8_15AccountPositionINtNtNtNtCshVdzbi6N1Hz_22multiversx_sc_scenario3api7impl_vh12vm_hooks_api10VMHooksApiNtNtB14_9debug_api15DebugApiBackendEENtNtNtNtNtCs42MSoZVSe6Q_13multiversx_sc5types7managed7wrapped16managed_vec_item14ManagedVecItem16from_byte_readerNCNvXs0_NtB31_22managed_vec_owned_iterINtB4U_23ManagedVecOwnedIteratorBZ_BC_ENtNtNtNtCslGS7pEIChKc_4core4iter6traits8iterator8Iterator4next0E0CskYdO4DRD1qK_5tests
FN:36,_RNCINvXsI_CscQvnUOLyoLK_14common_structsINtB8_15AccountPositionINtNtNtNtCshVdzbi6N1Hz_22multiversx_sc_scenario3api7impl_vh12vm_hooks_api10VMHooksApiNtNtB14_9debug_api15DebugApiBackendEENtNtNtNtNtCs42MSoZVSe6Q_13multiversx_sc5types7managed7wrapped16managed_vec_item14ManagedVecItem16from_byte_readerNCNvXs0_NtB31_22managed_vec_owned_iterINtB4U_23ManagedVecOwnedIteratorBZ_BC_ENtNtNtNtCslGS7pEIChKc_4core4iter6traits8iterator8Iterator4next0Es0_0CskYdO4DRD1qK_5tests
FN:36,_RNCINvXsI_CscQvnUOLyoLK_14common_structsINtB8_15AccountPositionINtNtNtNtCshVdzbi6N1Hz_22multiversx_sc_scenario3api7impl_vh12vm_hooks_api10VMHooksApiNtNtB14_9debug_api15DebugApiBackendEENtNtNtNtNtCs42MSoZVSe6Q_13multiversx_sc5types7managed7wrapped16managed_vec_item14ManagedVecItem16from_byte_readerNCNvXs0_NtB31_22managed_vec_owned_iterINtB4U_23ManagedVecOwnedIteratorBZ_BC_ENtNtNtNtCslGS7pEIChKc_4core4iter6traits8iterator8Iterator4next0Es1_0CskYdO4DRD1qK_5tests
FN:36,_RNCINvXsI_CscQvnUOLyoLK_14common_structsINtB8_15AccountPositionINtNtNtNtCshVdzbi6N1Hz_22multiversx_sc_scenario3api7impl_vh12vm_hooks_api10VMHooksApiNtNtB14_9debug_api15DebugApiBackendEENtNtNtNtNtCs42MSoZVSe6Q_13multiversx_sc5types7managed7wrapped16managed_vec_item14ManagedVecItem16from_byte_readerNCNvXs0_NtB31_22managed_vec_owned_iterINtB4U_23ManagedVecOwnedIteratorBZ_BC_ENtNtNtNtCslGS7pEIChKc_4core4iter6traits8iterator8Iterator4next0Es2_0CskYdO4DRD1qK_5tests
FN:36,_RNCINvXsI_CscQvnUOLyoLK_14common_structsINtB8_15AccountPositionINtNtNtNtCshVdzbi6N1Hz_22multiversx_sc_scenario3api7impl_vh12vm_hooks_api10VMHooksApiNtNtB14_9debug_api15DebugApiBackendEENtNtNtNtNtCs42MSoZVSe6Q_13multiversx_sc5types7managed7wrapped16managed_vec_item14ManagedVecItem16from_byte_readerNCNvXs0_NtB31_22managed_vec_owned_iterINtB4U_23ManagedVecOwnedIteratorBZ_BC_ENtNtNtNtCslGS7pEIChKc_4core4iter6traits8iterator8Iterator4next0Es3_0CskYdO4DRD1qK_5tests
FN:36,_RNCINvXsI_CscQvnUOLyoLK_14common_structsINtB8_15AccountPositionINtNtNtNtCshVdzbi6N1Hz_22multiversx_sc_scenario3api7impl_vh12vm_hooks_api10VMHooksApiNtNtB14_9debug_api15DebugApiBackendEENtNtNtNtNtCs42MSoZVSe6Q_13multiversx_sc5types7managed7wrapped16managed_vec_item14ManagedVecItem16from_byte_readerNCNvXs0_NtB31_22managed_vec_owned_iterINtB4U_23ManagedVecOwnedIteratorBZ_BC_ENtNtNtNtCslGS7pEIChKc_4core4iter6traits8iterator8Iterator4next0Es4_0CskYdO4DRD1qK_5tests
FN:36,_RNCINvXsI_CscQvnUOLyoLK_14common_structsINtB8_15AccountPositionINtNtNtNtCshVdzbi6N1Hz_22multiversx_sc_scenario3api7impl_vh12vm_hooks_api10VMHooksApiNtNtB14_9debug_api15DebugApiBackendEENtNtNtNtNtCs42MSoZVSe6Q_13multiversx_sc5types7managed7wrapped16managed_vec_item14ManagedVecItem16from_byte_readerNCNvXs0_NtB31_22managed_vec_owned_iterINtB4U_23ManagedVecOwnedIteratorBZ_BC_ENtNtNtNtCslGS7pEIChKc_4core4iter6traits8iterator8Iterator4next0Es5_0CskYdO4DRD1qK_5tests
FN:36,_RNCINvXsI_CscQvnUOLyoLK_14common_structsINtB8_15AccountPositionINtNtNtNtCshVdzbi6N1Hz_22multiversx_sc_scenario3api7impl_vh12vm_hooks_api10VMHooksApiNtNtB14_9debug_api15DebugApiBackendEENtNtNtNtNtCs42MSoZVSe6Q_13multiversx_sc5types7managed7wrapped16managed_vec_item14ManagedVecItem16from_byte_readerNCNvXs0_NtB31_22managed_vec_owned_iterINtB4U_23ManagedVecOwnedIteratorBZ_BC_ENtNtNtNtCslGS7pEIChKc_4core4iter6traits8iterator8Iterator4next0Es6_0CskYdO4DRD1qK_5tests
FN:36,_RNCINvXsI_CscQvnUOLyoLK_14common_structsINtB8_15AccountPositionINtNtNtNtCshVdzbi6N1Hz_22multiversx_sc_scenario3api7impl_vh12vm_hooks_api10VMHooksApiNtNtB14_9debug_api15DebugApiBackendEENtNtNtNtNtCs42MSoZVSe6Q_13multiversx_sc5types7managed7wrapped16managed_vec_item14ManagedVecItem16from_byte_readerNCNvXs0_NtB31_22managed_vec_owned_iterINtB4U_23ManagedVecOwnedIteratorBZ_BC_ENtNtNtNtCslGS7pEIChKc_4core4iter6traits8iterator8Iterator4next0Es7_0CskYdO4DRD1qK_5tests
FN:36,_RNCINvXsI_CscQvnUOLyoLK_14common_structsINtB8_15AccountPositionINtNtNtNtCshVdzbi6N1Hz_22multiversx_sc_scenario3api7impl_vh12vm_hooks_api10VMHooksApiNtNtB14_9debug_api15DebugApiBackendEENtNtNtNtNtCs42MSoZVSe6Q_13multiversx_sc5types7managed7wrapped16managed_vec_item14ManagedVecItem16from_byte_readerNCNvXs0_NtB31_22managed_vec_owned_iterINtB4U_23ManagedVecOwnedIteratorBZ_BC_ENtNtNtNtCslGS7pEIChKc_4core4iter6traits8iterator8Iterator4next0Es_0CskYdO4DRD1qK_5tests
FN:36,_RNCINvXsI_CscQvnUOLyoLK_14common_structsINtB8_15AccountPositionINtNtNtNtCshVdzbi6N1Hz_22multiversx_sc_scenario3api7impl_vh12vm_hooks_api10VMHooksApiNtNtB14_9debug_api15DebugApiBackendEENtNtNtNtNtCs42MSoZVSe6Q_13multiversx_sc5types7managed7wrapped16managed_vec_item14ManagedVecItem16into_byte_writeruNCNvMs2_NtB31_11managed_vecINtB4V_10ManagedVecBZ_BC_E4push0E0CskYdO4DRD1qK_5tests
FN:36,_RNCINvXsI_CscQvnUOLyoLK_14common_structsINtB8_15AccountPositionINtNtNtNtCshVdzbi6N1Hz_22multiversx_sc_scenario3api7impl_vh12vm_hooks_api10VMHooksApiNtNtB14_9debug_api15DebugApiBackendEENtNtNtNtNtCs42MSoZVSe6Q_13multiversx_sc5types7managed7wrapped16managed_vec_item14ManagedVecItem16into_byte_writeruNCNvMs2_NtB31_11managed_vecINtB4V_10ManagedVecBZ_BC_E4push0Es0_0CskYdO4DRD1qK_5tests
FN:36,_RNCINvXsI_CscQvnUOLyoLK_14common_structsINtB8_15AccountPositionINtNtNtNtCshVdzbi6N1Hz_22multiversx_sc_scenario3api7impl_vh12vm_hooks_api10VMHooksApiNtNtB14_9debug_api15DebugApiBackendEENtNtNtNtNtCs42MSoZVSe6Q_13multiversx_sc5types7managed7wrapped16managed_vec_item14ManagedVecItem16into_byte_writeruNCNvMs2_NtB31_11managed_vecINtB4V_10ManagedVecBZ_BC_E4push0Es1_0CskYdO4DRD1qK_5tests
FN:36,_RNCINvXsI_CscQvnUOLyoLK_14common_structsINtB8_15AccountPositionINtNtNtNtCshVdzbi6N1Hz_22multiversx_sc_scenario3api7impl_vh12vm_hooks_api10VMHooksApiNtNtB14_9debug_api15DebugApiBackendEENtNtNtNtNtCs42MSoZVSe6Q_13multiversx_sc5types7managed7wrapped16managed_vec_item14ManagedVecItem16into_byte_writeruNCNvMs2_NtB31_11managed_vecINtB4V_10ManagedVecBZ_BC_E4push0Es2_0CskYdO4DRD1qK_5tests
FN:36,_RNCINvXsI_CscQvnUOLyoLK_14common_structsINtB8_15AccountPositionINtNtNtNtCshVdzbi6N1Hz_22multiversx_sc_scenario3api7impl_vh12vm_hooks_api10VMHooksApiNtNtB14_9debug_api15DebugApiBackendEENtNtNtNtNtCs42MSoZVSe6Q_13multiversx_sc5types7managed7wrapped16managed_vec_item14ManagedVecItem16into_byte_writeruNCNvMs2_NtB31_11managed_vecINtB4V_10ManagedVecBZ_BC_E4push0Es3_0CskYdO4DRD1qK_5tests
FN:36,_RNCINvXsI_CscQvnUOLyoLK_14common_structsINtB8_15AccountPositionINtNtNtNtCshVdzbi6N1Hz_22multiversx_sc_scenario3api7impl_vh12vm_hooks_api10VMHooksApiNtNtB14_9debug_api15DebugApiBackendEENtNtNtNtNtCs42MSoZVSe6Q_13multiversx_sc5types7managed7wrapped16managed_vec_item14ManagedVecItem16into_byte_writeruNCNvMs2_NtB31_11managed_vecINtB4V_10ManagedVecBZ_BC_E4push0Es4_0CskYdO4DRD1qK_5tests
FN:36,_RNCINvXsI_CscQvnUOLyoLK_14common_structsINtB8_15AccountPositionINtNtNtNtCshVdzbi6N1Hz_22multiversx_sc_scenario3api7impl_vh12vm_hooks_api10VMHooksApiNtNtB14_9debug_api15DebugApiBackendEENtNtNtNtNtCs42MSoZVSe6Q_13multiversx_sc5types7managed7wrapped16managed_vec_item14ManagedVecItem16into_byte_writeruNCNvMs2_NtB31_11managed_vecINtB4V_10ManagedVecBZ_BC_E4push0Es5_0CskYdO4DRD1qK_5tests
FN:36,_RNCINvXsI_CscQvnUOLyoLK_14common_structsINtB8_15AccountPositionINtNtNtNtCshVdzbi6N1Hz_22multiversx_sc_scenario3api7impl_vh12vm_hooks_api10VMHooksApiNtNtB14_9debug_api15DebugApiBackendEENtNtNtNtNtCs42MSoZVSe6Q_13multiversx_sc5types7managed7wrapped16managed_vec_item14ManagedVecItem16into_byte_writeruNCNvMs2_NtB31_11managed_vecINtB4V_10ManagedVecBZ_BC_E4push0Es6_0CskYdO4DRD1qK_5tests
FN:36,_RNCINvXsI_CscQvnUOLyoLK_14common_structsINtB8_15AccountPositionINtNtNtNtCshVdzbi6N1Hz_22multiversx_sc_scenario3api7impl_vh12vm_hooks_api10VMHooksApiNtNtB14_9debug_api15DebugApiBackendEENtNtNtNtNtCs42MSoZVSe6Q_13multiversx_sc5types7managed7wrapped16managed_vec_item14ManagedVecItem16into_byte_writeruNCNvMs2_NtB31_11managed_vecINtB4V_10ManagedVecBZ_BC_E4push0Es7_0CskYdO4DRD1qK_5tests
FN:36,_RNCINvXsI_CscQvnUOLyoLK_14common_structsINtB8_15AccountPositionINtNtNtNtCshVdzbi6N1Hz_22multiversx_sc_scenario3api7impl_vh12vm_hooks_api10VMHooksApiNtNtB14_9debug_api15DebugApiBackendEENtNtNtNtNtCs42MSoZVSe6Q_13multiversx_sc5types7managed7wrapped16managed_vec_item14ManagedVecItem16into_byte_writeruNCNvMs2_NtB31_11managed_vecINtB4V_10ManagedVecBZ_BC_E4push0Es_0CskYdO4DRD1qK_5tests
FN:134,_RNCINvXs_CscQvnUOLyoLK_14common_structsINtB7_25EgldOrEsdtTokenPaymentNewINtNtNtNtCshVdzbi6N1Hz_22multiversx_sc_scenario3api7impl_vh12vm_hooks_api10VMHooksApiNtNtB1d_9debug_api15DebugApiBackendEENtNtNtNtNtCs42MSoZVSe6Q_13multiversx_sc5types7managed7wrapped16managed_vec_item14ManagedVecItem16from_byte_readerNCNvMs2_NtB3a_11managed_vecINtB53_10ManagedVecB18_BB_E7try_get0E0CskYdO4DRD1qK_5tests
FN:134,_RNCINvXs_CscQvnUOLyoLK_14common_structsINtB7_25EgldOrEsdtTokenPaymentNewINtNtNtNtCshVdzbi6N1Hz_22multiversx_sc_scenario3api7impl_vh12vm_hooks_api10VMHooksApiNtNtB1d_9debug_api15DebugApiBackendEENtNtNtNtNtCs42MSoZVSe6Q_13multiversx_sc5types7managed7wrapped16managed_vec_item14ManagedVecItem16from_byte_readerNCNvMs2_NtB3a_11managed_vecINtB53_10ManagedVecB18_BB_E7try_get0Es0_0CskYdO4DRD1qK_5tests
FN:134,_RNCINvXs_CscQvnUOLyoLK_14common_structsINtB7_25EgldOrEsdtTokenPaymentNewINtNtNtNtCshVdzbi6N1Hz_22multiversx_sc_scenario3api7impl_vh12vm_hooks_api10VMHooksApiNtNtB1d_9debug_api15DebugApiBackendEENtNtNtNtNtCs42MSoZVSe6Q_13multiversx_sc5types7managed7wrapped16managed_vec_item14ManagedVecItem16from_byte_readerNCNvMs2_NtB3a_11managed_vecINtB53_10ManagedVecB18_BB_E7try_get0Es_0CskYdO4DRD1qK_5tests
FN:134,_RNCINvXs_CscQvnUOLyoLK_14common_structsINtB7_25EgldOrEsdtTokenPaymentNewINtNtNtNtCshVdzbi6N1Hz_22multiversx_sc_scenario3api7impl_vh12vm_hooks_api10VMHooksApiNtNtB1d_9debug_api15DebugApiBackendEENtNtNtNtNtCs42MSoZVSe6Q_13multiversx_sc5types7managed7wrapped16managed_vec_item14ManagedVecItem16into_byte_writeruNCNvMs2_NtB3a_11managed_vecINtB54_10ManagedVecB18_BB_E4push0E0CskYdO4DRD1qK_5tests
FN:134,_RNCINvXs_CscQvnUOLyoLK_14common_structsINtB7_25EgldOrEsdtTokenPaymentNewINtNtNtNtCshVdzbi6N1Hz_22multiversx_sc_scenario3api7impl_vh12vm_hooks_api10VMHooksApiNtNtB1d_9debug_api15DebugApiBackendEENtNtNtNtNtCs42MSoZVSe6Q_13multiversx_sc5types7managed7wrapped16managed_vec_item14ManagedVecItem16into_byte_writeruNCNvMs2_NtB3a_11managed_vecINtB54_10ManagedVecB18_BB_E4push0Es0_0CskYdO4DRD1qK_5tests
FN:134,_RNCINvXs_CscQvnUOLyoLK_14common_structsINtB7_25EgldOrEsdtTokenPaymentNewINtNtNtNtCshVdzbi6N1Hz_22multiversx_sc_scenario3api7impl_vh12vm_hooks_api10VMHooksApiNtNtB1d_9debug_api15DebugApiBackendEENtNtNtNtNtCs42MSoZVSe6Q_13multiversx_sc5types7managed7wrapped16managed_vec_item14ManagedVecItem16into_byte_writeruNCNvMs2_NtB3a_11managed_vecINtB54_10ManagedVecB18_BB_E4push0Es_0CskYdO4DRD1qK_5tests
FN:52,_RNvMCscQvnUOLyoLK_14common_structsINtB2_15AccountPositionINtNtNtNtCshVdzbi6N1Hz_22multiversx_sc_scenario3api7impl_vh12vm_hooks_api10VMHooksApiNtNtBY_9debug_api15DebugApiBackendEE3newCskYdO4DRD1qK_5tests
FNDA:0,_RINvXINICscc7zTfnX8JX_14common_structss18_0pEINtB6_10PoolParamspENtNtNtCsaJvka5KiulT_19multiversx_sc_codec6single6top_en9TopEncode24top_encode_or_handle_errppEB6_
FNDA:0,_RINvXINICscc7zTfnX8JX_14common_structss19_0pEINtB6_10PoolParamspENtNtNtCsaJvka5KiulT_19multiversx_sc_codec6single6top_de9TopDecode24top_decode_or_handle_errppEB6_
FNDA:0,_RNvXINICscc7zTfnX8JX_14common_structss1c_0pEINtB5_10PoolParamspENtNtNtCs42MSoZVSe6Q_13multiversx_sc3abi8type_abi7TypeAbi9type_nameB5_
FNDA:0,_RINvXINICscc7zTfnX8JX_14common_structss1c_0pEINtB6_10PoolParamspENtNtNtCs42MSoZVSe6Q_13multiversx_sc3abi8type_abi7TypeAbi25provide_type_descriptionspEB6_
FNDA:0,_RINvXs10_Cscc7zTfnX8JX_14common_structsNtB7_21UpdateAssetParamsTypeNtNtNtCsaJvka5KiulT_19multiversx_sc_codec6single9nested_en12NestedEncode24dep_encode_or_handle_errppEB7_
[...]
DA:33,3
DA:34,3
DA:38,0
DA:39,0
DA:44,3
DA:45,3
DA:46,15
DA:47,12
DA:48,12
DA:49,12
DA:50,12
DA:51,12
DA:52,12
DA:53,12
DA:54,12
DA:55,12
DA:63,0
DA:64,0
DA:65,0
DA:66,0
DA:67,0
DA:69,0
DA:70,0
DA:81,76
DA:82,76
DA:83,76
DA:84,76
DA:85,76
DA:86,76
DA:87,76
DA:88,76
DA:89,76
DA:98,76
DA:99,76
DA:100,76
DA:101,76
DA:102,76
DA:103,76
DA:104,76
DA:105,76
DA:106,76
DA:107,76
DA:108,76
DA:109,76
DA:110,76
DA:111,76
DA:112,0
DA:113,76
DA:115,76
DA:116,76
DA:117,76
DA:118,19
DA:119,19
DA:120,19
DA:121,19
DA:123,57
DA:127,76
DA:128,0
DA:129,0
DA:130,0
DA:131,0
DA:132,0
DA:133,0
DA:134,0
DA:135,76
DA:137,76
DA:138,76
DA:139,76
DA:140,76
DA:141,76
DA:142,76
DA:143,76
DA:144,76
DA:145,76
DA:146,76
DA:147,76
DA:148,76
DA:149,76
DA:150,76
DA:151,76
DA:152,76
DA:153,0
DA:154,0
DA:155,0
DA:156,0
DA:157,0
DA:158,0
DA:159,0
DA:160,0
DA:162,76
DA:163,76
DA:164,76
DA:165,76
DA:166,76
DA:167,76
DA:170,76
DA:171,76
DA:172,76
DA:173,76
DA:174,76
DA:175,76
DA:176,76
DA:177,76
DA:178,76
DA:179,76
DA:186,0
DA:187,0
DA:188,0
DA:190,0
DA:191,0
DA:192,0
DA:193,0
DA:194,0
DA:195,0
DA:196,0
DA:197,0
DA:198,0
DA:199,0
DA:202,76
DA:203,76
DA:204,76
DA:205,76
DA:206,76
DA:207,76
DA:210,3
DA:211,3
DA:212,3
DA:213,3
DA:214,3
DA:225,76
DA:226,76
DA:227,76
DA:228,19
DA:229,19
DA:230,19
DA:231,19
DA:233,19
DA:234,76
DA:235,76
DA:236,76
DA:238,19
DA:239,19
DA:240,19
DA:241,19
DA:242,19
DA:243,19
DA:244,19
DA:245,19
DA:246,19
DA:247,19
DA:248,19
DA:249,19
DA:250,19
DA:251,19
DA:252,19
DA:253,19
DA:254,19
DA:255,19
DA:256,19
DA:257,57
DA:261,0
DA:262,0
DA:263,0
DA:265,0
DA:266,0
DA:267,0
DA:268,0
DA:270,0
DA:274,15
DA:275,15
DA:277,15
DA:278,15
DA:279,15
DA:280,15
DA:281,15
DA:282,15
DA:283,15
DA:291,0
DA:292,0
DA:297,0
DA:298,0
DA:299,0
DA:306,15
DA:307,15
DA:308,15
DA:309,15
DA:310,15
DA:311,15
DA:312,15
DA:313,15
DA:314,15
DA:315,15
DA:316,15
DA:317,15
DA:321,0
DA:322,0
DA:323,0
DA:324,0
DA:325,0
DA:326,0
DA:329,19
DA:330,19
DA:331,0
DA:332,19
DA:333,19
DA:334,19
DA:339,19
DA:340,19
DA:341,19
DA:342,0
DA:343,19
DA:344,19
DA:345,19
DA:346,19
DA:349,76
DA:350,76
DA:351,76
DA:352,76
DA:353,76
DA:354,76
DA:358,76
DA:359,76
DA:360,76
DA:361,76
BRF:0
BRH:0
LF:234
LH:173
end_of_record
SF:/Users/mihaieremia/GitHub/rs-lending/price-aggregator/src/median.rs
FN:5,_RINvNtCs9PanktmU6tm_16price_aggregator6median9calculatepEB4_
FN:5,_RINvNtCs4R9bVo4VU7q_16price_aggregator6median9calculateINtNtNtNtCshVdzbi6N1Hz_22multiversx_sc_scenario3api7impl_vh12vm_hooks_api10VMHooksApiNtNtBW_9debug_api15DebugApiBackendEECskYdO4DRD1qK_5tests
FNDA:0,_RINvNtCs9PanktmU6tm_16price_aggregator6median9calculatepEB4_
FNDA:19,_RINvNtCs4R9bVo4VU7q_16price_aggregator6median9calculateINtNtNtNtCshVdzbi6N1Hz_22multiversx_sc_scenario3api7impl_vh12vm_hooks_api10VMHooksApiNtNtBW_9debug_api15DebugApiBackendEECskYdO4DRD1qK_5tests
FNF:1
FNH:1
DA:5,19
DA:6,19
DA:7,19
DA:8,19
DA:9,0
DA:10,19
DA:11,19
DA:12,19
DA:13,19
DA:14,19
DA:15,19
DA:16,19
DA:17,19
DA:19,0
DA:20,0
DA:22,19
BRF:0
BRH:0
LF:16
LH:13
end_of_record
SF:/Users/mihaieremia/GitHub/rs-lending/price-aggregator/src/price_aggregator_data.rs
FN:5,_RINvXININtCs9PanktmU6tm_16price_aggregator21price_aggregator_datas1_0pEINtB6_9TokenPairpENtNtNtCsaJvka5KiulT_19multiversx_sc_codec6single9nested_en12NestedEncode24dep_encode_or_handle_errppEB8_
FN:5,_RINvXININtCs9PanktmU6tm_16price_aggregator21price_aggregator_datas2_0pEINtB6_9TokenPairpENtNtNtCsaJvka5KiulT_19multiversx_sc_codec6single9nested_de12NestedDecode24dep_decode_or_handle_errppEB8_
FN:5,_RINvXININtCs9PanktmU6tm_16price_aggregator21price_aggregator_datas3_0pEINtB6_9TokenPairpENtNtNtCsaJvka5KiulT_19multiversx_sc_codec6single6top_en9TopEncode24top_encode_or_handle_errppEB8_
FN:5,_RINvXININtCs9PanktmU6tm_16price_aggregator21price_aggregator_datas4_0pEINtB6_9TokenPairpENtNtNtCsaJvka5KiulT_19multiversx_sc_codec6single6top_de9TopDecode24top_decode_or_handle_errppEB8_
FN:4,_RNvXININtCs9PanktmU6tm_16price_aggregator21price_aggregator_datas0_0pEINtB5_9TokenPairpENtNtNtCs42MSoZVSe6Q_13multiversx_sc3abi8type_abi7TypeAbi9type_nameB7_
FN:4,_RINvXININtCs9PanktmU6tm_16price_aggregator21price_aggregator_datas0_0pEINtB6_9TokenPairpENtNtNtCs42MSoZVSe6Q_13multiversx_sc3abi8type_abi7TypeAbi25provide_type_descriptionspEB8_
FN:12,_RINvXININtCs9PanktmU6tm_16price_aggregator21price_aggregator_datas9_0pEINtB6_9PriceFeedpENtNtNtCsaJvka5KiulT_19multiversx_sc_codec6single9nested_en12NestedEncode24dep_encode_or_handle_errppEB8_
FN:12,_RINvXININtCs9PanktmU6tm_16price_aggregator21price_aggregator_datasa_0pEINtB6_9PriceFeedpENtNtNtCsaJvka5KiulT_19multiversx_sc_codec6single9nested_de12NestedDecode24dep_decode_or_handle_errppEB8_
FN:12,_RINvXININtCs9PanktmU6tm_16price_aggregator21price_aggregator_datasb_0pEINtB6_9PriceFeedpENtNtNtCsaJvka5KiulT_19multiversx_sc_codec6single6top_en9TopEncode24top_encode_or_handle_errppEB8_
FN:12,_RINvXININtCs9PanktmU6tm_16price_aggregator21price_aggregator_datasc_0pEINtB6_9PriceFeedpENtNtNtCsaJvka5KiulT_19multiversx_sc_codec6single6top_de9TopDecode24top_decode_or_handle_errppEB8_
FN:11,_RNvXININtCs9PanktmU6tm_16price_aggregator21price_aggregator_datas8_0pEINtB5_9PriceFeedpENtNtNtCs42MSoZVSe6Q_13multiversx_sc3abi8type_abi7TypeAbi9type_nameB7_
FN:11,_RINvXININtCs9PanktmU6tm_16price_aggregator21price_aggregator_datas8_0pEINtB6_9PriceFeedpENtNtNtCs42MSoZVSe6Q_13multiversx_sc3abi8type_abi7TypeAbi25provide_type_descriptionspEB8_
FN:23,_RINvXININtCs9PanktmU6tm_16price_aggregator21price_aggregator_datasg_0pEINtB6_16TimestampedPricepENtNtNtCsaJvka5KiulT_19multiversx_sc_codec6single6top_en9TopEncode24top_encode_or_handle_errppEB8_
FN:23,_RINvXININtCs9PanktmU6tm_16price_aggregator21price_aggregator_datash_0pEINtB6_16TimestampedPricepENtNtNtCsaJvka5KiulT_19multiversx_sc_codec6single6top_de9TopDecode24top_decode_or_handle_errppEB8_
FN:22,_RNvXININtCs9PanktmU6tm_16price_aggregator21price_aggregator_datasf_0pEINtB5_16TimestampedPricepENtNtNtCs42MSoZVSe6Q_13multiversx_sc3abi8type_abi7TypeAbi9type_nameB7_
FN:22,_RINvXININtCs9PanktmU6tm_16price_aggregator21price_aggregator_datasf_0pEINtB6_16TimestampedPricepENtNtNtCs42MSoZVSe6Q_13multiversx_sc3abi8type_abi7TypeAbi25provide_type_descriptionspEB8_
FN:31,_RINvXsp_NtCs9PanktmU6tm_16price_aggregator21price_aggregator_dataNtB6_12OracleStatusNtNtNtCsaJvka5KiulT_19multiversx_sc_codec6single9nested_en12NestedEncode24dep_encode_or_handle_errppEB8_
FN:31,_RINvXsq_NtCs9PanktmU6tm_16price_aggregator21price_aggregator_dataNtB6_12OracleStatusNtNtNtCsaJvka5KiulT_19multiversx_sc_codec6single9nested_de12NestedDecode24dep_decode_or_handle_errppEB8_
FN:31,_RINvXsr_NtCs9PanktmU6tm_16price_aggregator21price_aggregator_dataNtB6_12OracleStatusNtNtNtCsaJvka5KiulT_19multiversx_sc_codec6single6top_en9TopEncode24top_encode_or_handle_errppEB8_
FN:31,_RINvXss_NtCs9PanktmU6tm_16price_aggregator21price_aggregator_dataNtB6_12OracleStatusNtNtNtCsaJvka5KiulT_19multiversx_sc_codec6single6top_de9TopDecode24top_decode_or_handle_errppEB8_
FN:30,_RNvXso_NtCs9PanktmU6tm_16price_aggregator21price_aggregator_dataNtB5_12OracleStatusNtNtNtCs42MSoZVSe6Q_13multiversx_sc3abi8type_abi7TypeAbi9type_name
FN:30,_RINvXso_NtCs9PanktmU6tm_16price_aggregator21price_aggregator_dataNtB6_12OracleStatusNtNtNtCs42MSoZVSe6Q_13multiversx_sc3abi8type_abi7TypeAbi25provide_type_descriptionspEB8_
FN:5,_RINvXs1_NtCs4R9bVo4VU7q_16price_aggregator21price_aggregator_dataINtB6_9TokenPairINtNtNtNtCshVdzbi6N1Hz_22multiversx_sc_scenario3api7impl_vh12vm_hooks_api10VMHooksApiNtNtB1m_9debug_api15DebugApiBackendEENtNtNtCsaJvka5KiulT_19multiversx_sc_codec6single9nested_en12NestedEncode24dep_encode_or_handle_errINtNtNtNtNtCs42MSoZVSe6Q_13multiversx_sc5types7managed5basic14managed_buffer13ManagedBufferB1h_EINtNtNtNtB50_13contract_base8wrappers10serializer21ExitCodecErrorHandlerB1h_EECskYdO4DRD1qK_5tests
FN:5,_RINvXs3_NtCs4R9bVo4VU7q_16price_aggregator21price_aggregator_dataINtB6_9TokenPairINtNtNtNtCshVdzbi6N1Hz_22multiversx_sc_scenario3api7impl_vh12vm_hooks_api10VMHooksApiNtNtB1m_9debug_api15DebugApiBackendEENtNtNtCsaJvka5KiulT_19multiversx_sc_codec6single6top_en9TopEncode24top_encode_or_handle_errINtNtNtCs42MSoZVSe6Q_13multiversx_sc7storage11storage_set16StorageSetOutputB1h_EINtNtNtNtB4P_13contract_base8wrappers10serializer21ExitCodecErrorHandlerB1h_EECskYdO4DRD1qK_5tests
FN:5,_RINvXs4_NtCs4R9bVo4VU7q_16price_aggregator21price_aggregator_dataINtB6_9TokenPairINtNtNtNtCshVdzbi6N1Hz_22multiversx_sc_scenario3api7impl_vh12vm_hooks_api10VMHooksApiNtNtB1m_9debug_api15DebugApiBackendEENtNtNtCsaJvka5KiulT_19multiversx_sc_codec6single6top_de9TopDecode24top_decode_or_handle_errINtNtNtCs42MSoZVSe6Q_13multiversx_sc7storage11storage_get15StorageGetInputB1h_EINtB4L_22StorageGetErrorHandlerB1h_EECskYdO4DRD1qK_5tests
FN:12,_RINvXsb_NtCs4R9bVo4VU7q_16price_aggregator21price_aggregator_dataINtB6_9PriceFeedINtNtNtNtCshVdzbi6N1Hz_22multiversx_sc_scenario3api7impl_vh12vm_hooks_api10VMHooksApiNtNtB1m_9debug_api15DebugApiBackendEENtNtNtCsaJvka5KiulT_19multiversx_sc_codec6single6top_en9TopEncode24top_encode_or_handle_errINtNtNtCs42MSoZVSe6Q_13multiversx_sc2io6finish16ApiOutputAdapterB1h_EINtNtNtNtB4P_13contract_base8wrappers10serializer21ExitCodecErrorHandlerB1h_EECskYdO4DRD1qK_5tests
FN:12,_RINvXsb_NtCs4R9bVo4VU7q_16price_aggregator21price_aggregator_dataINtB6_9PriceFeedINtNtNtNtCshVdzbi6N1Hz_22multiversx_sc_scenario3api7impl_vh12vm_hooks_api10VMHooksApiNtNtB1m_9debug_api15DebugApiBackendEENtNtNtCsaJvka5KiulT_19multiversx_sc_codec6single6top_en9TopEncode24top_encode_or_handle_errQINtNtNtNtNtCs42MSoZVSe6Q_13multiversx_sc5types7managed5basic14managed_buffer13ManagedBufferB1h_EINtNtNtNtB4U_13contract_base8wrappers10serializer21ExitCodecErrorHandlerB1h_EECskYdO4DRD1qK_5tests
FN:23,_RINvXsg_NtCs4R9bVo4VU7q_16price_aggregator21price_aggregator_dataINtB6_16TimestampedPriceINtNtNtNtCshVdzbi6N1Hz_22multiversx_sc_scenario3api7impl_vh12vm_hooks_api10VMHooksApiNtNtB1u_9debug_api15DebugApiBackendEENtNtNtCsaJvka5KiulT_19multiversx_sc_codec6single6top_en9TopEncode24top_encode_or_handle_errINtNtNtCs42MSoZVSe6Q_13multiversx_sc7storage11storage_set16StorageSetOutputB1p_EINtNtNtNtB4X_13contract_base8wrappers10serializer21ExitCodecErrorHandlerB1p_EECskYdO4DRD1qK_5tests
FN:23,_RINvXsh_NtCs4R9bVo4VU7q_16price_aggregator21price_aggregator_dataINtB6_16TimestampedPriceINtNtNtNtCshVdzbi6N1Hz_22multiversx_sc_scenario3api7impl_vh12vm_hooks_api10VMHooksApiNtNtB1u_9debug_api15DebugApiBackendEENtNtNtCsaJvka5KiulT_19multiversx_sc_codec6single6top_de9TopDecode24top_decode_or_handle_errINtNtNtCs42MSoZVSe6Q_13multiversx_sc7storage11storage_get15StorageGetInputB1p_EINtB4T_22StorageGetErrorHandlerB1p_EECskYdO4DRD1qK_5tests
FN:31,_RINvXsr_NtCs4R9bVo4VU7q_16price_aggregator21price_aggregator_dataNtB6_12OracleStatusNtNtNtCsaJvka5KiulT_19multiversx_sc_codec6single6top_en9TopEncode24top_encode_or_handle_errINtNtNtCs42MSoZVSe6Q_13multiversx_sc7storage11storage_set16StorageSetOutputINtNtNtNtCshVdzbi6N1Hz_22multiversx_sc_scenario3api7impl_vh12vm_hooks_api10VMHooksApiNtNtB45_9debug_api15DebugApiBackendEEINtNtNtNtB2U_13contract_base8wrappers10serializer21ExitCodecErrorHandlerB40_EECskYdO4DRD1qK_5tests
FN:31,_RINvXss_NtCs4R9bVo4VU7q_16price_aggregator21price_aggregator_dataNtB6_12OracleStatusNtNtNtCsaJvka5KiulT_19multiversx_sc_codec6single6top_de9TopDecode24top_decode_or_handle_errINtNtNtCs42MSoZVSe6Q_13multiversx_sc7storage11storage_get15StorageGetInputINtNtNtNtCshVdzbi6N1Hz_22multiversx_sc_scenario3api7impl_vh12vm_hooks_api10VMHooksApiNtNtB44_9debug_api15DebugApiBackendEEINtB2Q_22StorageGetErrorHandlerB3Z_EECskYdO4DRD1qK_5tests
FNDA:0,_RINvXININtCs9PanktmU6tm_16price_aggregator21price_aggregator_datas1_0pEINtB6_9TokenPairpENtNtNtCsaJvka5KiulT_19multiversx_sc_codec6single9nested_en12NestedEncode24dep_encode_or_handle_errppEB8_
FNDA:0,_RINvXININtCs9PanktmU6tm_16price_aggregator21price_aggregator_datas2_0pEINtB6_9TokenPairpENtNtNtCsaJvka5KiulT_19multiversx_sc_codec6single9nested_de12NestedDecode24dep_decode_or_handle_errppEB8_
FNDA:0,_RINvXININtCs9PanktmU6tm_16price_aggregator21price_aggregator_datas3_0pEINtB6_9TokenPairpENtNtNtCsaJvka5KiulT_19multiversx_sc_codec6single6top_en9TopEncode24top_encode_or_handle_errppEB8_
FNDA:0,_RINvXININtCs9PanktmU6tm_16price_aggregator21price_aggregator_datas4_0pEINtB6_9TokenPairpENtNtNtCsaJvka5KiulT_19multiversx_sc_codec6single6top_de9TopDecode24top_decode_or_handle_errppEB8_
FNDA:0,_RNvXININtCs9PanktmU6tm_16price_aggregator21price_aggregator_datas0_0pEINtB5_9TokenPairpENtNtNtCs42MSoZVSe6Q_13multiversx_sc3abi8type_abi7TypeAbi9type_nameB7_
FNDA:0,_RINvXININtCs9PanktmU6tm_16price_aggregator21price_aggregator_datas0_0pEINtB6_9TokenPairpENtNtNtCs42MSoZVSe6Q_13multiversx_sc3abi8type_abi7TypeAbi25provide_type_descriptionspEB8_
FNDA:0,_RINvXININtCs9PanktmU6tm_16price_aggregator21price_aggregator_datas9_0pEINtB6_9PriceFeedpENtNtNtCsaJvka5KiulT_19multiversx_sc_codec6single9nested_en12NestedEncode24dep_encode_or_handle_errppEB8_
FNDA:0,_RINvXININtCs9PanktmU6tm_16price_aggregator21price_aggregator_datasa_0pEINtB6_9PriceFeedpENtNtNtCsaJvka5KiulT_19multiversx_sc_codec6single9nested_de12NestedDecode24dep_decode_or_handle_errppEB8_
FNDA:0,_RINvXININtCs9PanktmU6tm_16price_aggregator21price_aggregator_datasb_0pEINtB6_9PriceFeedpENtNtNtCsaJvka5KiulT_19multiversx_sc_codec6single6top_en9TopEncode24top_encode_or_handle_errppEB8_
FNDA:0,_RINvXININtCs9PanktmU6tm_16price_aggregator21price_aggregator_datasc_0pEINtB6_9PriceFeedpENtNtNtCsaJvka5KiulT_19multiversx_sc_codec6single6top_de9TopDecode24top_decode_or_handle_errppEB8_
FNDA:0,_RNvXININtCs9PanktmU6tm_16price_aggregator21price_aggregator_datas8_0pEINtB5_9PriceFeedpENtNtNtCs42MSoZVSe6Q_13multiversx_sc3abi8type_abi7TypeAbi9type_nameB7_
FNDA:0,_RINvXININtCs9PanktmU6tm_16price_aggregator21price_aggregator_datas8_0pEINtB6_9PriceFeedpENtNtNtCs42MSoZVSe6Q_13multiversx_sc3abi8type_abi7TypeAbi25provide_type_descriptionspEB8_
FNDA:0,_RINvXININtCs9PanktmU6tm_16price_aggregator21price_aggregator_datasg_0pEINtB6_16TimestampedPricepENtNtNtCsaJvka5KiulT_19multiversx_sc_codec6single6top_en9TopEncode24top_encode_or_handle_errppEB8_
FNDA:0,_RINvXININtCs9PanktmU6tm_16price_aggregator21price_aggregator_datash_0pEINtB6_16TimestampedPricepENtNtNtCsaJvka5KiulT_19multiversx_sc_codec6single6top_de9TopDecode24top_decode_or_handle_errppEB8_
FNDA:0,_RNvXININtCs9PanktmU6tm_16price_aggregator21price_aggregator_datasf_0pEINtB5_16TimestampedPricepENtNtNtCs42MSoZVSe6Q_13multiversx_sc3abi8type_abi7TypeAbi9type_nameB7_
FNDA:0,_RINvXININtCs9PanktmU6tm_16price_aggregator21price_aggregator_datasf_0pEINtB6_16TimestampedPricepENtNtNtCs42MSoZVSe6Q_13multiversx_sc3abi8type_abi7TypeAbi25provide_type_descriptionspEB8_
FNDA:0,_RINvXsp_NtCs9PanktmU6tm_16price_aggregator21price_aggregator_dataNtB6_12OracleStatusNtNtNtCsaJvka5KiulT_19multiversx_sc_codec6single9nested_en12NestedEncode24dep_encode_or_handle_errppEB8_
FNDA:0,_RINvXsq_NtCs9PanktmU6tm_16price_aggregator21price_aggregator_dataNtB6_12OracleStatusNtNtNtCsaJvka5KiulT_19multiversx_sc_codec6single9nested_de12NestedDecode24dep_decode_or_handle_errppEB8_
FNDA:0,_RINvXsr_NtCs9PanktmU6tm_16price_aggregator21price_aggregator_dataNtB6_12OracleStatusNtNtNtCsaJvka5KiulT_19multiversx_sc_codec6single6top_en9TopEncode24top_encode_or_handle_errppEB8_
FNDA:0,_RINvXss_NtCs9PanktmU6tm_16price_aggregator21price_aggregator_dataNtB6_12OracleStatusNtNtNtCsaJvka5KiulT_19multiversx_sc_codec6single6top_de9TopDecode24top_decode_or_handle_errppEB8_
FNDA:0,_RNvXso_NtCs9PanktmU6tm_16price_aggregator21price_aggregator_dataNtB5_12OracleStatusNtNtNtCs42MSoZVSe6Q_13multiversx_sc3abi8type_abi7TypeAbi9type_name
FNDA:0,_RINvXso_NtCs9PanktmU6tm_16price_aggregator21price_aggregator_dataNtB6_12OracleStatusNtNtNtCs42MSoZVSe6Q_13multiversx_sc3abi8type_abi7TypeAbi25provide_type_descriptionspEB8_
FNDA:714,_RINvXs1_NtCs4R9bVo4VU7q_16price_aggregator21price_aggregator_dataINtB6_9TokenPairINtNtNtNtCshVdzbi6N1Hz_22multiversx_sc_scenario3api7impl_vh12vm_hooks_api10VMHooksApiNtNtB1m_9debug_api15DebugApiBackendEENtNtNtCsaJvka5KiulT_19multiversx_sc_codec6single9nested_en12NestedEncode24dep_encode_or_handle_errINtNtNtNtNtCs42MSoZVSe6Q_13multiversx_sc5types7managed5basic14managed_buffer13ManagedBufferB1h_EINtNtNtNtB50_13contract_base8wrappers10serializer21ExitCodecErrorHandlerB1h_EECskYdO4DRD1qK_5tests
FNDA:38,_RINvXs3_NtCs4R9bVo4VU7q_16price_aggregator21price_aggregator_dataINtB6_9TokenPairINtNtNtNtCshVdzbi6N1Hz_22multiversx_sc_scenario3api7impl_vh12vm_hooks_api10VMHooksApiNtNtB1m_9debug_api15DebugApiBackendEENtNtNtCsaJvka5KiulT_19multiversx_sc_codec6single6top_en9TopEncode24top_encode_or_handle_errINtNtNtCs42MSoZVSe6Q_13multiversx_sc7storage11storage_set16StorageSetOutputB1h_EINtNtNtNtB4P_13contract_base8wrappers10serializer21ExitCodecErrorHandlerB1h_EECskYdO4DRD1qK_5tests
FNDA:0,_RINvXs4_NtCs4R9bVo4VU7q_16price_aggregator21price_aggregator_dataINtB6_9TokenPairINtNtNtNtCshVdzbi6N1Hz_22multiversx_sc_scenario3api7impl_vh12vm_hooks_api10VMHooksApiNtNtB1m_9debug_api15DebugApiBackendEENtNtNtCsaJvka5KiulT_19multiversx_sc_codec6single6top_de9TopDecode24top_decode_or_handle_errINtNtNtCs42MSoZVSe6Q_13multiversx_sc7storage11storage_get15StorageGetInputB1h_EINtB4L_22StorageGetErrorHandlerB1h_EECskYdO4DRD1qK_5tests
FNDA:15,_RINvXsb_NtCs4R9bVo4VU7q_16price_aggregator21price_aggregator_dataINtB6_9PriceFeedINtNtNtNtCshVdzbi6N1Hz_22multiversx_sc_scenario3api7impl_vh12vm_hooks_api10VMHooksApiNtNtB1m_9debug_api15DebugApiBackendEENtNtNtCsaJvka5KiulT_19multiversx_sc_codec6single6top_en9TopEncode24top_encode_or_handle_errINtNtNtCs42MSoZVSe6Q_13multiversx_sc2io6finish16ApiOutputAdapterB1h_EINtNtNtNtB4P_13contract_base8wrappers10serializer21ExitCodecErrorHandlerB1h_EECskYdO4DRD1qK_5tests
FNDA:0,_RINvXsb_NtCs4R9bVo4VU7q_16price_aggregator21price_aggregator_dataINtB6_9PriceFeedINtNtNtNtCshVdzbi6N1Hz_22multiversx_sc_scenario3api7impl_vh12vm_hooks_api10VMHooksApiNtNtB1m_9debug_api15DebugApiBackendEENtNtNtCsaJvka5KiulT_19multiversx_sc_codec6single6top_en9TopEncode24top_encode_or_handle_errQINtNtNtNtNtCs42MSoZVSe6Q_13multiversx_sc5types7managed5basic14managed_buffer13ManagedBufferB1h_EINtNtNtNtB4U_13contract_base8wrappers10serializer21ExitCodecErrorHandlerB1h_EECskYdO4DRD1qK_5tests
FNDA:19,_RINvXsg_NtCs4R9bVo4VU7q_16price_aggregator21price_aggregator_dataINtB6_16TimestampedPriceINtNtNtNtCshVdzbi6N1Hz_22multiversx_sc_scenario3api7impl_vh12vm_hooks_api10VMHooksApiNtNtB1u_9debug_api15DebugApiBackendEENtNtNtCsaJvka5KiulT_19multiversx_sc_codec6single6top_en9TopEncode24top_encode_or_handle_errINtNtNtCs42MSoZVSe6Q_13multiversx_sc7storage11storage_set16StorageSetOutputB1p_EINtNtNtNtB4X_13contract_base8wrappers10serializer21ExitCodecErrorHandlerB1p_EECskYdO4DRD1qK_5tests
FNDA:15,_RINvXsh_NtCs4R9bVo4VU7q_16price_aggregator21price_aggregator_dataINtB6_16TimestampedPriceINtNtNtNtCshVdzbi6N1Hz_22multiversx_sc_scenario3api7impl_vh12vm_hooks_api10VMHooksApiNtNtB1u_9debug_api15DebugApiBackendEENtNtNtCsaJvka5KiulT_19multiversx_sc_codec6single6top_de9TopDecode24top_decode_or_handle_errINtNtNtCs42MSoZVSe6Q_13multiversx_sc7storage11storage_get15StorageGetInputB1p_EINtB4T_22StorageGetErrorHandlerB1p_EECskYdO4DRD1qK_5tests
FNDA:88,_RINvXsr_NtCs4R9bVo4VU7q_16price_aggregator21price_aggregator_dataNtB6_12OracleStatusNtNtNtCsaJvka5KiulT_19multiversx_sc_codec6single6top_en9TopEncode24top_encode_or_handle_errINtNtNtCs42MSoZVSe6Q_13multiversx_sc7storage11storage_set16StorageSetOutputINtNtNtNtCshVdzbi6N1Hz_22multiversx_sc_scenario3api7impl_vh12vm_hooks_api10VMHooksApiNtNtB45_9debug_api15DebugApiBackendEEINtNtNtNtB2U_13contract_base8wrappers10serializer21ExitCodecErrorHandlerB40_EECskYdO4DRD1qK_5tests
FNDA:152,_RINvXss_NtCs4R9bVo4VU7q_16price_aggregator21price_aggregator_dataNtB6_12OracleStatusNtNtNtCsaJvka5KiulT_19multiversx_sc_codec6single6top_de9TopDecode24top_decode_or_handle_errINtNtNtCs42MSoZVSe6Q_13multiversx_sc7storage11storage_get15StorageGetInputINtNtNtNtCshVdzbi6N1Hz_22multiversx_sc_scenario3api7impl_vh12vm_hooks_api10VMHooksApiNtNtB44_9debug_api15DebugApiBackendEEINtB2Q_22StorageGetErrorHandlerB3Z_EECskYdO4DRD1qK_5tests
FNF:18
FNH:7
DA:4,0
DA:5,714
DA:11,0
DA:12,15
DA:22,0
DA:23,19
DA:30,0
DA:31,152
BRF:0
BRH:0
LF:18
LH:7
end_of_record