SF:/Users/mihaieremia/GitHub/rs-lending/common/events/src/events.rs
FN:7,_RNvXCs3rOA4D9qoaG_13common_eventsINtCsbsTB6V03K8e_14liquidity_pool11ContractObjINtNtNtNtCs1rODQd5oASQ_22multiversx_sc_scenario3api7impl_vh12vm_hooks_api10VMHooksApiNtNtB1k_9debug_api15DebugApiBackendEENtB2_12EventsModule19market_params_eventCsccnIogsiy8K_5tests
FN:7,_RNvXCs3rOA4D9qoaG_13common_eventsINtCsbsTB6V03K8e_14liquidity_pool11ContractObjINtNtNtNtCs1rODQd5oASQ_22multiversx_sc_scenario3api7impl_vh12vm_hooks_api10VMHooksApiNtNtB1k_9debug_api15DebugApiBackendEENtB2_12EventsModule31__emit_update_market_state_eventCsccnIogsiy8K_5tests
FN:46,_RNvYINtCsbsTB6V03K8e_14liquidity_pool11ContractObjINtNtNtNtCs1rODQd5oASQ_22multiversx_sc_scenario3api7impl_vh12vm_hooks_api10VMHooksApiNtNtBR_9debug_api15DebugApiBackendEENtCs3rOA4D9qoaG_13common_events12EventsModule25update_market_state_eventCsccnIogsiy8K_5tests
FN:7,_RNvYINtCsbsTB6V03K8e_14liquidity_pool11ContractObjINtNtNtNtCs1rODQd5oASQ_22multiversx_sc_scenario3api7impl_vh12vm_hooks_api10VMHooksApiNtNtBR_9debug_api15DebugApiBackendEENtCs3rOA4D9qoaG_13common_events16EndpointWrappers17callback_selectorCsccnIogsiy8K_5tests
FN:7,_RNvYINtCsbsTB6V03K8e_14liquidity_pool11ContractObjINtNtNtNtCs1rODQd5oASQ_22multiversx_sc_scenario3api7impl_vh12vm_hooks_api10VMHooksApiNtNtBR_9debug_api15DebugApiBackendEENtCs3rOA4D9qoaG_13common_events16EndpointWrappers4callCsccnIogsiy8K_5tests
FN:7,_RNvYINtCsbsTB6V03K8e_14liquidity_pool11ContractObjINtNtNtNtCs1rODQd5oASQ_22multiversx_sc_scenario3api7impl_vh12vm_hooks_api10VMHooksApiNtNtBR_9debug_api15DebugApiBackendEENtCs3rOA4D9qoaG_13common_events16EndpointWrappers8callbackCsccnIogsiy8K_5tests
FN:7,_RNvXCs3rOA4D9qoaG_13common_eventsINtCs3aglMvM78jK_12lending_pool11ContractObjINtNtNtNtCs1rODQd5oASQ_22multiversx_sc_scenario3api7impl_vh12vm_hooks_api10VMHooksApiNtNtB1i_9debug_api15DebugApiBackendEENtB2_12EventsModule21update_position_eventCsccnIogsiy8K_5tests
FN:7,_RNvXCs3rOA4D9qoaG_13common_eventsINtCs3aglMvM78jK_12lending_pool11ContractObjINtNtNtNtCs1rODQd5oASQ_22multiversx_sc_scenario3api7impl_vh12vm_hooks_api10VMHooksApiNtNtB1i_9debug_api15DebugApiBackendEENtB2_12EventsModule25update_asset_config_eventCsccnIogsiy8K_5tests
FN:7,_RNvXCs3rOA4D9qoaG_13common_eventsINtCs3aglMvM78jK_12lending_pool11ContractObjINtNtNtNtCs1rODQd5oASQ_22multiversx_sc_scenario3api7impl_vh12vm_hooks_api10VMHooksApiNtNtB1i_9debug_api15DebugApiBackendEENtB2_12EventsModule25update_debt_ceiling_eventCsccnIogsiy8K_5tests
FN:7,_RNvXCs3rOA4D9qoaG_13common_eventsINtCs3aglMvM78jK_12lending_pool11ContractObjINtNtNtNtCs1rODQd5oASQ_22multiversx_sc_scenario3api7impl_vh12vm_hooks_api10VMHooksApiNtNtB1i_9debug_api15DebugApiBackendEENtB2_12EventsModule25update_e_mode_asset_eventCsccnIogsiy8K_5tests
FN:7,_RNvXCs3rOA4D9qoaG_13common_eventsINtCs3aglMvM78jK_12lending_pool11ContractObjINtNtNtNtCs1rODQd5oASQ_22multiversx_sc_scenario3api7impl_vh12vm_hooks_api10VMHooksApiNtNtB1i_9debug_api15DebugApiBackendEENtB2_12EventsModule26create_market_params_eventCsccnIogsiy8K_5tests
FN:7,_RNvXCs3rOA4D9qoaG_13common_eventsINtCs3aglMvM78jK_12lending_pool11ContractObjINtNtNtNtCs1rODQd5oASQ_22multiversx_sc_scenario3api7impl_vh12vm_hooks_api10VMHooksApiNtNtB1i_9debug_api15DebugApiBackendEENtB2_12EventsModule28update_e_mode_category_eventCsccnIogsiy8K_5tests
FN:7,_RNvXCs3rOA4D9qoaG_13common_eventsINtCs3aglMvM78jK_12lending_pool11ContractObjINtNtNtNtCs1rODQd5oASQ_22multiversx_sc_scenario3api7impl_vh12vm_hooks_api10VMHooksApiNtNtB1i_9debug_api15DebugApiBackendEENtB2_12EventsModule34update_vault_supplied_amount_eventCsccnIogsiy8K_5tests
FN:7,_RNvYINtCs3aglMvM78jK_12lending_pool11ContractObjINtNtNtNtCs1rODQd5oASQ_22multiversx_sc_scenario3api7impl_vh12vm_hooks_api10VMHooksApiNtNtBP_9debug_api15DebugApiBackendEENtCs3rOA4D9qoaG_13common_events16EndpointWrappers17callback_selectorCsccnIogsiy8K_5tests
FN:7,_RNvYINtCs3aglMvM78jK_12lending_pool11ContractObjINtNtNtNtCs1rODQd5oASQ_22multiversx_sc_scenario3api7impl_vh12vm_hooks_api10VMHooksApiNtNtBP_9debug_api15DebugApiBackendEENtCs3rOA4D9qoaG_13common_events16EndpointWrappers4callCsccnIogsiy8K_5tests
FN:7,_RNvYINtCs3aglMvM78jK_12lending_pool11ContractObjINtNtNtNtCs1rODQd5oASQ_22multiversx_sc_scenario3api7impl_vh12vm_hooks_api10VMHooksApiNtNtBP_9debug_api15DebugApiBackendEENtCs3rOA4D9qoaG_13common_events16EndpointWrappers8callbackCsccnIogsiy8K_5tests
FNDA:0,_RNvXCs3rOA4D9qoaG_13common_eventsINtCsbsTB6V03K8e_14liquidity_pool11ContractObjINtNtNtNtCs1rODQd5oASQ_22multiversx_sc_scenario3api7impl_vh12vm_hooks_api10VMHooksApiNtNtB1k_9debug_api15DebugApiBackendEENtB2_12EventsModule19market_params_eventCsccnIogsiy8K_5tests
FNDA:884,_RNvXCs3rOA4D9qoaG_13common_eventsINtCsbsTB6V03K8e_14liquidity_pool11ContractObjINtNtNtNtCs1rODQd5oASQ_22multiversx_sc_scenario3api7impl_vh12vm_hooks_api10VMHooksApiNtNtB1k_9debug_api15DebugApiBackendEENtB2_12EventsModule31__emit_update_market_state_eventCsccnIogsiy8K_5tests
FNDA:884,_RNvYINtCsbsTB6V03K8e_14liquidity_pool11ContractObjINtNtNtNtCs1rODQd5oASQ_22multiversx_sc_scenario3api7impl_vh12vm_hooks_api10VMHooksApiNtNtBR_9debug_api15DebugApiBackendEENtCs3rOA4D9qoaG_13common_events12EventsModule25update_market_state_eventCsccnIogsiy8K_5tests
FNDA:0,_RNvYINtCsbsTB6V03K8e_14liquidity_pool11ContractObjINtNtNtNtCs1rODQd5oASQ_22multiversx_sc_scenario3api7impl_vh12vm_hooks_api10VMHooksApiNtNtBR_9debug_api15DebugApiBackendEENtCs3rOA4D9qoaG_13common_events16EndpointWrappers17callback_selectorCsccnIogsiy8K_5tests
FNDA:961,_RNvYINtCsbsTB6V03K8e_14liquidity_pool11ContractObjINtNtNtNtCs1rODQd5oASQ_22multiversx_sc_scenario3api7impl_vh12vm_hooks_api10VMHooksApiNtNtBR_9debug_api15DebugApiBackendEENtCs3rOA4D9qoaG_13common_events16EndpointWrappers4callCsccnIogsiy8K_5tests
FNDA:0,_RNvYINtCsbsTB6V03K8e_14liquidity_pool11ContractObjINtNtNtNtCs1rODQd5oASQ_22multiversx_sc_scenario3api7impl_vh12vm_hooks_api10VMHooksApiNtNtBR_9debug_api15DebugApiBackendEENtCs3rOA4D9qoaG_13common_events16EndpointWrappers8callbackCsccnIogsiy8K_5tests
FNDA:888,_RNvXCs3rOA4D9qoaG_13common_eventsINtCs3aglMvM78jK_12lending_pool11ContractObjINtNtNtNtCs1rODQd5oASQ_22multiversx_sc_scenario3api7impl_vh12vm_hooks_api10VMHooksApiNtNtB1i_9debug_api15DebugApiBackendEENtB2_12EventsModule21update_position_eventCsccnIogsiy8K_5tests
FNDA:184,_RNvXCs3rOA4D9qoaG_13common_eventsINtCs3aglMvM78jK_12lending_pool11ContractObjINtNtNtNtCs1rODQd5oASQ_22multiversx_sc_scenario3api7impl_vh12vm_hooks_api10VMHooksApiNtNtB1i_9debug_api15DebugApiBackendEENtB2_12EventsModule25update_asset_config_eventCsccnIogsiy8K_5tests
FNDA:7,_RNvXCs3rOA4D9qoaG_13common_eventsINtCs3aglMvM78jK_12lending_pool11ContractObjINtNtNtNtCs1rODQd5oASQ_22multiversx_sc_scenario3api7impl_vh12vm_hooks_api10VMHooksApiNtNtB1i_9debug_api15DebugApiBackendEENtB2_12EventsModule25update_debt_ceiling_eventCsccnIogsiy8K_5tests
FNDA:184,_RNvXCs3rOA4D9qoaG_13common_eventsINtCs3aglMvM78jK_12lending_pool11ContractObjINtNtNtNtCs1rODQd5oASQ_22multiversx_sc_scenario3api7impl_vh12vm_hooks_api10VMHooksApiNtNtB1i_9debug_api15DebugApiBackendEENtB2_12EventsModule25update_e_mode_asset_eventCsccnIogsiy8K_5tests
FNDA:414,_RNvXCs3rOA4D9qoaG_13common_eventsINtCs3aglMvM78jK_12lending_pool11ContractObjINtNtNtNtCs1rODQd5oASQ_22multiversx_sc_scenario3api7impl_vh12vm_hooks_api10VMHooksApiNtNtB1i_9debug_api15DebugApiBackendEENtB2_12EventsModule26create_market_params_eventCsccnIogsiy8K_5tests
FNDA:46,_RNvXCs3rOA4D9qoaG_13common_eventsINtCs3aglMvM78jK_12lending_pool11ContractObjINtNtNtNtCs1rODQd5oASQ_22multiversx_sc_scenario3api7impl_vh12vm_hooks_api10VMHooksApiNtNtB1i_9debug_api15DebugApiBackendEENtB2_12EventsModule28update_e_mode_category_eventCsccnIogsiy8K_5tests
FNDA:16,_RNvXCs3rOA4D9qoaG_13common_eventsINtCs3aglMvM78jK_12lending_pool11ContractObjINtNtNtNtCs1rODQd5oASQ_22multiversx_sc_scenario3api7impl_vh12vm_hooks_api10VMHooksApiNtNtB1i_9debug_api15DebugApiBackendEENtB2_12EventsModule34update_vault_supplied_amount_eventCsccnIogsiy8K_5tests
FNDA:0,_RNvYINtCs3aglMvM78jK_12lending_pool11ContractObjINtNtNtNtCs1rODQd5oASQ_22multiversx_sc_scenario3api7impl_vh12vm_hooks_api10VMHooksApiNtNtBP_9debug_api15DebugApiBackendEENtCs3rOA4D9qoaG_13common_events16EndpointWrappers17callback_selectorCsccnIogsiy8K_5tests
FNDA:5669,_RNvYINtCs3aglMvM78jK_12lending_pool11ContractObjINtNtNtNtCs1rODQd5oASQ_22multiversx_sc_scenario3api7impl_vh12vm_hooks_api10VMHooksApiNtNtBP_9debug_api15DebugApiBackendEENtCs3rOA4D9qoaG_13common_events16EndpointWrappers4callCsccnIogsiy8K_5tests
FNDA:0,_RNvYINtCs3aglMvM78jK_12lending_pool11ContractObjINtNtNtNtCs1rODQd5oASQ_22multiversx_sc_scenario3api7impl_vh12vm_hooks_api10VMHooksApiNtNtBP_9debug_api15DebugApiBackendEENtCs3rOA4D9qoaG_13common_events16EndpointWrappers8callbackCsccnIogsiy8K_5tests
FNF:2
FNH:2
DA:7,6630
DA:46,884
DA:47,884
DA:48,884
DA:49,884
DA:50,884
DA:51,884
DA:52,884
DA:53,884
DA:54,884
DA:55,884
DA:56,884
DA:57,884
BRF:0
BRH:0
LF:13
LH:13
end_of_record
SF:/Users/mihaieremia/GitHub/rs-lending/common/structs/src/model.rs
FN:146,_RINvXs10_Cs2eHPTk3TAlu_14common_structsINtB7_25EgldOrEsdtTokenPaymentNewINtNtNtNtCs1rODQd5oASQ_22multiversx_sc_scenario3api7impl_vh12vm_hooks_api10VMHooksApiNtNtB1d_9debug_api15DebugApiBackendEENtNtNtNtNtCslPMlHj3qn2H_13multiversx_sc5types7managed7wrapped16managed_vec_item14ManagedVecItem16from_byte_readerNCNvMs2_NtB3a_11managed_vecINtB53_10ManagedVecB18_BB_E7try_get0ECsccnIogsiy8K_5tests
FN:146,_RINvXs10_Cs2eHPTk3TAlu_14common_structsINtB7_25EgldOrEsdtTokenPaymentNewINtNtNtNtCs1rODQd5oASQ_22multiversx_sc_scenario3api7impl_vh12vm_hooks_api10VMHooksApiNtNtB1d_9debug_api15DebugApiBackendEENtNtNtNtNtCslPMlHj3qn2H_13multiversx_sc5types7managed7wrapped16managed_vec_item14ManagedVecItem16from_byte_readerNCNvXs0_NtB3a_22managed_vec_owned_iterINtB53_23ManagedVecOwnedIteratorB18_BB_ENtNtNtNtCslGS7pEIChKc_4core4iter6traits8iterator8Iterator4next0ECsccnIogsiy8K_5tests
FN:146,_RINvXs10_Cs2eHPTk3TAlu_14common_structsINtB7_25EgldOrEsdtTokenPaymentNewINtNtNtNtCs1rODQd5oASQ_22multiversx_sc_scenario3api7impl_vh12vm_hooks_api10VMHooksApiNtNtB1d_9debug_api15DebugApiBackendEENtNtNtNtNtCslPMlHj3qn2H_13multiversx_sc5types7managed7wrapped16managed_vec_item14ManagedVecItem16into_byte_writeruNCNvMs2_NtB3a_11managed_vecINtB54_10ManagedVecB18_BB_E4push0ECsccnIogsiy8K_5tests
FN:146,_RINvXs10_Cs2eHPTk3TAlu_14common_structsINtB7_25EgldOrEsdtTokenPaymentNewINtNtNtNtCs1rODQd5oASQ_22multiversx_sc_scenario3api7impl_vh12vm_hooks_api10VMHooksApiNtNtB1d_9debug_api15DebugApiBackendEENtNtNtNtNtCslPMlHj3qn2H_13multiversx_sc5types7managed7wrapped16managed_vec_item14ManagedVecItem26from_byte_reader_as_borrowNCNvMs2_NtB3a_11managed_vecINtB5d_10ManagedVecB18_BB_E7try_get0ECsccnIogsiy8K_5tests
FN:111,_RINvXs1B_Cs2eHPTk3TAlu_14common_structsINtB7_23AssetExtendedConfigViewINtNtNtNtCs1rODQd5oASQ_22multiversx_sc_scenario3api7impl_vh12vm_hooks_api10VMHooksApiNtNtB1b_9debug_api15DebugApiBackendEENtNtNtNtNtCslPMlHj3qn2H_13multiversx_sc5types7managed7wrapped16managed_vec_item14ManagedVecItem16from_byte_readerNCNvXs0_NtB38_22managed_vec_owned_iterINtB51_23ManagedVecOwnedIteratorB16_BB_ENtNtNtNtCslGS7pEIChKc_4core4iter6traits8iterator8Iterator4next0ECsccnIogsiy8K_5tests
FN:111,_RINvXs1B_Cs2eHPTk3TAlu_14common_structsINtB7_23AssetExtendedConfigViewINtNtNtNtCs1rODQd5oASQ_22multiversx_sc_scenario3api7impl_vh12vm_hooks_api10VMHooksApiNtNtB1b_9debug_api15DebugApiBackendEENtNtNtNtNtCslPMlHj3qn2H_13multiversx_sc5types7managed7wrapped16managed_vec_item14ManagedVecItem16into_byte_writeruNCNvMs2_NtB38_11managed_vecINtB52_10ManagedVecB16_BB_E4push0ECsccnIogsiy8K_5tests
FN:111,_RINvXs1E_Cs2eHPTk3TAlu_14common_structsINtB7_23AssetExtendedConfigViewINtNtNtNtCs1rODQd5oASQ_22multiversx_sc_scenario3api7impl_vh12vm_hooks_api10VMHooksApiNtNtB1b_9debug_api15DebugApiBackendEENtNtNtCs5SUGlJDgeoS_19multiversx_sc_codec6single9nested_en12NestedEncode24dep_encode_or_handle_errINtNtNtNtNtNtCslPMlHj3qn2H_13multiversx_sc5types7managed7wrapped7builder22managed_buffer_builder20ManagedBufferBuilderB16_EINtNtNtNtB4R_13contract_base8wrappers10serializer21ExitCodecErrorHandlerB16_EECsccnIogsiy8K_5tests
FN:76,_RINvXs1J_Cs2eHPTk3TAlu_14common_structsINtB7_11AssetConfigINtNtNtNtCs1rODQd5oASQ_22multiversx_sc_scenario3api7impl_vh12vm_hooks_api10VMHooksApiNtNtBZ_9debug_api15DebugApiBackendEENtNtNtNtNtCslPMlHj3qn2H_13multiversx_sc5types7managed7wrapped16managed_vec_item14ManagedVecItem16from_byte_readerNCINvXs1B_B7_INtB7_23AssetExtendedConfigViewBU_EB2R_16from_byte_readerNCNvXs0_NtB2V_22managed_vec_owned_iterINtB5W_23ManagedVecOwnedIteratorBU_B4T_ENtNtNtNtCslGS7pEIChKc_4core4iter6traits8iterator8Iterator4next0E0ECsccnIogsiy8K_5tests
FN:76,_RINvXs1J_Cs2eHPTk3TAlu_14common_structsINtB7_11AssetConfigINtNtNtNtCs1rODQd5oASQ_22multiversx_sc_scenario3api7impl_vh12vm_hooks_api10VMHooksApiNtNtBZ_9debug_api15DebugApiBackendEENtNtNtNtNtCslPMlHj3qn2H_13multiversx_sc5types7managed7wrapped16managed_vec_item14ManagedVecItem16into_byte_writeruNCINvXs1B_B7_INtB7_23AssetExtendedConfigViewBU_EB2R_16into_byte_writeruNCNvMs2_NtB2V_11managed_vecINtB5Y_10ManagedVecBU_B4U_E4push0E0ECsccnIogsiy8K_5tests
FN:76,_RINvXs1K_Cs2eHPTk3TAlu_14common_structsINtB7_11AssetConfigINtNtNtNtCs1rODQd5oASQ_22multiversx_sc_scenario3api7impl_vh12vm_hooks_api10VMHooksApiNtNtBZ_9debug_api15DebugApiBackendEENtNtNtCs5SUGlJDgeoS_19multiversx_sc_codec6single6top_en9TopEncode24top_encode_or_handle_errINtNtNtCslPMlHj3qn2H_13multiversx_sc2io6finish16ApiOutputAdapterBU_EINtNtNtNtB4r_13contract_base8wrappers10serializer21ExitCodecErrorHandlerBU_EECsccnIogsiy8K_5tests
FN:76,_RINvXs1K_Cs2eHPTk3TAlu_14common_structsINtB7_11AssetConfigINtNtNtNtCs1rODQd5oASQ_22multiversx_sc_scenario3api7impl_vh12vm_hooks_api10VMHooksApiNtNtBZ_9debug_api15DebugApiBackendEENtNtNtCs5SUGlJDgeoS_19multiversx_sc_codec6single6top_en9TopEncode24top_encode_or_handle_errINtNtNtCslPMlHj3qn2H_13multiversx_sc7storage11storage_set16StorageSetOutputBU_EINtNtNtNtB4r_13contract_base8wrappers10serializer21ExitCodecErrorHandlerBU_EECsccnIogsiy8K_5tests
FN:76,_RINvXs1K_Cs2eHPTk3TAlu_14common_structsINtB7_11AssetConfigINtNtNtNtCs1rODQd5oASQ_22multiversx_sc_scenario3api7impl_vh12vm_hooks_api10VMHooksApiNtNtBZ_9debug_api15DebugApiBackendEENtNtNtCs5SUGlJDgeoS_19multiversx_sc_codec6single6top_en9TopEncode24top_encode_or_handle_errQINtNtNtNtNtCslPMlHj3qn2H_13multiversx_sc5types7managed5basic14managed_buffer13ManagedBufferBU_EINtNtNtNtB4w_13contract_base8wrappers10serializer21ExitCodecErrorHandlerBU_EECsccnIogsiy8K_5tests
FN:76,_RINvXs1L_Cs2eHPTk3TAlu_14common_structsINtB7_11AssetConfigINtNtNtNtCs1rODQd5oASQ_22multiversx_sc_scenario3api7impl_vh12vm_hooks_api10VMHooksApiNtNtBZ_9debug_api15DebugApiBackendEENtNtNtCs5SUGlJDgeoS_19multiversx_sc_codec6single6top_de9TopDecode24top_decode_or_handle_errINtNtNtCslPMlHj3qn2H_13multiversx_sc7storage11storage_get15StorageGetInputBU_EINtB4n_22StorageGetErrorHandlerBU_EECsccnIogsiy8K_5tests
FN:76,_RINvXs1M_Cs2eHPTk3TAlu_14common_structsINtB7_11AssetConfigINtNtNtNtCs1rODQd5oASQ_22multiversx_sc_scenario3api7impl_vh12vm_hooks_api10VMHooksApiNtNtBZ_9debug_api15DebugApiBackendEENtNtNtCs5SUGlJDgeoS_19multiversx_sc_codec6single9nested_en12NestedEncode24dep_encode_or_handle_errINtNtNtNtNtNtCslPMlHj3qn2H_13multiversx_sc5types7managed7wrapped7builder22managed_buffer_builder20ManagedBufferBuilderBU_EINtNtNtNtB4E_13contract_base8wrappers10serializer21ExitCodecErrorHandlerBU_EECsccnIogsiy8K_5tests
FN:29,_RINvXs1S_Cs2eHPTk3TAlu_14common_structsINtB7_15AccountPositionINtNtNtNtCs1rODQd5oASQ_22multiversx_sc_scenario3api7impl_vh12vm_hooks_api10VMHooksApiNtNtB13_9debug_api15DebugApiBackendEENtNtNtNtNtCslPMlHj3qn2H_13multiversx_sc5types7managed7wrapped16managed_vec_item14ManagedVecItem16from_byte_readerNCNvMs2_NtB30_11managed_vecINtB4T_10ManagedVecBY_BB_E7try_get0ECsccnIogsiy8K_5tests
FN:29,_RINvXs1S_Cs2eHPTk3TAlu_14common_structsINtB7_15AccountPositionINtNtNtNtCs1rODQd5oASQ_22multiversx_sc_scenario3api7impl_vh12vm_hooks_api10VMHooksApiNtNtB13_9debug_api15DebugApiBackendEENtNtNtNtNtCslPMlHj3qn2H_13multiversx_sc5types7managed7wrapped16managed_vec_item14ManagedVecItem16from_byte_readerNCNvXs0_NtB30_22managed_vec_owned_iterINtB4T_23ManagedVecOwnedIteratorBY_BB_ENtNtNtNtCslGS7pEIChKc_4core4iter6traits8iterator8Iterator4next0ECsccnIogsiy8K_5tests
FN:29,_RINvXs1S_Cs2eHPTk3TAlu_14common_structsINtB7_15AccountPositionINtNtNtNtCs1rODQd5oASQ_22multiversx_sc_scenario3api7impl_vh12vm_hooks_api10VMHooksApiNtNtB13_9debug_api15DebugApiBackendEENtNtNtNtNtCslPMlHj3qn2H_13multiversx_sc5types7managed7wrapped16managed_vec_item14ManagedVecItem16into_byte_writerINtNtCslGS7pEIChKc_4core6result6ResultuNtNtNtNtB36_3api13managed_types18managed_buffer_api17InvalidSliceErrorENCNvMs2_NtB30_11managed_vecINtB6F_10ManagedVecBY_BB_E3set0ECsccnIogsiy8K_5tests
FN:29,_RINvXs1S_Cs2eHPTk3TAlu_14common_structsINtB7_15AccountPositionINtNtNtNtCs1rODQd5oASQ_22multiversx_sc_scenario3api7impl_vh12vm_hooks_api10VMHooksApiNtNtB13_9debug_api15DebugApiBackendEENtNtNtNtNtCslPMlHj3qn2H_13multiversx_sc5types7managed7wrapped16managed_vec_item14ManagedVecItem16into_byte_writeruNCNvMs2_NtB30_11managed_vecINtB4U_10ManagedVecBY_BB_E4push0ECsccnIogsiy8K_5tests
FN:29,_RINvXs1S_Cs2eHPTk3TAlu_14common_structsINtB7_15AccountPositionINtNtNtNtCs1rODQd5oASQ_22multiversx_sc_scenario3api7impl_vh12vm_hooks_api10VMHooksApiNtNtB13_9debug_api15DebugApiBackendEENtNtNtNtNtCslPMlHj3qn2H_13multiversx_sc5types7managed7wrapped16managed_vec_item14ManagedVecItem26from_byte_reader_as_borrowNCNvMs2_NtB30_11managed_vecINtB53_10ManagedVecBY_BB_E7try_get0ECsccnIogsiy8K_5tests
FN:29,_RINvXs1T_Cs2eHPTk3TAlu_14common_structsINtB7_15AccountPositionINtNtNtNtCs1rODQd5oASQ_22multiversx_sc_scenario3api7impl_vh12vm_hooks_api10VMHooksApiNtNtB13_9debug_api15DebugApiBackendEENtNtNtCs5SUGlJDgeoS_19multiversx_sc_codec6single9nested_en12NestedEncode24dep_encode_or_handle_errINtNtNtNtNtNtCslPMlHj3qn2H_13multiversx_sc5types7managed7wrapped7builder22managed_buffer_builder20ManagedBufferBuilderBY_EINtNtNtNtB4J_13contract_base8wrappers10serializer21ExitCodecErrorHandlerBY_EECsccnIogsiy8K_5tests
FN:29,_RINvXs1V_Cs2eHPTk3TAlu_14common_structsINtB7_15AccountPositionINtNtNtNtCs1rODQd5oASQ_22multiversx_sc_scenario3api7impl_vh12vm_hooks_api10VMHooksApiNtNtB13_9debug_api15DebugApiBackendEENtNtNtCs5SUGlJDgeoS_19multiversx_sc_codec6single6top_en9TopEncode24top_encode_or_handle_errINtNtNtCslPMlHj3qn2H_13multiversx_sc2io6finish16ApiOutputAdapterBY_EINtNtNtNtB4w_13contract_base8wrappers10serializer21ExitCodecErrorHandlerBY_EECsccnIogsiy8K_5tests
FN:29,_RINvXs1V_Cs2eHPTk3TAlu_14common_structsINtB7_15AccountPositionINtNtNtNtCs1rODQd5oASQ_22multiversx_sc_scenario3api7impl_vh12vm_hooks_api10VMHooksApiNtNtB13_9debug_api15DebugApiBackendEENtNtNtCs5SUGlJDgeoS_19multiversx_sc_codec6single6top_en9TopEncode24top_encode_or_handle_errINtNtNtCslPMlHj3qn2H_13multiversx_sc7storage11storage_set16StorageSetOutputBY_EINtNtNtNtB4w_13contract_base8wrappers10serializer21ExitCodecErrorHandlerBY_EECsccnIogsiy8K_5tests
FN:29,_RINvXs1V_Cs2eHPTk3TAlu_14common_structsINtB7_15AccountPositionINtNtNtNtCs1rODQd5oASQ_22multiversx_sc_scenario3api7impl_vh12vm_hooks_api10VMHooksApiNtNtB13_9debug_api15DebugApiBackendEENtNtNtCs5SUGlJDgeoS_19multiversx_sc_codec6single6top_en9TopEncode24top_encode_or_handle_errQINtNtNtNtNtCslPMlHj3qn2H_13multiversx_sc5types7managed5basic14managed_buffer13ManagedBufferBY_EINtNtNtNtB4B_13contract_base8wrappers10serializer21ExitCodecErrorHandlerBY_EECsccnIogsiy8K_5tests
FN:29,_RINvXs1W_Cs2eHPTk3TAlu_14common_structsINtB7_15AccountPositionINtNtNtNtCs1rODQd5oASQ_22multiversx_sc_scenario3api7impl_vh12vm_hooks_api10VMHooksApiNtNtB13_9debug_api15DebugApiBackendEENtNtNtCs5SUGlJDgeoS_19multiversx_sc_codec6single6top_de9TopDecode24top_decode_or_handle_errINtNtNtCslPMlHj3qn2H_13multiversx_sc2io12arg_de_input14ArgDecodeInputBY_EINtNtB4u_17arg_error_handler15ArgErrorHandlerBY_EECsccnIogsiy8K_5tests
FN:29,_RINvXs1W_Cs2eHPTk3TAlu_14common_structsINtB7_15AccountPositionINtNtNtNtCs1rODQd5oASQ_22multiversx_sc_scenario3api7impl_vh12vm_hooks_api10VMHooksApiNtNtB13_9debug_api15DebugApiBackendEENtNtNtCs5SUGlJDgeoS_19multiversx_sc_codec6single6top_de9TopDecode24top_decode_or_handle_errINtNtNtCslPMlHj3qn2H_13multiversx_sc7storage11storage_get15StorageGetInputBY_EINtB4s_22StorageGetErrorHandlerBY_EECsccnIogsiy8K_5tests
FN:29,_RINvXs1W_Cs2eHPTk3TAlu_14common_structsINtB7_15AccountPositionINtNtNtNtCs1rODQd5oASQ_22multiversx_sc_scenario3api7impl_vh12vm_hooks_api10VMHooksApiNtNtB13_9debug_api15DebugApiBackendEENtNtNtCs5SUGlJDgeoS_19multiversx_sc_codec6single6top_de9TopDecode24top_decode_or_handle_errINtNtNtNtNtCslPMlHj3qn2H_13multiversx_sc5types7managed5basic14managed_buffer13ManagedBufferBY_EINtNtNtB4A_2io17arg_error_handler15ArgErrorHandlerBY_EECsccnIogsiy8K_5tests
FN:137,_RINvXs1f_Cs2eHPTk3TAlu_14common_structsNtB7_20NftAccountAttributesNtNtNtCs5SUGlJDgeoS_19multiversx_sc_codec6single6top_en9TopEncode24top_encode_or_handle_errINtNtNtCslPMlHj3qn2H_13multiversx_sc2io6finish16ApiOutputAdapterINtNtNtNtCs1rODQd5oASQ_22multiversx_sc_scenario3api7impl_vh12vm_hooks_api10VMHooksApiNtNtB3C_9debug_api15DebugApiBackendEEINtNtNtNtB2C_13contract_base8wrappers10serializer21ExitCodecErrorHandlerB3x_EECsccnIogsiy8K_5tests
FN:137,_RINvXs1f_Cs2eHPTk3TAlu_14common_structsNtB7_20NftAccountAttributesNtNtNtCs5SUGlJDgeoS_19multiversx_sc_codec6single6top_en9TopEncode24top_encode_or_handle_errINtNtNtCslPMlHj3qn2H_13multiversx_sc7storage11storage_set16StorageSetOutputINtNtNtNtCs1rODQd5oASQ_22multiversx_sc_scenario3api7impl_vh12vm_hooks_api10VMHooksApiNtNtB3N_9debug_api15DebugApiBackendEEINtNtNtNtB2C_13contract_base8wrappers10serializer21ExitCodecErrorHandlerB3I_EECsccnIogsiy8K_5tests
FN:137,_RINvXs1f_Cs2eHPTk3TAlu_14common_structsNtB7_20NftAccountAttributesNtNtNtCs5SUGlJDgeoS_19multiversx_sc_codec6single6top_en9TopEncode24top_encode_or_handle_errQINtNtCshTKFwE22Rw2_5alloc3vec3VechENtNtB18_17codec_err_handler19DefaultErrorHandlerECsccnIogsiy8K_5tests
FN:137,_RINvXs1f_Cs2eHPTk3TAlu_14common_structsNtB7_20NftAccountAttributesNtNtNtCs5SUGlJDgeoS_19multiversx_sc_codec6single6top_en9TopEncode24top_encode_or_handle_errQINtNtNtNtNtCslPMlHj3qn2H_13multiversx_sc5types7managed5basic14managed_buffer13ManagedBufferINtNtNtNtCs1rODQd5oASQ_22multiversx_sc_scenario3api7impl_vh12vm_hooks_api10VMHooksApiNtNtB44_9debug_api15DebugApiBackendEEINtNtNtNtB2H_13contract_base8wrappers10serializer21ExitCodecErrorHandlerB3Z_EECsccnIogsiy8K_5tests
FN:137,_RINvXs1g_Cs2eHPTk3TAlu_14common_structsNtB7_20NftAccountAttributesNtNtNtCs5SUGlJDgeoS_19multiversx_sc_codec6single6top_de9TopDecode24top_decode_or_handle_errINtNtNtCslPMlHj3qn2H_13multiversx_sc7storage11storage_get15StorageGetInputINtNtNtNtCs1rODQd5oASQ_22multiversx_sc_scenario3api7impl_vh12vm_hooks_api10VMHooksApiNtNtB3M_9debug_api15DebugApiBackendEEINtB2y_22StorageGetErrorHandlerB3H_EECsccnIogsiy8K_5tests
FN:137,_RINvXs1g_Cs2eHPTk3TAlu_14common_structsNtB7_20NftAccountAttributesNtNtNtCs5SUGlJDgeoS_19multiversx_sc_codec6single6top_de9TopDecode24top_decode_or_handle_errINtNtNtNtNtCslPMlHj3qn2H_13multiversx_sc5types7managed5basic14managed_buffer13ManagedBufferINtNtNtNtCs1rODQd5oASQ_22multiversx_sc_scenario3api7impl_vh12vm_hooks_api10VMHooksApiNtNtB43_9debug_api15DebugApiBackendEEINtNtNtNtB2G_13contract_base8wrappers10serializer21ExitCodecErrorHandlerB3Y_EECsccnIogsiy8K_5tests
FN:130,_RINvXs1m_Cs2eHPTk3TAlu_14common_structsNtB7_16EModeAssetConfigNtNtNtCs5SUGlJDgeoS_19multiversx_sc_codec6single6top_en9TopEncode24top_encode_or_handle_errINtNtNtCslPMlHj3qn2H_13multiversx_sc2io6finish16ApiOutputAdapterINtNtNtNtCs1rODQd5oASQ_22multiversx_sc_scenario3api7impl_vh12vm_hooks_api10VMHooksApiNtNtB3y_9debug_api15DebugApiBackendEEINtNtNtNtB2y_13contract_base8wrappers10serializer21ExitCodecErrorHandlerB3t_EECsccnIogsiy8K_5tests
FN:130,_RINvXs1m_Cs2eHPTk3TAlu_14common_structsNtB7_16EModeAssetConfigNtNtNtCs5SUGlJDgeoS_19multiversx_sc_codec6single6top_en9TopEncode24top_encode_or_handle_errINtNtNtCslPMlHj3qn2H_13multiversx_sc7storage11storage_set16StorageSetOutputINtNtNtNtCs1rODQd5oASQ_22multiversx_sc_scenario3api7impl_vh12vm_hooks_api10VMHooksApiNtNtB3J_9debug_api15DebugApiBackendEEINtNtNtNtB2y_13contract_base8wrappers10serializer21ExitCodecErrorHandlerB3E_EECsccnIogsiy8K_5tests
FN:130,_RINvXs1m_Cs2eHPTk3TAlu_14common_structsNtB7_16EModeAssetConfigNtNtNtCs5SUGlJDgeoS_19multiversx_sc_codec6single6top_en9TopEncode24top_encode_or_handle_errQINtNtNtNtNtCslPMlHj3qn2H_13multiversx_sc5types7managed5basic14managed_buffer13ManagedBufferINtNtNtNtCs1rODQd5oASQ_22multiversx_sc_scenario3api7impl_vh12vm_hooks_api10VMHooksApiNtNtB40_9debug_api15DebugApiBackendEEINtNtNtNtB2D_13contract_base8wrappers10serializer21ExitCodecErrorHandlerB3V_EECsccnIogsiy8K_5tests
FN:130,_RINvXs1n_Cs2eHPTk3TAlu_14common_structsNtB7_16EModeAssetConfigNtNtNtCs5SUGlJDgeoS_19multiversx_sc_codec6single6top_de9TopDecode24top_decode_or_handle_errINtNtNtCslPMlHj3qn2H_13multiversx_sc2io12arg_de_input14ArgDecodeInputINtNtNtNtCs1rODQd5oASQ_22multiversx_sc_scenario3api7impl_vh12vm_hooks_api10VMHooksApiNtNtB3D_9debug_api15DebugApiBackendEEINtNtB2w_17arg_error_handler15ArgErrorHandlerB3y_EECsccnIogsiy8K_5tests
FN:130,_RINvXs1n_Cs2eHPTk3TAlu_14common_structsNtB7_16EModeAssetConfigNtNtNtCs5SUGlJDgeoS_19multiversx_sc_codec6single6top_de9TopDecode24top_decode_or_handle_errINtNtNtCslPMlHj3qn2H_13multiversx_sc7storage11storage_get15StorageGetInputINtNtNtNtCs1rODQd5oASQ_22multiversx_sc_scenario3api7impl_vh12vm_hooks_api10VMHooksApiNtNtB3I_9debug_api15DebugApiBackendEEINtB2u_22StorageGetErrorHandlerB3D_EECsccnIogsiy8K_5tests
FN:120,_RINvXs1u_Cs2eHPTk3TAlu_14common_structsINtB7_13EModeCategoryINtNtNtNtCs1rODQd5oASQ_22multiversx_sc_scenario3api7impl_vh12vm_hooks_api10VMHooksApiNtNtB11_9debug_api15DebugApiBackendEENtNtNtCs5SUGlJDgeoS_19multiversx_sc_codec6single6top_en9TopEncode24top_encode_or_handle_errINtNtNtCslPMlHj3qn2H_13multiversx_sc2io6finish16ApiOutputAdapterBW_EINtNtNtNtB4u_13contract_base8wrappers10serializer21ExitCodecErrorHandlerBW_EECsccnIogsiy8K_5tests
FN:120,_RINvXs1u_Cs2eHPTk3TAlu_14common_structsINtB7_13EModeCategoryINtNtNtNtCs1rODQd5oASQ_22multiversx_sc_scenario3api7impl_vh12vm_hooks_api10VMHooksApiNtNtB11_9debug_api15DebugApiBackendEENtNtNtCs5SUGlJDgeoS_19multiversx_sc_codec6single6top_en9TopEncode24top_encode_or_handle_errINtNtNtCslPMlHj3qn2H_13multiversx_sc7storage11storage_set16StorageSetOutputBW_EINtNtNtNtB4u_13contract_base8wrappers10serializer21ExitCodecErrorHandlerBW_EECsccnIogsiy8K_5tests
FN:120,_RINvXs1u_Cs2eHPTk3TAlu_14common_structsINtB7_13EModeCategoryINtNtNtNtCs1rODQd5oASQ_22multiversx_sc_scenario3api7impl_vh12vm_hooks_api10VMHooksApiNtNtB11_9debug_api15DebugApiBackendEENtNtNtCs5SUGlJDgeoS_19multiversx_sc_codec6single6top_en9TopEncode24top_encode_or_handle_errQINtNtNtNtNtCslPMlHj3qn2H_13multiversx_sc5types7managed5basic14managed_buffer13ManagedBufferBW_EINtNtNtNtB4z_13contract_base8wrappers10serializer21ExitCodecErrorHandlerBW_EECsccnIogsiy8K_5tests
FN:120,_RINvXs1v_Cs2eHPTk3TAlu_14common_structsINtB7_13EModeCategoryINtNtNtNtCs1rODQd5oASQ_22multiversx_sc_scenario3api7impl_vh12vm_hooks_api10VMHooksApiNtNtB11_9debug_api15DebugApiBackendEENtNtNtCs5SUGlJDgeoS_19multiversx_sc_codec6single6top_de9TopDecode24top_decode_or_handle_errINtNtNtCslPMlHj3qn2H_13multiversx_sc2io12arg_de_input14ArgDecodeInputBW_EINtNtB4s_17arg_error_handler15ArgErrorHandlerBW_EECsccnIogsiy8K_5tests
FN:120,_RINvXs1v_Cs2eHPTk3TAlu_14common_structsINtB7_13EModeCategoryINtNtNtNtCs1rODQd5oASQ_22multiversx_sc_scenario3api7impl_vh12vm_hooks_api10VMHooksApiNtNtB11_9debug_api15DebugApiBackendEENtNtNtCs5SUGlJDgeoS_19multiversx_sc_codec6single6top_de9TopDecode24top_decode_or_handle_errINtNtNtCslPMlHj3qn2H_13multiversx_sc7storage11storage_get15StorageGetInputBW_EINtB4q_22StorageGetErrorHandlerBW_EECsccnIogsiy8K_5tests
FN:20,_RINvXs21_Cs2eHPTk3TAlu_14common_structsNtB7_19AccountPositionTypeNtNtNtNtNtCslPMlHj3qn2H_13multiversx_sc5types7managed7wrapped16managed_vec_item14ManagedVecItem16from_byte_readerNCINvXs1S_B7_INtB7_15AccountPositionINtNtNtNtCs1rODQd5oASQ_22multiversx_sc_scenario3api7impl_vh12vm_hooks_api10VMHooksApiNtNtB3v_9debug_api15DebugApiBackendEEB11_16from_byte_readerNCNvMs2_NtB15_11managed_vecINtB5S_10ManagedVecB3q_B33_E7try_get0E0ECsccnIogsiy8K_5tests
FN:20,_RINvXs21_Cs2eHPTk3TAlu_14common_structsNtB7_19AccountPositionTypeNtNtNtNtNtCslPMlHj3qn2H_13multiversx_sc5types7managed7wrapped16managed_vec_item14ManagedVecItem16from_byte_readerNCINvXs1S_B7_INtB7_15AccountPositionINtNtNtNtCs1rODQd5oASQ_22multiversx_sc_scenario3api7impl_vh12vm_hooks_api10VMHooksApiNtNtB3v_9debug_api15DebugApiBackendEEB11_16from_byte_readerNCNvXs0_NtB15_22managed_vec_owned_iterINtB5S_23ManagedVecOwnedIteratorB3q_B33_ENtNtNtNtCslGS7pEIChKc_4core4iter6traits8iterator8Iterator4next0E0ECsccnIogsiy8K_5tests
FN:20,_RINvXs21_Cs2eHPTk3TAlu_14common_structsNtB7_19AccountPositionTypeNtNtNtNtNtCslPMlHj3qn2H_13multiversx_sc5types7managed7wrapped16managed_vec_item14ManagedVecItem16into_byte_writeruNCINvXs1S_B7_INtB7_15AccountPositionINtNtNtNtCs1rODQd5oASQ_22multiversx_sc_scenario3api7impl_vh12vm_hooks_api10VMHooksApiNtNtB3w_9debug_api15DebugApiBackendEEB11_16into_byte_writerINtNtCslGS7pEIChKc_4core6result6ResultuNtNtNtNtB1b_3api13managed_types18managed_buffer_api17InvalidSliceErrorENCNvMs2_NtB15_11managed_vecINtB7F_10ManagedVecB3r_B34_E3set0E0ECsccnIogsiy8K_5tests
FN:20,_RINvXs21_Cs2eHPTk3TAlu_14common_structsNtB7_19AccountPositionTypeNtNtNtNtNtCslPMlHj3qn2H_13multiversx_sc5types7managed7wrapped16managed_vec_item14ManagedVecItem16into_byte_writeruNCINvXs1S_B7_INtB7_15AccountPositionINtNtNtNtCs1rODQd5oASQ_22multiversx_sc_scenario3api7impl_vh12vm_hooks_api10VMHooksApiNtNtB3w_9debug_api15DebugApiBackendEEB11_16into_byte_writeruNCNvMs2_NtB15_11managed_vecINtB5U_10ManagedVecB3r_B34_E4push0E0ECsccnIogsiy8K_5tests
FN:20,_RINvXs22_Cs2eHPTk3TAlu_14common_structsNtB7_19AccountPositionTypeNtNtNtCs5SUGlJDgeoS_19multiversx_sc_codec6single9nested_en12NestedEncode24dep_encode_or_handle_errINtNtNtNtNtCslPMlHj3qn2H_13multiversx_sc5types7managed5basic14managed_buffer13ManagedBufferINtNtNtNtCs1rODQd5oASQ_22multiversx_sc_scenario3api7impl_vh12vm_hooks_api10VMHooksApiNtNtB49_9debug_api15DebugApiBackendEEINtNtNtNtB2M_13contract_base8wrappers10serializer21ExitCodecErrorHandlerB44_EECsccnIogsiy8K_5tests
FN:20,_RINvXs22_Cs2eHPTk3TAlu_14common_structsNtB7_19AccountPositionTypeNtNtNtCs5SUGlJDgeoS_19multiversx_sc_codec6single9nested_en12NestedEncode24dep_encode_or_handle_errINtNtNtNtNtNtCslPMlHj3qn2H_13multiversx_sc5types7managed7wrapped7builder22managed_buffer_builder20ManagedBufferBuilderINtNtNtNtCs1rODQd5oASQ_22multiversx_sc_scenario3api7impl_vh12vm_hooks_api10VMHooksApiNtNtB4A_9debug_api15DebugApiBackendEEINtNtNtNtB2O_13contract_base8wrappers10serializer21ExitCodecErrorHandlerB4v_EECsccnIogsiy8K_5tests
FN:20,_RINvXs23_Cs2eHPTk3TAlu_14common_structsNtB7_19AccountPositionTypeNtNtNtCs5SUGlJDgeoS_19multiversx_sc_codec6single9nested_de12NestedDecode24dep_decode_or_handle_errINtNtNtNtNtCslPMlHj3qn2H_13multiversx_sc5types7managed10codec_util30managed_buffer_nested_de_input30ManagedBufferNestedDecodeInputINtNtNtNtCs1rODQd5oASQ_22multiversx_sc_scenario3api7impl_vh12vm_hooks_api10VMHooksApiNtNtB4M_9debug_api15DebugApiBackendEEINtNtNtB2M_2io17arg_error_handler15ArgErrorHandlerB4H_EECsccnIogsiy8K_5tests
FN:20,_RINvXs23_Cs2eHPTk3TAlu_14common_structsNtB7_19AccountPositionTypeNtNtNtCs5SUGlJDgeoS_19multiversx_sc_codec6single9nested_de12NestedDecode24dep_decode_or_handle_errINtNtNtNtNtCslPMlHj3qn2H_13multiversx_sc5types7managed10codec_util30managed_buffer_nested_de_input30ManagedBufferNestedDecodeInputINtNtNtNtCs1rODQd5oASQ_22multiversx_sc_scenario3api7impl_vh12vm_hooks_api10VMHooksApiNtNtB4M_9debug_api15DebugApiBackendEEINtNtNtB2M_7storage11storage_get22StorageGetErrorHandlerB4H_EECsccnIogsiy8K_5tests
FN:7,_RINvXs2d_Cs2eHPTk3TAlu_14common_structsINtB7_10PoolParamsINtNtNtNtCs1rODQd5oASQ_22multiversx_sc_scenario3api7impl_vh12vm_hooks_api10VMHooksApiNtNtBY_9debug_api15DebugApiBackendEENtNtNtCs5SUGlJDgeoS_19multiversx_sc_codec6single6top_en9TopEncode24top_encode_or_handle_errINtNtNtCslPMlHj3qn2H_13multiversx_sc2io6finish16ApiOutputAdapterBT_EINtNtNtNtB4q_13contract_base8wrappers10serializer21ExitCodecErrorHandlerBT_EECsccnIogsiy8K_5tests
FN:7,_RINvXs2d_Cs2eHPTk3TAlu_14common_structsINtB7_10PoolParamsINtNtNtNtCs1rODQd5oASQ_22multiversx_sc_scenario3api7impl_vh12vm_hooks_api10VMHooksApiNtNtBY_9debug_api15DebugApiBackendEENtNtNtCs5SUGlJDgeoS_19multiversx_sc_codec6single6top_en9TopEncode24top_encode_or_handle_errINtNtNtCslPMlHj3qn2H_13multiversx_sc7storage11storage_set16StorageSetOutputBT_EINtNtNtNtB4q_13contract_base8wrappers10serializer21ExitCodecErrorHandlerBT_EECsccnIogsiy8K_5tests
FN:7,_RINvXs2e_Cs2eHPTk3TAlu_14common_structsINtB7_10PoolParamsINtNtNtNtCs1rODQd5oASQ_22multiversx_sc_scenario3api7impl_vh12vm_hooks_api10VMHooksApiNtNtBY_9debug_api15DebugApiBackendEENtNtNtCs5SUGlJDgeoS_19multiversx_sc_codec6single6top_de9TopDecode24top_decode_or_handle_errINtNtNtCslPMlHj3qn2H_13multiversx_sc7storage11storage_get15StorageGetInputBT_EINtB4m_22StorageGetErrorHandlerBT_EECsccnIogsiy8K_5tests
FN:213,_RINvXs5_Cs2eHPTk3TAlu_14common_structsINtB6_22OraclePriceFluctuationINtNtNtNtCs1rODQd5oASQ_22multiversx_sc_scenario3api7impl_vh12vm_hooks_api10VMHooksApiNtNtB19_9debug_api15DebugApiBackendEENtNtNtCs5SUGlJDgeoS_19multiversx_sc_codec6single9nested_en12NestedEncode24dep_encode_or_handle_errINtNtNtNtNtNtCslPMlHj3qn2H_13multiversx_sc5types7managed7wrapped7builder22managed_buffer_builder20ManagedBufferBuilderB14_EINtNtNtNtB4P_13contract_base8wrappers10serializer21ExitCodecErrorHandlerB14_EECsccnIogsiy8K_5tests
FN:213,_RINvXs6_Cs2eHPTk3TAlu_14common_structsINtB6_22OraclePriceFluctuationINtNtNtNtCs1rODQd5oASQ_22multiversx_sc_scenario3api7impl_vh12vm_hooks_api10VMHooksApiNtNtB19_9debug_api15DebugApiBackendEENtNtNtCs5SUGlJDgeoS_19multiversx_sc_codec6single9nested_de12NestedDecode24dep_decode_or_handle_errINtNtNtNtNtCslPMlHj3qn2H_13multiversx_sc5types7managed10codec_util30managed_buffer_nested_de_input30ManagedBufferNestedDecodeInputB14_EINtNtNtB4N_7storage11storage_get22StorageGetErrorHandlerB14_EECsccnIogsiy8K_5tests
FN:168,_RINvXsD_Cs2eHPTk3TAlu_14common_structsNtB6_10OracleTypeNtNtNtCs5SUGlJDgeoS_19multiversx_sc_codec6single9nested_en12NestedEncode24dep_encode_or_handle_errINtNtNtNtNtNtCslPMlHj3qn2H_13multiversx_sc5types7managed7wrapped7builder22managed_buffer_builder20ManagedBufferBuilderINtNtNtNtCs1rODQd5oASQ_22multiversx_sc_scenario3api7impl_vh12vm_hooks_api10VMHooksApiNtNtB4q_9debug_api15DebugApiBackendEEINtNtNtNtB2E_13contract_base8wrappers10serializer21ExitCodecErrorHandlerB4l_EECsccnIogsiy8K_5tests
FN:168,_RINvXsE_Cs2eHPTk3TAlu_14common_structsNtB6_10OracleTypeNtNtNtCs5SUGlJDgeoS_19multiversx_sc_codec6single9nested_de12NestedDecode24dep_decode_or_handle_errINtNtNtNtNtCslPMlHj3qn2H_13multiversx_sc5types7managed10codec_util30managed_buffer_nested_de_input30ManagedBufferNestedDecodeInputINtNtNtNtCs1rODQd5oASQ_22multiversx_sc_scenario3api7impl_vh12vm_hooks_api10VMHooksApiNtNtB4C_9debug_api15DebugApiBackendEEINtNtNtB2C_7storage11storage_get22StorageGetErrorHandlerB4x_EECsccnIogsiy8K_5tests
FN:168,_RINvXsF_Cs2eHPTk3TAlu_14common_structsNtB6_10OracleTypeNtNtNtCs5SUGlJDgeoS_19multiversx_sc_codec6single6top_en9TopEncode24top_encode_or_handle_errQINtNtNtNtNtCslPMlHj3qn2H_13multiversx_sc5types7managed5basic14managed_buffer13ManagedBufferINtNtNtNtCs1rODQd5oASQ_22multiversx_sc_scenario3api7impl_vh12vm_hooks_api10VMHooksApiNtNtB3T_10static_api16StaticApiBackendEEINtNtNtNtB2w_13contract_base8wrappers10serializer21ExitCodecErrorHandlerB3O_EECsccnIogsiy8K_5tests
FN:168,_RINvXsG_Cs2eHPTk3TAlu_14common_structsNtB6_10OracleTypeNtNtNtCs5SUGlJDgeoS_19multiversx_sc_codec6single6top_de9TopDecode24top_decode_or_handle_errINtNtNtCslPMlHj3qn2H_13multiversx_sc2io12arg_de_input14ArgDecodeInputINtNtNtNtCs1rODQd5oASQ_22multiversx_sc_scenario3api7impl_vh12vm_hooks_api10VMHooksApiNtNtB3w_9debug_api15DebugApiBackendEEINtNtB2p_17arg_error_handler15ArgErrorHandlerB3r_EECsccnIogsiy8K_5tests
FN:156,_RINvXsP_Cs2eHPTk3TAlu_14common_structsNtB6_13PricingMethodNtNtNtCs5SUGlJDgeoS_19multiversx_sc_codec6single9nested_en12NestedEncode24dep_encode_or_handle_errINtNtNtNtNtNtCslPMlHj3qn2H_13multiversx_sc5types7managed7wrapped7builder22managed_buffer_builder20ManagedBufferBuilderINtNtNtNtCs1rODQd5oASQ_22multiversx_sc_scenario3api7impl_vh12vm_hooks_api10VMHooksApiNtNtB4t_9debug_api15DebugApiBackendEEINtNtNtNtB2H_13contract_base8wrappers10serializer21ExitCodecErrorHandlerB4o_EECsccnIogsiy8K_5tests
FN:156,_RINvXsQ_Cs2eHPTk3TAlu_14common_structsNtB6_13PricingMethodNtNtNtCs5SUGlJDgeoS_19multiversx_sc_codec6single9nested_de12NestedDecode24dep_decode_or_handle_errINtNtNtNtNtCslPMlHj3qn2H_13multiversx_sc5types7managed10codec_util30managed_buffer_nested_de_input30ManagedBufferNestedDecodeInputINtNtNtNtCs1rODQd5oASQ_22multiversx_sc_scenario3api7impl_vh12vm_hooks_api10VMHooksApiNtNtB4F_9debug_api15DebugApiBackendEEINtNtNtB2F_7storage11storage_get22StorageGetErrorHandlerB4A_EECsccnIogsiy8K_5tests
FN:156,_RINvXsR_Cs2eHPTk3TAlu_14common_structsNtB6_13PricingMethodNtNtNtCs5SUGlJDgeoS_19multiversx_sc_codec6single6top_en9TopEncode24top_encode_or_handle_errQINtNtNtNtNtCslPMlHj3qn2H_13multiversx_sc5types7managed5basic14managed_buffer13ManagedBufferINtNtNtNtCs1rODQd5oASQ_22multiversx_sc_scenario3api7impl_vh12vm_hooks_api10VMHooksApiNtNtB3W_10static_api16StaticApiBackendEEINtNtNtNtB2z_13contract_base8wrappers10serializer21ExitCodecErrorHandlerB3R_EECsccnIogsiy8K_5tests
FN:156,_RINvXsS_Cs2eHPTk3TAlu_14common_structsNtB6_13PricingMethodNtNtNtCs5SUGlJDgeoS_19multiversx_sc_codec6single6top_de9TopDecode24top_decode_or_handle_errINtNtNtCslPMlHj3qn2H_13multiversx_sc2io12arg_de_input14ArgDecodeInputINtNtNtNtCs1rODQd5oASQ_22multiversx_sc_scenario3api7impl_vh12vm_hooks_api10VMHooksApiNtNtB3z_9debug_api15DebugApiBackendEEINtNtB2s_17arg_error_handler15ArgErrorHandlerB3u_EECsccnIogsiy8K_5tests
FN:203,_RINvXsc_Cs2eHPTk3TAlu_14common_structsINtB6_14PriceFeedShortINtNtNtNtCs1rODQd5oASQ_22multiversx_sc_scenario3api7impl_vh12vm_hooks_api10VMHooksApiNtNtB11_9debug_api15DebugApiBackendEENtNtNtCs5SUGlJDgeoS_19multiversx_sc_codec6single6top_en9TopEncode24top_encode_or_handle_errINtNtNtCslPMlHj3qn2H_13multiversx_sc2io6finish16ApiOutputAdapterBW_EINtNtNtNtB4u_13contract_base8wrappers10serializer21ExitCodecErrorHandlerBW_EECsccnIogsiy8K_5tests
FN:190,_RINvXsj_Cs2eHPTk3TAlu_14common_structsINtB6_14OracleProviderINtNtNtNtCs1rODQd5oASQ_22multiversx_sc_scenario3api7impl_vh12vm_hooks_api10VMHooksApiNtNtB11_9debug_api15DebugApiBackendEENtNtNtCs5SUGlJDgeoS_19multiversx_sc_codec6single6top_en9TopEncode24top_encode_or_handle_errINtNtNtCslPMlHj3qn2H_13multiversx_sc2io6finish16ApiOutputAdapterBW_EINtNtNtNtB4u_13contract_base8wrappers10serializer21ExitCodecErrorHandlerBW_EECsccnIogsiy8K_5tests
FN:190,_RINvXsj_Cs2eHPTk3TAlu_14common_structsINtB6_14OracleProviderINtNtNtNtCs1rODQd5oASQ_22multiversx_sc_scenario3api7impl_vh12vm_hooks_api10VMHooksApiNtNtB11_9debug_api15DebugApiBackendEENtNtNtCs5SUGlJDgeoS_19multiversx_sc_codec6single6top_en9TopEncode24top_encode_or_handle_errINtNtNtCslPMlHj3qn2H_13multiversx_sc7storage11storage_set16StorageSetOutputBW_EINtNtNtNtB4u_13contract_base8wrappers10serializer21ExitCodecErrorHandlerBW_EECsccnIogsiy8K_5tests
FN:190,_RINvXsk_Cs2eHPTk3TAlu_14common_structsINtB6_14OracleProviderINtNtNtNtCs1rODQd5oASQ_22multiversx_sc_scenario3api7impl_vh12vm_hooks_api10VMHooksApiNtNtB11_9debug_api15DebugApiBackendEENtNtNtCs5SUGlJDgeoS_19multiversx_sc_codec6single6top_de9TopDecode24top_decode_or_handle_errINtNtNtCslPMlHj3qn2H_13multiversx_sc7storage11storage_get15StorageGetInputBW_EINtB4q_22StorageGetErrorHandlerBW_EECsccnIogsiy8K_5tests
FN:179,_RINvXsr_Cs2eHPTk3TAlu_14common_structsNtB6_14ExchangeSourceNtNtNtCs5SUGlJDgeoS_19multiversx_sc_codec6single9nested_en12NestedEncode24dep_encode_or_handle_errINtNtNtNtNtNtCslPMlHj3qn2H_13multiversx_sc5types7managed7wrapped7builder22managed_buffer_builder20ManagedBufferBuilderINtNtNtNtCs1rODQd5oASQ_22multiversx_sc_scenario3api7impl_vh12vm_hooks_api10VMHooksApiNtNtB4u_9debug_api15DebugApiBackendEEINtNtNtNtB2I_13contract_base8wrappers10serializer21ExitCodecErrorHandlerB4p_EECsccnIogsiy8K_5tests
FN:179,_RINvXss_Cs2eHPTk3TAlu_14common_structsNtB6_14ExchangeSourceNtNtNtCs5SUGlJDgeoS_19multiversx_sc_codec6single9nested_de12NestedDecode24dep_decode_or_handle_errINtNtNtNtNtCslPMlHj3qn2H_13multiversx_sc5types7managed10codec_util30managed_buffer_nested_de_input30ManagedBufferNestedDecodeInputINtNtNtNtCs1rODQd5oASQ_22multiversx_sc_scenario3api7impl_vh12vm_hooks_api10VMHooksApiNtNtB4G_9debug_api15DebugApiBackendEEINtNtNtB2G_7storage11storage_get22StorageGetErrorHandlerB4B_EECsccnIogsiy8K_5tests
FN:179,_RINvXst_Cs2eHPTk3TAlu_14common_structsNtB6_14ExchangeSourceNtNtNtCs5SUGlJDgeoS_19multiversx_sc_codec6single6top_en9TopEncode24top_encode_or_handle_errQINtNtNtNtNtCslPMlHj3qn2H_13multiversx_sc5types7managed5basic14managed_buffer13ManagedBufferINtNtNtNtCs1rODQd5oASQ_22multiversx_sc_scenario3api7impl_vh12vm_hooks_api10VMHooksApiNtNtB3X_10static_api16StaticApiBackendEEINtNtNtNtB2A_13contract_base8wrappers10serializer21ExitCodecErrorHandlerB3S_EECsccnIogsiy8K_5tests
FN:179,_RINvXsu_Cs2eHPTk3TAlu_14common_structsNtB6_14ExchangeSourceNtNtNtCs5SUGlJDgeoS_19multiversx_sc_codec6single6top_de9TopDecode24top_decode_or_handle_errINtNtNtCslPMlHj3qn2H_13multiversx_sc2io12arg_de_input14ArgDecodeInputINtNtNtNtCs1rODQd5oASQ_22multiversx_sc_scenario3api7impl_vh12vm_hooks_api10VMHooksApiNtNtB3A_9debug_api15DebugApiBackendEEINtNtB2t_17arg_error_handler15ArgErrorHandlerB3v_EECsccnIogsiy8K_5tests
FN:146,_RNCINvXs10_Cs2eHPTk3TAlu_14common_structsINtB9_25EgldOrEsdtTokenPaymentNewINtNtNtNtCs1rODQd5oASQ_22multiversx_sc_scenario3api7impl_vh12vm_hooks_api10VMHooksApiNtNtB1f_9debug_api15DebugApiBackendEENtNtNtNtNtCslPMlHj3qn2H_13multiversx_sc5types7managed7wrapped16managed_vec_item14ManagedVecItem16from_byte_readerNCNvMs2_NtB3c_11managed_vecINtB55_10ManagedVecB1a_BD_E7try_get0E0CsccnIogsiy8K_5tests
FN:146,_RNCINvXs10_Cs2eHPTk3TAlu_14common_structsINtB9_25EgldOrEsdtTokenPaymentNewINtNtNtNtCs1rODQd5oASQ_22multiversx_sc_scenario3api7impl_vh12vm_hooks_api10VMHooksApiNtNtB1f_9debug_api15DebugApiBackendEENtNtNtNtNtCslPMlHj3qn2H_13multiversx_sc5types7managed7wrapped16managed_vec_item14ManagedVecItem16from_byte_readerNCNvMs2_NtB3c_11managed_vecINtB55_10ManagedVecB1a_BD_E7try_get0Es0_0CsccnIogsiy8K_5tests
FN:146,_RNCINvXs10_Cs2eHPTk3TAlu_14common_structsINtB9_25EgldOrEsdtTokenPaymentNewINtNtNtNtCs1rODQd5oASQ_22multiversx_sc_scenario3api7impl_vh12vm_hooks_api10VMHooksApiNtNtB1f_9debug_api15DebugApiBackendEENtNtNtNtNtCslPMlHj3qn2H_13multiversx_sc5types7managed7wrapped16managed_vec_item14ManagedVecItem16from_byte_readerNCNvMs2_NtB3c_11managed_vecINtB55_10ManagedVecB1a_BD_E7try_get0Es_0CsccnIogsiy8K_5tests
FN:146,_RNCINvXs10_Cs2eHPTk3TAlu_14common_structsINtB9_25EgldOrEsdtTokenPaymentNewINtNtNtNtCs1rODQd5oASQ_22multiversx_sc_scenario3api7impl_vh12vm_hooks_api10VMHooksApiNtNtB1f_9debug_api15DebugApiBackendEENtNtNtNtNtCslPMlHj3qn2H_13multiversx_sc5types7managed7wrapped16managed_vec_item14ManagedVecItem16from_byte_readerNCNvXs0_NtB3c_22managed_vec_owned_iterINtB55_23ManagedVecOwnedIteratorB1a_BD_ENtNtNtNtCslGS7pEIChKc_4core4iter6traits8iterator8Iterator4next0E0CsccnIogsiy8K_5tests
FN:146,_RNCINvXs10_Cs2eHPTk3TAlu_14common_structsINtB9_25EgldOrEsdtTokenPaymentNewINtNtNtNtCs1rODQd5oASQ_22multiversx_sc_scenario3api7impl_vh12vm_hooks_api10VMHooksApiNtNtB1f_9debug_api15DebugApiBackendEENtNtNtNtNtCslPMlHj3qn2H_13multiversx_sc5types7managed7wrapped16managed_vec_item14ManagedVecItem16from_byte_readerNCNvXs0_NtB3c_22managed_vec_owned_iterINtB55_23ManagedVecOwnedIteratorB1a_BD_ENtNtNtNtCslGS7pEIChKc_4core4iter6traits8iterator8Iterator4next0Es0_0CsccnIogsiy8K_5tests
FN:146,_RNCINvXs10_Cs2eHPTk3TAlu_14common_structsINtB9_25EgldOrEsdtTokenPaymentNewINtNtNtNtCs1rODQd5oASQ_22multiversx_sc_scenario3api7impl_vh12vm_hooks_api10VMHooksApiNtNtB1f_9debug_api15DebugApiBackendEENtNtNtNtNtCslPMlHj3qn2H_13multiversx_sc5types7managed7wrapped16managed_vec_item14ManagedVecItem16from_byte_readerNCNvXs0_NtB3c_22managed_vec_owned_iterINtB55_23ManagedVecOwnedIteratorB1a_BD_ENtNtNtNtCslGS7pEIChKc_4core4iter6traits8iterator8Iterator4next0Es_0CsccnIogsiy8K_5tests
FN:146,_RNCINvXs10_Cs2eHPTk3TAlu_14common_structsINtB9_25EgldOrEsdtTokenPaymentNewINtNtNtNtCs1rODQd5oASQ_22multiversx_sc_scenario3api7impl_vh12vm_hooks_api10VMHooksApiNtNtB1f_9debug_api15DebugApiBackendEENtNtNtNtNtCslPMlHj3qn2H_13multiversx_sc5types7managed7wrapped16managed_vec_item14ManagedVecItem16into_byte_writeruNCNvMs2_NtB3c_11managed_vecINtB56_10ManagedVecB1a_BD_E4push0E0CsccnIogsiy8K_5tests
FN:146,_RNCINvXs10_Cs2eHPTk3TAlu_14common_structsINtB9_25EgldOrEsdtTokenPaymentNewINtNtNtNtCs1rODQd5oASQ_22multiversx_sc_scenario3api7impl_vh12vm_hooks_api10VMHooksApiNtNtB1f_9debug_api15DebugApiBackendEENtNtNtNtNtCslPMlHj3qn2H_13multiversx_sc5types7managed7wrapped16managed_vec_item14ManagedVecItem16into_byte_writeruNCNvMs2_NtB3c_11managed_vecINtB56_10ManagedVecB1a_BD_E4push0Es0_0CsccnIogsiy8K_5tests
FN:146,_RNCINvXs10_Cs2eHPTk3TAlu_14common_structsINtB9_25EgldOrEsdtTokenPaymentNewINtNtNtNtCs1rODQd5oASQ_22multiversx_sc_scenario3api7impl_vh12vm_hooks_api10VMHooksApiNtNtB1f_9debug_api15DebugApiBackendEENtNtNtNtNtCslPMlHj3qn2H_13multiversx_sc5types7managed7wrapped16managed_vec_item14ManagedVecItem16into_byte_writeruNCNvMs2_NtB3c_11managed_vecINtB56_10ManagedVecB1a_BD_E4push0Es_0CsccnIogsiy8K_5tests
FN:111,_RNCINvXs1B_Cs2eHPTk3TAlu_14common_structsINtB9_23AssetExtendedConfigViewINtNtNtNtCs1rODQd5oASQ_22multiversx_sc_scenario3api7impl_vh12vm_hooks_api10VMHooksApiNtNtB1d_9debug_api15DebugApiBackendEENtNtNtNtNtCslPMlHj3qn2H_13multiversx_sc5types7managed7wrapped16managed_vec_item14ManagedVecItem16from_byte_readerNCNvXs0_NtB3a_22managed_vec_owned_iterINtB53_23ManagedVecOwnedIteratorB18_BD_ENtNtNtNtCslGS7pEIChKc_4core4iter6traits8iterator8Iterator4next0E0CsccnIogsiy8K_5tests
FN:111,_RNCINvXs1B_Cs2eHPTk3TAlu_14common_structsINtB9_23AssetExtendedConfigViewINtNtNtNtCs1rODQd5oASQ_22multiversx_sc_scenario3api7impl_vh12vm_hooks_api10VMHooksApiNtNtB1d_9debug_api15DebugApiBackendEENtNtNtNtNtCslPMlHj3qn2H_13multiversx_sc5types7managed7wrapped16managed_vec_item14ManagedVecItem16from_byte_readerNCNvXs0_NtB3a_22managed_vec_owned_iterINtB53_23ManagedVecOwnedIteratorB18_BD_ENtNtNtNtCslGS7pEIChKc_4core4iter6traits8iterator8Iterator4next0Es0_0CsccnIogsiy8K_5tests
FN:111,_RNCINvXs1B_Cs2eHPTk3TAlu_14common_structsINtB9_23AssetExtendedConfigViewINtNtNtNtCs1rODQd5oASQ_22multiversx_sc_scenario3api7impl_vh12vm_hooks_api10VMHooksApiNtNtB1d_9debug_api15DebugApiBackendEENtNtNtNtNtCslPMlHj3qn2H_13multiversx_sc5types7managed7wrapped16managed_vec_item14ManagedVecItem16from_byte_readerNCNvXs0_NtB3a_22managed_vec_owned_iterINtB53_23ManagedVecOwnedIteratorB18_BD_ENtNtNtNtCslGS7pEIChKc_4core4iter6traits8iterator8Iterator4next0Es1_0CsccnIogsiy8K_5tests
FN:111,_RNCINvXs1B_Cs2eHPTk3TAlu_14common_structsINtB9_23AssetExtendedConfigViewINtNtNtNtCs1rODQd5oASQ_22multiversx_sc_scenario3api7impl_vh12vm_hooks_api10VMHooksApiNtNtB1d_9debug_api15DebugApiBackendEENtNtNtNtNtCslPMlHj3qn2H_13multiversx_sc5types7managed7wrapped16managed_vec_item14ManagedVecItem16from_byte_readerNCNvXs0_NtB3a_22managed_vec_owned_iterINtB53_23ManagedVecOwnedIteratorB18_BD_ENtNtNtNtCslGS7pEIChKc_4core4iter6traits8iterator8Iterator4next0Es_0CsccnIogsiy8K_5tests
FN:111,_RNCINvXs1B_Cs2eHPTk3TAlu_14common_structsINtB9_23AssetExtendedConfigViewINtNtNtNtCs1rODQd5oASQ_22multiversx_sc_scenario3api7impl_vh12vm_hooks_api10VMHooksApiNtNtB1d_9debug_api15DebugApiBackendEENtNtNtNtNtCslPMlHj3qn2H_13multiversx_sc5types7managed7wrapped16managed_vec_item14ManagedVecItem16into_byte_writeruNCNvMs2_NtB3a_11managed_vecINtB54_10ManagedVecB18_BD_E4push0E0CsccnIogsiy8K_5tests
FN:111,_RNCINvXs1B_Cs2eHPTk3TAlu_14common_structsINtB9_23AssetExtendedConfigViewINtNtNtNtCs1rODQd5oASQ_22multiversx_sc_scenario3api7impl_vh12vm_hooks_api10VMHooksApiNtNtB1d_9debug_api15DebugApiBackendEENtNtNtNtNtCslPMlHj3qn2H_13multiversx_sc5types7managed7wrapped16managed_vec_item14ManagedVecItem16into_byte_writeruNCNvMs2_NtB3a_11managed_vecINtB54_10ManagedVecB18_BD_E4push0Es0_0CsccnIogsiy8K_5tests
FN:111,_RNCINvXs1B_Cs2eHPTk3TAlu_14common_structsINtB9_23AssetExtendedConfigViewINtNtNtNtCs1rODQd5oASQ_22multiversx_sc_scenario3api7impl_vh12vm_hooks_api10VMHooksApiNtNtB1d_9debug_api15DebugApiBackendEENtNtNtNtNtCslPMlHj3qn2H_13multiversx_sc5types7managed7wrapped16managed_vec_item14ManagedVecItem16into_byte_writeruNCNvMs2_NtB3a_11managed_vecINtB54_10ManagedVecB18_BD_E4push0Es1_0CsccnIogsiy8K_5tests
FN:111,_RNCINvXs1B_Cs2eHPTk3TAlu_14common_structsINtB9_23AssetExtendedConfigViewINtNtNtNtCs1rODQd5oASQ_22multiversx_sc_scenario3api7impl_vh12vm_hooks_api10VMHooksApiNtNtB1d_9debug_api15DebugApiBackendEENtNtNtNtNtCslPMlHj3qn2H_13multiversx_sc5types7managed7wrapped16managed_vec_item14ManagedVecItem16into_byte_writeruNCNvMs2_NtB3a_11managed_vecINtB54_10ManagedVecB18_BD_E4push0Es_0CsccnIogsiy8K_5tests
FN:76,_RNCINvXs1J_Cs2eHPTk3TAlu_14common_structsINtB9_11AssetConfigINtNtNtNtCs1rODQd5oASQ_22multiversx_sc_scenario3api7impl_vh12vm_hooks_api10VMHooksApiNtNtB11_9debug_api15DebugApiBackendEENtNtNtNtNtCslPMlHj3qn2H_13multiversx_sc5types7managed7wrapped16managed_vec_item14ManagedVecItem16from_byte_readerNCINvXs1B_B9_INtB9_23AssetExtendedConfigViewBW_EB2U_16from_byte_readerNCNvXs0_NtB2Y_22managed_vec_owned_iterINtB5Z_23ManagedVecOwnedIteratorBW_B4W_ENtNtNtNtCslGS7pEIChKc_4core4iter6traits8iterator8Iterator4next0E0E0CsccnIogsiy8K_5tests
FN:76,_RNCINvXs1J_Cs2eHPTk3TAlu_14common_structsINtB9_11AssetConfigINtNtNtNtCs1rODQd5oASQ_22multiversx_sc_scenario3api7impl_vh12vm_hooks_api10VMHooksApiNtNtB11_9debug_api15DebugApiBackendEENtNtNtNtNtCslPMlHj3qn2H_13multiversx_sc5types7managed7wrapped16managed_vec_item14ManagedVecItem16from_byte_readerNCINvXs1B_B9_INtB9_23AssetExtendedConfigViewBW_EB2U_16from_byte_readerNCNvXs0_NtB2Y_22managed_vec_owned_iterINtB5Z_23ManagedVecOwnedIteratorBW_B4W_ENtNtNtNtCslGS7pEIChKc_4core4iter6traits8iterator8Iterator4next0E0Es0_0CsccnIogsiy8K_5tests
FN:76,_RNCINvXs1J_Cs2eHPTk3TAlu_14common_structsINtB9_11AssetConfigINtNtNtNtCs1rODQd5oASQ_22multiversx_sc_scenario3api7impl_vh12vm_hooks_api10VMHooksApiNtNtB11_9debug_api15DebugApiBackendEENtNtNtNtNtCslPMlHj3qn2H_13multiversx_sc5types7managed7wrapped16managed_vec_item14ManagedVecItem16from_byte_readerNCINvXs1B_B9_INtB9_23AssetExtendedConfigViewBW_EB2U_16from_byte_readerNCNvXs0_NtB2Y_22managed_vec_owned_iterINtB5Z_23ManagedVecOwnedIteratorBW_B4W_ENtNtNtNtCslGS7pEIChKc_4core4iter6traits8iterator8Iterator4next0E0Es1_0CsccnIogsiy8K_5tests
FN:76,_RNCINvXs1J_Cs2eHPTk3TAlu_14common_structsINtB9_11AssetConfigINtNtNtNtCs1rODQd5oASQ_22multiversx_sc_scenario3api7impl_vh12vm_hooks_api10VMHooksApiNtNtB11_9debug_api15DebugApiBackendEENtNtNtNtNtCslPMlHj3qn2H_13multiversx_sc5types7managed7wrapped16managed_vec_item14ManagedVecItem16from_byte_readerNCINvXs1B_B9_INtB9_23AssetExtendedConfigViewBW_EB2U_16from_byte_readerNCNvXs0_NtB2Y_22managed_vec_owned_iterINtB5Z_23ManagedVecOwnedIteratorBW_B4W_ENtNtNtNtCslGS7pEIChKc_4core4iter6traits8iterator8Iterator4next0E0Es2_0CsccnIogsiy8K_5tests
FN:76,_RNCINvXs1J_Cs2eHPTk3TAlu_14common_structsINtB9_11AssetConfigINtNtNtNtCs1rODQd5oASQ_22multiversx_sc_scenario3api7impl_vh12vm_hooks_api10VMHooksApiNtNtB11_9debug_api15DebugApiBackendEENtNtNtNtNtCslPMlHj3qn2H_13multiversx_sc5types7managed7wrapped16managed_vec_item14ManagedVecItem16from_byte_readerNCINvXs1B_B9_INtB9_23AssetExtendedConfigViewBW_EB2U_16from_byte_readerNCNvXs0_NtB2Y_22managed_vec_owned_iterINtB5Z_23ManagedVecOwnedIteratorBW_B4W_ENtNtNtNtCslGS7pEIChKc_4core4iter6traits8iterator8Iterator4next0E0Es3_0CsccnIogsiy8K_5tests
FN:76,_RNCINvXs1J_Cs2eHPTk3TAlu_14common_structsINtB9_11AssetConfigINtNtNtNtCs1rODQd5oASQ_22multiversx_sc_scenario3api7impl_vh12vm_hooks_api10VMHooksApiNtNtB11_9debug_api15DebugApiBackendEENtNtNtNtNtCslPMlHj3qn2H_13multiversx_sc5types7managed7wrapped16managed_vec_item14ManagedVecItem16from_byte_readerNCINvXs1B_B9_INtB9_23AssetExtendedConfigViewBW_EB2U_16from_byte_readerNCNvXs0_NtB2Y_22managed_vec_owned_iterINtB5Z_23ManagedVecOwnedIteratorBW_B4W_ENtNtNtNtCslGS7pEIChKc_4core4iter6traits8iterator8Iterator4next0E0Es4_0CsccnIogsiy8K_5tests
FN:76,_RNCINvXs1J_Cs2eHPTk3TAlu_14common_structsINtB9_11AssetConfigINtNtNtNtCs1rODQd5oASQ_22multiversx_sc_scenario3api7impl_vh12vm_hooks_api10VMHooksApiNtNtB11_9debug_api15DebugApiBackendEENtNtNtNtNtCslPMlHj3qn2H_13multiversx_sc5types7managed7wrapped16managed_vec_item14ManagedVecItem16from_byte_readerNCINvXs1B_B9_INtB9_23AssetExtendedConfigViewBW_EB2U_16from_byte_readerNCNvXs0_NtB2Y_22managed_vec_owned_iterINtB5Z_23ManagedVecOwnedIteratorBW_B4W_ENtNtNtNtCslGS7pEIChKc_4core4iter6traits8iterator8Iterator4next0E0Es5_0CsccnIogsiy8K_5tests
FN:76,_RNCINvXs1J_Cs2eHPTk3TAlu_14common_structsINtB9_11AssetConfigINtNtNtNtCs1rODQd5oASQ_22multiversx_sc_scenario3api7impl_vh12vm_hooks_api10VMHooksApiNtNtB11_9debug_api15DebugApiBackendEENtNtNtNtNtCslPMlHj3qn2H_13multiversx_sc5types7managed7wrapped16managed_vec_item14ManagedVecItem16from_byte_readerNCINvXs1B_B9_INtB9_23AssetExtendedConfigViewBW_EB2U_16from_byte_readerNCNvXs0_NtB2Y_22managed_vec_owned_iterINtB5Z_23ManagedVecOwnedIteratorBW_B4W_ENtNtNtNtCslGS7pEIChKc_4core4iter6traits8iterator8Iterator4next0E0Es6_0CsccnIogsiy8K_5tests
FN:76,_RNCINvXs1J_Cs2eHPTk3TAlu_14common_structsINtB9_11AssetConfigINtNtNtNtCs1rODQd5oASQ_22multiversx_sc_scenario3api7impl_vh12vm_hooks_api10VMHooksApiNtNtB11_9debug_api15DebugApiBackendEENtNtNtNtNtCslPMlHj3qn2H_13multiversx_sc5types7managed7wrapped16managed_vec_item14ManagedVecItem16from_byte_readerNCINvXs1B_B9_INtB9_23AssetExtendedConfigViewBW_EB2U_16from_byte_readerNCNvXs0_NtB2Y_22managed_vec_owned_iterINtB5Z_23ManagedVecOwnedIteratorBW_B4W_ENtNtNtNtCslGS7pEIChKc_4core4iter6traits8iterator8Iterator4next0E0Es7_0CsccnIogsiy8K_5tests
FN:76,_RNCINvXs1J_Cs2eHPTk3TAlu_14common_structsINtB9_11AssetConfigINtNtNtNtCs1rODQd5oASQ_22multiversx_sc_scenario3api7impl_vh12vm_hooks_api10VMHooksApiNtNtB11_9debug_api15DebugApiBackendEENtNtNtNtNtCslPMlHj3qn2H_13multiversx_sc5types7managed7wrapped16managed_vec_item14ManagedVecItem16from_byte_readerNCINvXs1B_B9_INtB9_23AssetExtendedConfigViewBW_EB2U_16from_byte_readerNCNvXs0_NtB2Y_22managed_vec_owned_iterINtB5Z_23ManagedVecOwnedIteratorBW_B4W_ENtNtNtNtCslGS7pEIChKc_4core4iter6traits8iterator8Iterator4next0E0Es8_0CsccnIogsiy8K_5tests
FN:76,_RNCINvXs1J_Cs2eHPTk3TAlu_14common_structsINtB9_11AssetConfigINtNtNtNtCs1rODQd5oASQ_22multiversx_sc_scenario3api7impl_vh12vm_hooks_api10VMHooksApiNtNtB11_9debug_api15DebugApiBackendEENtNtNtNtNtCslPMlHj3qn2H_13multiversx_sc5types7managed7wrapped16managed_vec_item14ManagedVecItem16from_byte_readerNCINvXs1B_B9_INtB9_23AssetExtendedConfigViewBW_EB2U_16from_byte_readerNCNvXs0_NtB2Y_22managed_vec_owned_iterINtB5Z_23ManagedVecOwnedIteratorBW_B4W_ENtNtNtNtCslGS7pEIChKc_4core4iter6traits8iterator8Iterator4next0E0Es9_0CsccnIogsiy8K_5tests
FN:76,_RNCINvXs1J_Cs2eHPTk3TAlu_14common_structsINtB9_11AssetConfigINtNtNtNtCs1rODQd5oASQ_22multiversx_sc_scenario3api7impl_vh12vm_hooks_api10VMHooksApiNtNtB11_9debug_api15DebugApiBackendEENtNtNtNtNtCslPMlHj3qn2H_13multiversx_sc5types7managed7wrapped16managed_vec_item14ManagedVecItem16from_byte_readerNCINvXs1B_B9_INtB9_23AssetExtendedConfigViewBW_EB2U_16from_byte_readerNCNvXs0_NtB2Y_22managed_vec_owned_iterINtB5Z_23ManagedVecOwnedIteratorBW_B4W_ENtNtNtNtCslGS7pEIChKc_4core4iter6traits8iterator8Iterator4next0E0Es_0CsccnIogsiy8K_5tests
FN:76,_RNCINvXs1J_Cs2eHPTk3TAlu_14common_structsINtB9_11AssetConfigINtNtNtNtCs1rODQd5oASQ_22multiversx_sc_scenario3api7impl_vh12vm_hooks_api10VMHooksApiNtNtB11_9debug_api15DebugApiBackendEENtNtNtNtNtCslPMlHj3qn2H_13multiversx_sc5types7managed7wrapped16managed_vec_item14ManagedVecItem16from_byte_readerNCINvXs1B_B9_INtB9_23AssetExtendedConfigViewBW_EB2U_16from_byte_readerNCNvXs0_NtB2Y_22managed_vec_owned_iterINtB5Z_23ManagedVecOwnedIteratorBW_B4W_ENtNtNtNtCslGS7pEIChKc_4core4iter6traits8iterator8Iterator4next0E0Esa_0CsccnIogsiy8K_5tests
FN:76,_RNCINvXs1J_Cs2eHPTk3TAlu_14common_structsINtB9_11AssetConfigINtNtNtNtCs1rODQd5oASQ_22multiversx_sc_scenario3api7impl_vh12vm_hooks_api10VMHooksApiNtNtB11_9debug_api15DebugApiBackendEENtNtNtNtNtCslPMlHj3qn2H_13multiversx_sc5types7managed7wrapped16managed_vec_item14ManagedVecItem16from_byte_readerNCINvXs1B_B9_INtB9_23AssetExtendedConfigViewBW_EB2U_16from_byte_readerNCNvXs0_NtB2Y_22managed_vec_owned_iterINtB5Z_23ManagedVecOwnedIteratorBW_B4W_ENtNtNtNtCslGS7pEIChKc_4core4iter6traits8iterator8Iterator4next0E0Esb_0CsccnIogsiy8K_5tests
FN:76,_RNCINvXs1J_Cs2eHPTk3TAlu_14common_structsINtB9_11AssetConfigINtNtNtNtCs1rODQd5oASQ_22multiversx_sc_scenario3api7impl_vh12vm_hooks_api10VMHooksApiNtNtB11_9debug_api15DebugApiBackendEENtNtNtNtNtCslPMlHj3qn2H_13multiversx_sc5types7managed7wrapped16managed_vec_item14ManagedVecItem16from_byte_readerNCINvXs1B_B9_INtB9_23AssetExtendedConfigViewBW_EB2U_16from_byte_readerNCNvXs0_NtB2Y_22managed_vec_owned_iterINtB5Z_23ManagedVecOwnedIteratorBW_B4W_ENtNtNtNtCslGS7pEIChKc_4core4iter6traits8iterator8Iterator4next0E0Esc_0CsccnIogsiy8K_5tests
FN:76,_RNCINvXs1J_Cs2eHPTk3TAlu_14common_structsINtB9_11AssetConfigINtNtNtNtCs1rODQd5oASQ_22multiversx_sc_scenario3api7impl_vh12vm_hooks_api10VMHooksApiNtNtB11_9debug_api15DebugApiBackendEENtNtNtNtNtCslPMlHj3qn2H_13multiversx_sc5types7managed7wrapped16managed_vec_item14ManagedVecItem16into_byte_writeruNCINvXs1B_B9_INtB9_23AssetExtendedConfigViewBW_EB2U_16into_byte_writeruNCNvMs2_NtB2Y_11managed_vecINtB61_10ManagedVecBW_B4X_E4push0E0E0CsccnIogsiy8K_5tests
FN:76,_RNCINvXs1J_Cs2eHPTk3TAlu_14common_structsINtB9_11AssetConfigINtNtNtNtCs1rODQd5oASQ_22multiversx_sc_scenario3api7impl_vh12vm_hooks_api10VMHooksApiNtNtB11_9debug_api15DebugApiBackendEENtNtNtNtNtCslPMlHj3qn2H_13multiversx_sc5types7managed7wrapped16managed_vec_item14ManagedVecItem16into_byte_writeruNCINvXs1B_B9_INtB9_23AssetExtendedConfigViewBW_EB2U_16into_byte_writeruNCNvMs2_NtB2Y_11managed_vecINtB61_10ManagedVecBW_B4X_E4push0E0Es0_0CsccnIogsiy8K_5tests
FN:76,_RNCINvXs1J_Cs2eHPTk3TAlu_14common_structsINtB9_11AssetConfigINtNtNtNtCs1rODQd5oASQ_22multiversx_sc_scenario3api7impl_vh12vm_hooks_api10VMHooksApiNtNtB11_9debug_api15DebugApiBackendEENtNtNtNtNtCslPMlHj3qn2H_13multiversx_sc5types7managed7wrapped16managed_vec_item14ManagedVecItem16into_byte_writeruNCINvXs1B_B9_INtB9_23AssetExtendedConfigViewBW_EB2U_16into_byte_writeruNCNvMs2_NtB2Y_11managed_vecINtB61_10ManagedVecBW_B4X_E4push0E0Es1_0CsccnIogsiy8K_5tests
FN:76,_RNCINvXs1J_Cs2eHPTk3TAlu_14common_structsINtB9_11AssetConfigINtNtNtNtCs1rODQd5oASQ_22multiversx_sc_scenario3api7impl_vh12vm_hooks_api10VMHooksApiNtNtB11_9debug_api15DebugApiBackendEENtNtNtNtNtCslPMlHj3qn2H_13multiversx_sc5types7managed7wrapped16managed_vec_item14ManagedVecItem16into_byte_writeruNCINvXs1B_B9_INtB9_23AssetExtendedConfigViewBW_EB2U_16into_byte_writeruNCNvMs2_NtB2Y_11managed_vecINtB61_10ManagedVecBW_B4X_E4push0E0Es2_0CsccnIogsiy8K_5tests
FN:76,_RNCINvXs1J_Cs2eHPTk3TAlu_14common_structsINtB9_11AssetConfigINtNtNtNtCs1rODQd5oASQ_22multiversx_sc_scenario3api7impl_vh12vm_hooks_api10VMHooksApiNtNtB11_9debug_api15DebugApiBackendEENtNtNtNtNtCslPMlHj3qn2H_13multiversx_sc5types7managed7wrapped16managed_vec_item14ManagedVecItem16into_byte_writeruNCINvXs1B_B9_INtB9_23AssetExtendedConfigViewBW_EB2U_16into_byte_writeruNCNvMs2_NtB2Y_11managed_vecINtB61_10ManagedVecBW_B4X_E4push0E0Es3_0CsccnIogsiy8K_5tests
FN:76,_RNCINvXs1J_Cs2eHPTk3TAlu_14common_structsINtB9_11AssetConfigINtNtNtNtCs1rODQd5oASQ_22multiversx_sc_scenario3api7impl_vh12vm_hooks_api10VMHooksApiNtNtB11_9debug_api15DebugApiBackendEENtNtNtNtNtCslPMlHj3qn2H_13multiversx_sc5types7managed7wrapped16managed_vec_item14ManagedVecItem16into_byte_writeruNCINvXs1B_B9_INtB9_23AssetExtendedConfigViewBW_EB2U_16into_byte_writeruNCNvMs2_NtB2Y_11managed_vecINtB61_10ManagedVecBW_B4X_E4push0E0Es4_0CsccnIogsiy8K_5tests
FN:76,_RNCINvXs1J_Cs2eHPTk3TAlu_14common_structsINtB9_11AssetConfigINtNtNtNtCs1rODQd5oASQ_22multiversx_sc_scenario3api7impl_vh12vm_hooks_api10VMHooksApiNtNtB11_9debug_api15DebugApiBackendEENtNtNtNtNtCslPMlHj3qn2H_13multiversx_sc5types7managed7wrapped16managed_vec_item14ManagedVecItem16into_byte_writeruNCINvXs1B_B9_INtB9_23AssetExtendedConfigViewBW_EB2U_16into_byte_writeruNCNvMs2_NtB2Y_11managed_vecINtB61_10ManagedVecBW_B4X_E4push0E0Es5_0CsccnIogsiy8K_5tests
FN:76,_RNCINvXs1J_Cs2eHPTk3TAlu_14common_structsINtB9_11AssetConfigINtNtNtNtCs1rODQd5oASQ_22multiversx_sc_scenario3api7impl_vh12vm_hooks_api10VMHooksApiNtNtB11_9debug_api15DebugApiBackendEENtNtNtNtNtCslPMlHj3qn2H_13multiversx_sc5types7managed7wrapped16managed_vec_item14ManagedVecItem16into_byte_writeruNCINvXs1B_B9_INtB9_23AssetExtendedConfigViewBW_EB2U_16into_byte_writeruNCNvMs2_NtB2Y_11managed_vecINtB61_10ManagedVecBW_B4X_E4push0E0Es6_0CsccnIogsiy8K_5tests
FN:76,_RNCINvXs1J_Cs2eHPTk3TAlu_14common_structsINtB9_11AssetConfigINtNtNtNtCs1rODQd5oASQ_22multiversx_sc_scenario3api7impl_vh12vm_hooks_api10VMHooksApiNtNtB11_9debug_api15DebugApiBackendEENtNtNtNtNtCslPMlHj3qn2H_13multiversx_sc5types7managed7wrapped16managed_vec_item14ManagedVecItem16into_byte_writeruNCINvXs1B_B9_INtB9_23AssetExtendedConfigViewBW_EB2U_16into_byte_writeruNCNvMs2_NtB2Y_11managed_vecINtB61_10ManagedVecBW_B4X_E4push0E0Es7_0CsccnIogsiy8K_5tests
FN:76,_RNCINvXs1J_Cs2eHPTk3TAlu_14common_structsINtB9_11AssetConfigINtNtNtNtCs1rODQd5oASQ_22multiversx_sc_scenario3api7impl_vh12vm_hooks_api10VMHooksApiNtNtB11_9debug_api15DebugApiBackendEENtNtNtNtNtCslPMlHj3qn2H_13multiversx_sc5types7managed7wrapped16managed_vec_item14ManagedVecItem16into_byte_writeruNCINvXs1B_B9_INtB9_23AssetExtendedConfigViewBW_EB2U_16into_byte_writeruNCNvMs2_NtB2Y_11managed_vecINtB61_10ManagedVecBW_B4X_E4push0E0Es8_0CsccnIogsiy8K_5tests
FN:76,_RNCINvXs1J_Cs2eHPTk3TAlu_14common_structsINtB9_11AssetConfigINtNtNtNtCs1rODQd5oASQ_22multiversx_sc_scenario3api7impl_vh12vm_hooks_api10VMHooksApiNtNtB11_9debug_api15DebugApiBackendEENtNtNtNtNtCslPMlHj3qn2H_13multiversx_sc5types7managed7wrapped16managed_vec_item14ManagedVecItem16into_byte_writeruNCINvXs1B_B9_INtB9_23AssetExtendedConfigViewBW_EB2U_16into_byte_writeruNCNvMs2_NtB2Y_11managed_vecINtB61_10ManagedVecBW_B4X_E4push0E0Es9_0CsccnIogsiy8K_5tests
FN:76,_RNCINvXs1J_Cs2eHPTk3TAlu_14common_structsINtB9_11AssetConfigINtNtNtNtCs1rODQd5oASQ_22multiversx_sc_scenario3api7impl_vh12vm_hooks_api10VMHooksApiNtNtB11_9debug_api15DebugApiBackendEENtNtNtNtNtCslPMlHj3qn2H_13multiversx_sc5types7managed7wrapped16managed_vec_item14ManagedVecItem16into_byte_writeruNCINvXs1B_B9_INtB9_23AssetExtendedConfigViewBW_EB2U_16into_byte_writeruNCNvMs2_NtB2Y_11managed_vecINtB61_10ManagedVecBW_B4X_E4push0E0Es_0CsccnIogsiy8K_5tests
FN:76,_RNCINvXs1J_Cs2eHPTk3TAlu_14common_structsINtB9_11AssetConfigINtNtNtNtCs1rODQd5oASQ_22multiversx_sc_scenario3api7impl_vh12vm_hooks_api10VMHooksApiNtNtB11_9debug_api15DebugApiBackendEENtNtNtNtNtCslPMlHj3qn2H_13multiversx_sc5types7managed7wrapped16managed_vec_item14ManagedVecItem16into_byte_writeruNCINvXs1B_B9_INtB9_23AssetExtendedConfigViewBW_EB2U_16into_byte_writeruNCNvMs2_NtB2Y_11managed_vecINtB61_10ManagedVecBW_B4X_E4push0E0Esa_0CsccnIogsiy8K_5tests
FN:76,_RNCINvXs1J_Cs2eHPTk3TAlu_14common_structsINtB9_11AssetConfigINtNtNtNtCs1rODQd5oASQ_22multiversx_sc_scenario3api7impl_vh12vm_hooks_api10VMHooksApiNtNtB11_9debug_api15DebugApiBackendEENtNtNtNtNtCslPMlHj3qn2H_13multiversx_sc5types7managed7wrapped16managed_vec_item14ManagedVecItem16into_byte_writeruNCINvXs1B_B9_INtB9_23AssetExtendedConfigViewBW_EB2U_16into_byte_writeruNCNvMs2_NtB2Y_11managed_vecINtB61_10ManagedVecBW_B4X_E4push0E0Esb_0CsccnIogsiy8K_5tests
FN:76,_RNCINvXs1J_Cs2eHPTk3TAlu_14common_structsINtB9_11AssetConfigINtNtNtNtCs1rODQd5oASQ_22multiversx_sc_scenario3api7impl_vh12vm_hooks_api10VMHooksApiNtNtB11_9debug_api15DebugApiBackendEENtNtNtNtNtCslPMlHj3qn2H_13multiversx_sc5types7managed7wrapped16managed_vec_item14ManagedVecItem16into_byte_writeruNCINvXs1B_B9_INtB9_23AssetExtendedConfigViewBW_EB2U_16into_byte_writeruNCNvMs2_NtB2Y_11managed_vecINtB61_10ManagedVecBW_B4X_E4push0E0Esc_0CsccnIogsiy8K_5tests
FN:29,_RNCINvXs1S_Cs2eHPTk3TAlu_14common_structsINtB9_15AccountPositionINtNtNtNtCs1rODQd5oASQ_22multiversx_sc_scenario3api7impl_vh12vm_hooks_api10VMHooksApiNtNtB15_9debug_api15DebugApiBackendEENtNtNtNtNtCslPMlHj3qn2H_13multiversx_sc5types7managed7wrapped16managed_vec_item14ManagedVecItem16from_byte_readerNCNvMs2_NtB32_11managed_vecINtB4V_10ManagedVecB10_BD_E7try_get0E0CsccnIogsiy8K_5tests
FN:29,_RNCINvXs1S_Cs2eHPTk3TAlu_14common_structsINtB9_15AccountPositionINtNtNtNtCs1rODQd5oASQ_22multiversx_sc_scenario3api7impl_vh12vm_hooks_api10VMHooksApiNtNtB15_9debug_api15DebugApiBackendEENtNtNtNtNtCslPMlHj3qn2H_13multiversx_sc5types7managed7wrapped16managed_vec_item14ManagedVecItem16from_byte_readerNCNvMs2_NtB32_11managed_vecINtB4V_10ManagedVecB10_BD_E7try_get0Es0_0CsccnIogsiy8K_5tests
FN:29,_RNCINvXs1S_Cs2eHPTk3TAlu_14common_structsINtB9_15AccountPositionINtNtNtNtCs1rODQd5oASQ_22multiversx_sc_scenario3api7impl_vh12vm_hooks_api10VMHooksApiNtNtB15_9debug_api15DebugApiBackendEENtNtNtNtNtCslPMlHj3qn2H_13multiversx_sc5types7managed7wrapped16managed_vec_item14ManagedVecItem16from_byte_readerNCNvMs2_NtB32_11managed_vecINtB4V_10ManagedVecB10_BD_E7try_get0Es1_0CsccnIogsiy8K_5tests
FN:29,_RNCINvXs1S_Cs2eHPTk3TAlu_14common_structsINtB9_15AccountPositionINtNtNtNtCs1rODQd5oASQ_22multiversx_sc_scenario3api7impl_vh12vm_hooks_api10VMHooksApiNtNtB15_9debug_api15DebugApiBackendEENtNtNtNtNtCslPMlHj3qn2H_13multiversx_sc5types7managed7wrapped16managed_vec_item14ManagedVecItem16from_byte_readerNCNvMs2_NtB32_11managed_vecINtB4V_10ManagedVecB10_BD_E7try_get0Es2_0CsccnIogsiy8K_5tests
FN:29,_RNCINvXs1S_Cs2eHPTk3TAlu_14common_structsINtB9_15AccountPositionINtNtNtNtCs1rODQd5oASQ_22multiversx_sc_scenario3api7impl_vh12vm_hooks_api10VMHooksApiNtNtB15_9debug_api15DebugApiBackendEENtNtNtNtNtCslPMlHj3qn2H_13multiversx_sc5types7managed7wrapped16managed_vec_item14ManagedVecItem16from_byte_readerNCNvMs2_NtB32_11managed_vecINtB4V_10ManagedVecB10_BD_E7try_get0Es3_0CsccnIogsiy8K_5tests
FN:29,_RNCINvXs1S_Cs2eHPTk3TAlu_14common_structsINtB9_15AccountPositionINtNtNtNtCs1rODQd5oASQ_22multiversx_sc_scenario3api7impl_vh12vm_hooks_api10VMHooksApiNtNtB15_9debug_api15DebugApiBackendEENtNtNtNtNtCslPMlHj3qn2H_13multiversx_sc5types7managed7wrapped16managed_vec_item14ManagedVecItem16from_byte_readerNCNvMs2_NtB32_11managed_vecINtB4V_10ManagedVecB10_BD_E7try_get0Es4_0CsccnIogsiy8K_5tests
FN:29,_RNCINvXs1S_Cs2eHPTk3TAlu_14common_structsINtB9_15AccountPositionINtNtNtNtCs1rODQd5oASQ_22multiversx_sc_scenario3api7impl_vh12vm_hooks_api10VMHooksApiNtNtB15_9debug_api15DebugApiBackendEENtNtNtNtNtCslPMlHj3qn2H_13multiversx_sc5types7managed7wrapped16managed_vec_item14ManagedVecItem16from_byte_readerNCNvMs2_NtB32_11managed_vecINtB4V_10ManagedVecB10_BD_E7try_get0Es5_0CsccnIogsiy8K_5tests
FN:29,_RNCINvXs1S_Cs2eHPTk3TAlu_14common_structsINtB9_15AccountPositionINtNtNtNtCs1rODQd5oASQ_22multiversx_sc_scenario3api7impl_vh12vm_hooks_api10VMHooksApiNtNtB15_9debug_api15DebugApiBackendEENtNtNtNtNtCslPMlHj3qn2H_13multiversx_sc5types7managed7wrapped16managed_vec_item14ManagedVecItem16from_byte_readerNCNvMs2_NtB32_11managed_vecINtB4V_10ManagedVecB10_BD_E7try_get0Es6_0CsccnIogsiy8K_5tests
FN:29,_RNCINvXs1S_Cs2eHPTk3TAlu_14common_structsINtB9_15AccountPositionINtNtNtNtCs1rODQd5oASQ_22multiversx_sc_scenario3api7impl_vh12vm_hooks_api10VMHooksApiNtNtB15_9debug_api15DebugApiBackendEENtNtNtNtNtCslPMlHj3qn2H_13multiversx_sc5types7managed7wrapped16managed_vec_item14ManagedVecItem16from_byte_readerNCNvMs2_NtB32_11managed_vecINtB4V_10ManagedVecB10_BD_E7try_get0Es7_0CsccnIogsiy8K_5tests
FN:29,_RNCINvXs1S_Cs2eHPTk3TAlu_14common_structsINtB9_15AccountPositionINtNtNtNtCs1rODQd5oASQ_22multiversx_sc_scenario3api7impl_vh12vm_hooks_api10VMHooksApiNtNtB15_9debug_api15DebugApiBackendEENtNtNtNtNtCslPMlHj3qn2H_13multiversx_sc5types7managed7wrapped16managed_vec_item14ManagedVecItem16from_byte_readerNCNvMs2_NtB32_11managed_vecINtB4V_10ManagedVecB10_BD_E7try_get0Es_0CsccnIogsiy8K_5tests
FN:29,_RNCINvXs1S_Cs2eHPTk3TAlu_14common_structsINtB9_15AccountPositionINtNtNtNtCs1rODQd5oASQ_22multiversx_sc_scenario3api7impl_vh12vm_hooks_api10VMHooksApiNtNtB15_9debug_api15DebugApiBackendEENtNtNtNtNtCslPMlHj3qn2H_13multiversx_sc5types7managed7wrapped16managed_vec_item14ManagedVecItem16from_byte_readerNCNvXs0_NtB32_22managed_vec_owned_iterINtB4V_23ManagedVecOwnedIteratorB10_BD_ENtNtNtNtCslGS7pEIChKc_4core4iter6traits8iterator8Iterator4next0E0CsccnIogsiy8K_5tests
FN:29,_RNCINvXs1S_Cs2eHPTk3TAlu_14common_structsINtB9_15AccountPositionINtNtNtNtCs1rODQd5oASQ_22multiversx_sc_scenario3api7impl_vh12vm_hooks_api10VMHooksApiNtNtB15_9debug_api15DebugApiBackendEENtNtNtNtNtCslPMlHj3qn2H_13multiversx_sc5types7managed7wrapped16managed_vec_item14ManagedVecItem16from_byte_readerNCNvXs0_NtB32_22managed_vec_owned_iterINtB4V_23ManagedVecOwnedIteratorB10_BD_ENtNtNtNtCslGS7pEIChKc_4core4iter6traits8iterator8Iterator4next0Es0_0CsccnIogsiy8K_5tests
FN:29,_RNCINvXs1S_Cs2eHPTk3TAlu_14common_structsINtB9_15AccountPositionINtNtNtNtCs1rODQd5oASQ_22multiversx_sc_scenario3api7impl_vh12vm_hooks_api10VMHooksApiNtNtB15_9debug_api15DebugApiBackendEENtNtNtNtNtCslPMlHj3qn2H_13multiversx_sc5types7managed7wrapped16managed_vec_item14ManagedVecItem16from_byte_readerNCNvXs0_NtB32_22managed_vec_owned_iterINtB4V_23ManagedVecOwnedIteratorB10_BD_ENtNtNtNtCslGS7pEIChKc_4core4iter6traits8iterator8Iterator4next0Es1_0CsccnIogsiy8K_5tests
FN:29,_RNCINvXs1S_Cs2eHPTk3TAlu_14common_structsINtB9_15AccountPositionINtNtNtNtCs1rODQd5oASQ_22multiversx_sc_scenario3api7impl_vh12vm_hooks_api10VMHooksApiNtNtB15_9debug_api15DebugApiBackendEENtNtNtNtNtCslPMlHj3qn2H_13multiversx_sc5types7managed7wrapped16managed_vec_item14ManagedVecItem16from_byte_readerNCNvXs0_NtB32_22managed_vec_owned_iterINtB4V_23ManagedVecOwnedIteratorB10_BD_ENtNtNtNtCslGS7pEIChKc_4core4iter6traits8iterator8Iterator4next0Es2_0CsccnIogsiy8K_5tests
FN:29,_RNCINvXs1S_Cs2eHPTk3TAlu_14common_structsINtB9_15AccountPositionINtNtNtNtCs1rODQd5oASQ_22multiversx_sc_scenario3api7impl_vh12vm_hooks_api10VMHooksApiNtNtB15_9debug_api15DebugApiBackendEENtNtNtNtNtCslPMlHj3qn2H_13multiversx_sc5types7managed7wrapped16managed_vec_item14ManagedVecItem16from_byte_readerNCNvXs0_NtB32_22managed_vec_owned_iterINtB4V_23ManagedVecOwnedIteratorB10_BD_ENtNtNtNtCslGS7pEIChKc_4core4iter6traits8iterator8Iterator4next0Es3_0CsccnIogsiy8K_5tests
FN:29,_RNCINvXs1S_Cs2eHPTk3TAlu_14common_structsINtB9_15AccountPositionINtNtNtNtCs1rODQd5oASQ_22multiversx_sc_scenario3api7impl_vh12vm_hooks_api10VMHooksApiNtNtB15_9debug_api15DebugApiBackendEENtNtNtNtNtCslPMlHj3qn2H_13multiversx_sc5types7managed7wrapped16managed_vec_item14ManagedVecItem16from_byte_readerNCNvXs0_NtB32_22managed_vec_owned_iterINtB4V_23ManagedVecOwnedIteratorB10_BD_ENtNtNtNtCslGS7pEIChKc_4core4iter6traits8iterator8Iterator4next0Es4_0CsccnIogsiy8K_5tests
FN:29,_RNCINvXs1S_Cs2eHPTk3TAlu_14common_structsINtB9_15AccountPositionINtNtNtNtCs1rODQd5oASQ_22multiversx_sc_scenario3api7impl_vh12vm_hooks_api10VMHooksApiNtNtB15_9debug_api15DebugApiBackendEENtNtNtNtNtCslPMlHj3qn2H_13multiversx_sc5types7managed7wrapped16managed_vec_item14ManagedVecItem16from_byte_readerNCNvXs0_NtB32_22managed_vec_owned_iterINtB4V_23ManagedVecOwnedIteratorB10_BD_ENtNtNtNtCslGS7pEIChKc_4core4iter6traits8iterator8Iterator4next0Es5_0CsccnIogsiy8K_5tests
FN:29,_RNCINvXs1S_Cs2eHPTk3TAlu_14common_structsINtB9_15AccountPositionINtNtNtNtCs1rODQd5oASQ_22multiversx_sc_scenario3api7impl_vh12vm_hooks_api10VMHooksApiNtNtB15_9debug_api15DebugApiBackendEENtNtNtNtNtCslPMlHj3qn2H_13multiversx_sc5types7managed7wrapped16managed_vec_item14ManagedVecItem16from_byte_readerNCNvXs0_NtB32_22managed_vec_owned_iterINtB4V_23ManagedVecOwnedIteratorB10_BD_ENtNtNtNtCslGS7pEIChKc_4core4iter6traits8iterator8Iterator4next0Es6_0CsccnIogsiy8K_5tests
FN:29,_RNCINvXs1S_Cs2eHPTk3TAlu_14common_structsINtB9_15AccountPositionINtNtNtNtCs1rODQd5oASQ_22multiversx_sc_scenario3api7impl_vh12vm_hooks_api10VMHooksApiNtNtB15_9debug_api15DebugApiBackendEENtNtNtNtNtCslPMlHj3qn2H_13multiversx_sc5types7managed7wrapped16managed_vec_item14ManagedVecItem16from_byte_readerNCNvXs0_NtB32_22managed_vec_owned_iterINtB4V_23ManagedVecOwnedIteratorB10_BD_ENtNtNtNtCslGS7pEIChKc_4core4iter6traits8iterator8Iterator4next0Es7_0CsccnIogsiy8K_5tests
FN:29,_RNCINvXs1S_Cs2eHPTk3TAlu_14common_structsINtB9_15AccountPositionINtNtNtNtCs1rODQd5oASQ_22multiversx_sc_scenario3api7impl_vh12vm_hooks_api10VMHooksApiNtNtB15_9debug_api15DebugApiBackendEENtNtNtNtNtCslPMlHj3qn2H_13multiversx_sc5types7managed7wrapped16managed_vec_item14ManagedVecItem16from_byte_readerNCNvXs0_NtB32_22managed_vec_owned_iterINtB4V_23ManagedVecOwnedIteratorB10_BD_ENtNtNtNtCslGS7pEIChKc_4core4iter6traits8iterator8Iterator4next0Es_0CsccnIogsiy8K_5tests
FN:29,_RNCINvXs1S_Cs2eHPTk3TAlu_14common_structsINtB9_15AccountPositionINtNtNtNtCs1rODQd5oASQ_22multiversx_sc_scenario3api7impl_vh12vm_hooks_api10VMHooksApiNtNtB15_9debug_api15DebugApiBackendEENtNtNtNtNtCslPMlHj3qn2H_13multiversx_sc5types7managed7wrapped16managed_vec_item14ManagedVecItem16into_byte_writerINtNtCslGS7pEIChKc_4core6result6ResultuNtNtNtNtB38_3api13managed_types18managed_buffer_api17InvalidSliceErrorENCNvMs2_NtB32_11managed_vecINtB6H_10ManagedVecB10_BD_E3set0E0CsccnIogsiy8K_5tests
FN:29,_RNCINvXs1S_Cs2eHPTk3TAlu_14common_structsINtB9_15AccountPositionINtNtNtNtCs1rODQd5oASQ_22multiversx_sc_scenario3api7impl_vh12vm_hooks_api10VMHooksApiNtNtB15_9debug_api15DebugApiBackendEENtNtNtNtNtCslPMlHj3qn2H_13multiversx_sc5types7managed7wrapped16managed_vec_item14ManagedVecItem16into_byte_writerINtNtCslGS7pEIChKc_4core6result6ResultuNtNtNtNtB38_3api13managed_types18managed_buffer_api17InvalidSliceErrorENCNvMs2_NtB32_11managed_vecINtB6H_10ManagedVecB10_BD_E3set0Es0_0CsccnIogsiy8K_5tests
FN:29,_RNCINvXs1S_Cs2eHPTk3TAlu_14common_structsINtB9_15AccountPositionINtNtNtNtCs1rODQd5oASQ_22multiversx_sc_scenario3api7impl_vh12vm_hooks_api10VMHooksApiNtNtB15_9debug_api15DebugApiBackendEENtNtNtNtNtCslPMlHj3qn2H_13multiversx_sc5types7managed7wrapped16managed_vec_item14ManagedVecItem16into_byte_writerINtNtCslGS7pEIChKc_4core6result6ResultuNtNtNtNtB38_3api13managed_types18managed_buffer_api17InvalidSliceErrorENCNvMs2_NtB32_11managed_vecINtB6H_10ManagedVecB10_BD_E3set0Es1_0CsccnIogsiy8K_5tests
FN:29,_RNCINvXs1S_Cs2eHPTk3TAlu_14common_structsINtB9_15AccountPositionINtNtNtNtCs1rODQd5oASQ_22multiversx_sc_scenario3api7impl_vh12vm_hooks_api10VMHooksApiNtNtB15_9debug_api15DebugApiBackendEENtNtNtNtNtCslPMlHj3qn2H_13multiversx_sc5types7managed7wrapped16managed_vec_item14ManagedVecItem16into_byte_writerINtNtCslGS7pEIChKc_4core6result6ResultuNtNtNtNtB38_3api13managed_types18managed_buffer_api17InvalidSliceErrorENCNvMs2_NtB32_11managed_vecINtB6H_10ManagedVecB10_BD_E3set0Es2_0CsccnIogsiy8K_5tests
FN:29,_RNCINvXs1S_Cs2eHPTk3TAlu_14common_structsINtB9_15AccountPositionINtNtNtNtCs1rODQd5oASQ_22multiversx_sc_scenario3api7impl_vh12vm_hooks_api10VMHooksApiNtNtB15_9debug_api15DebugApiBackendEENtNtNtNtNtCslPMlHj3qn2H_13multiversx_sc5types7managed7wrapped16managed_vec_item14ManagedVecItem16into_byte_writerINtNtCslGS7pEIChKc_4core6result6ResultuNtNtNtNtB38_3api13managed_types18managed_buffer_api17InvalidSliceErrorENCNvMs2_NtB32_11managed_vecINtB6H_10ManagedVecB10_BD_E3set0Es3_0CsccnIogsiy8K_5tests
FN:29,_RNCINvXs1S_Cs2eHPTk3TAlu_14common_structsINtB9_15AccountPositionINtNtNtNtCs1rODQd5oASQ_22multiversx_sc_scenario3api7impl_vh12vm_hooks_api10VMHooksApiNtNtB15_9debug_api15DebugApiBackendEENtNtNtNtNtCslPMlHj3qn2H_13multiversx_sc5types7managed7wrapped16managed_vec_item14ManagedVecItem16into_byte_writerINtNtCslGS7pEIChKc_4core6result6ResultuNtNtNtNtB38_3api13managed_types18managed_buffer_api17InvalidSliceErrorENCNvMs2_NtB32_11managed_vecINtB6H_10ManagedVecB10_BD_E3set0Es4_0CsccnIogsiy8K_5tests
FN:29,_RNCINvXs1S_Cs2eHPTk3TAlu_14common_structsINtB9_15AccountPositionINtNtNtNtCs1rODQd5oASQ_22multiversx_sc_scenario3api7impl_vh12vm_hooks_api10VMHooksApiNtNtB15_9debug_api15DebugApiBackendEENtNtNtNtNtCslPMlHj3qn2H_13multiversx_sc5types7managed7wrapped16managed_vec_item14ManagedVecItem16into_byte_writerINtNtCslGS7pEIChKc_4core6result6ResultuNtNtNtNtB38_3api13managed_types18managed_buffer_api17InvalidSliceErrorENCNvMs2_NtB32_11managed_vecINtB6H_10ManagedVecB10_BD_E3set0Es5_0CsccnIogsiy8K_5tests
FN:29,_RNCINvXs1S_Cs2eHPTk3TAlu_14common_structsINtB9_15AccountPositionINtNtNtNtCs1rODQd5oASQ_22multiversx_sc_scenario3api7impl_vh12vm_hooks_api10VMHooksApiNtNtB15_9debug_api15DebugApiBackendEENtNtNtNtNtCslPMlHj3qn2H_13multiversx_sc5types7managed7wrapped16managed_vec_item14ManagedVecItem16into_byte_writerINtNtCslGS7pEIChKc_4core6result6ResultuNtNtNtNtB38_3api13managed_types18managed_buffer_api17InvalidSliceErrorENCNvMs2_NtB32_11managed_vecINtB6H_10ManagedVecB10_BD_E3set0Es6_0CsccnIogsiy8K_5tests
FN:29,_RNCINvXs1S_Cs2eHPTk3TAlu_14common_structsINtB9_15AccountPositionINtNtNtNtCs1rODQd5oASQ_22multiversx_sc_scenario3api7impl_vh12vm_hooks_api10VMHooksApiNtNtB15_9debug_api15DebugApiBackendEENtNtNtNtNtCslPMlHj3qn2H_13multiversx_sc5types7managed7wrapped16managed_vec_item14ManagedVecItem16into_byte_writerINtNtCslGS7pEIChKc_4core6result6ResultuNtNtNtNtB38_3api13managed_types18managed_buffer_api17InvalidSliceErrorENCNvMs2_NtB32_11managed_vecINtB6H_10ManagedVecB10_BD_E3set0Es7_0CsccnIogsiy8K_5tests
FN:29,_RNCINvXs1S_Cs2eHPTk3TAlu_14common_structsINtB9_15AccountPositionINtNtNtNtCs1rODQd5oASQ_22multiversx_sc_scenario3api7impl_vh12vm_hooks_api10VMHooksApiNtNtB15_9debug_api15DebugApiBackendEENtNtNtNtNtCslPMlHj3qn2H_13multiversx_sc5types7managed7wrapped16managed_vec_item14ManagedVecItem16into_byte_writerINtNtCslGS7pEIChKc_4core6result6ResultuNtNtNtNtB38_3api13managed_types18managed_buffer_api17InvalidSliceErrorENCNvMs2_NtB32_11managed_vecINtB6H_10ManagedVecB10_BD_E3set0Es_0CsccnIogsiy8K_5tests
FN:29,_RNCINvXs1S_Cs2eHPTk3TAlu_14common_structsINtB9_15AccountPositionINtNtNtNtCs1rODQd5oASQ_22multiversx_sc_scenario3api7impl_vh12vm_hooks_api10VMHooksApiNtNtB15_9debug_api15DebugApiBackendEENtNtNtNtNtCslPMlHj3qn2H_13multiversx_sc5types7managed7wrapped16managed_vec_item14ManagedVecItem16into_byte_writeruNCNvMs2_NtB32_11managed_vecINtB4W_10ManagedVecB10_BD_E4push0E0CsccnIogsiy8K_5tests
FN:29,_RNCINvXs1S_Cs2eHPTk3TAlu_14common_structsINtB9_15AccountPositionINtNtNtNtCs1rODQd5oASQ_22multiversx_sc_scenario3api7impl_vh12vm_hooks_api10VMHooksApiNtNtB15_9debug_api15DebugApiBackendEENtNtNtNtNtCslPMlHj3qn2H_13multiversx_sc5types7managed7wrapped16managed_vec_item14ManagedVecItem16into_byte_writeruNCNvMs2_NtB32_11managed_vecINtB4W_10ManagedVecB10_BD_E4push0Es0_0CsccnIogsiy8K_5tests
FN:29,_RNCINvXs1S_Cs2eHPTk3TAlu_14common_structsINtB9_15AccountPositionINtNtNtNtCs1rODQd5oASQ_22multiversx_sc_scenario3api7impl_vh12vm_hooks_api10VMHooksApiNtNtB15_9debug_api15DebugApiBackendEENtNtNtNtNtCslPMlHj3qn2H_13multiversx_sc5types7managed7wrapped16managed_vec_item14ManagedVecItem16into_byte_writeruNCNvMs2_NtB32_11managed_vecINtB4W_10ManagedVecB10_BD_E4push0Es1_0CsccnIogsiy8K_5tests
FN:29,_RNCINvXs1S_Cs2eHPTk3TAlu_14common_structsINtB9_15AccountPositionINtNtNtNtCs1rODQd5oASQ_22multiversx_sc_scenario3api7impl_vh12vm_hooks_api10VMHooksApiNtNtB15_9debug_api15DebugApiBackendEENtNtNtNtNtCslPMlHj3qn2H_13multiversx_sc5types7managed7wrapped16managed_vec_item14ManagedVecItem16into_byte_writeruNCNvMs2_NtB32_11managed_vecINtB4W_10ManagedVecB10_BD_E4push0Es2_0CsccnIogsiy8K_5tests
FN:29,_RNCINvXs1S_Cs2eHPTk3TAlu_14common_structsINtB9_15AccountPositionINtNtNtNtCs1rODQd5oASQ_22multiversx_sc_scenario3api7impl_vh12vm_hooks_api10VMHooksApiNtNtB15_9debug_api15DebugApiBackendEENtNtNtNtNtCslPMlHj3qn2H_13multiversx_sc5types7managed7wrapped16managed_vec_item14ManagedVecItem16into_byte_writeruNCNvMs2_NtB32_11managed_vecINtB4W_10ManagedVecB10_BD_E4push0Es3_0CsccnIogsiy8K_5tests
FN:29,_RNCINvXs1S_Cs2eHPTk3TAlu_14common_structsINtB9_15AccountPositionINtNtNtNtCs1rODQd5oASQ_22multiversx_sc_scenario3api7impl_vh12vm_hooks_api10VMHooksApiNtNtB15_9debug_api15DebugApiBackendEENtNtNtNtNtCslPMlHj3qn2H_13multiversx_sc5types7managed7wrapped16managed_vec_item14ManagedVecItem16into_byte_writeruNCNvMs2_NtB32_11managed_vecINtB4W_10ManagedVecB10_BD_E4push0Es4_0CsccnIogsiy8K_5tests
[...]
FNDA:368,_RINvXs3_NtCs5Hf7Co81jHm_16price_aggregator7structsINtB6_9TokenPairINtNtNtNtCs1rODQd5oASQ_22multiversx_sc_scenario3api7impl_vh12vm_hooks_api10VMHooksApiNtNtB17_9debug_api15DebugApiBackendEENtNtNtCs5SUGlJDgeoS_19multiversx_sc_codec6single6top_en9TopEncode24top_encode_or_handle_errINtNtNtCslPMlHj3qn2H_13multiversx_sc7storage11storage_set16StorageSetOutputB12_EINtNtNtNtB4A_13contract_base8wrappers10serializer21ExitCodecErrorHandlerB12_EECsccnIogsiy8K_5tests
FNDA:0,_RINvXs4_NtCs5Hf7Co81jHm_16price_aggregator7structsINtB6_9TokenPairINtNtNtNtCs1rODQd5oASQ_22multiversx_sc_scenario3api7impl_vh12vm_hooks_api10VMHooksApiNtNtB17_9debug_api15DebugApiBackendEENtNtNtCs5SUGlJDgeoS_19multiversx_sc_codec6single6top_de9TopDecode24top_decode_or_handle_errINtNtNtNtNtCslPMlHj3qn2H_13multiversx_sc5types7managed5basic14managed_buffer13ManagedBufferB12_EINtNtNtB4E_2io17arg_error_handler15ArgErrorHandlerB12_EECsccnIogsiy8K_5tests
FNDA:368,_RINvXsB_NtCs5Hf7Co81jHm_16price_aggregator7structsINtB6_13NewRoundEventINtNtNtNtCs1rODQd5oASQ_22multiversx_sc_scenario3api7impl_vh12vm_hooks_api10VMHooksApiNtNtB1c_9debug_api15DebugApiBackendEENtNtNtCs5SUGlJDgeoS_19multiversx_sc_codec6single6top_en9TopEncode24top_encode_or_handle_errQINtNtNtNtNtCslPMlHj3qn2H_13multiversx_sc5types7managed5basic14managed_buffer13ManagedBufferB17_EINtNtNtNtB4K_13contract_base8wrappers10serializer21ExitCodecErrorHandlerB17_EECsccnIogsiy8K_5tests
FNDA:0,_RINvXsF_NtCs5Hf7Co81jHm_16price_aggregator7structsNtB6_22DiscardSubmissionEventNtNtNtCs5SUGlJDgeoS_19multiversx_sc_codec6single6top_en9TopEncode24top_encode_or_handle_errQINtNtNtNtNtCslPMlHj3qn2H_13multiversx_sc5types7managed5basic14managed_buffer13ManagedBufferINtNtNtNtCs1rODQd5oASQ_22multiversx_sc_scenario3api7impl_vh12vm_hooks_api10VMHooksApiNtNtB4h_9debug_api15DebugApiBackendEEINtNtNtNtB2U_13contract_base8wrappers10serializer21ExitCodecErrorHandlerB4c_EECsccnIogsiy8K_5tests
FNDA:1035,_RINvXsb_NtCs5Hf7Co81jHm_16price_aggregator7structsINtB6_9PriceFeedINtNtNtNtCs1rODQd5oASQ_22multiversx_sc_scenario3api7impl_vh12vm_hooks_api10VMHooksApiNtNtB17_9debug_api15DebugApiBackendEENtNtNtCs5SUGlJDgeoS_19multiversx_sc_codec6single6top_en9TopEncode24top_encode_or_handle_errINtNtNtCslPMlHj3qn2H_13multiversx_sc2io6finish16ApiOutputAdapterB12_EINtNtNtNtB4A_13contract_base8wrappers10serializer21ExitCodecErrorHandlerB12_EECsccnIogsiy8K_5tests
FNDA:0,_RINvXsb_NtCs5Hf7Co81jHm_16price_aggregator7structsINtB6_9PriceFeedINtNtNtNtCs1rODQd5oASQ_22multiversx_sc_scenario3api7impl_vh12vm_hooks_api10VMHooksApiNtNtB17_9debug_api15DebugApiBackendEENtNtNtCs5SUGlJDgeoS_19multiversx_sc_codec6single6top_en9TopEncode24top_encode_or_handle_errQINtNtNtNtNtCslPMlHj3qn2H_13multiversx_sc5types7managed5basic14managed_buffer13ManagedBufferB12_EINtNtNtNtB4F_13contract_base8wrappers10serializer21ExitCodecErrorHandlerB12_EECsccnIogsiy8K_5tests
FNDA:368,_RINvXsh_NtCs5Hf7Co81jHm_16price_aggregator7structsINtB6_16TimestampedPriceINtNtNtNtCs1rODQd5oASQ_22multiversx_sc_scenario3api7impl_vh12vm_hooks_api10VMHooksApiNtNtB1f_9debug_api15DebugApiBackendEENtNtNtCs5SUGlJDgeoS_19multiversx_sc_codec6single6top_en9TopEncode24top_encode_or_handle_errINtNtNtCslPMlHj3qn2H_13multiversx_sc7storage11storage_set16StorageSetOutputB1a_EINtNtNtNtB4I_13contract_base8wrappers10serializer21ExitCodecErrorHandlerB1a_EECsccnIogsiy8K_5tests
FNDA:1035,_RINvXsi_NtCs5Hf7Co81jHm_16price_aggregator7structsINtB6_16TimestampedPriceINtNtNtNtCs1rODQd5oASQ_22multiversx_sc_scenario3api7impl_vh12vm_hooks_api10VMHooksApiNtNtB1f_9debug_api15DebugApiBackendEENtNtNtCs5SUGlJDgeoS_19multiversx_sc_codec6single6top_de9TopDecode24top_decode_or_handle_errINtNtNtCslPMlHj3qn2H_13multiversx_sc7storage11storage_get15StorageGetInputB1a_EINtB4E_22StorageGetErrorHandlerB1a_EECsccnIogsiy8K_5tests
FNDA:1656,_RINvXss_NtCs5Hf7Co81jHm_16price_aggregator7structsNtB6_12OracleStatusNtNtNtCs5SUGlJDgeoS_19multiversx_sc_codec6single6top_en9TopEncode24top_encode_or_handle_errINtNtNtCslPMlHj3qn2H_13multiversx_sc7storage11storage_set16StorageSetOutputINtNtNtNtCs1rODQd5oASQ_22multiversx_sc_scenario3api7impl_vh12vm_hooks_api10VMHooksApiNtNtB3Q_9debug_api15DebugApiBackendEEINtNtNtNtB2F_13contract_base8wrappers10serializer21ExitCodecErrorHandlerB3L_EECsccnIogsiy8K_5tests
FNDA:2944,_RINvXst_NtCs5Hf7Co81jHm_16price_aggregator7structsNtB6_12OracleStatusNtNtNtCs5SUGlJDgeoS_19multiversx_sc_codec6single6top_de9TopDecode24top_decode_or_handle_errINtNtNtCslPMlHj3qn2H_13multiversx_sc7storage11storage_get15StorageGetInputINtNtNtNtCs1rODQd5oASQ_22multiversx_sc_scenario3api7impl_vh12vm_hooks_api10VMHooksApiNtNtB3P_9debug_api15DebugApiBackendEEINtB2B_22StorageGetErrorHandlerB3K_EECsccnIogsiy8K_5tests
FNF:10
FNH:8
DA:5,9936
DA:12,1035
DA:23,1035
DA:31,2944
DA:38,368
DA:48,0
BRF:0
BRH:0
LF:10
LH:8
end_of_record
SF:/Users/mihaieremia/GitHub/rs-lending/price-aggregator/src/utils.rs
FN:171,_RNvYINtCs5Hf7Co81jHm_16price_aggregator11ContractObjINtNtNtNtCs1rODQd5oASQ_22multiversx_sc_scenario3api7impl_vh12vm_hooks_api10VMHooksApiNtNtBT_9debug_api15DebugApiBackendEENtNtB5_5utils11UtilsModule14check_decimalsCsccnIogsiy8K_5tests
FN:131,_RNvYINtCs5Hf7Co81jHm_16price_aggregator11ContractObjINtNtNtNtCs1rODQd5oASQ_22multiversx_sc_scenario3api7impl_vh12vm_hooks_api10VMHooksApiNtNtBT_9debug_api15DebugApiBackendEENtNtB5_5utils11UtilsModule16create_new_roundCsccnIogsiy8K_5tests
FN:41,_RNvYINtCs5Hf7Co81jHm_16price_aggregator11ContractObjINtNtNtNtCs1rODQd5oASQ_22multiversx_sc_scenario3api7impl_vh12vm_hooks_api10VMHooksApiNtNtBT_9debug_api15DebugApiBackendEENtNtB5_5utils11UtilsModule16submit_uncheckedCsccnIogsiy8K_5tests
FN:163,_RNvYINtCs5Hf7Co81jHm_16price_aggregator11ContractObjINtNtNtNtCs1rODQd5oASQ_22multiversx_sc_scenario3api7impl_vh12vm_hooks_api10VMHooksApiNtNtBT_9debug_api15DebugApiBackendEENtNtB5_5utils11UtilsModule17clear_submissionsCsccnIogsiy8K_5tests
FN:18,_RNvYINtCs5Hf7Co81jHm_16price_aggregator11ContractObjINtNtNtNtCs1rODQd5oASQ_22multiversx_sc_scenario3api7impl_vh12vm_hooks_api10VMHooksApiNtNtBT_9debug_api15DebugApiBackendEENtNtB5_5utils11UtilsModule17require_is_oracleCsccnIogsiy8K_5tests
FN:26,_RNvYINtCs5Hf7Co81jHm_16price_aggregator11ContractObjINtNtNtNtCs1rODQd5oASQ_22multiversx_sc_scenario3api7impl_vh12vm_hooks_api10VMHooksApiNtNtBT_9debug_api15DebugApiBackendEENtNtB5_5utils11UtilsModule30require_valid_submission_countCsccnIogsiy8K_5tests
FN:113,_RNvYINtCs5Hf7Co81jHm_16price_aggregator11ContractObjINtNtNtNtCs1rODQd5oASQ_22multiversx_sc_scenario3api7impl_vh12vm_hooks_api10VMHooksApiNtNtBT_9debug_api15DebugApiBackendEENtNtB5_5utils11UtilsModule34require_valid_submission_timestampCsccnIogsiy8K_5tests
FN:11,_RNvYINtCs5Hf7Co81jHm_16price_aggregator11ContractObjINtNtNtNtCs1rODQd5oASQ_22multiversx_sc_scenario3api7impl_vh12vm_hooks_api10VMHooksApiNtNtBT_9debug_api15DebugApiBackendEENtNtB5_5utils16EndpointWrappers17callback_selectorCsccnIogsiy8K_5tests
FN:11,_RNvYINtCs5Hf7Co81jHm_16price_aggregator11ContractObjINtNtNtNtCs1rODQd5oASQ_22multiversx_sc_scenario3api7impl_vh12vm_hooks_api10VMHooksApiNtNtBT_9debug_api15DebugApiBackendEENtNtB5_5utils16EndpointWrappers4callCsccnIogsiy8K_5tests
FN:11,_RNvYINtCs5Hf7Co81jHm_16price_aggregator11ContractObjINtNtNtNtCs1rODQd5oASQ_22multiversx_sc_scenario3api7impl_vh12vm_hooks_api10VMHooksApiNtNtBT_9debug_api15DebugApiBackendEENtNtB5_5utils16EndpointWrappers8callbackCsccnIogsiy8K_5tests
FN:145,_RNCNvYINtCs5Hf7Co81jHm_16price_aggregator11ContractObjINtNtNtNtCs1rODQd5oASQ_22multiversx_sc_scenario3api7impl_vh12vm_hooks_api10VMHooksApiNtNtBV_9debug_api15DebugApiBackendEENtNtB7_5utils11UtilsModule16create_new_round0CsccnIogsiy8K_5tests
FN:107,_RNCNvYINtCs5Hf7Co81jHm_16price_aggregator11ContractObjINtNtNtNtCs1rODQd5oASQ_22multiversx_sc_scenario3api7impl_vh12vm_hooks_api10VMHooksApiNtNtBV_9debug_api15DebugApiBackendEENtNtB7_5utils11UtilsModule16submit_unchecked0CsccnIogsiy8K_5tests
FNDA:1472,_RNvYINtCs5Hf7Co81jHm_16price_aggregator11ContractObjINtNtNtNtCs1rODQd5oASQ_22multiversx_sc_scenario3api7impl_vh12vm_hooks_api10VMHooksApiNtNtBT_9debug_api15DebugApiBackendEENtNtB5_5utils11UtilsModule14check_decimalsCsccnIogsiy8K_5tests
FNDA:1472,_RNvYINtCs5Hf7Co81jHm_16price_aggregator11ContractObjINtNtNtNtCs1rODQd5oASQ_22multiversx_sc_scenario3api7impl_vh12vm_hooks_api10VMHooksApiNtNtBT_9debug_api15DebugApiBackendEENtNtB5_5utils11UtilsModule16create_new_roundCsccnIogsiy8K_5tests
FNDA:1472,_RNvYINtCs5Hf7Co81jHm_16price_aggregator11ContractObjINtNtNtNtCs1rODQd5oASQ_22multiversx_sc_scenario3api7impl_vh12vm_hooks_api10VMHooksApiNtNtBT_9debug_api15DebugApiBackendEENtNtB5_5utils11UtilsModule16submit_uncheckedCsccnIogsiy8K_5tests
FNDA:368,_RNvYINtCs5Hf7Co81jHm_16price_aggregator11ContractObjINtNtNtNtCs1rODQd5oASQ_22multiversx_sc_scenario3api7impl_vh12vm_hooks_api10VMHooksApiNtNtBT_9debug_api15DebugApiBackendEENtNtB5_5utils11UtilsModule17clear_submissionsCsccnIogsiy8K_5tests
FNDA:1472,_RNvYINtCs5Hf7Co81jHm_16price_aggregator11ContractObjINtNtNtNtCs1rODQd5oASQ_22multiversx_sc_scenario3api7impl_vh12vm_hooks_api10VMHooksApiNtNtBT_9debug_api15DebugApiBackendEENtNtB5_5utils11UtilsModule17require_is_oracleCsccnIogsiy8K_5tests
FNDA:46,_RNvYINtCs5Hf7Co81jHm_16price_aggregator11ContractObjINtNtNtNtCs1rODQd5oASQ_22multiversx_sc_scenario3api7impl_vh12vm_hooks_api10VMHooksApiNtNtBT_9debug_api15DebugApiBackendEENtNtB5_5utils11UtilsModule30require_valid_submission_countCsccnIogsiy8K_5tests
FNDA:1472,_RNvYINtCs5Hf7Co81jHm_16price_aggregator11ContractObjINtNtNtNtCs1rODQd5oASQ_22multiversx_sc_scenario3api7impl_vh12vm_hooks_api10VMHooksApiNtNtBT_9debug_api15DebugApiBackendEENtNtB5_5utils11UtilsModule34require_valid_submission_timestampCsccnIogsiy8K_5tests
FNDA:0,_RNvYINtCs5Hf7Co81jHm_16price_aggregator11ContractObjINtNtNtNtCs1rODQd5oASQ_22multiversx_sc_scenario3api7impl_vh12vm_hooks_api10VMHooksApiNtNtBT_9debug_api15DebugApiBackendEENtNtB5_5utils16EndpointWrappers17callback_selectorCsccnIogsiy8K_5tests
FNDA:1449,_RNvYINtCs5Hf7Co81jHm_16price_aggregator11ContractObjINtNtNtNtCs1rODQd5oASQ_22multiversx_sc_scenario3api7impl_vh12vm_hooks_api10VMHooksApiNtNtBT_9debug_api15DebugApiBackendEENtNtB5_5utils16EndpointWrappers4callCsccnIogsiy8K_5tests
FNDA:0,_RNvYINtCs5Hf7Co81jHm_16price_aggregator11ContractObjINtNtNtNtCs1rODQd5oASQ_22multiversx_sc_scenario3api7impl_vh12vm_hooks_api10VMHooksApiNtNtBT_9debug_api15DebugApiBackendEENtNtB5_5utils16EndpointWrappers8callbackCsccnIogsiy8K_5tests
FNDA:0,_RNCNvYINtCs5Hf7Co81jHm_16price_aggregator11ContractObjINtNtNtNtCs1rODQd5oASQ_22multiversx_sc_scenario3api7impl_vh12vm_hooks_api10VMHooksApiNtNtBV_9debug_api15DebugApiBackendEENtNtB7_5utils11UtilsModule16create_new_round0CsccnIogsiy8K_5tests
FNDA:1472,_RNCNvYINtCs5Hf7Co81jHm_16price_aggregator11ContractObjINtNtNtNtCs1rODQd5oASQ_22multiversx_sc_scenario3api7impl_vh12vm_hooks_api10VMHooksApiNtNtBV_9debug_api15DebugApiBackendEENtNtB7_5utils11UtilsModule16submit_unchecked0CsccnIogsiy8K_5tests
FNF:10
FNH:9
DA:11,1449
DA:18,1472
DA:19,1472
DA:20,1472
DA:21,1472
DA:22,1472
DA:23,1472
DA:26,46
DA:27,46
DA:28,46
DA:29,46
DA:30,46
DA:41,1472
DA:42,1472
DA:43,1472
DA:44,1472
DA:45,1472
DA:46,1472
DA:47,1472
DA:48,1472
DA:49,1472
DA:50,1472
DA:51,1472
DA:52,1472
DA:53,1472
DA:54,1472
DA:55,0
DA:56,1472
DA:58,1472
DA:59,1472
DA:60,1472
DA:61,368
DA:62,368
DA:63,368
DA:64,368
DA:66,1104
DA:70,1472
DA:71,0
DA:72,0
DA:73,0
DA:74,0
DA:75,0
DA:76,0
DA:77,0
DA:78,1472
DA:80,1472
DA:81,1472
DA:82,1472
DA:83,1472
DA:84,1472
DA:85,1472
DA:86,1472
DA:87,1472
DA:88,1472
DA:89,1472
DA:90,1472
DA:91,1472
DA:92,1472
DA:93,1472
DA:94,1472
DA:95,1472
DA:96,0
DA:97,0
DA:98,0
DA:99,0
DA:100,0
DA:101,0
DA:102,0
DA:103,0
DA:105,1472
DA:106,1472
DA:107,1472
DA:108,1472
DA:109,1472
DA:110,1472
DA:113,1472
DA:114,1472
DA:115,1472
DA:116,1472
DA:117,1472
DA:118,1472
DA:119,1472
DA:120,1472
DA:121,1472
DA:122,1472
DA:131,1472
DA:132,1472
DA:133,1472
DA:134,368
DA:135,368
DA:136,368
DA:137,368
DA:139,368
DA:140,1472
DA:141,1472
DA:142,1472
DA:144,368
DA:145,368
DA:146,368
DA:147,368
DA:148,368
DA:149,368
DA:150,368
DA:151,368
DA:152,368
DA:153,368
DA:154,368
DA:155,368
DA:156,368
DA:157,368
DA:158,368
DA:159,368
DA:160,1104
DA:163,368
DA:164,368
DA:165,0
DA:166,368
DA:167,368
DA:168,368
DA:171,1472
DA:172,1472
DA:173,1472
DA:174,1472
DA:175,1472
DA:176,1472
BRF:0
BRH:0
LF:128
LH:110
end_of_record
SF:/Users/mihaieremia/GitHub/rs-lending/price-aggregator/src/views.rs
FN:78,_RNvYINtCs5Hf7Co81jHm_16price_aggregator11ContractObjINtNtNtNtCs1rODQd5oASQ_22multiversx_sc_scenario3api7impl_vh12vm_hooks_api10VMHooksApiNtNtBT_9debug_api15DebugApiBackendEENtNtB5_5views11ViewsModule11get_oraclesCsccnIogsiy8K_5tests
FN:17,_RNvYINtCs5Hf7Co81jHm_16price_aggregator11ContractObjINtNtNtNtCs1rODQd5oASQ_22multiversx_sc_scenario3api7impl_vh12vm_hooks_api10VMHooksApiNtNtBT_9debug_api15DebugApiBackendEENtNtB5_5views11ViewsModule15make_price_feedCsccnIogsiy8K_5tests
FN:32,_RNvYINtCs5Hf7Co81jHm_16price_aggregator11ContractObjINtNtNtNtCs1rODQd5oASQ_22multiversx_sc_scenario3api7impl_vh12vm_hooks_api10VMHooksApiNtNtBT_9debug_api15DebugApiBackendEENtNtB5_5views11ViewsModule17get_pair_decimalsCsccnIogsiy8K_5tests
FN:57,_RNvYINtCs5Hf7Co81jHm_16price_aggregator11ContractObjINtNtNtNtCs1rODQd5oASQ_22multiversx_sc_scenario3api7impl_vh12vm_hooks_api10VMHooksApiNtNtBT_9debug_api15DebugApiBackendEENtNtB5_5views11ViewsModule17latest_price_feedCsccnIogsiy8K_5tests
FN:42,_RNvYINtCs5Hf7Co81jHm_16price_aggregator11ContractObjINtNtNtNtCs1rODQd5oASQ_22multiversx_sc_scenario3api7impl_vh12vm_hooks_api10VMHooksApiNtNtBT_9debug_api15DebugApiBackendEENtNtB5_5views11ViewsModule17latest_round_dataCsccnIogsiy8K_5tests
FN:73,_RNvYINtCs5Hf7Co81jHm_16price_aggregator11ContractObjINtNtNtNtCs1rODQd5oASQ_22multiversx_sc_scenario3api7impl_vh12vm_hooks_api10VMHooksApiNtNtBT_9debug_api15DebugApiBackendEENtNtB5_5views11ViewsModule26latest_price_feed_optionalCsccnIogsiy8K_5tests
FN:9,_RNvYINtCs5Hf7Co81jHm_16price_aggregator11ContractObjINtNtNtNtCs1rODQd5oASQ_22multiversx_sc_scenario3api7impl_vh12vm_hooks_api10VMHooksApiNtNtBT_9debug_api15DebugApiBackendEENtNtB5_5views16EndpointWrappers16call_get_oraclesCsccnIogsiy8K_5tests
FN:9,_RNvYINtCs5Hf7Co81jHm_16price_aggregator11ContractObjINtNtNtNtCs1rODQd5oASQ_22multiversx_sc_scenario3api7impl_vh12vm_hooks_api10VMHooksApiNtNtBT_9debug_api15DebugApiBackendEENtNtB5_5views16EndpointWrappers17callback_selectorCsccnIogsiy8K_5tests
FN:9,_RNvYINtCs5Hf7Co81jHm_16price_aggregator11ContractObjINtNtNtNtCs1rODQd5oASQ_22multiversx_sc_scenario3api7impl_vh12vm_hooks_api10VMHooksApiNtNtBT_9debug_api15DebugApiBackendEENtNtB5_5views16EndpointWrappers22call_get_pair_decimalsCsccnIogsiy8K_5tests
FN:9,_RNvYINtCs5Hf7Co81jHm_16price_aggregator11ContractObjINtNtNtNtCs1rODQd5oASQ_22multiversx_sc_scenario3api7impl_vh12vm_hooks_api10VMHooksApiNtNtBT_9debug_api15DebugApiBackendEENtNtB5_5views16EndpointWrappers22call_latest_price_feedCsccnIogsiy8K_5tests
FN:9,_RNvYINtCs5Hf7Co81jHm_16price_aggregator11ContractObjINtNtNtNtCs1rODQd5oASQ_22multiversx_sc_scenario3api7impl_vh12vm_hooks_api10VMHooksApiNtNtBT_9debug_api15DebugApiBackendEENtNtB5_5views16EndpointWrappers22call_latest_round_dataCsccnIogsiy8K_5tests
FN:9,_RNvYINtCs5Hf7Co81jHm_16price_aggregator11ContractObjINtNtNtNtCs1rODQd5oASQ_22multiversx_sc_scenario3api7impl_vh12vm_hooks_api10VMHooksApiNtNtBT_9debug_api15DebugApiBackendEENtNtB5_5views16EndpointWrappers31call_latest_price_feed_optionalCsccnIogsiy8K_5tests
FN:9,_RNvYINtCs5Hf7Co81jHm_16price_aggregator11ContractObjINtNtNtNtCs1rODQd5oASQ_22multiversx_sc_scenario3api7impl_vh12vm_hooks_api10VMHooksApiNtNtBT_9debug_api15DebugApiBackendEENtNtB5_5views16EndpointWrappers4callCsccnIogsiy8K_5tests
FN:9,_RNvYINtCs5Hf7Co81jHm_16price_aggregator11ContractObjINtNtNtNtCs1rODQd5oASQ_22multiversx_sc_scenario3api7impl_vh12vm_hooks_api10VMHooksApiNtNtBT_9debug_api15DebugApiBackendEENtNtB5_5views16EndpointWrappers8callbackCsccnIogsiy8K_5tests
FNDA:0,_RNvYINtCs5Hf7Co81jHm_16price_aggregator11ContractObjINtNtNtNtCs1rODQd5oASQ_22multiversx_sc_scenario3api7impl_vh12vm_hooks_api10VMHooksApiNtNtBT_9debug_api15DebugApiBackendEENtNtB5_5views11ViewsModule11get_oraclesCsccnIogsiy8K_5tests
FNDA:1035,_RNvYINtCs5Hf7Co81jHm_16price_aggregator11ContractObjINtNtNtNtCs1rODQd5oASQ_22multiversx_sc_scenario3api7impl_vh12vm_hooks_api10VMHooksApiNtNtBT_9debug_api15DebugApiBackendEENtNtB5_5views11ViewsModule15make_price_feedCsccnIogsiy8K_5tests
FNDA:1472,_RNvYINtCs5Hf7Co81jHm_16price_aggregator11ContractObjINtNtNtNtCs1rODQd5oASQ_22multiversx_sc_scenario3api7impl_vh12vm_hooks_api10VMHooksApiNtNtBT_9debug_api15DebugApiBackendEENtNtB5_5views11ViewsModule17get_pair_decimalsCsccnIogsiy8K_5tests
FNDA:1035,_RNvYINtCs5Hf7Co81jHm_16price_aggregator11ContractObjINtNtNtNtCs1rODQd5oASQ_22multiversx_sc_scenario3api7impl_vh12vm_hooks_api10VMHooksApiNtNtBT_9debug_api15DebugApiBackendEENtNtB5_5views11ViewsModule17latest_price_feedCsccnIogsiy8K_5tests
FNDA:0,_RNvYINtCs5Hf7Co81jHm_16price_aggregator11ContractObjINtNtNtNtCs1rODQd5oASQ_22multiversx_sc_scenario3api7impl_vh12vm_hooks_api10VMHooksApiNtNtBT_9debug_api15DebugApiBackendEENtNtB5_5views11ViewsModule17latest_round_dataCsccnIogsiy8K_5tests
FNDA:0,_RNvYINtCs5Hf7Co81jHm_16price_aggregator11ContractObjINtNtNtNtCs1rODQd5oASQ_22multiversx_sc_scenario3api7impl_vh12vm_hooks_api10VMHooksApiNtNtBT_9debug_api15DebugApiBackendEENtNtB5_5views11ViewsModule26latest_price_feed_optionalCsccnIogsiy8K_5tests
FNDA:0,_RNvYINtCs5Hf7Co81jHm_16price_aggregator11ContractObjINtNtNtNtCs1rODQd5oASQ_22multiversx_sc_scenario3api7impl_vh12vm_hooks_api10VMHooksApiNtNtBT_9debug_api15DebugApiBackendEENtNtB5_5views16EndpointWrappers16call_get_oraclesCsccnIogsiy8K_5tests
FNDA:0,_RNvYINtCs5Hf7Co81jHm_16price_aggregator11ContractObjINtNtNtNtCs1rODQd5oASQ_22multiversx_sc_scenario3api7impl_vh12vm_hooks_api10VMHooksApiNtNtBT_9debug_api15DebugApiBackendEENtNtB5_5views16EndpointWrappers17callback_selectorCsccnIogsiy8K_5tests
FNDA:0,_RNvYINtCs5Hf7Co81jHm_16price_aggregator11ContractObjINtNtNtNtCs1rODQd5oASQ_22multiversx_sc_scenario3api7impl_vh12vm_hooks_api10VMHooksApiNtNtBT_9debug_api15DebugApiBackendEENtNtB5_5views16EndpointWrappers22call_get_pair_decimalsCsccnIogsiy8K_5tests
FNDA:1035,_RNvYINtCs5Hf7Co81jHm_16price_aggregator11ContractObjINtNtNtNtCs1rODQd5oASQ_22multiversx_sc_scenario3api7impl_vh12vm_hooks_api10VMHooksApiNtNtBT_9debug_api15DebugApiBackendEENtNtB5_5views16EndpointWrappers22call_latest_price_feedCsccnIogsiy8K_5tests
FNDA:0,_RNvYINtCs5Hf7Co81jHm_16price_aggregator11ContractObjINtNtNtNtCs1rODQd5oASQ_22multiversx_sc_scenario3api7impl_vh12vm_hooks_api10VMHooksApiNtNtBT_9debug_api15DebugApiBackendEENtNtB5_5views16EndpointWrappers22call_latest_round_dataCsccnIogsiy8K_5tests
FNDA:0,_RNvYINtCs5Hf7Co81jHm_16price_aggregator11ContractObjINtNtNtNtCs1rODQd5oASQ_22multiversx_sc_scenario3api7impl_vh12vm_hooks_api10VMHooksApiNtNtBT_9debug_api15DebugApiBackendEENtNtB5_5views16EndpointWrappers31call_latest_price_feed_optionalCsccnIogsiy8K_5tests
FNDA:1863,_RNvYINtCs5Hf7Co81jHm_16price_aggregator11ContractObjINtNtNtNtCs1rODQd5oASQ_22multiversx_sc_scenario3api7impl_vh12vm_hooks_api10VMHooksApiNtNtBT_9debug_api15DebugApiBackendEENtNtB5_5views16EndpointWrappers4callCsccnIogsiy8K_5tests
FNDA:0,_RNvYINtCs5Hf7Co81jHm_16price_aggregator11ContractObjINtNtNtNtCs1rODQd5oASQ_22multiversx_sc_scenario3api7impl_vh12vm_hooks_api10VMHooksApiNtNtBT_9debug_api15DebugApiBackendEENtNtB5_5views16EndpointWrappers8callbackCsccnIogsiy8K_5tests
FNF:7
FNH:4
DA:9,1863
DA:17,1035
DA:18,1035
DA:19,1035
DA:20,1035
DA:21,1035
DA:22,1035
DA:23,1035
DA:24,1035
DA:25,1035
DA:26,1035
DA:27,1035
DA:28,1035
DA:32,1472
DA:33,1472
DA:34,1472
DA:35,1472
DA:42,0
DA:43,0
DA:44,0
DA:45,0
DA:46,0
DA:47,0
DA:48,0
DA:49,0
DA:50,0
DA:53,0
DA:57,1035
DA:58,1035
DA:60,1035
DA:61,1035
DA:63,1035
DA:64,1035
DA:65,1035
DA:73,0
DA:74,0
DA:78,0
DA:79,0
DA:80,0
DA:81,0
DA:82,0
DA:83,0
BRF:0
BRH:0
LF:42
LH:24
end_of_record