SF:/Users/mihaieremia/GitHub/rs-lending/common/events/src/events.rs
FN:7,_RNvXCslxGK6Sk11Hb_13common_eventsINtCs9QAk8WfXHoy_12lending_pool11ContractObjINtNtNtNtCshYQIYZlbphp_22multiversx_sc_scenario3api7impl_vh12vm_hooks_api10VMHooksApiNtNtB1i_9debug_api15DebugApiBackendEENtB2_12EventsModule21update_position_eventCs9a2aj97w9Vg_5tests
FN:7,_RNvXCslxGK6Sk11Hb_13common_eventsINtCs9QAk8WfXHoy_12lending_pool11ContractObjINtNtNtNtCshYQIYZlbphp_22multiversx_sc_scenario3api7impl_vh12vm_hooks_api10VMHooksApiNtNtB1i_9debug_api15DebugApiBackendEENtB2_12EventsModule25update_asset_config_eventCs9a2aj97w9Vg_5tests
FN:7,_RNvXCslxGK6Sk11Hb_13common_eventsINtCs9QAk8WfXHoy_12lending_pool11ContractObjINtNtNtNtCshYQIYZlbphp_22multiversx_sc_scenario3api7impl_vh12vm_hooks_api10VMHooksApiNtNtB1i_9debug_api15DebugApiBackendEENtB2_12EventsModule25update_debt_ceiling_eventCs9a2aj97w9Vg_5tests
FN:7,_RNvXCslxGK6Sk11Hb_13common_eventsINtCs9QAk8WfXHoy_12lending_pool11ContractObjINtNtNtNtCshYQIYZlbphp_22multiversx_sc_scenario3api7impl_vh12vm_hooks_api10VMHooksApiNtNtB1i_9debug_api15DebugApiBackendEENtB2_12EventsModule25update_e_mode_asset_eventCs9a2aj97w9Vg_5tests
FN:7,_RNvXCslxGK6Sk11Hb_13common_eventsINtCs9QAk8WfXHoy_12lending_pool11ContractObjINtNtNtNtCshYQIYZlbphp_22multiversx_sc_scenario3api7impl_vh12vm_hooks_api10VMHooksApiNtNtB1i_9debug_api15DebugApiBackendEENtB2_12EventsModule26create_market_params_eventCs9a2aj97w9Vg_5tests
FN:7,_RNvXCslxGK6Sk11Hb_13common_eventsINtCs9QAk8WfXHoy_12lending_pool11ContractObjINtNtNtNtCshYQIYZlbphp_22multiversx_sc_scenario3api7impl_vh12vm_hooks_api10VMHooksApiNtNtB1i_9debug_api15DebugApiBackendEENtB2_12EventsModule28update_e_mode_category_eventCs9a2aj97w9Vg_5tests
FN:7,_RNvXCslxGK6Sk11Hb_13common_eventsINtCs9QAk8WfXHoy_12lending_pool11ContractObjINtNtNtNtCshYQIYZlbphp_22multiversx_sc_scenario3api7impl_vh12vm_hooks_api10VMHooksApiNtNtB1i_9debug_api15DebugApiBackendEENtB2_12EventsModule34update_vault_supplied_amount_eventCs9a2aj97w9Vg_5tests
FN:7,_RNvYINtCs9QAk8WfXHoy_12lending_pool11ContractObjINtNtNtNtCshYQIYZlbphp_22multiversx_sc_scenario3api7impl_vh12vm_hooks_api10VMHooksApiNtNtBP_9debug_api15DebugApiBackendEENtCslxGK6Sk11Hb_13common_events16EndpointWrappers17callback_selectorCs9a2aj97w9Vg_5tests
FN:7,_RNvYINtCs9QAk8WfXHoy_12lending_pool11ContractObjINtNtNtNtCshYQIYZlbphp_22multiversx_sc_scenario3api7impl_vh12vm_hooks_api10VMHooksApiNtNtBP_9debug_api15DebugApiBackendEENtCslxGK6Sk11Hb_13common_events16EndpointWrappers4callCs9a2aj97w9Vg_5tests
FN:7,_RNvYINtCs9QAk8WfXHoy_12lending_pool11ContractObjINtNtNtNtCshYQIYZlbphp_22multiversx_sc_scenario3api7impl_vh12vm_hooks_api10VMHooksApiNtNtBP_9debug_api15DebugApiBackendEENtCslxGK6Sk11Hb_13common_events16EndpointWrappers8callbackCs9a2aj97w9Vg_5tests
FN:7,_RNvXCslxGK6Sk11Hb_13common_eventsINtCsdJLT5u3O1HA_14liquidity_pool11ContractObjINtNtNtNtCshYQIYZlbphp_22multiversx_sc_scenario3api7impl_vh12vm_hooks_api10VMHooksApiNtNtB1k_9debug_api15DebugApiBackendEENtB2_12EventsModule19market_params_eventCs9a2aj97w9Vg_5tests
FN:7,_RNvXCslxGK6Sk11Hb_13common_eventsINtCsdJLT5u3O1HA_14liquidity_pool11ContractObjINtNtNtNtCshYQIYZlbphp_22multiversx_sc_scenario3api7impl_vh12vm_hooks_api10VMHooksApiNtNtB1k_9debug_api15DebugApiBackendEENtB2_12EventsModule21update_position_eventCs9a2aj97w9Vg_5tests
FN:7,_RNvXCslxGK6Sk11Hb_13common_eventsINtCsdJLT5u3O1HA_14liquidity_pool11ContractObjINtNtNtNtCshYQIYZlbphp_22multiversx_sc_scenario3api7impl_vh12vm_hooks_api10VMHooksApiNtNtB1k_9debug_api15DebugApiBackendEENtB2_12EventsModule31__emit_update_market_state_eventCs9a2aj97w9Vg_5tests
FN:46,_RNvYINtCsdJLT5u3O1HA_14liquidity_pool11ContractObjINtNtNtNtCshYQIYZlbphp_22multiversx_sc_scenario3api7impl_vh12vm_hooks_api10VMHooksApiNtNtBR_9debug_api15DebugApiBackendEENtCslxGK6Sk11Hb_13common_events12EventsModule25update_market_state_eventCs9a2aj97w9Vg_5tests
FN:7,_RNvYINtCsdJLT5u3O1HA_14liquidity_pool11ContractObjINtNtNtNtCshYQIYZlbphp_22multiversx_sc_scenario3api7impl_vh12vm_hooks_api10VMHooksApiNtNtBR_9debug_api15DebugApiBackendEENtCslxGK6Sk11Hb_13common_events16EndpointWrappers17callback_selectorCs9a2aj97w9Vg_5tests
FN:7,_RNvYINtCsdJLT5u3O1HA_14liquidity_pool11ContractObjINtNtNtNtCshYQIYZlbphp_22multiversx_sc_scenario3api7impl_vh12vm_hooks_api10VMHooksApiNtNtBR_9debug_api15DebugApiBackendEENtCslxGK6Sk11Hb_13common_events16EndpointWrappers4callCs9a2aj97w9Vg_5tests
FN:7,_RNvYINtCsdJLT5u3O1HA_14liquidity_pool11ContractObjINtNtNtNtCshYQIYZlbphp_22multiversx_sc_scenario3api7impl_vh12vm_hooks_api10VMHooksApiNtNtBR_9debug_api15DebugApiBackendEENtCslxGK6Sk11Hb_13common_events16EndpointWrappers8callbackCs9a2aj97w9Vg_5tests
FNDA:109,_RNvXCslxGK6Sk11Hb_13common_eventsINtCs9QAk8WfXHoy_12lending_pool11ContractObjINtNtNtNtCshYQIYZlbphp_22multiversx_sc_scenario3api7impl_vh12vm_hooks_api10VMHooksApiNtNtB1i_9debug_api15DebugApiBackendEENtB2_12EventsModule21update_position_eventCs9a2aj97w9Vg_5tests
FNDA:156,_RNvXCslxGK6Sk11Hb_13common_eventsINtCs9QAk8WfXHoy_12lending_pool11ContractObjINtNtNtNtCshYQIYZlbphp_22multiversx_sc_scenario3api7impl_vh12vm_hooks_api10VMHooksApiNtNtB1i_9debug_api15DebugApiBackendEENtB2_12EventsModule25update_asset_config_eventCs9a2aj97w9Vg_5tests
FNDA:7,_RNvXCslxGK6Sk11Hb_13common_eventsINtCs9QAk8WfXHoy_12lending_pool11ContractObjINtNtNtNtCshYQIYZlbphp_22multiversx_sc_scenario3api7impl_vh12vm_hooks_api10VMHooksApiNtNtB1i_9debug_api15DebugApiBackendEENtB2_12EventsModule25update_debt_ceiling_eventCs9a2aj97w9Vg_5tests
FNDA:156,_RNvXCslxGK6Sk11Hb_13common_eventsINtCs9QAk8WfXHoy_12lending_pool11ContractObjINtNtNtNtCshYQIYZlbphp_22multiversx_sc_scenario3api7impl_vh12vm_hooks_api10VMHooksApiNtNtB1i_9debug_api15DebugApiBackendEENtB2_12EventsModule25update_e_mode_asset_eventCs9a2aj97w9Vg_5tests
FNDA:351,_RNvXCslxGK6Sk11Hb_13common_eventsINtCs9QAk8WfXHoy_12lending_pool11ContractObjINtNtNtNtCshYQIYZlbphp_22multiversx_sc_scenario3api7impl_vh12vm_hooks_api10VMHooksApiNtNtB1i_9debug_api15DebugApiBackendEENtB2_12EventsModule26create_market_params_eventCs9a2aj97w9Vg_5tests
FNDA:39,_RNvXCslxGK6Sk11Hb_13common_eventsINtCs9QAk8WfXHoy_12lending_pool11ContractObjINtNtNtNtCshYQIYZlbphp_22multiversx_sc_scenario3api7impl_vh12vm_hooks_api10VMHooksApiNtNtB1i_9debug_api15DebugApiBackendEENtB2_12EventsModule28update_e_mode_category_eventCs9a2aj97w9Vg_5tests
FNDA:9,_RNvXCslxGK6Sk11Hb_13common_eventsINtCs9QAk8WfXHoy_12lending_pool11ContractObjINtNtNtNtCshYQIYZlbphp_22multiversx_sc_scenario3api7impl_vh12vm_hooks_api10VMHooksApiNtNtB1i_9debug_api15DebugApiBackendEENtB2_12EventsModule34update_vault_supplied_amount_eventCs9a2aj97w9Vg_5tests
FNDA:0,_RNvYINtCs9QAk8WfXHoy_12lending_pool11ContractObjINtNtNtNtCshYQIYZlbphp_22multiversx_sc_scenario3api7impl_vh12vm_hooks_api10VMHooksApiNtNtBP_9debug_api15DebugApiBackendEENtCslxGK6Sk11Hb_13common_events16EndpointWrappers17callback_selectorCs9a2aj97w9Vg_5tests
FNDA:3249,_RNvYINtCs9QAk8WfXHoy_12lending_pool11ContractObjINtNtNtNtCshYQIYZlbphp_22multiversx_sc_scenario3api7impl_vh12vm_hooks_api10VMHooksApiNtNtBP_9debug_api15DebugApiBackendEENtCslxGK6Sk11Hb_13common_events16EndpointWrappers4callCs9a2aj97w9Vg_5tests
FNDA:0,_RNvYINtCs9QAk8WfXHoy_12lending_pool11ContractObjINtNtNtNtCshYQIYZlbphp_22multiversx_sc_scenario3api7impl_vh12vm_hooks_api10VMHooksApiNtNtBP_9debug_api15DebugApiBackendEENtCslxGK6Sk11Hb_13common_events16EndpointWrappers8callbackCs9a2aj97w9Vg_5tests
FNDA:0,_RNvXCslxGK6Sk11Hb_13common_eventsINtCsdJLT5u3O1HA_14liquidity_pool11ContractObjINtNtNtNtCshYQIYZlbphp_22multiversx_sc_scenario3api7impl_vh12vm_hooks_api10VMHooksApiNtNtB1k_9debug_api15DebugApiBackendEENtB2_12EventsModule19market_params_eventCs9a2aj97w9Vg_5tests
FNDA:741,_RNvXCslxGK6Sk11Hb_13common_eventsINtCsdJLT5u3O1HA_14liquidity_pool11ContractObjINtNtNtNtCshYQIYZlbphp_22multiversx_sc_scenario3api7impl_vh12vm_hooks_api10VMHooksApiNtNtB1k_9debug_api15DebugApiBackendEENtB2_12EventsModule21update_position_eventCs9a2aj97w9Vg_5tests
FNDA:844,_RNvXCslxGK6Sk11Hb_13common_eventsINtCsdJLT5u3O1HA_14liquidity_pool11ContractObjINtNtNtNtCshYQIYZlbphp_22multiversx_sc_scenario3api7impl_vh12vm_hooks_api10VMHooksApiNtNtB1k_9debug_api15DebugApiBackendEENtB2_12EventsModule31__emit_update_market_state_eventCs9a2aj97w9Vg_5tests
FNDA:844,_RNvYINtCsdJLT5u3O1HA_14liquidity_pool11ContractObjINtNtNtNtCshYQIYZlbphp_22multiversx_sc_scenario3api7impl_vh12vm_hooks_api10VMHooksApiNtNtBR_9debug_api15DebugApiBackendEENtCslxGK6Sk11Hb_13common_events12EventsModule25update_market_state_eventCs9a2aj97w9Vg_5tests
FNDA:0,_RNvYINtCsdJLT5u3O1HA_14liquidity_pool11ContractObjINtNtNtNtCshYQIYZlbphp_22multiversx_sc_scenario3api7impl_vh12vm_hooks_api10VMHooksApiNtNtBR_9debug_api15DebugApiBackendEENtCslxGK6Sk11Hb_13common_events16EndpointWrappers17callback_selectorCs9a2aj97w9Vg_5tests
FNDA:920,_RNvYINtCsdJLT5u3O1HA_14liquidity_pool11ContractObjINtNtNtNtCshYQIYZlbphp_22multiversx_sc_scenario3api7impl_vh12vm_hooks_api10VMHooksApiNtNtBR_9debug_api15DebugApiBackendEENtCslxGK6Sk11Hb_13common_events16EndpointWrappers4callCs9a2aj97w9Vg_5tests
FNDA:0,_RNvYINtCsdJLT5u3O1HA_14liquidity_pool11ContractObjINtNtNtNtCshYQIYZlbphp_22multiversx_sc_scenario3api7impl_vh12vm_hooks_api10VMHooksApiNtNtBR_9debug_api15DebugApiBackendEENtCslxGK6Sk11Hb_13common_events16EndpointWrappers8callbackCs9a2aj97w9Vg_5tests
FNF:2
FNH:2
DA:7,4169
DA:46,844
DA:47,844
DA:48,844
DA:49,844
DA:50,844
DA:51,844
DA:52,844
DA:53,844
DA:54,844
DA:55,844
DA:56,844
DA:57,844
BRF:0
BRH:0
LF:13
LH:13
end_of_record
SF:/Users/mihaieremia/GitHub/rs-lending/common/structs/src/model.rs
FN:146,_RINvXs10_CsfjpYwZHZakN_14common_structsINtB7_25EgldOrEsdtTokenPaymentNewINtNtNtNtCshYQIYZlbphp_22multiversx_sc_scenario3api7impl_vh12vm_hooks_api10VMHooksApiNtNtB1d_9debug_api15DebugApiBackendEENtNtNtNtNtCs8KjcITZNGD6_13multiversx_sc5types7managed7wrapped16managed_vec_item14ManagedVecItem16from_byte_readerNCNvMs2_NtB3a_11managed_vecINtB53_10ManagedVecB18_BB_E7try_get0ECs9a2aj97w9Vg_5tests
FN:146,_RINvXs10_CsfjpYwZHZakN_14common_structsINtB7_25EgldOrEsdtTokenPaymentNewINtNtNtNtCshYQIYZlbphp_22multiversx_sc_scenario3api7impl_vh12vm_hooks_api10VMHooksApiNtNtB1d_9debug_api15DebugApiBackendEENtNtNtNtNtCs8KjcITZNGD6_13multiversx_sc5types7managed7wrapped16managed_vec_item14ManagedVecItem16into_byte_writeruNCNvMs2_NtB3a_11managed_vecINtB54_10ManagedVecB18_BB_E4push0ECs9a2aj97w9Vg_5tests
FN:146,_RINvXs10_CsfjpYwZHZakN_14common_structsINtB7_25EgldOrEsdtTokenPaymentNewINtNtNtNtCshYQIYZlbphp_22multiversx_sc_scenario3api7impl_vh12vm_hooks_api10VMHooksApiNtNtB1d_9debug_api15DebugApiBackendEENtNtNtNtNtCs8KjcITZNGD6_13multiversx_sc5types7managed7wrapped16managed_vec_item14ManagedVecItem26from_byte_reader_as_borrowNCNvMs2_NtB3a_11managed_vecINtB5d_10ManagedVecB18_BB_E7try_get0ECs9a2aj97w9Vg_5tests
FN:111,_RINvXs1B_CsfjpYwZHZakN_14common_structsINtB7_23AssetExtendedConfigViewINtNtNtNtCshYQIYZlbphp_22multiversx_sc_scenario3api7impl_vh12vm_hooks_api10VMHooksApiNtNtB1b_9debug_api15DebugApiBackendEENtNtNtNtNtCs8KjcITZNGD6_13multiversx_sc5types7managed7wrapped16managed_vec_item14ManagedVecItem16from_byte_readerNCNvXs0_NtB38_22managed_vec_owned_iterINtB51_23ManagedVecOwnedIteratorB16_BB_ENtNtNtNtCslGS7pEIChKc_4core4iter6traits8iterator8Iterator4next0ECs9a2aj97w9Vg_5tests
FN:111,_RINvXs1B_CsfjpYwZHZakN_14common_structsINtB7_23AssetExtendedConfigViewINtNtNtNtCshYQIYZlbphp_22multiversx_sc_scenario3api7impl_vh12vm_hooks_api10VMHooksApiNtNtB1b_9debug_api15DebugApiBackendEENtNtNtNtNtCs8KjcITZNGD6_13multiversx_sc5types7managed7wrapped16managed_vec_item14ManagedVecItem16into_byte_writeruNCNvMs2_NtB38_11managed_vecINtB52_10ManagedVecB16_BB_E4push0ECs9a2aj97w9Vg_5tests
FN:111,_RINvXs1E_CsfjpYwZHZakN_14common_structsINtB7_23AssetExtendedConfigViewINtNtNtNtCshYQIYZlbphp_22multiversx_sc_scenario3api7impl_vh12vm_hooks_api10VMHooksApiNtNtB1b_9debug_api15DebugApiBackendEENtNtNtCs4XIbEUoEM0G_19multiversx_sc_codec6single9nested_en12NestedEncode24dep_encode_or_handle_errINtNtNtNtNtNtCs8KjcITZNGD6_13multiversx_sc5types7managed7wrapped7builder22managed_buffer_builder20ManagedBufferBuilderB16_EINtNtNtNtB4R_13contract_base8wrappers10serializer21ExitCodecErrorHandlerB16_EECs9a2aj97w9Vg_5tests
FN:76,_RINvXs1J_CsfjpYwZHZakN_14common_structsINtB7_11AssetConfigINtNtNtNtCshYQIYZlbphp_22multiversx_sc_scenario3api7impl_vh12vm_hooks_api10VMHooksApiNtNtBZ_9debug_api15DebugApiBackendEENtNtNtNtNtCs8KjcITZNGD6_13multiversx_sc5types7managed7wrapped16managed_vec_item14ManagedVecItem16from_byte_readerNCINvXs1B_B7_INtB7_23AssetExtendedConfigViewBU_EB2R_16from_byte_readerNCNvXs0_NtB2V_22managed_vec_owned_iterINtB5W_23ManagedVecOwnedIteratorBU_B4T_ENtNtNtNtCslGS7pEIChKc_4core4iter6traits8iterator8Iterator4next0E0ECs9a2aj97w9Vg_5tests
FN:76,_RINvXs1J_CsfjpYwZHZakN_14common_structsINtB7_11AssetConfigINtNtNtNtCshYQIYZlbphp_22multiversx_sc_scenario3api7impl_vh12vm_hooks_api10VMHooksApiNtNtBZ_9debug_api15DebugApiBackendEENtNtNtNtNtCs8KjcITZNGD6_13multiversx_sc5types7managed7wrapped16managed_vec_item14ManagedVecItem16into_byte_writeruNCINvXs1B_B7_INtB7_23AssetExtendedConfigViewBU_EB2R_16into_byte_writeruNCNvMs2_NtB2V_11managed_vecINtB5Y_10ManagedVecBU_B4U_E4push0E0ECs9a2aj97w9Vg_5tests
FN:76,_RINvXs1K_CsfjpYwZHZakN_14common_structsINtB7_11AssetConfigINtNtNtNtCshYQIYZlbphp_22multiversx_sc_scenario3api7impl_vh12vm_hooks_api10VMHooksApiNtNtBZ_9debug_api15DebugApiBackendEENtNtNtCs4XIbEUoEM0G_19multiversx_sc_codec6single6top_en9TopEncode24top_encode_or_handle_errINtNtNtCs8KjcITZNGD6_13multiversx_sc2io6finish16ApiOutputAdapterBU_EINtNtNtNtB4r_13contract_base8wrappers10serializer21ExitCodecErrorHandlerBU_EECs9a2aj97w9Vg_5tests
FN:76,_RINvXs1K_CsfjpYwZHZakN_14common_structsINtB7_11AssetConfigINtNtNtNtCshYQIYZlbphp_22multiversx_sc_scenario3api7impl_vh12vm_hooks_api10VMHooksApiNtNtBZ_9debug_api15DebugApiBackendEENtNtNtCs4XIbEUoEM0G_19multiversx_sc_codec6single6top_en9TopEncode24top_encode_or_handle_errINtNtNtCs8KjcITZNGD6_13multiversx_sc7storage11storage_set16StorageSetOutputBU_EINtNtNtNtB4r_13contract_base8wrappers10serializer21ExitCodecErrorHandlerBU_EECs9a2aj97w9Vg_5tests
FN:76,_RINvXs1K_CsfjpYwZHZakN_14common_structsINtB7_11AssetConfigINtNtNtNtCshYQIYZlbphp_22multiversx_sc_scenario3api7impl_vh12vm_hooks_api10VMHooksApiNtNtBZ_9debug_api15DebugApiBackendEENtNtNtCs4XIbEUoEM0G_19multiversx_sc_codec6single6top_en9TopEncode24top_encode_or_handle_errQINtNtNtNtNtCs8KjcITZNGD6_13multiversx_sc5types7managed5basic14managed_buffer13ManagedBufferBU_EINtNtNtNtB4w_13contract_base8wrappers10serializer21ExitCodecErrorHandlerBU_EECs9a2aj97w9Vg_5tests
FN:76,_RINvXs1L_CsfjpYwZHZakN_14common_structsINtB7_11AssetConfigINtNtNtNtCshYQIYZlbphp_22multiversx_sc_scenario3api7impl_vh12vm_hooks_api10VMHooksApiNtNtBZ_9debug_api15DebugApiBackendEENtNtNtCs4XIbEUoEM0G_19multiversx_sc_codec6single6top_de9TopDecode24top_decode_or_handle_errINtNtNtCs8KjcITZNGD6_13multiversx_sc7storage11storage_get15StorageGetInputBU_EINtB4n_22StorageGetErrorHandlerBU_EECs9a2aj97w9Vg_5tests
FN:76,_RINvXs1M_CsfjpYwZHZakN_14common_structsINtB7_11AssetConfigINtNtNtNtCshYQIYZlbphp_22multiversx_sc_scenario3api7impl_vh12vm_hooks_api10VMHooksApiNtNtBZ_9debug_api15DebugApiBackendEENtNtNtCs4XIbEUoEM0G_19multiversx_sc_codec6single9nested_en12NestedEncode24dep_encode_or_handle_errINtNtNtNtNtNtCs8KjcITZNGD6_13multiversx_sc5types7managed7wrapped7builder22managed_buffer_builder20ManagedBufferBuilderBU_EINtNtNtNtB4E_13contract_base8wrappers10serializer21ExitCodecErrorHandlerBU_EECs9a2aj97w9Vg_5tests
FN:29,_RINvXs1R_CsfjpYwZHZakN_14common_structsINtB7_15AccountPositionINtNtNtNtCshYQIYZlbphp_22multiversx_sc_scenario3api7impl_vh12vm_hooks_api10VMHooksApiNtNtB13_9debug_api15DebugApiBackendEENtNtNtNtNtCs8KjcITZNGD6_13multiversx_sc5types7managed7wrapped16managed_vec_item14ManagedVecItem16from_byte_readerNCNvMs2_NtB30_11managed_vecINtB4T_10ManagedVecBY_BB_E7try_get0ECs9a2aj97w9Vg_5tests
FN:29,_RINvXs1R_CsfjpYwZHZakN_14common_structsINtB7_15AccountPositionINtNtNtNtCshYQIYZlbphp_22multiversx_sc_scenario3api7impl_vh12vm_hooks_api10VMHooksApiNtNtB13_9debug_api15DebugApiBackendEENtNtNtNtNtCs8KjcITZNGD6_13multiversx_sc5types7managed7wrapped16managed_vec_item14ManagedVecItem16from_byte_readerNCNvXs0_NtB30_22managed_vec_owned_iterINtB4T_23ManagedVecOwnedIteratorBY_BB_ENtNtNtNtCslGS7pEIChKc_4core4iter6traits8iterator8Iterator4next0ECs9a2aj97w9Vg_5tests
FN:29,_RINvXs1R_CsfjpYwZHZakN_14common_structsINtB7_15AccountPositionINtNtNtNtCshYQIYZlbphp_22multiversx_sc_scenario3api7impl_vh12vm_hooks_api10VMHooksApiNtNtB13_9debug_api15DebugApiBackendEENtNtNtNtNtCs8KjcITZNGD6_13multiversx_sc5types7managed7wrapped16managed_vec_item14ManagedVecItem16into_byte_writeruNCNvMs2_NtB30_11managed_vecINtB4U_10ManagedVecBY_BB_E4push0ECs9a2aj97w9Vg_5tests
FN:29,_RINvXs1R_CsfjpYwZHZakN_14common_structsINtB7_15AccountPositionINtNtNtNtCshYQIYZlbphp_22multiversx_sc_scenario3api7impl_vh12vm_hooks_api10VMHooksApiNtNtB13_9debug_api15DebugApiBackendEENtNtNtNtNtCs8KjcITZNGD6_13multiversx_sc5types7managed7wrapped16managed_vec_item14ManagedVecItem26from_byte_reader_as_borrowNCNvMs2_NtB30_11managed_vecINtB53_10ManagedVecBY_BB_E7try_get0ECs9a2aj97w9Vg_5tests
FN:29,_RINvXs1S_CsfjpYwZHZakN_14common_structsINtB7_15AccountPositionINtNtNtNtCshYQIYZlbphp_22multiversx_sc_scenario3api7impl_vh12vm_hooks_api10VMHooksApiNtNtB13_9debug_api15DebugApiBackendEENtNtNtCs4XIbEUoEM0G_19multiversx_sc_codec6single9nested_en12NestedEncode24dep_encode_or_handle_errINtNtNtNtNtNtCs8KjcITZNGD6_13multiversx_sc5types7managed7wrapped7builder22managed_buffer_builder20ManagedBufferBuilderBY_EINtNtNtNtB4J_13contract_base8wrappers10serializer21ExitCodecErrorHandlerBY_EECs9a2aj97w9Vg_5tests
FN:29,_RINvXs1U_CsfjpYwZHZakN_14common_structsINtB7_15AccountPositionINtNtNtNtCshYQIYZlbphp_22multiversx_sc_scenario3api7impl_vh12vm_hooks_api10VMHooksApiNtNtB13_9debug_api15DebugApiBackendEENtNtNtCs4XIbEUoEM0G_19multiversx_sc_codec6single6top_en9TopEncode24top_encode_or_handle_errINtNtNtCs8KjcITZNGD6_13multiversx_sc2io6finish16ApiOutputAdapterBY_EINtNtNtNtB4w_13contract_base8wrappers10serializer21ExitCodecErrorHandlerBY_EECs9a2aj97w9Vg_5tests
FN:29,_RINvXs1U_CsfjpYwZHZakN_14common_structsINtB7_15AccountPositionINtNtNtNtCshYQIYZlbphp_22multiversx_sc_scenario3api7impl_vh12vm_hooks_api10VMHooksApiNtNtB13_9debug_api15DebugApiBackendEENtNtNtCs4XIbEUoEM0G_19multiversx_sc_codec6single6top_en9TopEncode24top_encode_or_handle_errINtNtNtCs8KjcITZNGD6_13multiversx_sc7storage11storage_set16StorageSetOutputBY_EINtNtNtNtB4w_13contract_base8wrappers10serializer21ExitCodecErrorHandlerBY_EECs9a2aj97w9Vg_5tests
FN:29,_RINvXs1U_CsfjpYwZHZakN_14common_structsINtB7_15AccountPositionINtNtNtNtCshYQIYZlbphp_22multiversx_sc_scenario3api7impl_vh12vm_hooks_api10VMHooksApiNtNtB13_9debug_api15DebugApiBackendEENtNtNtCs4XIbEUoEM0G_19multiversx_sc_codec6single6top_en9TopEncode24top_encode_or_handle_errQINtNtNtNtNtCs8KjcITZNGD6_13multiversx_sc5types7managed5basic14managed_buffer13ManagedBufferBY_EINtNtNtNtB4B_13contract_base8wrappers10serializer21ExitCodecErrorHandlerBY_EECs9a2aj97w9Vg_5tests
FN:29,_RINvXs1V_CsfjpYwZHZakN_14common_structsINtB7_15AccountPositionINtNtNtNtCshYQIYZlbphp_22multiversx_sc_scenario3api7impl_vh12vm_hooks_api10VMHooksApiNtNtB13_9debug_api15DebugApiBackendEENtNtNtCs4XIbEUoEM0G_19multiversx_sc_codec6single6top_de9TopDecode24top_decode_or_handle_errINtNtNtCs8KjcITZNGD6_13multiversx_sc2io12arg_de_input14ArgDecodeInputBY_EINtNtB4u_17arg_error_handler15ArgErrorHandlerBY_EECs9a2aj97w9Vg_5tests
FN:29,_RINvXs1V_CsfjpYwZHZakN_14common_structsINtB7_15AccountPositionINtNtNtNtCshYQIYZlbphp_22multiversx_sc_scenario3api7impl_vh12vm_hooks_api10VMHooksApiNtNtB13_9debug_api15DebugApiBackendEENtNtNtCs4XIbEUoEM0G_19multiversx_sc_codec6single6top_de9TopDecode24top_decode_or_handle_errINtNtNtCs8KjcITZNGD6_13multiversx_sc7storage11storage_get15StorageGetInputBY_EINtB4s_22StorageGetErrorHandlerBY_EECs9a2aj97w9Vg_5tests
FN:29,_RINvXs1V_CsfjpYwZHZakN_14common_structsINtB7_15AccountPositionINtNtNtNtCshYQIYZlbphp_22multiversx_sc_scenario3api7impl_vh12vm_hooks_api10VMHooksApiNtNtB13_9debug_api15DebugApiBackendEENtNtNtCs4XIbEUoEM0G_19multiversx_sc_codec6single6top_de9TopDecode24top_decode_or_handle_errINtNtNtNtNtCs8KjcITZNGD6_13multiversx_sc5types7managed5basic14managed_buffer13ManagedBufferBY_EINtNtNtB4A_2io17arg_error_handler15ArgErrorHandlerBY_EECs9a2aj97w9Vg_5tests
FN:137,_RINvXs1f_CsfjpYwZHZakN_14common_structsNtB7_20NftAccountAttributesNtNtNtCs4XIbEUoEM0G_19multiversx_sc_codec6single6top_en9TopEncode24top_encode_or_handle_errINtNtNtCs8KjcITZNGD6_13multiversx_sc2io6finish16ApiOutputAdapterINtNtNtNtCshYQIYZlbphp_22multiversx_sc_scenario3api7impl_vh12vm_hooks_api10VMHooksApiNtNtB3C_9debug_api15DebugApiBackendEEINtNtNtNtB2C_13contract_base8wrappers10serializer21ExitCodecErrorHandlerB3x_EECs9a2aj97w9Vg_5tests
FN:137,_RINvXs1f_CsfjpYwZHZakN_14common_structsNtB7_20NftAccountAttributesNtNtNtCs4XIbEUoEM0G_19multiversx_sc_codec6single6top_en9TopEncode24top_encode_or_handle_errINtNtNtCs8KjcITZNGD6_13multiversx_sc7storage11storage_set16StorageSetOutputINtNtNtNtCshYQIYZlbphp_22multiversx_sc_scenario3api7impl_vh12vm_hooks_api10VMHooksApiNtNtB3N_9debug_api15DebugApiBackendEEINtNtNtNtB2C_13contract_base8wrappers10serializer21ExitCodecErrorHandlerB3I_EECs9a2aj97w9Vg_5tests
FN:137,_RINvXs1f_CsfjpYwZHZakN_14common_structsNtB7_20NftAccountAttributesNtNtNtCs4XIbEUoEM0G_19multiversx_sc_codec6single6top_en9TopEncode24top_encode_or_handle_errQINtNtCshTKFwE22Rw2_5alloc3vec3VechENtNtB18_17codec_err_handler19DefaultErrorHandlerECs9a2aj97w9Vg_5tests
FN:137,_RINvXs1f_CsfjpYwZHZakN_14common_structsNtB7_20NftAccountAttributesNtNtNtCs4XIbEUoEM0G_19multiversx_sc_codec6single6top_en9TopEncode24top_encode_or_handle_errQINtNtNtNtNtCs8KjcITZNGD6_13multiversx_sc5types7managed5basic14managed_buffer13ManagedBufferINtNtNtNtCshYQIYZlbphp_22multiversx_sc_scenario3api7impl_vh12vm_hooks_api10VMHooksApiNtNtB44_9debug_api15DebugApiBackendEEINtNtNtNtB2H_13contract_base8wrappers10serializer21ExitCodecErrorHandlerB3Z_EECs9a2aj97w9Vg_5tests
FN:137,_RINvXs1g_CsfjpYwZHZakN_14common_structsNtB7_20NftAccountAttributesNtNtNtCs4XIbEUoEM0G_19multiversx_sc_codec6single6top_de9TopDecode24top_decode_or_handle_errINtNtNtCs8KjcITZNGD6_13multiversx_sc7storage11storage_get15StorageGetInputINtNtNtNtCshYQIYZlbphp_22multiversx_sc_scenario3api7impl_vh12vm_hooks_api10VMHooksApiNtNtB3M_9debug_api15DebugApiBackendEEINtB2y_22StorageGetErrorHandlerB3H_EECs9a2aj97w9Vg_5tests
FN:137,_RINvXs1g_CsfjpYwZHZakN_14common_structsNtB7_20NftAccountAttributesNtNtNtCs4XIbEUoEM0G_19multiversx_sc_codec6single6top_de9TopDecode24top_decode_or_handle_errINtNtNtNtNtCs8KjcITZNGD6_13multiversx_sc5types7managed5basic14managed_buffer13ManagedBufferINtNtNtNtCshYQIYZlbphp_22multiversx_sc_scenario3api7impl_vh12vm_hooks_api10VMHooksApiNtNtB43_9debug_api15DebugApiBackendEEINtNtNtNtB2G_13contract_base8wrappers10serializer21ExitCodecErrorHandlerB3Y_EECs9a2aj97w9Vg_5tests
FN:130,_RINvXs1m_CsfjpYwZHZakN_14common_structsNtB7_16EModeAssetConfigNtNtNtCs4XIbEUoEM0G_19multiversx_sc_codec6single6top_en9TopEncode24top_encode_or_handle_errINtNtNtCs8KjcITZNGD6_13multiversx_sc2io6finish16ApiOutputAdapterINtNtNtNtCshYQIYZlbphp_22multiversx_sc_scenario3api7impl_vh12vm_hooks_api10VMHooksApiNtNtB3y_9debug_api15DebugApiBackendEEINtNtNtNtB2y_13contract_base8wrappers10serializer21ExitCodecErrorHandlerB3t_EECs9a2aj97w9Vg_5tests
FN:130,_RINvXs1m_CsfjpYwZHZakN_14common_structsNtB7_16EModeAssetConfigNtNtNtCs4XIbEUoEM0G_19multiversx_sc_codec6single6top_en9TopEncode24top_encode_or_handle_errINtNtNtCs8KjcITZNGD6_13multiversx_sc7storage11storage_set16StorageSetOutputINtNtNtNtCshYQIYZlbphp_22multiversx_sc_scenario3api7impl_vh12vm_hooks_api10VMHooksApiNtNtB3J_9debug_api15DebugApiBackendEEINtNtNtNtB2y_13contract_base8wrappers10serializer21ExitCodecErrorHandlerB3E_EECs9a2aj97w9Vg_5tests
FN:130,_RINvXs1m_CsfjpYwZHZakN_14common_structsNtB7_16EModeAssetConfigNtNtNtCs4XIbEUoEM0G_19multiversx_sc_codec6single6top_en9TopEncode24top_encode_or_handle_errQINtNtNtNtNtCs8KjcITZNGD6_13multiversx_sc5types7managed5basic14managed_buffer13ManagedBufferINtNtNtNtCshYQIYZlbphp_22multiversx_sc_scenario3api7impl_vh12vm_hooks_api10VMHooksApiNtNtB40_9debug_api15DebugApiBackendEEINtNtNtNtB2D_13contract_base8wrappers10serializer21ExitCodecErrorHandlerB3V_EECs9a2aj97w9Vg_5tests
FN:130,_RINvXs1n_CsfjpYwZHZakN_14common_structsNtB7_16EModeAssetConfigNtNtNtCs4XIbEUoEM0G_19multiversx_sc_codec6single6top_de9TopDecode24top_decode_or_handle_errINtNtNtCs8KjcITZNGD6_13multiversx_sc2io12arg_de_input14ArgDecodeInputINtNtNtNtCshYQIYZlbphp_22multiversx_sc_scenario3api7impl_vh12vm_hooks_api10VMHooksApiNtNtB3D_9debug_api15DebugApiBackendEEINtNtB2w_17arg_error_handler15ArgErrorHandlerB3y_EECs9a2aj97w9Vg_5tests
FN:130,_RINvXs1n_CsfjpYwZHZakN_14common_structsNtB7_16EModeAssetConfigNtNtNtCs4XIbEUoEM0G_19multiversx_sc_codec6single6top_de9TopDecode24top_decode_or_handle_errINtNtNtCs8KjcITZNGD6_13multiversx_sc7storage11storage_get15StorageGetInputINtNtNtNtCshYQIYZlbphp_22multiversx_sc_scenario3api7impl_vh12vm_hooks_api10VMHooksApiNtNtB3I_9debug_api15DebugApiBackendEEINtB2u_22StorageGetErrorHandlerB3D_EECs9a2aj97w9Vg_5tests
FN:120,_RINvXs1u_CsfjpYwZHZakN_14common_structsINtB7_13EModeCategoryINtNtNtNtCshYQIYZlbphp_22multiversx_sc_scenario3api7impl_vh12vm_hooks_api10VMHooksApiNtNtB11_9debug_api15DebugApiBackendEENtNtNtCs4XIbEUoEM0G_19multiversx_sc_codec6single6top_en9TopEncode24top_encode_or_handle_errINtNtNtCs8KjcITZNGD6_13multiversx_sc2io6finish16ApiOutputAdapterBW_EINtNtNtNtB4u_13contract_base8wrappers10serializer21ExitCodecErrorHandlerBW_EECs9a2aj97w9Vg_5tests
FN:120,_RINvXs1u_CsfjpYwZHZakN_14common_structsINtB7_13EModeCategoryINtNtNtNtCshYQIYZlbphp_22multiversx_sc_scenario3api7impl_vh12vm_hooks_api10VMHooksApiNtNtB11_9debug_api15DebugApiBackendEENtNtNtCs4XIbEUoEM0G_19multiversx_sc_codec6single6top_en9TopEncode24top_encode_or_handle_errINtNtNtCs8KjcITZNGD6_13multiversx_sc7storage11storage_set16StorageSetOutputBW_EINtNtNtNtB4u_13contract_base8wrappers10serializer21ExitCodecErrorHandlerBW_EECs9a2aj97w9Vg_5tests
FN:120,_RINvXs1u_CsfjpYwZHZakN_14common_structsINtB7_13EModeCategoryINtNtNtNtCshYQIYZlbphp_22multiversx_sc_scenario3api7impl_vh12vm_hooks_api10VMHooksApiNtNtB11_9debug_api15DebugApiBackendEENtNtNtCs4XIbEUoEM0G_19multiversx_sc_codec6single6top_en9TopEncode24top_encode_or_handle_errQINtNtNtNtNtCs8KjcITZNGD6_13multiversx_sc5types7managed5basic14managed_buffer13ManagedBufferBW_EINtNtNtNtB4z_13contract_base8wrappers10serializer21ExitCodecErrorHandlerBW_EECs9a2aj97w9Vg_5tests
FN:120,_RINvXs1v_CsfjpYwZHZakN_14common_structsINtB7_13EModeCategoryINtNtNtNtCshYQIYZlbphp_22multiversx_sc_scenario3api7impl_vh12vm_hooks_api10VMHooksApiNtNtB11_9debug_api15DebugApiBackendEENtNtNtCs4XIbEUoEM0G_19multiversx_sc_codec6single6top_de9TopDecode24top_decode_or_handle_errINtNtNtCs8KjcITZNGD6_13multiversx_sc2io12arg_de_input14ArgDecodeInputBW_EINtNtB4s_17arg_error_handler15ArgErrorHandlerBW_EECs9a2aj97w9Vg_5tests
FN:120,_RINvXs1v_CsfjpYwZHZakN_14common_structsINtB7_13EModeCategoryINtNtNtNtCshYQIYZlbphp_22multiversx_sc_scenario3api7impl_vh12vm_hooks_api10VMHooksApiNtNtB11_9debug_api15DebugApiBackendEENtNtNtCs4XIbEUoEM0G_19multiversx_sc_codec6single6top_de9TopDecode24top_decode_or_handle_errINtNtNtCs8KjcITZNGD6_13multiversx_sc7storage11storage_get15StorageGetInputBW_EINtB4q_22StorageGetErrorHandlerBW_EECs9a2aj97w9Vg_5tests
FN:20,_RINvXs20_CsfjpYwZHZakN_14common_structsNtB7_19AccountPositionTypeNtNtNtNtNtCs8KjcITZNGD6_13multiversx_sc5types7managed7wrapped16managed_vec_item14ManagedVecItem16from_byte_readerNCINvXs1R_B7_INtB7_15AccountPositionINtNtNtNtCshYQIYZlbphp_22multiversx_sc_scenario3api7impl_vh12vm_hooks_api10VMHooksApiNtNtB3v_9debug_api15DebugApiBackendEEB11_16from_byte_readerNCNvMs2_NtB15_11managed_vecINtB5S_10ManagedVecB3q_B33_E7try_get0E0ECs9a2aj97w9Vg_5tests
FN:20,_RINvXs20_CsfjpYwZHZakN_14common_structsNtB7_19AccountPositionTypeNtNtNtNtNtCs8KjcITZNGD6_13multiversx_sc5types7managed7wrapped16managed_vec_item14ManagedVecItem16from_byte_readerNCINvXs1R_B7_INtB7_15AccountPositionINtNtNtNtCshYQIYZlbphp_22multiversx_sc_scenario3api7impl_vh12vm_hooks_api10VMHooksApiNtNtB3v_9debug_api15DebugApiBackendEEB11_16from_byte_readerNCNvXs0_NtB15_22managed_vec_owned_iterINtB5S_23ManagedVecOwnedIteratorB3q_B33_ENtNtNtNtCslGS7pEIChKc_4core4iter6traits8iterator8Iterator4next0E0ECs9a2aj97w9Vg_5tests
FN:20,_RINvXs20_CsfjpYwZHZakN_14common_structsNtB7_19AccountPositionTypeNtNtNtNtNtCs8KjcITZNGD6_13multiversx_sc5types7managed7wrapped16managed_vec_item14ManagedVecItem16into_byte_writeruNCINvXs1R_B7_INtB7_15AccountPositionINtNtNtNtCshYQIYZlbphp_22multiversx_sc_scenario3api7impl_vh12vm_hooks_api10VMHooksApiNtNtB3w_9debug_api15DebugApiBackendEEB11_16into_byte_writeruNCNvMs2_NtB15_11managed_vecINtB5U_10ManagedVecB3r_B34_E4push0E0ECs9a2aj97w9Vg_5tests
FN:20,_RINvXs21_CsfjpYwZHZakN_14common_structsNtB7_19AccountPositionTypeNtNtNtCs4XIbEUoEM0G_19multiversx_sc_codec6single9nested_en12NestedEncode24dep_encode_or_handle_errINtNtNtNtNtCs8KjcITZNGD6_13multiversx_sc5types7managed5basic14managed_buffer13ManagedBufferINtNtNtNtCshYQIYZlbphp_22multiversx_sc_scenario3api7impl_vh12vm_hooks_api10VMHooksApiNtNtB49_9debug_api15DebugApiBackendEEINtNtNtNtB2M_13contract_base8wrappers10serializer21ExitCodecErrorHandlerB44_EECs9a2aj97w9Vg_5tests
FN:20,_RINvXs21_CsfjpYwZHZakN_14common_structsNtB7_19AccountPositionTypeNtNtNtCs4XIbEUoEM0G_19multiversx_sc_codec6single9nested_en12NestedEncode24dep_encode_or_handle_errINtNtNtNtNtNtCs8KjcITZNGD6_13multiversx_sc5types7managed7wrapped7builder22managed_buffer_builder20ManagedBufferBuilderINtNtNtNtCshYQIYZlbphp_22multiversx_sc_scenario3api7impl_vh12vm_hooks_api10VMHooksApiNtNtB4A_9debug_api15DebugApiBackendEEINtNtNtNtB2O_13contract_base8wrappers10serializer21ExitCodecErrorHandlerB4v_EECs9a2aj97w9Vg_5tests
FN:20,_RINvXs22_CsfjpYwZHZakN_14common_structsNtB7_19AccountPositionTypeNtNtNtCs4XIbEUoEM0G_19multiversx_sc_codec6single9nested_de12NestedDecode24dep_decode_or_handle_errINtNtNtNtNtCs8KjcITZNGD6_13multiversx_sc5types7managed10codec_util30managed_buffer_nested_de_input30ManagedBufferNestedDecodeInputINtNtNtNtCshYQIYZlbphp_22multiversx_sc_scenario3api7impl_vh12vm_hooks_api10VMHooksApiNtNtB4M_9debug_api15DebugApiBackendEEINtNtNtB2M_2io17arg_error_handler15ArgErrorHandlerB4H_EECs9a2aj97w9Vg_5tests
FN:20,_RINvXs22_CsfjpYwZHZakN_14common_structsNtB7_19AccountPositionTypeNtNtNtCs4XIbEUoEM0G_19multiversx_sc_codec6single9nested_de12NestedDecode24dep_decode_or_handle_errINtNtNtNtNtCs8KjcITZNGD6_13multiversx_sc5types7managed10codec_util30managed_buffer_nested_de_input30ManagedBufferNestedDecodeInputINtNtNtNtCshYQIYZlbphp_22multiversx_sc_scenario3api7impl_vh12vm_hooks_api10VMHooksApiNtNtB4M_9debug_api15DebugApiBackendEEINtNtNtB2M_7storage11storage_get22StorageGetErrorHandlerB4H_EECs9a2aj97w9Vg_5tests
FN:7,_RINvXs2c_CsfjpYwZHZakN_14common_structsINtB7_10PoolParamsINtNtNtNtCshYQIYZlbphp_22multiversx_sc_scenario3api7impl_vh12vm_hooks_api10VMHooksApiNtNtBY_9debug_api15DebugApiBackendEENtNtNtCs4XIbEUoEM0G_19multiversx_sc_codec6single6top_en9TopEncode24top_encode_or_handle_errINtNtNtCs8KjcITZNGD6_13multiversx_sc2io6finish16ApiOutputAdapterBT_EINtNtNtNtB4q_13contract_base8wrappers10serializer21ExitCodecErrorHandlerBT_EECs9a2aj97w9Vg_5tests
FN:7,_RINvXs2c_CsfjpYwZHZakN_14common_structsINtB7_10PoolParamsINtNtNtNtCshYQIYZlbphp_22multiversx_sc_scenario3api7impl_vh12vm_hooks_api10VMHooksApiNtNtBY_9debug_api15DebugApiBackendEENtNtNtCs4XIbEUoEM0G_19multiversx_sc_codec6single6top_en9TopEncode24top_encode_or_handle_errINtNtNtCs8KjcITZNGD6_13multiversx_sc7storage11storage_set16StorageSetOutputBT_EINtNtNtNtB4q_13contract_base8wrappers10serializer21ExitCodecErrorHandlerBT_EECs9a2aj97w9Vg_5tests
FN:7,_RINvXs2d_CsfjpYwZHZakN_14common_structsINtB7_10PoolParamsINtNtNtNtCshYQIYZlbphp_22multiversx_sc_scenario3api7impl_vh12vm_hooks_api10VMHooksApiNtNtBY_9debug_api15DebugApiBackendEENtNtNtCs4XIbEUoEM0G_19multiversx_sc_codec6single6top_de9TopDecode24top_decode_or_handle_errINtNtNtCs8KjcITZNGD6_13multiversx_sc7storage11storage_get15StorageGetInputBT_EINtB4m_22StorageGetErrorHandlerBT_EECs9a2aj97w9Vg_5tests
FN:213,_RINvXs5_CsfjpYwZHZakN_14common_structsINtB6_22OraclePriceFluctuationINtNtNtNtCshYQIYZlbphp_22multiversx_sc_scenario3api7impl_vh12vm_hooks_api10VMHooksApiNtNtB19_9debug_api15DebugApiBackendEENtNtNtCs4XIbEUoEM0G_19multiversx_sc_codec6single9nested_en12NestedEncode24dep_encode_or_handle_errINtNtNtNtNtNtCs8KjcITZNGD6_13multiversx_sc5types7managed7wrapped7builder22managed_buffer_builder20ManagedBufferBuilderB14_EINtNtNtNtB4P_13contract_base8wrappers10serializer21ExitCodecErrorHandlerB14_EECs9a2aj97w9Vg_5tests
FN:213,_RINvXs6_CsfjpYwZHZakN_14common_structsINtB6_22OraclePriceFluctuationINtNtNtNtCshYQIYZlbphp_22multiversx_sc_scenario3api7impl_vh12vm_hooks_api10VMHooksApiNtNtB19_9debug_api15DebugApiBackendEENtNtNtCs4XIbEUoEM0G_19multiversx_sc_codec6single9nested_de12NestedDecode24dep_decode_or_handle_errINtNtNtNtNtCs8KjcITZNGD6_13multiversx_sc5types7managed10codec_util30managed_buffer_nested_de_input30ManagedBufferNestedDecodeInputB14_EINtNtNtB4N_7storage11storage_get22StorageGetErrorHandlerB14_EECs9a2aj97w9Vg_5tests
FN:168,_RINvXsD_CsfjpYwZHZakN_14common_structsNtB6_10OracleTypeNtNtNtCs4XIbEUoEM0G_19multiversx_sc_codec6single9nested_en12NestedEncode24dep_encode_or_handle_errINtNtNtNtNtNtCs8KjcITZNGD6_13multiversx_sc5types7managed7wrapped7builder22managed_buffer_builder20ManagedBufferBuilderINtNtNtNtCshYQIYZlbphp_22multiversx_sc_scenario3api7impl_vh12vm_hooks_api10VMHooksApiNtNtB4q_9debug_api15DebugApiBackendEEINtNtNtNtB2E_13contract_base8wrappers10serializer21ExitCodecErrorHandlerB4l_EECs9a2aj97w9Vg_5tests
FN:168,_RINvXsE_CsfjpYwZHZakN_14common_structsNtB6_10OracleTypeNtNtNtCs4XIbEUoEM0G_19multiversx_sc_codec6single9nested_de12NestedDecode24dep_decode_or_handle_errINtNtNtNtNtCs8KjcITZNGD6_13multiversx_sc5types7managed10codec_util30managed_buffer_nested_de_input30ManagedBufferNestedDecodeInputINtNtNtNtCshYQIYZlbphp_22multiversx_sc_scenario3api7impl_vh12vm_hooks_api10VMHooksApiNtNtB4C_9debug_api15DebugApiBackendEEINtNtNtB2C_7storage11storage_get22StorageGetErrorHandlerB4x_EECs9a2aj97w9Vg_5tests
FN:168,_RINvXsF_CsfjpYwZHZakN_14common_structsNtB6_10OracleTypeNtNtNtCs4XIbEUoEM0G_19multiversx_sc_codec6single6top_en9TopEncode24top_encode_or_handle_errQINtNtNtNtNtCs8KjcITZNGD6_13multiversx_sc5types7managed5basic14managed_buffer13ManagedBufferINtNtNtNtCshYQIYZlbphp_22multiversx_sc_scenario3api7impl_vh12vm_hooks_api10VMHooksApiNtNtB3T_10static_api16StaticApiBackendEEINtNtNtNtB2w_13contract_base8wrappers10serializer21ExitCodecErrorHandlerB3O_EECs9a2aj97w9Vg_5tests
FN:168,_RINvXsG_CsfjpYwZHZakN_14common_structsNtB6_10OracleTypeNtNtNtCs4XIbEUoEM0G_19multiversx_sc_codec6single6top_de9TopDecode24top_decode_or_handle_errINtNtNtCs8KjcITZNGD6_13multiversx_sc2io12arg_de_input14ArgDecodeInputINtNtNtNtCshYQIYZlbphp_22multiversx_sc_scenario3api7impl_vh12vm_hooks_api10VMHooksApiNtNtB3w_9debug_api15DebugApiBackendEEINtNtB2p_17arg_error_handler15ArgErrorHandlerB3r_EECs9a2aj97w9Vg_5tests
FN:156,_RINvXsP_CsfjpYwZHZakN_14common_structsNtB6_13PricingMethodNtNtNtCs4XIbEUoEM0G_19multiversx_sc_codec6single9nested_en12NestedEncode24dep_encode_or_handle_errINtNtNtNtNtNtCs8KjcITZNGD6_13multiversx_sc5types7managed7wrapped7builder22managed_buffer_builder20ManagedBufferBuilderINtNtNtNtCshYQIYZlbphp_22multiversx_sc_scenario3api7impl_vh12vm_hooks_api10VMHooksApiNtNtB4t_9debug_api15DebugApiBackendEEINtNtNtNtB2H_13contract_base8wrappers10serializer21ExitCodecErrorHandlerB4o_EECs9a2aj97w9Vg_5tests
FN:156,_RINvXsQ_CsfjpYwZHZakN_14common_structsNtB6_13PricingMethodNtNtNtCs4XIbEUoEM0G_19multiversx_sc_codec6single9nested_de12NestedDecode24dep_decode_or_handle_errINtNtNtNtNtCs8KjcITZNGD6_13multiversx_sc5types7managed10codec_util30managed_buffer_nested_de_input30ManagedBufferNestedDecodeInputINtNtNtNtCshYQIYZlbphp_22multiversx_sc_scenario3api7impl_vh12vm_hooks_api10VMHooksApiNtNtB4F_9debug_api15DebugApiBackendEEINtNtNtB2F_7storage11storage_get22StorageGetErrorHandlerB4A_EECs9a2aj97w9Vg_5tests
FN:156,_RINvXsR_CsfjpYwZHZakN_14common_structsNtB6_13PricingMethodNtNtNtCs4XIbEUoEM0G_19multiversx_sc_codec6single6top_en9TopEncode24top_encode_or_handle_errQINtNtNtNtNtCs8KjcITZNGD6_13multiversx_sc5types7managed5basic14managed_buffer13ManagedBufferINtNtNtNtCshYQIYZlbphp_22multiversx_sc_scenario3api7impl_vh12vm_hooks_api10VMHooksApiNtNtB3W_10static_api16StaticApiBackendEEINtNtNtNtB2z_13contract_base8wrappers10serializer21ExitCodecErrorHandlerB3R_EECs9a2aj97w9Vg_5tests
FN:156,_RINvXsS_CsfjpYwZHZakN_14common_structsNtB6_13PricingMethodNtNtNtCs4XIbEUoEM0G_19multiversx_sc_codec6single6top_de9TopDecode24top_decode_or_handle_errINtNtNtCs8KjcITZNGD6_13multiversx_sc2io12arg_de_input14ArgDecodeInputINtNtNtNtCshYQIYZlbphp_22multiversx_sc_scenario3api7impl_vh12vm_hooks_api10VMHooksApiNtNtB3z_9debug_api15DebugApiBackendEEINtNtB2s_17arg_error_handler15ArgErrorHandlerB3u_EECs9a2aj97w9Vg_5tests
FN:203,_RINvXsc_CsfjpYwZHZakN_14common_structsINtB6_14PriceFeedShortINtNtNtNtCshYQIYZlbphp_22multiversx_sc_scenario3api7impl_vh12vm_hooks_api10VMHooksApiNtNtB11_9debug_api15DebugApiBackendEENtNtNtCs4XIbEUoEM0G_19multiversx_sc_codec6single6top_en9TopEncode24top_encode_or_handle_errINtNtNtCs8KjcITZNGD6_13multiversx_sc2io6finish16ApiOutputAdapterBW_EINtNtNtNtB4u_13contract_base8wrappers10serializer21ExitCodecErrorHandlerBW_EECs9a2aj97w9Vg_5tests
FN:190,_RINvXsj_CsfjpYwZHZakN_14common_structsINtB6_14OracleProviderINtNtNtNtCshYQIYZlbphp_22multiversx_sc_scenario3api7impl_vh12vm_hooks_api10VMHooksApiNtNtB11_9debug_api15DebugApiBackendEENtNtNtCs4XIbEUoEM0G_19multiversx_sc_codec6single6top_en9TopEncode24top_encode_or_handle_errINtNtNtCs8KjcITZNGD6_13multiversx_sc2io6finish16ApiOutputAdapterBW_EINtNtNtNtB4u_13contract_base8wrappers10serializer21ExitCodecErrorHandlerBW_EECs9a2aj97w9Vg_5tests
FN:190,_RINvXsj_CsfjpYwZHZakN_14common_structsINtB6_14OracleProviderINtNtNtNtCshYQIYZlbphp_22multiversx_sc_scenario3api7impl_vh12vm_hooks_api10VMHooksApiNtNtB11_9debug_api15DebugApiBackendEENtNtNtCs4XIbEUoEM0G_19multiversx_sc_codec6single6top_en9TopEncode24top_encode_or_handle_errINtNtNtCs8KjcITZNGD6_13multiversx_sc7storage11storage_set16StorageSetOutputBW_EINtNtNtNtB4u_13contract_base8wrappers10serializer21ExitCodecErrorHandlerBW_EECs9a2aj97w9Vg_5tests
FN:190,_RINvXsk_CsfjpYwZHZakN_14common_structsINtB6_14OracleProviderINtNtNtNtCshYQIYZlbphp_22multiversx_sc_scenario3api7impl_vh12vm_hooks_api10VMHooksApiNtNtB11_9debug_api15DebugApiBackendEENtNtNtCs4XIbEUoEM0G_19multiversx_sc_codec6single6top_de9TopDecode24top_decode_or_handle_errINtNtNtCs8KjcITZNGD6_13multiversx_sc7storage11storage_get15StorageGetInputBW_EINtB4q_22StorageGetErrorHandlerBW_EECs9a2aj97w9Vg_5tests
FN:179,_RINvXsr_CsfjpYwZHZakN_14common_structsNtB6_14ExchangeSourceNtNtNtCs4XIbEUoEM0G_19multiversx_sc_codec6single9nested_en12NestedEncode24dep_encode_or_handle_errINtNtNtNtNtNtCs8KjcITZNGD6_13multiversx_sc5types7managed7wrapped7builder22managed_buffer_builder20ManagedBufferBuilderINtNtNtNtCshYQIYZlbphp_22multiversx_sc_scenario3api7impl_vh12vm_hooks_api10VMHooksApiNtNtB4u_9debug_api15DebugApiBackendEEINtNtNtNtB2I_13contract_base8wrappers10serializer21ExitCodecErrorHandlerB4p_EECs9a2aj97w9Vg_5tests
FN:179,_RINvXss_CsfjpYwZHZakN_14common_structsNtB6_14ExchangeSourceNtNtNtCs4XIbEUoEM0G_19multiversx_sc_codec6single9nested_de12NestedDecode24dep_decode_or_handle_errINtNtNtNtNtCs8KjcITZNGD6_13multiversx_sc5types7managed10codec_util30managed_buffer_nested_de_input30ManagedBufferNestedDecodeInputINtNtNtNtCshYQIYZlbphp_22multiversx_sc_scenario3api7impl_vh12vm_hooks_api10VMHooksApiNtNtB4G_9debug_api15DebugApiBackendEEINtNtNtB2G_7storage11storage_get22StorageGetErrorHandlerB4B_EECs9a2aj97w9Vg_5tests
FN:179,_RINvXst_CsfjpYwZHZakN_14common_structsNtB6_14ExchangeSourceNtNtNtCs4XIbEUoEM0G_19multiversx_sc_codec6single6top_en9TopEncode24top_encode_or_handle_errQINtNtNtNtNtCs8KjcITZNGD6_13multiversx_sc5types7managed5basic14managed_buffer13ManagedBufferINtNtNtNtCshYQIYZlbphp_22multiversx_sc_scenario3api7impl_vh12vm_hooks_api10VMHooksApiNtNtB3X_10static_api16StaticApiBackendEEINtNtNtNtB2A_13contract_base8wrappers10serializer21ExitCodecErrorHandlerB3S_EECs9a2aj97w9Vg_5tests
FN:179,_RINvXsu_CsfjpYwZHZakN_14common_structsNtB6_14ExchangeSourceNtNtNtCs4XIbEUoEM0G_19multiversx_sc_codec6single6top_de9TopDecode24top_decode_or_handle_errINtNtNtCs8KjcITZNGD6_13multiversx_sc2io12arg_de_input14ArgDecodeInputINtNtNtNtCshYQIYZlbphp_22multiversx_sc_scenario3api7impl_vh12vm_hooks_api10VMHooksApiNtNtB3A_9debug_api15DebugApiBackendEEINtNtB2t_17arg_error_handler15ArgErrorHandlerB3v_EECs9a2aj97w9Vg_5tests
FN:146,_RNCINvXs10_CsfjpYwZHZakN_14common_structsINtB9_25EgldOrEsdtTokenPaymentNewINtNtNtNtCshYQIYZlbphp_22multiversx_sc_scenario3api7impl_vh12vm_hooks_api10VMHooksApiNtNtB1f_9debug_api15DebugApiBackendEENtNtNtNtNtCs8KjcITZNGD6_13multiversx_sc5types7managed7wrapped16managed_vec_item14ManagedVecItem16from_byte_readerNCNvMs2_NtB3c_11managed_vecINtB55_10ManagedVecB1a_BD_E7try_get0E0Cs9a2aj97w9Vg_5tests
FN:146,_RNCINvXs10_CsfjpYwZHZakN_14common_structsINtB9_25EgldOrEsdtTokenPaymentNewINtNtNtNtCshYQIYZlbphp_22multiversx_sc_scenario3api7impl_vh12vm_hooks_api10VMHooksApiNtNtB1f_9debug_api15DebugApiBackendEENtNtNtNtNtCs8KjcITZNGD6_13multiversx_sc5types7managed7wrapped16managed_vec_item14ManagedVecItem16from_byte_readerNCNvMs2_NtB3c_11managed_vecINtB55_10ManagedVecB1a_BD_E7try_get0Es0_0Cs9a2aj97w9Vg_5tests
FN:146,_RNCINvXs10_CsfjpYwZHZakN_14common_structsINtB9_25EgldOrEsdtTokenPaymentNewINtNtNtNtCshYQIYZlbphp_22multiversx_sc_scenario3api7impl_vh12vm_hooks_api10VMHooksApiNtNtB1f_9debug_api15DebugApiBackendEENtNtNtNtNtCs8KjcITZNGD6_13multiversx_sc5types7managed7wrapped16managed_vec_item14ManagedVecItem16from_byte_readerNCNvMs2_NtB3c_11managed_vecINtB55_10ManagedVecB1a_BD_E7try_get0Es_0Cs9a2aj97w9Vg_5tests
FN:146,_RNCINvXs10_CsfjpYwZHZakN_14common_structsINtB9_25EgldOrEsdtTokenPaymentNewINtNtNtNtCshYQIYZlbphp_22multiversx_sc_scenario3api7impl_vh12vm_hooks_api10VMHooksApiNtNtB1f_9debug_api15DebugApiBackendEENtNtNtNtNtCs8KjcITZNGD6_13multiversx_sc5types7managed7wrapped16managed_vec_item14ManagedVecItem16into_byte_writeruNCNvMs2_NtB3c_11managed_vecINtB56_10ManagedVecB1a_BD_E4push0E0Cs9a2aj97w9Vg_5tests
FN:146,_RNCINvXs10_CsfjpYwZHZakN_14common_structsINtB9_25EgldOrEsdtTokenPaymentNewINtNtNtNtCshYQIYZlbphp_22multiversx_sc_scenario3api7impl_vh12vm_hooks_api10VMHooksApiNtNtB1f_9debug_api15DebugApiBackendEENtNtNtNtNtCs8KjcITZNGD6_13multiversx_sc5types7managed7wrapped16managed_vec_item14ManagedVecItem16into_byte_writeruNCNvMs2_NtB3c_11managed_vecINtB56_10ManagedVecB1a_BD_E4push0Es0_0Cs9a2aj97w9Vg_5tests
FN:146,_RNCINvXs10_CsfjpYwZHZakN_14common_structsINtB9_25EgldOrEsdtTokenPaymentNewINtNtNtNtCshYQIYZlbphp_22multiversx_sc_scenario3api7impl_vh12vm_hooks_api10VMHooksApiNtNtB1f_9debug_api15DebugApiBackendEENtNtNtNtNtCs8KjcITZNGD6_13multiversx_sc5types7managed7wrapped16managed_vec_item14ManagedVecItem16into_byte_writeruNCNvMs2_NtB3c_11managed_vecINtB56_10ManagedVecB1a_BD_E4push0Es_0Cs9a2aj97w9Vg_5tests
FN:111,_RNCINvXs1B_CsfjpYwZHZakN_14common_structsINtB9_23AssetExtendedConfigViewINtNtNtNtCshYQIYZlbphp_22multiversx_sc_scenario3api7impl_vh12vm_hooks_api10VMHooksApiNtNtB1d_9debug_api15DebugApiBackendEENtNtNtNtNtCs8KjcITZNGD6_13multiversx_sc5types7managed7wrapped16managed_vec_item14ManagedVecItem16from_byte_readerNCNvXs0_NtB3a_22managed_vec_owned_iterINtB53_23ManagedVecOwnedIteratorB18_BD_ENtNtNtNtCslGS7pEIChKc_4core4iter6traits8iterator8Iterator4next0E0Cs9a2aj97w9Vg_5tests
FN:111,_RNCINvXs1B_CsfjpYwZHZakN_14common_structsINtB9_23AssetExtendedConfigViewINtNtNtNtCshYQIYZlbphp_22multiversx_sc_scenario3api7impl_vh12vm_hooks_api10VMHooksApiNtNtB1d_9debug_api15DebugApiBackendEENtNtNtNtNtCs8KjcITZNGD6_13multiversx_sc5types7managed7wrapped16managed_vec_item14ManagedVecItem16from_byte_readerNCNvXs0_NtB3a_22managed_vec_owned_iterINtB53_23ManagedVecOwnedIteratorB18_BD_ENtNtNtNtCslGS7pEIChKc_4core4iter6traits8iterator8Iterator4next0Es0_0Cs9a2aj97w9Vg_5tests
FN:111,_RNCINvXs1B_CsfjpYwZHZakN_14common_structsINtB9_23AssetExtendedConfigViewINtNtNtNtCshYQIYZlbphp_22multiversx_sc_scenario3api7impl_vh12vm_hooks_api10VMHooksApiNtNtB1d_9debug_api15DebugApiBackendEENtNtNtNtNtCs8KjcITZNGD6_13multiversx_sc5types7managed7wrapped16managed_vec_item14ManagedVecItem16from_byte_readerNCNvXs0_NtB3a_22managed_vec_owned_iterINtB53_23ManagedVecOwnedIteratorB18_BD_ENtNtNtNtCslGS7pEIChKc_4core4iter6traits8iterator8Iterator4next0Es1_0Cs9a2aj97w9Vg_5tests
FN:111,_RNCINvXs1B_CsfjpYwZHZakN_14common_structsINtB9_23AssetExtendedConfigViewINtNtNtNtCshYQIYZlbphp_22multiversx_sc_scenario3api7impl_vh12vm_hooks_api10VMHooksApiNtNtB1d_9debug_api15DebugApiBackendEENtNtNtNtNtCs8KjcITZNGD6_13multiversx_sc5types7managed7wrapped16managed_vec_item14ManagedVecItem16from_byte_readerNCNvXs0_NtB3a_22managed_vec_owned_iterINtB53_23ManagedVecOwnedIteratorB18_BD_ENtNtNtNtCslGS7pEIChKc_4core4iter6traits8iterator8Iterator4next0Es_0Cs9a2aj97w9Vg_5tests
FN:111,_RNCINvXs1B_CsfjpYwZHZakN_14common_structsINtB9_23AssetExtendedConfigViewINtNtNtNtCshYQIYZlbphp_22multiversx_sc_scenario3api7impl_vh12vm_hooks_api10VMHooksApiNtNtB1d_9debug_api15DebugApiBackendEENtNtNtNtNtCs8KjcITZNGD6_13multiversx_sc5types7managed7wrapped16managed_vec_item14ManagedVecItem16into_byte_writeruNCNvMs2_NtB3a_11managed_vecINtB54_10ManagedVecB18_BD_E4push0E0Cs9a2aj97w9Vg_5tests
FN:111,_RNCINvXs1B_CsfjpYwZHZakN_14common_structsINtB9_23AssetExtendedConfigViewINtNtNtNtCshYQIYZlbphp_22multiversx_sc_scenario3api7impl_vh12vm_hooks_api10VMHooksApiNtNtB1d_9debug_api15DebugApiBackendEENtNtNtNtNtCs8KjcITZNGD6_13multiversx_sc5types7managed7wrapped16managed_vec_item14ManagedVecItem16into_byte_writeruNCNvMs2_NtB3a_11managed_vecINtB54_10ManagedVecB18_BD_E4push0Es0_0Cs9a2aj97w9Vg_5tests
FN:111,_RNCINvXs1B_CsfjpYwZHZakN_14common_structsINtB9_23AssetExtendedConfigViewINtNtNtNtCshYQIYZlbphp_22multiversx_sc_scenario3api7impl_vh12vm_hooks_api10VMHooksApiNtNtB1d_9debug_api15DebugApiBackendEENtNtNtNtNtCs8KjcITZNGD6_13multiversx_sc5types7managed7wrapped16managed_vec_item14ManagedVecItem16into_byte_writeruNCNvMs2_NtB3a_11managed_vecINtB54_10ManagedVecB18_BD_E4push0Es1_0Cs9a2aj97w9Vg_5tests
FN:111,_RNCINvXs1B_CsfjpYwZHZakN_14common_structsINtB9_23AssetExtendedConfigViewINtNtNtNtCshYQIYZlbphp_22multiversx_sc_scenario3api7impl_vh12vm_hooks_api10VMHooksApiNtNtB1d_9debug_api15DebugApiBackendEENtNtNtNtNtCs8KjcITZNGD6_13multiversx_sc5types7managed7wrapped16managed_vec_item14ManagedVecItem16into_byte_writeruNCNvMs2_NtB3a_11managed_vecINtB54_10ManagedVecB18_BD_E4push0Es_0Cs9a2aj97w9Vg_5tests
FN:76,_RNCINvXs1J_CsfjpYwZHZakN_14common_structsINtB9_11AssetConfigINtNtNtNtCshYQIYZlbphp_22multiversx_sc_scenario3api7impl_vh12vm_hooks_api10VMHooksApiNtNtB11_9debug_api15DebugApiBackendEENtNtNtNtNtCs8KjcITZNGD6_13multiversx_sc5types7managed7wrapped16managed_vec_item14ManagedVecItem16from_byte_readerNCINvXs1B_B9_INtB9_23AssetExtendedConfigViewBW_EB2U_16from_byte_readerNCNvXs0_NtB2Y_22managed_vec_owned_iterINtB5Z_23ManagedVecOwnedIteratorBW_B4W_ENtNtNtNtCslGS7pEIChKc_4core4iter6traits8iterator8Iterator4next0E0E0Cs9a2aj97w9Vg_5tests
FN:76,_RNCINvXs1J_CsfjpYwZHZakN_14common_structsINtB9_11AssetConfigINtNtNtNtCshYQIYZlbphp_22multiversx_sc_scenario3api7impl_vh12vm_hooks_api10VMHooksApiNtNtB11_9debug_api15DebugApiBackendEENtNtNtNtNtCs8KjcITZNGD6_13multiversx_sc5types7managed7wrapped16managed_vec_item14ManagedVecItem16from_byte_readerNCINvXs1B_B9_INtB9_23AssetExtendedConfigViewBW_EB2U_16from_byte_readerNCNvXs0_NtB2Y_22managed_vec_owned_iterINtB5Z_23ManagedVecOwnedIteratorBW_B4W_ENtNtNtNtCslGS7pEIChKc_4core4iter6traits8iterator8Iterator4next0E0Es0_0Cs9a2aj97w9Vg_5tests
FN:76,_RNCINvXs1J_CsfjpYwZHZakN_14common_structsINtB9_11AssetConfigINtNtNtNtCshYQIYZlbphp_22multiversx_sc_scenario3api7impl_vh12vm_hooks_api10VMHooksApiNtNtB11_9debug_api15DebugApiBackendEENtNtNtNtNtCs8KjcITZNGD6_13multiversx_sc5types7managed7wrapped16managed_vec_item14ManagedVecItem16from_byte_readerNCINvXs1B_B9_INtB9_23AssetExtendedConfigViewBW_EB2U_16from_byte_readerNCNvXs0_NtB2Y_22managed_vec_owned_iterINtB5Z_23ManagedVecOwnedIteratorBW_B4W_ENtNtNtNtCslGS7pEIChKc_4core4iter6traits8iterator8Iterator4next0E0Es1_0Cs9a2aj97w9Vg_5tests
FN:76,_RNCINvXs1J_CsfjpYwZHZakN_14common_structsINtB9_11AssetConfigINtNtNtNtCshYQIYZlbphp_22multiversx_sc_scenario3api7impl_vh12vm_hooks_api10VMHooksApiNtNtB11_9debug_api15DebugApiBackendEENtNtNtNtNtCs8KjcITZNGD6_13multiversx_sc5types7managed7wrapped16managed_vec_item14ManagedVecItem16from_byte_readerNCINvXs1B_B9_INtB9_23AssetExtendedConfigViewBW_EB2U_16from_byte_readerNCNvXs0_NtB2Y_22managed_vec_owned_iterINtB5Z_23ManagedVecOwnedIteratorBW_B4W_ENtNtNtNtCslGS7pEIChKc_4core4iter6traits8iterator8Iterator4next0E0Es2_0Cs9a2aj97w9Vg_5tests
FN:76,_RNCINvXs1J_CsfjpYwZHZakN_14common_structsINtB9_11AssetConfigINtNtNtNtCshYQIYZlbphp_22multiversx_sc_scenario3api7impl_vh12vm_hooks_api10VMHooksApiNtNtB11_9debug_api15DebugApiBackendEENtNtNtNtNtCs8KjcITZNGD6_13multiversx_sc5types7managed7wrapped16managed_vec_item14ManagedVecItem16from_byte_readerNCINvXs1B_B9_INtB9_23AssetExtendedConfigViewBW_EB2U_16from_byte_readerNCNvXs0_NtB2Y_22managed_vec_owned_iterINtB5Z_23ManagedVecOwnedIteratorBW_B4W_ENtNtNtNtCslGS7pEIChKc_4core4iter6traits8iterator8Iterator4next0E0Es3_0Cs9a2aj97w9Vg_5tests
FN:76,_RNCINvXs1J_CsfjpYwZHZakN_14common_structsINtB9_11AssetConfigINtNtNtNtCshYQIYZlbphp_22multiversx_sc_scenario3api7impl_vh12vm_hooks_api10VMHooksApiNtNtB11_9debug_api15DebugApiBackendEENtNtNtNtNtCs8KjcITZNGD6_13multiversx_sc5types7managed7wrapped16managed_vec_item14ManagedVecItem16from_byte_readerNCINvXs1B_B9_INtB9_23AssetExtendedConfigViewBW_EB2U_16from_byte_readerNCNvXs0_NtB2Y_22managed_vec_owned_iterINtB5Z_23ManagedVecOwnedIteratorBW_B4W_ENtNtNtNtCslGS7pEIChKc_4core4iter6traits8iterator8Iterator4next0E0Es4_0Cs9a2aj97w9Vg_5tests
FN:76,_RNCINvXs1J_CsfjpYwZHZakN_14common_structsINtB9_11AssetConfigINtNtNtNtCshYQIYZlbphp_22multiversx_sc_scenario3api7impl_vh12vm_hooks_api10VMHooksApiNtNtB11_9debug_api15DebugApiBackendEENtNtNtNtNtCs8KjcITZNGD6_13multiversx_sc5types7managed7wrapped16managed_vec_item14ManagedVecItem16from_byte_readerNCINvXs1B_B9_INtB9_23AssetExtendedConfigViewBW_EB2U_16from_byte_readerNCNvXs0_NtB2Y_22managed_vec_owned_iterINtB5Z_23ManagedVecOwnedIteratorBW_B4W_ENtNtNtNtCslGS7pEIChKc_4core4iter6traits8iterator8Iterator4next0E0Es5_0Cs9a2aj97w9Vg_5tests
FN:76,_RNCINvXs1J_CsfjpYwZHZakN_14common_structsINtB9_11AssetConfigINtNtNtNtCshYQIYZlbphp_22multiversx_sc_scenario3api7impl_vh12vm_hooks_api10VMHooksApiNtNtB11_9debug_api15DebugApiBackendEENtNtNtNtNtCs8KjcITZNGD6_13multiversx_sc5types7managed7wrapped16managed_vec_item14ManagedVecItem16from_byte_readerNCINvXs1B_B9_INtB9_23AssetExtendedConfigViewBW_EB2U_16from_byte_readerNCNvXs0_NtB2Y_22managed_vec_owned_iterINtB5Z_23ManagedVecOwnedIteratorBW_B4W_ENtNtNtNtCslGS7pEIChKc_4core4iter6traits8iterator8Iterator4next0E0Es6_0Cs9a2aj97w9Vg_5tests
FN:76,_RNCINvXs1J_CsfjpYwZHZakN_14common_structsINtB9_11AssetConfigINtNtNtNtCshYQIYZlbphp_22multiversx_sc_scenario3api7impl_vh12vm_hooks_api10VMHooksApiNtNtB11_9debug_api15DebugApiBackendEENtNtNtNtNtCs8KjcITZNGD6_13multiversx_sc5types7managed7wrapped16managed_vec_item14ManagedVecItem16from_byte_readerNCINvXs1B_B9_INtB9_23AssetExtendedConfigViewBW_EB2U_16from_byte_readerNCNvXs0_NtB2Y_22managed_vec_owned_iterINtB5Z_23ManagedVecOwnedIteratorBW_B4W_ENtNtNtNtCslGS7pEIChKc_4core4iter6traits8iterator8Iterator4next0E0Es7_0Cs9a2aj97w9Vg_5tests
FN:76,_RNCINvXs1J_CsfjpYwZHZakN_14common_structsINtB9_11AssetConfigINtNtNtNtCshYQIYZlbphp_22multiversx_sc_scenario3api7impl_vh12vm_hooks_api10VMHooksApiNtNtB11_9debug_api15DebugApiBackendEENtNtNtNtNtCs8KjcITZNGD6_13multiversx_sc5types7managed7wrapped16managed_vec_item14ManagedVecItem16from_byte_readerNCINvXs1B_B9_INtB9_23AssetExtendedConfigViewBW_EB2U_16from_byte_readerNCNvXs0_NtB2Y_22managed_vec_owned_iterINtB5Z_23ManagedVecOwnedIteratorBW_B4W_ENtNtNtNtCslGS7pEIChKc_4core4iter6traits8iterator8Iterator4next0E0Es8_0Cs9a2aj97w9Vg_5tests
FN:76,_RNCINvXs1J_CsfjpYwZHZakN_14common_structsINtB9_11AssetConfigINtNtNtNtCshYQIYZlbphp_22multiversx_sc_scenario3api7impl_vh12vm_hooks_api10VMHooksApiNtNtB11_9debug_api15DebugApiBackendEENtNtNtNtNtCs8KjcITZNGD6_13multiversx_sc5types7managed7wrapped16managed_vec_item14ManagedVecItem16from_byte_readerNCINvXs1B_B9_INtB9_23AssetExtendedConfigViewBW_EB2U_16from_byte_readerNCNvXs0_NtB2Y_22managed_vec_owned_iterINtB5Z_23ManagedVecOwnedIteratorBW_B4W_ENtNtNtNtCslGS7pEIChKc_4core4iter6traits8iterator8Iterator4next0E0Es9_0Cs9a2aj97w9Vg_5tests
FN:76,_RNCINvXs1J_CsfjpYwZHZakN_14common_structsINtB9_11AssetConfigINtNtNtNtCshYQIYZlbphp_22multiversx_sc_scenario3api7impl_vh12vm_hooks_api10VMHooksApiNtNtB11_9debug_api15DebugApiBackendEENtNtNtNtNtCs8KjcITZNGD6_13multiversx_sc5types7managed7wrapped16managed_vec_item14ManagedVecItem16from_byte_readerNCINvXs1B_B9_INtB9_23AssetExtendedConfigViewBW_EB2U_16from_byte_readerNCNvXs0_NtB2Y_22managed_vec_owned_iterINtB5Z_23ManagedVecOwnedIteratorBW_B4W_ENtNtNtNtCslGS7pEIChKc_4core4iter6traits8iterator8Iterator4next0E0Es_0Cs9a2aj97w9Vg_5tests
FN:76,_RNCINvXs1J_CsfjpYwZHZakN_14common_structsINtB9_11AssetConfigINtNtNtNtCshYQIYZlbphp_22multiversx_sc_scenario3api7impl_vh12vm_hooks_api10VMHooksApiNtNtB11_9debug_api15DebugApiBackendEENtNtNtNtNtCs8KjcITZNGD6_13multiversx_sc5types7managed7wrapped16managed_vec_item14ManagedVecItem16from_byte_readerNCINvXs1B_B9_INtB9_23AssetExtendedConfigViewBW_EB2U_16from_byte_readerNCNvXs0_NtB2Y_22managed_vec_owned_iterINtB5Z_23ManagedVecOwnedIteratorBW_B4W_ENtNtNtNtCslGS7pEIChKc_4core4iter6traits8iterator8Iterator4next0E0Esa_0Cs9a2aj97w9Vg_5tests
FN:76,_RNCINvXs1J_CsfjpYwZHZakN_14common_structsINtB9_11AssetConfigINtNtNtNtCshYQIYZlbphp_22multiversx_sc_scenario3api7impl_vh12vm_hooks_api10VMHooksApiNtNtB11_9debug_api15DebugApiBackendEENtNtNtNtNtCs8KjcITZNGD6_13multiversx_sc5types7managed7wrapped16managed_vec_item14ManagedVecItem16from_byte_readerNCINvXs1B_B9_INtB9_23AssetExtendedConfigViewBW_EB2U_16from_byte_readerNCNvXs0_NtB2Y_22managed_vec_owned_iterINtB5Z_23ManagedVecOwnedIteratorBW_B4W_ENtNtNtNtCslGS7pEIChKc_4core4iter6traits8iterator8Iterator4next0E0Esb_0Cs9a2aj97w9Vg_5tests
FN:76,_RNCINvXs1J_CsfjpYwZHZakN_14common_structsINtB9_11AssetConfigINtNtNtNtCshYQIYZlbphp_22multiversx_sc_scenario3api7impl_vh12vm_hooks_api10VMHooksApiNtNtB11_9debug_api15DebugApiBackendEENtNtNtNtNtCs8KjcITZNGD6_13multiversx_sc5types7managed7wrapped16managed_vec_item14ManagedVecItem16from_byte_readerNCINvXs1B_B9_INtB9_23AssetExtendedConfigViewBW_EB2U_16from_byte_readerNCNvXs0_NtB2Y_22managed_vec_owned_iterINtB5Z_23ManagedVecOwnedIteratorBW_B4W_ENtNtNtNtCslGS7pEIChKc_4core4iter6traits8iterator8Iterator4next0E0Esc_0Cs9a2aj97w9Vg_5tests
FN:76,_RNCINvXs1J_CsfjpYwZHZakN_14common_structsINtB9_11AssetConfigINtNtNtNtCshYQIYZlbphp_22multiversx_sc_scenario3api7impl_vh12vm_hooks_api10VMHooksApiNtNtB11_9debug_api15DebugApiBackendEENtNtNtNtNtCs8KjcITZNGD6_13multiversx_sc5types7managed7wrapped16managed_vec_item14ManagedVecItem16into_byte_writeruNCINvXs1B_B9_INtB9_23AssetExtendedConfigViewBW_EB2U_16into_byte_writeruNCNvMs2_NtB2Y_11managed_vecINtB61_10ManagedVecBW_B4X_E4push0E0E0Cs9a2aj97w9Vg_5tests
FN:76,_RNCINvXs1J_CsfjpYwZHZakN_14common_structsINtB9_11AssetConfigINtNtNtNtCshYQIYZlbphp_22multiversx_sc_scenario3api7impl_vh12vm_hooks_api10VMHooksApiNtNtB11_9debug_api15DebugApiBackendEENtNtNtNtNtCs8KjcITZNGD6_13multiversx_sc5types7managed7wrapped16managed_vec_item14ManagedVecItem16into_byte_writeruNCINvXs1B_B9_INtB9_23AssetExtendedConfigViewBW_EB2U_16into_byte_writeruNCNvMs2_NtB2Y_11managed_vecINtB61_10ManagedVecBW_B4X_E4push0E0Es0_0Cs9a2aj97w9Vg_5tests
FN:76,_RNCINvXs1J_CsfjpYwZHZakN_14common_structsINtB9_11AssetConfigINtNtNtNtCshYQIYZlbphp_22multiversx_sc_scenario3api7impl_vh12vm_hooks_api10VMHooksApiNtNtB11_9debug_api15DebugApiBackendEENtNtNtNtNtCs8KjcITZNGD6_13multiversx_sc5types7managed7wrapped16managed_vec_item14ManagedVecItem16into_byte_writeruNCINvXs1B_B9_INtB9_23AssetExtendedConfigViewBW_EB2U_16into_byte_writeruNCNvMs2_NtB2Y_11managed_vecINtB61_10ManagedVecBW_B4X_E4push0E0Es1_0Cs9a2aj97w9Vg_5tests
FN:76,_RNCINvXs1J_CsfjpYwZHZakN_14common_structsINtB9_11AssetConfigINtNtNtNtCshYQIYZlbphp_22multiversx_sc_scenario3api7impl_vh12vm_hooks_api10VMHooksApiNtNtB11_9debug_api15DebugApiBackendEENtNtNtNtNtCs8KjcITZNGD6_13multiversx_sc5types7managed7wrapped16managed_vec_item14ManagedVecItem16into_byte_writeruNCINvXs1B_B9_INtB9_23AssetExtendedConfigViewBW_EB2U_16into_byte_writeruNCNvMs2_NtB2Y_11managed_vecINtB61_10ManagedVecBW_B4X_E4push0E0Es2_0Cs9a2aj97w9Vg_5tests
FN:76,_RNCINvXs1J_CsfjpYwZHZakN_14common_structsINtB9_11AssetConfigINtNtNtNtCshYQIYZlbphp_22multiversx_sc_scenario3api7impl_vh12vm_hooks_api10VMHooksApiNtNtB11_9debug_api15DebugApiBackendEENtNtNtNtNtCs8KjcITZNGD6_13multiversx_sc5types7managed7wrapped16managed_vec_item14ManagedVecItem16into_byte_writeruNCINvXs1B_B9_INtB9_23AssetExtendedConfigViewBW_EB2U_16into_byte_writeruNCNvMs2_NtB2Y_11managed_vecINtB61_10ManagedVecBW_B4X_E4push0E0Es3_0Cs9a2aj97w9Vg_5tests
FN:76,_RNCINvXs1J_CsfjpYwZHZakN_14common_structsINtB9_11AssetConfigINtNtNtNtCshYQIYZlbphp_22multiversx_sc_scenario3api7impl_vh12vm_hooks_api10VMHooksApiNtNtB11_9debug_api15DebugApiBackendEENtNtNtNtNtCs8KjcITZNGD6_13multiversx_sc5types7managed7wrapped16managed_vec_item14ManagedVecItem16into_byte_writeruNCINvXs1B_B9_INtB9_23AssetExtendedConfigViewBW_EB2U_16into_byte_writeruNCNvMs2_NtB2Y_11managed_vecINtB61_10ManagedVecBW_B4X_E4push0E0Es4_0Cs9a2aj97w9Vg_5tests
FN:76,_RNCINvXs1J_CsfjpYwZHZakN_14common_structsINtB9_11AssetConfigINtNtNtNtCshYQIYZlbphp_22multiversx_sc_scenario3api7impl_vh12vm_hooks_api10VMHooksApiNtNtB11_9debug_api15DebugApiBackendEENtNtNtNtNtCs8KjcITZNGD6_13multiversx_sc5types7managed7wrapped16managed_vec_item14ManagedVecItem16into_byte_writeruNCINvXs1B_B9_INtB9_23AssetExtendedConfigViewBW_EB2U_16into_byte_writeruNCNvMs2_NtB2Y_11managed_vecINtB61_10ManagedVecBW_B4X_E4push0E0Es5_0Cs9a2aj97w9Vg_5tests
FN:76,_RNCINvXs1J_CsfjpYwZHZakN_14common_structsINtB9_11AssetConfigINtNtNtNtCshYQIYZlbphp_22multiversx_sc_scenario3api7impl_vh12vm_hooks_api10VMHooksApiNtNtB11_9debug_api15DebugApiBackendEENtNtNtNtNtCs8KjcITZNGD6_13multiversx_sc5types7managed7wrapped16managed_vec_item14ManagedVecItem16into_byte_writeruNCINvXs1B_B9_INtB9_23AssetExtendedConfigViewBW_EB2U_16into_byte_writeruNCNvMs2_NtB2Y_11managed_vecINtB61_10ManagedVecBW_B4X_E4push0E0Es6_0Cs9a2aj97w9Vg_5tests
FN:76,_RNCINvXs1J_CsfjpYwZHZakN_14common_structsINtB9_11AssetConfigINtNtNtNtCshYQIYZlbphp_22multiversx_sc_scenario3api7impl_vh12vm_hooks_api10VMHooksApiNtNtB11_9debug_api15DebugApiBackendEENtNtNtNtNtCs8KjcITZNGD6_13multiversx_sc5types7managed7wrapped16managed_vec_item14ManagedVecItem16into_byte_writeruNCINvXs1B_B9_INtB9_23AssetExtendedConfigViewBW_EB2U_16into_byte_writeruNCNvMs2_NtB2Y_11managed_vecINtB61_10ManagedVecBW_B4X_E4push0E0Es7_0Cs9a2aj97w9Vg_5tests
FN:76,_RNCINvXs1J_CsfjpYwZHZakN_14common_structsINtB9_11AssetConfigINtNtNtNtCshYQIYZlbphp_22multiversx_sc_scenario3api7impl_vh12vm_hooks_api10VMHooksApiNtNtB11_9debug_api15DebugApiBackendEENtNtNtNtNtCs8KjcITZNGD6_13multiversx_sc5types7managed7wrapped16managed_vec_item14ManagedVecItem16into_byte_writeruNCINvXs1B_B9_INtB9_23AssetExtendedConfigViewBW_EB2U_16into_byte_writeruNCNvMs2_NtB2Y_11managed_vecINtB61_10ManagedVecBW_B4X_E4push0E0Es8_0Cs9a2aj97w9Vg_5tests
FN:76,_RNCINvXs1J_CsfjpYwZHZakN_14common_structsINtB9_11AssetConfigINtNtNtNtCshYQIYZlbphp_22multiversx_sc_scenario3api7impl_vh12vm_hooks_api10VMHooksApiNtNtB11_9debug_api15DebugApiBackendEENtNtNtNtNtCs8KjcITZNGD6_13multiversx_sc5types7managed7wrapped16managed_vec_item14ManagedVecItem16into_byte_writeruNCINvXs1B_B9_INtB9_23AssetExtendedConfigViewBW_EB2U_16into_byte_writeruNCNvMs2_NtB2Y_11managed_vecINtB61_10ManagedVecBW_B4X_E4push0E0Es9_0Cs9a2aj97w9Vg_5tests
FN:76,_RNCINvXs1J_CsfjpYwZHZakN_14common_structsINtB9_11AssetConfigINtNtNtNtCshYQIYZlbphp_22multiversx_sc_scenario3api7impl_vh12vm_hooks_api10VMHooksApiNtNtB11_9debug_api15DebugApiBackendEENtNtNtNtNtCs8KjcITZNGD6_13multiversx_sc5types7managed7wrapped16managed_vec_item14ManagedVecItem16into_byte_writeruNCINvXs1B_B9_INtB9_23AssetExtendedConfigViewBW_EB2U_16into_byte_writeruNCNvMs2_NtB2Y_11managed_vecINtB61_10ManagedVecBW_B4X_E4push0E0Es_0Cs9a2aj97w9Vg_5tests
FN:76,_RNCINvXs1J_CsfjpYwZHZakN_14common_structsINtB9_11AssetConfigINtNtNtNtCshYQIYZlbphp_22multiversx_sc_scenario3api7impl_vh12vm_hooks_api10VMHooksApiNtNtB11_9debug_api15DebugApiBackendEENtNtNtNtNtCs8KjcITZNGD6_13multiversx_sc5types7managed7wrapped16managed_vec_item14ManagedVecItem16into_byte_writeruNCINvXs1B_B9_INtB9_23AssetExtendedConfigViewBW_EB2U_16into_byte_writeruNCNvMs2_NtB2Y_11managed_vecINtB61_10ManagedVecBW_B4X_E4push0E0Esa_0Cs9a2aj97w9Vg_5tests
FN:76,_RNCINvXs1J_CsfjpYwZHZakN_14common_structsINtB9_11AssetConfigINtNtNtNtCshYQIYZlbphp_22multiversx_sc_scenario3api7impl_vh12vm_hooks_api10VMHooksApiNtNtB11_9debug_api15DebugApiBackendEENtNtNtNtNtCs8KjcITZNGD6_13multiversx_sc5types7managed7wrapped16managed_vec_item14ManagedVecItem16into_byte_writeruNCINvXs1B_B9_INtB9_23AssetExtendedConfigViewBW_EB2U_16into_byte_writeruNCNvMs2_NtB2Y_11managed_vecINtB61_10ManagedVecBW_B4X_E4push0E0Esb_0Cs9a2aj97w9Vg_5tests
FN:76,_RNCINvXs1J_CsfjpYwZHZakN_14common_structsINtB9_11AssetConfigINtNtNtNtCshYQIYZlbphp_22multiversx_sc_scenario3api7impl_vh12vm_hooks_api10VMHooksApiNtNtB11_9debug_api15DebugApiBackendEENtNtNtNtNtCs8KjcITZNGD6_13multiversx_sc5types7managed7wrapped16managed_vec_item14ManagedVecItem16into_byte_writeruNCINvXs1B_B9_INtB9_23AssetExtendedConfigViewBW_EB2U_16into_byte_writeruNCNvMs2_NtB2Y_11managed_vecINtB61_10ManagedVecBW_B4X_E4push0E0Esc_0Cs9a2aj97w9Vg_5tests
FN:29,_RNCINvXs1R_CsfjpYwZHZakN_14common_structsINtB9_15AccountPositionINtNtNtNtCshYQIYZlbphp_22multiversx_sc_scenario3api7impl_vh12vm_hooks_api10VMHooksApiNtNtB15_9debug_api15DebugApiBackendEENtNtNtNtNtCs8KjcITZNGD6_13multiversx_sc5types7managed7wrapped16managed_vec_item14ManagedVecItem16from_byte_readerNCNvMs2_NtB32_11managed_vecINtB4V_10ManagedVecB10_BD_E7try_get0E0Cs9a2aj97w9Vg_5tests
FN:29,_RNCINvXs1R_CsfjpYwZHZakN_14common_structsINtB9_15AccountPositionINtNtNtNtCshYQIYZlbphp_22multiversx_sc_scenario3api7impl_vh12vm_hooks_api10VMHooksApiNtNtB15_9debug_api15DebugApiBackendEENtNtNtNtNtCs8KjcITZNGD6_13multiversx_sc5types7managed7wrapped16managed_vec_item14ManagedVecItem16from_byte_readerNCNvMs2_NtB32_11managed_vecINtB4V_10ManagedVecB10_BD_E7try_get0Es0_0Cs9a2aj97w9Vg_5tests
FN:29,_RNCINvXs1R_CsfjpYwZHZakN_14common_structsINtB9_15AccountPositionINtNtNtNtCshYQIYZlbphp_22multiversx_sc_scenario3api7impl_vh12vm_hooks_api10VMHooksApiNtNtB15_9debug_api15DebugApiBackendEENtNtNtNtNtCs8KjcITZNGD6_13multiversx_sc5types7managed7wrapped16managed_vec_item14ManagedVecItem16from_byte_readerNCNvMs2_NtB32_11managed_vecINtB4V_10ManagedVecB10_BD_E7try_get0Es1_0Cs9a2aj97w9Vg_5tests
FN:29,_RNCINvXs1R_CsfjpYwZHZakN_14common_structsINtB9_15AccountPositionINtNtNtNtCshYQIYZlbphp_22multiversx_sc_scenario3api7impl_vh12vm_hooks_api10VMHooksApiNtNtB15_9debug_api15DebugApiBackendEENtNtNtNtNtCs8KjcITZNGD6_13multiversx_sc5types7managed7wrapped16managed_vec_item14ManagedVecItem16from_byte_readerNCNvMs2_NtB32_11managed_vecINtB4V_10ManagedVecB10_BD_E7try_get0Es2_0Cs9a2aj97w9Vg_5tests
FN:29,_RNCINvXs1R_CsfjpYwZHZakN_14common_structsINtB9_15AccountPositionINtNtNtNtCshYQIYZlbphp_22multiversx_sc_scenario3api7impl_vh12vm_hooks_api10VMHooksApiNtNtB15_9debug_api15DebugApiBackendEENtNtNtNtNtCs8KjcITZNGD6_13multiversx_sc5types7managed7wrapped16managed_vec_item14ManagedVecItem16from_byte_readerNCNvMs2_NtB32_11managed_vecINtB4V_10ManagedVecB10_BD_E7try_get0Es3_0Cs9a2aj97w9Vg_5tests
FN:29,_RNCINvXs1R_CsfjpYwZHZakN_14common_structsINtB9_15AccountPositionINtNtNtNtCshYQIYZlbphp_22multiversx_sc_scenario3api7impl_vh12vm_hooks_api10VMHooksApiNtNtB15_9debug_api15DebugApiBackendEENtNtNtNtNtCs8KjcITZNGD6_13multiversx_sc5types7managed7wrapped16managed_vec_item14ManagedVecItem16from_byte_readerNCNvMs2_NtB32_11managed_vecINtB4V_10ManagedVecB10_BD_E7try_get0Es4_0Cs9a2aj97w9Vg_5tests
FN:29,_RNCINvXs1R_CsfjpYwZHZakN_14common_structsINtB9_15AccountPositionINtNtNtNtCshYQIYZlbphp_22multiversx_sc_scenario3api7impl_vh12vm_hooks_api10VMHooksApiNtNtB15_9debug_api15DebugApiBackendEENtNtNtNtNtCs8KjcITZNGD6_13multiversx_sc5types7managed7wrapped16managed_vec_item14ManagedVecItem16from_byte_readerNCNvMs2_NtB32_11managed_vecINtB4V_10ManagedVecB10_BD_E7try_get0Es5_0Cs9a2aj97w9Vg_5tests
FN:29,_RNCINvXs1R_CsfjpYwZHZakN_14common_structsINtB9_15AccountPositionINtNtNtNtCshYQIYZlbphp_22multiversx_sc_scenario3api7impl_vh12vm_hooks_api10VMHooksApiNtNtB15_9debug_api15DebugApiBackendEENtNtNtNtNtCs8KjcITZNGD6_13multiversx_sc5types7managed7wrapped16managed_vec_item14ManagedVecItem16from_byte_readerNCNvMs2_NtB32_11managed_vecINtB4V_10ManagedVecB10_BD_E7try_get0Es6_0Cs9a2aj97w9Vg_5tests
FN:29,_RNCINvXs1R_CsfjpYwZHZakN_14common_structsINtB9_15AccountPositionINtNtNtNtCshYQIYZlbphp_22multiversx_sc_scenario3api7impl_vh12vm_hooks_api10VMHooksApiNtNtB15_9debug_api15DebugApiBackendEENtNtNtNtNtCs8KjcITZNGD6_13multiversx_sc5types7managed7wrapped16managed_vec_item14ManagedVecItem16from_byte_readerNCNvMs2_NtB32_11managed_vecINtB4V_10ManagedVecB10_BD_E7try_get0Es7_0Cs9a2aj97w9Vg_5tests
FN:29,_RNCINvXs1R_CsfjpYwZHZakN_14common_structsINtB9_15AccountPositionINtNtNtNtCshYQIYZlbphp_22multiversx_sc_scenario3api7impl_vh12vm_hooks_api10VMHooksApiNtNtB15_9debug_api15DebugApiBackendEENtNtNtNtNtCs8KjcITZNGD6_13multiversx_sc5types7managed7wrapped16managed_vec_item14ManagedVecItem16from_byte_readerNCNvMs2_NtB32_11managed_vecINtB4V_10ManagedVecB10_BD_E7try_get0Es_0Cs9a2aj97w9Vg_5tests
FN:29,_RNCINvXs1R_CsfjpYwZHZakN_14common_structsINtB9_15AccountPositionINtNtNtNtCshYQIYZlbphp_22multiversx_sc_scenario3api7impl_vh12vm_hooks_api10VMHooksApiNtNtB15_9debug_api15DebugApiBackendEENtNtNtNtNtCs8KjcITZNGD6_13multiversx_sc5types7managed7wrapped16managed_vec_item14ManagedVecItem16from_byte_readerNCNvXs0_NtB32_22managed_vec_owned_iterINtB4V_23ManagedVecOwnedIteratorB10_BD_ENtNtNtNtCslGS7pEIChKc_4core4iter6traits8iterator8Iterator4next0E0Cs9a2aj97w9Vg_5tests
FN:29,_RNCINvXs1R_CsfjpYwZHZakN_14common_structsINtB9_15AccountPositionINtNtNtNtCshYQIYZlbphp_22multiversx_sc_scenario3api7impl_vh12vm_hooks_api10VMHooksApiNtNtB15_9debug_api15DebugApiBackendEENtNtNtNtNtCs8KjcITZNGD6_13multiversx_sc5types7managed7wrapped16managed_vec_item14ManagedVecItem16from_byte_readerNCNvXs0_NtB32_22managed_vec_owned_iterINtB4V_23ManagedVecOwnedIteratorB10_BD_ENtNtNtNtCslGS7pEIChKc_4core4iter6traits8iterator8Iterator4next0Es0_0Cs9a2aj97w9Vg_5tests
FN:29,_RNCINvXs1R_CsfjpYwZHZakN_14common_structsINtB9_15AccountPositionINtNtNtNtCshYQIYZlbphp_22multiversx_sc_scenario3api7impl_vh12vm_hooks_api10VMHooksApiNtNtB15_9debug_api15DebugApiBackendEENtNtNtNtNtCs8KjcITZNGD6_13multiversx_sc5types7managed7wrapped16managed_vec_item14ManagedVecItem16from_byte_readerNCNvXs0_NtB32_22managed_vec_owned_iterINtB4V_23ManagedVecOwnedIteratorB10_BD_ENtNtNtNtCslGS7pEIChKc_4core4iter6traits8iterator8Iterator4next0Es1_0Cs9a2aj97w9Vg_5tests
FN:29,_RNCINvXs1R_CsfjpYwZHZakN_14common_structsINtB9_15AccountPositionINtNtNtNtCshYQIYZlbphp_22multiversx_sc_scenario3api7impl_vh12vm_hooks_api10VMHooksApiNtNtB15_9debug_api15DebugApiBackendEENtNtNtNtNtCs8KjcITZNGD6_13multiversx_sc5types7managed7wrapped16managed_vec_item14ManagedVecItem16from_byte_readerNCNvXs0_NtB32_22managed_vec_owned_iterINtB4V_23ManagedVecOwnedIteratorB10_BD_ENtNtNtNtCslGS7pEIChKc_4core4iter6traits8iterator8Iterator4next0Es2_0Cs9a2aj97w9Vg_5tests
FN:29,_RNCINvXs1R_CsfjpYwZHZakN_14common_structsINtB9_15AccountPositionINtNtNtNtCshYQIYZlbphp_22multiversx_sc_scenario3api7impl_vh12vm_hooks_api10VMHooksApiNtNtB15_9debug_api15DebugApiBackendEENtNtNtNtNtCs8KjcITZNGD6_13multiversx_sc5types7managed7wrapped16managed_vec_item14ManagedVecItem16from_byte_readerNCNvXs0_NtB32_22managed_vec_owned_iterINtB4V_23ManagedVecOwnedIteratorB10_BD_ENtNtNtNtCslGS7pEIChKc_4core4iter6traits8iterator8Iterator4next0Es3_0Cs9a2aj97w9Vg_5tests
FN:29,_RNCINvXs1R_CsfjpYwZHZakN_14common_structsINtB9_15AccountPositionINtNtNtNtCshYQIYZlbphp_22multiversx_sc_scenario3api7impl_vh12vm_hooks_api10VMHooksApiNtNtB15_9debug_api15DebugApiBackendEENtNtNtNtNtCs8KjcITZNGD6_13multiversx_sc5types7managed7wrapped16managed_vec_item14ManagedVecItem16from_byte_readerNCNvXs0_NtB32_22managed_vec_owned_iterINtB4V_23ManagedVecOwnedIteratorB10_BD_ENtNtNtNtCslGS7pEIChKc_4core4iter6traits8iterator8Iterator4next0Es4_0Cs9a2aj97w9Vg_5tests
FN:29,_RNCINvXs1R_CsfjpYwZHZakN_14common_structsINtB9_15AccountPositionINtNtNtNtCshYQIYZlbphp_22multiversx_sc_scenario3api7impl_vh12vm_hooks_api10VMHooksApiNtNtB15_9debug_api15DebugApiBackendEENtNtNtNtNtCs8KjcITZNGD6_13multiversx_sc5types7managed7wrapped16managed_vec_item14ManagedVecItem16from_byte_readerNCNvXs0_NtB32_22managed_vec_owned_iterINtB4V_23ManagedVecOwnedIteratorB10_BD_ENtNtNtNtCslGS7pEIChKc_4core4iter6traits8iterator8Iterator4next0Es5_0Cs9a2aj97w9Vg_5tests
FN:29,_RNCINvXs1R_CsfjpYwZHZakN_14common_structsINtB9_15AccountPositionINtNtNtNtCshYQIYZlbphp_22multiversx_sc_scenario3api7impl_vh12vm_hooks_api10VMHooksApiNtNtB15_9debug_api15DebugApiBackendEENtNtNtNtNtCs8KjcITZNGD6_13multiversx_sc5types7managed7wrapped16managed_vec_item14ManagedVecItem16from_byte_readerNCNvXs0_NtB32_22managed_vec_owned_iterINtB4V_23ManagedVecOwnedIteratorB10_BD_ENtNtNtNtCslGS7pEIChKc_4core4iter6traits8iterator8Iterator4next0Es6_0Cs9a2aj97w9Vg_5tests
FN:29,_RNCINvXs1R_CsfjpYwZHZakN_14common_structsINtB9_15AccountPositionINtNtNtNtCshYQIYZlbphp_22multiversx_sc_scenario3api7impl_vh12vm_hooks_api10VMHooksApiNtNtB15_9debug_api15DebugApiBackendEENtNtNtNtNtCs8KjcITZNGD6_13multiversx_sc5types7managed7wrapped16managed_vec_item14ManagedVecItem16from_byte_readerNCNvXs0_NtB32_22managed_vec_owned_iterINtB4V_23ManagedVecOwnedIteratorB10_BD_ENtNtNtNtCslGS7pEIChKc_4core4iter6traits8iterator8Iterator4next0Es7_0Cs9a2aj97w9Vg_5tests
FN:29,_RNCINvXs1R_CsfjpYwZHZakN_14common_structsINtB9_15AccountPositionINtNtNtNtCshYQIYZlbphp_22multiversx_sc_scenario3api7impl_vh12vm_hooks_api10VMHooksApiNtNtB15_9debug_api15DebugApiBackendEENtNtNtNtNtCs8KjcITZNGD6_13multiversx_sc5types7managed7wrapped16managed_vec_item14ManagedVecItem16from_byte_readerNCNvXs0_NtB32_22managed_vec_owned_iterINtB4V_23ManagedVecOwnedIteratorB10_BD_ENtNtNtNtCslGS7pEIChKc_4core4iter6traits8iterator8Iterator4next0Es_0Cs9a2aj97w9Vg_5tests
FN:29,_RNCINvXs1R_CsfjpYwZHZakN_14common_structsINtB9_15AccountPositionINtNtNtNtCshYQIYZlbphp_22multiversx_sc_scenario3api7impl_vh12vm_hooks_api10VMHooksApiNtNtB15_9debug_api15DebugApiBackendEENtNtNtNtNtCs8KjcITZNGD6_13multiversx_sc5types7managed7wrapped16managed_vec_item14ManagedVecItem16into_byte_writeruNCNvMs2_NtB32_11managed_vecINtB4W_10ManagedVecB10_BD_E4push0E0Cs9a2aj97w9Vg_5tests
FN:29,_RNCINvXs1R_CsfjpYwZHZakN_14common_structsINtB9_15AccountPositionINtNtNtNtCshYQIYZlbphp_22multiversx_sc_scenario3api7impl_vh12vm_hooks_api10VMHooksApiNtNtB15_9debug_api15DebugApiBackendEENtNtNtNtNtCs8KjcITZNGD6_13multiversx_sc5types7managed7wrapped16managed_vec_item14ManagedVecItem16into_byte_writeruNCNvMs2_NtB32_11managed_vecINtB4W_10ManagedVecB10_BD_E4push0Es0_0Cs9a2aj97w9Vg_5tests
FN:29,_RNCINvXs1R_CsfjpYwZHZakN_14common_structsINtB9_15AccountPositionINtNtNtNtCshYQIYZlbphp_22multiversx_sc_scenario3api7impl_vh12vm_hooks_api10VMHooksApiNtNtB15_9debug_api15DebugApiBackendEENtNtNtNtNtCs8KjcITZNGD6_13multiversx_sc5types7managed7wrapped16managed_vec_item14ManagedVecItem16into_byte_writeruNCNvMs2_NtB32_11managed_vecINtB4W_10ManagedVecB10_BD_E4push0Es1_0Cs9a2aj97w9Vg_5tests
FN:29,_RNCINvXs1R_CsfjpYwZHZakN_14common_structsINtB9_15AccountPositionINtNtNtNtCshYQIYZlbphp_22multiversx_sc_scenario3api7impl_vh12vm_hooks_api10VMHooksApiNtNtB15_9debug_api15DebugApiBackendEENtNtNtNtNtCs8KjcITZNGD6_13multiversx_sc5types7managed7wrapped16managed_vec_item14ManagedVecItem16into_byte_writeruNCNvMs2_NtB32_11managed_vecINtB4W_10ManagedVecB10_BD_E4push0Es2_0Cs9a2aj97w9Vg_5tests
FN:29,_RNCINvXs1R_CsfjpYwZHZakN_14common_structsINtB9_15AccountPositionINtNtNtNtCshYQIYZlbphp_22multiversx_sc_scenario3api7impl_vh12vm_hooks_api10VMHooksApiNtNtB15_9debug_api15DebugApiBackendEENtNtNtNtNtCs8KjcITZNGD6_13multiversx_sc5types7managed7wrapped16managed_vec_item14ManagedVecItem16into_byte_writeruNCNvMs2_NtB32_11managed_vecINtB4W_10ManagedVecB10_BD_E4push0Es3_0Cs9a2aj97w9Vg_5tests
FN:29,_RNCINvXs1R_CsfjpYwZHZakN_14common_structsINtB9_15AccountPositionINtNtNtNtCshYQIYZlbphp_22multiversx_sc_scenario3api7impl_vh12vm_hooks_api10VMHooksApiNtNtB15_9debug_api15DebugApiBackendEENtNtNtNtNtCs8KjcITZNGD6_13multiversx_sc5types7managed7wrapped16managed_vec_item14ManagedVecItem16into_byte_writeruNCNvMs2_NtB32_11managed_vecINtB4W_10ManagedVecB10_BD_E4push0Es4_0Cs9a2aj97w9Vg_5tests
FN:29,_RNCINvXs1R_CsfjpYwZHZakN_14common_structsINtB9_15AccountPositionINtNtNtNtCshYQIYZlbphp_22multiversx_sc_scenario3api7impl_vh12vm_hooks_api10VMHooksApiNtNtB15_9debug_api15DebugApiBackendEENtNtNtNtNtCs8KjcITZNGD6_13multiversx_sc5types7managed7wrapped16managed_vec_item14ManagedVecItem16into_byte_writeruNCNvMs2_NtB32_11managed_vecINtB4W_10ManagedVecB10_BD_E4push0Es5_0Cs9a2aj97w9Vg_5tests
FN:29,_RNCINvXs1R_CsfjpYwZHZakN_14common_structsINtB9_15AccountPositionINtNtNtNtCshYQIYZlbphp_22multiversx_sc_scenario3api7impl_vh12vm_hooks_api10VMHooksApiNtNtB15_9debug_api15DebugApiBackendEENtNtNtNtNtCs8KjcITZNGD6_13multiversx_sc5types7managed7wrapped16managed_vec_item14ManagedVecItem16into_byte_writeruNCNvMs2_NtB32_11managed_vecINtB4W_10ManagedVecB10_BD_E4push0Es6_0Cs9a2aj97w9Vg_5tests
FN:29,_RNCINvXs1R_CsfjpYwZHZakN_14common_structsINtB9_15AccountPositionINtNtNtNtCshYQIYZlbphp_22multiversx_sc_scenario3api7impl_vh12vm_hooks_api10VMHooksApiNtNtB15_9debug_api15DebugApiBackendEENtNtNtNtNtCs8KjcITZNGD6_13multiversx_sc5types7managed7wrapped16managed_vec_item14ManagedVecItem16into_byte_writeruNCNvMs2_NtB32_11managed_vecINtB4W_10ManagedVecB10_BD_E4push0Es7_0Cs9a2aj97w9Vg_5tests
FN:29,_RNCINvXs1R_CsfjpYwZHZakN_14common_structsINtB9_15AccountPositionINtNtNtNtCshYQIYZlbphp_22multiversx_sc_scenario3api7impl_vh12vm_hooks_api10VMHooksApiNtNtB15_9debug_api15DebugApiBackendEENtNtNtNtNtCs8KjcITZNGD6_13multiversx_sc5types7managed7wrapped16managed_vec_item14ManagedVecItem16into_byte_writeruNCNvMs2_NtB32_11managed_vecINtB4W_10ManagedVecB10_BD_E4push0Es_0Cs9a2aj97w9Vg_5tests
FN:70,_RNvMCsfjpYwZHZakN_14common_structsINtB2_15AccountPositionINtNtNtNtCshYQIYZlbphp_22multiversx_sc_scenario3api7impl_vh12vm_hooks_api10VMHooksApiNtNtBY_9debug_api15DebugApiBackendEE16get_total_amountCs9a2aj97w9Vg_5tests
FN:44,_RNvMCsfjpYwZHZakN_14common_structsINtB2_15AccountPositionINtNtNtNtCshYQIYZlbphp_22multiversx_sc_scenario3api7impl_vh12vm_hooks_api10VMHooksApiNtNtBY_9debug_api15DebugApiBackendEE3newCs9a2aj97w9Vg_5tests
FNDA:81,_RINvXs10_CsfjpYwZHZakN_14common_structsINtB7_25EgldOrEsdtTokenPaymentNewINtNtNtNtCshYQIYZlbphp_22multiversx_sc_scenario3api7impl_vh12vm_hooks_api10VMHooksApiNtNtB1d_9debug_api15DebugApiBackendEENtNtNtNtNtCs8KjcITZNGD6_13multiversx_sc5types7managed7wrapped16managed_vec_item14ManagedVecItem16from_byte_readerNCNvMs2_NtB3a_11managed_vecINtB53_10ManagedVecB18_BB_E7try_get0ECs9a2aj97w9Vg_5tests
FNDA:84,_RINvXs10_CsfjpYwZHZakN_14common_structsINtB7_25EgldOrEsdtTokenPaymentNewINtNtNtNtCshYQIYZlbphp_22multiversx_sc_scenario3api7impl_vh12vm_hooks_api10VMHooksApiNtNtB1d_9debug_api15DebugApiBackendEENtNtNtNtNtCs8KjcITZNGD6_13multiversx_sc5types7managed7wrapped16managed_vec_item14ManagedVecItem16into_byte_writeruNCNvMs2_NtB3a_11managed_vecINtB54_10ManagedVecB18_BB_E4push0ECs9a2aj97w9Vg_5tests
FNDA:81,_RINvXs10_CsfjpYwZHZakN_14common_structsINtB7_25EgldOrEsdtTokenPaymentNewINtNtNtNtCshYQIYZlbphp_22multiversx_sc_scenario3api7impl_vh12vm_hooks_api10VMHooksApiNtNtB1d_9debug_api15DebugApiBackendEENtNtNtNtNtCs8KjcITZNGD6_13multiversx_sc5types7managed7wrapped16managed_vec_item14ManagedVecItem26from_byte_reader_as_borrowNCNvMs2_NtB3a_11managed_vecINtB5d_10ManagedVecB18_BB_E7try_get0ECs9a2aj97w9Vg_5tests
FNDA:0,_RINvXs1B_CsfjpYwZHZakN_14common_structsINtB7_23AssetExtendedConfigViewINtNtNtNtCshYQIYZlbphp_22multiversx_sc_scenario3api7impl_vh12vm_hooks_api10VMHooksApiNtNtB1b_9debug_api15DebugApiBackendEENtNtNtNtNtCs8KjcITZNGD6_13multiversx_sc5types7managed7wrapped16managed_vec_item14ManagedVecItem16from_byte_readerNCNvXs0_NtB38_22managed_vec_owned_iterINtB51_23ManagedVecOwnedIteratorB16_BB_ENtNtNtNtCslGS7pEIChKc_4core4iter6traits8iterator8Iterator4next0ECs9a2aj97w9Vg_5tests
FNDA:0,_RINvXs1B_CsfjpYwZHZakN_14common_structsINtB7_23AssetExtendedConfigViewINtNtNtNtCshYQIYZlbphp_22multiversx_sc_scenario3api7impl_vh12vm_hooks_api10VMHooksApiNtNtB1b_9debug_api15DebugApiBackendEENtNtNtNtNtCs8KjcITZNGD6_13multiversx_sc5types7managed7wrapped16managed_vec_item14ManagedVecItem16into_byte_writeruNCNvMs2_NtB38_11managed_vecINtB52_10ManagedVecB16_BB_E4push0ECs9a2aj97w9Vg_5tests
FNDA:0,_RINvXs1E_CsfjpYwZHZakN_14common_structsINtB7_23AssetExtendedConfigViewINtNtNtNtCshYQIYZlbphp_22multiversx_sc_scenario3api7impl_vh12vm_hooks_api10VMHooksApiNtNtB1b_9debug_api15DebugApiBackendEENtNtNtCs4XIbEUoEM0G_19multiversx_sc_codec6single9nested_en12NestedEncode24dep_encode_or_handle_errINtNtNtNtNtNtCs8KjcITZNGD6_13multiversx_sc5types7managed7wrapped7builder22managed_buffer_builder20ManagedBufferBuilderB16_EINtNtNtNtB4R_13contract_base8wrappers10serializer21ExitCodecErrorHandlerB16_EECs9a2aj97w9Vg_5tests
FNDA:0,_RINvXs1J_CsfjpYwZHZakN_14common_structsINtB7_11AssetConfigINtNtNtNtCshYQIYZlbphp_22multiversx_sc_scenario3api7impl_vh12vm_hooks_api10VMHooksApiNtNtBZ_9debug_api15DebugApiBackendEENtNtNtNtNtCs8KjcITZNGD6_13multiversx_sc5types7managed7wrapped16managed_vec_item14ManagedVecItem16from_byte_readerNCINvXs1B_B7_INtB7_23AssetExtendedConfigViewBU_EB2R_16from_byte_readerNCNvXs0_NtB2V_22managed_vec_owned_iterINtB5W_23ManagedVecOwnedIteratorBU_B4T_ENtNtNtNtCslGS7pEIChKc_4core4iter6traits8iterator8Iterator4next0E0ECs9a2aj97w9Vg_5tests
FNDA:0,_RINvXs1J_CsfjpYwZHZakN_14common_structsINtB7_11AssetConfigINtNtNtNtCshYQIYZlbphp_22multiversx_sc_scenario3api7impl_vh12vm_hooks_api10VMHooksApiNtNtBZ_9debug_api15DebugApiBackendEENtNtNtNtNtCs8KjcITZNGD6_13multiversx_sc5types7managed7wrapped16managed_vec_item14ManagedVecItem16into_byte_writeruNCINvXs1B_B7_INtB7_23AssetExtendedConfigViewBU_EB2R_16into_byte_writeruNCNvMs2_NtB2V_11managed_vecINtB5Y_10ManagedVecBU_B4U_E4push0E0ECs9a2aj97w9Vg_5tests
FNDA:0,_RINvXs1K_CsfjpYwZHZakN_14common_structsINtB7_11AssetConfigINtNtNtNtCshYQIYZlbphp_22multiversx_sc_scenario3api7impl_vh12vm_hooks_api10VMHooksApiNtNtBZ_9debug_api15DebugApiBackendEENtNtNtCs4XIbEUoEM0G_19multiversx_sc_codec6single6top_en9TopEncode24top_encode_or_handle_errINtNtNtCs8KjcITZNGD6_13multiversx_sc2io6finish16ApiOutputAdapterBU_EINtNtNtNtB4r_13contract_base8wrappers10serializer21ExitCodecErrorHandlerBU_EECs9a2aj97w9Vg_5tests
FNDA:507,_RINvXs1K_CsfjpYwZHZakN_14common_structsINtB7_11AssetConfigINtNtNtNtCshYQIYZlbphp_22multiversx_sc_scenario3api7impl_vh12vm_hooks_api10VMHooksApiNtNtBZ_9debug_api15DebugApiBackendEENtNtNtCs4XIbEUoEM0G_19multiversx_sc_codec6single6top_en9TopEncode24top_encode_or_handle_errINtNtNtCs8KjcITZNGD6_13multiversx_sc7storage11storage_set16StorageSetOutputBU_EINtNtNtNtB4r_13contract_base8wrappers10serializer21ExitCodecErrorHandlerBU_EECs9a2aj97w9Vg_5tests
FNDA:507,_RINvXs1K_CsfjpYwZHZakN_14common_structsINtB7_11AssetConfigINtNtNtNtCshYQIYZlbphp_22multiversx_sc_scenario3api7impl_vh12vm_hooks_api10VMHooksApiNtNtBZ_9debug_api15DebugApiBackendEENtNtNtCs4XIbEUoEM0G_19multiversx_sc_codec6single6top_en9TopEncode24top_encode_or_handle_errQINtNtNtNtNtCs8KjcITZNGD6_13multiversx_sc5types7managed5basic14managed_buffer13ManagedBufferBU_EINtNtNtNtB4w_13contract_base8wrappers10serializer21ExitCodecErrorHandlerBU_EECs9a2aj97w9Vg_5tests
FNDA:285,_RINvXs1L_CsfjpYwZHZakN_14common_structsINtB7_11AssetConfigINtNtNtNtCshYQIYZlbphp_22multiversx_sc_scenario3api7impl_vh12vm_hooks_api10VMHooksApiNtNtBZ_9debug_api15DebugApiBackendEENtNtNtCs4XIbEUoEM0G_19multiversx_sc_codec6single6top_de9TopDecode24top_decode_or_handle_errINtNtNtCs8KjcITZNGD6_13multiversx_sc7storage11storage_get15StorageGetInputBU_EINtB4n_22StorageGetErrorHandlerBU_EECs9a2aj97w9Vg_5tests
[...]
FNDA:624,_RINvXs3_NtCshE9pOiH1lGE_16price_aggregator7structsINtB6_9TokenPairINtNtNtNtCshYQIYZlbphp_22multiversx_sc_scenario3api7impl_vh12vm_hooks_api10VMHooksApiNtNtB17_9debug_api15DebugApiBackendEENtNtNtCs4XIbEUoEM0G_19multiversx_sc_codec6single6top_en9TopEncode24top_encode_or_handle_errINtNtNtCs8KjcITZNGD6_13multiversx_sc7storage11storage_set16StorageSetOutputB12_EINtNtNtNtB4A_13contract_base8wrappers10serializer21ExitCodecErrorHandlerB12_EECs9a2aj97w9Vg_5tests
FNDA:0,_RINvXs4_NtCshE9pOiH1lGE_16price_aggregator7structsINtB6_9TokenPairINtNtNtNtCshYQIYZlbphp_22multiversx_sc_scenario3api7impl_vh12vm_hooks_api10VMHooksApiNtNtB17_9debug_api15DebugApiBackendEENtNtNtCs4XIbEUoEM0G_19multiversx_sc_codec6single6top_de9TopDecode24top_decode_or_handle_errINtNtNtCs8KjcITZNGD6_13multiversx_sc7storage11storage_get15StorageGetInputB12_EINtB4w_22StorageGetErrorHandlerB12_EECs9a2aj97w9Vg_5tests
FNDA:316,_RINvXsB_NtCshE9pOiH1lGE_16price_aggregator7structsINtB6_13NewRoundEventINtNtNtNtCshYQIYZlbphp_22multiversx_sc_scenario3api7impl_vh12vm_hooks_api10VMHooksApiNtNtB1c_9debug_api15DebugApiBackendEENtNtNtCs4XIbEUoEM0G_19multiversx_sc_codec6single6top_en9TopEncode24top_encode_or_handle_errQINtNtNtNtNtCs8KjcITZNGD6_13multiversx_sc5types7managed5basic14managed_buffer13ManagedBufferB17_EINtNtNtNtB4K_13contract_base8wrappers10serializer21ExitCodecErrorHandlerB17_EECs9a2aj97w9Vg_5tests
FNDA:0,_RINvXsF_NtCshE9pOiH1lGE_16price_aggregator7structsNtB6_22DiscardSubmissionEventNtNtNtCs4XIbEUoEM0G_19multiversx_sc_codec6single6top_en9TopEncode24top_encode_or_handle_errQINtNtNtNtNtCs8KjcITZNGD6_13multiversx_sc5types7managed5basic14managed_buffer13ManagedBufferINtNtNtNtCshYQIYZlbphp_22multiversx_sc_scenario3api7impl_vh12vm_hooks_api10VMHooksApiNtNtB4h_9debug_api15DebugApiBackendEEINtNtNtNtB2U_13contract_base8wrappers10serializer21ExitCodecErrorHandlerB4c_EECs9a2aj97w9Vg_5tests
FNDA:969,_RINvXsb_NtCshE9pOiH1lGE_16price_aggregator7structsINtB6_9PriceFeedINtNtNtNtCshYQIYZlbphp_22multiversx_sc_scenario3api7impl_vh12vm_hooks_api10VMHooksApiNtNtB17_9debug_api15DebugApiBackendEENtNtNtCs4XIbEUoEM0G_19multiversx_sc_codec6single6top_en9TopEncode24top_encode_or_handle_errINtNtNtCs8KjcITZNGD6_13multiversx_sc2io6finish16ApiOutputAdapterB12_EINtNtNtNtB4A_13contract_base8wrappers10serializer21ExitCodecErrorHandlerB12_EECs9a2aj97w9Vg_5tests
FNDA:0,_RINvXsb_NtCshE9pOiH1lGE_16price_aggregator7structsINtB6_9PriceFeedINtNtNtNtCshYQIYZlbphp_22multiversx_sc_scenario3api7impl_vh12vm_hooks_api10VMHooksApiNtNtB17_9debug_api15DebugApiBackendEENtNtNtCs4XIbEUoEM0G_19multiversx_sc_codec6single6top_en9TopEncode24top_encode_or_handle_errQINtNtNtNtNtCs8KjcITZNGD6_13multiversx_sc5types7managed5basic14managed_buffer13ManagedBufferB12_EINtNtNtNtB4F_13contract_base8wrappers10serializer21ExitCodecErrorHandlerB12_EECs9a2aj97w9Vg_5tests
FNDA:316,_RINvXsh_NtCshE9pOiH1lGE_16price_aggregator7structsINtB6_16TimestampedPriceINtNtNtNtCshYQIYZlbphp_22multiversx_sc_scenario3api7impl_vh12vm_hooks_api10VMHooksApiNtNtB1f_9debug_api15DebugApiBackendEENtNtNtCs4XIbEUoEM0G_19multiversx_sc_codec6single6top_en9TopEncode24top_encode_or_handle_errINtNtNtCs8KjcITZNGD6_13multiversx_sc7storage11storage_set16StorageSetOutputB1a_EINtNtNtNtB4I_13contract_base8wrappers10serializer21ExitCodecErrorHandlerB1a_EECs9a2aj97w9Vg_5tests
FNDA:969,_RINvXsi_NtCshE9pOiH1lGE_16price_aggregator7structsINtB6_16TimestampedPriceINtNtNtNtCshYQIYZlbphp_22multiversx_sc_scenario3api7impl_vh12vm_hooks_api10VMHooksApiNtNtB1f_9debug_api15DebugApiBackendEENtNtNtCs4XIbEUoEM0G_19multiversx_sc_codec6single6top_de9TopDecode24top_decode_or_handle_errINtNtNtCs8KjcITZNGD6_13multiversx_sc7storage11storage_get15StorageGetInputB1a_EINtB4E_22StorageGetErrorHandlerB1a_EECs9a2aj97w9Vg_5tests
FNDA:1420,_RINvXss_NtCshE9pOiH1lGE_16price_aggregator7structsNtB6_12OracleStatusNtNtNtCs4XIbEUoEM0G_19multiversx_sc_codec6single6top_en9TopEncode24top_encode_or_handle_errINtNtNtCs8KjcITZNGD6_13multiversx_sc7storage11storage_set16StorageSetOutputINtNtNtNtCshYQIYZlbphp_22multiversx_sc_scenario3api7impl_vh12vm_hooks_api10VMHooksApiNtNtB3Q_9debug_api15DebugApiBackendEEINtNtNtNtB2F_13contract_base8wrappers10serializer21ExitCodecErrorHandlerB3L_EECs9a2aj97w9Vg_5tests
FNDA:2528,_RINvXst_NtCshE9pOiH1lGE_16price_aggregator7structsNtB6_12OracleStatusNtNtNtCs4XIbEUoEM0G_19multiversx_sc_codec6single6top_de9TopDecode24top_decode_or_handle_errINtNtNtCs8KjcITZNGD6_13multiversx_sc7storage11storage_get15StorageGetInputINtNtNtNtCshYQIYZlbphp_22multiversx_sc_scenario3api7impl_vh12vm_hooks_api10VMHooksApiNtNtB3P_9debug_api15DebugApiBackendEEINtB2B_22StorageGetErrorHandlerB3K_EECs9a2aj97w9Vg_5tests
FNF:10
FNH:8
DA:5,13302
DA:12,969
DA:23,969
DA:31,2528
DA:38,316
DA:48,0
BRF:0
BRH:0
LF:10
LH:8
end_of_record
SF:/Users/mihaieremia/GitHub/rs-lending/price-aggregator/src/utils.rs
FN:145,_RNCNvYINtCshE9pOiH1lGE_16price_aggregator11ContractObjINtNtNtNtCshYQIYZlbphp_22multiversx_sc_scenario3api7impl_vh12vm_hooks_api10VMHooksApiNtNtBV_9debug_api15DebugApiBackendEENtNtB7_5utils11UtilsModule16create_new_round0Cs9a2aj97w9Vg_5tests
FN:107,_RNCNvYINtCshE9pOiH1lGE_16price_aggregator11ContractObjINtNtNtNtCshYQIYZlbphp_22multiversx_sc_scenario3api7impl_vh12vm_hooks_api10VMHooksApiNtNtBV_9debug_api15DebugApiBackendEENtNtB7_5utils11UtilsModule16submit_unchecked0Cs9a2aj97w9Vg_5tests
FN:174,_RNvYINtCshE9pOiH1lGE_16price_aggregator11ContractObjINtNtNtNtCshYQIYZlbphp_22multiversx_sc_scenario3api7impl_vh12vm_hooks_api10VMHooksApiNtNtBT_9debug_api15DebugApiBackendEENtNtB5_5utils11UtilsModule14check_decimalsCs9a2aj97w9Vg_5tests
FN:131,_RNvYINtCshE9pOiH1lGE_16price_aggregator11ContractObjINtNtNtNtCshYQIYZlbphp_22multiversx_sc_scenario3api7impl_vh12vm_hooks_api10VMHooksApiNtNtBT_9debug_api15DebugApiBackendEENtNtB5_5utils11UtilsModule16create_new_roundCs9a2aj97w9Vg_5tests
FN:41,_RNvYINtCshE9pOiH1lGE_16price_aggregator11ContractObjINtNtNtNtCshYQIYZlbphp_22multiversx_sc_scenario3api7impl_vh12vm_hooks_api10VMHooksApiNtNtBT_9debug_api15DebugApiBackendEENtNtB5_5utils11UtilsModule16submit_uncheckedCs9a2aj97w9Vg_5tests
FN:166,_RNvYINtCshE9pOiH1lGE_16price_aggregator11ContractObjINtNtNtNtCshYQIYZlbphp_22multiversx_sc_scenario3api7impl_vh12vm_hooks_api10VMHooksApiNtNtBT_9debug_api15DebugApiBackendEENtNtB5_5utils11UtilsModule17clear_submissionsCs9a2aj97w9Vg_5tests
FN:18,_RNvYINtCshE9pOiH1lGE_16price_aggregator11ContractObjINtNtNtNtCshYQIYZlbphp_22multiversx_sc_scenario3api7impl_vh12vm_hooks_api10VMHooksApiNtNtBT_9debug_api15DebugApiBackendEENtNtB5_5utils11UtilsModule17require_is_oracleCs9a2aj97w9Vg_5tests
FN:26,_RNvYINtCshE9pOiH1lGE_16price_aggregator11ContractObjINtNtNtNtCshYQIYZlbphp_22multiversx_sc_scenario3api7impl_vh12vm_hooks_api10VMHooksApiNtNtBT_9debug_api15DebugApiBackendEENtNtB5_5utils11UtilsModule30require_valid_submission_countCs9a2aj97w9Vg_5tests
FN:113,_RNvYINtCshE9pOiH1lGE_16price_aggregator11ContractObjINtNtNtNtCshYQIYZlbphp_22multiversx_sc_scenario3api7impl_vh12vm_hooks_api10VMHooksApiNtNtBT_9debug_api15DebugApiBackendEENtNtB5_5utils11UtilsModule34require_valid_submission_timestampCs9a2aj97w9Vg_5tests
FN:11,_RNvYINtCshE9pOiH1lGE_16price_aggregator11ContractObjINtNtNtNtCshYQIYZlbphp_22multiversx_sc_scenario3api7impl_vh12vm_hooks_api10VMHooksApiNtNtBT_9debug_api15DebugApiBackendEENtNtB5_5utils16EndpointWrappers17callback_selectorCs9a2aj97w9Vg_5tests
FN:11,_RNvYINtCshE9pOiH1lGE_16price_aggregator11ContractObjINtNtNtNtCshYQIYZlbphp_22multiversx_sc_scenario3api7impl_vh12vm_hooks_api10VMHooksApiNtNtBT_9debug_api15DebugApiBackendEENtNtB5_5utils16EndpointWrappers4callCs9a2aj97w9Vg_5tests
FN:11,_RNvYINtCshE9pOiH1lGE_16price_aggregator11ContractObjINtNtNtNtCshYQIYZlbphp_22multiversx_sc_scenario3api7impl_vh12vm_hooks_api10VMHooksApiNtNtBT_9debug_api15DebugApiBackendEENtNtB5_5utils16EndpointWrappers8callbackCs9a2aj97w9Vg_5tests
FNDA:0,_RNCNvYINtCshE9pOiH1lGE_16price_aggregator11ContractObjINtNtNtNtCshYQIYZlbphp_22multiversx_sc_scenario3api7impl_vh12vm_hooks_api10VMHooksApiNtNtBV_9debug_api15DebugApiBackendEENtNtB7_5utils11UtilsModule16create_new_round0Cs9a2aj97w9Vg_5tests
FNDA:1264,_RNCNvYINtCshE9pOiH1lGE_16price_aggregator11ContractObjINtNtNtNtCshYQIYZlbphp_22multiversx_sc_scenario3api7impl_vh12vm_hooks_api10VMHooksApiNtNtBV_9debug_api15DebugApiBackendEENtNtB7_5utils11UtilsModule16submit_unchecked0Cs9a2aj97w9Vg_5tests
FNDA:1264,_RNvYINtCshE9pOiH1lGE_16price_aggregator11ContractObjINtNtNtNtCshYQIYZlbphp_22multiversx_sc_scenario3api7impl_vh12vm_hooks_api10VMHooksApiNtNtBT_9debug_api15DebugApiBackendEENtNtB5_5utils11UtilsModule14check_decimalsCs9a2aj97w9Vg_5tests
FNDA:1264,_RNvYINtCshE9pOiH1lGE_16price_aggregator11ContractObjINtNtNtNtCshYQIYZlbphp_22multiversx_sc_scenario3api7impl_vh12vm_hooks_api10VMHooksApiNtNtBT_9debug_api15DebugApiBackendEENtNtB5_5utils11UtilsModule16create_new_roundCs9a2aj97w9Vg_5tests
FNDA:1264,_RNvYINtCshE9pOiH1lGE_16price_aggregator11ContractObjINtNtNtNtCshYQIYZlbphp_22multiversx_sc_scenario3api7impl_vh12vm_hooks_api10VMHooksApiNtNtBT_9debug_api15DebugApiBackendEENtNtB5_5utils11UtilsModule16submit_uncheckedCs9a2aj97w9Vg_5tests
FNDA:312,_RNvYINtCshE9pOiH1lGE_16price_aggregator11ContractObjINtNtNtNtCshYQIYZlbphp_22multiversx_sc_scenario3api7impl_vh12vm_hooks_api10VMHooksApiNtNtBT_9debug_api15DebugApiBackendEENtNtB5_5utils11UtilsModule17clear_submissionsCs9a2aj97w9Vg_5tests
FNDA:1264,_RNvYINtCshE9pOiH1lGE_16price_aggregator11ContractObjINtNtNtNtCshYQIYZlbphp_22multiversx_sc_scenario3api7impl_vh12vm_hooks_api10VMHooksApiNtNtBT_9debug_api15DebugApiBackendEENtNtB5_5utils11UtilsModule17require_is_oracleCs9a2aj97w9Vg_5tests
FNDA:39,_RNvYINtCshE9pOiH1lGE_16price_aggregator11ContractObjINtNtNtNtCshYQIYZlbphp_22multiversx_sc_scenario3api7impl_vh12vm_hooks_api10VMHooksApiNtNtBT_9debug_api15DebugApiBackendEENtNtB5_5utils11UtilsModule30require_valid_submission_countCs9a2aj97w9Vg_5tests
FNDA:1264,_RNvYINtCshE9pOiH1lGE_16price_aggregator11ContractObjINtNtNtNtCshYQIYZlbphp_22multiversx_sc_scenario3api7impl_vh12vm_hooks_api10VMHooksApiNtNtBT_9debug_api15DebugApiBackendEENtNtB5_5utils11UtilsModule34require_valid_submission_timestampCs9a2aj97w9Vg_5tests
FNDA:0,_RNvYINtCshE9pOiH1lGE_16price_aggregator11ContractObjINtNtNtNtCshYQIYZlbphp_22multiversx_sc_scenario3api7impl_vh12vm_hooks_api10VMHooksApiNtNtBT_9debug_api15DebugApiBackendEENtNtB5_5utils16EndpointWrappers17callback_selectorCs9a2aj97w9Vg_5tests
FNDA:1320,_RNvYINtCshE9pOiH1lGE_16price_aggregator11ContractObjINtNtNtNtCshYQIYZlbphp_22multiversx_sc_scenario3api7impl_vh12vm_hooks_api10VMHooksApiNtNtBT_9debug_api15DebugApiBackendEENtNtB5_5utils16EndpointWrappers4callCs9a2aj97w9Vg_5tests
FNDA:0,_RNvYINtCshE9pOiH1lGE_16price_aggregator11ContractObjINtNtNtNtCshYQIYZlbphp_22multiversx_sc_scenario3api7impl_vh12vm_hooks_api10VMHooksApiNtNtBT_9debug_api15DebugApiBackendEENtNtB5_5utils16EndpointWrappers8callbackCs9a2aj97w9Vg_5tests
FNF:10
FNH:9
DA:11,1320
DA:18,1264
DA:19,1264
DA:20,1264
DA:21,1264
DA:22,1264
DA:23,1264
DA:26,39
DA:27,39
DA:28,39
DA:29,39
DA:30,39
DA:41,1264
DA:42,1264
DA:43,1264
DA:44,1264
DA:45,1264
DA:46,1264
DA:47,1264
DA:48,1264
DA:49,1264
DA:50,1264
DA:51,1264
DA:52,1264
DA:53,1264
DA:54,1264
DA:55,16
DA:56,1248
DA:58,1264
DA:59,1264
DA:60,1264
DA:61,316
DA:62,316
DA:63,316
DA:64,316
DA:66,948
DA:70,1264
DA:71,0
DA:72,0
DA:73,0
DA:74,0
DA:75,0
DA:76,0
DA:77,0
DA:78,1264
DA:80,1264
DA:81,1264
DA:82,1264
DA:83,1264
DA:84,1264
DA:85,1264
DA:86,1264
DA:87,1264
DA:88,1264
DA:89,1264
DA:90,1264
DA:91,1264
DA:92,1264
DA:93,1264
DA:94,1264
DA:95,1264
DA:96,0
DA:97,0
DA:98,0
DA:99,0
DA:100,0
DA:101,0
DA:102,0
DA:103,0
DA:105,1264
DA:106,1264
DA:107,1264
DA:108,1264
DA:109,1264
DA:110,1264
DA:113,1264
DA:114,1264
DA:115,1264
DA:116,1264
DA:117,1264
DA:118,1264
DA:119,1264
DA:120,1264
DA:121,1264
DA:122,1264
DA:131,1264
DA:132,1264
DA:133,1264
DA:134,316
DA:135,316
DA:136,316
DA:137,316
DA:139,316
DA:140,1264
DA:141,1264
DA:142,1264
DA:144,316
DA:145,316
DA:146,316
DA:147,316
DA:148,316
DA:149,316
DA:150,316
DA:151,316
DA:152,316
DA:153,316
DA:154,316
DA:155,316
DA:156,316
DA:157,316
DA:158,316
DA:159,316
DA:160,316
DA:161,316
DA:162,316
DA:163,948
DA:166,312
DA:167,312
DA:168,0
DA:169,312
DA:170,312
DA:171,312
DA:174,1264
DA:175,1264
DA:176,1264
DA:177,1264
DA:178,1264
DA:179,1264
BRF:0
BRH:0
LF:131
LH:114
end_of_record
SF:/Users/mihaieremia/GitHub/rs-lending/price-aggregator/src/views.rs
FN:75,_RNvYINtCshE9pOiH1lGE_16price_aggregator11ContractObjINtNtNtNtCshYQIYZlbphp_22multiversx_sc_scenario3api7impl_vh12vm_hooks_api10VMHooksApiNtNtBT_9debug_api15DebugApiBackendEENtNtB5_5views11ViewsModule11get_oraclesCs9a2aj97w9Vg_5tests
FN:17,_RNvYINtCshE9pOiH1lGE_16price_aggregator11ContractObjINtNtNtNtCshYQIYZlbphp_22multiversx_sc_scenario3api7impl_vh12vm_hooks_api10VMHooksApiNtNtBT_9debug_api15DebugApiBackendEENtNtB5_5views11ViewsModule15make_price_feedCs9a2aj97w9Vg_5tests
FN:32,_RNvYINtCshE9pOiH1lGE_16price_aggregator11ContractObjINtNtNtNtCshYQIYZlbphp_22multiversx_sc_scenario3api7impl_vh12vm_hooks_api10VMHooksApiNtNtBT_9debug_api15DebugApiBackendEENtNtB5_5views11ViewsModule17get_pair_decimalsCs9a2aj97w9Vg_5tests
FN:52,_RNvYINtCshE9pOiH1lGE_16price_aggregator11ContractObjINtNtNtNtCshYQIYZlbphp_22multiversx_sc_scenario3api7impl_vh12vm_hooks_api10VMHooksApiNtNtBT_9debug_api15DebugApiBackendEENtNtB5_5views11ViewsModule17latest_price_feedCs9a2aj97w9Vg_5tests
FN:39,_RNvYINtCshE9pOiH1lGE_16price_aggregator11ContractObjINtNtNtNtCshYQIYZlbphp_22multiversx_sc_scenario3api7impl_vh12vm_hooks_api10VMHooksApiNtNtBT_9debug_api15DebugApiBackendEENtNtB5_5views11ViewsModule17latest_round_dataCs9a2aj97w9Vg_5tests
FN:70,_RNvYINtCshE9pOiH1lGE_16price_aggregator11ContractObjINtNtNtNtCshYQIYZlbphp_22multiversx_sc_scenario3api7impl_vh12vm_hooks_api10VMHooksApiNtNtBT_9debug_api15DebugApiBackendEENtNtB5_5views11ViewsModule26latest_price_feed_optionalCs9a2aj97w9Vg_5tests
FN:9,_RNvYINtCshE9pOiH1lGE_16price_aggregator11ContractObjINtNtNtNtCshYQIYZlbphp_22multiversx_sc_scenario3api7impl_vh12vm_hooks_api10VMHooksApiNtNtBT_9debug_api15DebugApiBackendEENtNtB5_5views16EndpointWrappers16call_get_oraclesCs9a2aj97w9Vg_5tests
FN:9,_RNvYINtCshE9pOiH1lGE_16price_aggregator11ContractObjINtNtNtNtCshYQIYZlbphp_22multiversx_sc_scenario3api7impl_vh12vm_hooks_api10VMHooksApiNtNtBT_9debug_api15DebugApiBackendEENtNtB5_5views16EndpointWrappers17callback_selectorCs9a2aj97w9Vg_5tests
FN:9,_RNvYINtCshE9pOiH1lGE_16price_aggregator11ContractObjINtNtNtNtCshYQIYZlbphp_22multiversx_sc_scenario3api7impl_vh12vm_hooks_api10VMHooksApiNtNtBT_9debug_api15DebugApiBackendEENtNtB5_5views16EndpointWrappers22call_get_pair_decimalsCs9a2aj97w9Vg_5tests
FN:9,_RNvYINtCshE9pOiH1lGE_16price_aggregator11ContractObjINtNtNtNtCshYQIYZlbphp_22multiversx_sc_scenario3api7impl_vh12vm_hooks_api10VMHooksApiNtNtBT_9debug_api15DebugApiBackendEENtNtB5_5views16EndpointWrappers22call_latest_price_feedCs9a2aj97w9Vg_5tests
FN:9,_RNvYINtCshE9pOiH1lGE_16price_aggregator11ContractObjINtNtNtNtCshYQIYZlbphp_22multiversx_sc_scenario3api7impl_vh12vm_hooks_api10VMHooksApiNtNtBT_9debug_api15DebugApiBackendEENtNtB5_5views16EndpointWrappers22call_latest_round_dataCs9a2aj97w9Vg_5tests
FN:9,_RNvYINtCshE9pOiH1lGE_16price_aggregator11ContractObjINtNtNtNtCshYQIYZlbphp_22multiversx_sc_scenario3api7impl_vh12vm_hooks_api10VMHooksApiNtNtBT_9debug_api15DebugApiBackendEENtNtB5_5views16EndpointWrappers31call_latest_price_feed_optionalCs9a2aj97w9Vg_5tests
FN:9,_RNvYINtCshE9pOiH1lGE_16price_aggregator11ContractObjINtNtNtNtCshYQIYZlbphp_22multiversx_sc_scenario3api7impl_vh12vm_hooks_api10VMHooksApiNtNtBT_9debug_api15DebugApiBackendEENtNtB5_5views16EndpointWrappers4callCs9a2aj97w9Vg_5tests
FN:9,_RNvYINtCshE9pOiH1lGE_16price_aggregator11ContractObjINtNtNtNtCshYQIYZlbphp_22multiversx_sc_scenario3api7impl_vh12vm_hooks_api10VMHooksApiNtNtBT_9debug_api15DebugApiBackendEENtNtB5_5views16EndpointWrappers8callbackCs9a2aj97w9Vg_5tests
FNDA:0,_RNvYINtCshE9pOiH1lGE_16price_aggregator11ContractObjINtNtNtNtCshYQIYZlbphp_22multiversx_sc_scenario3api7impl_vh12vm_hooks_api10VMHooksApiNtNtBT_9debug_api15DebugApiBackendEENtNtB5_5views11ViewsModule11get_oraclesCs9a2aj97w9Vg_5tests
FNDA:969,_RNvYINtCshE9pOiH1lGE_16price_aggregator11ContractObjINtNtNtNtCshYQIYZlbphp_22multiversx_sc_scenario3api7impl_vh12vm_hooks_api10VMHooksApiNtNtBT_9debug_api15DebugApiBackendEENtNtB5_5views11ViewsModule15make_price_feedCs9a2aj97w9Vg_5tests
FNDA:1264,_RNvYINtCshE9pOiH1lGE_16price_aggregator11ContractObjINtNtNtNtCshYQIYZlbphp_22multiversx_sc_scenario3api7impl_vh12vm_hooks_api10VMHooksApiNtNtBT_9debug_api15DebugApiBackendEENtNtB5_5views11ViewsModule17get_pair_decimalsCs9a2aj97w9Vg_5tests
FNDA:969,_RNvYINtCshE9pOiH1lGE_16price_aggregator11ContractObjINtNtNtNtCshYQIYZlbphp_22multiversx_sc_scenario3api7impl_vh12vm_hooks_api10VMHooksApiNtNtBT_9debug_api15DebugApiBackendEENtNtB5_5views11ViewsModule17latest_price_feedCs9a2aj97w9Vg_5tests
FNDA:0,_RNvYINtCshE9pOiH1lGE_16price_aggregator11ContractObjINtNtNtNtCshYQIYZlbphp_22multiversx_sc_scenario3api7impl_vh12vm_hooks_api10VMHooksApiNtNtBT_9debug_api15DebugApiBackendEENtNtB5_5views11ViewsModule17latest_round_dataCs9a2aj97w9Vg_5tests
FNDA:0,_RNvYINtCshE9pOiH1lGE_16price_aggregator11ContractObjINtNtNtNtCshYQIYZlbphp_22multiversx_sc_scenario3api7impl_vh12vm_hooks_api10VMHooksApiNtNtBT_9debug_api15DebugApiBackendEENtNtB5_5views11ViewsModule26latest_price_feed_optionalCs9a2aj97w9Vg_5tests
FNDA:0,_RNvYINtCshE9pOiH1lGE_16price_aggregator11ContractObjINtNtNtNtCshYQIYZlbphp_22multiversx_sc_scenario3api7impl_vh12vm_hooks_api10VMHooksApiNtNtBT_9debug_api15DebugApiBackendEENtNtB5_5views16EndpointWrappers16call_get_oraclesCs9a2aj97w9Vg_5tests
FNDA:0,_RNvYINtCshE9pOiH1lGE_16price_aggregator11ContractObjINtNtNtNtCshYQIYZlbphp_22multiversx_sc_scenario3api7impl_vh12vm_hooks_api10VMHooksApiNtNtBT_9debug_api15DebugApiBackendEENtNtB5_5views16EndpointWrappers17callback_selectorCs9a2aj97w9Vg_5tests
FNDA:0,_RNvYINtCshE9pOiH1lGE_16price_aggregator11ContractObjINtNtNtNtCshYQIYZlbphp_22multiversx_sc_scenario3api7impl_vh12vm_hooks_api10VMHooksApiNtNtBT_9debug_api15DebugApiBackendEENtNtB5_5views16EndpointWrappers22call_get_pair_decimalsCs9a2aj97w9Vg_5tests
FNDA:969,_RNvYINtCshE9pOiH1lGE_16price_aggregator11ContractObjINtNtNtNtCshYQIYZlbphp_22multiversx_sc_scenario3api7impl_vh12vm_hooks_api10VMHooksApiNtNtBT_9debug_api15DebugApiBackendEENtNtB5_5views16EndpointWrappers22call_latest_price_feedCs9a2aj97w9Vg_5tests
FNDA:0,_RNvYINtCshE9pOiH1lGE_16price_aggregator11ContractObjINtNtNtNtCshYQIYZlbphp_22multiversx_sc_scenario3api7impl_vh12vm_hooks_api10VMHooksApiNtNtBT_9debug_api15DebugApiBackendEENtNtB5_5views16EndpointWrappers22call_latest_round_dataCs9a2aj97w9Vg_5tests
FNDA:0,_RNvYINtCshE9pOiH1lGE_16price_aggregator11ContractObjINtNtNtNtCshYQIYZlbphp_22multiversx_sc_scenario3api7impl_vh12vm_hooks_api10VMHooksApiNtNtBT_9debug_api15DebugApiBackendEENtNtB5_5views16EndpointWrappers31call_latest_price_feed_optionalCs9a2aj97w9Vg_5tests
FNDA:1671,_RNvYINtCshE9pOiH1lGE_16price_aggregator11ContractObjINtNtNtNtCshYQIYZlbphp_22multiversx_sc_scenario3api7impl_vh12vm_hooks_api10VMHooksApiNtNtBT_9debug_api15DebugApiBackendEENtNtB5_5views16EndpointWrappers4callCs9a2aj97w9Vg_5tests
FNDA:0,_RNvYINtCshE9pOiH1lGE_16price_aggregator11ContractObjINtNtNtNtCshYQIYZlbphp_22multiversx_sc_scenario3api7impl_vh12vm_hooks_api10VMHooksApiNtNtBT_9debug_api15DebugApiBackendEENtNtB5_5views16EndpointWrappers8callbackCs9a2aj97w9Vg_5tests
FNF:7
FNH:4
DA:9,1671
DA:17,969
DA:18,969
DA:19,969
DA:20,969
DA:21,969
DA:22,969
DA:23,969
DA:24,969
DA:25,969
DA:26,969
DA:27,969
DA:28,969
DA:32,1264
DA:33,1264
DA:34,1264
DA:35,1264
DA:39,0
DA:40,0
DA:41,0
DA:43,0
DA:44,0
DA:45,0
DA:46,0
DA:48,0
DA:52,969
DA:53,969
DA:55,969
DA:56,969
DA:57,969
DA:58,969
DA:59,969
DA:60,969
DA:61,969
DA:62,969
DA:70,0
DA:71,0
DA:75,0
DA:76,0
DA:77,0
DA:78,0
DA:79,0
DA:80,0
BRF:0
BRH:0
LF:43
LH:27
end_of_record