SF:/Users/mihaieremia/GitHub/rs-lending/common/events/src/events.rs
FN:7,_RNvXCs3rOA4D9qoaG_13common_eventsINtCs48qTgYy1n57_12lending_pool11ContractObjINtNtNtNtCs1rODQd5oASQ_22multiversx_sc_scenario3api7impl_vh12vm_hooks_api10VMHooksApiNtNtB1i_9debug_api15DebugApiBackendEENtB2_12EventsModule21update_position_eventCs8iyf5MSkCde_5tests
FN:7,_RNvXCs3rOA4D9qoaG_13common_eventsINtCs48qTgYy1n57_12lending_pool11ContractObjINtNtNtNtCs1rODQd5oASQ_22multiversx_sc_scenario3api7impl_vh12vm_hooks_api10VMHooksApiNtNtB1i_9debug_api15DebugApiBackendEENtB2_12EventsModule25update_asset_config_eventCs8iyf5MSkCde_5tests
FN:7,_RNvXCs3rOA4D9qoaG_13common_eventsINtCs48qTgYy1n57_12lending_pool11ContractObjINtNtNtNtCs1rODQd5oASQ_22multiversx_sc_scenario3api7impl_vh12vm_hooks_api10VMHooksApiNtNtB1i_9debug_api15DebugApiBackendEENtB2_12EventsModule25update_debt_ceiling_eventCs8iyf5MSkCde_5tests
FN:7,_RNvXCs3rOA4D9qoaG_13common_eventsINtCs48qTgYy1n57_12lending_pool11ContractObjINtNtNtNtCs1rODQd5oASQ_22multiversx_sc_scenario3api7impl_vh12vm_hooks_api10VMHooksApiNtNtB1i_9debug_api15DebugApiBackendEENtB2_12EventsModule25update_e_mode_asset_eventCs8iyf5MSkCde_5tests
FN:7,_RNvXCs3rOA4D9qoaG_13common_eventsINtCs48qTgYy1n57_12lending_pool11ContractObjINtNtNtNtCs1rODQd5oASQ_22multiversx_sc_scenario3api7impl_vh12vm_hooks_api10VMHooksApiNtNtB1i_9debug_api15DebugApiBackendEENtB2_12EventsModule26create_market_params_eventCs8iyf5MSkCde_5tests
FN:7,_RNvXCs3rOA4D9qoaG_13common_eventsINtCs48qTgYy1n57_12lending_pool11ContractObjINtNtNtNtCs1rODQd5oASQ_22multiversx_sc_scenario3api7impl_vh12vm_hooks_api10VMHooksApiNtNtB1i_9debug_api15DebugApiBackendEENtB2_12EventsModule28update_e_mode_category_eventCs8iyf5MSkCde_5tests
FN:7,_RNvXCs3rOA4D9qoaG_13common_eventsINtCs48qTgYy1n57_12lending_pool11ContractObjINtNtNtNtCs1rODQd5oASQ_22multiversx_sc_scenario3api7impl_vh12vm_hooks_api10VMHooksApiNtNtB1i_9debug_api15DebugApiBackendEENtB2_12EventsModule34update_vault_supplied_amount_eventCs8iyf5MSkCde_5tests
FN:7,_RNvYINtCs48qTgYy1n57_12lending_pool11ContractObjINtNtNtNtCs1rODQd5oASQ_22multiversx_sc_scenario3api7impl_vh12vm_hooks_api10VMHooksApiNtNtBP_9debug_api15DebugApiBackendEENtCs3rOA4D9qoaG_13common_events16EndpointWrappers17callback_selectorCs8iyf5MSkCde_5tests
FN:7,_RNvYINtCs48qTgYy1n57_12lending_pool11ContractObjINtNtNtNtCs1rODQd5oASQ_22multiversx_sc_scenario3api7impl_vh12vm_hooks_api10VMHooksApiNtNtBP_9debug_api15DebugApiBackendEENtCs3rOA4D9qoaG_13common_events16EndpointWrappers4callCs8iyf5MSkCde_5tests
FN:7,_RNvYINtCs48qTgYy1n57_12lending_pool11ContractObjINtNtNtNtCs1rODQd5oASQ_22multiversx_sc_scenario3api7impl_vh12vm_hooks_api10VMHooksApiNtNtBP_9debug_api15DebugApiBackendEENtCs3rOA4D9qoaG_13common_events16EndpointWrappers8callbackCs8iyf5MSkCde_5tests
FN:7,_RNvXCs3rOA4D9qoaG_13common_eventsINtCsbsTB6V03K8e_14liquidity_pool11ContractObjINtNtNtNtCs1rODQd5oASQ_22multiversx_sc_scenario3api7impl_vh12vm_hooks_api10VMHooksApiNtNtB1k_9debug_api15DebugApiBackendEENtB2_12EventsModule19market_params_eventCs8iyf5MSkCde_5tests
FN:7,_RNvXCs3rOA4D9qoaG_13common_eventsINtCsbsTB6V03K8e_14liquidity_pool11ContractObjINtNtNtNtCs1rODQd5oASQ_22multiversx_sc_scenario3api7impl_vh12vm_hooks_api10VMHooksApiNtNtB1k_9debug_api15DebugApiBackendEENtB2_12EventsModule31__emit_update_market_state_eventCs8iyf5MSkCde_5tests
FN:46,_RNvYINtCsbsTB6V03K8e_14liquidity_pool11ContractObjINtNtNtNtCs1rODQd5oASQ_22multiversx_sc_scenario3api7impl_vh12vm_hooks_api10VMHooksApiNtNtBR_9debug_api15DebugApiBackendEENtCs3rOA4D9qoaG_13common_events12EventsModule25update_market_state_eventCs8iyf5MSkCde_5tests
FN:7,_RNvYINtCsbsTB6V03K8e_14liquidity_pool11ContractObjINtNtNtNtCs1rODQd5oASQ_22multiversx_sc_scenario3api7impl_vh12vm_hooks_api10VMHooksApiNtNtBR_9debug_api15DebugApiBackendEENtCs3rOA4D9qoaG_13common_events16EndpointWrappers17callback_selectorCs8iyf5MSkCde_5tests
FN:7,_RNvYINtCsbsTB6V03K8e_14liquidity_pool11ContractObjINtNtNtNtCs1rODQd5oASQ_22multiversx_sc_scenario3api7impl_vh12vm_hooks_api10VMHooksApiNtNtBR_9debug_api15DebugApiBackendEENtCs3rOA4D9qoaG_13common_events16EndpointWrappers4callCs8iyf5MSkCde_5tests
FN:7,_RNvYINtCsbsTB6V03K8e_14liquidity_pool11ContractObjINtNtNtNtCs1rODQd5oASQ_22multiversx_sc_scenario3api7impl_vh12vm_hooks_api10VMHooksApiNtNtBR_9debug_api15DebugApiBackendEENtCs3rOA4D9qoaG_13common_events16EndpointWrappers8callbackCs8iyf5MSkCde_5tests
FNDA:893,_RNvXCs3rOA4D9qoaG_13common_eventsINtCs48qTgYy1n57_12lending_pool11ContractObjINtNtNtNtCs1rODQd5oASQ_22multiversx_sc_scenario3api7impl_vh12vm_hooks_api10VMHooksApiNtNtB1i_9debug_api15DebugApiBackendEENtB2_12EventsModule21update_position_eventCs8iyf5MSkCde_5tests
FNDA:192,_RNvXCs3rOA4D9qoaG_13common_eventsINtCs48qTgYy1n57_12lending_pool11ContractObjINtNtNtNtCs1rODQd5oASQ_22multiversx_sc_scenario3api7impl_vh12vm_hooks_api10VMHooksApiNtNtB1i_9debug_api15DebugApiBackendEENtB2_12EventsModule25update_asset_config_eventCs8iyf5MSkCde_5tests
FNDA:7,_RNvXCs3rOA4D9qoaG_13common_eventsINtCs48qTgYy1n57_12lending_pool11ContractObjINtNtNtNtCs1rODQd5oASQ_22multiversx_sc_scenario3api7impl_vh12vm_hooks_api10VMHooksApiNtNtB1i_9debug_api15DebugApiBackendEENtB2_12EventsModule25update_debt_ceiling_eventCs8iyf5MSkCde_5tests
FNDA:192,_RNvXCs3rOA4D9qoaG_13common_eventsINtCs48qTgYy1n57_12lending_pool11ContractObjINtNtNtNtCs1rODQd5oASQ_22multiversx_sc_scenario3api7impl_vh12vm_hooks_api10VMHooksApiNtNtB1i_9debug_api15DebugApiBackendEENtB2_12EventsModule25update_e_mode_asset_eventCs8iyf5MSkCde_5tests
FNDA:480,_RNvXCs3rOA4D9qoaG_13common_eventsINtCs48qTgYy1n57_12lending_pool11ContractObjINtNtNtNtCs1rODQd5oASQ_22multiversx_sc_scenario3api7impl_vh12vm_hooks_api10VMHooksApiNtNtB1i_9debug_api15DebugApiBackendEENtB2_12EventsModule26create_market_params_eventCs8iyf5MSkCde_5tests
FNDA:48,_RNvXCs3rOA4D9qoaG_13common_eventsINtCs48qTgYy1n57_12lending_pool11ContractObjINtNtNtNtCs1rODQd5oASQ_22multiversx_sc_scenario3api7impl_vh12vm_hooks_api10VMHooksApiNtNtB1i_9debug_api15DebugApiBackendEENtB2_12EventsModule28update_e_mode_category_eventCs8iyf5MSkCde_5tests
FNDA:16,_RNvXCs3rOA4D9qoaG_13common_eventsINtCs48qTgYy1n57_12lending_pool11ContractObjINtNtNtNtCs1rODQd5oASQ_22multiversx_sc_scenario3api7impl_vh12vm_hooks_api10VMHooksApiNtNtB1i_9debug_api15DebugApiBackendEENtB2_12EventsModule34update_vault_supplied_amount_eventCs8iyf5MSkCde_5tests
FNDA:0,_RNvYINtCs48qTgYy1n57_12lending_pool11ContractObjINtNtNtNtCs1rODQd5oASQ_22multiversx_sc_scenario3api7impl_vh12vm_hooks_api10VMHooksApiNtNtBP_9debug_api15DebugApiBackendEENtCs3rOA4D9qoaG_13common_events16EndpointWrappers17callback_selectorCs8iyf5MSkCde_5tests
FNDA:6315,_RNvYINtCs48qTgYy1n57_12lending_pool11ContractObjINtNtNtNtCs1rODQd5oASQ_22multiversx_sc_scenario3api7impl_vh12vm_hooks_api10VMHooksApiNtNtBP_9debug_api15DebugApiBackendEENtCs3rOA4D9qoaG_13common_events16EndpointWrappers4callCs8iyf5MSkCde_5tests
FNDA:0,_RNvYINtCs48qTgYy1n57_12lending_pool11ContractObjINtNtNtNtCs1rODQd5oASQ_22multiversx_sc_scenario3api7impl_vh12vm_hooks_api10VMHooksApiNtNtBP_9debug_api15DebugApiBackendEENtCs3rOA4D9qoaG_13common_events16EndpointWrappers8callbackCs8iyf5MSkCde_5tests
FNDA:0,_RNvXCs3rOA4D9qoaG_13common_eventsINtCsbsTB6V03K8e_14liquidity_pool11ContractObjINtNtNtNtCs1rODQd5oASQ_22multiversx_sc_scenario3api7impl_vh12vm_hooks_api10VMHooksApiNtNtB1k_9debug_api15DebugApiBackendEENtB2_12EventsModule19market_params_eventCs8iyf5MSkCde_5tests
FNDA:889,_RNvXCs3rOA4D9qoaG_13common_eventsINtCsbsTB6V03K8e_14liquidity_pool11ContractObjINtNtNtNtCs1rODQd5oASQ_22multiversx_sc_scenario3api7impl_vh12vm_hooks_api10VMHooksApiNtNtB1k_9debug_api15DebugApiBackendEENtB2_12EventsModule31__emit_update_market_state_eventCs8iyf5MSkCde_5tests
FNDA:889,_RNvYINtCsbsTB6V03K8e_14liquidity_pool11ContractObjINtNtNtNtCs1rODQd5oASQ_22multiversx_sc_scenario3api7impl_vh12vm_hooks_api10VMHooksApiNtNtBR_9debug_api15DebugApiBackendEENtCs3rOA4D9qoaG_13common_events12EventsModule25update_market_state_eventCs8iyf5MSkCde_5tests
FNDA:0,_RNvYINtCsbsTB6V03K8e_14liquidity_pool11ContractObjINtNtNtNtCs1rODQd5oASQ_22multiversx_sc_scenario3api7impl_vh12vm_hooks_api10VMHooksApiNtNtBR_9debug_api15DebugApiBackendEENtCs3rOA4D9qoaG_13common_events16EndpointWrappers17callback_selectorCs8iyf5MSkCde_5tests
FNDA:969,_RNvYINtCsbsTB6V03K8e_14liquidity_pool11ContractObjINtNtNtNtCs1rODQd5oASQ_22multiversx_sc_scenario3api7impl_vh12vm_hooks_api10VMHooksApiNtNtBR_9debug_api15DebugApiBackendEENtCs3rOA4D9qoaG_13common_events16EndpointWrappers4callCs8iyf5MSkCde_5tests
FNDA:0,_RNvYINtCsbsTB6V03K8e_14liquidity_pool11ContractObjINtNtNtNtCs1rODQd5oASQ_22multiversx_sc_scenario3api7impl_vh12vm_hooks_api10VMHooksApiNtNtBR_9debug_api15DebugApiBackendEENtCs3rOA4D9qoaG_13common_events16EndpointWrappers8callbackCs8iyf5MSkCde_5tests
FNF:2
FNH:2
DA:7,7284
DA:46,889
DA:47,889
DA:48,889
DA:49,889
DA:50,889
DA:51,889
DA:52,889
DA:53,889
DA:54,889
DA:55,889
DA:56,889
DA:57,889
BRF:0
BRH:0
LF:13
LH:13
end_of_record
SF:/Users/mihaieremia/GitHub/rs-lending/common/structs/src/model.rs
FN:146,_RINvXs10_Cs2eHPTk3TAlu_14common_structsINtB7_25EgldOrEsdtTokenPaymentNewINtNtNtNtCs1rODQd5oASQ_22multiversx_sc_scenario3api7impl_vh12vm_hooks_api10VMHooksApiNtNtB1d_9debug_api15DebugApiBackendEENtNtNtNtNtCslPMlHj3qn2H_13multiversx_sc5types7managed7wrapped16managed_vec_item14ManagedVecItem16from_byte_readerNCNvMs2_NtB3a_11managed_vecINtB53_10ManagedVecB18_BB_E7try_get0ECs8iyf5MSkCde_5tests
FN:146,_RINvXs10_Cs2eHPTk3TAlu_14common_structsINtB7_25EgldOrEsdtTokenPaymentNewINtNtNtNtCs1rODQd5oASQ_22multiversx_sc_scenario3api7impl_vh12vm_hooks_api10VMHooksApiNtNtB1d_9debug_api15DebugApiBackendEENtNtNtNtNtCslPMlHj3qn2H_13multiversx_sc5types7managed7wrapped16managed_vec_item14ManagedVecItem16from_byte_readerNCNvXs0_NtB3a_22managed_vec_owned_iterINtB53_23ManagedVecOwnedIteratorB18_BB_ENtNtNtNtCslGS7pEIChKc_4core4iter6traits8iterator8Iterator4next0ECs8iyf5MSkCde_5tests
FN:146,_RINvXs10_Cs2eHPTk3TAlu_14common_structsINtB7_25EgldOrEsdtTokenPaymentNewINtNtNtNtCs1rODQd5oASQ_22multiversx_sc_scenario3api7impl_vh12vm_hooks_api10VMHooksApiNtNtB1d_9debug_api15DebugApiBackendEENtNtNtNtNtCslPMlHj3qn2H_13multiversx_sc5types7managed7wrapped16managed_vec_item14ManagedVecItem16into_byte_writeruNCNvMs2_NtB3a_11managed_vecINtB54_10ManagedVecB18_BB_E4push0ECs8iyf5MSkCde_5tests
FN:146,_RINvXs10_Cs2eHPTk3TAlu_14common_structsINtB7_25EgldOrEsdtTokenPaymentNewINtNtNtNtCs1rODQd5oASQ_22multiversx_sc_scenario3api7impl_vh12vm_hooks_api10VMHooksApiNtNtB1d_9debug_api15DebugApiBackendEENtNtNtNtNtCslPMlHj3qn2H_13multiversx_sc5types7managed7wrapped16managed_vec_item14ManagedVecItem26from_byte_reader_as_borrowNCNvMs2_NtB3a_11managed_vecINtB5d_10ManagedVecB18_BB_E7try_get0ECs8iyf5MSkCde_5tests
FN:111,_RINvXs1B_Cs2eHPTk3TAlu_14common_structsINtB7_23AssetExtendedConfigViewINtNtNtNtCs1rODQd5oASQ_22multiversx_sc_scenario3api7impl_vh12vm_hooks_api10VMHooksApiNtNtB1b_9debug_api15DebugApiBackendEENtNtNtNtNtCslPMlHj3qn2H_13multiversx_sc5types7managed7wrapped16managed_vec_item14ManagedVecItem16from_byte_readerNCNvXs0_NtB38_22managed_vec_owned_iterINtB51_23ManagedVecOwnedIteratorB16_BB_ENtNtNtNtCslGS7pEIChKc_4core4iter6traits8iterator8Iterator4next0ECs8iyf5MSkCde_5tests
FN:111,_RINvXs1B_Cs2eHPTk3TAlu_14common_structsINtB7_23AssetExtendedConfigViewINtNtNtNtCs1rODQd5oASQ_22multiversx_sc_scenario3api7impl_vh12vm_hooks_api10VMHooksApiNtNtB1b_9debug_api15DebugApiBackendEENtNtNtNtNtCslPMlHj3qn2H_13multiversx_sc5types7managed7wrapped16managed_vec_item14ManagedVecItem16into_byte_writeruNCNvMs2_NtB38_11managed_vecINtB52_10ManagedVecB16_BB_E4push0ECs8iyf5MSkCde_5tests
FN:111,_RINvXs1E_Cs2eHPTk3TAlu_14common_structsINtB7_23AssetExtendedConfigViewINtNtNtNtCs1rODQd5oASQ_22multiversx_sc_scenario3api7impl_vh12vm_hooks_api10VMHooksApiNtNtB1b_9debug_api15DebugApiBackendEENtNtNtCs5SUGlJDgeoS_19multiversx_sc_codec6single9nested_en12NestedEncode24dep_encode_or_handle_errINtNtNtNtNtNtCslPMlHj3qn2H_13multiversx_sc5types7managed7wrapped7builder22managed_buffer_builder20ManagedBufferBuilderB16_EINtNtNtNtB4R_13contract_base8wrappers10serializer21ExitCodecErrorHandlerB16_EECs8iyf5MSkCde_5tests
FN:76,_RINvXs1J_Cs2eHPTk3TAlu_14common_structsINtB7_11AssetConfigINtNtNtNtCs1rODQd5oASQ_22multiversx_sc_scenario3api7impl_vh12vm_hooks_api10VMHooksApiNtNtBZ_9debug_api15DebugApiBackendEENtNtNtNtNtCslPMlHj3qn2H_13multiversx_sc5types7managed7wrapped16managed_vec_item14ManagedVecItem16from_byte_readerNCINvXs1B_B7_INtB7_23AssetExtendedConfigViewBU_EB2R_16from_byte_readerNCNvXs0_NtB2V_22managed_vec_owned_iterINtB5W_23ManagedVecOwnedIteratorBU_B4T_ENtNtNtNtCslGS7pEIChKc_4core4iter6traits8iterator8Iterator4next0E0ECs8iyf5MSkCde_5tests
FN:76,_RINvXs1J_Cs2eHPTk3TAlu_14common_structsINtB7_11AssetConfigINtNtNtNtCs1rODQd5oASQ_22multiversx_sc_scenario3api7impl_vh12vm_hooks_api10VMHooksApiNtNtBZ_9debug_api15DebugApiBackendEENtNtNtNtNtCslPMlHj3qn2H_13multiversx_sc5types7managed7wrapped16managed_vec_item14ManagedVecItem16into_byte_writeruNCINvXs1B_B7_INtB7_23AssetExtendedConfigViewBU_EB2R_16into_byte_writeruNCNvMs2_NtB2V_11managed_vecINtB5Y_10ManagedVecBU_B4U_E4push0E0ECs8iyf5MSkCde_5tests
FN:76,_RINvXs1K_Cs2eHPTk3TAlu_14common_structsINtB7_11AssetConfigINtNtNtNtCs1rODQd5oASQ_22multiversx_sc_scenario3api7impl_vh12vm_hooks_api10VMHooksApiNtNtBZ_10static_api16StaticApiBackendEENtNtNtCs5SUGlJDgeoS_19multiversx_sc_codec6single6top_en9TopEncode24top_encode_or_handle_errQINtNtNtNtNtCslPMlHj3qn2H_13multiversx_sc5types7managed5basic14managed_buffer13ManagedBufferBU_EINtNtNtNtB4z_13contract_base8wrappers10serializer21ExitCodecErrorHandlerBU_EECs8iyf5MSkCde_5tests
FN:76,_RINvXs1K_Cs2eHPTk3TAlu_14common_structsINtB7_11AssetConfigINtNtNtNtCs1rODQd5oASQ_22multiversx_sc_scenario3api7impl_vh12vm_hooks_api10VMHooksApiNtNtBZ_9debug_api15DebugApiBackendEENtNtNtCs5SUGlJDgeoS_19multiversx_sc_codec6single6top_en9TopEncode24top_encode_or_handle_errINtNtNtCslPMlHj3qn2H_13multiversx_sc2io6finish16ApiOutputAdapterBU_EINtNtNtNtB4r_13contract_base8wrappers10serializer21ExitCodecErrorHandlerBU_EECs8iyf5MSkCde_5tests
FN:76,_RINvXs1K_Cs2eHPTk3TAlu_14common_structsINtB7_11AssetConfigINtNtNtNtCs1rODQd5oASQ_22multiversx_sc_scenario3api7impl_vh12vm_hooks_api10VMHooksApiNtNtBZ_9debug_api15DebugApiBackendEENtNtNtCs5SUGlJDgeoS_19multiversx_sc_codec6single6top_en9TopEncode24top_encode_or_handle_errINtNtNtCslPMlHj3qn2H_13multiversx_sc7storage11storage_set16StorageSetOutputBU_EINtNtNtNtB4r_13contract_base8wrappers10serializer21ExitCodecErrorHandlerBU_EECs8iyf5MSkCde_5tests
FN:76,_RINvXs1K_Cs2eHPTk3TAlu_14common_structsINtB7_11AssetConfigINtNtNtNtCs1rODQd5oASQ_22multiversx_sc_scenario3api7impl_vh12vm_hooks_api10VMHooksApiNtNtBZ_9debug_api15DebugApiBackendEENtNtNtCs5SUGlJDgeoS_19multiversx_sc_codec6single6top_en9TopEncode24top_encode_or_handle_errQINtNtNtNtNtCslPMlHj3qn2H_13multiversx_sc5types7managed5basic14managed_buffer13ManagedBufferBU_EINtNtNtNtB4w_13contract_base8wrappers10serializer21ExitCodecErrorHandlerBU_EECs8iyf5MSkCde_5tests
FN:76,_RINvXs1L_Cs2eHPTk3TAlu_14common_structsINtB7_11AssetConfigINtNtNtNtCs1rODQd5oASQ_22multiversx_sc_scenario3api7impl_vh12vm_hooks_api10VMHooksApiNtNtBZ_9debug_api15DebugApiBackendEENtNtNtCs5SUGlJDgeoS_19multiversx_sc_codec6single6top_de9TopDecode24top_decode_or_handle_errINtNtNtCslPMlHj3qn2H_13multiversx_sc2io12arg_de_input14ArgDecodeInputBU_EINtNtB4p_17arg_error_handler15ArgErrorHandlerBU_EECs8iyf5MSkCde_5tests
FN:76,_RINvXs1L_Cs2eHPTk3TAlu_14common_structsINtB7_11AssetConfigINtNtNtNtCs1rODQd5oASQ_22multiversx_sc_scenario3api7impl_vh12vm_hooks_api10VMHooksApiNtNtBZ_9debug_api15DebugApiBackendEENtNtNtCs5SUGlJDgeoS_19multiversx_sc_codec6single6top_de9TopDecode24top_decode_or_handle_errINtNtNtCslPMlHj3qn2H_13multiversx_sc7storage11storage_get15StorageGetInputBU_EINtB4n_22StorageGetErrorHandlerBU_EECs8iyf5MSkCde_5tests
FN:76,_RINvXs1M_Cs2eHPTk3TAlu_14common_structsINtB7_11AssetConfigINtNtNtNtCs1rODQd5oASQ_22multiversx_sc_scenario3api7impl_vh12vm_hooks_api10VMHooksApiNtNtBZ_9debug_api15DebugApiBackendEENtNtNtCs5SUGlJDgeoS_19multiversx_sc_codec6single9nested_en12NestedEncode24dep_encode_or_handle_errINtNtNtNtNtNtCslPMlHj3qn2H_13multiversx_sc5types7managed7wrapped7builder22managed_buffer_builder20ManagedBufferBuilderBU_EINtNtNtNtB4E_13contract_base8wrappers10serializer21ExitCodecErrorHandlerBU_EECs8iyf5MSkCde_5tests
FN:29,_RINvXs1S_Cs2eHPTk3TAlu_14common_structsINtB7_15AccountPositionINtNtNtNtCs1rODQd5oASQ_22multiversx_sc_scenario3api7impl_vh12vm_hooks_api10VMHooksApiNtNtB13_9debug_api15DebugApiBackendEENtNtNtNtNtCslPMlHj3qn2H_13multiversx_sc5types7managed7wrapped16managed_vec_item14ManagedVecItem16from_byte_readerNCNvMs2_NtB30_11managed_vecINtB4T_10ManagedVecBY_BB_E7try_get0ECs8iyf5MSkCde_5tests
FN:29,_RINvXs1S_Cs2eHPTk3TAlu_14common_structsINtB7_15AccountPositionINtNtNtNtCs1rODQd5oASQ_22multiversx_sc_scenario3api7impl_vh12vm_hooks_api10VMHooksApiNtNtB13_9debug_api15DebugApiBackendEENtNtNtNtNtCslPMlHj3qn2H_13multiversx_sc5types7managed7wrapped16managed_vec_item14ManagedVecItem16from_byte_readerNCNvXs0_NtB30_22managed_vec_owned_iterINtB4T_23ManagedVecOwnedIteratorBY_BB_ENtNtNtNtCslGS7pEIChKc_4core4iter6traits8iterator8Iterator4next0ECs8iyf5MSkCde_5tests
FN:29,_RINvXs1S_Cs2eHPTk3TAlu_14common_structsINtB7_15AccountPositionINtNtNtNtCs1rODQd5oASQ_22multiversx_sc_scenario3api7impl_vh12vm_hooks_api10VMHooksApiNtNtB13_9debug_api15DebugApiBackendEENtNtNtNtNtCslPMlHj3qn2H_13multiversx_sc5types7managed7wrapped16managed_vec_item14ManagedVecItem16into_byte_writerINtNtCslGS7pEIChKc_4core6result6ResultuNtNtNtNtB36_3api13managed_types18managed_buffer_api17InvalidSliceErrorENCNvMs2_NtB30_11managed_vecINtB6F_10ManagedVecBY_BB_E3set0ECs8iyf5MSkCde_5tests
FN:29,_RINvXs1S_Cs2eHPTk3TAlu_14common_structsINtB7_15AccountPositionINtNtNtNtCs1rODQd5oASQ_22multiversx_sc_scenario3api7impl_vh12vm_hooks_api10VMHooksApiNtNtB13_9debug_api15DebugApiBackendEENtNtNtNtNtCslPMlHj3qn2H_13multiversx_sc5types7managed7wrapped16managed_vec_item14ManagedVecItem16into_byte_writeruNCNvMs2_NtB30_11managed_vecINtB4U_10ManagedVecBY_BB_E4push0ECs8iyf5MSkCde_5tests
FN:29,_RINvXs1S_Cs2eHPTk3TAlu_14common_structsINtB7_15AccountPositionINtNtNtNtCs1rODQd5oASQ_22multiversx_sc_scenario3api7impl_vh12vm_hooks_api10VMHooksApiNtNtB13_9debug_api15DebugApiBackendEENtNtNtNtNtCslPMlHj3qn2H_13multiversx_sc5types7managed7wrapped16managed_vec_item14ManagedVecItem26from_byte_reader_as_borrowNCNvMs2_NtB30_11managed_vecINtB53_10ManagedVecBY_BB_E7try_get0ECs8iyf5MSkCde_5tests
FN:29,_RINvXs1T_Cs2eHPTk3TAlu_14common_structsINtB7_15AccountPositionINtNtNtNtCs1rODQd5oASQ_22multiversx_sc_scenario3api7impl_vh12vm_hooks_api10VMHooksApiNtNtB13_9debug_api15DebugApiBackendEENtNtNtCs5SUGlJDgeoS_19multiversx_sc_codec6single9nested_en12NestedEncode24dep_encode_or_handle_errINtNtNtNtNtNtCslPMlHj3qn2H_13multiversx_sc5types7managed7wrapped7builder22managed_buffer_builder20ManagedBufferBuilderBY_EINtNtNtNtB4J_13contract_base8wrappers10serializer21ExitCodecErrorHandlerBY_EECs8iyf5MSkCde_5tests
FN:29,_RINvXs1V_Cs2eHPTk3TAlu_14common_structsINtB7_15AccountPositionINtNtNtNtCs1rODQd5oASQ_22multiversx_sc_scenario3api7impl_vh12vm_hooks_api10VMHooksApiNtNtB13_9debug_api15DebugApiBackendEENtNtNtCs5SUGlJDgeoS_19multiversx_sc_codec6single6top_en9TopEncode24top_encode_or_handle_errINtNtNtCslPMlHj3qn2H_13multiversx_sc2io6finish16ApiOutputAdapterBY_EINtNtNtNtB4w_13contract_base8wrappers10serializer21ExitCodecErrorHandlerBY_EECs8iyf5MSkCde_5tests
FN:29,_RINvXs1V_Cs2eHPTk3TAlu_14common_structsINtB7_15AccountPositionINtNtNtNtCs1rODQd5oASQ_22multiversx_sc_scenario3api7impl_vh12vm_hooks_api10VMHooksApiNtNtB13_9debug_api15DebugApiBackendEENtNtNtCs5SUGlJDgeoS_19multiversx_sc_codec6single6top_en9TopEncode24top_encode_or_handle_errINtNtNtCslPMlHj3qn2H_13multiversx_sc7storage11storage_set16StorageSetOutputBY_EINtNtNtNtB4w_13contract_base8wrappers10serializer21ExitCodecErrorHandlerBY_EECs8iyf5MSkCde_5tests
FN:29,_RINvXs1V_Cs2eHPTk3TAlu_14common_structsINtB7_15AccountPositionINtNtNtNtCs1rODQd5oASQ_22multiversx_sc_scenario3api7impl_vh12vm_hooks_api10VMHooksApiNtNtB13_9debug_api15DebugApiBackendEENtNtNtCs5SUGlJDgeoS_19multiversx_sc_codec6single6top_en9TopEncode24top_encode_or_handle_errQINtNtNtNtNtCslPMlHj3qn2H_13multiversx_sc5types7managed5basic14managed_buffer13ManagedBufferBY_EINtNtNtNtB4B_13contract_base8wrappers10serializer21ExitCodecErrorHandlerBY_EECs8iyf5MSkCde_5tests
FN:29,_RINvXs1W_Cs2eHPTk3TAlu_14common_structsINtB7_15AccountPositionINtNtNtNtCs1rODQd5oASQ_22multiversx_sc_scenario3api7impl_vh12vm_hooks_api10VMHooksApiNtNtB13_9debug_api15DebugApiBackendEENtNtNtCs5SUGlJDgeoS_19multiversx_sc_codec6single6top_de9TopDecode24top_decode_or_handle_errINtNtNtCslPMlHj3qn2H_13multiversx_sc2io12arg_de_input14ArgDecodeInputBY_EINtNtB4u_17arg_error_handler15ArgErrorHandlerBY_EECs8iyf5MSkCde_5tests
FN:29,_RINvXs1W_Cs2eHPTk3TAlu_14common_structsINtB7_15AccountPositionINtNtNtNtCs1rODQd5oASQ_22multiversx_sc_scenario3api7impl_vh12vm_hooks_api10VMHooksApiNtNtB13_9debug_api15DebugApiBackendEENtNtNtCs5SUGlJDgeoS_19multiversx_sc_codec6single6top_de9TopDecode24top_decode_or_handle_errINtNtNtCslPMlHj3qn2H_13multiversx_sc7storage11storage_get15StorageGetInputBY_EINtB4s_22StorageGetErrorHandlerBY_EECs8iyf5MSkCde_5tests
FN:29,_RINvXs1W_Cs2eHPTk3TAlu_14common_structsINtB7_15AccountPositionINtNtNtNtCs1rODQd5oASQ_22multiversx_sc_scenario3api7impl_vh12vm_hooks_api10VMHooksApiNtNtB13_9debug_api15DebugApiBackendEENtNtNtCs5SUGlJDgeoS_19multiversx_sc_codec6single6top_de9TopDecode24top_decode_or_handle_errINtNtNtNtNtCslPMlHj3qn2H_13multiversx_sc5types7managed5basic14managed_buffer13ManagedBufferBY_EINtNtNtB4A_2io17arg_error_handler15ArgErrorHandlerBY_EECs8iyf5MSkCde_5tests
FN:137,_RINvXs1f_Cs2eHPTk3TAlu_14common_structsNtB7_20NftAccountAttributesNtNtNtCs5SUGlJDgeoS_19multiversx_sc_codec6single6top_en9TopEncode24top_encode_or_handle_errINtNtNtCslPMlHj3qn2H_13multiversx_sc2io6finish16ApiOutputAdapterINtNtNtNtCs1rODQd5oASQ_22multiversx_sc_scenario3api7impl_vh12vm_hooks_api10VMHooksApiNtNtB3C_9debug_api15DebugApiBackendEEINtNtNtNtB2C_13contract_base8wrappers10serializer21ExitCodecErrorHandlerB3x_EECs8iyf5MSkCde_5tests
FN:137,_RINvXs1f_Cs2eHPTk3TAlu_14common_structsNtB7_20NftAccountAttributesNtNtNtCs5SUGlJDgeoS_19multiversx_sc_codec6single6top_en9TopEncode24top_encode_or_handle_errINtNtNtCslPMlHj3qn2H_13multiversx_sc7storage11storage_set16StorageSetOutputINtNtNtNtCs1rODQd5oASQ_22multiversx_sc_scenario3api7impl_vh12vm_hooks_api10VMHooksApiNtNtB3N_9debug_api15DebugApiBackendEEINtNtNtNtB2C_13contract_base8wrappers10serializer21ExitCodecErrorHandlerB3I_EECs8iyf5MSkCde_5tests
FN:137,_RINvXs1f_Cs2eHPTk3TAlu_14common_structsNtB7_20NftAccountAttributesNtNtNtCs5SUGlJDgeoS_19multiversx_sc_codec6single6top_en9TopEncode24top_encode_or_handle_errQINtNtCshTKFwE22Rw2_5alloc3vec3VechENtNtB18_17codec_err_handler19DefaultErrorHandlerECs8iyf5MSkCde_5tests
FN:137,_RINvXs1f_Cs2eHPTk3TAlu_14common_structsNtB7_20NftAccountAttributesNtNtNtCs5SUGlJDgeoS_19multiversx_sc_codec6single6top_en9TopEncode24top_encode_or_handle_errQINtNtNtNtNtCslPMlHj3qn2H_13multiversx_sc5types7managed5basic14managed_buffer13ManagedBufferINtNtNtNtCs1rODQd5oASQ_22multiversx_sc_scenario3api7impl_vh12vm_hooks_api10VMHooksApiNtNtB44_9debug_api15DebugApiBackendEEINtNtNtNtB2H_13contract_base8wrappers10serializer21ExitCodecErrorHandlerB3Z_EECs8iyf5MSkCde_5tests
FN:137,_RINvXs1g_Cs2eHPTk3TAlu_14common_structsNtB7_20NftAccountAttributesNtNtNtCs5SUGlJDgeoS_19multiversx_sc_codec6single6top_de9TopDecode24top_decode_or_handle_errINtNtNtCslPMlHj3qn2H_13multiversx_sc7storage11storage_get15StorageGetInputINtNtNtNtCs1rODQd5oASQ_22multiversx_sc_scenario3api7impl_vh12vm_hooks_api10VMHooksApiNtNtB3M_9debug_api15DebugApiBackendEEINtB2y_22StorageGetErrorHandlerB3H_EECs8iyf5MSkCde_5tests
FN:137,_RINvXs1g_Cs2eHPTk3TAlu_14common_structsNtB7_20NftAccountAttributesNtNtNtCs5SUGlJDgeoS_19multiversx_sc_codec6single6top_de9TopDecode24top_decode_or_handle_errINtNtNtNtNtCslPMlHj3qn2H_13multiversx_sc5types7managed5basic14managed_buffer13ManagedBufferINtNtNtNtCs1rODQd5oASQ_22multiversx_sc_scenario3api7impl_vh12vm_hooks_api10VMHooksApiNtNtB43_9debug_api15DebugApiBackendEEINtNtNtNtB2G_13contract_base8wrappers10serializer21ExitCodecErrorHandlerB3Y_EECs8iyf5MSkCde_5tests
FN:130,_RINvXs1m_Cs2eHPTk3TAlu_14common_structsNtB7_16EModeAssetConfigNtNtNtCs5SUGlJDgeoS_19multiversx_sc_codec6single6top_en9TopEncode24top_encode_or_handle_errINtNtNtCslPMlHj3qn2H_13multiversx_sc2io6finish16ApiOutputAdapterINtNtNtNtCs1rODQd5oASQ_22multiversx_sc_scenario3api7impl_vh12vm_hooks_api10VMHooksApiNtNtB3y_9debug_api15DebugApiBackendEEINtNtNtNtB2y_13contract_base8wrappers10serializer21ExitCodecErrorHandlerB3t_EECs8iyf5MSkCde_5tests
FN:130,_RINvXs1m_Cs2eHPTk3TAlu_14common_structsNtB7_16EModeAssetConfigNtNtNtCs5SUGlJDgeoS_19multiversx_sc_codec6single6top_en9TopEncode24top_encode_or_handle_errINtNtNtCslPMlHj3qn2H_13multiversx_sc7storage11storage_set16StorageSetOutputINtNtNtNtCs1rODQd5oASQ_22multiversx_sc_scenario3api7impl_vh12vm_hooks_api10VMHooksApiNtNtB3J_9debug_api15DebugApiBackendEEINtNtNtNtB2y_13contract_base8wrappers10serializer21ExitCodecErrorHandlerB3E_EECs8iyf5MSkCde_5tests
FN:130,_RINvXs1m_Cs2eHPTk3TAlu_14common_structsNtB7_16EModeAssetConfigNtNtNtCs5SUGlJDgeoS_19multiversx_sc_codec6single6top_en9TopEncode24top_encode_or_handle_errQINtNtNtNtNtCslPMlHj3qn2H_13multiversx_sc5types7managed5basic14managed_buffer13ManagedBufferINtNtNtNtCs1rODQd5oASQ_22multiversx_sc_scenario3api7impl_vh12vm_hooks_api10VMHooksApiNtNtB40_9debug_api15DebugApiBackendEEINtNtNtNtB2D_13contract_base8wrappers10serializer21ExitCodecErrorHandlerB3V_EECs8iyf5MSkCde_5tests
FN:130,_RINvXs1n_Cs2eHPTk3TAlu_14common_structsNtB7_16EModeAssetConfigNtNtNtCs5SUGlJDgeoS_19multiversx_sc_codec6single6top_de9TopDecode24top_decode_or_handle_errINtNtNtCslPMlHj3qn2H_13multiversx_sc2io12arg_de_input14ArgDecodeInputINtNtNtNtCs1rODQd5oASQ_22multiversx_sc_scenario3api7impl_vh12vm_hooks_api10VMHooksApiNtNtB3D_9debug_api15DebugApiBackendEEINtNtB2w_17arg_error_handler15ArgErrorHandlerB3y_EECs8iyf5MSkCde_5tests
FN:130,_RINvXs1n_Cs2eHPTk3TAlu_14common_structsNtB7_16EModeAssetConfigNtNtNtCs5SUGlJDgeoS_19multiversx_sc_codec6single6top_de9TopDecode24top_decode_or_handle_errINtNtNtCslPMlHj3qn2H_13multiversx_sc7storage11storage_get15StorageGetInputINtNtNtNtCs1rODQd5oASQ_22multiversx_sc_scenario3api7impl_vh12vm_hooks_api10VMHooksApiNtNtB3I_9debug_api15DebugApiBackendEEINtB2u_22StorageGetErrorHandlerB3D_EECs8iyf5MSkCde_5tests
FN:120,_RINvXs1u_Cs2eHPTk3TAlu_14common_structsINtB7_13EModeCategoryINtNtNtNtCs1rODQd5oASQ_22multiversx_sc_scenario3api7impl_vh12vm_hooks_api10VMHooksApiNtNtB11_9debug_api15DebugApiBackendEENtNtNtCs5SUGlJDgeoS_19multiversx_sc_codec6single6top_en9TopEncode24top_encode_or_handle_errINtNtNtCslPMlHj3qn2H_13multiversx_sc2io6finish16ApiOutputAdapterBW_EINtNtNtNtB4u_13contract_base8wrappers10serializer21ExitCodecErrorHandlerBW_EECs8iyf5MSkCde_5tests
FN:120,_RINvXs1u_Cs2eHPTk3TAlu_14common_structsINtB7_13EModeCategoryINtNtNtNtCs1rODQd5oASQ_22multiversx_sc_scenario3api7impl_vh12vm_hooks_api10VMHooksApiNtNtB11_9debug_api15DebugApiBackendEENtNtNtCs5SUGlJDgeoS_19multiversx_sc_codec6single6top_en9TopEncode24top_encode_or_handle_errINtNtNtCslPMlHj3qn2H_13multiversx_sc7storage11storage_set16StorageSetOutputBW_EINtNtNtNtB4u_13contract_base8wrappers10serializer21ExitCodecErrorHandlerBW_EECs8iyf5MSkCde_5tests
FN:120,_RINvXs1u_Cs2eHPTk3TAlu_14common_structsINtB7_13EModeCategoryINtNtNtNtCs1rODQd5oASQ_22multiversx_sc_scenario3api7impl_vh12vm_hooks_api10VMHooksApiNtNtB11_9debug_api15DebugApiBackendEENtNtNtCs5SUGlJDgeoS_19multiversx_sc_codec6single6top_en9TopEncode24top_encode_or_handle_errQINtNtNtNtNtCslPMlHj3qn2H_13multiversx_sc5types7managed5basic14managed_buffer13ManagedBufferBW_EINtNtNtNtB4z_13contract_base8wrappers10serializer21ExitCodecErrorHandlerBW_EECs8iyf5MSkCde_5tests
FN:120,_RINvXs1v_Cs2eHPTk3TAlu_14common_structsINtB7_13EModeCategoryINtNtNtNtCs1rODQd5oASQ_22multiversx_sc_scenario3api7impl_vh12vm_hooks_api10VMHooksApiNtNtB11_9debug_api15DebugApiBackendEENtNtNtCs5SUGlJDgeoS_19multiversx_sc_codec6single6top_de9TopDecode24top_decode_or_handle_errINtNtNtCslPMlHj3qn2H_13multiversx_sc2io12arg_de_input14ArgDecodeInputBW_EINtNtB4s_17arg_error_handler15ArgErrorHandlerBW_EECs8iyf5MSkCde_5tests
FN:120,_RINvXs1v_Cs2eHPTk3TAlu_14common_structsINtB7_13EModeCategoryINtNtNtNtCs1rODQd5oASQ_22multiversx_sc_scenario3api7impl_vh12vm_hooks_api10VMHooksApiNtNtB11_9debug_api15DebugApiBackendEENtNtNtCs5SUGlJDgeoS_19multiversx_sc_codec6single6top_de9TopDecode24top_decode_or_handle_errINtNtNtCslPMlHj3qn2H_13multiversx_sc7storage11storage_get15StorageGetInputBW_EINtB4q_22StorageGetErrorHandlerBW_EECs8iyf5MSkCde_5tests
FN:120,_RINvXs1w_Cs2eHPTk3TAlu_14common_structsINtB7_13EModeCategoryINtNtNtNtCs1rODQd5oASQ_22multiversx_sc_scenario3api7impl_vh12vm_hooks_api10VMHooksApiNtNtB11_10static_api16StaticApiBackendEENtNtNtCs5SUGlJDgeoS_19multiversx_sc_codec6single9nested_en12NestedEncode24dep_encode_or_handle_errINtNtNtNtNtCslPMlHj3qn2H_13multiversx_sc5types7managed5basic14managed_buffer13ManagedBufferBW_EINtNtNtNtB4I_13contract_base8wrappers10serializer21ExitCodecErrorHandlerBW_EECs8iyf5MSkCde_5tests
FN:120,_RINvXs1x_Cs2eHPTk3TAlu_14common_structsINtB7_13EModeCategoryINtNtNtNtCs1rODQd5oASQ_22multiversx_sc_scenario3api7impl_vh12vm_hooks_api10VMHooksApiNtNtB11_9debug_api15DebugApiBackendEENtNtNtCs5SUGlJDgeoS_19multiversx_sc_codec6single9nested_de12NestedDecode24dep_decode_or_handle_errINtNtNtNtNtCslPMlHj3qn2H_13multiversx_sc5types7managed10codec_util30managed_buffer_nested_de_input30ManagedBufferNestedDecodeInputBW_EINtNtNtB4F_2io17arg_error_handler15ArgErrorHandlerBW_EECs8iyf5MSkCde_5tests
FN:20,_RINvXs21_Cs2eHPTk3TAlu_14common_structsNtB7_19AccountPositionTypeNtNtNtNtNtCslPMlHj3qn2H_13multiversx_sc5types7managed7wrapped16managed_vec_item14ManagedVecItem16from_byte_readerNCINvXs1S_B7_INtB7_15AccountPositionINtNtNtNtCs1rODQd5oASQ_22multiversx_sc_scenario3api7impl_vh12vm_hooks_api10VMHooksApiNtNtB3v_9debug_api15DebugApiBackendEEB11_16from_byte_readerNCNvMs2_NtB15_11managed_vecINtB5S_10ManagedVecB3q_B33_E7try_get0E0ECs8iyf5MSkCde_5tests
FN:20,_RINvXs21_Cs2eHPTk3TAlu_14common_structsNtB7_19AccountPositionTypeNtNtNtNtNtCslPMlHj3qn2H_13multiversx_sc5types7managed7wrapped16managed_vec_item14ManagedVecItem16from_byte_readerNCINvXs1S_B7_INtB7_15AccountPositionINtNtNtNtCs1rODQd5oASQ_22multiversx_sc_scenario3api7impl_vh12vm_hooks_api10VMHooksApiNtNtB3v_9debug_api15DebugApiBackendEEB11_16from_byte_readerNCNvXs0_NtB15_22managed_vec_owned_iterINtB5S_23ManagedVecOwnedIteratorB3q_B33_ENtNtNtNtCslGS7pEIChKc_4core4iter6traits8iterator8Iterator4next0E0ECs8iyf5MSkCde_5tests
FN:20,_RINvXs21_Cs2eHPTk3TAlu_14common_structsNtB7_19AccountPositionTypeNtNtNtNtNtCslPMlHj3qn2H_13multiversx_sc5types7managed7wrapped16managed_vec_item14ManagedVecItem16into_byte_writeruNCINvXs1S_B7_INtB7_15AccountPositionINtNtNtNtCs1rODQd5oASQ_22multiversx_sc_scenario3api7impl_vh12vm_hooks_api10VMHooksApiNtNtB3w_9debug_api15DebugApiBackendEEB11_16into_byte_writerINtNtCslGS7pEIChKc_4core6result6ResultuNtNtNtNtB1b_3api13managed_types18managed_buffer_api17InvalidSliceErrorENCNvMs2_NtB15_11managed_vecINtB7F_10ManagedVecB3r_B34_E3set0E0ECs8iyf5MSkCde_5tests
FN:20,_RINvXs21_Cs2eHPTk3TAlu_14common_structsNtB7_19AccountPositionTypeNtNtNtNtNtCslPMlHj3qn2H_13multiversx_sc5types7managed7wrapped16managed_vec_item14ManagedVecItem16into_byte_writeruNCINvXs1S_B7_INtB7_15AccountPositionINtNtNtNtCs1rODQd5oASQ_22multiversx_sc_scenario3api7impl_vh12vm_hooks_api10VMHooksApiNtNtB3w_9debug_api15DebugApiBackendEEB11_16into_byte_writeruNCNvMs2_NtB15_11managed_vecINtB5U_10ManagedVecB3r_B34_E4push0E0ECs8iyf5MSkCde_5tests
FN:20,_RINvXs22_Cs2eHPTk3TAlu_14common_structsNtB7_19AccountPositionTypeNtNtNtCs5SUGlJDgeoS_19multiversx_sc_codec6single9nested_en12NestedEncode24dep_encode_or_handle_errINtNtNtNtNtCslPMlHj3qn2H_13multiversx_sc5types7managed5basic14managed_buffer13ManagedBufferINtNtNtNtCs1rODQd5oASQ_22multiversx_sc_scenario3api7impl_vh12vm_hooks_api10VMHooksApiNtNtB49_9debug_api15DebugApiBackendEEINtNtNtNtB2M_13contract_base8wrappers10serializer21ExitCodecErrorHandlerB44_EECs8iyf5MSkCde_5tests
FN:20,_RINvXs22_Cs2eHPTk3TAlu_14common_structsNtB7_19AccountPositionTypeNtNtNtCs5SUGlJDgeoS_19multiversx_sc_codec6single9nested_en12NestedEncode24dep_encode_or_handle_errINtNtNtNtNtNtCslPMlHj3qn2H_13multiversx_sc5types7managed7wrapped7builder22managed_buffer_builder20ManagedBufferBuilderINtNtNtNtCs1rODQd5oASQ_22multiversx_sc_scenario3api7impl_vh12vm_hooks_api10VMHooksApiNtNtB4A_9debug_api15DebugApiBackendEEINtNtNtNtB2O_13contract_base8wrappers10serializer21ExitCodecErrorHandlerB4v_EECs8iyf5MSkCde_5tests
FN:20,_RINvXs23_Cs2eHPTk3TAlu_14common_structsNtB7_19AccountPositionTypeNtNtNtCs5SUGlJDgeoS_19multiversx_sc_codec6single9nested_de12NestedDecode24dep_decode_or_handle_errINtNtNtNtNtCslPMlHj3qn2H_13multiversx_sc5types7managed10codec_util30managed_buffer_nested_de_input30ManagedBufferNestedDecodeInputINtNtNtNtCs1rODQd5oASQ_22multiversx_sc_scenario3api7impl_vh12vm_hooks_api10VMHooksApiNtNtB4M_9debug_api15DebugApiBackendEEINtNtNtB2M_2io17arg_error_handler15ArgErrorHandlerB4H_EECs8iyf5MSkCde_5tests
FN:20,_RINvXs23_Cs2eHPTk3TAlu_14common_structsNtB7_19AccountPositionTypeNtNtNtCs5SUGlJDgeoS_19multiversx_sc_codec6single9nested_de12NestedDecode24dep_decode_or_handle_errINtNtNtNtNtCslPMlHj3qn2H_13multiversx_sc5types7managed10codec_util30managed_buffer_nested_de_input30ManagedBufferNestedDecodeInputINtNtNtNtCs1rODQd5oASQ_22multiversx_sc_scenario3api7impl_vh12vm_hooks_api10VMHooksApiNtNtB4M_9debug_api15DebugApiBackendEEINtNtNtB2M_7storage11storage_get22StorageGetErrorHandlerB4H_EECs8iyf5MSkCde_5tests
FN:7,_RINvXs2d_Cs2eHPTk3TAlu_14common_structsINtB7_10PoolParamsINtNtNtNtCs1rODQd5oASQ_22multiversx_sc_scenario3api7impl_vh12vm_hooks_api10VMHooksApiNtNtBY_9debug_api15DebugApiBackendEENtNtNtCs5SUGlJDgeoS_19multiversx_sc_codec6single6top_en9TopEncode24top_encode_or_handle_errINtNtNtCslPMlHj3qn2H_13multiversx_sc2io6finish16ApiOutputAdapterBT_EINtNtNtNtB4q_13contract_base8wrappers10serializer21ExitCodecErrorHandlerBT_EECs8iyf5MSkCde_5tests
FN:7,_RINvXs2d_Cs2eHPTk3TAlu_14common_structsINtB7_10PoolParamsINtNtNtNtCs1rODQd5oASQ_22multiversx_sc_scenario3api7impl_vh12vm_hooks_api10VMHooksApiNtNtBY_9debug_api15DebugApiBackendEENtNtNtCs5SUGlJDgeoS_19multiversx_sc_codec6single6top_en9TopEncode24top_encode_or_handle_errINtNtNtCslPMlHj3qn2H_13multiversx_sc7storage11storage_set16StorageSetOutputBT_EINtNtNtNtB4q_13contract_base8wrappers10serializer21ExitCodecErrorHandlerBT_EECs8iyf5MSkCde_5tests
FN:7,_RINvXs2e_Cs2eHPTk3TAlu_14common_structsINtB7_10PoolParamsINtNtNtNtCs1rODQd5oASQ_22multiversx_sc_scenario3api7impl_vh12vm_hooks_api10VMHooksApiNtNtBY_9debug_api15DebugApiBackendEENtNtNtCs5SUGlJDgeoS_19multiversx_sc_codec6single6top_de9TopDecode24top_decode_or_handle_errINtNtNtCslPMlHj3qn2H_13multiversx_sc7storage11storage_get15StorageGetInputBT_EINtB4m_22StorageGetErrorHandlerBT_EECs8iyf5MSkCde_5tests
FN:213,_RINvXs5_Cs2eHPTk3TAlu_14common_structsINtB6_22OraclePriceFluctuationINtNtNtNtCs1rODQd5oASQ_22multiversx_sc_scenario3api7impl_vh12vm_hooks_api10VMHooksApiNtNtB19_9debug_api15DebugApiBackendEENtNtNtCs5SUGlJDgeoS_19multiversx_sc_codec6single9nested_en12NestedEncode24dep_encode_or_handle_errINtNtNtNtNtNtCslPMlHj3qn2H_13multiversx_sc5types7managed7wrapped7builder22managed_buffer_builder20ManagedBufferBuilderB14_EINtNtNtNtB4P_13contract_base8wrappers10serializer21ExitCodecErrorHandlerB14_EECs8iyf5MSkCde_5tests
FN:213,_RINvXs6_Cs2eHPTk3TAlu_14common_structsINtB6_22OraclePriceFluctuationINtNtNtNtCs1rODQd5oASQ_22multiversx_sc_scenario3api7impl_vh12vm_hooks_api10VMHooksApiNtNtB19_9debug_api15DebugApiBackendEENtNtNtCs5SUGlJDgeoS_19multiversx_sc_codec6single9nested_de12NestedDecode24dep_decode_or_handle_errINtNtNtNtNtCslPMlHj3qn2H_13multiversx_sc5types7managed10codec_util30managed_buffer_nested_de_input30ManagedBufferNestedDecodeInputB14_EINtNtNtB4N_7storage11storage_get22StorageGetErrorHandlerB14_EECs8iyf5MSkCde_5tests
FN:168,_RINvXsD_Cs2eHPTk3TAlu_14common_structsNtB6_10OracleTypeNtNtNtCs5SUGlJDgeoS_19multiversx_sc_codec6single9nested_en12NestedEncode24dep_encode_or_handle_errINtNtNtNtNtNtCslPMlHj3qn2H_13multiversx_sc5types7managed7wrapped7builder22managed_buffer_builder20ManagedBufferBuilderINtNtNtNtCs1rODQd5oASQ_22multiversx_sc_scenario3api7impl_vh12vm_hooks_api10VMHooksApiNtNtB4q_9debug_api15DebugApiBackendEEINtNtNtNtB2E_13contract_base8wrappers10serializer21ExitCodecErrorHandlerB4l_EECs8iyf5MSkCde_5tests
FN:168,_RINvXsE_Cs2eHPTk3TAlu_14common_structsNtB6_10OracleTypeNtNtNtCs5SUGlJDgeoS_19multiversx_sc_codec6single9nested_de12NestedDecode24dep_decode_or_handle_errINtNtNtNtNtCslPMlHj3qn2H_13multiversx_sc5types7managed10codec_util30managed_buffer_nested_de_input30ManagedBufferNestedDecodeInputINtNtNtNtCs1rODQd5oASQ_22multiversx_sc_scenario3api7impl_vh12vm_hooks_api10VMHooksApiNtNtB4C_9debug_api15DebugApiBackendEEINtNtNtB2C_7storage11storage_get22StorageGetErrorHandlerB4x_EECs8iyf5MSkCde_5tests
FN:168,_RINvXsF_Cs2eHPTk3TAlu_14common_structsNtB6_10OracleTypeNtNtNtCs5SUGlJDgeoS_19multiversx_sc_codec6single6top_en9TopEncode24top_encode_or_handle_errQINtNtNtNtNtCslPMlHj3qn2H_13multiversx_sc5types7managed5basic14managed_buffer13ManagedBufferINtNtNtNtCs1rODQd5oASQ_22multiversx_sc_scenario3api7impl_vh12vm_hooks_api10VMHooksApiNtNtB3T_10static_api16StaticApiBackendEEINtNtNtNtB2w_13contract_base8wrappers10serializer21ExitCodecErrorHandlerB3O_EECs8iyf5MSkCde_5tests
FN:168,_RINvXsG_Cs2eHPTk3TAlu_14common_structsNtB6_10OracleTypeNtNtNtCs5SUGlJDgeoS_19multiversx_sc_codec6single6top_de9TopDecode24top_decode_or_handle_errINtNtNtCslPMlHj3qn2H_13multiversx_sc2io12arg_de_input14ArgDecodeInputINtNtNtNtCs1rODQd5oASQ_22multiversx_sc_scenario3api7impl_vh12vm_hooks_api10VMHooksApiNtNtB3w_9debug_api15DebugApiBackendEEINtNtB2p_17arg_error_handler15ArgErrorHandlerB3r_EECs8iyf5MSkCde_5tests
FN:156,_RINvXsP_Cs2eHPTk3TAlu_14common_structsNtB6_13PricingMethodNtNtNtCs5SUGlJDgeoS_19multiversx_sc_codec6single9nested_en12NestedEncode24dep_encode_or_handle_errINtNtNtNtNtNtCslPMlHj3qn2H_13multiversx_sc5types7managed7wrapped7builder22managed_buffer_builder20ManagedBufferBuilderINtNtNtNtCs1rODQd5oASQ_22multiversx_sc_scenario3api7impl_vh12vm_hooks_api10VMHooksApiNtNtB4t_9debug_api15DebugApiBackendEEINtNtNtNtB2H_13contract_base8wrappers10serializer21ExitCodecErrorHandlerB4o_EECs8iyf5MSkCde_5tests
FN:156,_RINvXsQ_Cs2eHPTk3TAlu_14common_structsNtB6_13PricingMethodNtNtNtCs5SUGlJDgeoS_19multiversx_sc_codec6single9nested_de12NestedDecode24dep_decode_or_handle_errINtNtNtNtNtCslPMlHj3qn2H_13multiversx_sc5types7managed10codec_util30managed_buffer_nested_de_input30ManagedBufferNestedDecodeInputINtNtNtNtCs1rODQd5oASQ_22multiversx_sc_scenario3api7impl_vh12vm_hooks_api10VMHooksApiNtNtB4F_9debug_api15DebugApiBackendEEINtNtNtB2F_7storage11storage_get22StorageGetErrorHandlerB4A_EECs8iyf5MSkCde_5tests
FN:156,_RINvXsR_Cs2eHPTk3TAlu_14common_structsNtB6_13PricingMethodNtNtNtCs5SUGlJDgeoS_19multiversx_sc_codec6single6top_en9TopEncode24top_encode_or_handle_errQINtNtNtNtNtCslPMlHj3qn2H_13multiversx_sc5types7managed5basic14managed_buffer13ManagedBufferINtNtNtNtCs1rODQd5oASQ_22multiversx_sc_scenario3api7impl_vh12vm_hooks_api10VMHooksApiNtNtB3W_10static_api16StaticApiBackendEEINtNtNtNtB2z_13contract_base8wrappers10serializer21ExitCodecErrorHandlerB3R_EECs8iyf5MSkCde_5tests
FN:156,_RINvXsS_Cs2eHPTk3TAlu_14common_structsNtB6_13PricingMethodNtNtNtCs5SUGlJDgeoS_19multiversx_sc_codec6single6top_de9TopDecode24top_decode_or_handle_errINtNtNtCslPMlHj3qn2H_13multiversx_sc2io12arg_de_input14ArgDecodeInputINtNtNtNtCs1rODQd5oASQ_22multiversx_sc_scenario3api7impl_vh12vm_hooks_api10VMHooksApiNtNtB3z_9debug_api15DebugApiBackendEEINtNtB2s_17arg_error_handler15ArgErrorHandlerB3u_EECs8iyf5MSkCde_5tests
FN:203,_RINvXsc_Cs2eHPTk3TAlu_14common_structsINtB6_14PriceFeedShortINtNtNtNtCs1rODQd5oASQ_22multiversx_sc_scenario3api7impl_vh12vm_hooks_api10VMHooksApiNtNtB11_9debug_api15DebugApiBackendEENtNtNtCs5SUGlJDgeoS_19multiversx_sc_codec6single6top_en9TopEncode24top_encode_or_handle_errINtNtNtCslPMlHj3qn2H_13multiversx_sc2io6finish16ApiOutputAdapterBW_EINtNtNtNtB4u_13contract_base8wrappers10serializer21ExitCodecErrorHandlerBW_EECs8iyf5MSkCde_5tests
FN:190,_RINvXsj_Cs2eHPTk3TAlu_14common_structsINtB6_14OracleProviderINtNtNtNtCs1rODQd5oASQ_22multiversx_sc_scenario3api7impl_vh12vm_hooks_api10VMHooksApiNtNtB11_9debug_api15DebugApiBackendEENtNtNtCs5SUGlJDgeoS_19multiversx_sc_codec6single6top_en9TopEncode24top_encode_or_handle_errINtNtNtCslPMlHj3qn2H_13multiversx_sc2io6finish16ApiOutputAdapterBW_EINtNtNtNtB4u_13contract_base8wrappers10serializer21ExitCodecErrorHandlerBW_EECs8iyf5MSkCde_5tests
FN:190,_RINvXsj_Cs2eHPTk3TAlu_14common_structsINtB6_14OracleProviderINtNtNtNtCs1rODQd5oASQ_22multiversx_sc_scenario3api7impl_vh12vm_hooks_api10VMHooksApiNtNtB11_9debug_api15DebugApiBackendEENtNtNtCs5SUGlJDgeoS_19multiversx_sc_codec6single6top_en9TopEncode24top_encode_or_handle_errINtNtNtCslPMlHj3qn2H_13multiversx_sc7storage11storage_set16StorageSetOutputBW_EINtNtNtNtB4u_13contract_base8wrappers10serializer21ExitCodecErrorHandlerBW_EECs8iyf5MSkCde_5tests
FN:190,_RINvXsk_Cs2eHPTk3TAlu_14common_structsINtB6_14OracleProviderINtNtNtNtCs1rODQd5oASQ_22multiversx_sc_scenario3api7impl_vh12vm_hooks_api10VMHooksApiNtNtB11_9debug_api15DebugApiBackendEENtNtNtCs5SUGlJDgeoS_19multiversx_sc_codec6single6top_de9TopDecode24top_decode_or_handle_errINtNtNtCslPMlHj3qn2H_13multiversx_sc7storage11storage_get15StorageGetInputBW_EINtB4q_22StorageGetErrorHandlerBW_EECs8iyf5MSkCde_5tests
FN:179,_RINvXsr_Cs2eHPTk3TAlu_14common_structsNtB6_14ExchangeSourceNtNtNtCs5SUGlJDgeoS_19multiversx_sc_codec6single9nested_en12NestedEncode24dep_encode_or_handle_errINtNtNtNtNtNtCslPMlHj3qn2H_13multiversx_sc5types7managed7wrapped7builder22managed_buffer_builder20ManagedBufferBuilderINtNtNtNtCs1rODQd5oASQ_22multiversx_sc_scenario3api7impl_vh12vm_hooks_api10VMHooksApiNtNtB4u_9debug_api15DebugApiBackendEEINtNtNtNtB2I_13contract_base8wrappers10serializer21ExitCodecErrorHandlerB4p_EECs8iyf5MSkCde_5tests
FN:179,_RINvXss_Cs2eHPTk3TAlu_14common_structsNtB6_14ExchangeSourceNtNtNtCs5SUGlJDgeoS_19multiversx_sc_codec6single9nested_de12NestedDecode24dep_decode_or_handle_errINtNtNtNtNtCslPMlHj3qn2H_13multiversx_sc5types7managed10codec_util30managed_buffer_nested_de_input30ManagedBufferNestedDecodeInputINtNtNtNtCs1rODQd5oASQ_22multiversx_sc_scenario3api7impl_vh12vm_hooks_api10VMHooksApiNtNtB4G_9debug_api15DebugApiBackendEEINtNtNtB2G_7storage11storage_get22StorageGetErrorHandlerB4B_EECs8iyf5MSkCde_5tests
FN:179,_RINvXst_Cs2eHPTk3TAlu_14common_structsNtB6_14ExchangeSourceNtNtNtCs5SUGlJDgeoS_19multiversx_sc_codec6single6top_en9TopEncode24top_encode_or_handle_errQINtNtNtNtNtCslPMlHj3qn2H_13multiversx_sc5types7managed5basic14managed_buffer13ManagedBufferINtNtNtNtCs1rODQd5oASQ_22multiversx_sc_scenario3api7impl_vh12vm_hooks_api10VMHooksApiNtNtB3X_10static_api16StaticApiBackendEEINtNtNtNtB2A_13contract_base8wrappers10serializer21ExitCodecErrorHandlerB3S_EECs8iyf5MSkCde_5tests
FN:179,_RINvXsu_Cs2eHPTk3TAlu_14common_structsNtB6_14ExchangeSourceNtNtNtCs5SUGlJDgeoS_19multiversx_sc_codec6single6top_de9TopDecode24top_decode_or_handle_errINtNtNtCslPMlHj3qn2H_13multiversx_sc2io12arg_de_input14ArgDecodeInputINtNtNtNtCs1rODQd5oASQ_22multiversx_sc_scenario3api7impl_vh12vm_hooks_api10VMHooksApiNtNtB3A_9debug_api15DebugApiBackendEEINtNtB2t_17arg_error_handler15ArgErrorHandlerB3v_EECs8iyf5MSkCde_5tests
FN:146,_RNCINvXs10_Cs2eHPTk3TAlu_14common_structsINtB9_25EgldOrEsdtTokenPaymentNewINtNtNtNtCs1rODQd5oASQ_22multiversx_sc_scenario3api7impl_vh12vm_hooks_api10VMHooksApiNtNtB1f_9debug_api15DebugApiBackendEENtNtNtNtNtCslPMlHj3qn2H_13multiversx_sc5types7managed7wrapped16managed_vec_item14ManagedVecItem16from_byte_readerNCNvMs2_NtB3c_11managed_vecINtB55_10ManagedVecB1a_BD_E7try_get0E0Cs8iyf5MSkCde_5tests
FN:146,_RNCINvXs10_Cs2eHPTk3TAlu_14common_structsINtB9_25EgldOrEsdtTokenPaymentNewINtNtNtNtCs1rODQd5oASQ_22multiversx_sc_scenario3api7impl_vh12vm_hooks_api10VMHooksApiNtNtB1f_9debug_api15DebugApiBackendEENtNtNtNtNtCslPMlHj3qn2H_13multiversx_sc5types7managed7wrapped16managed_vec_item14ManagedVecItem16from_byte_readerNCNvMs2_NtB3c_11managed_vecINtB55_10ManagedVecB1a_BD_E7try_get0Es0_0Cs8iyf5MSkCde_5tests
FN:146,_RNCINvXs10_Cs2eHPTk3TAlu_14common_structsINtB9_25EgldOrEsdtTokenPaymentNewINtNtNtNtCs1rODQd5oASQ_22multiversx_sc_scenario3api7impl_vh12vm_hooks_api10VMHooksApiNtNtB1f_9debug_api15DebugApiBackendEENtNtNtNtNtCslPMlHj3qn2H_13multiversx_sc5types7managed7wrapped16managed_vec_item14ManagedVecItem16from_byte_readerNCNvMs2_NtB3c_11managed_vecINtB55_10ManagedVecB1a_BD_E7try_get0Es_0Cs8iyf5MSkCde_5tests
FN:146,_RNCINvXs10_Cs2eHPTk3TAlu_14common_structsINtB9_25EgldOrEsdtTokenPaymentNewINtNtNtNtCs1rODQd5oASQ_22multiversx_sc_scenario3api7impl_vh12vm_hooks_api10VMHooksApiNtNtB1f_9debug_api15DebugApiBackendEENtNtNtNtNtCslPMlHj3qn2H_13multiversx_sc5types7managed7wrapped16managed_vec_item14ManagedVecItem16from_byte_readerNCNvXs0_NtB3c_22managed_vec_owned_iterINtB55_23ManagedVecOwnedIteratorB1a_BD_ENtNtNtNtCslGS7pEIChKc_4core4iter6traits8iterator8Iterator4next0E0Cs8iyf5MSkCde_5tests
FN:146,_RNCINvXs10_Cs2eHPTk3TAlu_14common_structsINtB9_25EgldOrEsdtTokenPaymentNewINtNtNtNtCs1rODQd5oASQ_22multiversx_sc_scenario3api7impl_vh12vm_hooks_api10VMHooksApiNtNtB1f_9debug_api15DebugApiBackendEENtNtNtNtNtCslPMlHj3qn2H_13multiversx_sc5types7managed7wrapped16managed_vec_item14ManagedVecItem16from_byte_readerNCNvXs0_NtB3c_22managed_vec_owned_iterINtB55_23ManagedVecOwnedIteratorB1a_BD_ENtNtNtNtCslGS7pEIChKc_4core4iter6traits8iterator8Iterator4next0Es0_0Cs8iyf5MSkCde_5tests
FN:146,_RNCINvXs10_Cs2eHPTk3TAlu_14common_structsINtB9_25EgldOrEsdtTokenPaymentNewINtNtNtNtCs1rODQd5oASQ_22multiversx_sc_scenario3api7impl_vh12vm_hooks_api10VMHooksApiNtNtB1f_9debug_api15DebugApiBackendEENtNtNtNtNtCslPMlHj3qn2H_13multiversx_sc5types7managed7wrapped16managed_vec_item14ManagedVecItem16from_byte_readerNCNvXs0_NtB3c_22managed_vec_owned_iterINtB55_23ManagedVecOwnedIteratorB1a_BD_ENtNtNtNtCslGS7pEIChKc_4core4iter6traits8iterator8Iterator4next0Es_0Cs8iyf5MSkCde_5tests
FN:146,_RNCINvXs10_Cs2eHPTk3TAlu_14common_structsINtB9_25EgldOrEsdtTokenPaymentNewINtNtNtNtCs1rODQd5oASQ_22multiversx_sc_scenario3api7impl_vh12vm_hooks_api10VMHooksApiNtNtB1f_9debug_api15DebugApiBackendEENtNtNtNtNtCslPMlHj3qn2H_13multiversx_sc5types7managed7wrapped16managed_vec_item14ManagedVecItem16into_byte_writeruNCNvMs2_NtB3c_11managed_vecINtB56_10ManagedVecB1a_BD_E4push0E0Cs8iyf5MSkCde_5tests
FN:146,_RNCINvXs10_Cs2eHPTk3TAlu_14common_structsINtB9_25EgldOrEsdtTokenPaymentNewINtNtNtNtCs1rODQd5oASQ_22multiversx_sc_scenario3api7impl_vh12vm_hooks_api10VMHooksApiNtNtB1f_9debug_api15DebugApiBackendEENtNtNtNtNtCslPMlHj3qn2H_13multiversx_sc5types7managed7wrapped16managed_vec_item14ManagedVecItem16into_byte_writeruNCNvMs2_NtB3c_11managed_vecINtB56_10ManagedVecB1a_BD_E4push0Es0_0Cs8iyf5MSkCde_5tests
FN:146,_RNCINvXs10_Cs2eHPTk3TAlu_14common_structsINtB9_25EgldOrEsdtTokenPaymentNewINtNtNtNtCs1rODQd5oASQ_22multiversx_sc_scenario3api7impl_vh12vm_hooks_api10VMHooksApiNtNtB1f_9debug_api15DebugApiBackendEENtNtNtNtNtCslPMlHj3qn2H_13multiversx_sc5types7managed7wrapped16managed_vec_item14ManagedVecItem16into_byte_writeruNCNvMs2_NtB3c_11managed_vecINtB56_10ManagedVecB1a_BD_E4push0Es_0Cs8iyf5MSkCde_5tests
FN:111,_RNCINvXs1B_Cs2eHPTk3TAlu_14common_structsINtB9_23AssetExtendedConfigViewINtNtNtNtCs1rODQd5oASQ_22multiversx_sc_scenario3api7impl_vh12vm_hooks_api10VMHooksApiNtNtB1d_9debug_api15DebugApiBackendEENtNtNtNtNtCslPMlHj3qn2H_13multiversx_sc5types7managed7wrapped16managed_vec_item14ManagedVecItem16from_byte_readerNCNvXs0_NtB3a_22managed_vec_owned_iterINtB53_23ManagedVecOwnedIteratorB18_BD_ENtNtNtNtCslGS7pEIChKc_4core4iter6traits8iterator8Iterator4next0E0Cs8iyf5MSkCde_5tests
FN:111,_RNCINvXs1B_Cs2eHPTk3TAlu_14common_structsINtB9_23AssetExtendedConfigViewINtNtNtNtCs1rODQd5oASQ_22multiversx_sc_scenario3api7impl_vh12vm_hooks_api10VMHooksApiNtNtB1d_9debug_api15DebugApiBackendEENtNtNtNtNtCslPMlHj3qn2H_13multiversx_sc5types7managed7wrapped16managed_vec_item14ManagedVecItem16from_byte_readerNCNvXs0_NtB3a_22managed_vec_owned_iterINtB53_23ManagedVecOwnedIteratorB18_BD_ENtNtNtNtCslGS7pEIChKc_4core4iter6traits8iterator8Iterator4next0Es0_0Cs8iyf5MSkCde_5tests
FN:111,_RNCINvXs1B_Cs2eHPTk3TAlu_14common_structsINtB9_23AssetExtendedConfigViewINtNtNtNtCs1rODQd5oASQ_22multiversx_sc_scenario3api7impl_vh12vm_hooks_api10VMHooksApiNtNtB1d_9debug_api15DebugApiBackendEENtNtNtNtNtCslPMlHj3qn2H_13multiversx_sc5types7managed7wrapped16managed_vec_item14ManagedVecItem16from_byte_readerNCNvXs0_NtB3a_22managed_vec_owned_iterINtB53_23ManagedVecOwnedIteratorB18_BD_ENtNtNtNtCslGS7pEIChKc_4core4iter6traits8iterator8Iterator4next0Es1_0Cs8iyf5MSkCde_5tests
FN:111,_RNCINvXs1B_Cs2eHPTk3TAlu_14common_structsINtB9_23AssetExtendedConfigViewINtNtNtNtCs1rODQd5oASQ_22multiversx_sc_scenario3api7impl_vh12vm_hooks_api10VMHooksApiNtNtB1d_9debug_api15DebugApiBackendEENtNtNtNtNtCslPMlHj3qn2H_13multiversx_sc5types7managed7wrapped16managed_vec_item14ManagedVecItem16from_byte_readerNCNvXs0_NtB3a_22managed_vec_owned_iterINtB53_23ManagedVecOwnedIteratorB18_BD_ENtNtNtNtCslGS7pEIChKc_4core4iter6traits8iterator8Iterator4next0Es_0Cs8iyf5MSkCde_5tests
FN:111,_RNCINvXs1B_Cs2eHPTk3TAlu_14common_structsINtB9_23AssetExtendedConfigViewINtNtNtNtCs1rODQd5oASQ_22multiversx_sc_scenario3api7impl_vh12vm_hooks_api10VMHooksApiNtNtB1d_9debug_api15DebugApiBackendEENtNtNtNtNtCslPMlHj3qn2H_13multiversx_sc5types7managed7wrapped16managed_vec_item14ManagedVecItem16into_byte_writeruNCNvMs2_NtB3a_11managed_vecINtB54_10ManagedVecB18_BD_E4push0E0Cs8iyf5MSkCde_5tests
FN:111,_RNCINvXs1B_Cs2eHPTk3TAlu_14common_structsINtB9_23AssetExtendedConfigViewINtNtNtNtCs1rODQd5oASQ_22multiversx_sc_scenario3api7impl_vh12vm_hooks_api10VMHooksApiNtNtB1d_9debug_api15DebugApiBackendEENtNtNtNtNtCslPMlHj3qn2H_13multiversx_sc5types7managed7wrapped16managed_vec_item14ManagedVecItem16into_byte_writeruNCNvMs2_NtB3a_11managed_vecINtB54_10ManagedVecB18_BD_E4push0Es0_0Cs8iyf5MSkCde_5tests
FN:111,_RNCINvXs1B_Cs2eHPTk3TAlu_14common_structsINtB9_23AssetExtendedConfigViewINtNtNtNtCs1rODQd5oASQ_22multiversx_sc_scenario3api7impl_vh12vm_hooks_api10VMHooksApiNtNtB1d_9debug_api15DebugApiBackendEENtNtNtNtNtCslPMlHj3qn2H_13multiversx_sc5types7managed7wrapped16managed_vec_item14ManagedVecItem16into_byte_writeruNCNvMs2_NtB3a_11managed_vecINtB54_10ManagedVecB18_BD_E4push0Es1_0Cs8iyf5MSkCde_5tests
FN:111,_RNCINvXs1B_Cs2eHPTk3TAlu_14common_structsINtB9_23AssetExtendedConfigViewINtNtNtNtCs1rODQd5oASQ_22multiversx_sc_scenario3api7impl_vh12vm_hooks_api10VMHooksApiNtNtB1d_9debug_api15DebugApiBackendEENtNtNtNtNtCslPMlHj3qn2H_13multiversx_sc5types7managed7wrapped16managed_vec_item14ManagedVecItem16into_byte_writeruNCNvMs2_NtB3a_11managed_vecINtB54_10ManagedVecB18_BD_E4push0Es_0Cs8iyf5MSkCde_5tests
FN:76,_RNCINvXs1J_Cs2eHPTk3TAlu_14common_structsINtB9_11AssetConfigINtNtNtNtCs1rODQd5oASQ_22multiversx_sc_scenario3api7impl_vh12vm_hooks_api10VMHooksApiNtNtB11_9debug_api15DebugApiBackendEENtNtNtNtNtCslPMlHj3qn2H_13multiversx_sc5types7managed7wrapped16managed_vec_item14ManagedVecItem16from_byte_readerNCINvXs1B_B9_INtB9_23AssetExtendedConfigViewBW_EB2U_16from_byte_readerNCNvXs0_NtB2Y_22managed_vec_owned_iterINtB5Z_23ManagedVecOwnedIteratorBW_B4W_ENtNtNtNtCslGS7pEIChKc_4core4iter6traits8iterator8Iterator4next0E0E0Cs8iyf5MSkCde_5tests
FN:76,_RNCINvXs1J_Cs2eHPTk3TAlu_14common_structsINtB9_11AssetConfigINtNtNtNtCs1rODQd5oASQ_22multiversx_sc_scenario3api7impl_vh12vm_hooks_api10VMHooksApiNtNtB11_9debug_api15DebugApiBackendEENtNtNtNtNtCslPMlHj3qn2H_13multiversx_sc5types7managed7wrapped16managed_vec_item14ManagedVecItem16from_byte_readerNCINvXs1B_B9_INtB9_23AssetExtendedConfigViewBW_EB2U_16from_byte_readerNCNvXs0_NtB2Y_22managed_vec_owned_iterINtB5Z_23ManagedVecOwnedIteratorBW_B4W_ENtNtNtNtCslGS7pEIChKc_4core4iter6traits8iterator8Iterator4next0E0Es0_0Cs8iyf5MSkCde_5tests
FN:76,_RNCINvXs1J_Cs2eHPTk3TAlu_14common_structsINtB9_11AssetConfigINtNtNtNtCs1rODQd5oASQ_22multiversx_sc_scenario3api7impl_vh12vm_hooks_api10VMHooksApiNtNtB11_9debug_api15DebugApiBackendEENtNtNtNtNtCslPMlHj3qn2H_13multiversx_sc5types7managed7wrapped16managed_vec_item14ManagedVecItem16from_byte_readerNCINvXs1B_B9_INtB9_23AssetExtendedConfigViewBW_EB2U_16from_byte_readerNCNvXs0_NtB2Y_22managed_vec_owned_iterINtB5Z_23ManagedVecOwnedIteratorBW_B4W_ENtNtNtNtCslGS7pEIChKc_4core4iter6traits8iterator8Iterator4next0E0Es1_0Cs8iyf5MSkCde_5tests
FN:76,_RNCINvXs1J_Cs2eHPTk3TAlu_14common_structsINtB9_11AssetConfigINtNtNtNtCs1rODQd5oASQ_22multiversx_sc_scenario3api7impl_vh12vm_hooks_api10VMHooksApiNtNtB11_9debug_api15DebugApiBackendEENtNtNtNtNtCslPMlHj3qn2H_13multiversx_sc5types7managed7wrapped16managed_vec_item14ManagedVecItem16from_byte_readerNCINvXs1B_B9_INtB9_23AssetExtendedConfigViewBW_EB2U_16from_byte_readerNCNvXs0_NtB2Y_22managed_vec_owned_iterINtB5Z_23ManagedVecOwnedIteratorBW_B4W_ENtNtNtNtCslGS7pEIChKc_4core4iter6traits8iterator8Iterator4next0E0Es2_0Cs8iyf5MSkCde_5tests
FN:76,_RNCINvXs1J_Cs2eHPTk3TAlu_14common_structsINtB9_11AssetConfigINtNtNtNtCs1rODQd5oASQ_22multiversx_sc_scenario3api7impl_vh12vm_hooks_api10VMHooksApiNtNtB11_9debug_api15DebugApiBackendEENtNtNtNtNtCslPMlHj3qn2H_13multiversx_sc5types7managed7wrapped16managed_vec_item14ManagedVecItem16from_byte_readerNCINvXs1B_B9_INtB9_23AssetExtendedConfigViewBW_EB2U_16from_byte_readerNCNvXs0_NtB2Y_22managed_vec_owned_iterINtB5Z_23ManagedVecOwnedIteratorBW_B4W_ENtNtNtNtCslGS7pEIChKc_4core4iter6traits8iterator8Iterator4next0E0Es3_0Cs8iyf5MSkCde_5tests
FN:76,_RNCINvXs1J_Cs2eHPTk3TAlu_14common_structsINtB9_11AssetConfigINtNtNtNtCs1rODQd5oASQ_22multiversx_sc_scenario3api7impl_vh12vm_hooks_api10VMHooksApiNtNtB11_9debug_api15DebugApiBackendEENtNtNtNtNtCslPMlHj3qn2H_13multiversx_sc5types7managed7wrapped16managed_vec_item14ManagedVecItem16from_byte_readerNCINvXs1B_B9_INtB9_23AssetExtendedConfigViewBW_EB2U_16from_byte_readerNCNvXs0_NtB2Y_22managed_vec_owned_iterINtB5Z_23ManagedVecOwnedIteratorBW_B4W_ENtNtNtNtCslGS7pEIChKc_4core4iter6traits8iterator8Iterator4next0E0Es4_0Cs8iyf5MSkCde_5tests
FN:76,_RNCINvXs1J_Cs2eHPTk3TAlu_14common_structsINtB9_11AssetConfigINtNtNtNtCs1rODQd5oASQ_22multiversx_sc_scenario3api7impl_vh12vm_hooks_api10VMHooksApiNtNtB11_9debug_api15DebugApiBackendEENtNtNtNtNtCslPMlHj3qn2H_13multiversx_sc5types7managed7wrapped16managed_vec_item14ManagedVecItem16from_byte_readerNCINvXs1B_B9_INtB9_23AssetExtendedConfigViewBW_EB2U_16from_byte_readerNCNvXs0_NtB2Y_22managed_vec_owned_iterINtB5Z_23ManagedVecOwnedIteratorBW_B4W_ENtNtNtNtCslGS7pEIChKc_4core4iter6traits8iterator8Iterator4next0E0Es5_0Cs8iyf5MSkCde_5tests
FN:76,_RNCINvXs1J_Cs2eHPTk3TAlu_14common_structsINtB9_11AssetConfigINtNtNtNtCs1rODQd5oASQ_22multiversx_sc_scenario3api7impl_vh12vm_hooks_api10VMHooksApiNtNtB11_9debug_api15DebugApiBackendEENtNtNtNtNtCslPMlHj3qn2H_13multiversx_sc5types7managed7wrapped16managed_vec_item14ManagedVecItem16from_byte_readerNCINvXs1B_B9_INtB9_23AssetExtendedConfigViewBW_EB2U_16from_byte_readerNCNvXs0_NtB2Y_22managed_vec_owned_iterINtB5Z_23ManagedVecOwnedIteratorBW_B4W_ENtNtNtNtCslGS7pEIChKc_4core4iter6traits8iterator8Iterator4next0E0Es6_0Cs8iyf5MSkCde_5tests
FN:76,_RNCINvXs1J_Cs2eHPTk3TAlu_14common_structsINtB9_11AssetConfigINtNtNtNtCs1rODQd5oASQ_22multiversx_sc_scenario3api7impl_vh12vm_hooks_api10VMHooksApiNtNtB11_9debug_api15DebugApiBackendEENtNtNtNtNtCslPMlHj3qn2H_13multiversx_sc5types7managed7wrapped16managed_vec_item14ManagedVecItem16from_byte_readerNCINvXs1B_B9_INtB9_23AssetExtendedConfigViewBW_EB2U_16from_byte_readerNCNvXs0_NtB2Y_22managed_vec_owned_iterINtB5Z_23ManagedVecOwnedIteratorBW_B4W_ENtNtNtNtCslGS7pEIChKc_4core4iter6traits8iterator8Iterator4next0E0Es7_0Cs8iyf5MSkCde_5tests
FN:76,_RNCINvXs1J_Cs2eHPTk3TAlu_14common_structsINtB9_11AssetConfigINtNtNtNtCs1rODQd5oASQ_22multiversx_sc_scenario3api7impl_vh12vm_hooks_api10VMHooksApiNtNtB11_9debug_api15DebugApiBackendEENtNtNtNtNtCslPMlHj3qn2H_13multiversx_sc5types7managed7wrapped16managed_vec_item14ManagedVecItem16from_byte_readerNCINvXs1B_B9_INtB9_23AssetExtendedConfigViewBW_EB2U_16from_byte_readerNCNvXs0_NtB2Y_22managed_vec_owned_iterINtB5Z_23ManagedVecOwnedIteratorBW_B4W_ENtNtNtNtCslGS7pEIChKc_4core4iter6traits8iterator8Iterator4next0E0Es8_0Cs8iyf5MSkCde_5tests
FN:76,_RNCINvXs1J_Cs2eHPTk3TAlu_14common_structsINtB9_11AssetConfigINtNtNtNtCs1rODQd5oASQ_22multiversx_sc_scenario3api7impl_vh12vm_hooks_api10VMHooksApiNtNtB11_9debug_api15DebugApiBackendEENtNtNtNtNtCslPMlHj3qn2H_13multiversx_sc5types7managed7wrapped16managed_vec_item14ManagedVecItem16from_byte_readerNCINvXs1B_B9_INtB9_23AssetExtendedConfigViewBW_EB2U_16from_byte_readerNCNvXs0_NtB2Y_22managed_vec_owned_iterINtB5Z_23ManagedVecOwnedIteratorBW_B4W_ENtNtNtNtCslGS7pEIChKc_4core4iter6traits8iterator8Iterator4next0E0Es9_0Cs8iyf5MSkCde_5tests
FN:76,_RNCINvXs1J_Cs2eHPTk3TAlu_14common_structsINtB9_11AssetConfigINtNtNtNtCs1rODQd5oASQ_22multiversx_sc_scenario3api7impl_vh12vm_hooks_api10VMHooksApiNtNtB11_9debug_api15DebugApiBackendEENtNtNtNtNtCslPMlHj3qn2H_13multiversx_sc5types7managed7wrapped16managed_vec_item14ManagedVecItem16from_byte_readerNCINvXs1B_B9_INtB9_23AssetExtendedConfigViewBW_EB2U_16from_byte_readerNCNvXs0_NtB2Y_22managed_vec_owned_iterINtB5Z_23ManagedVecOwnedIteratorBW_B4W_ENtNtNtNtCslGS7pEIChKc_4core4iter6traits8iterator8Iterator4next0E0Es_0Cs8iyf5MSkCde_5tests
FN:76,_RNCINvXs1J_Cs2eHPTk3TAlu_14common_structsINtB9_11AssetConfigINtNtNtNtCs1rODQd5oASQ_22multiversx_sc_scenario3api7impl_vh12vm_hooks_api10VMHooksApiNtNtB11_9debug_api15DebugApiBackendEENtNtNtNtNtCslPMlHj3qn2H_13multiversx_sc5types7managed7wrapped16managed_vec_item14ManagedVecItem16from_byte_readerNCINvXs1B_B9_INtB9_23AssetExtendedConfigViewBW_EB2U_16from_byte_readerNCNvXs0_NtB2Y_22managed_vec_owned_iterINtB5Z_23ManagedVecOwnedIteratorBW_B4W_ENtNtNtNtCslGS7pEIChKc_4core4iter6traits8iterator8Iterator4next0E0Esa_0Cs8iyf5MSkCde_5tests
FN:76,_RNCINvXs1J_Cs2eHPTk3TAlu_14common_structsINtB9_11AssetConfigINtNtNtNtCs1rODQd5oASQ_22multiversx_sc_scenario3api7impl_vh12vm_hooks_api10VMHooksApiNtNtB11_9debug_api15DebugApiBackendEENtNtNtNtNtCslPMlHj3qn2H_13multiversx_sc5types7managed7wrapped16managed_vec_item14ManagedVecItem16from_byte_readerNCINvXs1B_B9_INtB9_23AssetExtendedConfigViewBW_EB2U_16from_byte_readerNCNvXs0_NtB2Y_22managed_vec_owned_iterINtB5Z_23ManagedVecOwnedIteratorBW_B4W_ENtNtNtNtCslGS7pEIChKc_4core4iter6traits8iterator8Iterator4next0E0Esb_0Cs8iyf5MSkCde_5tests
FN:76,_RNCINvXs1J_Cs2eHPTk3TAlu_14common_structsINtB9_11AssetConfigINtNtNtNtCs1rODQd5oASQ_22multiversx_sc_scenario3api7impl_vh12vm_hooks_api10VMHooksApiNtNtB11_9debug_api15DebugApiBackendEENtNtNtNtNtCslPMlHj3qn2H_13multiversx_sc5types7managed7wrapped16managed_vec_item14ManagedVecItem16from_byte_readerNCINvXs1B_B9_INtB9_23AssetExtendedConfigViewBW_EB2U_16from_byte_readerNCNvXs0_NtB2Y_22managed_vec_owned_iterINtB5Z_23ManagedVecOwnedIteratorBW_B4W_ENtNtNtNtCslGS7pEIChKc_4core4iter6traits8iterator8Iterator4next0E0Esc_0Cs8iyf5MSkCde_5tests
FN:76,_RNCINvXs1J_Cs2eHPTk3TAlu_14common_structsINtB9_11AssetConfigINtNtNtNtCs1rODQd5oASQ_22multiversx_sc_scenario3api7impl_vh12vm_hooks_api10VMHooksApiNtNtB11_9debug_api15DebugApiBackendEENtNtNtNtNtCslPMlHj3qn2H_13multiversx_sc5types7managed7wrapped16managed_vec_item14ManagedVecItem16into_byte_writeruNCINvXs1B_B9_INtB9_23AssetExtendedConfigViewBW_EB2U_16into_byte_writeruNCNvMs2_NtB2Y_11managed_vecINtB61_10ManagedVecBW_B4X_E4push0E0E0Cs8iyf5MSkCde_5tests
FN:76,_RNCINvXs1J_Cs2eHPTk3TAlu_14common_structsINtB9_11AssetConfigINtNtNtNtCs1rODQd5oASQ_22multiversx_sc_scenario3api7impl_vh12vm_hooks_api10VMHooksApiNtNtB11_9debug_api15DebugApiBackendEENtNtNtNtNtCslPMlHj3qn2H_13multiversx_sc5types7managed7wrapped16managed_vec_item14ManagedVecItem16into_byte_writeruNCINvXs1B_B9_INtB9_23AssetExtendedConfigViewBW_EB2U_16into_byte_writeruNCNvMs2_NtB2Y_11managed_vecINtB61_10ManagedVecBW_B4X_E4push0E0Es0_0Cs8iyf5MSkCde_5tests
FN:76,_RNCINvXs1J_Cs2eHPTk3TAlu_14common_structsINtB9_11AssetConfigINtNtNtNtCs1rODQd5oASQ_22multiversx_sc_scenario3api7impl_vh12vm_hooks_api10VMHooksApiNtNtB11_9debug_api15DebugApiBackendEENtNtNtNtNtCslPMlHj3qn2H_13multiversx_sc5types7managed7wrapped16managed_vec_item14ManagedVecItem16into_byte_writeruNCINvXs1B_B9_INtB9_23AssetExtendedConfigViewBW_EB2U_16into_byte_writeruNCNvMs2_NtB2Y_11managed_vecINtB61_10ManagedVecBW_B4X_E4push0E0Es1_0Cs8iyf5MSkCde_5tests
FN:76,_RNCINvXs1J_Cs2eHPTk3TAlu_14common_structsINtB9_11AssetConfigINtNtNtNtCs1rODQd5oASQ_22multiversx_sc_scenario3api7impl_vh12vm_hooks_api10VMHooksApiNtNtB11_9debug_api15DebugApiBackendEENtNtNtNtNtCslPMlHj3qn2H_13multiversx_sc5types7managed7wrapped16managed_vec_item14ManagedVecItem16into_byte_writeruNCINvXs1B_B9_INtB9_23AssetExtendedConfigViewBW_EB2U_16into_byte_writeruNCNvMs2_NtB2Y_11managed_vecINtB61_10ManagedVecBW_B4X_E4push0E0Es2_0Cs8iyf5MSkCde_5tests
FN:76,_RNCINvXs1J_Cs2eHPTk3TAlu_14common_structsINtB9_11AssetConfigINtNtNtNtCs1rODQd5oASQ_22multiversx_sc_scenario3api7impl_vh12vm_hooks_api10VMHooksApiNtNtB11_9debug_api15DebugApiBackendEENtNtNtNtNtCslPMlHj3qn2H_13multiversx_sc5types7managed7wrapped16managed_vec_item14ManagedVecItem16into_byte_writeruNCINvXs1B_B9_INtB9_23AssetExtendedConfigViewBW_EB2U_16into_byte_writeruNCNvMs2_NtB2Y_11managed_vecINtB61_10ManagedVecBW_B4X_E4push0E0Es3_0Cs8iyf5MSkCde_5tests
FN:76,_RNCINvXs1J_Cs2eHPTk3TAlu_14common_structsINtB9_11AssetConfigINtNtNtNtCs1rODQd5oASQ_22multiversx_sc_scenario3api7impl_vh12vm_hooks_api10VMHooksApiNtNtB11_9debug_api15DebugApiBackendEENtNtNtNtNtCslPMlHj3qn2H_13multiversx_sc5types7managed7wrapped16managed_vec_item14ManagedVecItem16into_byte_writeruNCINvXs1B_B9_INtB9_23AssetExtendedConfigViewBW_EB2U_16into_byte_writeruNCNvMs2_NtB2Y_11managed_vecINtB61_10ManagedVecBW_B4X_E4push0E0Es4_0Cs8iyf5MSkCde_5tests
FN:76,_RNCINvXs1J_Cs2eHPTk3TAlu_14common_structsINtB9_11AssetConfigINtNtNtNtCs1rODQd5oASQ_22multiversx_sc_scenario3api7impl_vh12vm_hooks_api10VMHooksApiNtNtB11_9debug_api15DebugApiBackendEENtNtNtNtNtCslPMlHj3qn2H_13multiversx_sc5types7managed7wrapped16managed_vec_item14ManagedVecItem16into_byte_writeruNCINvXs1B_B9_INtB9_23AssetExtendedConfigViewBW_EB2U_16into_byte_writeruNCNvMs2_NtB2Y_11managed_vecINtB61_10ManagedVecBW_B4X_E4push0E0Es5_0Cs8iyf5MSkCde_5tests
FN:76,_RNCINvXs1J_Cs2eHPTk3TAlu_14common_structsINtB9_11AssetConfigINtNtNtNtCs1rODQd5oASQ_22multiversx_sc_scenario3api7impl_vh12vm_hooks_api10VMHooksApiNtNtB11_9debug_api15DebugApiBackendEENtNtNtNtNtCslPMlHj3qn2H_13multiversx_sc5types7managed7wrapped16managed_vec_item14ManagedVecItem16into_byte_writeruNCINvXs1B_B9_INtB9_23AssetExtendedConfigViewBW_EB2U_16into_byte_writeruNCNvMs2_NtB2Y_11managed_vecINtB61_10ManagedVecBW_B4X_E4push0E0Es6_0Cs8iyf5MSkCde_5tests
FN:76,_RNCINvXs1J_Cs2eHPTk3TAlu_14common_structsINtB9_11AssetConfigINtNtNtNtCs1rODQd5oASQ_22multiversx_sc_scenario3api7impl_vh12vm_hooks_api10VMHooksApiNtNtB11_9debug_api15DebugApiBackendEENtNtNtNtNtCslPMlHj3qn2H_13multiversx_sc5types7managed7wrapped16managed_vec_item14ManagedVecItem16into_byte_writeruNCINvXs1B_B9_INtB9_23AssetExtendedConfigViewBW_EB2U_16into_byte_writeruNCNvMs2_NtB2Y_11managed_vecINtB61_10ManagedVecBW_B4X_E4push0E0Es7_0Cs8iyf5MSkCde_5tests
FN:76,_RNCINvXs1J_Cs2eHPTk3TAlu_14common_structsINtB9_11AssetConfigINtNtNtNtCs1rODQd5oASQ_22multiversx_sc_scenario3api7impl_vh12vm_hooks_api10VMHooksApiNtNtB11_9debug_api15DebugApiBackendEENtNtNtNtNtCslPMlHj3qn2H_13multiversx_sc5types7managed7wrapped16managed_vec_item14ManagedVecItem16into_byte_writeruNCINvXs1B_B9_INtB9_23AssetExtendedConfigViewBW_EB2U_16into_byte_writeruNCNvMs2_NtB2Y_11managed_vecINtB61_10ManagedVecBW_B4X_E4push0E0Es8_0Cs8iyf5MSkCde_5tests
FN:76,_RNCINvXs1J_Cs2eHPTk3TAlu_14common_structsINtB9_11AssetConfigINtNtNtNtCs1rODQd5oASQ_22multiversx_sc_scenario3api7impl_vh12vm_hooks_api10VMHooksApiNtNtB11_9debug_api15DebugApiBackendEENtNtNtNtNtCslPMlHj3qn2H_13multiversx_sc5types7managed7wrapped16managed_vec_item14ManagedVecItem16into_byte_writeruNCINvXs1B_B9_INtB9_23AssetExtendedConfigViewBW_EB2U_16into_byte_writeruNCNvMs2_NtB2Y_11managed_vecINtB61_10ManagedVecBW_B4X_E4push0E0Es9_0Cs8iyf5MSkCde_5tests
FN:76,_RNCINvXs1J_Cs2eHPTk3TAlu_14common_structsINtB9_11AssetConfigINtNtNtNtCs1rODQd5oASQ_22multiversx_sc_scenario3api7impl_vh12vm_hooks_api10VMHooksApiNtNtB11_9debug_api15DebugApiBackendEENtNtNtNtNtCslPMlHj3qn2H_13multiversx_sc5types7managed7wrapped16managed_vec_item14ManagedVecItem16into_byte_writeruNCINvXs1B_B9_INtB9_23AssetExtendedConfigViewBW_EB2U_16into_byte_writeruNCNvMs2_NtB2Y_11managed_vecINtB61_10ManagedVecBW_B4X_E4push0E0Es_0Cs8iyf5MSkCde_5tests
FN:76,_RNCINvXs1J_Cs2eHPTk3TAlu_14common_structsINtB9_11AssetConfigINtNtNtNtCs1rODQd5oASQ_22multiversx_sc_scenario3api7impl_vh12vm_hooks_api10VMHooksApiNtNtB11_9debug_api15DebugApiBackendEENtNtNtNtNtCslPMlHj3qn2H_13multiversx_sc5types7managed7wrapped16managed_vec_item14ManagedVecItem16into_byte_writeruNCINvXs1B_B9_INtB9_23AssetExtendedConfigViewBW_EB2U_16into_byte_writeruNCNvMs2_NtB2Y_11managed_vecINtB61_10ManagedVecBW_B4X_E4push0E0Esa_0Cs8iyf5MSkCde_5tests
FN:76,_RNCINvXs1J_Cs2eHPTk3TAlu_14common_structsINtB9_11AssetConfigINtNtNtNtCs1rODQd5oASQ_22multiversx_sc_scenario3api7impl_vh12vm_hooks_api10VMHooksApiNtNtB11_9debug_api15DebugApiBackendEENtNtNtNtNtCslPMlHj3qn2H_13multiversx_sc5types7managed7wrapped16managed_vec_item14ManagedVecItem16into_byte_writeruNCINvXs1B_B9_INtB9_23AssetExtendedConfigViewBW_EB2U_16into_byte_writeruNCNvMs2_NtB2Y_11managed_vecINtB61_10ManagedVecBW_B4X_E4push0E0Esb_0Cs8iyf5MSkCde_5tests
FN:76,_RNCINvXs1J_Cs2eHPTk3TAlu_14common_structsINtB9_11AssetConfigINtNtNtNtCs1rODQd5oASQ_22multiversx_sc_scenario3api7impl_vh12vm_hooks_api10VMHooksApiNtNtB11_9debug_api15DebugApiBackendEENtNtNtNtNtCslPMlHj3qn2H_13multiversx_sc5types7managed7wrapped16managed_vec_item14ManagedVecItem16into_byte_writeruNCINvXs1B_B9_INtB9_23AssetExtendedConfigViewBW_EB2U_16into_byte_writeruNCNvMs2_NtB2Y_11managed_vecINtB61_10ManagedVecBW_B4X_E4push0E0Esc_0Cs8iyf5MSkCde_5tests
FN:29,_RNCINvXs1S_Cs2eHPTk3TAlu_14common_structsINtB9_15AccountPositionINtNtNtNtCs1rODQd5oASQ_22multiversx_sc_scenario3api7impl_vh12vm_hooks_api10VMHooksApiNtNtB15_9debug_api15DebugApiBackendEENtNtNtNtNtCslPMlHj3qn2H_13multiversx_sc5types7managed7wrapped16managed_vec_item14ManagedVecItem16from_byte_readerNCNvMs2_NtB32_11managed_vecINtB4V_10ManagedVecB10_BD_E7try_get0E0Cs8iyf5MSkCde_5tests
FN:29,_RNCINvXs1S_Cs2eHPTk3TAlu_14common_structsINtB9_15AccountPositionINtNtNtNtCs1rODQd5oASQ_22multiversx_sc_scenario3api7impl_vh12vm_hooks_api10VMHooksApiNtNtB15_9debug_api15DebugApiBackendEENtNtNtNtNtCslPMlHj3qn2H_13multiversx_sc5types7managed7wrapped16managed_vec_item14ManagedVecItem16from_byte_readerNCNvMs2_NtB32_11managed_vecINtB4V_10ManagedVecB10_BD_E7try_get0Es0_0Cs8iyf5MSkCde_5tests
FN:29,_RNCINvXs1S_Cs2eHPTk3TAlu_14common_structsINtB9_15AccountPositionINtNtNtNtCs1rODQd5oASQ_22multiversx_sc_scenario3api7impl_vh12vm_hooks_api10VMHooksApiNtNtB15_9debug_api15DebugApiBackendEENtNtNtNtNtCslPMlHj3qn2H_13multiversx_sc5types7managed7wrapped16managed_vec_item14ManagedVecItem16from_byte_readerNCNvMs2_NtB32_11managed_vecINtB4V_10ManagedVecB10_BD_E7try_get0Es1_0Cs8iyf5MSkCde_5tests
FN:29,_RNCINvXs1S_Cs2eHPTk3TAlu_14common_structsINtB9_15AccountPositionINtNtNtNtCs1rODQd5oASQ_22multiversx_sc_scenario3api7impl_vh12vm_hooks_api10VMHooksApiNtNtB15_9debug_api15DebugApiBackendEENtNtNtNtNtCslPMlHj3qn2H_13multiversx_sc5types7managed7wrapped16managed_vec_item14ManagedVecItem16from_byte_readerNCNvMs2_NtB32_11managed_vecINtB4V_10ManagedVecB10_BD_E7try_get0Es2_0Cs8iyf5MSkCde_5tests
FN:29,_RNCINvXs1S_Cs2eHPTk3TAlu_14common_structsINtB9_15AccountPositionINtNtNtNtCs1rODQd5oASQ_22multiversx_sc_scenario3api7impl_vh12vm_hooks_api10VMHooksApiNtNtB15_9debug_api15DebugApiBackendEENtNtNtNtNtCslPMlHj3qn2H_13multiversx_sc5types7managed7wrapped16managed_vec_item14ManagedVecItem16from_byte_readerNCNvMs2_NtB32_11managed_vecINtB4V_10ManagedVecB10_BD_E7try_get0Es3_0Cs8iyf5MSkCde_5tests
FN:29,_RNCINvXs1S_Cs2eHPTk3TAlu_14common_structsINtB9_15AccountPositionINtNtNtNtCs1rODQd5oASQ_22multiversx_sc_scenario3api7impl_vh12vm_hooks_api10VMHooksApiNtNtB15_9debug_api15DebugApiBackendEENtNtNtNtNtCslPMlHj3qn2H_13multiversx_sc5types7managed7wrapped16managed_vec_item14ManagedVecItem16from_byte_readerNCNvMs2_NtB32_11managed_vecINtB4V_10ManagedVecB10_BD_E7try_get0Es4_0Cs8iyf5MSkCde_5tests
FN:29,_RNCINvXs1S_Cs2eHPTk3TAlu_14common_structsINtB9_15AccountPositionINtNtNtNtCs1rODQd5oASQ_22multiversx_sc_scenario3api7impl_vh12vm_hooks_api10VMHooksApiNtNtB15_9debug_api15DebugApiBackendEENtNtNtNtNtCslPMlHj3qn2H_13multiversx_sc5types7managed7wrapped16managed_vec_item14ManagedVecItem16from_byte_readerNCNvMs2_NtB32_11managed_vecINtB4V_10ManagedVecB10_BD_E7try_get0Es5_0Cs8iyf5MSkCde_5tests
FN:29,_RNCINvXs1S_Cs2eHPTk3TAlu_14common_structsINtB9_15AccountPositionINtNtNtNtCs1rODQd5oASQ_22multiversx_sc_scenario3api7impl_vh12vm_hooks_api10VMHooksApiNtNtB15_9debug_api15DebugApiBackendEENtNtNtNtNtCslPMlHj3qn2H_13multiversx_sc5types7managed7wrapped16managed_vec_item14ManagedVecItem16from_byte_readerNCNvMs2_NtB32_11managed_vecINtB4V_10ManagedVecB10_BD_E7try_get0Es6_0Cs8iyf5MSkCde_5tests
FN:29,_RNCINvXs1S_Cs2eHPTk3TAlu_14common_structsINtB9_15AccountPositionINtNtNtNtCs1rODQd5oASQ_22multiversx_sc_scenario3api7impl_vh12vm_hooks_api10VMHooksApiNtNtB15_9debug_api15DebugApiBackendEENtNtNtNtNtCslPMlHj3qn2H_13multiversx_sc5types7managed7wrapped16managed_vec_item14ManagedVecItem16from_byte_readerNCNvMs2_NtB32_11managed_vecINtB4V_10ManagedVecB10_BD_E7try_get0Es7_0Cs8iyf5MSkCde_5tests
FN:29,_RNCINvXs1S_Cs2eHPTk3TAlu_14common_structsINtB9_15AccountPositionINtNtNtNtCs1rODQd5oASQ_22multiversx_sc_scenario3api7impl_vh12vm_hooks_api10VMHooksApiNtNtB15_9debug_api15DebugApiBackendEENtNtNtNtNtCslPMlHj3qn2H_13multiversx_sc5types7managed7wrapped16managed_vec_item14ManagedVecItem16from_byte_readerNCNvMs2_NtB32_11managed_vecINtB4V_10ManagedVecB10_BD_E7try_get0Es_0Cs8iyf5MSkCde_5tests
FN:29,_RNCINvXs1S_Cs2eHPTk3TAlu_14common_structsINtB9_15AccountPositionINtNtNtNtCs1rODQd5oASQ_22multiversx_sc_scenario3api7impl_vh12vm_hooks_api10VMHooksApiNtNtB15_9debug_api15DebugApiBackendEENtNtNtNtNtCslPMlHj3qn2H_13multiversx_sc5types7managed7wrapped16managed_vec_item14ManagedVecItem16from_byte_readerNCNvXs0_NtB32_22managed_vec_owned_iterINtB4V_23ManagedVecOwnedIteratorB10_BD_ENtNtNtNtCslGS7pEIChKc_4core4iter6traits8iterator8Iterator4next0E0Cs8iyf5MSkCde_5tests
FN:29,_RNCINvXs1S_Cs2eHPTk3TAlu_14common_structsINtB9_15AccountPositionINtNtNtNtCs1rODQd5oASQ_22multiversx_sc_scenario3api7impl_vh12vm_hooks_api10VMHooksApiNtNtB15_9debug_api15DebugApiBackendEENtNtNtNtNtCslPMlHj3qn2H_13multiversx_sc5types7managed7wrapped16managed_vec_item14ManagedVecItem16from_byte_readerNCNvXs0_NtB32_22managed_vec_owned_iterINtB4V_23ManagedVecOwnedIteratorB10_BD_ENtNtNtNtCslGS7pEIChKc_4core4iter6traits8iterator8Iterator4next0Es0_0Cs8iyf5MSkCde_5tests
FN:29,_RNCINvXs1S_Cs2eHPTk3TAlu_14common_structsINtB9_15AccountPositionINtNtNtNtCs1rODQd5oASQ_22multiversx_sc_scenario3api7impl_vh12vm_hooks_api10VMHooksApiNtNtB15_9debug_api15DebugApiBackendEENtNtNtNtNtCslPMlHj3qn2H_13multiversx_sc5types7managed7wrapped16managed_vec_item14ManagedVecItem16from_byte_readerNCNvXs0_NtB32_22managed_vec_owned_iterINtB4V_23ManagedVecOwnedIteratorB10_BD_ENtNtNtNtCslGS7pEIChKc_4core4iter6traits8iterator8Iterator4next0Es1_0Cs8iyf5MSkCde_5tests
FN:29,_RNCINvXs1S_Cs2eHPTk3TAlu_14common_structsINtB9_15AccountPositionINtNtNtNtCs1rODQd5oASQ_22multiversx_sc_scenario3api7impl_vh12vm_hooks_api10VMHooksApiNtNtB15_9debug_api15DebugApiBackendEENtNtNtNtNtCslPMlHj3qn2H_13multiversx_sc5types7managed7wrapped16managed_vec_item14ManagedVecItem16from_byte_readerNCNvXs0_NtB32_22managed_vec_owned_iterINtB4V_23ManagedVecOwnedIteratorB10_BD_ENtNtNtNtCslGS7pEIChKc_4core4iter6traits8iterator8Iterator4next0Es2_0Cs8iyf5MSkCde_5tests
FN:29,_RNCINvXs1S_Cs2eHPTk3TAlu_14common_structsINtB9_15AccountPositionINtNtNtNtCs1rODQd5oASQ_22multiversx_sc_scenario3api7impl_vh12vm_hooks_api10VMHooksApiNtNtB15_9debug_api15DebugApiBackendEENtNtNtNtNtCslPMlHj3qn2H_13multiversx_sc5types7managed7wrapped16managed_vec_item14ManagedVecItem16from_byte_readerNCNvXs0_NtB32_22managed_vec_owned_iterINtB4V_23ManagedVecOwnedIteratorB10_BD_ENtNtNtNtCslGS7pEIChKc_4core4iter6traits8iterator8Iterator4next0Es3_0Cs8iyf5MSkCde_5tests
FN:29,_RNCINvXs1S_Cs2eHPTk3TAlu_14common_structsINtB9_15AccountPositionINtNtNtNtCs1rODQd5oASQ_22multiversx_sc_scenario3api7impl_vh12vm_hooks_api10VMHooksApiNtNtB15_9debug_api15DebugApiBackendEENtNtNtNtNtCslPMlHj3qn2H_13multiversx_sc5types7managed7wrapped16managed_vec_item14ManagedVecItem16from_byte_readerNCNvXs0_NtB32_22managed_vec_owned_iterINtB4V_23ManagedVecOwnedIteratorB10_BD_ENtNtNtNtCslGS7pEIChKc_4core4iter6traits8iterator8Iterator4next0Es4_0Cs8iyf5MSkCde_5tests
FN:29,_RNCINvXs1S_Cs2eHPTk3TAlu_14common_structsINtB9_15AccountPositionINtNtNtNtCs1rODQd5oASQ_22multiversx_sc_scenario3api7impl_vh12vm_hooks_api10VMHooksApiNtNtB15_9debug_api15DebugApiBackendEENtNtNtNtNtCslPMlHj3qn2H_13multiversx_sc5types7managed7wrapped16managed_vec_item14ManagedVecItem16from_byte_readerNCNvXs0_NtB32_22managed_vec_owned_iterINtB4V_23ManagedVecOwnedIteratorB10_BD_ENtNtNtNtCslGS7pEIChKc_4core4iter6traits8iterator8Iterator4next0Es5_0Cs8iyf5MSkCde_5tests
FN:29,_RNCINvXs1S_Cs2eHPTk3TAlu_14common_structsINtB9_15AccountPositionINtNtNtNtCs1rODQd5oASQ_22multiversx_sc_scenario3api7impl_vh12vm_hooks_api10VMHooksApiNtNtB15_9debug_api15DebugApiBackendEENtNtNtNtNtCslPMlHj3qn2H_13multiversx_sc5types7managed7wrapped16managed_vec_item14ManagedVecItem16from_byte_readerNCNvXs0_NtB32_22managed_vec_owned_iterINtB4V_23ManagedVecOwnedIteratorB10_BD_ENtNtNtNtCslGS7pEIChKc_4core4iter6traits8iterator8Iterator4next0Es6_0Cs8iyf5MSkCde_5tests
FN:29,_RNCINvXs1S_Cs2eHPTk3TAlu_14common_structsINtB9_15AccountPositionINtNtNtNtCs1rODQd5oASQ_22multiversx_sc_scenario3api7impl_vh12vm_hooks_api10VMHooksApiNtNtB15_9debug_api15DebugApiBackendEENtNtNtNtNtCslPMlHj3qn2H_13multiversx_sc5types7managed7wrapped16managed_vec_item14ManagedVecItem16from_byte_readerNCNvXs0_NtB32_22managed_vec_owned_iterINtB4V_23ManagedVecOwnedIteratorB10_BD_ENtNtNtNtCslGS7pEIChKc_4core4iter6traits8iterator8Iterator4next0Es7_0Cs8iyf5MSkCde_5tests
FN:29,_RNCINvXs1S_Cs2eHPTk3TAlu_14common_structsINtB9_15AccountPositionINtNtNtNtCs1rODQd5oASQ_22multiversx_sc_scenario3api7impl_vh12vm_hooks_api10VMHooksApiNtNtB15_9debug_api15DebugApiBackendEENtNtNtNtNtCslPMlHj3qn2H_13multiversx_sc5types7managed7wrapped16managed_vec_item14ManagedVecItem16from_byte_readerNCNvXs0_NtB32_22managed_vec_owned_iterINtB4V_23ManagedVecOwnedIteratorB10_BD_ENtNtNtNtCslGS7pEIChKc_4core4iter6traits8iterator8Iterator4next0Es_0Cs8iyf5MSkCde_5tests
FN:29,_RNCINvXs1S_Cs2eHPTk3TAlu_14common_structsINtB9_15AccountPositionINtNtNtNtCs1rODQd5oASQ_22multiversx_sc_scenario3api7impl_vh12vm_hooks_api10VMHooksApiNtNtB15_9debug_api15DebugApiBackendEENtNtNtNtNtCslPMlHj3qn2H_13multiversx_sc5types7managed7wrapped16managed_vec_item14ManagedVecItem16into_byte_writerINtNtCslGS7pEIChKc_4core6result6ResultuNtNtNtNtB38_3api13managed_types18managed_buffer_api17InvalidSliceErrorENCNvMs2_NtB32_11managed_vecINtB6H_10ManagedVecB10_BD_E3set0E0Cs8iyf5MSkCde_5tests
FN:29,_RNCINvXs1S_Cs2eHPTk3TAlu_14common_structsINtB9_15AccountPositionINtNtNtNtCs1rODQd5oASQ_22multiversx_sc_scenario3api7impl_vh12vm_hooks_api10VMHooksApiNtNtB15_9debug_api15DebugApiBackendEENtNtNtNtNtCslPMlHj3qn2H_13multiversx_sc5types7managed7wrapped16managed_vec_item14ManagedVecItem16into_byte_writerINtNtCslGS7pEIChKc_4core6result6ResultuNtNtNtNtB38_3api13managed_types18managed_buffer_api17InvalidSliceErrorENCNvMs2_NtB32_11managed_vecINtB6H_10ManagedVecB10_BD_E3set0Es0_0Cs8iyf5MSkCde_5tests
FN:29,_RNCINvXs1S_Cs2eHPTk3TAlu_14common_structsINtB9_15AccountPositionINtNtNtNtCs1rODQd5oASQ_22multiversx_sc_scenario3api7impl_vh12vm_hooks_api10VMHooksApiNtNtB15_9debug_api15DebugApiBackendEENtNtNtNtNtCslPMlHj3qn2H_13multiversx_sc5types7managed7wrapped16managed_vec_item14ManagedVecItem16into_byte_writerINtNtCslGS7pEIChKc_4core6result6ResultuNtNtNtNtB38_3api13managed_types18managed_buffer_api17InvalidSliceErrorENCNvMs2_NtB32_11managed_vecINtB6H_10ManagedVecB10_BD_E3set0Es1_0Cs8iyf5MSkCde_5tests
FN:29,_RNCINvXs1S_Cs2eHPTk3TAlu_14common_structsINtB9_15AccountPositionINtNtNtNtCs1rODQd5oASQ_22multiversx_sc_scenario3api7impl_vh12vm_hooks_api10VMHooksApiNtNtB15_9debug_api15DebugApiBackendEENtNtNtNtNtCslPMlHj3qn2H_13multiversx_sc5types7managed7wrapped16managed_vec_item14ManagedVecItem16into_byte_writerINtNtCslGS7pEIChKc_4core6result6ResultuNtNtNtNtB38_3api13managed_types18managed_buffer_api17InvalidSliceErrorENCNvMs2_NtB32_11managed_vecINtB6H_10ManagedVecB10_BD_E3set0Es2_0Cs8iyf5MSkCde_5tests
FN:29,_RNCINvXs1S_Cs2eHPTk3TAlu_14common_structsINtB9_15AccountPositionINtNtNtNtCs1rODQd5oASQ_22multiversx_sc_scenario3api7impl_vh12vm_hooks_api10VMHooksApiNtNtB15_9debug_api15DebugApiBackendEENtNtNtNtNtCslPMlHj3qn2H_13multiversx_sc5types7managed7wrapped16managed_vec_item14ManagedVecItem16into_byte_writerINtNtCslGS7pEIChKc_4core6result6ResultuNtNtNtNtB38_3api13managed_types18managed_buffer_api17InvalidSliceErrorENCNvMs2_NtB32_11managed_vecINtB6H_10ManagedVecB10_BD_E3set0Es3_0Cs8iyf5MSkCde_5tests
FN:29,_RNCINvXs1S_Cs2eHPTk3TAlu_14common_structsINtB9_15AccountPositionINtNtNtNtCs1rODQd5oASQ_22multiversx_sc_scenario3api7impl_vh12vm_hooks_api10VMHooksApiNtNtB15_9debug_api15DebugApiBackendEENtNtNtNtNtCslPMlHj3qn2H_13multiversx_sc5types7managed7wrapped16managed_vec_item14ManagedVecItem16into_byte_writerINtNtCslGS7pEIChKc_4core6result6ResultuNtNtNtNtB38_3api13managed_types18managed_buffer_api17InvalidSliceErrorENCNvMs2_NtB32_11managed_vecINtB6H_10ManagedVecB10_BD_E3set0Es4_0Cs8iyf5MSkCde_5tests
FN:29,_RNCINvXs1S_Cs2eHPTk3TAlu_14common_structsINtB9_15AccountPositionINtNtNtNtCs1rODQd5oASQ_22multiversx_sc_scenario3api7impl_vh12vm_hooks_api10VMHooksApiNtNtB15_9debug_api15DebugApiBackendEENtNtNtNtNtCslPMlHj3qn2H_13multiversx_sc5types7managed7wrapped16managed_vec_item14ManagedVecItem16into_byte_writerINtNtCslGS7pEIChKc_4core6result6ResultuNtNtNtNtB38_3api13managed_types18managed_buffer_api17InvalidSliceErrorENCNvMs2_NtB32_11managed_vecINtB6H_10ManagedVecB10_BD_E3set0Es5_0Cs8iyf5MSkCde_5tests
FN:29,_RNCINvXs1S_Cs2eHPTk3TAlu_14common_structsINtB9_15AccountPositionINtNtNtNtCs1rODQd5oASQ_22multiversx_sc_scenario3api7impl_vh12vm_hooks_api10VMHooksApiNtNtB15_9debug_api15DebugApiBackendEENtNtNtNtNtCslPMlHj3qn2H_13multiversx_sc5types7managed7wrapped16managed_vec_item14ManagedVecItem16into_byte_writerINtNtCslGS7pEIChKc_4core6result6ResultuNtNtNtNtB38_3api13managed_types18managed_buffer_api17InvalidSliceErrorENCNvMs2_NtB32_11managed_vecINtB6H_10ManagedVecB10_BD_E3set0Es6_0Cs8iyf5MSkCde_5tests
FN:29,_RNCINvXs1S_Cs2eHPTk3TAlu_14common_structsINtB9_15AccountPositionINtNtNtNtCs1rODQd5oASQ_22multiversx_sc_scenario3api7impl_vh12vm_hooks_api10VMHooksApiNtNtB15_9debug_api15DebugApiBackendEENtNtNtNtNtCslPMlHj3qn2H_13multiversx_sc5types7managed7wrapped16managed_vec_item14ManagedVecItem16into_byte_writerINtNtCslGS7pEIChKc_4core6result6ResultuNtNtNtNtB38_3api13managed_types18managed_buffer_api17InvalidSliceErrorENCNvMs2_NtB32_11managed_vecINtB6H_10ManagedVecB10_BD_E3set0Es7_0Cs8iyf5MSkCde_5tests
FN:29,_RNCINvXs1S_Cs2eHPTk3TAlu_14common_structsINtB9_15AccountPositionINtNtNtNtCs1rODQd5oASQ_22multiversx_sc_scenario3api7impl_vh12vm_hooks_api10VMHooksApiNtNtB15_9debug_api15DebugApiBackendEENtNtNtNtNtCslPMlHj3qn2H_13multiversx_sc5types7managed7wrapped16managed_vec_item14ManagedVecItem16into_byte_writerINtNtCslGS7pEIChKc_4core6result6ResultuNtNtNtNtB38_3api13managed_types18managed_buffer_api17InvalidSliceErrorENCNvMs2_NtB32_11managed_vecINtB6H_10ManagedVecB10_BD_E3set0Es_0Cs8iyf5MSkCde_5tests
FN:29,_RNCINvXs1S_Cs2eHPTk3TAlu_14common_structsINtB9_15AccountPositionINtNtNtNtCs1rODQd5oASQ_22multiversx_sc_scenario3api7impl_vh12vm_hooks_api10VMHooksApiNtNtB15_9debug_api15DebugApiBackendEENtNtNtNtNtCslPMlHj3qn2H_13multiversx_sc5types7managed7wrapped16managed_vec_item14ManagedVecItem16into_byte_writeruNCNvMs2_NtB32_11managed_vecINtB4W_10ManagedVecB10_BD_E4push0E0Cs8iyf5MSkCde_5tests
[...]
FNDA:432,_RINvXs3_NtCs2SwsGA1Y6Gb_16price_aggregator7structsINtB6_9TokenPairINtNtNtNtCs1rODQd5oASQ_22multiversx_sc_scenario3api7impl_vh12vm_hooks_api10VMHooksApiNtNtB17_9debug_api15DebugApiBackendEENtNtNtCs5SUGlJDgeoS_19multiversx_sc_codec6single6top_en9TopEncode24top_encode_or_handle_errINtNtNtCslPMlHj3qn2H_13multiversx_sc7storage11storage_set16StorageSetOutputB12_EINtNtNtNtB4A_13contract_base8wrappers10serializer21ExitCodecErrorHandlerB12_EECs8iyf5MSkCde_5tests
FNDA:0,_RINvXs4_NtCs2SwsGA1Y6Gb_16price_aggregator7structsINtB6_9TokenPairINtNtNtNtCs1rODQd5oASQ_22multiversx_sc_scenario3api7impl_vh12vm_hooks_api10VMHooksApiNtNtB17_9debug_api15DebugApiBackendEENtNtNtCs5SUGlJDgeoS_19multiversx_sc_codec6single6top_de9TopDecode24top_decode_or_handle_errINtNtNtNtNtCslPMlHj3qn2H_13multiversx_sc5types7managed5basic14managed_buffer13ManagedBufferB12_EINtNtNtB4E_2io17arg_error_handler15ArgErrorHandlerB12_EECs8iyf5MSkCde_5tests
FNDA:433,_RINvXsB_NtCs2SwsGA1Y6Gb_16price_aggregator7structsINtB6_13NewRoundEventINtNtNtNtCs1rODQd5oASQ_22multiversx_sc_scenario3api7impl_vh12vm_hooks_api10VMHooksApiNtNtB1c_9debug_api15DebugApiBackendEENtNtNtCs5SUGlJDgeoS_19multiversx_sc_codec6single6top_en9TopEncode24top_encode_or_handle_errQINtNtNtNtNtCslPMlHj3qn2H_13multiversx_sc5types7managed5basic14managed_buffer13ManagedBufferB17_EINtNtNtNtB4K_13contract_base8wrappers10serializer21ExitCodecErrorHandlerB17_EECs8iyf5MSkCde_5tests
FNDA:0,_RINvXsF_NtCs2SwsGA1Y6Gb_16price_aggregator7structsNtB6_22DiscardSubmissionEventNtNtNtCs5SUGlJDgeoS_19multiversx_sc_codec6single6top_en9TopEncode24top_encode_or_handle_errQINtNtNtNtNtCslPMlHj3qn2H_13multiversx_sc5types7managed5basic14managed_buffer13ManagedBufferINtNtNtNtCs1rODQd5oASQ_22multiversx_sc_scenario3api7impl_vh12vm_hooks_api10VMHooksApiNtNtB4h_9debug_api15DebugApiBackendEEINtNtNtNtB2U_13contract_base8wrappers10serializer21ExitCodecErrorHandlerB4c_EECs8iyf5MSkCde_5tests
FNDA:1066,_RINvXsb_NtCs2SwsGA1Y6Gb_16price_aggregator7structsINtB6_9PriceFeedINtNtNtNtCs1rODQd5oASQ_22multiversx_sc_scenario3api7impl_vh12vm_hooks_api10VMHooksApiNtNtB17_9debug_api15DebugApiBackendEENtNtNtCs5SUGlJDgeoS_19multiversx_sc_codec6single6top_en9TopEncode24top_encode_or_handle_errINtNtNtCslPMlHj3qn2H_13multiversx_sc2io6finish16ApiOutputAdapterB12_EINtNtNtNtB4A_13contract_base8wrappers10serializer21ExitCodecErrorHandlerB12_EECs8iyf5MSkCde_5tests
FNDA:0,_RINvXsb_NtCs2SwsGA1Y6Gb_16price_aggregator7structsINtB6_9PriceFeedINtNtNtNtCs1rODQd5oASQ_22multiversx_sc_scenario3api7impl_vh12vm_hooks_api10VMHooksApiNtNtB17_9debug_api15DebugApiBackendEENtNtNtCs5SUGlJDgeoS_19multiversx_sc_codec6single6top_en9TopEncode24top_encode_or_handle_errQINtNtNtNtNtCslPMlHj3qn2H_13multiversx_sc5types7managed5basic14managed_buffer13ManagedBufferB12_EINtNtNtNtB4F_13contract_base8wrappers10serializer21ExitCodecErrorHandlerB12_EECs8iyf5MSkCde_5tests
FNDA:433,_RINvXsh_NtCs2SwsGA1Y6Gb_16price_aggregator7structsINtB6_16TimestampedPriceINtNtNtNtCs1rODQd5oASQ_22multiversx_sc_scenario3api7impl_vh12vm_hooks_api10VMHooksApiNtNtB1f_9debug_api15DebugApiBackendEENtNtNtCs5SUGlJDgeoS_19multiversx_sc_codec6single6top_en9TopEncode24top_encode_or_handle_errINtNtNtCslPMlHj3qn2H_13multiversx_sc7storage11storage_set16StorageSetOutputB1a_EINtNtNtNtB4I_13contract_base8wrappers10serializer21ExitCodecErrorHandlerB1a_EECs8iyf5MSkCde_5tests
FNDA:1066,_RINvXsi_NtCs2SwsGA1Y6Gb_16price_aggregator7structsINtB6_16TimestampedPriceINtNtNtNtCs1rODQd5oASQ_22multiversx_sc_scenario3api7impl_vh12vm_hooks_api10VMHooksApiNtNtB1f_9debug_api15DebugApiBackendEENtNtNtCs5SUGlJDgeoS_19multiversx_sc_codec6single6top_de9TopDecode24top_decode_or_handle_errINtNtNtCslPMlHj3qn2H_13multiversx_sc7storage11storage_get15StorageGetInputB1a_EINtB4E_22StorageGetErrorHandlerB1a_EECs8iyf5MSkCde_5tests
FNDA:1924,_RINvXss_NtCs2SwsGA1Y6Gb_16price_aggregator7structsNtB6_12OracleStatusNtNtNtCs5SUGlJDgeoS_19multiversx_sc_codec6single6top_en9TopEncode24top_encode_or_handle_errINtNtNtCslPMlHj3qn2H_13multiversx_sc7storage11storage_set16StorageSetOutputINtNtNtNtCs1rODQd5oASQ_22multiversx_sc_scenario3api7impl_vh12vm_hooks_api10VMHooksApiNtNtB3Q_9debug_api15DebugApiBackendEEINtNtNtNtB2F_13contract_base8wrappers10serializer21ExitCodecErrorHandlerB3L_EECs8iyf5MSkCde_5tests
FNDA:3464,_RINvXst_NtCs2SwsGA1Y6Gb_16price_aggregator7structsNtB6_12OracleStatusNtNtNtCs5SUGlJDgeoS_19multiversx_sc_codec6single6top_de9TopDecode24top_decode_or_handle_errINtNtNtCslPMlHj3qn2H_13multiversx_sc7storage11storage_get15StorageGetInputINtNtNtNtCs1rODQd5oASQ_22multiversx_sc_scenario3api7impl_vh12vm_hooks_api10VMHooksApiNtNtB3P_9debug_api15DebugApiBackendEEINtB2B_22StorageGetErrorHandlerB3K_EECs8iyf5MSkCde_5tests
FNF:10
FNH:8
DA:5,11686
DA:12,1066
DA:23,1066
DA:31,3464
DA:38,433
DA:48,0
BRF:0
BRH:0
LF:10
LH:8
end_of_record
SF:/Users/mihaieremia/GitHub/rs-lending/price_aggregator/src/utils.rs
FN:145,_RNCNvYINtCs2SwsGA1Y6Gb_16price_aggregator11ContractObjINtNtNtNtCs1rODQd5oASQ_22multiversx_sc_scenario3api7impl_vh12vm_hooks_api10VMHooksApiNtNtBV_9debug_api15DebugApiBackendEENtNtB7_5utils11UtilsModule16create_new_round0Cs8iyf5MSkCde_5tests
FN:107,_RNCNvYINtCs2SwsGA1Y6Gb_16price_aggregator11ContractObjINtNtNtNtCs1rODQd5oASQ_22multiversx_sc_scenario3api7impl_vh12vm_hooks_api10VMHooksApiNtNtBV_9debug_api15DebugApiBackendEENtNtB7_5utils11UtilsModule16submit_unchecked0Cs8iyf5MSkCde_5tests
FN:171,_RNvYINtCs2SwsGA1Y6Gb_16price_aggregator11ContractObjINtNtNtNtCs1rODQd5oASQ_22multiversx_sc_scenario3api7impl_vh12vm_hooks_api10VMHooksApiNtNtBT_9debug_api15DebugApiBackendEENtNtB5_5utils11UtilsModule14check_decimalsCs8iyf5MSkCde_5tests
FN:131,_RNvYINtCs2SwsGA1Y6Gb_16price_aggregator11ContractObjINtNtNtNtCs1rODQd5oASQ_22multiversx_sc_scenario3api7impl_vh12vm_hooks_api10VMHooksApiNtNtBT_9debug_api15DebugApiBackendEENtNtB5_5utils11UtilsModule16create_new_roundCs8iyf5MSkCde_5tests
FN:41,_RNvYINtCs2SwsGA1Y6Gb_16price_aggregator11ContractObjINtNtNtNtCs1rODQd5oASQ_22multiversx_sc_scenario3api7impl_vh12vm_hooks_api10VMHooksApiNtNtBT_9debug_api15DebugApiBackendEENtNtB5_5utils11UtilsModule16submit_uncheckedCs8iyf5MSkCde_5tests
FN:163,_RNvYINtCs2SwsGA1Y6Gb_16price_aggregator11ContractObjINtNtNtNtCs1rODQd5oASQ_22multiversx_sc_scenario3api7impl_vh12vm_hooks_api10VMHooksApiNtNtBT_9debug_api15DebugApiBackendEENtNtB5_5utils11UtilsModule17clear_submissionsCs8iyf5MSkCde_5tests
FN:18,_RNvYINtCs2SwsGA1Y6Gb_16price_aggregator11ContractObjINtNtNtNtCs1rODQd5oASQ_22multiversx_sc_scenario3api7impl_vh12vm_hooks_api10VMHooksApiNtNtBT_9debug_api15DebugApiBackendEENtNtB5_5utils11UtilsModule17require_is_oracleCs8iyf5MSkCde_5tests
FN:26,_RNvYINtCs2SwsGA1Y6Gb_16price_aggregator11ContractObjINtNtNtNtCs1rODQd5oASQ_22multiversx_sc_scenario3api7impl_vh12vm_hooks_api10VMHooksApiNtNtBT_9debug_api15DebugApiBackendEENtNtB5_5utils11UtilsModule30require_valid_submission_countCs8iyf5MSkCde_5tests
FN:113,_RNvYINtCs2SwsGA1Y6Gb_16price_aggregator11ContractObjINtNtNtNtCs1rODQd5oASQ_22multiversx_sc_scenario3api7impl_vh12vm_hooks_api10VMHooksApiNtNtBT_9debug_api15DebugApiBackendEENtNtB5_5utils11UtilsModule34require_valid_submission_timestampCs8iyf5MSkCde_5tests
FN:11,_RNvYINtCs2SwsGA1Y6Gb_16price_aggregator11ContractObjINtNtNtNtCs1rODQd5oASQ_22multiversx_sc_scenario3api7impl_vh12vm_hooks_api10VMHooksApiNtNtBT_9debug_api15DebugApiBackendEENtNtB5_5utils16EndpointWrappers17callback_selectorCs8iyf5MSkCde_5tests
FN:11,_RNvYINtCs2SwsGA1Y6Gb_16price_aggregator11ContractObjINtNtNtNtCs1rODQd5oASQ_22multiversx_sc_scenario3api7impl_vh12vm_hooks_api10VMHooksApiNtNtBT_9debug_api15DebugApiBackendEENtNtB5_5utils16EndpointWrappers4callCs8iyf5MSkCde_5tests
FN:11,_RNvYINtCs2SwsGA1Y6Gb_16price_aggregator11ContractObjINtNtNtNtCs1rODQd5oASQ_22multiversx_sc_scenario3api7impl_vh12vm_hooks_api10VMHooksApiNtNtBT_9debug_api15DebugApiBackendEENtNtB5_5utils16EndpointWrappers8callbackCs8iyf5MSkCde_5tests
FNDA:0,_RNCNvYINtCs2SwsGA1Y6Gb_16price_aggregator11ContractObjINtNtNtNtCs1rODQd5oASQ_22multiversx_sc_scenario3api7impl_vh12vm_hooks_api10VMHooksApiNtNtBV_9debug_api15DebugApiBackendEENtNtB7_5utils11UtilsModule16create_new_round0Cs8iyf5MSkCde_5tests
FNDA:1732,_RNCNvYINtCs2SwsGA1Y6Gb_16price_aggregator11ContractObjINtNtNtNtCs1rODQd5oASQ_22multiversx_sc_scenario3api7impl_vh12vm_hooks_api10VMHooksApiNtNtBV_9debug_api15DebugApiBackendEENtNtB7_5utils11UtilsModule16submit_unchecked0Cs8iyf5MSkCde_5tests
FNDA:1732,_RNvYINtCs2SwsGA1Y6Gb_16price_aggregator11ContractObjINtNtNtNtCs1rODQd5oASQ_22multiversx_sc_scenario3api7impl_vh12vm_hooks_api10VMHooksApiNtNtBT_9debug_api15DebugApiBackendEENtNtB5_5utils11UtilsModule14check_decimalsCs8iyf5MSkCde_5tests
FNDA:1732,_RNvYINtCs2SwsGA1Y6Gb_16price_aggregator11ContractObjINtNtNtNtCs1rODQd5oASQ_22multiversx_sc_scenario3api7impl_vh12vm_hooks_api10VMHooksApiNtNtBT_9debug_api15DebugApiBackendEENtNtB5_5utils11UtilsModule16create_new_roundCs8iyf5MSkCde_5tests
FNDA:1732,_RNvYINtCs2SwsGA1Y6Gb_16price_aggregator11ContractObjINtNtNtNtCs1rODQd5oASQ_22multiversx_sc_scenario3api7impl_vh12vm_hooks_api10VMHooksApiNtNtBT_9debug_api15DebugApiBackendEENtNtB5_5utils11UtilsModule16submit_uncheckedCs8iyf5MSkCde_5tests
FNDA:432,_RNvYINtCs2SwsGA1Y6Gb_16price_aggregator11ContractObjINtNtNtNtCs1rODQd5oASQ_22multiversx_sc_scenario3api7impl_vh12vm_hooks_api10VMHooksApiNtNtBT_9debug_api15DebugApiBackendEENtNtB5_5utils11UtilsModule17clear_submissionsCs8iyf5MSkCde_5tests
FNDA:1732,_RNvYINtCs2SwsGA1Y6Gb_16price_aggregator11ContractObjINtNtNtNtCs1rODQd5oASQ_22multiversx_sc_scenario3api7impl_vh12vm_hooks_api10VMHooksApiNtNtBT_9debug_api15DebugApiBackendEENtNtB5_5utils11UtilsModule17require_is_oracleCs8iyf5MSkCde_5tests
FNDA:48,_RNvYINtCs2SwsGA1Y6Gb_16price_aggregator11ContractObjINtNtNtNtCs1rODQd5oASQ_22multiversx_sc_scenario3api7impl_vh12vm_hooks_api10VMHooksApiNtNtBT_9debug_api15DebugApiBackendEENtNtB5_5utils11UtilsModule30require_valid_submission_countCs8iyf5MSkCde_5tests
FNDA:1732,_RNvYINtCs2SwsGA1Y6Gb_16price_aggregator11ContractObjINtNtNtNtCs1rODQd5oASQ_22multiversx_sc_scenario3api7impl_vh12vm_hooks_api10VMHooksApiNtNtBT_9debug_api15DebugApiBackendEENtNtB5_5utils11UtilsModule34require_valid_submission_timestampCs8iyf5MSkCde_5tests
FNDA:0,_RNvYINtCs2SwsGA1Y6Gb_16price_aggregator11ContractObjINtNtNtNtCs1rODQd5oASQ_22multiversx_sc_scenario3api7impl_vh12vm_hooks_api10VMHooksApiNtNtBT_9debug_api15DebugApiBackendEENtNtB5_5utils16EndpointWrappers17callback_selectorCs8iyf5MSkCde_5tests
FNDA:1546,_RNvYINtCs2SwsGA1Y6Gb_16price_aggregator11ContractObjINtNtNtNtCs1rODQd5oASQ_22multiversx_sc_scenario3api7impl_vh12vm_hooks_api10VMHooksApiNtNtBT_9debug_api15DebugApiBackendEENtNtB5_5utils16EndpointWrappers4callCs8iyf5MSkCde_5tests
FNDA:0,_RNvYINtCs2SwsGA1Y6Gb_16price_aggregator11ContractObjINtNtNtNtCs1rODQd5oASQ_22multiversx_sc_scenario3api7impl_vh12vm_hooks_api10VMHooksApiNtNtBT_9debug_api15DebugApiBackendEENtNtB5_5utils16EndpointWrappers8callbackCs8iyf5MSkCde_5tests
FNF:10
FNH:9
DA:11,1546
DA:18,1732
DA:19,1732
DA:20,1732
DA:21,1732
DA:22,1732
DA:23,1732
DA:26,48
DA:27,48
DA:28,48
DA:29,48
DA:30,48
DA:41,1732
DA:42,1732
DA:43,1732
DA:44,1732
DA:45,1732
DA:46,1732
DA:47,1732
DA:48,1732
DA:49,1732
DA:50,1732
DA:51,1732
DA:52,1732
DA:53,1732
DA:54,1732
DA:55,4
DA:56,1728
DA:58,1732
DA:59,1732
DA:60,1732
DA:61,433
DA:62,433
DA:63,433
DA:64,433
DA:66,1299
DA:70,1732
DA:71,0
DA:72,0
DA:73,0
DA:74,0
DA:75,0
DA:76,0
DA:77,0
DA:78,1732
DA:80,1732
DA:81,1732
DA:82,1732
DA:83,1732
DA:84,1732
DA:85,1732
DA:86,1732
DA:87,1732
DA:88,1732
DA:89,1732
DA:90,1732
DA:91,1732
DA:92,1732
DA:93,1732
DA:94,1732
DA:95,1732
DA:96,0
DA:97,0
DA:98,0
DA:99,0
DA:100,0
DA:101,0
DA:102,0
DA:103,0
DA:105,1732
DA:106,1732
DA:107,1732
DA:108,1732
DA:109,1732
DA:110,1732
DA:113,1732
DA:114,1732
DA:115,1732
DA:116,1732
DA:117,1732
DA:118,1732
DA:119,1732
DA:120,1732
DA:121,1732
DA:122,1732
DA:131,1732
DA:132,1732
DA:133,1732
DA:134,433
DA:135,433
DA:136,433
DA:137,433
DA:139,433
DA:140,1732
DA:141,1732
DA:142,1732
DA:144,433
DA:145,433
DA:146,433
DA:147,433
DA:148,433
DA:149,433
DA:150,433
DA:151,433
DA:152,433
DA:153,433
DA:154,433
DA:155,433
DA:156,433
DA:157,433
DA:158,433
DA:159,433
DA:160,1299
DA:163,432
DA:164,432
DA:165,0
DA:166,432
DA:167,432
DA:168,432
DA:171,1732
DA:172,1732
DA:173,1732
DA:174,1732
DA:175,1732
DA:176,1732
BRF:0
BRH:0
LF:128
LH:111
end_of_record
SF:/Users/mihaieremia/GitHub/rs-lending/price_aggregator/src/views.rs
FN:78,_RNvYINtCs2SwsGA1Y6Gb_16price_aggregator11ContractObjINtNtNtNtCs1rODQd5oASQ_22multiversx_sc_scenario3api7impl_vh12vm_hooks_api10VMHooksApiNtNtBT_9debug_api15DebugApiBackendEENtNtB5_5views11ViewsModule11get_oraclesCs8iyf5MSkCde_5tests
FN:17,_RNvYINtCs2SwsGA1Y6Gb_16price_aggregator11ContractObjINtNtNtNtCs1rODQd5oASQ_22multiversx_sc_scenario3api7impl_vh12vm_hooks_api10VMHooksApiNtNtBT_9debug_api15DebugApiBackendEENtNtB5_5views11ViewsModule15make_price_feedCs8iyf5MSkCde_5tests
FN:32,_RNvYINtCs2SwsGA1Y6Gb_16price_aggregator11ContractObjINtNtNtNtCs1rODQd5oASQ_22multiversx_sc_scenario3api7impl_vh12vm_hooks_api10VMHooksApiNtNtBT_9debug_api15DebugApiBackendEENtNtB5_5views11ViewsModule17get_pair_decimalsCs8iyf5MSkCde_5tests
FN:57,_RNvYINtCs2SwsGA1Y6Gb_16price_aggregator11ContractObjINtNtNtNtCs1rODQd5oASQ_22multiversx_sc_scenario3api7impl_vh12vm_hooks_api10VMHooksApiNtNtBT_9debug_api15DebugApiBackendEENtNtB5_5views11ViewsModule17latest_price_feedCs8iyf5MSkCde_5tests
FN:42,_RNvYINtCs2SwsGA1Y6Gb_16price_aggregator11ContractObjINtNtNtNtCs1rODQd5oASQ_22multiversx_sc_scenario3api7impl_vh12vm_hooks_api10VMHooksApiNtNtBT_9debug_api15DebugApiBackendEENtNtB5_5views11ViewsModule17latest_round_dataCs8iyf5MSkCde_5tests
FN:73,_RNvYINtCs2SwsGA1Y6Gb_16price_aggregator11ContractObjINtNtNtNtCs1rODQd5oASQ_22multiversx_sc_scenario3api7impl_vh12vm_hooks_api10VMHooksApiNtNtBT_9debug_api15DebugApiBackendEENtNtB5_5views11ViewsModule26latest_price_feed_optionalCs8iyf5MSkCde_5tests
FN:9,_RNvYINtCs2SwsGA1Y6Gb_16price_aggregator11ContractObjINtNtNtNtCs1rODQd5oASQ_22multiversx_sc_scenario3api7impl_vh12vm_hooks_api10VMHooksApiNtNtBT_9debug_api15DebugApiBackendEENtNtB5_5views16EndpointWrappers16call_get_oraclesCs8iyf5MSkCde_5tests
FN:9,_RNvYINtCs2SwsGA1Y6Gb_16price_aggregator11ContractObjINtNtNtNtCs1rODQd5oASQ_22multiversx_sc_scenario3api7impl_vh12vm_hooks_api10VMHooksApiNtNtBT_9debug_api15DebugApiBackendEENtNtB5_5views16EndpointWrappers17callback_selectorCs8iyf5MSkCde_5tests
FN:9,_RNvYINtCs2SwsGA1Y6Gb_16price_aggregator11ContractObjINtNtNtNtCs1rODQd5oASQ_22multiversx_sc_scenario3api7impl_vh12vm_hooks_api10VMHooksApiNtNtBT_9debug_api15DebugApiBackendEENtNtB5_5views16EndpointWrappers22call_get_pair_decimalsCs8iyf5MSkCde_5tests
FN:9,_RNvYINtCs2SwsGA1Y6Gb_16price_aggregator11ContractObjINtNtNtNtCs1rODQd5oASQ_22multiversx_sc_scenario3api7impl_vh12vm_hooks_api10VMHooksApiNtNtBT_9debug_api15DebugApiBackendEENtNtB5_5views16EndpointWrappers22call_latest_price_feedCs8iyf5MSkCde_5tests
FN:9,_RNvYINtCs2SwsGA1Y6Gb_16price_aggregator11ContractObjINtNtNtNtCs1rODQd5oASQ_22multiversx_sc_scenario3api7impl_vh12vm_hooks_api10VMHooksApiNtNtBT_9debug_api15DebugApiBackendEENtNtB5_5views16EndpointWrappers22call_latest_round_dataCs8iyf5MSkCde_5tests
FN:9,_RNvYINtCs2SwsGA1Y6Gb_16price_aggregator11ContractObjINtNtNtNtCs1rODQd5oASQ_22multiversx_sc_scenario3api7impl_vh12vm_hooks_api10VMHooksApiNtNtBT_9debug_api15DebugApiBackendEENtNtB5_5views16EndpointWrappers31call_latest_price_feed_optionalCs8iyf5MSkCde_5tests
FN:9,_RNvYINtCs2SwsGA1Y6Gb_16price_aggregator11ContractObjINtNtNtNtCs1rODQd5oASQ_22multiversx_sc_scenario3api7impl_vh12vm_hooks_api10VMHooksApiNtNtBT_9debug_api15DebugApiBackendEENtNtB5_5views16EndpointWrappers4callCs8iyf5MSkCde_5tests
FN:9,_RNvYINtCs2SwsGA1Y6Gb_16price_aggregator11ContractObjINtNtNtNtCs1rODQd5oASQ_22multiversx_sc_scenario3api7impl_vh12vm_hooks_api10VMHooksApiNtNtBT_9debug_api15DebugApiBackendEENtNtB5_5views16EndpointWrappers8callbackCs8iyf5MSkCde_5tests
FNDA:0,_RNvYINtCs2SwsGA1Y6Gb_16price_aggregator11ContractObjINtNtNtNtCs1rODQd5oASQ_22multiversx_sc_scenario3api7impl_vh12vm_hooks_api10VMHooksApiNtNtBT_9debug_api15DebugApiBackendEENtNtB5_5views11ViewsModule11get_oraclesCs8iyf5MSkCde_5tests
FNDA:1066,_RNvYINtCs2SwsGA1Y6Gb_16price_aggregator11ContractObjINtNtNtNtCs1rODQd5oASQ_22multiversx_sc_scenario3api7impl_vh12vm_hooks_api10VMHooksApiNtNtBT_9debug_api15DebugApiBackendEENtNtB5_5views11ViewsModule15make_price_feedCs8iyf5MSkCde_5tests
FNDA:1732,_RNvYINtCs2SwsGA1Y6Gb_16price_aggregator11ContractObjINtNtNtNtCs1rODQd5oASQ_22multiversx_sc_scenario3api7impl_vh12vm_hooks_api10VMHooksApiNtNtBT_9debug_api15DebugApiBackendEENtNtB5_5views11ViewsModule17get_pair_decimalsCs8iyf5MSkCde_5tests
FNDA:1066,_RNvYINtCs2SwsGA1Y6Gb_16price_aggregator11ContractObjINtNtNtNtCs1rODQd5oASQ_22multiversx_sc_scenario3api7impl_vh12vm_hooks_api10VMHooksApiNtNtBT_9debug_api15DebugApiBackendEENtNtB5_5views11ViewsModule17latest_price_feedCs8iyf5MSkCde_5tests
FNDA:0,_RNvYINtCs2SwsGA1Y6Gb_16price_aggregator11ContractObjINtNtNtNtCs1rODQd5oASQ_22multiversx_sc_scenario3api7impl_vh12vm_hooks_api10VMHooksApiNtNtBT_9debug_api15DebugApiBackendEENtNtB5_5views11ViewsModule17latest_round_dataCs8iyf5MSkCde_5tests
FNDA:0,_RNvYINtCs2SwsGA1Y6Gb_16price_aggregator11ContractObjINtNtNtNtCs1rODQd5oASQ_22multiversx_sc_scenario3api7impl_vh12vm_hooks_api10VMHooksApiNtNtBT_9debug_api15DebugApiBackendEENtNtB5_5views11ViewsModule26latest_price_feed_optionalCs8iyf5MSkCde_5tests
FNDA:0,_RNvYINtCs2SwsGA1Y6Gb_16price_aggregator11ContractObjINtNtNtNtCs1rODQd5oASQ_22multiversx_sc_scenario3api7impl_vh12vm_hooks_api10VMHooksApiNtNtBT_9debug_api15DebugApiBackendEENtNtB5_5views16EndpointWrappers16call_get_oraclesCs8iyf5MSkCde_5tests
FNDA:0,_RNvYINtCs2SwsGA1Y6Gb_16price_aggregator11ContractObjINtNtNtNtCs1rODQd5oASQ_22multiversx_sc_scenario3api7impl_vh12vm_hooks_api10VMHooksApiNtNtBT_9debug_api15DebugApiBackendEENtNtB5_5views16EndpointWrappers17callback_selectorCs8iyf5MSkCde_5tests
FNDA:0,_RNvYINtCs2SwsGA1Y6Gb_16price_aggregator11ContractObjINtNtNtNtCs1rODQd5oASQ_22multiversx_sc_scenario3api7impl_vh12vm_hooks_api10VMHooksApiNtNtBT_9debug_api15DebugApiBackendEENtNtB5_5views16EndpointWrappers22call_get_pair_decimalsCs8iyf5MSkCde_5tests
FNDA:1066,_RNvYINtCs2SwsGA1Y6Gb_16price_aggregator11ContractObjINtNtNtNtCs1rODQd5oASQ_22multiversx_sc_scenario3api7impl_vh12vm_hooks_api10VMHooksApiNtNtBT_9debug_api15DebugApiBackendEENtNtB5_5views16EndpointWrappers22call_latest_price_feedCs8iyf5MSkCde_5tests
FNDA:0,_RNvYINtCs2SwsGA1Y6Gb_16price_aggregator11ContractObjINtNtNtNtCs1rODQd5oASQ_22multiversx_sc_scenario3api7impl_vh12vm_hooks_api10VMHooksApiNtNtBT_9debug_api15DebugApiBackendEENtNtB5_5views16EndpointWrappers22call_latest_round_dataCs8iyf5MSkCde_5tests
FNDA:0,_RNvYINtCs2SwsGA1Y6Gb_16price_aggregator11ContractObjINtNtNtNtCs1rODQd5oASQ_22multiversx_sc_scenario3api7impl_vh12vm_hooks_api10VMHooksApiNtNtBT_9debug_api15DebugApiBackendEENtNtB5_5views16EndpointWrappers31call_latest_price_feed_optionalCs8iyf5MSkCde_5tests
FNDA:2026,_RNvYINtCs2SwsGA1Y6Gb_16price_aggregator11ContractObjINtNtNtNtCs1rODQd5oASQ_22multiversx_sc_scenario3api7impl_vh12vm_hooks_api10VMHooksApiNtNtBT_9debug_api15DebugApiBackendEENtNtB5_5views16EndpointWrappers4callCs8iyf5MSkCde_5tests
FNDA:0,_RNvYINtCs2SwsGA1Y6Gb_16price_aggregator11ContractObjINtNtNtNtCs1rODQd5oASQ_22multiversx_sc_scenario3api7impl_vh12vm_hooks_api10VMHooksApiNtNtBT_9debug_api15DebugApiBackendEENtNtB5_5views16EndpointWrappers8callbackCs8iyf5MSkCde_5tests
FNF:7
FNH:4
DA:9,2026
DA:17,1066
DA:18,1066
DA:19,1066
DA:20,1066
DA:21,1066
DA:22,1066
DA:23,1066
DA:24,1066
DA:25,1066
DA:26,1066
DA:27,1066
DA:28,1066
DA:32,1732
DA:33,1732
DA:34,1732
DA:35,1732
DA:42,0
DA:43,0
DA:44,0
DA:45,0
DA:46,0
DA:47,0
DA:48,0
DA:49,0
DA:50,0
DA:53,0
DA:57,1066
DA:58,1066
DA:60,1066
DA:61,1066
DA:63,1066
DA:64,1066
DA:65,1066
DA:73,0
DA:74,0
DA:78,0
DA:79,0
DA:80,0
DA:81,0
DA:82,0
DA:83,0
BRF:0
BRH:0
LF:42
LH:24
end_of_record