SF:/Users/mihaieremia/GitHub/rs-lending/common/events/src/events.rs
FN:7,_RNvXCsbB4pFCUcDrG_13common_eventsINtNtNtCsiu69tKcHrj_13multiversx_sc13contract_base22universal_contract_obj20UniversalContractObjINtNtNtNtCsaT8J8gEWH0X_22multiversx_sc_scenario3api7impl_vh12vm_hooks_api10VMHooksApiNtNtB28_9debug_api15DebugApiBackendEENtB2_12EventsModule19market_params_eventCsbSeQquGUR4T_5tests
FN:7,_RNvXCsbB4pFCUcDrG_13common_eventsINtNtNtCsiu69tKcHrj_13multiversx_sc13contract_base22universal_contract_obj20UniversalContractObjINtNtNtNtCsaT8J8gEWH0X_22multiversx_sc_scenario3api7impl_vh12vm_hooks_api10VMHooksApiNtNtB28_9debug_api15DebugApiBackendEENtB2_12EventsModule21update_position_eventCsbSeQquGUR4T_5tests
FN:7,_RNvXCsbB4pFCUcDrG_13common_eventsINtNtNtCsiu69tKcHrj_13multiversx_sc13contract_base22universal_contract_obj20UniversalContractObjINtNtNtNtCsaT8J8gEWH0X_22multiversx_sc_scenario3api7impl_vh12vm_hooks_api10VMHooksApiNtNtB28_9debug_api15DebugApiBackendEENtB2_12EventsModule25update_asset_config_eventCsbSeQquGUR4T_5tests
FN:7,_RNvXCsbB4pFCUcDrG_13common_eventsINtNtNtCsiu69tKcHrj_13multiversx_sc13contract_base22universal_contract_obj20UniversalContractObjINtNtNtNtCsaT8J8gEWH0X_22multiversx_sc_scenario3api7impl_vh12vm_hooks_api10VMHooksApiNtNtB28_9debug_api15DebugApiBackendEENtB2_12EventsModule25update_debt_ceiling_eventCsbSeQquGUR4T_5tests
FN:7,_RNvXCsbB4pFCUcDrG_13common_eventsINtNtNtCsiu69tKcHrj_13multiversx_sc13contract_base22universal_contract_obj20UniversalContractObjINtNtNtNtCsaT8J8gEWH0X_22multiversx_sc_scenario3api7impl_vh12vm_hooks_api10VMHooksApiNtNtB28_9debug_api15DebugApiBackendEENtB2_12EventsModule25update_e_mode_asset_eventCsbSeQquGUR4T_5tests
FN:7,_RNvXCsbB4pFCUcDrG_13common_eventsINtNtNtCsiu69tKcHrj_13multiversx_sc13contract_base22universal_contract_obj20UniversalContractObjINtNtNtNtCsaT8J8gEWH0X_22multiversx_sc_scenario3api7impl_vh12vm_hooks_api10VMHooksApiNtNtB28_9debug_api15DebugApiBackendEENtB2_12EventsModule26create_market_params_eventCsbSeQquGUR4T_5tests
FN:7,_RNvXCsbB4pFCUcDrG_13common_eventsINtNtNtCsiu69tKcHrj_13multiversx_sc13contract_base22universal_contract_obj20UniversalContractObjINtNtNtNtCsaT8J8gEWH0X_22multiversx_sc_scenario3api7impl_vh12vm_hooks_api10VMHooksApiNtNtB28_9debug_api15DebugApiBackendEENtB2_12EventsModule28update_e_mode_category_eventCsbSeQquGUR4T_5tests
FN:7,_RNvXCsbB4pFCUcDrG_13common_eventsINtNtNtCsiu69tKcHrj_13multiversx_sc13contract_base22universal_contract_obj20UniversalContractObjINtNtNtNtCsaT8J8gEWH0X_22multiversx_sc_scenario3api7impl_vh12vm_hooks_api10VMHooksApiNtNtB28_9debug_api15DebugApiBackendEENtB2_12EventsModule31__emit_update_market_state_eventCsbSeQquGUR4T_5tests
FN:7,_RNvXCsbB4pFCUcDrG_13common_eventsINtNtNtCsiu69tKcHrj_13multiversx_sc13contract_base22universal_contract_obj20UniversalContractObjINtNtNtNtCsaT8J8gEWH0X_22multiversx_sc_scenario3api7impl_vh12vm_hooks_api10VMHooksApiNtNtB28_9debug_api15DebugApiBackendEENtB2_12EventsModule34update_vault_supplied_amount_eventCsbSeQquGUR4T_5tests
FN:46,_RNvYINtNtNtCsiu69tKcHrj_13multiversx_sc13contract_base22universal_contract_obj20UniversalContractObjINtNtNtNtCsaT8J8gEWH0X_22multiversx_sc_scenario3api7impl_vh12vm_hooks_api10VMHooksApiNtNtB1F_9debug_api15DebugApiBackendEENtCsbB4pFCUcDrG_13common_events12EventsModule25update_market_state_eventCsbSeQquGUR4T_5tests
FN:7,_RNvYINtNtNtCsiu69tKcHrj_13multiversx_sc13contract_base22universal_contract_obj20UniversalContractObjINtNtNtNtCsaT8J8gEWH0X_22multiversx_sc_scenario3api7impl_vh12vm_hooks_api10VMHooksApiNtNtB1F_9debug_api15DebugApiBackendEENtCsbB4pFCUcDrG_13common_events16EndpointWrappers17callback_selectorCsbSeQquGUR4T_5tests
FN:7,_RNvYINtNtNtCsiu69tKcHrj_13multiversx_sc13contract_base22universal_contract_obj20UniversalContractObjINtNtNtNtCsaT8J8gEWH0X_22multiversx_sc_scenario3api7impl_vh12vm_hooks_api10VMHooksApiNtNtB1F_9debug_api15DebugApiBackendEENtCsbB4pFCUcDrG_13common_events16EndpointWrappers4callCsbSeQquGUR4T_5tests
FN:7,_RNvYINtNtNtCsiu69tKcHrj_13multiversx_sc13contract_base22universal_contract_obj20UniversalContractObjINtNtNtNtCsaT8J8gEWH0X_22multiversx_sc_scenario3api7impl_vh12vm_hooks_api10VMHooksApiNtNtB1F_9debug_api15DebugApiBackendEENtCsbB4pFCUcDrG_13common_events16EndpointWrappers8callbackCsbSeQquGUR4T_5tests
FN:7,_RNvXCsbB4pFCUcDrG_13common_eventsINtCs60i48La0WMh_12lending_pool11ContractObjINtNtNtNtCsaT8J8gEWH0X_22multiversx_sc_scenario3api7impl_vh12vm_hooks_api10VMHooksApiNtNtB1i_9debug_api15DebugApiBackendEENtB2_12EventsModule21update_position_eventCsbSeQquGUR4T_5tests
FNDA:0,_RNvXCsbB4pFCUcDrG_13common_eventsINtNtNtCsiu69tKcHrj_13multiversx_sc13contract_base22universal_contract_obj20UniversalContractObjINtNtNtNtCsaT8J8gEWH0X_22multiversx_sc_scenario3api7impl_vh12vm_hooks_api10VMHooksApiNtNtB28_9debug_api15DebugApiBackendEENtB2_12EventsModule19market_params_eventCsbSeQquGUR4T_5tests
FNDA:145,_RNvXCsbB4pFCUcDrG_13common_eventsINtNtNtCsiu69tKcHrj_13multiversx_sc13contract_base22universal_contract_obj20UniversalContractObjINtNtNtNtCsaT8J8gEWH0X_22multiversx_sc_scenario3api7impl_vh12vm_hooks_api10VMHooksApiNtNtB28_9debug_api15DebugApiBackendEENtB2_12EventsModule21update_position_eventCsbSeQquGUR4T_5tests
FNDA:192,_RNvXCsbB4pFCUcDrG_13common_eventsINtNtNtCsiu69tKcHrj_13multiversx_sc13contract_base22universal_contract_obj20UniversalContractObjINtNtNtNtCsaT8J8gEWH0X_22multiversx_sc_scenario3api7impl_vh12vm_hooks_api10VMHooksApiNtNtB28_9debug_api15DebugApiBackendEENtB2_12EventsModule25update_asset_config_eventCsbSeQquGUR4T_5tests
FNDA:7,_RNvXCsbB4pFCUcDrG_13common_eventsINtNtNtCsiu69tKcHrj_13multiversx_sc13contract_base22universal_contract_obj20UniversalContractObjINtNtNtNtCsaT8J8gEWH0X_22multiversx_sc_scenario3api7impl_vh12vm_hooks_api10VMHooksApiNtNtB28_9debug_api15DebugApiBackendEENtB2_12EventsModule25update_debt_ceiling_eventCsbSeQquGUR4T_5tests
FNDA:192,_RNvXCsbB4pFCUcDrG_13common_eventsINtNtNtCsiu69tKcHrj_13multiversx_sc13contract_base22universal_contract_obj20UniversalContractObjINtNtNtNtCsaT8J8gEWH0X_22multiversx_sc_scenario3api7impl_vh12vm_hooks_api10VMHooksApiNtNtB28_9debug_api15DebugApiBackendEENtB2_12EventsModule25update_e_mode_asset_eventCsbSeQquGUR4T_5tests
FNDA:480,_RNvXCsbB4pFCUcDrG_13common_eventsINtNtNtCsiu69tKcHrj_13multiversx_sc13contract_base22universal_contract_obj20UniversalContractObjINtNtNtNtCsaT8J8gEWH0X_22multiversx_sc_scenario3api7impl_vh12vm_hooks_api10VMHooksApiNtNtB28_9debug_api15DebugApiBackendEENtB2_12EventsModule26create_market_params_eventCsbSeQquGUR4T_5tests
FNDA:48,_RNvXCsbB4pFCUcDrG_13common_eventsINtNtNtCsiu69tKcHrj_13multiversx_sc13contract_base22universal_contract_obj20UniversalContractObjINtNtNtNtCsaT8J8gEWH0X_22multiversx_sc_scenario3api7impl_vh12vm_hooks_api10VMHooksApiNtNtB28_9debug_api15DebugApiBackendEENtB2_12EventsModule28update_e_mode_category_eventCsbSeQquGUR4T_5tests
FNDA:889,_RNvXCsbB4pFCUcDrG_13common_eventsINtNtNtCsiu69tKcHrj_13multiversx_sc13contract_base22universal_contract_obj20UniversalContractObjINtNtNtNtCsaT8J8gEWH0X_22multiversx_sc_scenario3api7impl_vh12vm_hooks_api10VMHooksApiNtNtB28_9debug_api15DebugApiBackendEENtB2_12EventsModule31__emit_update_market_state_eventCsbSeQquGUR4T_5tests
FNDA:16,_RNvXCsbB4pFCUcDrG_13common_eventsINtNtNtCsiu69tKcHrj_13multiversx_sc13contract_base22universal_contract_obj20UniversalContractObjINtNtNtNtCsaT8J8gEWH0X_22multiversx_sc_scenario3api7impl_vh12vm_hooks_api10VMHooksApiNtNtB28_9debug_api15DebugApiBackendEENtB2_12EventsModule34update_vault_supplied_amount_eventCsbSeQquGUR4T_5tests
FNDA:889,_RNvYINtNtNtCsiu69tKcHrj_13multiversx_sc13contract_base22universal_contract_obj20UniversalContractObjINtNtNtNtCsaT8J8gEWH0X_22multiversx_sc_scenario3api7impl_vh12vm_hooks_api10VMHooksApiNtNtB1F_9debug_api15DebugApiBackendEENtCsbB4pFCUcDrG_13common_events12EventsModule25update_market_state_eventCsbSeQquGUR4T_5tests
FNDA:0,_RNvYINtNtNtCsiu69tKcHrj_13multiversx_sc13contract_base22universal_contract_obj20UniversalContractObjINtNtNtNtCsaT8J8gEWH0X_22multiversx_sc_scenario3api7impl_vh12vm_hooks_api10VMHooksApiNtNtB1F_9debug_api15DebugApiBackendEENtCsbB4pFCUcDrG_13common_events16EndpointWrappers17callback_selectorCsbSeQquGUR4T_5tests
FNDA:7284,_RNvYINtNtNtCsiu69tKcHrj_13multiversx_sc13contract_base22universal_contract_obj20UniversalContractObjINtNtNtNtCsaT8J8gEWH0X_22multiversx_sc_scenario3api7impl_vh12vm_hooks_api10VMHooksApiNtNtB1F_9debug_api15DebugApiBackendEENtCsbB4pFCUcDrG_13common_events16EndpointWrappers4callCsbSeQquGUR4T_5tests
FNDA:0,_RNvYINtNtNtCsiu69tKcHrj_13multiversx_sc13contract_base22universal_contract_obj20UniversalContractObjINtNtNtNtCsaT8J8gEWH0X_22multiversx_sc_scenario3api7impl_vh12vm_hooks_api10VMHooksApiNtNtB1F_9debug_api15DebugApiBackendEENtCsbB4pFCUcDrG_13common_events16EndpointWrappers8callbackCsbSeQquGUR4T_5tests
FNDA:748,_RNvXCsbB4pFCUcDrG_13common_eventsINtCs60i48La0WMh_12lending_pool11ContractObjINtNtNtNtCsaT8J8gEWH0X_22multiversx_sc_scenario3api7impl_vh12vm_hooks_api10VMHooksApiNtNtB1i_9debug_api15DebugApiBackendEENtB2_12EventsModule21update_position_eventCsbSeQquGUR4T_5tests
FNF:2
FNH:2
DA:7,7284
DA:46,889
DA:47,889
DA:48,889
DA:49,889
DA:50,889
DA:51,889
DA:52,889
DA:53,889
DA:54,889
DA:55,889
DA:56,889
DA:57,889
BRF:0
BRH:0
LF:13
LH:13
end_of_record
SF:/Users/mihaieremia/GitHub/rs-lending/common/structs/src/model.rs
FN:137,_RINvXs12_CshHluQ5WovEN_14common_structsNtB7_20NftAccountAttributesNtNtNtCsj1m2RfQUXvB_19multiversx_sc_codec6single6top_en9TopEncode24top_encode_or_handle_errINtNtNtCsiu69tKcHrj_13multiversx_sc2io6finish16ApiOutputAdapterINtNtNtNtCsaT8J8gEWH0X_22multiversx_sc_scenario3api7impl_vh12vm_hooks_api10VMHooksApiNtNtB3B_9debug_api15DebugApiBackendEEINtNtNtNtB2C_13contract_base8wrappers10serializer21ExitCodecErrorHandlerB3w_EECsbSeQquGUR4T_5tests
FN:137,_RINvXs12_CshHluQ5WovEN_14common_structsNtB7_20NftAccountAttributesNtNtNtCsj1m2RfQUXvB_19multiversx_sc_codec6single6top_en9TopEncode24top_encode_or_handle_errINtNtNtCsiu69tKcHrj_13multiversx_sc7storage11storage_set16StorageSetOutputINtNtNtNtCsaT8J8gEWH0X_22multiversx_sc_scenario3api7impl_vh12vm_hooks_api10VMHooksApiNtNtB3M_9debug_api15DebugApiBackendEEINtNtNtNtB2C_13contract_base8wrappers10serializer21ExitCodecErrorHandlerB3H_EECsbSeQquGUR4T_5tests
FN:137,_RINvXs12_CshHluQ5WovEN_14common_structsNtB7_20NftAccountAttributesNtNtNtCsj1m2RfQUXvB_19multiversx_sc_codec6single6top_en9TopEncode24top_encode_or_handle_errQINtNtCshTKFwE22Rw2_5alloc3vec3VechENtNtB18_17codec_err_handler19DefaultErrorHandlerECsbSeQquGUR4T_5tests
FN:137,_RINvXs12_CshHluQ5WovEN_14common_structsNtB7_20NftAccountAttributesNtNtNtCsj1m2RfQUXvB_19multiversx_sc_codec6single6top_en9TopEncode24top_encode_or_handle_errQINtNtNtNtNtCsiu69tKcHrj_13multiversx_sc5types7managed5basic14managed_buffer13ManagedBufferINtNtNtNtCsaT8J8gEWH0X_22multiversx_sc_scenario3api7impl_vh12vm_hooks_api10VMHooksApiNtNtB43_9debug_api15DebugApiBackendEEINtNtNtNtB2H_13contract_base8wrappers10serializer21ExitCodecErrorHandlerB3Y_EECsbSeQquGUR4T_5tests
FN:137,_RINvXs13_CshHluQ5WovEN_14common_structsNtB7_20NftAccountAttributesNtNtNtCsj1m2RfQUXvB_19multiversx_sc_codec6single6top_de9TopDecode24top_decode_or_handle_errINtNtNtCsiu69tKcHrj_13multiversx_sc7storage11storage_get15StorageGetInputINtNtNtNtCsaT8J8gEWH0X_22multiversx_sc_scenario3api7impl_vh12vm_hooks_api10VMHooksApiNtNtB3L_9debug_api15DebugApiBackendEEINtB2y_22StorageGetErrorHandlerB3G_EECsbSeQquGUR4T_5tests
FN:137,_RINvXs13_CshHluQ5WovEN_14common_structsNtB7_20NftAccountAttributesNtNtNtCsj1m2RfQUXvB_19multiversx_sc_codec6single6top_de9TopDecode24top_decode_or_handle_errINtNtNtNtNtCsiu69tKcHrj_13multiversx_sc5types7managed5basic14managed_buffer13ManagedBufferINtNtNtNtCsaT8J8gEWH0X_22multiversx_sc_scenario3api7impl_vh12vm_hooks_api10VMHooksApiNtNtB42_9debug_api15DebugApiBackendEEINtNtNtNtB2G_13contract_base8wrappers10serializer21ExitCodecErrorHandlerB3X_EECsbSeQquGUR4T_5tests
FN:130,_RINvXs19_CshHluQ5WovEN_14common_structsNtB7_16EModeAssetConfigNtNtNtCsj1m2RfQUXvB_19multiversx_sc_codec6single6top_en9TopEncode24top_encode_or_handle_errINtNtNtCsiu69tKcHrj_13multiversx_sc2io6finish16ApiOutputAdapterINtNtNtNtCsaT8J8gEWH0X_22multiversx_sc_scenario3api7impl_vh12vm_hooks_api10VMHooksApiNtNtB3x_9debug_api15DebugApiBackendEEINtNtNtNtB2y_13contract_base8wrappers10serializer21ExitCodecErrorHandlerB3s_EECsbSeQquGUR4T_5tests
FN:130,_RINvXs19_CshHluQ5WovEN_14common_structsNtB7_16EModeAssetConfigNtNtNtCsj1m2RfQUXvB_19multiversx_sc_codec6single6top_en9TopEncode24top_encode_or_handle_errINtNtNtCsiu69tKcHrj_13multiversx_sc7storage11storage_set16StorageSetOutputINtNtNtNtCsaT8J8gEWH0X_22multiversx_sc_scenario3api7impl_vh12vm_hooks_api10VMHooksApiNtNtB3I_9debug_api15DebugApiBackendEEINtNtNtNtB2y_13contract_base8wrappers10serializer21ExitCodecErrorHandlerB3D_EECsbSeQquGUR4T_5tests
FN:130,_RINvXs19_CshHluQ5WovEN_14common_structsNtB7_16EModeAssetConfigNtNtNtCsj1m2RfQUXvB_19multiversx_sc_codec6single6top_en9TopEncode24top_encode_or_handle_errQINtNtNtNtNtCsiu69tKcHrj_13multiversx_sc5types7managed5basic14managed_buffer13ManagedBufferINtNtNtNtCsaT8J8gEWH0X_22multiversx_sc_scenario3api7impl_vh12vm_hooks_api10VMHooksApiNtNtB3Z_9debug_api15DebugApiBackendEEINtNtNtNtB2D_13contract_base8wrappers10serializer21ExitCodecErrorHandlerB3U_EECsbSeQquGUR4T_5tests
FN:29,_RINvXs1G_CshHluQ5WovEN_14common_structsINtB7_15AccountPositionINtNtNtNtCsaT8J8gEWH0X_22multiversx_sc_scenario3api7impl_vh12vm_hooks_api10VMHooksApiNtNtB13_9debug_api15DebugApiBackendEENtNtNtCsj1m2RfQUXvB_19multiversx_sc_codec6single9nested_en12NestedEncode24dep_encode_or_handle_errINtNtNtNtNtNtCsiu69tKcHrj_13multiversx_sc5types7managed7wrapped7builder22managed_buffer_builder20ManagedBufferBuilderBY_EINtNtNtNtB4J_13contract_base8wrappers10serializer21ExitCodecErrorHandlerBY_EECsbSeQquGUR4T_5tests
FN:29,_RINvXs1I_CshHluQ5WovEN_14common_structsINtB7_15AccountPositionINtNtNtNtCsaT8J8gEWH0X_22multiversx_sc_scenario3api7impl_vh12vm_hooks_api10VMHooksApiNtNtB13_9debug_api15DebugApiBackendEENtNtNtCsj1m2RfQUXvB_19multiversx_sc_codec6single6top_en9TopEncode24top_encode_or_handle_errINtNtNtCsiu69tKcHrj_13multiversx_sc2io6finish16ApiOutputAdapterBY_EINtNtNtNtB4w_13contract_base8wrappers10serializer21ExitCodecErrorHandlerBY_EECsbSeQquGUR4T_5tests
FN:29,_RINvXs1I_CshHluQ5WovEN_14common_structsINtB7_15AccountPositionINtNtNtNtCsaT8J8gEWH0X_22multiversx_sc_scenario3api7impl_vh12vm_hooks_api10VMHooksApiNtNtB13_9debug_api15DebugApiBackendEENtNtNtCsj1m2RfQUXvB_19multiversx_sc_codec6single6top_en9TopEncode24top_encode_or_handle_errINtNtNtCsiu69tKcHrj_13multiversx_sc7storage11storage_set16StorageSetOutputBY_EINtNtNtNtB4w_13contract_base8wrappers10serializer21ExitCodecErrorHandlerBY_EECsbSeQquGUR4T_5tests
FN:29,_RINvXs1I_CshHluQ5WovEN_14common_structsINtB7_15AccountPositionINtNtNtNtCsaT8J8gEWH0X_22multiversx_sc_scenario3api7impl_vh12vm_hooks_api10VMHooksApiNtNtB13_9debug_api15DebugApiBackendEENtNtNtCsj1m2RfQUXvB_19multiversx_sc_codec6single6top_en9TopEncode24top_encode_or_handle_errQINtNtNtNtNtCsiu69tKcHrj_13multiversx_sc5types7managed5basic14managed_buffer13ManagedBufferBY_EINtNtNtNtB4B_13contract_base8wrappers10serializer21ExitCodecErrorHandlerBY_EECsbSeQquGUR4T_5tests
FN:29,_RINvXs1J_CshHluQ5WovEN_14common_structsINtB7_15AccountPositionINtNtNtNtCsaT8J8gEWH0X_22multiversx_sc_scenario3api7impl_vh12vm_hooks_api10VMHooksApiNtNtB13_9debug_api15DebugApiBackendEENtNtNtCsj1m2RfQUXvB_19multiversx_sc_codec6single6top_de9TopDecode24top_decode_or_handle_errINtNtNtCsiu69tKcHrj_13multiversx_sc2io12arg_de_input14ArgDecodeInputBY_EINtNtB4u_17arg_error_handler15ArgErrorHandlerBY_EECsbSeQquGUR4T_5tests
FN:29,_RINvXs1J_CshHluQ5WovEN_14common_structsINtB7_15AccountPositionINtNtNtNtCsaT8J8gEWH0X_22multiversx_sc_scenario3api7impl_vh12vm_hooks_api10VMHooksApiNtNtB13_9debug_api15DebugApiBackendEENtNtNtCsj1m2RfQUXvB_19multiversx_sc_codec6single6top_de9TopDecode24top_decode_or_handle_errINtNtNtCsiu69tKcHrj_13multiversx_sc7storage11storage_get15StorageGetInputBY_EINtB4s_22StorageGetErrorHandlerBY_EECsbSeQquGUR4T_5tests
FN:29,_RINvXs1J_CshHluQ5WovEN_14common_structsINtB7_15AccountPositionINtNtNtNtCsaT8J8gEWH0X_22multiversx_sc_scenario3api7impl_vh12vm_hooks_api10VMHooksApiNtNtB13_9debug_api15DebugApiBackendEENtNtNtCsj1m2RfQUXvB_19multiversx_sc_codec6single6top_de9TopDecode24top_decode_or_handle_errINtNtNtNtNtCsiu69tKcHrj_13multiversx_sc5types7managed5basic14managed_buffer13ManagedBufferBY_EINtNtNtB4A_2io17arg_error_handler15ArgErrorHandlerBY_EECsbSeQquGUR4T_5tests
FN:20,_RINvXs1P_CshHluQ5WovEN_14common_structsNtB7_19AccountPositionTypeNtNtNtCsj1m2RfQUXvB_19multiversx_sc_codec6single9nested_en12NestedEncode24dep_encode_or_handle_errINtNtNtNtNtCsiu69tKcHrj_13multiversx_sc5types7managed5basic14managed_buffer13ManagedBufferINtNtNtNtCsaT8J8gEWH0X_22multiversx_sc_scenario3api7impl_vh12vm_hooks_api10VMHooksApiNtNtB48_9debug_api15DebugApiBackendEEINtNtNtNtB2M_13contract_base8wrappers10serializer21ExitCodecErrorHandlerB43_EECsbSeQquGUR4T_5tests
FN:20,_RINvXs1P_CshHluQ5WovEN_14common_structsNtB7_19AccountPositionTypeNtNtNtCsj1m2RfQUXvB_19multiversx_sc_codec6single9nested_en12NestedEncode24dep_encode_or_handle_errINtNtNtNtNtNtCsiu69tKcHrj_13multiversx_sc5types7managed7wrapped7builder22managed_buffer_builder20ManagedBufferBuilderINtNtNtNtCsaT8J8gEWH0X_22multiversx_sc_scenario3api7impl_vh12vm_hooks_api10VMHooksApiNtNtB4z_9debug_api15DebugApiBackendEEINtNtNtNtB2O_13contract_base8wrappers10serializer21ExitCodecErrorHandlerB4u_EECsbSeQquGUR4T_5tests
FN:20,_RINvXs1Q_CshHluQ5WovEN_14common_structsNtB7_19AccountPositionTypeNtNtNtCsj1m2RfQUXvB_19multiversx_sc_codec6single9nested_de12NestedDecode24dep_decode_or_handle_errINtNtNtNtNtCsiu69tKcHrj_13multiversx_sc5types7managed10codec_util30managed_buffer_nested_de_input30ManagedBufferNestedDecodeInputINtNtNtNtCsaT8J8gEWH0X_22multiversx_sc_scenario3api7impl_vh12vm_hooks_api10VMHooksApiNtNtB4L_9debug_api15DebugApiBackendEEINtNtNtB2M_2io17arg_error_handler15ArgErrorHandlerB4G_EECsbSeQquGUR4T_5tests
FN:20,_RINvXs1Q_CshHluQ5WovEN_14common_structsNtB7_19AccountPositionTypeNtNtNtCsj1m2RfQUXvB_19multiversx_sc_codec6single9nested_de12NestedDecode24dep_decode_or_handle_errINtNtNtNtNtCsiu69tKcHrj_13multiversx_sc5types7managed10codec_util30managed_buffer_nested_de_input30ManagedBufferNestedDecodeInputINtNtNtNtCsaT8J8gEWH0X_22multiversx_sc_scenario3api7impl_vh12vm_hooks_api10VMHooksApiNtNtB4L_9debug_api15DebugApiBackendEEINtNtNtB2M_7storage11storage_get22StorageGetErrorHandlerB4G_EECsbSeQquGUR4T_5tests
FN:130,_RINvXs1a_CshHluQ5WovEN_14common_structsNtB7_16EModeAssetConfigNtNtNtCsj1m2RfQUXvB_19multiversx_sc_codec6single6top_de9TopDecode24top_decode_or_handle_errINtNtNtCsiu69tKcHrj_13multiversx_sc2io12arg_de_input14ArgDecodeInputINtNtNtNtCsaT8J8gEWH0X_22multiversx_sc_scenario3api7impl_vh12vm_hooks_api10VMHooksApiNtNtB3C_9debug_api15DebugApiBackendEEINtNtB2w_17arg_error_handler15ArgErrorHandlerB3x_EECsbSeQquGUR4T_5tests
FN:130,_RINvXs1a_CshHluQ5WovEN_14common_structsNtB7_16EModeAssetConfigNtNtNtCsj1m2RfQUXvB_19multiversx_sc_codec6single6top_de9TopDecode24top_decode_or_handle_errINtNtNtCsiu69tKcHrj_13multiversx_sc7storage11storage_get15StorageGetInputINtNtNtNtCsaT8J8gEWH0X_22multiversx_sc_scenario3api7impl_vh12vm_hooks_api10VMHooksApiNtNtB3H_9debug_api15DebugApiBackendEEINtB2u_22StorageGetErrorHandlerB3C_EECsbSeQquGUR4T_5tests
FN:120,_RINvXs1h_CshHluQ5WovEN_14common_structsINtB7_13EModeCategoryINtNtNtNtCsaT8J8gEWH0X_22multiversx_sc_scenario3api7impl_vh12vm_hooks_api10VMHooksApiNtNtB11_9debug_api15DebugApiBackendEENtNtNtCsj1m2RfQUXvB_19multiversx_sc_codec6single6top_en9TopEncode24top_encode_or_handle_errINtNtNtCsiu69tKcHrj_13multiversx_sc2io6finish16ApiOutputAdapterBW_EINtNtNtNtB4u_13contract_base8wrappers10serializer21ExitCodecErrorHandlerBW_EECsbSeQquGUR4T_5tests
FN:120,_RINvXs1h_CshHluQ5WovEN_14common_structsINtB7_13EModeCategoryINtNtNtNtCsaT8J8gEWH0X_22multiversx_sc_scenario3api7impl_vh12vm_hooks_api10VMHooksApiNtNtB11_9debug_api15DebugApiBackendEENtNtNtCsj1m2RfQUXvB_19multiversx_sc_codec6single6top_en9TopEncode24top_encode_or_handle_errINtNtNtCsiu69tKcHrj_13multiversx_sc7storage11storage_set16StorageSetOutputBW_EINtNtNtNtB4u_13contract_base8wrappers10serializer21ExitCodecErrorHandlerBW_EECsbSeQquGUR4T_5tests
FN:120,_RINvXs1h_CshHluQ5WovEN_14common_structsINtB7_13EModeCategoryINtNtNtNtCsaT8J8gEWH0X_22multiversx_sc_scenario3api7impl_vh12vm_hooks_api10VMHooksApiNtNtB11_9debug_api15DebugApiBackendEENtNtNtCsj1m2RfQUXvB_19multiversx_sc_codec6single6top_en9TopEncode24top_encode_or_handle_errQINtNtNtNtNtCsiu69tKcHrj_13multiversx_sc5types7managed5basic14managed_buffer13ManagedBufferBW_EINtNtNtNtB4z_13contract_base8wrappers10serializer21ExitCodecErrorHandlerBW_EECsbSeQquGUR4T_5tests
FN:120,_RINvXs1i_CshHluQ5WovEN_14common_structsINtB7_13EModeCategoryINtNtNtNtCsaT8J8gEWH0X_22multiversx_sc_scenario3api7impl_vh12vm_hooks_api10VMHooksApiNtNtB11_9debug_api15DebugApiBackendEENtNtNtCsj1m2RfQUXvB_19multiversx_sc_codec6single6top_de9TopDecode24top_decode_or_handle_errINtNtNtCsiu69tKcHrj_13multiversx_sc2io12arg_de_input14ArgDecodeInputBW_EINtNtB4s_17arg_error_handler15ArgErrorHandlerBW_EECsbSeQquGUR4T_5tests
FN:120,_RINvXs1i_CshHluQ5WovEN_14common_structsINtB7_13EModeCategoryINtNtNtNtCsaT8J8gEWH0X_22multiversx_sc_scenario3api7impl_vh12vm_hooks_api10VMHooksApiNtNtB11_9debug_api15DebugApiBackendEENtNtNtCsj1m2RfQUXvB_19multiversx_sc_codec6single6top_de9TopDecode24top_decode_or_handle_errINtNtNtCsiu69tKcHrj_13multiversx_sc7storage11storage_get15StorageGetInputBW_EINtB4q_22StorageGetErrorHandlerBW_EECsbSeQquGUR4T_5tests
FN:120,_RINvXs1j_CshHluQ5WovEN_14common_structsINtB7_13EModeCategoryINtNtNtNtCsaT8J8gEWH0X_22multiversx_sc_scenario3api7impl_vh12vm_hooks_api10VMHooksApiNtNtB11_10static_api16StaticApiBackendEENtNtNtCsj1m2RfQUXvB_19multiversx_sc_codec6single9nested_en12NestedEncode24dep_encode_or_handle_errINtNtNtNtNtCsiu69tKcHrj_13multiversx_sc5types7managed5basic14managed_buffer13ManagedBufferBW_EINtNtNtNtB4I_13contract_base8wrappers10serializer21ExitCodecErrorHandlerBW_EECsbSeQquGUR4T_5tests
FN:120,_RINvXs1k_CshHluQ5WovEN_14common_structsINtB7_13EModeCategoryINtNtNtNtCsaT8J8gEWH0X_22multiversx_sc_scenario3api7impl_vh12vm_hooks_api10VMHooksApiNtNtB11_9debug_api15DebugApiBackendEENtNtNtCsj1m2RfQUXvB_19multiversx_sc_codec6single9nested_de12NestedDecode24dep_decode_or_handle_errINtNtNtNtNtCsiu69tKcHrj_13multiversx_sc5types7managed10codec_util30managed_buffer_nested_de_input30ManagedBufferNestedDecodeInputBW_EINtNtNtB4F_2io17arg_error_handler15ArgErrorHandlerBW_EECsbSeQquGUR4T_5tests
FN:111,_RINvXs1r_CshHluQ5WovEN_14common_structsINtB7_23AssetExtendedConfigViewINtNtNtNtCsaT8J8gEWH0X_22multiversx_sc_scenario3api7impl_vh12vm_hooks_api10VMHooksApiNtNtB1b_9debug_api15DebugApiBackendEENtNtNtCsj1m2RfQUXvB_19multiversx_sc_codec6single9nested_en12NestedEncode24dep_encode_or_handle_errINtNtNtNtNtNtCsiu69tKcHrj_13multiversx_sc5types7managed7wrapped7builder22managed_buffer_builder20ManagedBufferBuilderB16_EINtNtNtNtB4R_13contract_base8wrappers10serializer21ExitCodecErrorHandlerB16_EECsbSeQquGUR4T_5tests
FN:76,_RINvXs1x_CshHluQ5WovEN_14common_structsINtB7_11AssetConfigINtNtNtNtCsaT8J8gEWH0X_22multiversx_sc_scenario3api7impl_vh12vm_hooks_api10VMHooksApiNtNtBZ_10static_api16StaticApiBackendEENtNtNtCsj1m2RfQUXvB_19multiversx_sc_codec6single6top_en9TopEncode24top_encode_or_handle_errQINtNtNtNtNtCsiu69tKcHrj_13multiversx_sc5types7managed5basic14managed_buffer13ManagedBufferBU_EINtNtNtNtB4z_13contract_base8wrappers10serializer21ExitCodecErrorHandlerBU_EECsbSeQquGUR4T_5tests
FN:76,_RINvXs1x_CshHluQ5WovEN_14common_structsINtB7_11AssetConfigINtNtNtNtCsaT8J8gEWH0X_22multiversx_sc_scenario3api7impl_vh12vm_hooks_api10VMHooksApiNtNtBZ_9debug_api15DebugApiBackendEENtNtNtCsj1m2RfQUXvB_19multiversx_sc_codec6single6top_en9TopEncode24top_encode_or_handle_errINtNtNtCsiu69tKcHrj_13multiversx_sc2io6finish16ApiOutputAdapterBU_EINtNtNtNtB4r_13contract_base8wrappers10serializer21ExitCodecErrorHandlerBU_EECsbSeQquGUR4T_5tests
FN:76,_RINvXs1x_CshHluQ5WovEN_14common_structsINtB7_11AssetConfigINtNtNtNtCsaT8J8gEWH0X_22multiversx_sc_scenario3api7impl_vh12vm_hooks_api10VMHooksApiNtNtBZ_9debug_api15DebugApiBackendEENtNtNtCsj1m2RfQUXvB_19multiversx_sc_codec6single6top_en9TopEncode24top_encode_or_handle_errINtNtNtCsiu69tKcHrj_13multiversx_sc7storage11storage_set16StorageSetOutputBU_EINtNtNtNtB4r_13contract_base8wrappers10serializer21ExitCodecErrorHandlerBU_EECsbSeQquGUR4T_5tests
FN:76,_RINvXs1x_CshHluQ5WovEN_14common_structsINtB7_11AssetConfigINtNtNtNtCsaT8J8gEWH0X_22multiversx_sc_scenario3api7impl_vh12vm_hooks_api10VMHooksApiNtNtBZ_9debug_api15DebugApiBackendEENtNtNtCsj1m2RfQUXvB_19multiversx_sc_codec6single6top_en9TopEncode24top_encode_or_handle_errQINtNtNtNtNtCsiu69tKcHrj_13multiversx_sc5types7managed5basic14managed_buffer13ManagedBufferBU_EINtNtNtNtB4w_13contract_base8wrappers10serializer21ExitCodecErrorHandlerBU_EECsbSeQquGUR4T_5tests
FN:76,_RINvXs1y_CshHluQ5WovEN_14common_structsINtB7_11AssetConfigINtNtNtNtCsaT8J8gEWH0X_22multiversx_sc_scenario3api7impl_vh12vm_hooks_api10VMHooksApiNtNtBZ_9debug_api15DebugApiBackendEENtNtNtCsj1m2RfQUXvB_19multiversx_sc_codec6single6top_de9TopDecode24top_decode_or_handle_errINtNtNtCsiu69tKcHrj_13multiversx_sc2io12arg_de_input14ArgDecodeInputBU_EINtNtB4p_17arg_error_handler15ArgErrorHandlerBU_EECsbSeQquGUR4T_5tests
FN:76,_RINvXs1y_CshHluQ5WovEN_14common_structsINtB7_11AssetConfigINtNtNtNtCsaT8J8gEWH0X_22multiversx_sc_scenario3api7impl_vh12vm_hooks_api10VMHooksApiNtNtBZ_9debug_api15DebugApiBackendEENtNtNtCsj1m2RfQUXvB_19multiversx_sc_codec6single6top_de9TopDecode24top_decode_or_handle_errINtNtNtCsiu69tKcHrj_13multiversx_sc7storage11storage_get15StorageGetInputBU_EINtB4n_22StorageGetErrorHandlerBU_EECsbSeQquGUR4T_5tests
FN:76,_RINvXs1z_CshHluQ5WovEN_14common_structsINtB7_11AssetConfigINtNtNtNtCsaT8J8gEWH0X_22multiversx_sc_scenario3api7impl_vh12vm_hooks_api10VMHooksApiNtNtBZ_9debug_api15DebugApiBackendEENtNtNtCsj1m2RfQUXvB_19multiversx_sc_codec6single9nested_en12NestedEncode24dep_encode_or_handle_errINtNtNtNtNtNtCsiu69tKcHrj_13multiversx_sc5types7managed7wrapped7builder22managed_buffer_builder20ManagedBufferBuilderBU_EINtNtNtNtB4E_13contract_base8wrappers10serializer21ExitCodecErrorHandlerBU_EECsbSeQquGUR4T_5tests
FN:7,_RINvXs20_CshHluQ5WovEN_14common_structsINtB7_10PoolParamsINtNtNtNtCsaT8J8gEWH0X_22multiversx_sc_scenario3api7impl_vh12vm_hooks_api10VMHooksApiNtNtBY_9debug_api15DebugApiBackendEENtNtNtCsj1m2RfQUXvB_19multiversx_sc_codec6single6top_en9TopEncode24top_encode_or_handle_errINtNtNtCsiu69tKcHrj_13multiversx_sc2io6finish16ApiOutputAdapterBT_EINtNtNtNtB4q_13contract_base8wrappers10serializer21ExitCodecErrorHandlerBT_EECsbSeQquGUR4T_5tests
FN:7,_RINvXs20_CshHluQ5WovEN_14common_structsINtB7_10PoolParamsINtNtNtNtCsaT8J8gEWH0X_22multiversx_sc_scenario3api7impl_vh12vm_hooks_api10VMHooksApiNtNtBY_9debug_api15DebugApiBackendEENtNtNtCsj1m2RfQUXvB_19multiversx_sc_codec6single6top_en9TopEncode24top_encode_or_handle_errINtNtNtCsiu69tKcHrj_13multiversx_sc7storage11storage_set16StorageSetOutputBT_EINtNtNtNtB4q_13contract_base8wrappers10serializer21ExitCodecErrorHandlerBT_EECsbSeQquGUR4T_5tests
FN:7,_RINvXs21_CshHluQ5WovEN_14common_structsINtB7_10PoolParamsINtNtNtNtCsaT8J8gEWH0X_22multiversx_sc_scenario3api7impl_vh12vm_hooks_api10VMHooksApiNtNtBY_9debug_api15DebugApiBackendEENtNtNtCsj1m2RfQUXvB_19multiversx_sc_codec6single6top_de9TopDecode24top_decode_or_handle_errINtNtNtCsiu69tKcHrj_13multiversx_sc7storage11storage_get15StorageGetInputBT_EINtB4m_22StorageGetErrorHandlerBT_EECsbSeQquGUR4T_5tests
FN:203,_RINvXs5_CshHluQ5WovEN_14common_structsINtB6_22OraclePriceFluctuationINtNtNtNtCsaT8J8gEWH0X_22multiversx_sc_scenario3api7impl_vh12vm_hooks_api10VMHooksApiNtNtB19_9debug_api15DebugApiBackendEENtNtNtCsj1m2RfQUXvB_19multiversx_sc_codec6single9nested_en12NestedEncode24dep_encode_or_handle_errINtNtNtNtNtNtCsiu69tKcHrj_13multiversx_sc5types7managed7wrapped7builder22managed_buffer_builder20ManagedBufferBuilderB14_EINtNtNtNtB4P_13contract_base8wrappers10serializer21ExitCodecErrorHandlerB14_EECsbSeQquGUR4T_5tests
FN:203,_RINvXs6_CshHluQ5WovEN_14common_structsINtB6_22OraclePriceFluctuationINtNtNtNtCsaT8J8gEWH0X_22multiversx_sc_scenario3api7impl_vh12vm_hooks_api10VMHooksApiNtNtB19_9debug_api15DebugApiBackendEENtNtNtCsj1m2RfQUXvB_19multiversx_sc_codec6single9nested_de12NestedDecode24dep_decode_or_handle_errINtNtNtNtNtCsiu69tKcHrj_13multiversx_sc5types7managed10codec_util30managed_buffer_nested_de_input30ManagedBufferNestedDecodeInputB14_EINtNtNtB4N_7storage11storage_get22StorageGetErrorHandlerB14_EECsbSeQquGUR4T_5tests
FN:158,_RINvXsD_CshHluQ5WovEN_14common_structsNtB6_10OracleTypeNtNtNtCsj1m2RfQUXvB_19multiversx_sc_codec6single9nested_en12NestedEncode24dep_encode_or_handle_errINtNtNtNtNtNtCsiu69tKcHrj_13multiversx_sc5types7managed7wrapped7builder22managed_buffer_builder20ManagedBufferBuilderINtNtNtNtCsaT8J8gEWH0X_22multiversx_sc_scenario3api7impl_vh12vm_hooks_api10VMHooksApiNtNtB4p_9debug_api15DebugApiBackendEEINtNtNtNtB2E_13contract_base8wrappers10serializer21ExitCodecErrorHandlerB4k_EECsbSeQquGUR4T_5tests
FN:158,_RINvXsE_CshHluQ5WovEN_14common_structsNtB6_10OracleTypeNtNtNtCsj1m2RfQUXvB_19multiversx_sc_codec6single9nested_de12NestedDecode24dep_decode_or_handle_errINtNtNtNtNtCsiu69tKcHrj_13multiversx_sc5types7managed10codec_util30managed_buffer_nested_de_input30ManagedBufferNestedDecodeInputINtNtNtNtCsaT8J8gEWH0X_22multiversx_sc_scenario3api7impl_vh12vm_hooks_api10VMHooksApiNtNtB4B_9debug_api15DebugApiBackendEEINtNtNtB2C_7storage11storage_get22StorageGetErrorHandlerB4w_EECsbSeQquGUR4T_5tests
FN:158,_RINvXsF_CshHluQ5WovEN_14common_structsNtB6_10OracleTypeNtNtNtCsj1m2RfQUXvB_19multiversx_sc_codec6single6top_en9TopEncode24top_encode_or_handle_errQINtNtNtNtNtCsiu69tKcHrj_13multiversx_sc5types7managed5basic14managed_buffer13ManagedBufferINtNtNtNtCsaT8J8gEWH0X_22multiversx_sc_scenario3api7impl_vh12vm_hooks_api10VMHooksApiNtNtB3S_10static_api16StaticApiBackendEEINtNtNtNtB2w_13contract_base8wrappers10serializer21ExitCodecErrorHandlerB3N_EECsbSeQquGUR4T_5tests
FN:158,_RINvXsG_CshHluQ5WovEN_14common_structsNtB6_10OracleTypeNtNtNtCsj1m2RfQUXvB_19multiversx_sc_codec6single6top_de9TopDecode24top_decode_or_handle_errINtNtNtCsiu69tKcHrj_13multiversx_sc2io12arg_de_input14ArgDecodeInputINtNtNtNtCsaT8J8gEWH0X_22multiversx_sc_scenario3api7impl_vh12vm_hooks_api10VMHooksApiNtNtB3v_9debug_api15DebugApiBackendEEINtNtB2p_17arg_error_handler15ArgErrorHandlerB3q_EECsbSeQquGUR4T_5tests
FN:146,_RINvXsP_CshHluQ5WovEN_14common_structsNtB6_13PricingMethodNtNtNtCsj1m2RfQUXvB_19multiversx_sc_codec6single9nested_en12NestedEncode24dep_encode_or_handle_errINtNtNtNtNtNtCsiu69tKcHrj_13multiversx_sc5types7managed7wrapped7builder22managed_buffer_builder20ManagedBufferBuilderINtNtNtNtCsaT8J8gEWH0X_22multiversx_sc_scenario3api7impl_vh12vm_hooks_api10VMHooksApiNtNtB4s_9debug_api15DebugApiBackendEEINtNtNtNtB2H_13contract_base8wrappers10serializer21ExitCodecErrorHandlerB4n_EECsbSeQquGUR4T_5tests
FN:146,_RINvXsQ_CshHluQ5WovEN_14common_structsNtB6_13PricingMethodNtNtNtCsj1m2RfQUXvB_19multiversx_sc_codec6single9nested_de12NestedDecode24dep_decode_or_handle_errINtNtNtNtNtCsiu69tKcHrj_13multiversx_sc5types7managed10codec_util30managed_buffer_nested_de_input30ManagedBufferNestedDecodeInputINtNtNtNtCsaT8J8gEWH0X_22multiversx_sc_scenario3api7impl_vh12vm_hooks_api10VMHooksApiNtNtB4E_9debug_api15DebugApiBackendEEINtNtNtB2F_7storage11storage_get22StorageGetErrorHandlerB4z_EECsbSeQquGUR4T_5tests
FN:146,_RINvXsR_CshHluQ5WovEN_14common_structsNtB6_13PricingMethodNtNtNtCsj1m2RfQUXvB_19multiversx_sc_codec6single6top_en9TopEncode24top_encode_or_handle_errQINtNtNtNtNtCsiu69tKcHrj_13multiversx_sc5types7managed5basic14managed_buffer13ManagedBufferINtNtNtNtCsaT8J8gEWH0X_22multiversx_sc_scenario3api7impl_vh12vm_hooks_api10VMHooksApiNtNtB3V_10static_api16StaticApiBackendEEINtNtNtNtB2z_13contract_base8wrappers10serializer21ExitCodecErrorHandlerB3Q_EECsbSeQquGUR4T_5tests
FN:146,_RINvXsS_CshHluQ5WovEN_14common_structsNtB6_13PricingMethodNtNtNtCsj1m2RfQUXvB_19multiversx_sc_codec6single6top_de9TopDecode24top_decode_or_handle_errINtNtNtCsiu69tKcHrj_13multiversx_sc2io12arg_de_input14ArgDecodeInputINtNtNtNtCsaT8J8gEWH0X_22multiversx_sc_scenario3api7impl_vh12vm_hooks_api10VMHooksApiNtNtB3y_9debug_api15DebugApiBackendEEINtNtB2s_17arg_error_handler15ArgErrorHandlerB3t_EECsbSeQquGUR4T_5tests
FN:193,_RINvXsc_CshHluQ5WovEN_14common_structsINtB6_14PriceFeedShortINtNtNtNtCsaT8J8gEWH0X_22multiversx_sc_scenario3api7impl_vh12vm_hooks_api10VMHooksApiNtNtB11_9debug_api15DebugApiBackendEENtNtNtCsj1m2RfQUXvB_19multiversx_sc_codec6single6top_en9TopEncode24top_encode_or_handle_errINtNtNtCsiu69tKcHrj_13multiversx_sc2io6finish16ApiOutputAdapterBW_EINtNtNtNtB4u_13contract_base8wrappers10serializer21ExitCodecErrorHandlerBW_EECsbSeQquGUR4T_5tests
FN:180,_RINvXsj_CshHluQ5WovEN_14common_structsINtB6_14OracleProviderINtNtNtNtCsaT8J8gEWH0X_22multiversx_sc_scenario3api7impl_vh12vm_hooks_api10VMHooksApiNtNtB11_9debug_api15DebugApiBackendEENtNtNtCsj1m2RfQUXvB_19multiversx_sc_codec6single6top_en9TopEncode24top_encode_or_handle_errINtNtNtCsiu69tKcHrj_13multiversx_sc2io6finish16ApiOutputAdapterBW_EINtNtNtNtB4u_13contract_base8wrappers10serializer21ExitCodecErrorHandlerBW_EECsbSeQquGUR4T_5tests
FN:180,_RINvXsj_CshHluQ5WovEN_14common_structsINtB6_14OracleProviderINtNtNtNtCsaT8J8gEWH0X_22multiversx_sc_scenario3api7impl_vh12vm_hooks_api10VMHooksApiNtNtB11_9debug_api15DebugApiBackendEENtNtNtCsj1m2RfQUXvB_19multiversx_sc_codec6single6top_en9TopEncode24top_encode_or_handle_errINtNtNtCsiu69tKcHrj_13multiversx_sc7storage11storage_set16StorageSetOutputBW_EINtNtNtNtB4u_13contract_base8wrappers10serializer21ExitCodecErrorHandlerBW_EECsbSeQquGUR4T_5tests
FN:180,_RINvXsk_CshHluQ5WovEN_14common_structsINtB6_14OracleProviderINtNtNtNtCsaT8J8gEWH0X_22multiversx_sc_scenario3api7impl_vh12vm_hooks_api10VMHooksApiNtNtB11_9debug_api15DebugApiBackendEENtNtNtCsj1m2RfQUXvB_19multiversx_sc_codec6single6top_de9TopDecode24top_decode_or_handle_errINtNtNtCsiu69tKcHrj_13multiversx_sc7storage11storage_get15StorageGetInputBW_EINtB4q_22StorageGetErrorHandlerBW_EECsbSeQquGUR4T_5tests
FN:169,_RINvXsr_CshHluQ5WovEN_14common_structsNtB6_14ExchangeSourceNtNtNtCsj1m2RfQUXvB_19multiversx_sc_codec6single9nested_en12NestedEncode24dep_encode_or_handle_errINtNtNtNtNtNtCsiu69tKcHrj_13multiversx_sc5types7managed7wrapped7builder22managed_buffer_builder20ManagedBufferBuilderINtNtNtNtCsaT8J8gEWH0X_22multiversx_sc_scenario3api7impl_vh12vm_hooks_api10VMHooksApiNtNtB4t_9debug_api15DebugApiBackendEEINtNtNtNtB2I_13contract_base8wrappers10serializer21ExitCodecErrorHandlerB4o_EECsbSeQquGUR4T_5tests
FN:169,_RINvXss_CshHluQ5WovEN_14common_structsNtB6_14ExchangeSourceNtNtNtCsj1m2RfQUXvB_19multiversx_sc_codec6single9nested_de12NestedDecode24dep_decode_or_handle_errINtNtNtNtNtCsiu69tKcHrj_13multiversx_sc5types7managed10codec_util30managed_buffer_nested_de_input30ManagedBufferNestedDecodeInputINtNtNtNtCsaT8J8gEWH0X_22multiversx_sc_scenario3api7impl_vh12vm_hooks_api10VMHooksApiNtNtB4F_9debug_api15DebugApiBackendEEINtNtNtB2G_7storage11storage_get22StorageGetErrorHandlerB4A_EECsbSeQquGUR4T_5tests
FN:169,_RINvXst_CshHluQ5WovEN_14common_structsNtB6_14ExchangeSourceNtNtNtCsj1m2RfQUXvB_19multiversx_sc_codec6single6top_en9TopEncode24top_encode_or_handle_errQINtNtNtNtNtCsiu69tKcHrj_13multiversx_sc5types7managed5basic14managed_buffer13ManagedBufferINtNtNtNtCsaT8J8gEWH0X_22multiversx_sc_scenario3api7impl_vh12vm_hooks_api10VMHooksApiNtNtB3W_10static_api16StaticApiBackendEEINtNtNtNtB2A_13contract_base8wrappers10serializer21ExitCodecErrorHandlerB3R_EECsbSeQquGUR4T_5tests
FN:169,_RINvXsu_CshHluQ5WovEN_14common_structsNtB6_14ExchangeSourceNtNtNtCsj1m2RfQUXvB_19multiversx_sc_codec6single6top_de9TopDecode24top_decode_or_handle_errINtNtNtCsiu69tKcHrj_13multiversx_sc2io12arg_de_input14ArgDecodeInputINtNtNtNtCsaT8J8gEWH0X_22multiversx_sc_scenario3api7impl_vh12vm_hooks_api10VMHooksApiNtNtB3z_9debug_api15DebugApiBackendEEINtNtB2t_17arg_error_handler15ArgErrorHandlerB3u_EECsbSeQquGUR4T_5tests
FN:70,_RNvMCshHluQ5WovEN_14common_structsINtB2_15AccountPositionINtNtNtNtCsaT8J8gEWH0X_22multiversx_sc_scenario3api7impl_vh12vm_hooks_api10VMHooksApiNtNtBY_9debug_api15DebugApiBackendEE16get_total_amountCsbSeQquGUR4T_5tests
FN:44,_RNvMCshHluQ5WovEN_14common_structsINtB2_15AccountPositionINtNtNtNtCsaT8J8gEWH0X_22multiversx_sc_scenario3api7impl_vh12vm_hooks_api10VMHooksApiNtNtBY_9debug_api15DebugApiBackendEE3newCsbSeQquGUR4T_5tests
FN:29,_RNvXs1F_CshHluQ5WovEN_14common_structsINtB6_15AccountPositionINtNtNtNtCsaT8J8gEWH0X_22multiversx_sc_scenario3api7impl_vh12vm_hooks_api10VMHooksApiNtNtB12_9debug_api15DebugApiBackendEENtNtNtNtNtCsiu69tKcHrj_13multiversx_sc5types7managed7wrapped16managed_vec_item14ManagedVecItem15save_to_payloadCsbSeQquGUR4T_5tests
FN:29,_RNvXs1F_CshHluQ5WovEN_14common_structsINtB6_15AccountPositionINtNtNtNtCsaT8J8gEWH0X_22multiversx_sc_scenario3api7impl_vh12vm_hooks_api10VMHooksApiNtNtB12_9debug_api15DebugApiBackendEENtNtNtNtNtCsiu69tKcHrj_13multiversx_sc5types7managed7wrapped16managed_vec_item14ManagedVecItem17read_from_payloadCsbSeQquGUR4T_5tests
FN:29,_RNvXs1F_CshHluQ5WovEN_14common_structsINtB6_15AccountPositionINtNtNtNtCsaT8J8gEWH0X_22multiversx_sc_scenario3api7impl_vh12vm_hooks_api10VMHooksApiNtNtB12_9debug_api15DebugApiBackendEENtNtNtNtNtCsiu69tKcHrj_13multiversx_sc5types7managed7wrapped16managed_vec_item14ManagedVecItem19borrow_from_payloadCsbSeQquGUR4T_5tests
FN:111,_RNvXs1o_CshHluQ5WovEN_14common_structsINtB6_23AssetExtendedConfigViewINtNtNtNtCsaT8J8gEWH0X_22multiversx_sc_scenario3api7impl_vh12vm_hooks_api10VMHooksApiNtNtB1a_9debug_api15DebugApiBackendEENtNtNtNtNtCsiu69tKcHrj_13multiversx_sc5types7managed7wrapped16managed_vec_item14ManagedVecItem15save_to_payloadCsbSeQquGUR4T_5tests
FN:111,_RNvXs1o_CshHluQ5WovEN_14common_structsINtB6_23AssetExtendedConfigViewINtNtNtNtCsaT8J8gEWH0X_22multiversx_sc_scenario3api7impl_vh12vm_hooks_api10VMHooksApiNtNtB1a_9debug_api15DebugApiBackendEENtNtNtNtNtCsiu69tKcHrj_13multiversx_sc5types7managed7wrapped16managed_vec_item14ManagedVecItem17read_from_payloadCsbSeQquGUR4T_5tests
FN:111,_RNvXs1o_CshHluQ5WovEN_14common_structsINtB6_23AssetExtendedConfigViewINtNtNtNtCsaT8J8gEWH0X_22multiversx_sc_scenario3api7impl_vh12vm_hooks_api10VMHooksApiNtNtB1a_9debug_api15DebugApiBackendEENtNtNtNtNtCsiu69tKcHrj_13multiversx_sc5types7managed7wrapped16managed_vec_item14ManagedVecItem19borrow_from_payloadCsbSeQquGUR4T_5tests
FN:76,_RNvXs1w_CshHluQ5WovEN_14common_structsINtB6_11AssetConfigINtNtNtNtCsaT8J8gEWH0X_22multiversx_sc_scenario3api7impl_vh12vm_hooks_api10VMHooksApiNtNtBY_9debug_api15DebugApiBackendEENtNtNtNtNtCsiu69tKcHrj_13multiversx_sc5types7managed7wrapped16managed_vec_item14ManagedVecItem15save_to_payloadCsbSeQquGUR4T_5tests
FN:76,_RNvXs1w_CshHluQ5WovEN_14common_structsINtB6_11AssetConfigINtNtNtNtCsaT8J8gEWH0X_22multiversx_sc_scenario3api7impl_vh12vm_hooks_api10VMHooksApiNtNtBY_9debug_api15DebugApiBackendEENtNtNtNtNtCsiu69tKcHrj_13multiversx_sc5types7managed7wrapped16managed_vec_item14ManagedVecItem17read_from_payloadCsbSeQquGUR4T_5tests
FN:167,_RNvXsp_CshHluQ5WovEN_14common_structsNtB5_14ExchangeSourceNtNtNtCsiu69tKcHrj_13multiversx_sc3abi8type_abi7TypeAbi9type_name
FN:169,_RNvXsq_CshHluQ5WovEN_14common_structsNtB5_14ExchangeSourceNtNtNtNtNtCsiu69tKcHrj_13multiversx_sc5types7managed7wrapped16managed_vec_item14ManagedVecItem17read_from_payload
FN:169,_RNvXsq_CshHluQ5WovEN_14common_structsNtB5_14ExchangeSourceNtNtNtNtNtCsiu69tKcHrj_13multiversx_sc5types7managed7wrapped16managed_vec_item14ManagedVecItem19borrow_from_payload
FN:169,_RNvXsq_CshHluQ5WovEN_14common_structsNtB5_14ExchangeSourceNtNtNtNtNtCsiu69tKcHrj_13multiversx_sc5types7managed7wrapped16managed_vec_item14ManagedVecItem15save_to_payload
FN:156,_RNvXsB_CshHluQ5WovEN_14common_structsNtB5_10OracleTypeNtNtNtCsiu69tKcHrj_13multiversx_sc3abi8type_abi7TypeAbi9type_name
FN:158,_RNvXsC_CshHluQ5WovEN_14common_structsNtB5_10OracleTypeNtNtNtNtNtCsiu69tKcHrj_13multiversx_sc5types7managed7wrapped16managed_vec_item14ManagedVecItem17read_from_payload
FN:158,_RNvXsC_CshHluQ5WovEN_14common_structsNtB5_10OracleTypeNtNtNtNtNtCsiu69tKcHrj_13multiversx_sc5types7managed7wrapped16managed_vec_item14ManagedVecItem19borrow_from_payload
FN:158,_RNvXsC_CshHluQ5WovEN_14common_structsNtB5_10OracleTypeNtNtNtNtNtCsiu69tKcHrj_13multiversx_sc5types7managed7wrapped16managed_vec_item14ManagedVecItem15save_to_payload
FN:144,_RNvXsN_CshHluQ5WovEN_14common_structsNtB5_13PricingMethodNtNtNtCsiu69tKcHrj_13multiversx_sc3abi8type_abi7TypeAbi9type_name
FN:146,_RNvXsO_CshHluQ5WovEN_14common_structsNtB5_13PricingMethodNtNtNtNtNtCsiu69tKcHrj_13multiversx_sc5types7managed7wrapped16managed_vec_item14ManagedVecItem17read_from_payload
FN:146,_RNvXsO_CshHluQ5WovEN_14common_structsNtB5_13PricingMethodNtNtNtNtNtCsiu69tKcHrj_13multiversx_sc5types7managed7wrapped16managed_vec_item14ManagedVecItem19borrow_from_payload
FN:146,_RNvXsO_CshHluQ5WovEN_14common_structsNtB5_13PricingMethodNtNtNtNtNtCsiu69tKcHrj_13multiversx_sc5types7managed7wrapped16managed_vec_item14ManagedVecItem15save_to_payload
FN:136,_RNvXsZ_CshHluQ5WovEN_14common_structsNtB5_20NftAccountAttributesNtNtNtCsiu69tKcHrj_13multiversx_sc3abi8type_abi7TypeAbi9type_name
FN:129,_RNvXs17_CshHluQ5WovEN_14common_structsNtB6_16EModeAssetConfigNtNtNtCsiu69tKcHrj_13multiversx_sc3abi8type_abi7TypeAbi9type_name
FN:130,_RNvXs18_CshHluQ5WovEN_14common_structsNtB6_16EModeAssetConfigNtNtNtNtNtCsiu69tKcHrj_13multiversx_sc5types7managed7wrapped16managed_vec_item14ManagedVecItem17read_from_payload
FN:130,_RNvXs18_CshHluQ5WovEN_14common_structsNtB6_16EModeAssetConfigNtNtNtNtNtCsiu69tKcHrj_13multiversx_sc5types7managed7wrapped16managed_vec_item14ManagedVecItem19borrow_from_payload
FN:130,_RNvXs18_CshHluQ5WovEN_14common_structsNtB6_16EModeAssetConfigNtNtNtNtNtCsiu69tKcHrj_13multiversx_sc5types7managed7wrapped16managed_vec_item14ManagedVecItem15save_to_payload
FN:18,_RNvXs1N_CshHluQ5WovEN_14common_structsNtB6_19AccountPositionTypeNtNtNtCsiu69tKcHrj_13multiversx_sc3abi8type_abi7TypeAbi9type_name
FN:20,_RNvXs1O_CshHluQ5WovEN_14common_structsNtB6_19AccountPositionTypeNtNtNtNtNtCsiu69tKcHrj_13multiversx_sc5types7managed7wrapped16managed_vec_item14ManagedVecItem17read_from_payload
FN:20,_RNvXs1O_CshHluQ5WovEN_14common_structsNtB6_19AccountPositionTypeNtNtNtNtNtCsiu69tKcHrj_13multiversx_sc5types7managed7wrapped16managed_vec_item14ManagedVecItem19borrow_from_payload
FN:20,_RNvXs1O_CshHluQ5WovEN_14common_structsNtB6_19AccountPositionTypeNtNtNtNtNtCsiu69tKcHrj_13multiversx_sc5types7managed7wrapped16managed_vec_item14ManagedVecItem15save_to_payload
FN:7,_RINvXINICshHluQ5WovEN_14common_structss20_0pEINtB6_10PoolParamspENtNtNtCsj1m2RfQUXvB_19multiversx_sc_codec6single6top_en9TopEncode24top_encode_or_handle_errppEB6_
FN:7,_RINvXINICshHluQ5WovEN_14common_structss21_0pEINtB6_10PoolParamspENtNtNtCsj1m2RfQUXvB_19multiversx_sc_codec6single6top_de9TopDecode24top_decode_or_handle_errppEB6_
FN:6,_RNvXINICshHluQ5WovEN_14common_structss1Z_0pEINtB5_10PoolParamspENtNtNtCsiu69tKcHrj_13multiversx_sc3abi8type_abi7TypeAbi9type_nameB5_
FN:6,_RINvXINICshHluQ5WovEN_14common_structss1Z_0pEINtB6_10PoolParamspENtNtNtCsiu69tKcHrj_13multiversx_sc3abi8type_abi7TypeAbi25provide_type_descriptionspEB6_
FN:20,_RINvXs1P_CshHluQ5WovEN_14common_structsNtB7_19AccountPositionTypeNtNtNtCsj1m2RfQUXvB_19multiversx_sc_codec6single9nested_en12NestedEncode24dep_encode_or_handle_errppEB7_
FN:20,_RINvXs1Q_CshHluQ5WovEN_14common_structsNtB7_19AccountPositionTypeNtNtNtCsj1m2RfQUXvB_19multiversx_sc_codec6single9nested_de12NestedDecode24dep_decode_or_handle_errppEB7_
FN:20,_RINvXs1R_CshHluQ5WovEN_14common_structsNtB7_19AccountPositionTypeNtNtNtCsj1m2RfQUXvB_19multiversx_sc_codec6single6top_en9TopEncode24top_encode_or_handle_errppEB7_
FN:20,_RINvXs1S_CshHluQ5WovEN_14common_structsNtB7_19AccountPositionTypeNtNtNtCsj1m2RfQUXvB_19multiversx_sc_codec6single6top_de9TopDecode24top_decode_or_handle_errppEB7_
FN:18,_RINvXs1N_CshHluQ5WovEN_14common_structsNtB7_19AccountPositionTypeNtNtNtCsiu69tKcHrj_13multiversx_sc3abi8type_abi7TypeAbi25provide_type_descriptionspEB7_
FN:29,_RNvXINICshHluQ5WovEN_14common_structss1F_0pEINtB5_15AccountPositionpENtNtNtNtNtCsiu69tKcHrj_13multiversx_sc5types7managed7wrapped16managed_vec_item14ManagedVecItem17read_from_payloadB5_
FN:29,_RNvXINICshHluQ5WovEN_14common_structss1F_0pEINtB5_15AccountPositionpENtNtNtNtNtCsiu69tKcHrj_13multiversx_sc5types7managed7wrapped16managed_vec_item14ManagedVecItem19borrow_from_payloadB5_
FN:29,_RNvXINICshHluQ5WovEN_14common_structss1F_0pEINtB5_15AccountPositionpENtNtNtNtNtCsiu69tKcHrj_13multiversx_sc5types7managed7wrapped16managed_vec_item14ManagedVecItem15save_to_payloadB5_
FN:29,_RINvXINICshHluQ5WovEN_14common_structss1G_0pEINtB6_15AccountPositionpENtNtNtCsj1m2RfQUXvB_19multiversx_sc_codec6single9nested_en12NestedEncode24dep_encode_or_handle_errppEB6_
FN:29,_RINvXINICshHluQ5WovEN_14common_structss1H_0pEINtB6_15AccountPositionpENtNtNtCsj1m2RfQUXvB_19multiversx_sc_codec6single9nested_de12NestedDecode24dep_decode_or_handle_errppEB6_
FN:29,_RINvXINICshHluQ5WovEN_14common_structss1I_0pEINtB6_15AccountPositionpENtNtNtCsj1m2RfQUXvB_19multiversx_sc_codec6single6top_en9TopEncode24top_encode_or_handle_errppEB6_
FN:29,_RINvXINICshHluQ5WovEN_14common_structss1J_0pEINtB6_15AccountPositionpENtNtNtCsj1m2RfQUXvB_19multiversx_sc_codec6single6top_de9TopDecode24top_decode_or_handle_errppEB6_
FN:28,_RNvXINICshHluQ5WovEN_14common_structss1E_0pEINtB5_15AccountPositionpENtNtNtCsiu69tKcHrj_13multiversx_sc3abi8type_abi7TypeAbi9type_nameB5_
FN:28,_RINvXINICshHluQ5WovEN_14common_structss1E_0pEINtB6_15AccountPositionpENtNtNtCsiu69tKcHrj_13multiversx_sc3abi8type_abi7TypeAbi25provide_type_descriptionspEB6_
FN:44,_RNvMCshHluQ5WovEN_14common_structsINtB2_15AccountPositionpE3newB2_
FN:70,_RNvMCshHluQ5WovEN_14common_structsINtB2_15AccountPositionpE16get_total_amountB2_
FN:76,_RNvXINICshHluQ5WovEN_14common_structss1w_0pEINtB5_11AssetConfigpENtNtNtNtNtCsiu69tKcHrj_13multiversx_sc5types7managed7wrapped16managed_vec_item14ManagedVecItem17read_from_payloadB5_
FN:76,_RNvXINICshHluQ5WovEN_14common_structss1w_0pEINtB5_11AssetConfigpENtNtNtNtNtCsiu69tKcHrj_13multiversx_sc5types7managed7wrapped16managed_vec_item14ManagedVecItem19borrow_from_payloadB5_
FN:76,_RNvXINICshHluQ5WovEN_14common_structss1w_0pEINtB5_11AssetConfigpENtNtNtNtNtCsiu69tKcHrj_13multiversx_sc5types7managed7wrapped16managed_vec_item14ManagedVecItem15save_to_payloadB5_
FN:76,_RINvXINICshHluQ5WovEN_14common_structss1x_0pEINtB6_11AssetConfigpENtNtNtCsj1m2RfQUXvB_19multiversx_sc_codec6single6top_en9TopEncode24top_encode_or_handle_errppEB6_
FN:76,_RINvXINICshHluQ5WovEN_14common_structss1y_0pEINtB6_11AssetConfigpENtNtNtCsj1m2RfQUXvB_19multiversx_sc_codec6single6top_de9TopDecode24top_decode_or_handle_errppEB6_
FN:76,_RINvXINICshHluQ5WovEN_14common_structss1z_0pEINtB6_11AssetConfigpENtNtNtCsj1m2RfQUXvB_19multiversx_sc_codec6single9nested_en12NestedEncode24dep_encode_or_handle_errppEB6_
FN:76,_RINvXINICshHluQ5WovEN_14common_structss1A_0pEINtB6_11AssetConfigpENtNtNtCsj1m2RfQUXvB_19multiversx_sc_codec6single9nested_de12NestedDecode24dep_decode_or_handle_errppEB6_
FN:75,_RNvXINICshHluQ5WovEN_14common_structss1v_0pEINtB5_11AssetConfigpENtNtNtCsiu69tKcHrj_13multiversx_sc3abi8type_abi7TypeAbi9type_nameB5_
FN:75,_RINvXINICshHluQ5WovEN_14common_structss1v_0pEINtB6_11AssetConfigpENtNtNtCsiu69tKcHrj_13multiversx_sc3abi8type_abi7TypeAbi25provide_type_descriptionspEB6_
FN:111,_RNvXINICshHluQ5WovEN_14common_structss1o_0pEINtB5_23AssetExtendedConfigViewpENtNtNtNtNtCsiu69tKcHrj_13multiversx_sc5types7managed7wrapped16managed_vec_item14ManagedVecItem17read_from_payloadB5_
FN:111,_RNvXINICshHluQ5WovEN_14common_structss1o_0pEINtB5_23AssetExtendedConfigViewpENtNtNtNtNtCsiu69tKcHrj_13multiversx_sc5types7managed7wrapped16managed_vec_item14ManagedVecItem19borrow_from_payloadB5_
FN:111,_RNvXINICshHluQ5WovEN_14common_structss1o_0pEINtB5_23AssetExtendedConfigViewpENtNtNtNtNtCsiu69tKcHrj_13multiversx_sc5types7managed7wrapped16managed_vec_item14ManagedVecItem15save_to_payloadB5_
FN:111,_RINvXINICshHluQ5WovEN_14common_structss1p_0pEINtB6_23AssetExtendedConfigViewpENtNtNtCsj1m2RfQUXvB_19multiversx_sc_codec6single6top_en9TopEncode24top_encode_or_handle_errppEB6_
FN:111,_RINvXINICshHluQ5WovEN_14common_structss1q_0pEINtB6_23AssetExtendedConfigViewpENtNtNtCsj1m2RfQUXvB_19multiversx_sc_codec6single6top_de9TopDecode24top_decode_or_handle_errppEB6_
FN:111,_RINvXINICshHluQ5WovEN_14common_structss1r_0pEINtB6_23AssetExtendedConfigViewpENtNtNtCsj1m2RfQUXvB_19multiversx_sc_codec6single9nested_en12NestedEncode24dep_encode_or_handle_errppEB6_
FN:111,_RINvXINICshHluQ5WovEN_14common_structss1s_0pEINtB6_23AssetExtendedConfigViewpENtNtNtCsj1m2RfQUXvB_19multiversx_sc_codec6single9nested_de12NestedDecode24dep_decode_or_handle_errppEB6_
FN:110,_RNvXINICshHluQ5WovEN_14common_structss1n_0pEINtB5_23AssetExtendedConfigViewpENtNtNtCsiu69tKcHrj_13multiversx_sc3abi8type_abi7TypeAbi9type_nameB5_
FN:110,_RINvXINICshHluQ5WovEN_14common_structss1n_0pEINtB6_23AssetExtendedConfigViewpENtNtNtCsiu69tKcHrj_13multiversx_sc3abi8type_abi7TypeAbi25provide_type_descriptionspEB6_
FN:120,_RNvXINICshHluQ5WovEN_14common_structss1g_0pEINtB5_13EModeCategorypENtNtNtNtNtCsiu69tKcHrj_13multiversx_sc5types7managed7wrapped16managed_vec_item14ManagedVecItem17read_from_payloadB5_
FN:120,_RNvXINICshHluQ5WovEN_14common_structss1g_0pEINtB5_13EModeCategorypENtNtNtNtNtCsiu69tKcHrj_13multiversx_sc5types7managed7wrapped16managed_vec_item14ManagedVecItem19borrow_from_payloadB5_
FN:120,_RNvXINICshHluQ5WovEN_14common_structss1g_0pEINtB5_13EModeCategorypENtNtNtNtNtCsiu69tKcHrj_13multiversx_sc5types7managed7wrapped16managed_vec_item14ManagedVecItem15save_to_payloadB5_
FN:120,_RINvXINICshHluQ5WovEN_14common_structss1h_0pEINtB6_13EModeCategorypENtNtNtCsj1m2RfQUXvB_19multiversx_sc_codec6single6top_en9TopEncode24top_encode_or_handle_errppEB6_
FN:120,_RINvXINICshHluQ5WovEN_14common_structss1i_0pEINtB6_13EModeCategorypENtNtNtCsj1m2RfQUXvB_19multiversx_sc_codec6single6top_de9TopDecode24top_decode_or_handle_errppEB6_
FN:120,_RINvXINICshHluQ5WovEN_14common_structss1j_0pEINtB6_13EModeCategorypENtNtNtCsj1m2RfQUXvB_19multiversx_sc_codec6single9nested_en12NestedEncode24dep_encode_or_handle_errppEB6_
FN:120,_RINvXINICshHluQ5WovEN_14common_structss1k_0pEINtB6_13EModeCategorypENtNtNtCsj1m2RfQUXvB_19multiversx_sc_codec6single9nested_de12NestedDecode24dep_decode_or_handle_errppEB6_
FN:119,_RNvXINICshHluQ5WovEN_14common_structss1f_0pEINtB5_13EModeCategorypENtNtNtCsiu69tKcHrj_13multiversx_sc3abi8type_abi7TypeAbi9type_nameB5_
FN:119,_RINvXINICshHluQ5WovEN_14common_structss1f_0pEINtB6_13EModeCategorypENtNtNtCsiu69tKcHrj_13multiversx_sc3abi8type_abi7TypeAbi25provide_type_descriptionspEB6_
FN:130,_RINvXs19_CshHluQ5WovEN_14common_structsNtB7_16EModeAssetConfigNtNtNtCsj1m2RfQUXvB_19multiversx_sc_codec6single6top_en9TopEncode24top_encode_or_handle_errppEB7_
FN:130,_RINvXs1a_CshHluQ5WovEN_14common_structsNtB7_16EModeAssetConfigNtNtNtCsj1m2RfQUXvB_19multiversx_sc_codec6single6top_de9TopDecode24top_decode_or_handle_errppEB7_
FN:130,_RINvXs1b_CshHluQ5WovEN_14common_structsNtB7_16EModeAssetConfigNtNtNtCsj1m2RfQUXvB_19multiversx_sc_codec6single9nested_en12NestedEncode24dep_encode_or_handle_errppEB7_
FN:130,_RINvXs1c_CshHluQ5WovEN_14common_structsNtB7_16EModeAssetConfigNtNtNtCsj1m2RfQUXvB_19multiversx_sc_codec6single9nested_de12NestedDecode24dep_decode_or_handle_errppEB7_
FN:129,_RINvXs17_CshHluQ5WovEN_14common_structsNtB7_16EModeAssetConfigNtNtNtCsiu69tKcHrj_13multiversx_sc3abi8type_abi7TypeAbi25provide_type_descriptionspEB7_
FN:137,_RINvXs10_CshHluQ5WovEN_14common_structsNtB7_20NftAccountAttributesNtNtNtCsj1m2RfQUXvB_19multiversx_sc_codec6single9nested_en12NestedEncode24dep_encode_or_handle_errppEB7_
FN:137,_RINvXs11_CshHluQ5WovEN_14common_structsNtB7_20NftAccountAttributesNtNtNtCsj1m2RfQUXvB_19multiversx_sc_codec6single9nested_de12NestedDecode24dep_decode_or_handle_errppEB7_
FN:137,_RINvXs12_CshHluQ5WovEN_14common_structsNtB7_20NftAccountAttributesNtNtNtCsj1m2RfQUXvB_19multiversx_sc_codec6single6top_en9TopEncode24top_encode_or_handle_errppEB7_
FN:137,_RINvXs13_CshHluQ5WovEN_14common_structsNtB7_20NftAccountAttributesNtNtNtCsj1m2RfQUXvB_19multiversx_sc_codec6single6top_de9TopDecode24top_decode_or_handle_errppEB7_
FN:136,_RINvXsZ_CshHluQ5WovEN_14common_structsNtB6_20NftAccountAttributesNtNtNtCsiu69tKcHrj_13multiversx_sc3abi8type_abi7TypeAbi25provide_type_descriptionspEB6_
FN:146,_RINvXsP_CshHluQ5WovEN_14common_structsNtB6_13PricingMethodNtNtNtCsj1m2RfQUXvB_19multiversx_sc_codec6single9nested_en12NestedEncode24dep_encode_or_handle_errppEB6_
FN:146,_RINvXsQ_CshHluQ5WovEN_14common_structsNtB6_13PricingMethodNtNtNtCsj1m2RfQUXvB_19multiversx_sc_codec6single9nested_de12NestedDecode24dep_decode_or_handle_errppEB6_
FN:146,_RINvXsR_CshHluQ5WovEN_14common_structsNtB6_13PricingMethodNtNtNtCsj1m2RfQUXvB_19multiversx_sc_codec6single6top_en9TopEncode24top_encode_or_handle_errppEB6_
FN:146,_RINvXsS_CshHluQ5WovEN_14common_structsNtB6_13PricingMethodNtNtNtCsj1m2RfQUXvB_19multiversx_sc_codec6single6top_de9TopDecode24top_decode_or_handle_errppEB6_
FN:144,_RINvXsN_CshHluQ5WovEN_14common_structsNtB6_13PricingMethodNtNtNtCsiu69tKcHrj_13multiversx_sc3abi8type_abi7TypeAbi25provide_type_descriptionspEB6_
FN:158,_RINvXsD_CshHluQ5WovEN_14common_structsNtB6_10OracleTypeNtNtNtCsj1m2RfQUXvB_19multiversx_sc_codec6single9nested_en12NestedEncode24dep_encode_or_handle_errppEB6_
FN:158,_RINvXsE_CshHluQ5WovEN_14common_structsNtB6_10OracleTypeNtNtNtCsj1m2RfQUXvB_19multiversx_sc_codec6single9nested_de12NestedDecode24dep_decode_or_handle_errppEB6_
FN:158,_RINvXsF_CshHluQ5WovEN_14common_structsNtB6_10OracleTypeNtNtNtCsj1m2RfQUXvB_19multiversx_sc_codec6single6top_en9TopEncode24top_encode_or_handle_errppEB6_
FN:158,_RINvXsG_CshHluQ5WovEN_14common_structsNtB6_10OracleTypeNtNtNtCsj1m2RfQUXvB_19multiversx_sc_codec6single6top_de9TopDecode24top_decode_or_handle_errppEB6_
FN:156,_RINvXsB_CshHluQ5WovEN_14common_structsNtB6_10OracleTypeNtNtNtCsiu69tKcHrj_13multiversx_sc3abi8type_abi7TypeAbi25provide_type_descriptionspEB6_
FN:169,_RINvXsr_CshHluQ5WovEN_14common_structsNtB6_14ExchangeSourceNtNtNtCsj1m2RfQUXvB_19multiversx_sc_codec6single9nested_en12NestedEncode24dep_encode_or_handle_errppEB6_
FN:169,_RINvXss_CshHluQ5WovEN_14common_structsNtB6_14ExchangeSourceNtNtNtCsj1m2RfQUXvB_19multiversx_sc_codec6single9nested_de12NestedDecode24dep_decode_or_handle_errppEB6_
FN:169,_RINvXst_CshHluQ5WovEN_14common_structsNtB6_14ExchangeSourceNtNtNtCsj1m2RfQUXvB_19multiversx_sc_codec6single6top_en9TopEncode24top_encode_or_handle_errppEB6_
FN:169,_RINvXsu_CshHluQ5WovEN_14common_structsNtB6_14ExchangeSourceNtNtNtCsj1m2RfQUXvB_19multiversx_sc_codec6single6top_de9TopDecode24top_decode_or_handle_errppEB6_
FN:167,_RINvXsp_CshHluQ5WovEN_14common_structsNtB6_14ExchangeSourceNtNtNtCsiu69tKcHrj_13multiversx_sc3abi8type_abi7TypeAbi25provide_type_descriptionspEB6_
FN:180,_RNvXINICshHluQ5WovEN_14common_structssi_0pEINtB5_14OracleProviderpENtNtNtNtNtCsiu69tKcHrj_13multiversx_sc5types7managed7wrapped16managed_vec_item14ManagedVecItem17read_from_payloadB5_
FN:180,_RNvXINICshHluQ5WovEN_14common_structssi_0pEINtB5_14OracleProviderpENtNtNtNtNtCsiu69tKcHrj_13multiversx_sc5types7managed7wrapped16managed_vec_item14ManagedVecItem19borrow_from_payloadB5_
FN:180,_RNvXINICshHluQ5WovEN_14common_structssi_0pEINtB5_14OracleProviderpENtNtNtNtNtCsiu69tKcHrj_13multiversx_sc5types7managed7wrapped16managed_vec_item14ManagedVecItem15save_to_payloadB5_
FN:180,_RINvXINICshHluQ5WovEN_14common_structssj_0pEINtB6_14OracleProviderpENtNtNtCsj1m2RfQUXvB_19multiversx_sc_codec6single6top_en9TopEncode24top_encode_or_handle_errppEB6_
FN:180,_RINvXINICshHluQ5WovEN_14common_structssk_0pEINtB6_14OracleProviderpENtNtNtCsj1m2RfQUXvB_19multiversx_sc_codec6single6top_de9TopDecode24top_decode_or_handle_errppEB6_
FN:180,_RINvXINICshHluQ5WovEN_14common_structssl_0pEINtB6_14OracleProviderpENtNtNtCsj1m2RfQUXvB_19multiversx_sc_codec6single9nested_en12NestedEncode24dep_encode_or_handle_errppEB6_
FN:180,_RINvXINICshHluQ5WovEN_14common_structssm_0pEINtB6_14OracleProviderpENtNtNtCsj1m2RfQUXvB_19multiversx_sc_codec6single9nested_de12NestedDecode24dep_decode_or_handle_errppEB6_
FN:179,_RNvXINICshHluQ5WovEN_14common_structssh_0pEINtB5_14OracleProviderpENtNtNtCsiu69tKcHrj_13multiversx_sc3abi8type_abi7TypeAbi9type_nameB5_
FN:179,_RINvXINICshHluQ5WovEN_14common_structssh_0pEINtB6_14OracleProviderpENtNtNtCsiu69tKcHrj_13multiversx_sc3abi8type_abi7TypeAbi25provide_type_descriptionspEB6_
FN:193,_RINvXINICshHluQ5WovEN_14common_structssa_0pEINtB6_14PriceFeedShortpENtNtNtCsj1m2RfQUXvB_19multiversx_sc_codec6single9nested_en12NestedEncode24dep_encode_or_handle_errppEB6_
FN:193,_RINvXINICshHluQ5WovEN_14common_structssb_0pEINtB6_14PriceFeedShortpENtNtNtCsj1m2RfQUXvB_19multiversx_sc_codec6single9nested_de12NestedDecode24dep_decode_or_handle_errppEB6_
FN:193,_RINvXINICshHluQ5WovEN_14common_structssc_0pEINtB6_14PriceFeedShortpENtNtNtCsj1m2RfQUXvB_19multiversx_sc_codec6single6top_en9TopEncode24top_encode_or_handle_errppEB6_
FN:193,_RINvXINICshHluQ5WovEN_14common_structssd_0pEINtB6_14PriceFeedShortpENtNtNtCsj1m2RfQUXvB_19multiversx_sc_codec6single6top_de9TopDecode24top_decode_or_handle_errppEB6_
FN:192,_RNvXINICshHluQ5WovEN_14common_structss9_0pEINtB5_14PriceFeedShortpENtNtNtCsiu69tKcHrj_13multiversx_sc3abi8type_abi7TypeAbi9type_nameB5_
FN:192,_RINvXINICshHluQ5WovEN_14common_structss9_0pEINtB6_14PriceFeedShortpENtNtNtCsiu69tKcHrj_13multiversx_sc3abi8type_abi7TypeAbi25provide_type_descriptionspEB6_
FN:203,_RNvXINICshHluQ5WovEN_14common_structss2_0pEINtB5_22OraclePriceFluctuationpENtNtNtNtNtCsiu69tKcHrj_13multiversx_sc5types7managed7wrapped16managed_vec_item14ManagedVecItem17read_from_payloadB5_
FN:203,_RNvXINICshHluQ5WovEN_14common_structss2_0pEINtB5_22OraclePriceFluctuationpENtNtNtNtNtCsiu69tKcHrj_13multiversx_sc5types7managed7wrapped16managed_vec_item14ManagedVecItem19borrow_from_payloadB5_
FN:203,_RNvXINICshHluQ5WovEN_14common_structss2_0pEINtB5_22OraclePriceFluctuationpENtNtNtNtNtCsiu69tKcHrj_13multiversx_sc5types7managed7wrapped16managed_vec_item14ManagedVecItem15save_to_payloadB5_
FN:203,_RINvXINICshHluQ5WovEN_14common_structss3_0pEINtB6_22OraclePriceFluctuationpENtNtNtCsj1m2RfQUXvB_19multiversx_sc_codec6single6top_en9TopEncode24top_encode_or_handle_errppEB6_
FN:203,_RINvXINICshHluQ5WovEN_14common_structss4_0pEINtB6_22OraclePriceFluctuationpENtNtNtCsj1m2RfQUXvB_19multiversx_sc_codec6single6top_de9TopDecode24top_decode_or_handle_errppEB6_
FN:203,_RINvXINICshHluQ5WovEN_14common_structss5_0pEINtB6_22OraclePriceFluctuationpENtNtNtCsj1m2RfQUXvB_19multiversx_sc_codec6single9nested_en12NestedEncode24dep_encode_or_handle_errppEB6_
FN:203,_RINvXINICshHluQ5WovEN_14common_structss6_0pEINtB6_22OraclePriceFluctuationpENtNtNtCsj1m2RfQUXvB_19multiversx_sc_codec6single9nested_de12NestedDecode24dep_decode_or_handle_errppEB6_
FN:202,_RNvXINICshHluQ5WovEN_14common_structss1_0pEINtB5_22OraclePriceFluctuationpENtNtNtCsiu69tKcHrj_13multiversx_sc3abi8type_abi7TypeAbi9type_nameB5_
FN:202,_RINvXINICshHluQ5WovEN_14common_structss1_0pEINtB6_22OraclePriceFluctuationpENtNtNtCsiu69tKcHrj_13multiversx_sc3abi8type_abi7TypeAbi25provide_type_descriptionspEB6_
FNDA:0,_RINvXs12_CshHluQ5WovEN_14common_structsNtB7_20NftAccountAttributesNtNtNtCsj1m2RfQUXvB_19multiversx_sc_codec6single6top_en9TopEncode24top_encode_or_handle_errINtNtNtCsiu69tKcHrj_13multiversx_sc2io6finish16ApiOutputAdapterINtNtNtNtCsaT8J8gEWH0X_22multiversx_sc_scenario3api7impl_vh12vm_hooks_api10VMHooksApiNtNtB3B_9debug_api15DebugApiBackendEEINtNtNtNtB2C_13contract_base8wrappers10serializer21ExitCodecErrorHandlerB3w_EECsbSeQquGUR4T_5tests
FNDA:80,_RINvXs12_CshHluQ5WovEN_14common_structsNtB7_20NftAccountAttributesNtNtNtCsj1m2RfQUXvB_19multiversx_sc_codec6single6top_en9TopEncode24top_encode_or_handle_errINtNtNtCsiu69tKcHrj_13multiversx_sc7storage11storage_set16StorageSetOutputINtNtNtNtCsaT8J8gEWH0X_22multiversx_sc_scenario3api7impl_vh12vm_hooks_api10VMHooksApiNtNtB3M_9debug_api15DebugApiBackendEEINtNtNtNtB2C_13contract_base8wrappers10serializer21ExitCodecErrorHandlerB3H_EECsbSeQquGUR4T_5tests
FNDA:2,_RINvXs12_CshHluQ5WovEN_14common_structsNtB7_20NftAccountAttributesNtNtNtCsj1m2RfQUXvB_19multiversx_sc_codec6single6top_en9TopEncode24top_encode_or_handle_errQINtNtCshTKFwE22Rw2_5alloc3vec3VechENtNtB18_17codec_err_handler19DefaultErrorHandlerECsbSeQquGUR4T_5tests
FNDA:213,_RINvXs12_CshHluQ5WovEN_14common_structsNtB7_20NftAccountAttributesNtNtNtCsj1m2RfQUXvB_19multiversx_sc_codec6single6top_en9TopEncode24top_encode_or_handle_errQINtNtNtNtNtCsiu69tKcHrj_13multiversx_sc5types7managed5basic14managed_buffer13ManagedBufferINtNtNtNtCsaT8J8gEWH0X_22multiversx_sc_scenario3api7impl_vh12vm_hooks_api10VMHooksApiNtNtB43_9debug_api15DebugApiBackendEEINtNtNtNtB2H_13contract_base8wrappers10serializer21ExitCodecErrorHandlerB3Y_EECsbSeQquGUR4T_5tests
FNDA:11,_RINvXs13_CshHluQ5WovEN_14common_structsNtB7_20NftAccountAttributesNtNtNtCsj1m2RfQUXvB_19multiversx_sc_codec6single6top_de9TopDecode24top_decode_or_handle_errINtNtNtCsiu69tKcHrj_13multiversx_sc7storage11storage_get15StorageGetInputINtNtNtNtCsaT8J8gEWH0X_22multiversx_sc_scenario3api7impl_vh12vm_hooks_api10VMHooksApiNtNtB3L_9debug_api15DebugApiBackendEEINtB2y_22StorageGetErrorHandlerB3G_EECsbSeQquGUR4T_5tests
FNDA:64,_RINvXs13_CshHluQ5WovEN_14common_structsNtB7_20NftAccountAttributesNtNtNtCsj1m2RfQUXvB_19multiversx_sc_codec6single6top_de9TopDecode24top_decode_or_handle_errINtNtNtNtNtCsiu69tKcHrj_13multiversx_sc5types7managed5basic14managed_buffer13ManagedBufferINtNtNtNtCsaT8J8gEWH0X_22multiversx_sc_scenario3api7impl_vh12vm_hooks_api10VMHooksApiNtNtB42_9debug_api15DebugApiBackendEEINtNtNtNtB2G_13contract_base8wrappers10serializer21ExitCodecErrorHandlerB3X_EECsbSeQquGUR4T_5tests
FNDA:0,_RINvXs19_CshHluQ5WovEN_14common_structsNtB7_16EModeAssetConfigNtNtNtCsj1m2RfQUXvB_19multiversx_sc_codec6single6top_en9TopEncode24top_encode_or_handle_errINtNtNtCsiu69tKcHrj_13multiversx_sc2io6finish16ApiOutputAdapterINtNtNtNtCsaT8J8gEWH0X_22multiversx_sc_scenario3api7impl_vh12vm_hooks_api10VMHooksApiNtNtB3x_9debug_api15DebugApiBackendEEINtNtNtNtB2y_13contract_base8wrappers10serializer21ExitCodecErrorHandlerB3s_EECsbSeQquGUR4T_5tests
FNDA:192,_RINvXs19_CshHluQ5WovEN_14common_structsNtB7_16EModeAssetConfigNtNtNtCsj1m2RfQUXvB_19multiversx_sc_codec6single6top_en9TopEncode24top_encode_or_handle_errINtNtNtCsiu69tKcHrj_13multiversx_sc7storage11storage_set16StorageSetOutputINtNtNtNtCsaT8J8gEWH0X_22multiversx_sc_scenario3api7impl_vh12vm_hooks_api10VMHooksApiNtNtB3I_9debug_api15DebugApiBackendEEINtNtNtNtB2y_13contract_base8wrappers10serializer21ExitCodecErrorHandlerB3D_EECsbSeQquGUR4T_5tests
FNDA:192,_RINvXs19_CshHluQ5WovEN_14common_structsNtB7_16EModeAssetConfigNtNtNtCsj1m2RfQUXvB_19multiversx_sc_codec6single6top_en9TopEncode24top_encode_or_handle_errQINtNtNtNtNtCsiu69tKcHrj_13multiversx_sc5types7managed5basic14managed_buffer13ManagedBufferINtNtNtNtCsaT8J8gEWH0X_22multiversx_sc_scenario3api7impl_vh12vm_hooks_api10VMHooksApiNtNtB3Z_9debug_api15DebugApiBackendEEINtNtNtNtB2D_13contract_base8wrappers10serializer21ExitCodecErrorHandlerB3U_EECsbSeQquGUR4T_5tests
FNDA:4,_RINvXs1G_CshHluQ5WovEN_14common_structsINtB7_15AccountPositionINtNtNtNtCsaT8J8gEWH0X_22multiversx_sc_scenario3api7impl_vh12vm_hooks_api10VMHooksApiNtNtB13_9debug_api15DebugApiBackendEENtNtNtCsj1m2RfQUXvB_19multiversx_sc_codec6single9nested_en12NestedEncode24dep_encode_or_handle_errINtNtNtNtNtNtCsiu69tKcHrj_13multiversx_sc5types7managed7wrapped7builder22managed_buffer_builder20ManagedBufferBuilderBY_EINtNtNtNtB4J_13contract_base8wrappers10serializer21ExitCodecErrorHandlerBY_EECsbSeQquGUR4T_5tests
FNDA:941,_RINvXs1I_CshHluQ5WovEN_14common_structsINtB7_15AccountPositionINtNtNtNtCsaT8J8gEWH0X_22multiversx_sc_scenario3api7impl_vh12vm_hooks_api10VMHooksApiNtNtB13_9debug_api15DebugApiBackendEENtNtNtCsj1m2RfQUXvB_19multiversx_sc_codec6single6top_en9TopEncode24top_encode_or_handle_errINtNtNtCsiu69tKcHrj_13multiversx_sc2io6finish16ApiOutputAdapterBY_EINtNtNtNtB4w_13contract_base8wrappers10serializer21ExitCodecErrorHandlerBY_EECsbSeQquGUR4T_5tests
FNDA:941,_RINvXs1I_CshHluQ5WovEN_14common_structsINtB7_15AccountPositionINtNtNtNtCsaT8J8gEWH0X_22multiversx_sc_scenario3api7impl_vh12vm_hooks_api10VMHooksApiNtNtB13_9debug_api15DebugApiBackendEENtNtNtCsj1m2RfQUXvB_19multiversx_sc_codec6single6top_en9TopEncode24top_encode_or_handle_errINtNtNtCsiu69tKcHrj_13multiversx_sc7storage11storage_set16StorageSetOutputBY_EINtNtNtNtB4w_13contract_base8wrappers10serializer21ExitCodecErrorHandlerBY_EECsbSeQquGUR4T_5tests
FNDA:1834,_RINvXs1I_CshHluQ5WovEN_14common_structsINtB7_15AccountPositionINtNtNtNtCsaT8J8gEWH0X_22multiversx_sc_scenario3api7impl_vh12vm_hooks_api10VMHooksApiNtNtB13_9debug_api15DebugApiBackendEENtNtNtCsj1m2RfQUXvB_19multiversx_sc_codec6single6top_en9TopEncode24top_encode_or_handle_errQINtNtNtNtNtCsiu69tKcHrj_13multiversx_sc5types7managed5basic14managed_buffer13ManagedBufferBY_EINtNtNtNtB4B_13contract_base8wrappers10serializer21ExitCodecErrorHandlerBY_EECsbSeQquGUR4T_5tests
FNDA:941,_RINvXs1J_CshHluQ5WovEN_14common_structsINtB7_15AccountPositionINtNtNtNtCsaT8J8gEWH0X_22multiversx_sc_scenario3api7impl_vh12vm_hooks_api10VMHooksApiNtNtB13_9debug_api15DebugApiBackendEENtNtNtCsj1m2RfQUXvB_19multiversx_sc_codec6single6top_de9TopDecode24top_decode_or_handle_errINtNtNtCsiu69tKcHrj_13multiversx_sc2io12arg_de_input14ArgDecodeInputBY_EINtNtB4u_17arg_error_handler15ArgErrorHandlerBY_EECsbSeQquGUR4T_5tests
FNDA:1759,_RINvXs1J_CshHluQ5WovEN_14common_structsINtB7_15AccountPositionINtNtNtNtCsaT8J8gEWH0X_22multiversx_sc_scenario3api7impl_vh12vm_hooks_api10VMHooksApiNtNtB13_9debug_api15DebugApiBackendEENtNtNtCsj1m2RfQUXvB_19multiversx_sc_codec6single6top_de9TopDecode24top_decode_or_handle_errINtNtNtCsiu69tKcHrj_13multiversx_sc7storage11storage_get15StorageGetInputBY_EINtB4s_22StorageGetErrorHandlerBY_EECsbSeQquGUR4T_5tests
FNDA:941,_RINvXs1J_CshHluQ5WovEN_14common_structsINtB7_15AccountPositionINtNtNtNtCsaT8J8gEWH0X_22multiversx_sc_scenario3api7impl_vh12vm_hooks_api10VMHooksApiNtNtB13_9debug_api15DebugApiBackendEENtNtNtCsj1m2RfQUXvB_19multiversx_sc_codec6single6top_de9TopDecode24top_decode_or_handle_errINtNtNtNtNtCsiu69tKcHrj_13multiversx_sc5types7managed5basic14managed_buffer13ManagedBufferBY_EINtNtNtB4A_2io17arg_error_handler15ArgErrorHandlerBY_EECsbSeQquGUR4T_5tests
FNDA:1834,_RINvXs1P_CshHluQ5WovEN_14common_structsNtB7_19AccountPositionTypeNtNtNtCsj1m2RfQUXvB_19multiversx_sc_codec6single9nested_en12NestedEncode24dep_encode_or_handle_errINtNtNtNtNtCsiu69tKcHrj_13multiversx_sc5types7managed5basic14managed_buffer13ManagedBufferINtNtNtNtCsaT8J8gEWH0X_22multiversx_sc_scenario3api7impl_vh12vm_hooks_api10VMHooksApiNtNtB48_9debug_api15DebugApiBackendEEINtNtNtNtB2M_13contract_base8wrappers10serializer21ExitCodecErrorHandlerB43_EECsbSeQquGUR4T_5tests
FNDA:1886,_RINvXs1P_CshHluQ5WovEN_14common_structsNtB7_19AccountPositionTypeNtNtNtCsj1m2RfQUXvB_19multiversx_sc_codec6single9nested_en12NestedEncode24dep_encode_or_handle_errINtNtNtNtNtNtCsiu69tKcHrj_13multiversx_sc5types7managed7wrapped7builder22managed_buffer_builder20ManagedBufferBuilderINtNtNtNtCsaT8J8gEWH0X_22multiversx_sc_scenario3api7impl_vh12vm_hooks_api10VMHooksApiNtNtB4z_9debug_api15DebugApiBackendEEINtNtNtNtB2O_13contract_base8wrappers10serializer21ExitCodecErrorHandlerB4u_EECsbSeQquGUR4T_5tests
FNDA:1882,_RINvXs1Q_CshHluQ5WovEN_14common_structsNtB7_19AccountPositionTypeNtNtNtCsj1m2RfQUXvB_19multiversx_sc_codec6single9nested_de12NestedDecode24dep_decode_or_handle_errINtNtNtNtNtCsiu69tKcHrj_13multiversx_sc5types7managed10codec_util30managed_buffer_nested_de_input30ManagedBufferNestedDecodeInputINtNtNtNtCsaT8J8gEWH0X_22multiversx_sc_scenario3api7impl_vh12vm_hooks_api10VMHooksApiNtNtB4L_9debug_api15DebugApiBackendEEINtNtNtB2M_2io17arg_error_handler15ArgErrorHandlerB4G_EECsbSeQquGUR4T_5tests
FNDA:1759,_RINvXs1Q_CshHluQ5WovEN_14common_structsNtB7_19AccountPositionTypeNtNtNtCsj1m2RfQUXvB_19multiversx_sc_codec6single9nested_de12NestedDecode24dep_decode_or_handle_errINtNtNtNtNtCsiu69tKcHrj_13multiversx_sc5types7managed10codec_util30managed_buffer_nested_de_input30ManagedBufferNestedDecodeInputINtNtNtNtCsaT8J8gEWH0X_22multiversx_sc_scenario3api7impl_vh12vm_hooks_api10VMHooksApiNtNtB4L_9debug_api15DebugApiBackendEEINtNtNtB2M_7storage11storage_get22StorageGetErrorHandlerB4G_EECsbSeQquGUR4T_5tests
FNDA:0,_RINvXs1a_CshHluQ5WovEN_14common_structsNtB7_16EModeAssetConfigNtNtNtCsj1m2RfQUXvB_19multiversx_sc_codec6single6top_de9TopDecode24top_decode_or_handle_errINtNtNtCsiu69tKcHrj_13multiversx_sc2io12arg_de_input14ArgDecodeInputINtNtNtNtCsaT8J8gEWH0X_22multiversx_sc_scenario3api7impl_vh12vm_hooks_api10VMHooksApiNtNtB3C_9debug_api15DebugApiBackendEEINtNtB2w_17arg_error_handler15ArgErrorHandlerB3x_EECsbSeQquGUR4T_5tests
FNDA:8,_RINvXs1a_CshHluQ5WovEN_14common_structsNtB7_16EModeAssetConfigNtNtNtCsj1m2RfQUXvB_19multiversx_sc_codec6single6top_de9TopDecode24top_decode_or_handle_errINtNtNtCsiu69tKcHrj_13multiversx_sc7storage11storage_get15StorageGetInputINtNtNtNtCsaT8J8gEWH0X_22multiversx_sc_scenario3api7impl_vh12vm_hooks_api10VMHooksApiNtNtB3H_9debug_api15DebugApiBackendEEINtB2u_22StorageGetErrorHandlerB3C_EECsbSeQquGUR4T_5tests
FNDA:0,_RINvXs1h_CshHluQ5WovEN_14common_structsINtB7_13EModeCategoryINtNtNtNtCsaT8J8gEWH0X_22multiversx_sc_scenario3api7impl_vh12vm_hooks_api10VMHooksApiNtNtB11_9debug_api15DebugApiBackendEENtNtNtCsj1m2RfQUXvB_19multiversx_sc_codec6single6top_en9TopEncode24top_encode_or_handle_errINtNtNtCsiu69tKcHrj_13multiversx_sc2io6finish16ApiOutputAdapterBW_EINtNtNtNtB4u_13contract_base8wrappers10serializer21ExitCodecErrorHandlerBW_EECsbSeQquGUR4T_5tests
FNDA:48,_RINvXs1h_CshHluQ5WovEN_14common_structsINtB7_13EModeCategoryINtNtNtNtCsaT8J8gEWH0X_22multiversx_sc_scenario3api7impl_vh12vm_hooks_api10VMHooksApiNtNtB11_9debug_api15DebugApiBackendEENtNtNtCsj1m2RfQUXvB_19multiversx_sc_codec6single6top_en9TopEncode24top_encode_or_handle_errINtNtNtCsiu69tKcHrj_13multiversx_sc7storage11storage_set16StorageSetOutputBW_EINtNtNtNtB4u_13contract_base8wrappers10serializer21ExitCodecErrorHandlerBW_EECsbSeQquGUR4T_5tests
FNDA:48,_RINvXs1h_CshHluQ5WovEN_14common_structsINtB7_13EModeCategoryINtNtNtNtCsaT8J8gEWH0X_22multiversx_sc_scenario3api7impl_vh12vm_hooks_api10VMHooksApiNtNtB11_9debug_api15DebugApiBackendEENtNtNtCsj1m2RfQUXvB_19multiversx_sc_codec6single6top_en9TopEncode24top_encode_or_handle_errQINtNtNtNtNtCsiu69tKcHrj_13multiversx_sc5types7managed5basic14managed_buffer13ManagedBufferBW_EINtNtNtNtB4z_13contract_base8wrappers10serializer21ExitCodecErrorHandlerBW_EECsbSeQquGUR4T_5tests
FNDA:0,_RINvXs1i_CshHluQ5WovEN_14common_structsINtB7_13EModeCategoryINtNtNtNtCsaT8J8gEWH0X_22multiversx_sc_scenario3api7impl_vh12vm_hooks_api10VMHooksApiNtNtB11_9debug_api15DebugApiBackendEENtNtNtCsj1m2RfQUXvB_19multiversx_sc_codec6single6top_de9TopDecode24top_decode_or_handle_errINtNtNtCsiu69tKcHrj_13multiversx_sc2io12arg_de_input14ArgDecodeInputBW_EINtNtB4s_17arg_error_handler15ArgErrorHandlerBW_EECsbSeQquGUR4T_5tests
FNDA:11,_RINvXs1i_CshHluQ5WovEN_14common_structsINtB7_13EModeCategoryINtNtNtNtCsaT8J8gEWH0X_22multiversx_sc_scenario3api7impl_vh12vm_hooks_api10VMHooksApiNtNtB11_9debug_api15DebugApiBackendEENtNtNtCsj1m2RfQUXvB_19multiversx_sc_codec6single6top_de9TopDecode24top_decode_or_handle_errINtNtNtCsiu69tKcHrj_13multiversx_sc7storage11storage_get15StorageGetInputBW_EINtB4q_22StorageGetErrorHandlerBW_EECsbSeQquGUR4T_5tests
FNDA:0,_RINvXs1j_CshHluQ5WovEN_14common_structsINtB7_13EModeCategoryINtNtNtNtCsaT8J8gEWH0X_22multiversx_sc_scenario3api7impl_vh12vm_hooks_api10VMHooksApiNtNtB11_10static_api16StaticApiBackendEENtNtNtCsj1m2RfQUXvB_19multiversx_sc_codec6single9nested_en12NestedEncode24dep_encode_or_handle_errINtNtNtNtNtCsiu69tKcHrj_13multiversx_sc5types7managed5basic14managed_buffer13ManagedBufferBW_EINtNtNtNtB4I_13contract_base8wrappers10serializer21ExitCodecErrorHandlerBW_EECsbSeQquGUR4T_5tests
FNDA:0,_RINvXs1k_CshHluQ5WovEN_14common_structsINtB7_13EModeCategoryINtNtNtNtCsaT8J8gEWH0X_22multiversx_sc_scenario3api7impl_vh12vm_hooks_api10VMHooksApiNtNtB11_9debug_api15DebugApiBackendEENtNtNtCsj1m2RfQUXvB_19multiversx_sc_codec6single9nested_de12NestedDecode24dep_decode_or_handle_errINtNtNtNtNtCsiu69tKcHrj_13multiversx_sc5types7managed10codec_util30managed_buffer_nested_de_input30ManagedBufferNestedDecodeInputBW_EINtNtNtB4F_2io17arg_error_handler15ArgErrorHandlerBW_EECsbSeQquGUR4T_5tests
FNDA:0,_RINvXs1r_CshHluQ5WovEN_14common_structsINtB7_23AssetExtendedConfigViewINtNtNtNtCsaT8J8gEWH0X_22multiversx_sc_scenario3api7impl_vh12vm_hooks_api10VMHooksApiNtNtB1b_9debug_api15DebugApiBackendEENtNtNtCsj1m2RfQUXvB_19multiversx_sc_codec6single9nested_en12NestedEncode24dep_encode_or_handle_errINtNtNtNtNtNtCsiu69tKcHrj_13multiversx_sc5types7managed7wrapped7builder22managed_buffer_builder20ManagedBufferBuilderB16_EINtNtNtNtB4R_13contract_base8wrappers10serializer21ExitCodecErrorHandlerB16_EECsbSeQquGUR4T_5tests
FNDA:1,_RINvXs1x_CshHluQ5WovEN_14common_structsINtB7_11AssetConfigINtNtNtNtCsaT8J8gEWH0X_22multiversx_sc_scenario3api7impl_vh12vm_hooks_api10VMHooksApiNtNtBZ_10static_api16StaticApiBackendEENtNtNtCsj1m2RfQUXvB_19multiversx_sc_codec6single6top_en9TopEncode24top_encode_or_handle_errQINtNtNtNtNtCsiu69tKcHrj_13multiversx_sc5types7managed5basic14managed_buffer13ManagedBufferBU_EINtNtNtNtB4z_13contract_base8wrappers10serializer21ExitCodecErrorHandlerBU_EECsbSeQquGUR4T_5tests
FNDA:0,_RINvXs1x_CshHluQ5WovEN_14common_structsINtB7_11AssetConfigINtNtNtNtCsaT8J8gEWH0X_22multiversx_sc_scenario3api7impl_vh12vm_hooks_api10VMHooksApiNtNtBZ_9debug_api15DebugApiBackendEENtNtNtCsj1m2RfQUXvB_19multiversx_sc_codec6single6top_en9TopEncode24top_encode_or_handle_errINtNtNtCsiu69tKcHrj_13multiversx_sc2io6finish16ApiOutputAdapterBU_EINtNtNtNtB4r_13contract_base8wrappers10serializer21ExitCodecErrorHandlerBU_EECsbSeQquGUR4T_5tests
FNDA:672,_RINvXs1x_CshHluQ5WovEN_14common_structsINtB7_11AssetConfigINtNtNtNtCsaT8J8gEWH0X_22multiversx_sc_scenario3api7impl_vh12vm_hooks_api10VMHooksApiNtNtBZ_9debug_api15DebugApiBackendEENtNtNtCsj1m2RfQUXvB_19multiversx_sc_codec6single6top_en9TopEncode24top_encode_or_handle_errINtNtNtCsiu69tKcHrj_13multiversx_sc7storage11storage_set16StorageSetOutputBU_EINtNtNtNtB4r_13contract_base8wrappers10serializer21ExitCodecErrorHandlerBU_EECsbSeQquGUR4T_5tests
FNDA:672,_RINvXs1x_CshHluQ5WovEN_14common_structsINtB7_11AssetConfigINtNtNtNtCsaT8J8gEWH0X_22multiversx_sc_scenario3api7impl_vh12vm_hooks_api10VMHooksApiNtNtBZ_9debug_api15DebugApiBackendEENtNtNtCsj1m2RfQUXvB_19multiversx_sc_codec6single6top_en9TopEncode24top_encode_or_handle_errQINtNtNtNtNtCsiu69tKcHrj_13multiversx_sc5types7managed5basic14managed_buffer13ManagedBufferBU_EINtNtNtNtB4w_13contract_base8wrappers10serializer21ExitCodecErrorHandlerBU_EECsbSeQquGUR4T_5tests
FNDA:1,_RINvXs1y_CshHluQ5WovEN_14common_structsINtB7_11AssetConfigINtNtNtNtCsaT8J8gEWH0X_22multiversx_sc_scenario3api7impl_vh12vm_hooks_api10VMHooksApiNtNtBZ_9debug_api15DebugApiBackendEENtNtNtCsj1m2RfQUXvB_19multiversx_sc_codec6single6top_de9TopDecode24top_decode_or_handle_errINtNtNtCsiu69tKcHrj_13multiversx_sc2io12arg_de_input14ArgDecodeInputBU_EINtNtB4p_17arg_error_handler15ArgErrorHandlerBU_EECsbSeQquGUR4T_5tests
FNDA:351,_RINvXs1y_CshHluQ5WovEN_14common_structsINtB7_11AssetConfigINtNtNtNtCsaT8J8gEWH0X_22multiversx_sc_scenario3api7impl_vh12vm_hooks_api10VMHooksApiNtNtBZ_9debug_api15DebugApiBackendEENtNtNtCsj1m2RfQUXvB_19multiversx_sc_codec6single6top_de9TopDecode24top_decode_or_handle_errINtNtNtCsiu69tKcHrj_13multiversx_sc7storage11storage_get15StorageGetInputBU_EINtB4n_22StorageGetErrorHandlerBU_EECsbSeQquGUR4T_5tests
FNDA:0,_RINvXs1z_CshHluQ5WovEN_14common_structsINtB7_11AssetConfigINtNtNtNtCsaT8J8gEWH0X_22multiversx_sc_scenario3api7impl_vh12vm_hooks_api10VMHooksApiNtNtBZ_9debug_api15DebugApiBackendEENtNtNtCsj1m2RfQUXvB_19multiversx_sc_codec6single9nested_en12NestedEncode24dep_encode_or_handle_errINtNtNtNtNtNtCsiu69tKcHrj_13multiversx_sc5types7managed7wrapped7builder22managed_buffer_builder20ManagedBufferBuilderBU_EINtNtNtNtB4E_13contract_base8wrappers10serializer21ExitCodecErrorHandlerBU_EECsbSeQquGUR4T_5tests
FNDA:0,_RINvXs20_CshHluQ5WovEN_14common_structsINtB7_10PoolParamsINtNtNtNtCsaT8J8gEWH0X_22multiversx_sc_scenario3api7impl_vh12vm_hooks_api10VMHooksApiNtNtBY_9debug_api15DebugApiBackendEENtNtNtCsj1m2RfQUXvB_19multiversx_sc_codec6single6top_en9TopEncode24top_encode_or_handle_errINtNtNtCsiu69tKcHrj_13multiversx_sc2io6finish16ApiOutputAdapterBT_EINtNtNtNtB4q_13contract_base8wrappers10serializer21ExitCodecErrorHandlerBT_EECsbSeQquGUR4T_5tests
FNDA:528,_RINvXs20_CshHluQ5WovEN_14common_structsINtB7_10PoolParamsINtNtNtNtCsaT8J8gEWH0X_22multiversx_sc_scenario3api7impl_vh12vm_hooks_api10VMHooksApiNtNtBY_9debug_api15DebugApiBackendEENtNtNtCsj1m2RfQUXvB_19multiversx_sc_codec6single6top_en9TopEncode24top_encode_or_handle_errINtNtNtCsiu69tKcHrj_13multiversx_sc7storage11storage_set16StorageSetOutputBT_EINtNtNtNtB4q_13contract_base8wrappers10serializer21ExitCodecErrorHandlerBT_EECsbSeQquGUR4T_5tests
FNDA:961,_RINvXs21_CshHluQ5WovEN_14common_structsINtB7_10PoolParamsINtNtNtNtCsaT8J8gEWH0X_22multiversx_sc_scenario3api7impl_vh12vm_hooks_api10VMHooksApiNtNtBY_9debug_api15DebugApiBackendEENtNtNtCsj1m2RfQUXvB_19multiversx_sc_codec6single6top_de9TopDecode24top_decode_or_handle_errINtNtNtCsiu69tKcHrj_13multiversx_sc7storage11storage_get15StorageGetInputBT_EINtB4m_22StorageGetErrorHandlerBT_EECsbSeQquGUR4T_5tests
FNDA:576,_RINvXs5_CshHluQ5WovEN_14common_structsINtB6_22OraclePriceFluctuationINtNtNtNtCsaT8J8gEWH0X_22multiversx_sc_scenario3api7impl_vh12vm_hooks_api10VMHooksApiNtNtB19_9debug_api15DebugApiBackendEENtNtNtCsj1m2RfQUXvB_19multiversx_sc_codec6single9nested_en12NestedEncode24dep_encode_or_handle_errINtNtNtNtNtNtCsiu69tKcHrj_13multiversx_sc5types7managed7wrapped7builder22managed_buffer_builder20ManagedBufferBuilderB14_EINtNtNtNtB4P_13contract_base8wrappers10serializer21ExitCodecErrorHandlerB14_EECsbSeQquGUR4T_5tests
FNDA:614,_RINvXs6_CshHluQ5WovEN_14common_structsINtB6_22OraclePriceFluctuationINtNtNtNtCsaT8J8gEWH0X_22multiversx_sc_scenario3api7impl_vh12vm_hooks_api10VMHooksApiNtNtB19_9debug_api15DebugApiBackendEENtNtNtCsj1m2RfQUXvB_19multiversx_sc_codec6single9nested_de12NestedDecode24dep_decode_or_handle_errINtNtNtNtNtCsiu69tKcHrj_13multiversx_sc5types7managed10codec_util30managed_buffer_nested_de_input30ManagedBufferNestedDecodeInputB14_EINtNtNtB4N_7storage11storage_get22StorageGetErrorHandlerB14_EECsbSeQquGUR4T_5tests
FNDA:576,_RINvXsD_CshHluQ5WovEN_14common_structsNtB6_10OracleTypeNtNtNtCsj1m2RfQUXvB_19multiversx_sc_codec6single9nested_en12NestedEncode24dep_encode_or_handle_errINtNtNtNtNtNtCsiu69tKcHrj_13multiversx_sc5types7managed7wrapped7builder22managed_buffer_builder20ManagedBufferBuilderINtNtNtNtCsaT8J8gEWH0X_22multiversx_sc_scenario3api7impl_vh12vm_hooks_api10VMHooksApiNtNtB4p_9debug_api15DebugApiBackendEEINtNtNtNtB2E_13contract_base8wrappers10serializer21ExitCodecErrorHandlerB4k_EECsbSeQquGUR4T_5tests
FNDA:614,_RINvXsE_CshHluQ5WovEN_14common_structsNtB6_10OracleTypeNtNtNtCsj1m2RfQUXvB_19multiversx_sc_codec6single9nested_de12NestedDecode24dep_decode_or_handle_errINtNtNtNtNtCsiu69tKcHrj_13multiversx_sc5types7managed10codec_util30managed_buffer_nested_de_input30ManagedBufferNestedDecodeInputINtNtNtNtCsaT8J8gEWH0X_22multiversx_sc_scenario3api7impl_vh12vm_hooks_api10VMHooksApiNtNtB4B_9debug_api15DebugApiBackendEEINtNtNtB2C_7storage11storage_get22StorageGetErrorHandlerB4w_EECsbSeQquGUR4T_5tests
FNDA:576,_RINvXsF_CshHluQ5WovEN_14common_structsNtB6_10OracleTypeNtNtNtCsj1m2RfQUXvB_19multiversx_sc_codec6single6top_en9TopEncode24top_encode_or_handle_errQINtNtNtNtNtCsiu69tKcHrj_13multiversx_sc5types7managed5basic14managed_buffer13ManagedBufferINtNtNtNtCsaT8J8gEWH0X_22multiversx_sc_scenario3api7impl_vh12vm_hooks_api10VMHooksApiNtNtB3S_10static_api16StaticApiBackendEEINtNtNtNtB2w_13contract_base8wrappers10serializer21ExitCodecErrorHandlerB3N_EECsbSeQquGUR4T_5tests
[...]
FNDA:3464,_RINvXst_NtCsbAwDzPikP0I_16price_aggregator7structsNtB6_12OracleStatusNtNtNtCsj1m2RfQUXvB_19multiversx_sc_codec6single6top_de9TopDecode24top_decode_or_handle_errINtNtNtCsiu69tKcHrj_13multiversx_sc7storage11storage_get15StorageGetInputINtNtNtNtCsaT8J8gEWH0X_22multiversx_sc_scenario3api7impl_vh12vm_hooks_api10VMHooksApiNtNtB3O_9debug_api15DebugApiBackendEEINtB2B_22StorageGetErrorHandlerB3J_EECsbSeQquGUR4T_5tests
FNF:10
FNH:8
DA:5,11686
DA:12,1066
DA:23,1066
DA:31,3464
DA:38,433
DA:48,0
BRF:0
BRH:0
LF:10
LH:8
end_of_record
SF:/Users/mihaieremia/GitHub/rs-lending/price_aggregator/src/utils.rs
FN:171,_RNvYINtNtNtCsiu69tKcHrj_13multiversx_sc13contract_base22universal_contract_obj20UniversalContractObjINtNtNtNtCsaT8J8gEWH0X_22multiversx_sc_scenario3api7impl_vh12vm_hooks_api10VMHooksApiNtNtB1F_9debug_api15DebugApiBackendEENtNtCsbAwDzPikP0I_16price_aggregator5utils11UtilsModule14check_decimalsCsbSeQquGUR4T_5tests
FN:131,_RNvYINtNtNtCsiu69tKcHrj_13multiversx_sc13contract_base22universal_contract_obj20UniversalContractObjINtNtNtNtCsaT8J8gEWH0X_22multiversx_sc_scenario3api7impl_vh12vm_hooks_api10VMHooksApiNtNtB1F_9debug_api15DebugApiBackendEENtNtCsbAwDzPikP0I_16price_aggregator5utils11UtilsModule16create_new_roundCsbSeQquGUR4T_5tests
FN:41,_RNvYINtNtNtCsiu69tKcHrj_13multiversx_sc13contract_base22universal_contract_obj20UniversalContractObjINtNtNtNtCsaT8J8gEWH0X_22multiversx_sc_scenario3api7impl_vh12vm_hooks_api10VMHooksApiNtNtB1F_9debug_api15DebugApiBackendEENtNtCsbAwDzPikP0I_16price_aggregator5utils11UtilsModule16submit_uncheckedCsbSeQquGUR4T_5tests
FN:163,_RNvYINtNtNtCsiu69tKcHrj_13multiversx_sc13contract_base22universal_contract_obj20UniversalContractObjINtNtNtNtCsaT8J8gEWH0X_22multiversx_sc_scenario3api7impl_vh12vm_hooks_api10VMHooksApiNtNtB1F_9debug_api15DebugApiBackendEENtNtCsbAwDzPikP0I_16price_aggregator5utils11UtilsModule17clear_submissionsCsbSeQquGUR4T_5tests
FN:18,_RNvYINtNtNtCsiu69tKcHrj_13multiversx_sc13contract_base22universal_contract_obj20UniversalContractObjINtNtNtNtCsaT8J8gEWH0X_22multiversx_sc_scenario3api7impl_vh12vm_hooks_api10VMHooksApiNtNtB1F_9debug_api15DebugApiBackendEENtNtCsbAwDzPikP0I_16price_aggregator5utils11UtilsModule17require_is_oracleCsbSeQquGUR4T_5tests
FN:26,_RNvYINtNtNtCsiu69tKcHrj_13multiversx_sc13contract_base22universal_contract_obj20UniversalContractObjINtNtNtNtCsaT8J8gEWH0X_22multiversx_sc_scenario3api7impl_vh12vm_hooks_api10VMHooksApiNtNtB1F_9debug_api15DebugApiBackendEENtNtCsbAwDzPikP0I_16price_aggregator5utils11UtilsModule30require_valid_submission_countCsbSeQquGUR4T_5tests
FN:113,_RNvYINtNtNtCsiu69tKcHrj_13multiversx_sc13contract_base22universal_contract_obj20UniversalContractObjINtNtNtNtCsaT8J8gEWH0X_22multiversx_sc_scenario3api7impl_vh12vm_hooks_api10VMHooksApiNtNtB1F_9debug_api15DebugApiBackendEENtNtCsbAwDzPikP0I_16price_aggregator5utils11UtilsModule34require_valid_submission_timestampCsbSeQquGUR4T_5tests
FN:11,_RNvYINtNtNtCsiu69tKcHrj_13multiversx_sc13contract_base22universal_contract_obj20UniversalContractObjINtNtNtNtCsaT8J8gEWH0X_22multiversx_sc_scenario3api7impl_vh12vm_hooks_api10VMHooksApiNtNtB1F_9debug_api15DebugApiBackendEENtNtCsbAwDzPikP0I_16price_aggregator5utils16EndpointWrappers17callback_selectorCsbSeQquGUR4T_5tests
FN:11,_RNvYINtNtNtCsiu69tKcHrj_13multiversx_sc13contract_base22universal_contract_obj20UniversalContractObjINtNtNtNtCsaT8J8gEWH0X_22multiversx_sc_scenario3api7impl_vh12vm_hooks_api10VMHooksApiNtNtB1F_9debug_api15DebugApiBackendEENtNtCsbAwDzPikP0I_16price_aggregator5utils16EndpointWrappers4callCsbSeQquGUR4T_5tests
FN:11,_RNvYINtNtNtCsiu69tKcHrj_13multiversx_sc13contract_base22universal_contract_obj20UniversalContractObjINtNtNtNtCsaT8J8gEWH0X_22multiversx_sc_scenario3api7impl_vh12vm_hooks_api10VMHooksApiNtNtB1F_9debug_api15DebugApiBackendEENtNtCsbAwDzPikP0I_16price_aggregator5utils16EndpointWrappers8callbackCsbSeQquGUR4T_5tests
FN:145,_RNCNvYINtNtNtCsiu69tKcHrj_13multiversx_sc13contract_base22universal_contract_obj20UniversalContractObjINtNtNtNtCsaT8J8gEWH0X_22multiversx_sc_scenario3api7impl_vh12vm_hooks_api10VMHooksApiNtNtB1H_9debug_api15DebugApiBackendEENtNtCsbAwDzPikP0I_16price_aggregator5utils11UtilsModule16create_new_round0CsbSeQquGUR4T_5tests
FN:107,_RNCNvYINtNtNtCsiu69tKcHrj_13multiversx_sc13contract_base22universal_contract_obj20UniversalContractObjINtNtNtNtCsaT8J8gEWH0X_22multiversx_sc_scenario3api7impl_vh12vm_hooks_api10VMHooksApiNtNtB1H_9debug_api15DebugApiBackendEENtNtCsbAwDzPikP0I_16price_aggregator5utils11UtilsModule16submit_unchecked0CsbSeQquGUR4T_5tests
FNDA:1732,_RNvYINtNtNtCsiu69tKcHrj_13multiversx_sc13contract_base22universal_contract_obj20UniversalContractObjINtNtNtNtCsaT8J8gEWH0X_22multiversx_sc_scenario3api7impl_vh12vm_hooks_api10VMHooksApiNtNtB1F_9debug_api15DebugApiBackendEENtNtCsbAwDzPikP0I_16price_aggregator5utils11UtilsModule14check_decimalsCsbSeQquGUR4T_5tests
FNDA:1732,_RNvYINtNtNtCsiu69tKcHrj_13multiversx_sc13contract_base22universal_contract_obj20UniversalContractObjINtNtNtNtCsaT8J8gEWH0X_22multiversx_sc_scenario3api7impl_vh12vm_hooks_api10VMHooksApiNtNtB1F_9debug_api15DebugApiBackendEENtNtCsbAwDzPikP0I_16price_aggregator5utils11UtilsModule16create_new_roundCsbSeQquGUR4T_5tests
FNDA:1732,_RNvYINtNtNtCsiu69tKcHrj_13multiversx_sc13contract_base22universal_contract_obj20UniversalContractObjINtNtNtNtCsaT8J8gEWH0X_22multiversx_sc_scenario3api7impl_vh12vm_hooks_api10VMHooksApiNtNtB1F_9debug_api15DebugApiBackendEENtNtCsbAwDzPikP0I_16price_aggregator5utils11UtilsModule16submit_uncheckedCsbSeQquGUR4T_5tests
FNDA:432,_RNvYINtNtNtCsiu69tKcHrj_13multiversx_sc13contract_base22universal_contract_obj20UniversalContractObjINtNtNtNtCsaT8J8gEWH0X_22multiversx_sc_scenario3api7impl_vh12vm_hooks_api10VMHooksApiNtNtB1F_9debug_api15DebugApiBackendEENtNtCsbAwDzPikP0I_16price_aggregator5utils11UtilsModule17clear_submissionsCsbSeQquGUR4T_5tests
FNDA:1732,_RNvYINtNtNtCsiu69tKcHrj_13multiversx_sc13contract_base22universal_contract_obj20UniversalContractObjINtNtNtNtCsaT8J8gEWH0X_22multiversx_sc_scenario3api7impl_vh12vm_hooks_api10VMHooksApiNtNtB1F_9debug_api15DebugApiBackendEENtNtCsbAwDzPikP0I_16price_aggregator5utils11UtilsModule17require_is_oracleCsbSeQquGUR4T_5tests
FNDA:48,_RNvYINtNtNtCsiu69tKcHrj_13multiversx_sc13contract_base22universal_contract_obj20UniversalContractObjINtNtNtNtCsaT8J8gEWH0X_22multiversx_sc_scenario3api7impl_vh12vm_hooks_api10VMHooksApiNtNtB1F_9debug_api15DebugApiBackendEENtNtCsbAwDzPikP0I_16price_aggregator5utils11UtilsModule30require_valid_submission_countCsbSeQquGUR4T_5tests
FNDA:1732,_RNvYINtNtNtCsiu69tKcHrj_13multiversx_sc13contract_base22universal_contract_obj20UniversalContractObjINtNtNtNtCsaT8J8gEWH0X_22multiversx_sc_scenario3api7impl_vh12vm_hooks_api10VMHooksApiNtNtB1F_9debug_api15DebugApiBackendEENtNtCsbAwDzPikP0I_16price_aggregator5utils11UtilsModule34require_valid_submission_timestampCsbSeQquGUR4T_5tests
FNDA:0,_RNvYINtNtNtCsiu69tKcHrj_13multiversx_sc13contract_base22universal_contract_obj20UniversalContractObjINtNtNtNtCsaT8J8gEWH0X_22multiversx_sc_scenario3api7impl_vh12vm_hooks_api10VMHooksApiNtNtB1F_9debug_api15DebugApiBackendEENtNtCsbAwDzPikP0I_16price_aggregator5utils16EndpointWrappers17callback_selectorCsbSeQquGUR4T_5tests
FNDA:1546,_RNvYINtNtNtCsiu69tKcHrj_13multiversx_sc13contract_base22universal_contract_obj20UniversalContractObjINtNtNtNtCsaT8J8gEWH0X_22multiversx_sc_scenario3api7impl_vh12vm_hooks_api10VMHooksApiNtNtB1F_9debug_api15DebugApiBackendEENtNtCsbAwDzPikP0I_16price_aggregator5utils16EndpointWrappers4callCsbSeQquGUR4T_5tests
FNDA:0,_RNvYINtNtNtCsiu69tKcHrj_13multiversx_sc13contract_base22universal_contract_obj20UniversalContractObjINtNtNtNtCsaT8J8gEWH0X_22multiversx_sc_scenario3api7impl_vh12vm_hooks_api10VMHooksApiNtNtB1F_9debug_api15DebugApiBackendEENtNtCsbAwDzPikP0I_16price_aggregator5utils16EndpointWrappers8callbackCsbSeQquGUR4T_5tests
FNDA:0,_RNCNvYINtNtNtCsiu69tKcHrj_13multiversx_sc13contract_base22universal_contract_obj20UniversalContractObjINtNtNtNtCsaT8J8gEWH0X_22multiversx_sc_scenario3api7impl_vh12vm_hooks_api10VMHooksApiNtNtB1H_9debug_api15DebugApiBackendEENtNtCsbAwDzPikP0I_16price_aggregator5utils11UtilsModule16create_new_round0CsbSeQquGUR4T_5tests
FNDA:1732,_RNCNvYINtNtNtCsiu69tKcHrj_13multiversx_sc13contract_base22universal_contract_obj20UniversalContractObjINtNtNtNtCsaT8J8gEWH0X_22multiversx_sc_scenario3api7impl_vh12vm_hooks_api10VMHooksApiNtNtB1H_9debug_api15DebugApiBackendEENtNtCsbAwDzPikP0I_16price_aggregator5utils11UtilsModule16submit_unchecked0CsbSeQquGUR4T_5tests
FNF:10
FNH:9
DA:11,1546
DA:18,1732
DA:19,1732
DA:20,1732
DA:21,1732
DA:22,1732
DA:23,1732
DA:26,48
DA:27,48
DA:28,48
DA:29,48
DA:30,48
DA:41,1732
DA:42,1732
DA:43,1732
DA:44,1732
DA:45,1732
DA:46,1732
DA:47,1732
DA:48,1732
DA:49,1732
DA:50,1732
DA:51,1732
DA:52,1732
DA:53,1732
DA:54,1732
DA:55,4
DA:56,1728
DA:58,1732
DA:59,1732
DA:60,1732
DA:61,433
DA:62,433
DA:63,433
DA:64,433
DA:66,1299
DA:70,1732
DA:71,0
DA:72,0
DA:73,0
DA:74,0
DA:75,0
DA:76,0
DA:77,0
DA:78,1732
DA:80,1732
DA:81,1732
DA:82,1732
DA:83,1732
DA:84,1732
DA:85,1732
DA:86,1732
DA:87,1732
DA:88,1732
DA:89,1732
DA:90,1732
DA:91,1732
DA:92,1732
DA:93,1732
DA:94,1732
DA:95,1732
DA:96,0
DA:97,0
DA:98,0
DA:99,0
DA:100,0
DA:101,0
DA:102,0
DA:103,0
DA:105,1732
DA:106,1732
DA:107,1732
DA:108,1732
DA:109,1732
DA:110,1732
DA:113,1732
DA:114,1732
DA:115,1732
DA:116,1732
DA:117,1732
DA:118,1732
DA:119,1732
DA:120,1732
DA:121,1732
DA:122,1732
DA:131,1732
DA:132,1732
DA:133,1732
DA:134,433
DA:135,433
DA:136,433
DA:137,433
DA:139,433
DA:140,1732
DA:141,1732
DA:142,1732
DA:144,433
DA:145,433
DA:146,433
DA:147,433
DA:148,433
DA:149,433
DA:150,433
DA:151,433
DA:152,433
DA:153,433
DA:154,433
DA:155,433
DA:156,433
DA:157,433
DA:158,433
DA:159,433
DA:160,1299
DA:163,432
DA:164,432
DA:165,0
DA:166,432
DA:167,432
DA:168,432
DA:171,1732
DA:172,1732
DA:173,1732
DA:174,1732
DA:175,1732
DA:176,1732
BRF:0
BRH:0
LF:128
LH:111
end_of_record
SF:/Users/mihaieremia/GitHub/rs-lending/price_aggregator/src/views.rs
FN:78,_RNvYINtNtNtCsiu69tKcHrj_13multiversx_sc13contract_base22universal_contract_obj20UniversalContractObjINtNtNtNtCsaT8J8gEWH0X_22multiversx_sc_scenario3api7impl_vh12vm_hooks_api10VMHooksApiNtNtB1F_9debug_api15DebugApiBackendEENtNtCsbAwDzPikP0I_16price_aggregator5views11ViewsModule11get_oraclesCsbSeQquGUR4T_5tests
FN:17,_RNvYINtNtNtCsiu69tKcHrj_13multiversx_sc13contract_base22universal_contract_obj20UniversalContractObjINtNtNtNtCsaT8J8gEWH0X_22multiversx_sc_scenario3api7impl_vh12vm_hooks_api10VMHooksApiNtNtB1F_9debug_api15DebugApiBackendEENtNtCsbAwDzPikP0I_16price_aggregator5views11ViewsModule15make_price_feedCsbSeQquGUR4T_5tests
FN:32,_RNvYINtNtNtCsiu69tKcHrj_13multiversx_sc13contract_base22universal_contract_obj20UniversalContractObjINtNtNtNtCsaT8J8gEWH0X_22multiversx_sc_scenario3api7impl_vh12vm_hooks_api10VMHooksApiNtNtB1F_9debug_api15DebugApiBackendEENtNtCsbAwDzPikP0I_16price_aggregator5views11ViewsModule17get_pair_decimalsCsbSeQquGUR4T_5tests
FN:57,_RNvYINtNtNtCsiu69tKcHrj_13multiversx_sc13contract_base22universal_contract_obj20UniversalContractObjINtNtNtNtCsaT8J8gEWH0X_22multiversx_sc_scenario3api7impl_vh12vm_hooks_api10VMHooksApiNtNtB1F_9debug_api15DebugApiBackendEENtNtCsbAwDzPikP0I_16price_aggregator5views11ViewsModule17latest_price_feedCsbSeQquGUR4T_5tests
FN:42,_RNvYINtNtNtCsiu69tKcHrj_13multiversx_sc13contract_base22universal_contract_obj20UniversalContractObjINtNtNtNtCsaT8J8gEWH0X_22multiversx_sc_scenario3api7impl_vh12vm_hooks_api10VMHooksApiNtNtB1F_9debug_api15DebugApiBackendEENtNtCsbAwDzPikP0I_16price_aggregator5views11ViewsModule17latest_round_dataCsbSeQquGUR4T_5tests
FN:73,_RNvYINtNtNtCsiu69tKcHrj_13multiversx_sc13contract_base22universal_contract_obj20UniversalContractObjINtNtNtNtCsaT8J8gEWH0X_22multiversx_sc_scenario3api7impl_vh12vm_hooks_api10VMHooksApiNtNtB1F_9debug_api15DebugApiBackendEENtNtCsbAwDzPikP0I_16price_aggregator5views11ViewsModule26latest_price_feed_optionalCsbSeQquGUR4T_5tests
FN:9,_RNvYINtNtNtCsiu69tKcHrj_13multiversx_sc13contract_base22universal_contract_obj20UniversalContractObjINtNtNtNtCsaT8J8gEWH0X_22multiversx_sc_scenario3api7impl_vh12vm_hooks_api10VMHooksApiNtNtB1F_9debug_api15DebugApiBackendEENtNtCsbAwDzPikP0I_16price_aggregator5views16EndpointWrappers16call_get_oraclesCsbSeQquGUR4T_5tests
FN:9,_RNvYINtNtNtCsiu69tKcHrj_13multiversx_sc13contract_base22universal_contract_obj20UniversalContractObjINtNtNtNtCsaT8J8gEWH0X_22multiversx_sc_scenario3api7impl_vh12vm_hooks_api10VMHooksApiNtNtB1F_9debug_api15DebugApiBackendEENtNtCsbAwDzPikP0I_16price_aggregator5views16EndpointWrappers17callback_selectorCsbSeQquGUR4T_5tests
FN:9,_RNvYINtNtNtCsiu69tKcHrj_13multiversx_sc13contract_base22universal_contract_obj20UniversalContractObjINtNtNtNtCsaT8J8gEWH0X_22multiversx_sc_scenario3api7impl_vh12vm_hooks_api10VMHooksApiNtNtB1F_9debug_api15DebugApiBackendEENtNtCsbAwDzPikP0I_16price_aggregator5views16EndpointWrappers22call_get_pair_decimalsCsbSeQquGUR4T_5tests
FN:9,_RNvYINtNtNtCsiu69tKcHrj_13multiversx_sc13contract_base22universal_contract_obj20UniversalContractObjINtNtNtNtCsaT8J8gEWH0X_22multiversx_sc_scenario3api7impl_vh12vm_hooks_api10VMHooksApiNtNtB1F_9debug_api15DebugApiBackendEENtNtCsbAwDzPikP0I_16price_aggregator5views16EndpointWrappers22call_latest_price_feedCsbSeQquGUR4T_5tests
FN:9,_RNvYINtNtNtCsiu69tKcHrj_13multiversx_sc13contract_base22universal_contract_obj20UniversalContractObjINtNtNtNtCsaT8J8gEWH0X_22multiversx_sc_scenario3api7impl_vh12vm_hooks_api10VMHooksApiNtNtB1F_9debug_api15DebugApiBackendEENtNtCsbAwDzPikP0I_16price_aggregator5views16EndpointWrappers22call_latest_round_dataCsbSeQquGUR4T_5tests
FN:9,_RNvYINtNtNtCsiu69tKcHrj_13multiversx_sc13contract_base22universal_contract_obj20UniversalContractObjINtNtNtNtCsaT8J8gEWH0X_22multiversx_sc_scenario3api7impl_vh12vm_hooks_api10VMHooksApiNtNtB1F_9debug_api15DebugApiBackendEENtNtCsbAwDzPikP0I_16price_aggregator5views16EndpointWrappers31call_latest_price_feed_optionalCsbSeQquGUR4T_5tests
FN:9,_RNvYINtNtNtCsiu69tKcHrj_13multiversx_sc13contract_base22universal_contract_obj20UniversalContractObjINtNtNtNtCsaT8J8gEWH0X_22multiversx_sc_scenario3api7impl_vh12vm_hooks_api10VMHooksApiNtNtB1F_9debug_api15DebugApiBackendEENtNtCsbAwDzPikP0I_16price_aggregator5views16EndpointWrappers4callCsbSeQquGUR4T_5tests
FN:9,_RNvYINtNtNtCsiu69tKcHrj_13multiversx_sc13contract_base22universal_contract_obj20UniversalContractObjINtNtNtNtCsaT8J8gEWH0X_22multiversx_sc_scenario3api7impl_vh12vm_hooks_api10VMHooksApiNtNtB1F_9debug_api15DebugApiBackendEENtNtCsbAwDzPikP0I_16price_aggregator5views16EndpointWrappers8callbackCsbSeQquGUR4T_5tests
FNDA:0,_RNvYINtNtNtCsiu69tKcHrj_13multiversx_sc13contract_base22universal_contract_obj20UniversalContractObjINtNtNtNtCsaT8J8gEWH0X_22multiversx_sc_scenario3api7impl_vh12vm_hooks_api10VMHooksApiNtNtB1F_9debug_api15DebugApiBackendEENtNtCsbAwDzPikP0I_16price_aggregator5views11ViewsModule11get_oraclesCsbSeQquGUR4T_5tests
FNDA:1066,_RNvYINtNtNtCsiu69tKcHrj_13multiversx_sc13contract_base22universal_contract_obj20UniversalContractObjINtNtNtNtCsaT8J8gEWH0X_22multiversx_sc_scenario3api7impl_vh12vm_hooks_api10VMHooksApiNtNtB1F_9debug_api15DebugApiBackendEENtNtCsbAwDzPikP0I_16price_aggregator5views11ViewsModule15make_price_feedCsbSeQquGUR4T_5tests
FNDA:1732,_RNvYINtNtNtCsiu69tKcHrj_13multiversx_sc13contract_base22universal_contract_obj20UniversalContractObjINtNtNtNtCsaT8J8gEWH0X_22multiversx_sc_scenario3api7impl_vh12vm_hooks_api10VMHooksApiNtNtB1F_9debug_api15DebugApiBackendEENtNtCsbAwDzPikP0I_16price_aggregator5views11ViewsModule17get_pair_decimalsCsbSeQquGUR4T_5tests
FNDA:1066,_RNvYINtNtNtCsiu69tKcHrj_13multiversx_sc13contract_base22universal_contract_obj20UniversalContractObjINtNtNtNtCsaT8J8gEWH0X_22multiversx_sc_scenario3api7impl_vh12vm_hooks_api10VMHooksApiNtNtB1F_9debug_api15DebugApiBackendEENtNtCsbAwDzPikP0I_16price_aggregator5views11ViewsModule17latest_price_feedCsbSeQquGUR4T_5tests
FNDA:0,_RNvYINtNtNtCsiu69tKcHrj_13multiversx_sc13contract_base22universal_contract_obj20UniversalContractObjINtNtNtNtCsaT8J8gEWH0X_22multiversx_sc_scenario3api7impl_vh12vm_hooks_api10VMHooksApiNtNtB1F_9debug_api15DebugApiBackendEENtNtCsbAwDzPikP0I_16price_aggregator5views11ViewsModule17latest_round_dataCsbSeQquGUR4T_5tests
FNDA:0,_RNvYINtNtNtCsiu69tKcHrj_13multiversx_sc13contract_base22universal_contract_obj20UniversalContractObjINtNtNtNtCsaT8J8gEWH0X_22multiversx_sc_scenario3api7impl_vh12vm_hooks_api10VMHooksApiNtNtB1F_9debug_api15DebugApiBackendEENtNtCsbAwDzPikP0I_16price_aggregator5views11ViewsModule26latest_price_feed_optionalCsbSeQquGUR4T_5tests
FNDA:0,_RNvYINtNtNtCsiu69tKcHrj_13multiversx_sc13contract_base22universal_contract_obj20UniversalContractObjINtNtNtNtCsaT8J8gEWH0X_22multiversx_sc_scenario3api7impl_vh12vm_hooks_api10VMHooksApiNtNtB1F_9debug_api15DebugApiBackendEENtNtCsbAwDzPikP0I_16price_aggregator5views16EndpointWrappers16call_get_oraclesCsbSeQquGUR4T_5tests
FNDA:0,_RNvYINtNtNtCsiu69tKcHrj_13multiversx_sc13contract_base22universal_contract_obj20UniversalContractObjINtNtNtNtCsaT8J8gEWH0X_22multiversx_sc_scenario3api7impl_vh12vm_hooks_api10VMHooksApiNtNtB1F_9debug_api15DebugApiBackendEENtNtCsbAwDzPikP0I_16price_aggregator5views16EndpointWrappers17callback_selectorCsbSeQquGUR4T_5tests
FNDA:0,_RNvYINtNtNtCsiu69tKcHrj_13multiversx_sc13contract_base22universal_contract_obj20UniversalContractObjINtNtNtNtCsaT8J8gEWH0X_22multiversx_sc_scenario3api7impl_vh12vm_hooks_api10VMHooksApiNtNtB1F_9debug_api15DebugApiBackendEENtNtCsbAwDzPikP0I_16price_aggregator5views16EndpointWrappers22call_get_pair_decimalsCsbSeQquGUR4T_5tests
FNDA:1066,_RNvYINtNtNtCsiu69tKcHrj_13multiversx_sc13contract_base22universal_contract_obj20UniversalContractObjINtNtNtNtCsaT8J8gEWH0X_22multiversx_sc_scenario3api7impl_vh12vm_hooks_api10VMHooksApiNtNtB1F_9debug_api15DebugApiBackendEENtNtCsbAwDzPikP0I_16price_aggregator5views16EndpointWrappers22call_latest_price_feedCsbSeQquGUR4T_5tests
FNDA:0,_RNvYINtNtNtCsiu69tKcHrj_13multiversx_sc13contract_base22universal_contract_obj20UniversalContractObjINtNtNtNtCsaT8J8gEWH0X_22multiversx_sc_scenario3api7impl_vh12vm_hooks_api10VMHooksApiNtNtB1F_9debug_api15DebugApiBackendEENtNtCsbAwDzPikP0I_16price_aggregator5views16EndpointWrappers22call_latest_round_dataCsbSeQquGUR4T_5tests
FNDA:0,_RNvYINtNtNtCsiu69tKcHrj_13multiversx_sc13contract_base22universal_contract_obj20UniversalContractObjINtNtNtNtCsaT8J8gEWH0X_22multiversx_sc_scenario3api7impl_vh12vm_hooks_api10VMHooksApiNtNtB1F_9debug_api15DebugApiBackendEENtNtCsbAwDzPikP0I_16price_aggregator5views16EndpointWrappers31call_latest_price_feed_optionalCsbSeQquGUR4T_5tests
FNDA:2026,_RNvYINtNtNtCsiu69tKcHrj_13multiversx_sc13contract_base22universal_contract_obj20UniversalContractObjINtNtNtNtCsaT8J8gEWH0X_22multiversx_sc_scenario3api7impl_vh12vm_hooks_api10VMHooksApiNtNtB1F_9debug_api15DebugApiBackendEENtNtCsbAwDzPikP0I_16price_aggregator5views16EndpointWrappers4callCsbSeQquGUR4T_5tests
FNDA:0,_RNvYINtNtNtCsiu69tKcHrj_13multiversx_sc13contract_base22universal_contract_obj20UniversalContractObjINtNtNtNtCsaT8J8gEWH0X_22multiversx_sc_scenario3api7impl_vh12vm_hooks_api10VMHooksApiNtNtB1F_9debug_api15DebugApiBackendEENtNtCsbAwDzPikP0I_16price_aggregator5views16EndpointWrappers8callbackCsbSeQquGUR4T_5tests
FNF:7
FNH:4
DA:9,2026
DA:17,1066
DA:18,1066
DA:19,1066
DA:20,1066
DA:21,1066
DA:22,1066
DA:23,1066
DA:24,1066
DA:25,1066
DA:26,1066
DA:27,1066
DA:28,1066
DA:32,1732
DA:33,1732
DA:34,1732
DA:35,1732
DA:42,0
DA:43,0
DA:44,0
DA:45,0
DA:46,0
DA:47,0
DA:48,0
DA:49,0
DA:50,0
DA:53,0
DA:57,1066
DA:58,1066
DA:60,1066
DA:61,1066
DA:63,1066
DA:64,1066
DA:65,1066
DA:73,0
DA:74,0
DA:78,0
DA:79,0
DA:80,0
DA:81,0
DA:82,0
DA:83,0
BRF:0
BRH:0
LF:42
LH:24
end_of_record