SF:/Users/mihaieremia/GitHub/rs-lending/common/checks/src/checks.rs
FN:12,_RNvYINtCsdlrjQnb6zYe_12lending_pool11ContractObjINtNtNtNtCshYQIYZlbphp_22multiversx_sc_scenario3api7impl_vh12vm_hooks_api10VMHooksApiNtNtBP_9debug_api15DebugApiBackendEENtCsh0ALUqmLRSa_13common_checks12ChecksModule24require_non_zero_addressCs1d29URr26xz_5tests
FN:8,_RNvYINtCsdlrjQnb6zYe_12lending_pool11ContractObjINtNtNtNtCshYQIYZlbphp_22multiversx_sc_scenario3api7impl_vh12vm_hooks_api10VMHooksApiNtNtBP_9debug_api15DebugApiBackendEENtCsh0ALUqmLRSa_13common_checks12ChecksModule32require_amount_greater_than_zeroCs1d29URr26xz_5tests
FN:6,_RNvYINtCsdlrjQnb6zYe_12lending_pool11ContractObjINtNtNtNtCshYQIYZlbphp_22multiversx_sc_scenario3api7impl_vh12vm_hooks_api10VMHooksApiNtNtBP_9debug_api15DebugApiBackendEENtCsh0ALUqmLRSa_13common_checks16EndpointWrappers17callback_selectorCs1d29URr26xz_5tests
FN:6,_RNvYINtCsdlrjQnb6zYe_12lending_pool11ContractObjINtNtNtNtCshYQIYZlbphp_22multiversx_sc_scenario3api7impl_vh12vm_hooks_api10VMHooksApiNtNtBP_9debug_api15DebugApiBackendEENtCsh0ALUqmLRSa_13common_checks16EndpointWrappers4callCs1d29URr26xz_5tests
FN:6,_RNvYINtCsdlrjQnb6zYe_12lending_pool11ContractObjINtNtNtNtCshYQIYZlbphp_22multiversx_sc_scenario3api7impl_vh12vm_hooks_api10VMHooksApiNtNtBP_9debug_api15DebugApiBackendEENtCsh0ALUqmLRSa_13common_checks16EndpointWrappers8callbackCs1d29URr26xz_5tests
FN:12,_RNvYINtCsep2wloh0cqT_14liquidity_pool11ContractObjINtNtNtNtCshYQIYZlbphp_22multiversx_sc_scenario3api7impl_vh12vm_hooks_api10VMHooksApiNtNtBR_9debug_api15DebugApiBackendEENtCsh0ALUqmLRSa_13common_checks12ChecksModule24require_non_zero_addressCs1d29URr26xz_5tests
FN:8,_RNvYINtCsep2wloh0cqT_14liquidity_pool11ContractObjINtNtNtNtCshYQIYZlbphp_22multiversx_sc_scenario3api7impl_vh12vm_hooks_api10VMHooksApiNtNtBR_9debug_api15DebugApiBackendEENtCsh0ALUqmLRSa_13common_checks12ChecksModule32require_amount_greater_than_zeroCs1d29URr26xz_5tests
FN:6,_RNvYINtCsep2wloh0cqT_14liquidity_pool11ContractObjINtNtNtNtCshYQIYZlbphp_22multiversx_sc_scenario3api7impl_vh12vm_hooks_api10VMHooksApiNtNtBR_9debug_api15DebugApiBackendEENtCsh0ALUqmLRSa_13common_checks16EndpointWrappers17callback_selectorCs1d29URr26xz_5tests
FN:6,_RNvYINtCsep2wloh0cqT_14liquidity_pool11ContractObjINtNtNtNtCshYQIYZlbphp_22multiversx_sc_scenario3api7impl_vh12vm_hooks_api10VMHooksApiNtNtBR_9debug_api15DebugApiBackendEENtCsh0ALUqmLRSa_13common_checks16EndpointWrappers4callCs1d29URr26xz_5tests
FN:6,_RNvYINtCsep2wloh0cqT_14liquidity_pool11ContractObjINtNtNtNtCshYQIYZlbphp_22multiversx_sc_scenario3api7impl_vh12vm_hooks_api10VMHooksApiNtNtBR_9debug_api15DebugApiBackendEENtCsh0ALUqmLRSa_13common_checks16EndpointWrappers8callbackCs1d29URr26xz_5tests
FNDA:330,_RNvYINtCsdlrjQnb6zYe_12lending_pool11ContractObjINtNtNtNtCshYQIYZlbphp_22multiversx_sc_scenario3api7impl_vh12vm_hooks_api10VMHooksApiNtNtBP_9debug_api15DebugApiBackendEENtCsh0ALUqmLRSa_13common_checks12ChecksModule24require_non_zero_addressCs1d29URr26xz_5tests
FNDA:102,_RNvYINtCsdlrjQnb6zYe_12lending_pool11ContractObjINtNtNtNtCshYQIYZlbphp_22multiversx_sc_scenario3api7impl_vh12vm_hooks_api10VMHooksApiNtNtBP_9debug_api15DebugApiBackendEENtCsh0ALUqmLRSa_13common_checks12ChecksModule32require_amount_greater_than_zeroCs1d29URr26xz_5tests
FNDA:0,_RNvYINtCsdlrjQnb6zYe_12lending_pool11ContractObjINtNtNtNtCshYQIYZlbphp_22multiversx_sc_scenario3api7impl_vh12vm_hooks_api10VMHooksApiNtNtBP_9debug_api15DebugApiBackendEENtCsh0ALUqmLRSa_13common_checks16EndpointWrappers17callback_selectorCs1d29URr26xz_5tests
FNDA:72,_RNvYINtCsdlrjQnb6zYe_12lending_pool11ContractObjINtNtNtNtCshYQIYZlbphp_22multiversx_sc_scenario3api7impl_vh12vm_hooks_api10VMHooksApiNtNtBP_9debug_api15DebugApiBackendEENtCsh0ALUqmLRSa_13common_checks16EndpointWrappers4callCs1d29URr26xz_5tests
FNDA:0,_RNvYINtCsdlrjQnb6zYe_12lending_pool11ContractObjINtNtNtNtCshYQIYZlbphp_22multiversx_sc_scenario3api7impl_vh12vm_hooks_api10VMHooksApiNtNtBP_9debug_api15DebugApiBackendEENtCsh0ALUqmLRSa_13common_checks16EndpointWrappers8callbackCs1d29URr26xz_5tests
FNDA:39,_RNvYINtCsep2wloh0cqT_14liquidity_pool11ContractObjINtNtNtNtCshYQIYZlbphp_22multiversx_sc_scenario3api7impl_vh12vm_hooks_api10VMHooksApiNtNtBR_9debug_api15DebugApiBackendEENtCsh0ALUqmLRSa_13common_checks12ChecksModule24require_non_zero_addressCs1d29URr26xz_5tests
FNDA:16,_RNvYINtCsep2wloh0cqT_14liquidity_pool11ContractObjINtNtNtNtCshYQIYZlbphp_22multiversx_sc_scenario3api7impl_vh12vm_hooks_api10VMHooksApiNtNtBR_9debug_api15DebugApiBackendEENtCsh0ALUqmLRSa_13common_checks12ChecksModule32require_amount_greater_than_zeroCs1d29URr26xz_5tests
FNDA:0,_RNvYINtCsep2wloh0cqT_14liquidity_pool11ContractObjINtNtNtNtCshYQIYZlbphp_22multiversx_sc_scenario3api7impl_vh12vm_hooks_api10VMHooksApiNtNtBR_9debug_api15DebugApiBackendEENtCsh0ALUqmLRSa_13common_checks16EndpointWrappers17callback_selectorCs1d29URr26xz_5tests
FNDA:0,_RNvYINtCsep2wloh0cqT_14liquidity_pool11ContractObjINtNtNtNtCshYQIYZlbphp_22multiversx_sc_scenario3api7impl_vh12vm_hooks_api10VMHooksApiNtNtBR_9debug_api15DebugApiBackendEENtCsh0ALUqmLRSa_13common_checks16EndpointWrappers4callCs1d29URr26xz_5tests
FNDA:0,_RNvYINtCsep2wloh0cqT_14liquidity_pool11ContractObjINtNtNtNtCshYQIYZlbphp_22multiversx_sc_scenario3api7impl_vh12vm_hooks_api10VMHooksApiNtNtBR_9debug_api15DebugApiBackendEENtCsh0ALUqmLRSa_13common_checks16EndpointWrappers8callbackCs1d29URr26xz_5tests
FNF:3
FNH:3
DA:6,72
DA:8,118
DA:9,118
DA:12,369
DA:13,369
BRF:0
BRH:0
LF:5
LH:5
end_of_record
SF:/Users/mihaieremia/GitHub/rs-lending/common/events/src/events.rs
FN:7,_RNvXCslxGK6Sk11Hb_13common_eventsINtCsdlrjQnb6zYe_12lending_pool11ContractObjINtNtNtNtCshYQIYZlbphp_22multiversx_sc_scenario3api7impl_vh12vm_hooks_api10VMHooksApiNtNtB1i_9debug_api15DebugApiBackendEENtB2_12EventsModule21update_position_eventCs1d29URr26xz_5tests
FN:7,_RNvXCslxGK6Sk11Hb_13common_eventsINtCsdlrjQnb6zYe_12lending_pool11ContractObjINtNtNtNtCshYQIYZlbphp_22multiversx_sc_scenario3api7impl_vh12vm_hooks_api10VMHooksApiNtNtB1i_9debug_api15DebugApiBackendEENtB2_12EventsModule25update_asset_config_eventCs1d29URr26xz_5tests
FN:7,_RNvXCslxGK6Sk11Hb_13common_eventsINtCsdlrjQnb6zYe_12lending_pool11ContractObjINtNtNtNtCshYQIYZlbphp_22multiversx_sc_scenario3api7impl_vh12vm_hooks_api10VMHooksApiNtNtB1i_9debug_api15DebugApiBackendEENtB2_12EventsModule25update_debt_ceiling_eventCs1d29URr26xz_5tests
FN:7,_RNvXCslxGK6Sk11Hb_13common_eventsINtCsdlrjQnb6zYe_12lending_pool11ContractObjINtNtNtNtCshYQIYZlbphp_22multiversx_sc_scenario3api7impl_vh12vm_hooks_api10VMHooksApiNtNtB1i_9debug_api15DebugApiBackendEENtB2_12EventsModule25update_e_mode_asset_eventCs1d29URr26xz_5tests
FN:7,_RNvXCslxGK6Sk11Hb_13common_eventsINtCsdlrjQnb6zYe_12lending_pool11ContractObjINtNtNtNtCshYQIYZlbphp_22multiversx_sc_scenario3api7impl_vh12vm_hooks_api10VMHooksApiNtNtB1i_9debug_api15DebugApiBackendEENtB2_12EventsModule26create_market_params_eventCs1d29URr26xz_5tests
FN:7,_RNvXCslxGK6Sk11Hb_13common_eventsINtCsdlrjQnb6zYe_12lending_pool11ContractObjINtNtNtNtCshYQIYZlbphp_22multiversx_sc_scenario3api7impl_vh12vm_hooks_api10VMHooksApiNtNtB1i_9debug_api15DebugApiBackendEENtB2_12EventsModule28update_e_mode_category_eventCs1d29URr26xz_5tests
FN:7,_RNvXCslxGK6Sk11Hb_13common_eventsINtCsdlrjQnb6zYe_12lending_pool11ContractObjINtNtNtNtCshYQIYZlbphp_22multiversx_sc_scenario3api7impl_vh12vm_hooks_api10VMHooksApiNtNtB1i_9debug_api15DebugApiBackendEENtB2_12EventsModule34update_vault_supplied_amount_eventCs1d29URr26xz_5tests
FN:7,_RNvYINtCsdlrjQnb6zYe_12lending_pool11ContractObjINtNtNtNtCshYQIYZlbphp_22multiversx_sc_scenario3api7impl_vh12vm_hooks_api10VMHooksApiNtNtBP_9debug_api15DebugApiBackendEENtCslxGK6Sk11Hb_13common_events16EndpointWrappers17callback_selectorCs1d29URr26xz_5tests
FN:7,_RNvYINtCsdlrjQnb6zYe_12lending_pool11ContractObjINtNtNtNtCshYQIYZlbphp_22multiversx_sc_scenario3api7impl_vh12vm_hooks_api10VMHooksApiNtNtBP_9debug_api15DebugApiBackendEENtCslxGK6Sk11Hb_13common_events16EndpointWrappers4callCs1d29URr26xz_5tests
FN:7,_RNvYINtCsdlrjQnb6zYe_12lending_pool11ContractObjINtNtNtNtCshYQIYZlbphp_22multiversx_sc_scenario3api7impl_vh12vm_hooks_api10VMHooksApiNtNtBP_9debug_api15DebugApiBackendEENtCslxGK6Sk11Hb_13common_events16EndpointWrappers8callbackCs1d29URr26xz_5tests
FN:7,_RNvXCslxGK6Sk11Hb_13common_eventsINtCsep2wloh0cqT_14liquidity_pool11ContractObjINtNtNtNtCshYQIYZlbphp_22multiversx_sc_scenario3api7impl_vh12vm_hooks_api10VMHooksApiNtNtB1k_9debug_api15DebugApiBackendEENtB2_12EventsModule19market_params_eventCs1d29URr26xz_5tests
FN:7,_RNvXCslxGK6Sk11Hb_13common_eventsINtCsep2wloh0cqT_14liquidity_pool11ContractObjINtNtNtNtCshYQIYZlbphp_22multiversx_sc_scenario3api7impl_vh12vm_hooks_api10VMHooksApiNtNtB1k_9debug_api15DebugApiBackendEENtB2_12EventsModule21update_position_eventCs1d29URr26xz_5tests
FN:7,_RNvXCslxGK6Sk11Hb_13common_eventsINtCsep2wloh0cqT_14liquidity_pool11ContractObjINtNtNtNtCshYQIYZlbphp_22multiversx_sc_scenario3api7impl_vh12vm_hooks_api10VMHooksApiNtNtB1k_9debug_api15DebugApiBackendEENtB2_12EventsModule25update_market_state_eventCs1d29URr26xz_5tests
FN:7,_RNvYINtCsep2wloh0cqT_14liquidity_pool11ContractObjINtNtNtNtCshYQIYZlbphp_22multiversx_sc_scenario3api7impl_vh12vm_hooks_api10VMHooksApiNtNtBR_9debug_api15DebugApiBackendEENtCslxGK6Sk11Hb_13common_events16EndpointWrappers17callback_selectorCs1d29URr26xz_5tests
FN:7,_RNvYINtCsep2wloh0cqT_14liquidity_pool11ContractObjINtNtNtNtCshYQIYZlbphp_22multiversx_sc_scenario3api7impl_vh12vm_hooks_api10VMHooksApiNtNtBR_9debug_api15DebugApiBackendEENtCslxGK6Sk11Hb_13common_events16EndpointWrappers4callCs1d29URr26xz_5tests
FN:7,_RNvYINtCsep2wloh0cqT_14liquidity_pool11ContractObjINtNtNtNtCshYQIYZlbphp_22multiversx_sc_scenario3api7impl_vh12vm_hooks_api10VMHooksApiNtNtBR_9debug_api15DebugApiBackendEENtCslxGK6Sk11Hb_13common_events16EndpointWrappers8callbackCs1d29URr26xz_5tests
FNDA:89,_RNvXCslxGK6Sk11Hb_13common_eventsINtCsdlrjQnb6zYe_12lending_pool11ContractObjINtNtNtNtCshYQIYZlbphp_22multiversx_sc_scenario3api7impl_vh12vm_hooks_api10VMHooksApiNtNtB1i_9debug_api15DebugApiBackendEENtB2_12EventsModule21update_position_eventCs1d29URr26xz_5tests
FNDA:120,_RNvXCslxGK6Sk11Hb_13common_eventsINtCsdlrjQnb6zYe_12lending_pool11ContractObjINtNtNtNtCshYQIYZlbphp_22multiversx_sc_scenario3api7impl_vh12vm_hooks_api10VMHooksApiNtNtB1i_9debug_api15DebugApiBackendEENtB2_12EventsModule25update_asset_config_eventCs1d29URr26xz_5tests
FNDA:7,_RNvXCslxGK6Sk11Hb_13common_eventsINtCsdlrjQnb6zYe_12lending_pool11ContractObjINtNtNtNtCshYQIYZlbphp_22multiversx_sc_scenario3api7impl_vh12vm_hooks_api10VMHooksApiNtNtB1i_9debug_api15DebugApiBackendEENtB2_12EventsModule25update_debt_ceiling_eventCs1d29URr26xz_5tests
FNDA:120,_RNvXCslxGK6Sk11Hb_13common_eventsINtCsdlrjQnb6zYe_12lending_pool11ContractObjINtNtNtNtCshYQIYZlbphp_22multiversx_sc_scenario3api7impl_vh12vm_hooks_api10VMHooksApiNtNtB1i_9debug_api15DebugApiBackendEENtB2_12EventsModule25update_e_mode_asset_eventCs1d29URr26xz_5tests
FNDA:240,_RNvXCslxGK6Sk11Hb_13common_eventsINtCsdlrjQnb6zYe_12lending_pool11ContractObjINtNtNtNtCshYQIYZlbphp_22multiversx_sc_scenario3api7impl_vh12vm_hooks_api10VMHooksApiNtNtB1i_9debug_api15DebugApiBackendEENtB2_12EventsModule26create_market_params_eventCs1d29URr26xz_5tests
FNDA:30,_RNvXCslxGK6Sk11Hb_13common_eventsINtCsdlrjQnb6zYe_12lending_pool11ContractObjINtNtNtNtCshYQIYZlbphp_22multiversx_sc_scenario3api7impl_vh12vm_hooks_api10VMHooksApiNtNtB1i_9debug_api15DebugApiBackendEENtB2_12EventsModule28update_e_mode_category_eventCs1d29URr26xz_5tests
FNDA:0,_RNvXCslxGK6Sk11Hb_13common_eventsINtCsdlrjQnb6zYe_12lending_pool11ContractObjINtNtNtNtCshYQIYZlbphp_22multiversx_sc_scenario3api7impl_vh12vm_hooks_api10VMHooksApiNtNtB1i_9debug_api15DebugApiBackendEENtB2_12EventsModule34update_vault_supplied_amount_eventCs1d29URr26xz_5tests
FNDA:0,_RNvYINtCsdlrjQnb6zYe_12lending_pool11ContractObjINtNtNtNtCshYQIYZlbphp_22multiversx_sc_scenario3api7impl_vh12vm_hooks_api10VMHooksApiNtNtBP_9debug_api15DebugApiBackendEENtCslxGK6Sk11Hb_13common_events16EndpointWrappers17callback_selectorCs1d29URr26xz_5tests
FNDA:914,_RNvYINtCsdlrjQnb6zYe_12lending_pool11ContractObjINtNtNtNtCshYQIYZlbphp_22multiversx_sc_scenario3api7impl_vh12vm_hooks_api10VMHooksApiNtNtBP_9debug_api15DebugApiBackendEENtCslxGK6Sk11Hb_13common_events16EndpointWrappers4callCs1d29URr26xz_5tests
FNDA:0,_RNvYINtCsdlrjQnb6zYe_12lending_pool11ContractObjINtNtNtNtCshYQIYZlbphp_22multiversx_sc_scenario3api7impl_vh12vm_hooks_api10VMHooksApiNtNtBP_9debug_api15DebugApiBackendEENtCslxGK6Sk11Hb_13common_events16EndpointWrappers8callbackCs1d29URr26xz_5tests
FNDA:0,_RNvXCslxGK6Sk11Hb_13common_eventsINtCsep2wloh0cqT_14liquidity_pool11ContractObjINtNtNtNtCshYQIYZlbphp_22multiversx_sc_scenario3api7impl_vh12vm_hooks_api10VMHooksApiNtNtB1k_9debug_api15DebugApiBackendEENtB2_12EventsModule19market_params_eventCs1d29URr26xz_5tests
FNDA:741,_RNvXCslxGK6Sk11Hb_13common_eventsINtCsep2wloh0cqT_14liquidity_pool11ContractObjINtNtNtNtCshYQIYZlbphp_22multiversx_sc_scenario3api7impl_vh12vm_hooks_api10VMHooksApiNtNtB1k_9debug_api15DebugApiBackendEENtB2_12EventsModule21update_position_eventCs1d29URr26xz_5tests
FNDA:833,_RNvXCslxGK6Sk11Hb_13common_eventsINtCsep2wloh0cqT_14liquidity_pool11ContractObjINtNtNtNtCshYQIYZlbphp_22multiversx_sc_scenario3api7impl_vh12vm_hooks_api10VMHooksApiNtNtB1k_9debug_api15DebugApiBackendEENtB2_12EventsModule25update_market_state_eventCs1d29URr26xz_5tests
FNDA:0,_RNvYINtCsep2wloh0cqT_14liquidity_pool11ContractObjINtNtNtNtCshYQIYZlbphp_22multiversx_sc_scenario3api7impl_vh12vm_hooks_api10VMHooksApiNtNtBR_9debug_api15DebugApiBackendEENtCslxGK6Sk11Hb_13common_events16EndpointWrappers17callback_selectorCs1d29URr26xz_5tests
FNDA:886,_RNvYINtCsep2wloh0cqT_14liquidity_pool11ContractObjINtNtNtNtCshYQIYZlbphp_22multiversx_sc_scenario3api7impl_vh12vm_hooks_api10VMHooksApiNtNtBR_9debug_api15DebugApiBackendEENtCslxGK6Sk11Hb_13common_events16EndpointWrappers4callCs1d29URr26xz_5tests
FNDA:0,_RNvYINtCsep2wloh0cqT_14liquidity_pool11ContractObjINtNtNtNtCshYQIYZlbphp_22multiversx_sc_scenario3api7impl_vh12vm_hooks_api10VMHooksApiNtNtBR_9debug_api15DebugApiBackendEENtCslxGK6Sk11Hb_13common_events16EndpointWrappers8callbackCs1d29URr26xz_5tests
FNF:1
FNH:1
DA:7,1800
BRF:0
BRH:0
LF:1
LH:1
end_of_record
SF:/Users/mihaieremia/GitHub/rs-lending/common/structs/src/model.rs
FN:139,_RINvXs17_CsfjpYwZHZakN_14common_structsNtB7_20NftAccountAttributesNtNtNtCs4XIbEUoEM0G_19multiversx_sc_codec6single6top_en9TopEncode24top_encode_or_handle_errQINtNtCshTKFwE22Rw2_5alloc3vec3VechENtNtB18_17codec_err_handler19DefaultErrorHandlerECs1d29URr26xz_5tests
FN:139,_RINvXs17_CsfjpYwZHZakN_14common_structsNtB7_20NftAccountAttributesNtNtNtCs4XIbEUoEM0G_19multiversx_sc_codec6single6top_en9TopEncode24top_encode_or_handle_errQINtNtNtNtNtCs8KjcITZNGD6_13multiversx_sc5types7managed5basic14managed_buffer13ManagedBufferINtNtNtNtCshYQIYZlbphp_22multiversx_sc_scenario3api7impl_vh12vm_hooks_api10VMHooksApiNtNtB44_9debug_api15DebugApiBackendEEINtNtNtNtB2H_13contract_base8wrappers10serializer21ExitCodecErrorHandlerB3Z_EECs1d29URr26xz_5tests
FN:139,_RINvXs18_CsfjpYwZHZakN_14common_structsNtB7_20NftAccountAttributesNtNtNtCs4XIbEUoEM0G_19multiversx_sc_codec6single6top_de9TopDecode24top_decode_or_handle_errINtNtNtNtNtCs8KjcITZNGD6_13multiversx_sc5types7managed5basic14managed_buffer13ManagedBufferINtNtNtNtCshYQIYZlbphp_22multiversx_sc_scenario3api7impl_vh12vm_hooks_api10VMHooksApiNtNtB43_9debug_api15DebugApiBackendEEINtNtNtNtB2G_13contract_base8wrappers10serializer21ExitCodecErrorHandlerB3Y_EECs1d29URr26xz_5tests
FN:43,_RINvXs1B_CsfjpYwZHZakN_14common_structsINtB7_15AccountPositionINtNtNtNtCshYQIYZlbphp_22multiversx_sc_scenario3api7impl_vh12vm_hooks_api10VMHooksApiNtNtB13_9debug_api15DebugApiBackendEENtNtNtNtNtCs8KjcITZNGD6_13multiversx_sc5types7managed7wrapped16managed_vec_item14ManagedVecItem16from_byte_readerNCNvMs2_NtB30_11managed_vecINtB4T_10ManagedVecBY_BB_E7try_get0ECs1d29URr26xz_5tests
FN:43,_RINvXs1B_CsfjpYwZHZakN_14common_structsINtB7_15AccountPositionINtNtNtNtCshYQIYZlbphp_22multiversx_sc_scenario3api7impl_vh12vm_hooks_api10VMHooksApiNtNtB13_9debug_api15DebugApiBackendEENtNtNtNtNtCs8KjcITZNGD6_13multiversx_sc5types7managed7wrapped16managed_vec_item14ManagedVecItem16from_byte_readerNCNvXs0_NtB30_22managed_vec_owned_iterINtB4T_23ManagedVecOwnedIteratorBY_BB_ENtNtNtNtCslGS7pEIChKc_4core4iter6traits8iterator8Iterator4next0ECs1d29URr26xz_5tests
FN:43,_RINvXs1B_CsfjpYwZHZakN_14common_structsINtB7_15AccountPositionINtNtNtNtCshYQIYZlbphp_22multiversx_sc_scenario3api7impl_vh12vm_hooks_api10VMHooksApiNtNtB13_9debug_api15DebugApiBackendEENtNtNtNtNtCs8KjcITZNGD6_13multiversx_sc5types7managed7wrapped16managed_vec_item14ManagedVecItem16into_byte_writeruNCNvMs2_NtB30_11managed_vecINtB4U_10ManagedVecBY_BB_E4push0ECs1d29URr26xz_5tests
FN:43,_RINvXs1B_CsfjpYwZHZakN_14common_structsINtB7_15AccountPositionINtNtNtNtCshYQIYZlbphp_22multiversx_sc_scenario3api7impl_vh12vm_hooks_api10VMHooksApiNtNtB13_9debug_api15DebugApiBackendEENtNtNtNtNtCs8KjcITZNGD6_13multiversx_sc5types7managed7wrapped16managed_vec_item14ManagedVecItem26from_byte_reader_as_borrowNCNvMs2_NtB30_11managed_vecINtB53_10ManagedVecBY_BB_E7try_get0ECs1d29URr26xz_5tests
FN:43,_RINvXs1C_CsfjpYwZHZakN_14common_structsINtB7_15AccountPositionINtNtNtNtCshYQIYZlbphp_22multiversx_sc_scenario3api7impl_vh12vm_hooks_api10VMHooksApiNtNtB13_9debug_api15DebugApiBackendEENtNtNtCs4XIbEUoEM0G_19multiversx_sc_codec6single9nested_en12NestedEncode24dep_encode_or_handle_errINtNtNtNtNtNtCs8KjcITZNGD6_13multiversx_sc5types7managed7wrapped7builder22managed_buffer_builder20ManagedBufferBuilderBY_EINtNtNtNtB4J_13contract_base8wrappers10serializer21ExitCodecErrorHandlerBY_EECs1d29URr26xz_5tests
FN:43,_RINvXs1E_CsfjpYwZHZakN_14common_structsINtB7_15AccountPositionINtNtNtNtCshYQIYZlbphp_22multiversx_sc_scenario3api7impl_vh12vm_hooks_api10VMHooksApiNtNtB13_9debug_api15DebugApiBackendEENtNtNtCs4XIbEUoEM0G_19multiversx_sc_codec6single6top_en9TopEncode24top_encode_or_handle_errINtNtNtCs8KjcITZNGD6_13multiversx_sc2io6finish16ApiOutputAdapterBY_EINtNtNtNtB4w_13contract_base8wrappers10serializer21ExitCodecErrorHandlerBY_EECs1d29URr26xz_5tests
FN:43,_RINvXs1E_CsfjpYwZHZakN_14common_structsINtB7_15AccountPositionINtNtNtNtCshYQIYZlbphp_22multiversx_sc_scenario3api7impl_vh12vm_hooks_api10VMHooksApiNtNtB13_9debug_api15DebugApiBackendEENtNtNtCs4XIbEUoEM0G_19multiversx_sc_codec6single6top_en9TopEncode24top_encode_or_handle_errINtNtNtCs8KjcITZNGD6_13multiversx_sc7storage11storage_set16StorageSetOutputBY_EINtNtNtNtB4w_13contract_base8wrappers10serializer21ExitCodecErrorHandlerBY_EECs1d29URr26xz_5tests
FN:43,_RINvXs1E_CsfjpYwZHZakN_14common_structsINtB7_15AccountPositionINtNtNtNtCshYQIYZlbphp_22multiversx_sc_scenario3api7impl_vh12vm_hooks_api10VMHooksApiNtNtB13_9debug_api15DebugApiBackendEENtNtNtCs4XIbEUoEM0G_19multiversx_sc_codec6single6top_en9TopEncode24top_encode_or_handle_errQINtNtNtNtNtCs8KjcITZNGD6_13multiversx_sc5types7managed5basic14managed_buffer13ManagedBufferBY_EINtNtNtNtB4B_13contract_base8wrappers10serializer21ExitCodecErrorHandlerBY_EECs1d29URr26xz_5tests
FN:43,_RINvXs1F_CsfjpYwZHZakN_14common_structsINtB7_15AccountPositionINtNtNtNtCshYQIYZlbphp_22multiversx_sc_scenario3api7impl_vh12vm_hooks_api10VMHooksApiNtNtB13_9debug_api15DebugApiBackendEENtNtNtCs4XIbEUoEM0G_19multiversx_sc_codec6single6top_de9TopDecode24top_decode_or_handle_errINtNtNtCs8KjcITZNGD6_13multiversx_sc2io12arg_de_input14ArgDecodeInputBY_EINtNtB4u_17arg_error_handler15ArgErrorHandlerBY_EECs1d29URr26xz_5tests
FN:43,_RINvXs1F_CsfjpYwZHZakN_14common_structsINtB7_15AccountPositionINtNtNtNtCshYQIYZlbphp_22multiversx_sc_scenario3api7impl_vh12vm_hooks_api10VMHooksApiNtNtB13_9debug_api15DebugApiBackendEENtNtNtCs4XIbEUoEM0G_19multiversx_sc_codec6single6top_de9TopDecode24top_decode_or_handle_errINtNtNtCs8KjcITZNGD6_13multiversx_sc7storage11storage_get15StorageGetInputBY_EINtB4s_22StorageGetErrorHandlerBY_EECs1d29URr26xz_5tests
FN:43,_RINvXs1F_CsfjpYwZHZakN_14common_structsINtB7_15AccountPositionINtNtNtNtCshYQIYZlbphp_22multiversx_sc_scenario3api7impl_vh12vm_hooks_api10VMHooksApiNtNtB13_9debug_api15DebugApiBackendEENtNtNtCs4XIbEUoEM0G_19multiversx_sc_codec6single6top_de9TopDecode24top_decode_or_handle_errINtNtNtNtNtCs8KjcITZNGD6_13multiversx_sc5types7managed5basic14managed_buffer13ManagedBufferBY_EINtNtNtB4A_2io17arg_error_handler15ArgErrorHandlerBY_EECs1d29URr26xz_5tests
FN:34,_RINvXs1K_CsfjpYwZHZakN_14common_structsNtB7_19AccountPositionTypeNtNtNtNtNtCs8KjcITZNGD6_13multiversx_sc5types7managed7wrapped16managed_vec_item14ManagedVecItem16from_byte_readerNCINvXs1B_B7_INtB7_15AccountPositionINtNtNtNtCshYQIYZlbphp_22multiversx_sc_scenario3api7impl_vh12vm_hooks_api10VMHooksApiNtNtB3v_9debug_api15DebugApiBackendEEB11_16from_byte_readerNCNvMs2_NtB15_11managed_vecINtB5S_10ManagedVecB3q_B33_E7try_get0E0ECs1d29URr26xz_5tests
FN:34,_RINvXs1K_CsfjpYwZHZakN_14common_structsNtB7_19AccountPositionTypeNtNtNtNtNtCs8KjcITZNGD6_13multiversx_sc5types7managed7wrapped16managed_vec_item14ManagedVecItem16from_byte_readerNCINvXs1B_B7_INtB7_15AccountPositionINtNtNtNtCshYQIYZlbphp_22multiversx_sc_scenario3api7impl_vh12vm_hooks_api10VMHooksApiNtNtB3v_9debug_api15DebugApiBackendEEB11_16from_byte_readerNCNvXs0_NtB15_22managed_vec_owned_iterINtB5S_23ManagedVecOwnedIteratorB3q_B33_ENtNtNtNtCslGS7pEIChKc_4core4iter6traits8iterator8Iterator4next0E0ECs1d29URr26xz_5tests
FN:34,_RINvXs1K_CsfjpYwZHZakN_14common_structsNtB7_19AccountPositionTypeNtNtNtNtNtCs8KjcITZNGD6_13multiversx_sc5types7managed7wrapped16managed_vec_item14ManagedVecItem16into_byte_writeruNCINvXs1B_B7_INtB7_15AccountPositionINtNtNtNtCshYQIYZlbphp_22multiversx_sc_scenario3api7impl_vh12vm_hooks_api10VMHooksApiNtNtB3w_9debug_api15DebugApiBackendEEB11_16into_byte_writeruNCNvMs2_NtB15_11managed_vecINtB5U_10ManagedVecB3r_B34_E4push0E0ECs1d29URr26xz_5tests
FN:34,_RINvXs1L_CsfjpYwZHZakN_14common_structsNtB7_19AccountPositionTypeNtNtNtCs4XIbEUoEM0G_19multiversx_sc_codec6single9nested_en12NestedEncode24dep_encode_or_handle_errINtNtNtNtNtCs8KjcITZNGD6_13multiversx_sc5types7managed5basic14managed_buffer13ManagedBufferINtNtNtNtCshYQIYZlbphp_22multiversx_sc_scenario3api7impl_vh12vm_hooks_api10VMHooksApiNtNtB49_9debug_api15DebugApiBackendEEINtNtNtNtB2M_13contract_base8wrappers10serializer21ExitCodecErrorHandlerB44_EECs1d29URr26xz_5tests
FN:34,_RINvXs1L_CsfjpYwZHZakN_14common_structsNtB7_19AccountPositionTypeNtNtNtCs4XIbEUoEM0G_19multiversx_sc_codec6single9nested_en12NestedEncode24dep_encode_or_handle_errINtNtNtNtNtNtCs8KjcITZNGD6_13multiversx_sc5types7managed7wrapped7builder22managed_buffer_builder20ManagedBufferBuilderINtNtNtNtCshYQIYZlbphp_22multiversx_sc_scenario3api7impl_vh12vm_hooks_api10VMHooksApiNtNtB4A_9debug_api15DebugApiBackendEEINtNtNtNtB2O_13contract_base8wrappers10serializer21ExitCodecErrorHandlerB4v_EECs1d29URr26xz_5tests
FN:34,_RINvXs1M_CsfjpYwZHZakN_14common_structsNtB7_19AccountPositionTypeNtNtNtCs4XIbEUoEM0G_19multiversx_sc_codec6single9nested_de12NestedDecode24dep_decode_or_handle_errINtNtNtNtNtCs8KjcITZNGD6_13multiversx_sc5types7managed10codec_util30managed_buffer_nested_de_input30ManagedBufferNestedDecodeInputINtNtNtNtCshYQIYZlbphp_22multiversx_sc_scenario3api7impl_vh12vm_hooks_api10VMHooksApiNtNtB4M_9debug_api15DebugApiBackendEEINtNtNtB2M_2io17arg_error_handler15ArgErrorHandlerB4H_EECs1d29URr26xz_5tests
FN:34,_RINvXs1M_CsfjpYwZHZakN_14common_structsNtB7_19AccountPositionTypeNtNtNtCs4XIbEUoEM0G_19multiversx_sc_codec6single9nested_de12NestedDecode24dep_decode_or_handle_errINtNtNtNtNtCs8KjcITZNGD6_13multiversx_sc5types7managed10codec_util30managed_buffer_nested_de_input30ManagedBufferNestedDecodeInputINtNtNtNtCshYQIYZlbphp_22multiversx_sc_scenario3api7impl_vh12vm_hooks_api10VMHooksApiNtNtB4M_9debug_api15DebugApiBackendEEINtNtNtB2M_7storage11storage_get22StorageGetErrorHandlerB4H_EECs1d29URr26xz_5tests
FN:132,_RINvXs1e_CsfjpYwZHZakN_14common_structsNtB7_16EModeAssetConfigNtNtNtCs4XIbEUoEM0G_19multiversx_sc_codec6single6top_en9TopEncode24top_encode_or_handle_errINtNtNtCs8KjcITZNGD6_13multiversx_sc2io6finish16ApiOutputAdapterINtNtNtNtCshYQIYZlbphp_22multiversx_sc_scenario3api7impl_vh12vm_hooks_api10VMHooksApiNtNtB3y_9debug_api15DebugApiBackendEEINtNtNtNtB2y_13contract_base8wrappers10serializer21ExitCodecErrorHandlerB3t_EECs1d29URr26xz_5tests
FN:132,_RINvXs1e_CsfjpYwZHZakN_14common_structsNtB7_16EModeAssetConfigNtNtNtCs4XIbEUoEM0G_19multiversx_sc_codec6single6top_en9TopEncode24top_encode_or_handle_errINtNtNtCs8KjcITZNGD6_13multiversx_sc7storage11storage_set16StorageSetOutputINtNtNtNtCshYQIYZlbphp_22multiversx_sc_scenario3api7impl_vh12vm_hooks_api10VMHooksApiNtNtB3J_9debug_api15DebugApiBackendEEINtNtNtNtB2y_13contract_base8wrappers10serializer21ExitCodecErrorHandlerB3E_EECs1d29URr26xz_5tests
FN:132,_RINvXs1e_CsfjpYwZHZakN_14common_structsNtB7_16EModeAssetConfigNtNtNtCs4XIbEUoEM0G_19multiversx_sc_codec6single6top_en9TopEncode24top_encode_or_handle_errQINtNtNtNtNtCs8KjcITZNGD6_13multiversx_sc5types7managed5basic14managed_buffer13ManagedBufferINtNtNtNtCshYQIYZlbphp_22multiversx_sc_scenario3api7impl_vh12vm_hooks_api10VMHooksApiNtNtB40_9debug_api15DebugApiBackendEEINtNtNtNtB2D_13contract_base8wrappers10serializer21ExitCodecErrorHandlerB3V_EECs1d29URr26xz_5tests
FN:132,_RINvXs1f_CsfjpYwZHZakN_14common_structsNtB7_16EModeAssetConfigNtNtNtCs4XIbEUoEM0G_19multiversx_sc_codec6single6top_de9TopDecode24top_decode_or_handle_errINtNtNtCs8KjcITZNGD6_13multiversx_sc2io12arg_de_input14ArgDecodeInputINtNtNtNtCshYQIYZlbphp_22multiversx_sc_scenario3api7impl_vh12vm_hooks_api10VMHooksApiNtNtB3D_9debug_api15DebugApiBackendEEINtNtB2w_17arg_error_handler15ArgErrorHandlerB3y_EECs1d29URr26xz_5tests
FN:132,_RINvXs1f_CsfjpYwZHZakN_14common_structsNtB7_16EModeAssetConfigNtNtNtCs4XIbEUoEM0G_19multiversx_sc_codec6single6top_de9TopDecode24top_decode_or_handle_errINtNtNtCs8KjcITZNGD6_13multiversx_sc7storage11storage_get15StorageGetInputINtNtNtNtCshYQIYZlbphp_22multiversx_sc_scenario3api7impl_vh12vm_hooks_api10VMHooksApiNtNtB3I_9debug_api15DebugApiBackendEEINtB2u_22StorageGetErrorHandlerB3D_EECs1d29URr26xz_5tests
FN:123,_RINvXs1m_CsfjpYwZHZakN_14common_structsINtB7_13EModeCategoryINtNtNtNtCshYQIYZlbphp_22multiversx_sc_scenario3api7impl_vh12vm_hooks_api10VMHooksApiNtNtB11_9debug_api15DebugApiBackendEENtNtNtCs4XIbEUoEM0G_19multiversx_sc_codec6single6top_en9TopEncode24top_encode_or_handle_errINtNtNtCs8KjcITZNGD6_13multiversx_sc2io6finish16ApiOutputAdapterBW_EINtNtNtNtB4u_13contract_base8wrappers10serializer21ExitCodecErrorHandlerBW_EECs1d29URr26xz_5tests
FN:123,_RINvXs1m_CsfjpYwZHZakN_14common_structsINtB7_13EModeCategoryINtNtNtNtCshYQIYZlbphp_22multiversx_sc_scenario3api7impl_vh12vm_hooks_api10VMHooksApiNtNtB11_9debug_api15DebugApiBackendEENtNtNtCs4XIbEUoEM0G_19multiversx_sc_codec6single6top_en9TopEncode24top_encode_or_handle_errINtNtNtCs8KjcITZNGD6_13multiversx_sc7storage11storage_set16StorageSetOutputBW_EINtNtNtNtB4u_13contract_base8wrappers10serializer21ExitCodecErrorHandlerBW_EECs1d29URr26xz_5tests
FN:123,_RINvXs1m_CsfjpYwZHZakN_14common_structsINtB7_13EModeCategoryINtNtNtNtCshYQIYZlbphp_22multiversx_sc_scenario3api7impl_vh12vm_hooks_api10VMHooksApiNtNtB11_9debug_api15DebugApiBackendEENtNtNtCs4XIbEUoEM0G_19multiversx_sc_codec6single6top_en9TopEncode24top_encode_or_handle_errQINtNtNtNtNtCs8KjcITZNGD6_13multiversx_sc5types7managed5basic14managed_buffer13ManagedBufferBW_EINtNtNtNtB4z_13contract_base8wrappers10serializer21ExitCodecErrorHandlerBW_EECs1d29URr26xz_5tests
FN:123,_RINvXs1n_CsfjpYwZHZakN_14common_structsINtB7_13EModeCategoryINtNtNtNtCshYQIYZlbphp_22multiversx_sc_scenario3api7impl_vh12vm_hooks_api10VMHooksApiNtNtB11_9debug_api15DebugApiBackendEENtNtNtCs4XIbEUoEM0G_19multiversx_sc_codec6single6top_de9TopDecode24top_decode_or_handle_errINtNtNtCs8KjcITZNGD6_13multiversx_sc2io12arg_de_input14ArgDecodeInputBW_EINtNtB4s_17arg_error_handler15ArgErrorHandlerBW_EECs1d29URr26xz_5tests
FN:123,_RINvXs1n_CsfjpYwZHZakN_14common_structsINtB7_13EModeCategoryINtNtNtNtCshYQIYZlbphp_22multiversx_sc_scenario3api7impl_vh12vm_hooks_api10VMHooksApiNtNtB11_9debug_api15DebugApiBackendEENtNtNtCs4XIbEUoEM0G_19multiversx_sc_codec6single6top_de9TopDecode24top_decode_or_handle_errINtNtNtCs8KjcITZNGD6_13multiversx_sc7storage11storage_get15StorageGetInputBW_EINtB4q_22StorageGetErrorHandlerBW_EECs1d29URr26xz_5tests
FN:88,_RINvXs1u_CsfjpYwZHZakN_14common_structsINtB7_11AssetConfigINtNtNtNtCshYQIYZlbphp_22multiversx_sc_scenario3api7impl_vh12vm_hooks_api10VMHooksApiNtNtBZ_9debug_api15DebugApiBackendEENtNtNtCs4XIbEUoEM0G_19multiversx_sc_codec6single6top_en9TopEncode24top_encode_or_handle_errINtNtNtCs8KjcITZNGD6_13multiversx_sc2io6finish16ApiOutputAdapterBU_EINtNtNtNtB4r_13contract_base8wrappers10serializer21ExitCodecErrorHandlerBU_EECs1d29URr26xz_5tests
FN:88,_RINvXs1u_CsfjpYwZHZakN_14common_structsINtB7_11AssetConfigINtNtNtNtCshYQIYZlbphp_22multiversx_sc_scenario3api7impl_vh12vm_hooks_api10VMHooksApiNtNtBZ_9debug_api15DebugApiBackendEENtNtNtCs4XIbEUoEM0G_19multiversx_sc_codec6single6top_en9TopEncode24top_encode_or_handle_errINtNtNtCs8KjcITZNGD6_13multiversx_sc7storage11storage_set16StorageSetOutputBU_EINtNtNtNtB4r_13contract_base8wrappers10serializer21ExitCodecErrorHandlerBU_EECs1d29URr26xz_5tests
FN:88,_RINvXs1u_CsfjpYwZHZakN_14common_structsINtB7_11AssetConfigINtNtNtNtCshYQIYZlbphp_22multiversx_sc_scenario3api7impl_vh12vm_hooks_api10VMHooksApiNtNtBZ_9debug_api15DebugApiBackendEENtNtNtCs4XIbEUoEM0G_19multiversx_sc_codec6single6top_en9TopEncode24top_encode_or_handle_errQINtNtNtNtNtCs8KjcITZNGD6_13multiversx_sc5types7managed5basic14managed_buffer13ManagedBufferBU_EINtNtNtNtB4w_13contract_base8wrappers10serializer21ExitCodecErrorHandlerBU_EECs1d29URr26xz_5tests
FN:88,_RINvXs1v_CsfjpYwZHZakN_14common_structsINtB7_11AssetConfigINtNtNtNtCshYQIYZlbphp_22multiversx_sc_scenario3api7impl_vh12vm_hooks_api10VMHooksApiNtNtBZ_9debug_api15DebugApiBackendEENtNtNtCs4XIbEUoEM0G_19multiversx_sc_codec6single6top_de9TopDecode24top_decode_or_handle_errINtNtNtCs8KjcITZNGD6_13multiversx_sc7storage11storage_get15StorageGetInputBU_EINtB4n_22StorageGetErrorHandlerBU_EECs1d29URr26xz_5tests
FN:12,_RINvXs24_CsfjpYwZHZakN_14common_structsINtB7_10PoolParamsINtNtNtNtCshYQIYZlbphp_22multiversx_sc_scenario3api7impl_vh12vm_hooks_api10VMHooksApiNtNtBY_9debug_api15DebugApiBackendEENtNtNtCs4XIbEUoEM0G_19multiversx_sc_codec6single6top_en9TopEncode24top_encode_or_handle_errINtNtNtCs8KjcITZNGD6_13multiversx_sc2io6finish16ApiOutputAdapterBT_EINtNtNtNtB4q_13contract_base8wrappers10serializer21ExitCodecErrorHandlerBT_EECs1d29URr26xz_5tests
FN:12,_RINvXs24_CsfjpYwZHZakN_14common_structsINtB7_10PoolParamsINtNtNtNtCshYQIYZlbphp_22multiversx_sc_scenario3api7impl_vh12vm_hooks_api10VMHooksApiNtNtBY_9debug_api15DebugApiBackendEENtNtNtCs4XIbEUoEM0G_19multiversx_sc_codec6single6top_en9TopEncode24top_encode_or_handle_errINtNtNtCs8KjcITZNGD6_13multiversx_sc7storage11storage_set16StorageSetOutputBT_EINtNtNtNtB4q_13contract_base8wrappers10serializer21ExitCodecErrorHandlerBT_EECs1d29URr26xz_5tests
FN:12,_RINvXs25_CsfjpYwZHZakN_14common_structsINtB7_10PoolParamsINtNtNtNtCshYQIYZlbphp_22multiversx_sc_scenario3api7impl_vh12vm_hooks_api10VMHooksApiNtNtBY_9debug_api15DebugApiBackendEENtNtNtCs4XIbEUoEM0G_19multiversx_sc_codec6single6top_de9TopDecode24top_decode_or_handle_errINtNtNtCs8KjcITZNGD6_13multiversx_sc7storage11storage_get15StorageGetInputBT_EINtB4m_22StorageGetErrorHandlerBT_EECs1d29URr26xz_5tests
FN:205,_RINvXs5_CsfjpYwZHZakN_14common_structsINtB6_22OraclePriceFluctuationINtNtNtNtCshYQIYZlbphp_22multiversx_sc_scenario3api7impl_vh12vm_hooks_api10VMHooksApiNtNtB19_9debug_api15DebugApiBackendEENtNtNtCs4XIbEUoEM0G_19multiversx_sc_codec6single9nested_en12NestedEncode24dep_encode_or_handle_errINtNtNtNtNtNtCs8KjcITZNGD6_13multiversx_sc5types7managed7wrapped7builder22managed_buffer_builder20ManagedBufferBuilderB14_EINtNtNtNtB4P_13contract_base8wrappers10serializer21ExitCodecErrorHandlerB14_EECs1d29URr26xz_5tests
FN:205,_RINvXs6_CsfjpYwZHZakN_14common_structsINtB6_22OraclePriceFluctuationINtNtNtNtCshYQIYZlbphp_22multiversx_sc_scenario3api7impl_vh12vm_hooks_api10VMHooksApiNtNtB19_9debug_api15DebugApiBackendEENtNtNtCs4XIbEUoEM0G_19multiversx_sc_codec6single9nested_de12NestedDecode24dep_decode_or_handle_errINtNtNtNtNtCs8KjcITZNGD6_13multiversx_sc5types7managed10codec_util30managed_buffer_nested_de_input30ManagedBufferNestedDecodeInputB14_EINtNtNtB4N_7storage11storage_get22StorageGetErrorHandlerB14_EECs1d29URr26xz_5tests
FN:158,_RINvXsH_CsfjpYwZHZakN_14common_structsNtB6_13PricingMethodNtNtNtCs4XIbEUoEM0G_19multiversx_sc_codec6single9nested_en12NestedEncode24dep_encode_or_handle_errINtNtNtNtNtNtCs8KjcITZNGD6_13multiversx_sc5types7managed7wrapped7builder22managed_buffer_builder20ManagedBufferBuilderINtNtNtNtCshYQIYZlbphp_22multiversx_sc_scenario3api7impl_vh12vm_hooks_api10VMHooksApiNtNtB4t_9debug_api15DebugApiBackendEEINtNtNtNtB2H_13contract_base8wrappers10serializer21ExitCodecErrorHandlerB4o_EECs1d29URr26xz_5tests
FN:158,_RINvXsI_CsfjpYwZHZakN_14common_structsNtB6_13PricingMethodNtNtNtCs4XIbEUoEM0G_19multiversx_sc_codec6single9nested_de12NestedDecode24dep_decode_or_handle_errINtNtNtNtNtCs8KjcITZNGD6_13multiversx_sc5types7managed10codec_util30managed_buffer_nested_de_input30ManagedBufferNestedDecodeInputINtNtNtNtCshYQIYZlbphp_22multiversx_sc_scenario3api7impl_vh12vm_hooks_api10VMHooksApiNtNtB4F_9debug_api15DebugApiBackendEEINtNtNtB2F_7storage11storage_get22StorageGetErrorHandlerB4A_EECs1d29URr26xz_5tests
FN:158,_RINvXsJ_CsfjpYwZHZakN_14common_structsNtB6_13PricingMethodNtNtNtCs4XIbEUoEM0G_19multiversx_sc_codec6single6top_en9TopEncode24top_encode_or_handle_errQINtNtNtNtNtCs8KjcITZNGD6_13multiversx_sc5types7managed5basic14managed_buffer13ManagedBufferINtNtNtNtCshYQIYZlbphp_22multiversx_sc_scenario3api7impl_vh12vm_hooks_api10VMHooksApiNtNtB3W_10static_api16StaticApiBackendEEINtNtNtNtB2z_13contract_base8wrappers10serializer21ExitCodecErrorHandlerB3R_EECs1d29URr26xz_5tests
FN:158,_RINvXsK_CsfjpYwZHZakN_14common_structsNtB6_13PricingMethodNtNtNtCs4XIbEUoEM0G_19multiversx_sc_codec6single6top_de9TopDecode24top_decode_or_handle_errINtNtNtCs8KjcITZNGD6_13multiversx_sc2io12arg_de_input14ArgDecodeInputINtNtNtNtCshYQIYZlbphp_22multiversx_sc_scenario3api7impl_vh12vm_hooks_api10VMHooksApiNtNtB3z_9debug_api15DebugApiBackendEEINtNtB2s_17arg_error_handler15ArgErrorHandlerB3u_EECs1d29URr26xz_5tests
FN:148,_RINvXsS_CsfjpYwZHZakN_14common_structsINtB6_25EgldOrEsdtTokenPaymentNewINtNtNtNtCshYQIYZlbphp_22multiversx_sc_scenario3api7impl_vh12vm_hooks_api10VMHooksApiNtNtB1c_9debug_api15DebugApiBackendEENtNtNtNtNtCs8KjcITZNGD6_13multiversx_sc5types7managed7wrapped16managed_vec_item14ManagedVecItem16from_byte_readerNCNvMs2_NtB39_11managed_vecINtB52_10ManagedVecB17_BA_E7try_get0ECs1d29URr26xz_5tests
FN:148,_RINvXsS_CsfjpYwZHZakN_14common_structsINtB6_25EgldOrEsdtTokenPaymentNewINtNtNtNtCshYQIYZlbphp_22multiversx_sc_scenario3api7impl_vh12vm_hooks_api10VMHooksApiNtNtB1c_9debug_api15DebugApiBackendEENtNtNtNtNtCs8KjcITZNGD6_13multiversx_sc5types7managed7wrapped16managed_vec_item14ManagedVecItem16into_byte_writeruNCNvMs2_NtB39_11managed_vecINtB53_10ManagedVecB17_BA_E4push0ECs1d29URr26xz_5tests
FN:148,_RINvXsS_CsfjpYwZHZakN_14common_structsINtB6_25EgldOrEsdtTokenPaymentNewINtNtNtNtCshYQIYZlbphp_22multiversx_sc_scenario3api7impl_vh12vm_hooks_api10VMHooksApiNtNtB1c_9debug_api15DebugApiBackendEENtNtNtNtNtCs8KjcITZNGD6_13multiversx_sc5types7managed7wrapped16managed_vec_item14ManagedVecItem26from_byte_reader_as_borrowNCNvMs2_NtB39_11managed_vecINtB5c_10ManagedVecB17_BA_E7try_get0ECs1d29URr26xz_5tests
FN:191,_RINvXsb_CsfjpYwZHZakN_14common_structsINtB6_14OracleProviderINtNtNtNtCshYQIYZlbphp_22multiversx_sc_scenario3api7impl_vh12vm_hooks_api10VMHooksApiNtNtB11_9debug_api15DebugApiBackendEENtNtNtCs4XIbEUoEM0G_19multiversx_sc_codec6single6top_en9TopEncode24top_encode_or_handle_errINtNtNtCs8KjcITZNGD6_13multiversx_sc2io6finish16ApiOutputAdapterBW_EINtNtNtNtB4u_13contract_base8wrappers10serializer21ExitCodecErrorHandlerBW_EECs1d29URr26xz_5tests
FN:191,_RINvXsb_CsfjpYwZHZakN_14common_structsINtB6_14OracleProviderINtNtNtNtCshYQIYZlbphp_22multiversx_sc_scenario3api7impl_vh12vm_hooks_api10VMHooksApiNtNtB11_9debug_api15DebugApiBackendEENtNtNtCs4XIbEUoEM0G_19multiversx_sc_codec6single6top_en9TopEncode24top_encode_or_handle_errINtNtNtCs8KjcITZNGD6_13multiversx_sc7storage11storage_set16StorageSetOutputBW_EINtNtNtNtB4u_13contract_base8wrappers10serializer21ExitCodecErrorHandlerBW_EECs1d29URr26xz_5tests
FN:191,_RINvXsc_CsfjpYwZHZakN_14common_structsINtB6_14OracleProviderINtNtNtNtCshYQIYZlbphp_22multiversx_sc_scenario3api7impl_vh12vm_hooks_api10VMHooksApiNtNtB11_9debug_api15DebugApiBackendEENtNtNtCs4XIbEUoEM0G_19multiversx_sc_codec6single6top_de9TopDecode24top_decode_or_handle_errINtNtNtCs8KjcITZNGD6_13multiversx_sc7storage11storage_get15StorageGetInputBW_EINtB4q_22StorageGetErrorHandlerBW_EECs1d29URr26xz_5tests
FN:181,_RINvXsj_CsfjpYwZHZakN_14common_structsNtB6_14ExchangeSourceNtNtNtCs4XIbEUoEM0G_19multiversx_sc_codec6single9nested_en12NestedEncode24dep_encode_or_handle_errINtNtNtNtNtNtCs8KjcITZNGD6_13multiversx_sc5types7managed7wrapped7builder22managed_buffer_builder20ManagedBufferBuilderINtNtNtNtCshYQIYZlbphp_22multiversx_sc_scenario3api7impl_vh12vm_hooks_api10VMHooksApiNtNtB4u_9debug_api15DebugApiBackendEEINtNtNtNtB2I_13contract_base8wrappers10serializer21ExitCodecErrorHandlerB4p_EECs1d29URr26xz_5tests
FN:181,_RINvXsk_CsfjpYwZHZakN_14common_structsNtB6_14ExchangeSourceNtNtNtCs4XIbEUoEM0G_19multiversx_sc_codec6single9nested_de12NestedDecode24dep_decode_or_handle_errINtNtNtNtNtCs8KjcITZNGD6_13multiversx_sc5types7managed10codec_util30managed_buffer_nested_de_input30ManagedBufferNestedDecodeInputINtNtNtNtCshYQIYZlbphp_22multiversx_sc_scenario3api7impl_vh12vm_hooks_api10VMHooksApiNtNtB4G_9debug_api15DebugApiBackendEEINtNtNtB2G_7storage11storage_get22StorageGetErrorHandlerB4B_EECs1d29URr26xz_5tests
FN:181,_RINvXsl_CsfjpYwZHZakN_14common_structsNtB6_14ExchangeSourceNtNtNtCs4XIbEUoEM0G_19multiversx_sc_codec6single6top_en9TopEncode24top_encode_or_handle_errQINtNtNtNtNtCs8KjcITZNGD6_13multiversx_sc5types7managed5basic14managed_buffer13ManagedBufferINtNtNtNtCshYQIYZlbphp_22multiversx_sc_scenario3api7impl_vh12vm_hooks_api10VMHooksApiNtNtB3X_10static_api16StaticApiBackendEEINtNtNtNtB2A_13contract_base8wrappers10serializer21ExitCodecErrorHandlerB3S_EECs1d29URr26xz_5tests
FN:181,_RINvXsm_CsfjpYwZHZakN_14common_structsNtB6_14ExchangeSourceNtNtNtCs4XIbEUoEM0G_19multiversx_sc_codec6single6top_de9TopDecode24top_decode_or_handle_errINtNtNtCs8KjcITZNGD6_13multiversx_sc2io12arg_de_input14ArgDecodeInputINtNtNtNtCshYQIYZlbphp_22multiversx_sc_scenario3api7impl_vh12vm_hooks_api10VMHooksApiNtNtB3A_9debug_api15DebugApiBackendEEINtNtB2t_17arg_error_handler15ArgErrorHandlerB3v_EECs1d29URr26xz_5tests
FN:170,_RINvXsv_CsfjpYwZHZakN_14common_structsNtB6_10OracleTypeNtNtNtCs4XIbEUoEM0G_19multiversx_sc_codec6single9nested_en12NestedEncode24dep_encode_or_handle_errINtNtNtNtNtNtCs8KjcITZNGD6_13multiversx_sc5types7managed7wrapped7builder22managed_buffer_builder20ManagedBufferBuilderINtNtNtNtCshYQIYZlbphp_22multiversx_sc_scenario3api7impl_vh12vm_hooks_api10VMHooksApiNtNtB4q_9debug_api15DebugApiBackendEEINtNtNtNtB2E_13contract_base8wrappers10serializer21ExitCodecErrorHandlerB4l_EECs1d29URr26xz_5tests
FN:170,_RINvXsw_CsfjpYwZHZakN_14common_structsNtB6_10OracleTypeNtNtNtCs4XIbEUoEM0G_19multiversx_sc_codec6single9nested_de12NestedDecode24dep_decode_or_handle_errINtNtNtNtNtCs8KjcITZNGD6_13multiversx_sc5types7managed10codec_util30managed_buffer_nested_de_input30ManagedBufferNestedDecodeInputINtNtNtNtCshYQIYZlbphp_22multiversx_sc_scenario3api7impl_vh12vm_hooks_api10VMHooksApiNtNtB4C_9debug_api15DebugApiBackendEEINtNtNtB2C_7storage11storage_get22StorageGetErrorHandlerB4x_EECs1d29URr26xz_5tests
FN:170,_RINvXsx_CsfjpYwZHZakN_14common_structsNtB6_10OracleTypeNtNtNtCs4XIbEUoEM0G_19multiversx_sc_codec6single6top_en9TopEncode24top_encode_or_handle_errQINtNtNtNtNtCs8KjcITZNGD6_13multiversx_sc5types7managed5basic14managed_buffer13ManagedBufferINtNtNtNtCshYQIYZlbphp_22multiversx_sc_scenario3api7impl_vh12vm_hooks_api10VMHooksApiNtNtB3T_10static_api16StaticApiBackendEEINtNtNtNtB2w_13contract_base8wrappers10serializer21ExitCodecErrorHandlerB3O_EECs1d29URr26xz_5tests
FN:170,_RINvXsy_CsfjpYwZHZakN_14common_structsNtB6_10OracleTypeNtNtNtCs4XIbEUoEM0G_19multiversx_sc_codec6single6top_de9TopDecode24top_decode_or_handle_errINtNtNtCs8KjcITZNGD6_13multiversx_sc2io12arg_de_input14ArgDecodeInputINtNtNtNtCshYQIYZlbphp_22multiversx_sc_scenario3api7impl_vh12vm_hooks_api10VMHooksApiNtNtB3w_9debug_api15DebugApiBackendEEINtNtB2p_17arg_error_handler15ArgErrorHandlerB3r_EECs1d29URr26xz_5tests
FN:43,_RNCINvXs1B_CsfjpYwZHZakN_14common_structsINtB9_15AccountPositionINtNtNtNtCshYQIYZlbphp_22multiversx_sc_scenario3api7impl_vh12vm_hooks_api10VMHooksApiNtNtB15_9debug_api15DebugApiBackendEENtNtNtNtNtCs8KjcITZNGD6_13multiversx_sc5types7managed7wrapped16managed_vec_item14ManagedVecItem16from_byte_readerNCNvMs2_NtB32_11managed_vecINtB4V_10ManagedVecB10_BD_E7try_get0E0Cs1d29URr26xz_5tests
FN:43,_RNCINvXs1B_CsfjpYwZHZakN_14common_structsINtB9_15AccountPositionINtNtNtNtCshYQIYZlbphp_22multiversx_sc_scenario3api7impl_vh12vm_hooks_api10VMHooksApiNtNtB15_9debug_api15DebugApiBackendEENtNtNtNtNtCs8KjcITZNGD6_13multiversx_sc5types7managed7wrapped16managed_vec_item14ManagedVecItem16from_byte_readerNCNvMs2_NtB32_11managed_vecINtB4V_10ManagedVecB10_BD_E7try_get0Es0_0Cs1d29URr26xz_5tests
FN:43,_RNCINvXs1B_CsfjpYwZHZakN_14common_structsINtB9_15AccountPositionINtNtNtNtCshYQIYZlbphp_22multiversx_sc_scenario3api7impl_vh12vm_hooks_api10VMHooksApiNtNtB15_9debug_api15DebugApiBackendEENtNtNtNtNtCs8KjcITZNGD6_13multiversx_sc5types7managed7wrapped16managed_vec_item14ManagedVecItem16from_byte_readerNCNvMs2_NtB32_11managed_vecINtB4V_10ManagedVecB10_BD_E7try_get0Es1_0Cs1d29URr26xz_5tests
FN:43,_RNCINvXs1B_CsfjpYwZHZakN_14common_structsINtB9_15AccountPositionINtNtNtNtCshYQIYZlbphp_22multiversx_sc_scenario3api7impl_vh12vm_hooks_api10VMHooksApiNtNtB15_9debug_api15DebugApiBackendEENtNtNtNtNtCs8KjcITZNGD6_13multiversx_sc5types7managed7wrapped16managed_vec_item14ManagedVecItem16from_byte_readerNCNvMs2_NtB32_11managed_vecINtB4V_10ManagedVecB10_BD_E7try_get0Es2_0Cs1d29URr26xz_5tests
FN:43,_RNCINvXs1B_CsfjpYwZHZakN_14common_structsINtB9_15AccountPositionINtNtNtNtCshYQIYZlbphp_22multiversx_sc_scenario3api7impl_vh12vm_hooks_api10VMHooksApiNtNtB15_9debug_api15DebugApiBackendEENtNtNtNtNtCs8KjcITZNGD6_13multiversx_sc5types7managed7wrapped16managed_vec_item14ManagedVecItem16from_byte_readerNCNvMs2_NtB32_11managed_vecINtB4V_10ManagedVecB10_BD_E7try_get0Es3_0Cs1d29URr26xz_5tests
FN:43,_RNCINvXs1B_CsfjpYwZHZakN_14common_structsINtB9_15AccountPositionINtNtNtNtCshYQIYZlbphp_22multiversx_sc_scenario3api7impl_vh12vm_hooks_api10VMHooksApiNtNtB15_9debug_api15DebugApiBackendEENtNtNtNtNtCs8KjcITZNGD6_13multiversx_sc5types7managed7wrapped16managed_vec_item14ManagedVecItem16from_byte_readerNCNvMs2_NtB32_11managed_vecINtB4V_10ManagedVecB10_BD_E7try_get0Es4_0Cs1d29URr26xz_5tests
FN:43,_RNCINvXs1B_CsfjpYwZHZakN_14common_structsINtB9_15AccountPositionINtNtNtNtCshYQIYZlbphp_22multiversx_sc_scenario3api7impl_vh12vm_hooks_api10VMHooksApiNtNtB15_9debug_api15DebugApiBackendEENtNtNtNtNtCs8KjcITZNGD6_13multiversx_sc5types7managed7wrapped16managed_vec_item14ManagedVecItem16from_byte_readerNCNvMs2_NtB32_11managed_vecINtB4V_10ManagedVecB10_BD_E7try_get0Es5_0Cs1d29URr26xz_5tests
FN:43,_RNCINvXs1B_CsfjpYwZHZakN_14common_structsINtB9_15AccountPositionINtNtNtNtCshYQIYZlbphp_22multiversx_sc_scenario3api7impl_vh12vm_hooks_api10VMHooksApiNtNtB15_9debug_api15DebugApiBackendEENtNtNtNtNtCs8KjcITZNGD6_13multiversx_sc5types7managed7wrapped16managed_vec_item14ManagedVecItem16from_byte_readerNCNvMs2_NtB32_11managed_vecINtB4V_10ManagedVecB10_BD_E7try_get0Es6_0Cs1d29URr26xz_5tests
FN:43,_RNCINvXs1B_CsfjpYwZHZakN_14common_structsINtB9_15AccountPositionINtNtNtNtCshYQIYZlbphp_22multiversx_sc_scenario3api7impl_vh12vm_hooks_api10VMHooksApiNtNtB15_9debug_api15DebugApiBackendEENtNtNtNtNtCs8KjcITZNGD6_13multiversx_sc5types7managed7wrapped16managed_vec_item14ManagedVecItem16from_byte_readerNCNvMs2_NtB32_11managed_vecINtB4V_10ManagedVecB10_BD_E7try_get0Es_0Cs1d29URr26xz_5tests
FN:43,_RNCINvXs1B_CsfjpYwZHZakN_14common_structsINtB9_15AccountPositionINtNtNtNtCshYQIYZlbphp_22multiversx_sc_scenario3api7impl_vh12vm_hooks_api10VMHooksApiNtNtB15_9debug_api15DebugApiBackendEENtNtNtNtNtCs8KjcITZNGD6_13multiversx_sc5types7managed7wrapped16managed_vec_item14ManagedVecItem16from_byte_readerNCNvXs0_NtB32_22managed_vec_owned_iterINtB4V_23ManagedVecOwnedIteratorB10_BD_ENtNtNtNtCslGS7pEIChKc_4core4iter6traits8iterator8Iterator4next0E0Cs1d29URr26xz_5tests
FN:43,_RNCINvXs1B_CsfjpYwZHZakN_14common_structsINtB9_15AccountPositionINtNtNtNtCshYQIYZlbphp_22multiversx_sc_scenario3api7impl_vh12vm_hooks_api10VMHooksApiNtNtB15_9debug_api15DebugApiBackendEENtNtNtNtNtCs8KjcITZNGD6_13multiversx_sc5types7managed7wrapped16managed_vec_item14ManagedVecItem16from_byte_readerNCNvXs0_NtB32_22managed_vec_owned_iterINtB4V_23ManagedVecOwnedIteratorB10_BD_ENtNtNtNtCslGS7pEIChKc_4core4iter6traits8iterator8Iterator4next0Es0_0Cs1d29URr26xz_5tests
FN:43,_RNCINvXs1B_CsfjpYwZHZakN_14common_structsINtB9_15AccountPositionINtNtNtNtCshYQIYZlbphp_22multiversx_sc_scenario3api7impl_vh12vm_hooks_api10VMHooksApiNtNtB15_9debug_api15DebugApiBackendEENtNtNtNtNtCs8KjcITZNGD6_13multiversx_sc5types7managed7wrapped16managed_vec_item14ManagedVecItem16from_byte_readerNCNvXs0_NtB32_22managed_vec_owned_iterINtB4V_23ManagedVecOwnedIteratorB10_BD_ENtNtNtNtCslGS7pEIChKc_4core4iter6traits8iterator8Iterator4next0Es1_0Cs1d29URr26xz_5tests
FN:43,_RNCINvXs1B_CsfjpYwZHZakN_14common_structsINtB9_15AccountPositionINtNtNtNtCshYQIYZlbphp_22multiversx_sc_scenario3api7impl_vh12vm_hooks_api10VMHooksApiNtNtB15_9debug_api15DebugApiBackendEENtNtNtNtNtCs8KjcITZNGD6_13multiversx_sc5types7managed7wrapped16managed_vec_item14ManagedVecItem16from_byte_readerNCNvXs0_NtB32_22managed_vec_owned_iterINtB4V_23ManagedVecOwnedIteratorB10_BD_ENtNtNtNtCslGS7pEIChKc_4core4iter6traits8iterator8Iterator4next0Es2_0Cs1d29URr26xz_5tests
FN:43,_RNCINvXs1B_CsfjpYwZHZakN_14common_structsINtB9_15AccountPositionINtNtNtNtCshYQIYZlbphp_22multiversx_sc_scenario3api7impl_vh12vm_hooks_api10VMHooksApiNtNtB15_9debug_api15DebugApiBackendEENtNtNtNtNtCs8KjcITZNGD6_13multiversx_sc5types7managed7wrapped16managed_vec_item14ManagedVecItem16from_byte_readerNCNvXs0_NtB32_22managed_vec_owned_iterINtB4V_23ManagedVecOwnedIteratorB10_BD_ENtNtNtNtCslGS7pEIChKc_4core4iter6traits8iterator8Iterator4next0Es3_0Cs1d29URr26xz_5tests
FN:43,_RNCINvXs1B_CsfjpYwZHZakN_14common_structsINtB9_15AccountPositionINtNtNtNtCshYQIYZlbphp_22multiversx_sc_scenario3api7impl_vh12vm_hooks_api10VMHooksApiNtNtB15_9debug_api15DebugApiBackendEENtNtNtNtNtCs8KjcITZNGD6_13multiversx_sc5types7managed7wrapped16managed_vec_item14ManagedVecItem16from_byte_readerNCNvXs0_NtB32_22managed_vec_owned_iterINtB4V_23ManagedVecOwnedIteratorB10_BD_ENtNtNtNtCslGS7pEIChKc_4core4iter6traits8iterator8Iterator4next0Es4_0Cs1d29URr26xz_5tests
FN:43,_RNCINvXs1B_CsfjpYwZHZakN_14common_structsINtB9_15AccountPositionINtNtNtNtCshYQIYZlbphp_22multiversx_sc_scenario3api7impl_vh12vm_hooks_api10VMHooksApiNtNtB15_9debug_api15DebugApiBackendEENtNtNtNtNtCs8KjcITZNGD6_13multiversx_sc5types7managed7wrapped16managed_vec_item14ManagedVecItem16from_byte_readerNCNvXs0_NtB32_22managed_vec_owned_iterINtB4V_23ManagedVecOwnedIteratorB10_BD_ENtNtNtNtCslGS7pEIChKc_4core4iter6traits8iterator8Iterator4next0Es5_0Cs1d29URr26xz_5tests
FN:43,_RNCINvXs1B_CsfjpYwZHZakN_14common_structsINtB9_15AccountPositionINtNtNtNtCshYQIYZlbphp_22multiversx_sc_scenario3api7impl_vh12vm_hooks_api10VMHooksApiNtNtB15_9debug_api15DebugApiBackendEENtNtNtNtNtCs8KjcITZNGD6_13multiversx_sc5types7managed7wrapped16managed_vec_item14ManagedVecItem16from_byte_readerNCNvXs0_NtB32_22managed_vec_owned_iterINtB4V_23ManagedVecOwnedIteratorB10_BD_ENtNtNtNtCslGS7pEIChKc_4core4iter6traits8iterator8Iterator4next0Es6_0Cs1d29URr26xz_5tests
FN:43,_RNCINvXs1B_CsfjpYwZHZakN_14common_structsINtB9_15AccountPositionINtNtNtNtCshYQIYZlbphp_22multiversx_sc_scenario3api7impl_vh12vm_hooks_api10VMHooksApiNtNtB15_9debug_api15DebugApiBackendEENtNtNtNtNtCs8KjcITZNGD6_13multiversx_sc5types7managed7wrapped16managed_vec_item14ManagedVecItem16from_byte_readerNCNvXs0_NtB32_22managed_vec_owned_iterINtB4V_23ManagedVecOwnedIteratorB10_BD_ENtNtNtNtCslGS7pEIChKc_4core4iter6traits8iterator8Iterator4next0Es_0Cs1d29URr26xz_5tests
FN:43,_RNCINvXs1B_CsfjpYwZHZakN_14common_structsINtB9_15AccountPositionINtNtNtNtCshYQIYZlbphp_22multiversx_sc_scenario3api7impl_vh12vm_hooks_api10VMHooksApiNtNtB15_9debug_api15DebugApiBackendEENtNtNtNtNtCs8KjcITZNGD6_13multiversx_sc5types7managed7wrapped16managed_vec_item14ManagedVecItem16into_byte_writeruNCNvMs2_NtB32_11managed_vecINtB4W_10ManagedVecB10_BD_E4push0E0Cs1d29URr26xz_5tests
FN:43,_RNCINvXs1B_CsfjpYwZHZakN_14common_structsINtB9_15AccountPositionINtNtNtNtCshYQIYZlbphp_22multiversx_sc_scenario3api7impl_vh12vm_hooks_api10VMHooksApiNtNtB15_9debug_api15DebugApiBackendEENtNtNtNtNtCs8KjcITZNGD6_13multiversx_sc5types7managed7wrapped16managed_vec_item14ManagedVecItem16into_byte_writeruNCNvMs2_NtB32_11managed_vecINtB4W_10ManagedVecB10_BD_E4push0Es0_0Cs1d29URr26xz_5tests
FN:43,_RNCINvXs1B_CsfjpYwZHZakN_14common_structsINtB9_15AccountPositionINtNtNtNtCshYQIYZlbphp_22multiversx_sc_scenario3api7impl_vh12vm_hooks_api10VMHooksApiNtNtB15_9debug_api15DebugApiBackendEENtNtNtNtNtCs8KjcITZNGD6_13multiversx_sc5types7managed7wrapped16managed_vec_item14ManagedVecItem16into_byte_writeruNCNvMs2_NtB32_11managed_vecINtB4W_10ManagedVecB10_BD_E4push0Es1_0Cs1d29URr26xz_5tests
FN:43,_RNCINvXs1B_CsfjpYwZHZakN_14common_structsINtB9_15AccountPositionINtNtNtNtCshYQIYZlbphp_22multiversx_sc_scenario3api7impl_vh12vm_hooks_api10VMHooksApiNtNtB15_9debug_api15DebugApiBackendEENtNtNtNtNtCs8KjcITZNGD6_13multiversx_sc5types7managed7wrapped16managed_vec_item14ManagedVecItem16into_byte_writeruNCNvMs2_NtB32_11managed_vecINtB4W_10ManagedVecB10_BD_E4push0Es2_0Cs1d29URr26xz_5tests
FN:43,_RNCINvXs1B_CsfjpYwZHZakN_14common_structsINtB9_15AccountPositionINtNtNtNtCshYQIYZlbphp_22multiversx_sc_scenario3api7impl_vh12vm_hooks_api10VMHooksApiNtNtB15_9debug_api15DebugApiBackendEENtNtNtNtNtCs8KjcITZNGD6_13multiversx_sc5types7managed7wrapped16managed_vec_item14ManagedVecItem16into_byte_writeruNCNvMs2_NtB32_11managed_vecINtB4W_10ManagedVecB10_BD_E4push0Es3_0Cs1d29URr26xz_5tests
FN:43,_RNCINvXs1B_CsfjpYwZHZakN_14common_structsINtB9_15AccountPositionINtNtNtNtCshYQIYZlbphp_22multiversx_sc_scenario3api7impl_vh12vm_hooks_api10VMHooksApiNtNtB15_9debug_api15DebugApiBackendEENtNtNtNtNtCs8KjcITZNGD6_13multiversx_sc5types7managed7wrapped16managed_vec_item14ManagedVecItem16into_byte_writeruNCNvMs2_NtB32_11managed_vecINtB4W_10ManagedVecB10_BD_E4push0Es4_0Cs1d29URr26xz_5tests
FN:43,_RNCINvXs1B_CsfjpYwZHZakN_14common_structsINtB9_15AccountPositionINtNtNtNtCshYQIYZlbphp_22multiversx_sc_scenario3api7impl_vh12vm_hooks_api10VMHooksApiNtNtB15_9debug_api15DebugApiBackendEENtNtNtNtNtCs8KjcITZNGD6_13multiversx_sc5types7managed7wrapped16managed_vec_item14ManagedVecItem16into_byte_writeruNCNvMs2_NtB32_11managed_vecINtB4W_10ManagedVecB10_BD_E4push0Es5_0Cs1d29URr26xz_5tests
FN:43,_RNCINvXs1B_CsfjpYwZHZakN_14common_structsINtB9_15AccountPositionINtNtNtNtCshYQIYZlbphp_22multiversx_sc_scenario3api7impl_vh12vm_hooks_api10VMHooksApiNtNtB15_9debug_api15DebugApiBackendEENtNtNtNtNtCs8KjcITZNGD6_13multiversx_sc5types7managed7wrapped16managed_vec_item14ManagedVecItem16into_byte_writeruNCNvMs2_NtB32_11managed_vecINtB4W_10ManagedVecB10_BD_E4push0Es6_0Cs1d29URr26xz_5tests
FN:43,_RNCINvXs1B_CsfjpYwZHZakN_14common_structsINtB9_15AccountPositionINtNtNtNtCshYQIYZlbphp_22multiversx_sc_scenario3api7impl_vh12vm_hooks_api10VMHooksApiNtNtB15_9debug_api15DebugApiBackendEENtNtNtNtNtCs8KjcITZNGD6_13multiversx_sc5types7managed7wrapped16managed_vec_item14ManagedVecItem16into_byte_writeruNCNvMs2_NtB32_11managed_vecINtB4W_10ManagedVecB10_BD_E4push0Es_0Cs1d29URr26xz_5tests
FN:148,_RNCINvXsS_CsfjpYwZHZakN_14common_structsINtB8_25EgldOrEsdtTokenPaymentNewINtNtNtNtCshYQIYZlbphp_22multiversx_sc_scenario3api7impl_vh12vm_hooks_api10VMHooksApiNtNtB1e_9debug_api15DebugApiBackendEENtNtNtNtNtCs8KjcITZNGD6_13multiversx_sc5types7managed7wrapped16managed_vec_item14ManagedVecItem16from_byte_readerNCNvMs2_NtB3b_11managed_vecINtB54_10ManagedVecB19_BC_E7try_get0E0Cs1d29URr26xz_5tests
FN:148,_RNCINvXsS_CsfjpYwZHZakN_14common_structsINtB8_25EgldOrEsdtTokenPaymentNewINtNtNtNtCshYQIYZlbphp_22multiversx_sc_scenario3api7impl_vh12vm_hooks_api10VMHooksApiNtNtB1e_9debug_api15DebugApiBackendEENtNtNtNtNtCs8KjcITZNGD6_13multiversx_sc5types7managed7wrapped16managed_vec_item14ManagedVecItem16from_byte_readerNCNvMs2_NtB3b_11managed_vecINtB54_10ManagedVecB19_BC_E7try_get0Es0_0Cs1d29URr26xz_5tests
FN:148,_RNCINvXsS_CsfjpYwZHZakN_14common_structsINtB8_25EgldOrEsdtTokenPaymentNewINtNtNtNtCshYQIYZlbphp_22multiversx_sc_scenario3api7impl_vh12vm_hooks_api10VMHooksApiNtNtB1e_9debug_api15DebugApiBackendEENtNtNtNtNtCs8KjcITZNGD6_13multiversx_sc5types7managed7wrapped16managed_vec_item14ManagedVecItem16from_byte_readerNCNvMs2_NtB3b_11managed_vecINtB54_10ManagedVecB19_BC_E7try_get0Es_0Cs1d29URr26xz_5tests
FN:148,_RNCINvXsS_CsfjpYwZHZakN_14common_structsINtB8_25EgldOrEsdtTokenPaymentNewINtNtNtNtCshYQIYZlbphp_22multiversx_sc_scenario3api7impl_vh12vm_hooks_api10VMHooksApiNtNtB1e_9debug_api15DebugApiBackendEENtNtNtNtNtCs8KjcITZNGD6_13multiversx_sc5types7managed7wrapped16managed_vec_item14ManagedVecItem16into_byte_writeruNCNvMs2_NtB3b_11managed_vecINtB55_10ManagedVecB19_BC_E4push0E0Cs1d29URr26xz_5tests
FN:148,_RNCINvXsS_CsfjpYwZHZakN_14common_structsINtB8_25EgldOrEsdtTokenPaymentNewINtNtNtNtCshYQIYZlbphp_22multiversx_sc_scenario3api7impl_vh12vm_hooks_api10VMHooksApiNtNtB1e_9debug_api15DebugApiBackendEENtNtNtNtNtCs8KjcITZNGD6_13multiversx_sc5types7managed7wrapped16managed_vec_item14ManagedVecItem16into_byte_writeruNCNvMs2_NtB3b_11managed_vecINtB55_10ManagedVecB19_BC_E4push0Es0_0Cs1d29URr26xz_5tests
FN:148,_RNCINvXsS_CsfjpYwZHZakN_14common_structsINtB8_25EgldOrEsdtTokenPaymentNewINtNtNtNtCshYQIYZlbphp_22multiversx_sc_scenario3api7impl_vh12vm_hooks_api10VMHooksApiNtNtB1e_9debug_api15DebugApiBackendEENtNtNtNtNtCs8KjcITZNGD6_13multiversx_sc5types7managed7wrapped16managed_vec_item14ManagedVecItem16into_byte_writeruNCNvMs2_NtB3b_11managed_vecINtB55_10ManagedVecB19_BC_E4push0Es_0Cs1d29URr26xz_5tests
FN:82,_RNvMCsfjpYwZHZakN_14common_structsINtB2_15AccountPositionINtNtNtNtCshYQIYZlbphp_22multiversx_sc_scenario3api7impl_vh12vm_hooks_api10VMHooksApiNtNtBY_9debug_api15DebugApiBackendEE16get_total_amountCs1d29URr26xz_5tests
FN:58,_RNvMCsfjpYwZHZakN_14common_structsINtB2_15AccountPositionINtNtNtNtCshYQIYZlbphp_22multiversx_sc_scenario3api7impl_vh12vm_hooks_api10VMHooksApiNtNtBY_9debug_api15DebugApiBackendEE3newCs1d29URr26xz_5tests
FNDA:2,_RINvXs17_CsfjpYwZHZakN_14common_structsNtB7_20NftAccountAttributesNtNtNtCs4XIbEUoEM0G_19multiversx_sc_codec6single6top_en9TopEncode24top_encode_or_handle_errQINtNtCshTKFwE22Rw2_5alloc3vec3VechENtNtB18_17codec_err_handler19DefaultErrorHandlerECs1d29URr26xz_5tests
FNDA:127,_RINvXs17_CsfjpYwZHZakN_14common_structsNtB7_20NftAccountAttributesNtNtNtCs4XIbEUoEM0G_19multiversx_sc_codec6single6top_en9TopEncode24top_encode_or_handle_errQINtNtNtNtNtCs8KjcITZNGD6_13multiversx_sc5types7managed5basic14managed_buffer13ManagedBufferINtNtNtNtCshYQIYZlbphp_22multiversx_sc_scenario3api7impl_vh12vm_hooks_api10VMHooksApiNtNtB44_9debug_api15DebugApiBackendEEINtNtNtNtB2H_13contract_base8wrappers10serializer21ExitCodecErrorHandlerB3Z_EECs1d29URr26xz_5tests
FNDA:42,_RINvXs18_CsfjpYwZHZakN_14common_structsNtB7_20NftAccountAttributesNtNtNtCs4XIbEUoEM0G_19multiversx_sc_codec6single6top_de9TopDecode24top_decode_or_handle_errINtNtNtNtNtCs8KjcITZNGD6_13multiversx_sc5types7managed5basic14managed_buffer13ManagedBufferINtNtNtNtCshYQIYZlbphp_22multiversx_sc_scenario3api7impl_vh12vm_hooks_api10VMHooksApiNtNtB43_9debug_api15DebugApiBackendEEINtNtNtNtB2G_13contract_base8wrappers10serializer21ExitCodecErrorHandlerB3Y_EECs1d29URr26xz_5tests
FNDA:9,_RINvXs1B_CsfjpYwZHZakN_14common_structsINtB7_15AccountPositionINtNtNtNtCshYQIYZlbphp_22multiversx_sc_scenario3api7impl_vh12vm_hooks_api10VMHooksApiNtNtB13_9debug_api15DebugApiBackendEENtNtNtNtNtCs8KjcITZNGD6_13multiversx_sc5types7managed7wrapped16managed_vec_item14ManagedVecItem16from_byte_readerNCNvMs2_NtB30_11managed_vecINtB4T_10ManagedVecBY_BB_E7try_get0ECs1d29URr26xz_5tests
FNDA:32,_RINvXs1B_CsfjpYwZHZakN_14common_structsINtB7_15AccountPositionINtNtNtNtCshYQIYZlbphp_22multiversx_sc_scenario3api7impl_vh12vm_hooks_api10VMHooksApiNtNtB13_9debug_api15DebugApiBackendEENtNtNtNtNtCs8KjcITZNGD6_13multiversx_sc5types7managed7wrapped16managed_vec_item14ManagedVecItem16from_byte_readerNCNvXs0_NtB30_22managed_vec_owned_iterINtB4T_23ManagedVecOwnedIteratorBY_BB_ENtNtNtNtCslGS7pEIChKc_4core4iter6traits8iterator8Iterator4next0ECs1d29URr26xz_5tests
FNDA:788,_RINvXs1B_CsfjpYwZHZakN_14common_structsINtB7_15AccountPositionINtNtNtNtCshYQIYZlbphp_22multiversx_sc_scenario3api7impl_vh12vm_hooks_api10VMHooksApiNtNtB13_9debug_api15DebugApiBackendEENtNtNtNtNtCs8KjcITZNGD6_13multiversx_sc5types7managed7wrapped16managed_vec_item14ManagedVecItem16into_byte_writeruNCNvMs2_NtB30_11managed_vecINtB4U_10ManagedVecBY_BB_E4push0ECs1d29URr26xz_5tests
FNDA:9,_RINvXs1B_CsfjpYwZHZakN_14common_structsINtB7_15AccountPositionINtNtNtNtCshYQIYZlbphp_22multiversx_sc_scenario3api7impl_vh12vm_hooks_api10VMHooksApiNtNtB13_9debug_api15DebugApiBackendEENtNtNtNtNtCs8KjcITZNGD6_13multiversx_sc5types7managed7wrapped16managed_vec_item14ManagedVecItem26from_byte_reader_as_borrowNCNvMs2_NtB30_11managed_vecINtB53_10ManagedVecBY_BB_E7try_get0ECs1d29URr26xz_5tests
FNDA:0,_RINvXs1C_CsfjpYwZHZakN_14common_structsINtB7_15AccountPositionINtNtNtNtCshYQIYZlbphp_22multiversx_sc_scenario3api7impl_vh12vm_hooks_api10VMHooksApiNtNtB13_9debug_api15DebugApiBackendEENtNtNtCs4XIbEUoEM0G_19multiversx_sc_codec6single9nested_en12NestedEncode24dep_encode_or_handle_errINtNtNtNtNtNtCs8KjcITZNGD6_13multiversx_sc5types7managed7wrapped7builder22managed_buffer_builder20ManagedBufferBuilderBY_EINtNtNtNtB4J_13contract_base8wrappers10serializer21ExitCodecErrorHandlerBY_EECs1d29URr26xz_5tests
FNDA:878,_RINvXs1E_CsfjpYwZHZakN_14common_structsINtB7_15AccountPositionINtNtNtNtCshYQIYZlbphp_22multiversx_sc_scenario3api7impl_vh12vm_hooks_api10VMHooksApiNtNtB13_9debug_api15DebugApiBackendEENtNtNtCs4XIbEUoEM0G_19multiversx_sc_codec6single6top_en9TopEncode24top_encode_or_handle_errINtNtNtCs8KjcITZNGD6_13multiversx_sc2io6finish16ApiOutputAdapterBY_EINtNtNtNtB4w_13contract_base8wrappers10serializer21ExitCodecErrorHandlerBY_EECs1d29URr26xz_5tests
FNDA:869,_RINvXs1E_CsfjpYwZHZakN_14common_structsINtB7_15AccountPositionINtNtNtNtCshYQIYZlbphp_22multiversx_sc_scenario3api7impl_vh12vm_hooks_api10VMHooksApiNtNtB13_9debug_api15DebugApiBackendEENtNtNtCs4XIbEUoEM0G_19multiversx_sc_codec6single6top_en9TopEncode24top_encode_or_handle_errINtNtNtCs8KjcITZNGD6_13multiversx_sc7storage11storage_set16StorageSetOutputBY_EINtNtNtNtB4w_13contract_base8wrappers10serializer21ExitCodecErrorHandlerBY_EECs1d29URr26xz_5tests
FNDA:1708,_RINvXs1E_CsfjpYwZHZakN_14common_structsINtB7_15AccountPositionINtNtNtNtCshYQIYZlbphp_22multiversx_sc_scenario3api7impl_vh12vm_hooks_api10VMHooksApiNtNtB13_9debug_api15DebugApiBackendEENtNtNtCs4XIbEUoEM0G_19multiversx_sc_codec6single6top_en9TopEncode24top_encode_or_handle_errQINtNtNtNtNtCs8KjcITZNGD6_13multiversx_sc5types7managed5basic14managed_buffer13ManagedBufferBY_EINtNtNtNtB4B_13contract_base8wrappers10serializer21ExitCodecErrorHandlerBY_EECs1d29URr26xz_5tests
FNDA:878,_RINvXs1F_CsfjpYwZHZakN_14common_structsINtB7_15AccountPositionINtNtNtNtCshYQIYZlbphp_22multiversx_sc_scenario3api7impl_vh12vm_hooks_api10VMHooksApiNtNtB13_9debug_api15DebugApiBackendEENtNtNtCs4XIbEUoEM0G_19multiversx_sc_codec6single6top_de9TopDecode24top_decode_or_handle_errINtNtNtCs8KjcITZNGD6_13multiversx_sc2io12arg_de_input14ArgDecodeInputBY_EINtNtB4u_17arg_error_handler15ArgErrorHandlerBY_EECs1d29URr26xz_5tests
FNDA:1660,_RINvXs1F_CsfjpYwZHZakN_14common_structsINtB7_15AccountPositionINtNtNtNtCshYQIYZlbphp_22multiversx_sc_scenario3api7impl_vh12vm_hooks_api10VMHooksApiNtNtB13_9debug_api15DebugApiBackendEENtNtNtCs4XIbEUoEM0G_19multiversx_sc_codec6single6top_de9TopDecode24top_decode_or_handle_errINtNtNtCs8KjcITZNGD6_13multiversx_sc7storage11storage_get15StorageGetInputBY_EINtB4s_22StorageGetErrorHandlerBY_EECs1d29URr26xz_5tests
FNDA:878,_RINvXs1F_CsfjpYwZHZakN_14common_structsINtB7_15AccountPositionINtNtNtNtCshYQIYZlbphp_22multiversx_sc_scenario3api7impl_vh12vm_hooks_api10VMHooksApiNtNtB13_9debug_api15DebugApiBackendEENtNtNtCs4XIbEUoEM0G_19multiversx_sc_codec6single6top_de9TopDecode24top_decode_or_handle_errINtNtNtNtNtCs8KjcITZNGD6_13multiversx_sc5types7managed5basic14managed_buffer13ManagedBufferBY_EINtNtNtB4A_2io17arg_error_handler15ArgErrorHandlerBY_EECs1d29URr26xz_5tests
FNDA:9,_RINvXs1K_CsfjpYwZHZakN_14common_structsNtB7_19AccountPositionTypeNtNtNtNtNtCs8KjcITZNGD6_13multiversx_sc5types7managed7wrapped16managed_vec_item14ManagedVecItem16from_byte_readerNCINvXs1B_B7_INtB7_15AccountPositionINtNtNtNtCshYQIYZlbphp_22multiversx_sc_scenario3api7impl_vh12vm_hooks_api10VMHooksApiNtNtB3v_9debug_api15DebugApiBackendEEB11_16from_byte_readerNCNvMs2_NtB15_11managed_vecINtB5S_10ManagedVecB3q_B33_E7try_get0E0ECs1d29URr26xz_5tests
FNDA:32,_RINvXs1K_CsfjpYwZHZakN_14common_structsNtB7_19AccountPositionTypeNtNtNtNtNtCs8KjcITZNGD6_13multiversx_sc5types7managed7wrapped16managed_vec_item14ManagedVecItem16from_byte_readerNCINvXs1B_B7_INtB7_15AccountPositionINtNtNtNtCshYQIYZlbphp_22multiversx_sc_scenario3api7impl_vh12vm_hooks_api10VMHooksApiNtNtB3v_9debug_api15DebugApiBackendEEB11_16from_byte_readerNCNvXs0_NtB15_22managed_vec_owned_iterINtB5S_23ManagedVecOwnedIteratorB3q_B33_ENtNtNtNtCslGS7pEIChKc_4core4iter6traits8iterator8Iterator4next0E0ECs1d29URr26xz_5tests
FNDA:788,_RINvXs1K_CsfjpYwZHZakN_14common_structsNtB7_19AccountPositionTypeNtNtNtNtNtCs8KjcITZNGD6_13multiversx_sc5types7managed7wrapped16managed_vec_item14ManagedVecItem16into_byte_writeruNCINvXs1B_B7_INtB7_15AccountPositionINtNtNtNtCshYQIYZlbphp_22multiversx_sc_scenario3api7impl_vh12vm_hooks_api10VMHooksApiNtNtB3w_9debug_api15DebugApiBackendEEB11_16into_byte_writeruNCNvMs2_NtB15_11managed_vecINtB5U_10ManagedVecB3r_B34_E4push0E0ECs1d29URr26xz_5tests
FNDA:1708,_RINvXs1L_CsfjpYwZHZakN_14common_structsNtB7_19AccountPositionTypeNtNtNtCs4XIbEUoEM0G_19multiversx_sc_codec6single9nested_en12NestedEncode24dep_encode_or_handle_errINtNtNtNtNtCs8KjcITZNGD6_13multiversx_sc5types7managed5basic14managed_buffer13ManagedBufferINtNtNtNtCshYQIYZlbphp_22multiversx_sc_scenario3api7impl_vh12vm_hooks_api10VMHooksApiNtNtB49_9debug_api15DebugApiBackendEEINtNtNtNtB2M_13contract_base8wrappers10serializer21ExitCodecErrorHandlerB44_EECs1d29URr26xz_5tests
FNDA:1747,_RINvXs1L_CsfjpYwZHZakN_14common_structsNtB7_19AccountPositionTypeNtNtNtCs4XIbEUoEM0G_19multiversx_sc_codec6single9nested_en12NestedEncode24dep_encode_or_handle_errINtNtNtNtNtNtCs8KjcITZNGD6_13multiversx_sc5types7managed7wrapped7builder22managed_buffer_builder20ManagedBufferBuilderINtNtNtNtCshYQIYZlbphp_22multiversx_sc_scenario3api7impl_vh12vm_hooks_api10VMHooksApiNtNtB4A_9debug_api15DebugApiBackendEEINtNtNtNtB2O_13contract_base8wrappers10serializer21ExitCodecErrorHandlerB4v_EECs1d29URr26xz_5tests
FNDA:1756,_RINvXs1M_CsfjpYwZHZakN_14common_structsNtB7_19AccountPositionTypeNtNtNtCs4XIbEUoEM0G_19multiversx_sc_codec6single9nested_de12NestedDecode24dep_decode_or_handle_errINtNtNtNtNtCs8KjcITZNGD6_13multiversx_sc5types7managed10codec_util30managed_buffer_nested_de_input30ManagedBufferNestedDecodeInputINtNtNtNtCshYQIYZlbphp_22multiversx_sc_scenario3api7impl_vh12vm_hooks_api10VMHooksApiNtNtB4M_9debug_api15DebugApiBackendEEINtNtNtB2M_2io17arg_error_handler15ArgErrorHandlerB4H_EECs1d29URr26xz_5tests
FNDA:1660,_RINvXs1M_CsfjpYwZHZakN_14common_structsNtB7_19AccountPositionTypeNtNtNtCs4XIbEUoEM0G_19multiversx_sc_codec6single9nested_de12NestedDecode24dep_decode_or_handle_errINtNtNtNtNtCs8KjcITZNGD6_13multiversx_sc5types7managed10codec_util30managed_buffer_nested_de_input30ManagedBufferNestedDecodeInputINtNtNtNtCshYQIYZlbphp_22multiversx_sc_scenario3api7impl_vh12vm_hooks_api10VMHooksApiNtNtB4M_9debug_api15DebugApiBackendEEINtNtNtB2M_7storage11storage_get22StorageGetErrorHandlerB4H_EECs1d29URr26xz_5tests
FNDA:0,_RINvXs1e_CsfjpYwZHZakN_14common_structsNtB7_16EModeAssetConfigNtNtNtCs4XIbEUoEM0G_19multiversx_sc_codec6single6top_en9TopEncode24top_encode_or_handle_errINtNtNtCs8KjcITZNGD6_13multiversx_sc2io6finish16ApiOutputAdapterINtNtNtNtCshYQIYZlbphp_22multiversx_sc_scenario3api7impl_vh12vm_hooks_api10VMHooksApiNtNtB3y_9debug_api15DebugApiBackendEEINtNtNtNtB2y_13contract_base8wrappers10serializer21ExitCodecErrorHandlerB3t_EECs1d29URr26xz_5tests
FNDA:120,_RINvXs1e_CsfjpYwZHZakN_14common_structsNtB7_16EModeAssetConfigNtNtNtCs4XIbEUoEM0G_19multiversx_sc_codec6single6top_en9TopEncode24top_encode_or_handle_errINtNtNtCs8KjcITZNGD6_13multiversx_sc7storage11storage_set16StorageSetOutputINtNtNtNtCshYQIYZlbphp_22multiversx_sc_scenario3api7impl_vh12vm_hooks_api10VMHooksApiNtNtB3J_9debug_api15DebugApiBackendEEINtNtNtNtB2y_13contract_base8wrappers10serializer21ExitCodecErrorHandlerB3E_EECs1d29URr26xz_5tests
FNDA:120,_RINvXs1e_CsfjpYwZHZakN_14common_structsNtB7_16EModeAssetConfigNtNtNtCs4XIbEUoEM0G_19multiversx_sc_codec6single6top_en9TopEncode24top_encode_or_handle_errQINtNtNtNtNtCs8KjcITZNGD6_13multiversx_sc5types7managed5basic14managed_buffer13ManagedBufferINtNtNtNtCshYQIYZlbphp_22multiversx_sc_scenario3api7impl_vh12vm_hooks_api10VMHooksApiNtNtB40_9debug_api15DebugApiBackendEEINtNtNtNtB2D_13contract_base8wrappers10serializer21ExitCodecErrorHandlerB3V_EECs1d29URr26xz_5tests
FNDA:0,_RINvXs1f_CsfjpYwZHZakN_14common_structsNtB7_16EModeAssetConfigNtNtNtCs4XIbEUoEM0G_19multiversx_sc_codec6single6top_de9TopDecode24top_decode_or_handle_errINtNtNtCs8KjcITZNGD6_13multiversx_sc2io12arg_de_input14ArgDecodeInputINtNtNtNtCshYQIYZlbphp_22multiversx_sc_scenario3api7impl_vh12vm_hooks_api10VMHooksApiNtNtB3D_9debug_api15DebugApiBackendEEINtNtB2w_17arg_error_handler15ArgErrorHandlerB3y_EECs1d29URr26xz_5tests
FNDA:8,_RINvXs1f_CsfjpYwZHZakN_14common_structsNtB7_16EModeAssetConfigNtNtNtCs4XIbEUoEM0G_19multiversx_sc_codec6single6top_de9TopDecode24top_decode_or_handle_errINtNtNtCs8KjcITZNGD6_13multiversx_sc7storage11storage_get15StorageGetInputINtNtNtNtCshYQIYZlbphp_22multiversx_sc_scenario3api7impl_vh12vm_hooks_api10VMHooksApiNtNtB3I_9debug_api15DebugApiBackendEEINtB2u_22StorageGetErrorHandlerB3D_EECs1d29URr26xz_5tests
FNDA:0,_RINvXs1m_CsfjpYwZHZakN_14common_structsINtB7_13EModeCategoryINtNtNtNtCshYQIYZlbphp_22multiversx_sc_scenario3api7impl_vh12vm_hooks_api10VMHooksApiNtNtB11_9debug_api15DebugApiBackendEENtNtNtCs4XIbEUoEM0G_19multiversx_sc_codec6single6top_en9TopEncode24top_encode_or_handle_errINtNtNtCs8KjcITZNGD6_13multiversx_sc2io6finish16ApiOutputAdapterBW_EINtNtNtNtB4u_13contract_base8wrappers10serializer21ExitCodecErrorHandlerBW_EECs1d29URr26xz_5tests
FNDA:30,_RINvXs1m_CsfjpYwZHZakN_14common_structsINtB7_13EModeCategoryINtNtNtNtCshYQIYZlbphp_22multiversx_sc_scenario3api7impl_vh12vm_hooks_api10VMHooksApiNtNtB11_9debug_api15DebugApiBackendEENtNtNtCs4XIbEUoEM0G_19multiversx_sc_codec6single6top_en9TopEncode24top_encode_or_handle_errINtNtNtCs8KjcITZNGD6_13multiversx_sc7storage11storage_set16StorageSetOutputBW_EINtNtNtNtB4u_13contract_base8wrappers10serializer21ExitCodecErrorHandlerBW_EECs1d29URr26xz_5tests
FNDA:30,_RINvXs1m_CsfjpYwZHZakN_14common_structsINtB7_13EModeCategoryINtNtNtNtCshYQIYZlbphp_22multiversx_sc_scenario3api7impl_vh12vm_hooks_api10VMHooksApiNtNtB11_9debug_api15DebugApiBackendEENtNtNtCs4XIbEUoEM0G_19multiversx_sc_codec6single6top_en9TopEncode24top_encode_or_handle_errQINtNtNtNtNtCs8KjcITZNGD6_13multiversx_sc5types7managed5basic14managed_buffer13ManagedBufferBW_EINtNtNtNtB4z_13contract_base8wrappers10serializer21ExitCodecErrorHandlerBW_EECs1d29URr26xz_5tests
FNDA:0,_RINvXs1n_CsfjpYwZHZakN_14common_structsINtB7_13EModeCategoryINtNtNtNtCshYQIYZlbphp_22multiversx_sc_scenario3api7impl_vh12vm_hooks_api10VMHooksApiNtNtB11_9debug_api15DebugApiBackendEENtNtNtCs4XIbEUoEM0G_19multiversx_sc_codec6single6top_de9TopDecode24top_decode_or_handle_errINtNtNtCs8KjcITZNGD6_13multiversx_sc2io12arg_de_input14ArgDecodeInputBW_EINtNtB4s_17arg_error_handler15ArgErrorHandlerBW_EECs1d29URr26xz_5tests
FNDA:8,_RINvXs1n_CsfjpYwZHZakN_14common_structsINtB7_13EModeCategoryINtNtNtNtCshYQIYZlbphp_22multiversx_sc_scenario3api7impl_vh12vm_hooks_api10VMHooksApiNtNtB11_9debug_api15DebugApiBackendEENtNtNtCs4XIbEUoEM0G_19multiversx_sc_codec6single6top_de9TopDecode24top_decode_or_handle_errINtNtNtCs8KjcITZNGD6_13multiversx_sc7storage11storage_get15StorageGetInputBW_EINtB4q_22StorageGetErrorHandlerBW_EECs1d29URr26xz_5tests
FNDA:0,_RINvXs1u_CsfjpYwZHZakN_14common_structsINtB7_11AssetConfigINtNtNtNtCshYQIYZlbphp_22multiversx_sc_scenario3api7impl_vh12vm_hooks_api10VMHooksApiNtNtBZ_9debug_api15DebugApiBackendEENtNtNtCs4XIbEUoEM0G_19multiversx_sc_codec6single6top_en9TopEncode24top_encode_or_handle_errINtNtNtCs8KjcITZNGD6_13multiversx_sc2io6finish16ApiOutputAdapterBU_EINtNtNtNtB4r_13contract_base8wrappers10serializer21ExitCodecErrorHandlerBU_EECs1d29URr26xz_5tests
FNDA:360,_RINvXs1u_CsfjpYwZHZakN_14common_structsINtB7_11AssetConfigINtNtNtNtCshYQIYZlbphp_22multiversx_sc_scenario3api7impl_vh12vm_hooks_api10VMHooksApiNtNtBZ_9debug_api15DebugApiBackendEENtNtNtCs4XIbEUoEM0G_19multiversx_sc_codec6single6top_en9TopEncode24top_encode_or_handle_errINtNtNtCs8KjcITZNGD6_13multiversx_sc7storage11storage_set16StorageSetOutputBU_EINtNtNtNtB4r_13contract_base8wrappers10serializer21ExitCodecErrorHandlerBU_EECs1d29URr26xz_5tests
FNDA:360,_RINvXs1u_CsfjpYwZHZakN_14common_structsINtB7_11AssetConfigINtNtNtNtCshYQIYZlbphp_22multiversx_sc_scenario3api7impl_vh12vm_hooks_api10VMHooksApiNtNtBZ_9debug_api15DebugApiBackendEENtNtNtCs4XIbEUoEM0G_19multiversx_sc_codec6single6top_en9TopEncode24top_encode_or_handle_errQINtNtNtNtNtCs8KjcITZNGD6_13multiversx_sc5types7managed5basic14managed_buffer13ManagedBufferBU_EINtNtNtNtB4w_13contract_base8wrappers10serializer21ExitCodecErrorHandlerBU_EECs1d29URr26xz_5tests
FNDA:251,_RINvXs1v_CsfjpYwZHZakN_14common_structsINtB7_11AssetConfigINtNtNtNtCshYQIYZlbphp_22multiversx_sc_scenario3api7impl_vh12vm_hooks_api10VMHooksApiNtNtBZ_9debug_api15DebugApiBackendEENtNtNtCs4XIbEUoEM0G_19multiversx_sc_codec6single6top_de9TopDecode24top_decode_or_handle_errINtNtNtCs8KjcITZNGD6_13multiversx_sc7storage11storage_get15StorageGetInputBU_EINtB4n_22StorageGetErrorHandlerBU_EECs1d29URr26xz_5tests
FNDA:0,_RINvXs24_CsfjpYwZHZakN_14common_structsINtB7_10PoolParamsINtNtNtNtCshYQIYZlbphp_22multiversx_sc_scenario3api7impl_vh12vm_hooks_api10VMHooksApiNtNtBY_9debug_api15DebugApiBackendEENtNtNtCs4XIbEUoEM0G_19multiversx_sc_codec6single6top_en9TopEncode24top_encode_or_handle_errINtNtNtCs8KjcITZNGD6_13multiversx_sc2io6finish16ApiOutputAdapterBT_EINtNtNtNtB4q_13contract_base8wrappers10serializer21ExitCodecErrorHandlerBT_EECs1d29URr26xz_5tests
FNDA:270,_RINvXs24_CsfjpYwZHZakN_14common_structsINtB7_10PoolParamsINtNtNtNtCshYQIYZlbphp_22multiversx_sc_scenario3api7impl_vh12vm_hooks_api10VMHooksApiNtNtBY_9debug_api15DebugApiBackendEENtNtNtCs4XIbEUoEM0G_19multiversx_sc_codec6single6top_en9TopEncode24top_encode_or_handle_errINtNtNtCs8KjcITZNGD6_13multiversx_sc7storage11storage_set16StorageSetOutputBT_EINtNtNtNtB4q_13contract_base8wrappers10serializer21ExitCodecErrorHandlerBT_EECs1d29URr26xz_5tests
FNDA:882,_RINvXs25_CsfjpYwZHZakN_14common_structsINtB7_10PoolParamsINtNtNtNtCshYQIYZlbphp_22multiversx_sc_scenario3api7impl_vh12vm_hooks_api10VMHooksApiNtNtBY_9debug_api15DebugApiBackendEENtNtNtCs4XIbEUoEM0G_19multiversx_sc_codec6single6top_de9TopDecode24top_decode_or_handle_errINtNtNtCs8KjcITZNGD6_13multiversx_sc7storage11storage_get15StorageGetInputBT_EINtB4m_22StorageGetErrorHandlerBT_EECs1d29URr26xz_5tests
FNDA:300,_RINvXs5_CsfjpYwZHZakN_14common_structsINtB6_22OraclePriceFluctuationINtNtNtNtCshYQIYZlbphp_22multiversx_sc_scenario3api7impl_vh12vm_hooks_api10VMHooksApiNtNtB19_9debug_api15DebugApiBackendEENtNtNtCs4XIbEUoEM0G_19multiversx_sc_codec6single9nested_en12NestedEncode24dep_encode_or_handle_errINtNtNtNtNtNtCs8KjcITZNGD6_13multiversx_sc5types7managed7wrapped7builder22managed_buffer_builder20ManagedBufferBuilderB14_EINtNtNtNtB4P_13contract_base8wrappers10serializer21ExitCodecErrorHandlerB14_EECs1d29URr26xz_5tests
FNDA:2004,_RINvXs6_CsfjpYwZHZakN_14common_structsINtB6_22OraclePriceFluctuationINtNtNtNtCshYQIYZlbphp_22multiversx_sc_scenario3api7impl_vh12vm_hooks_api10VMHooksApiNtNtB19_9debug_api15DebugApiBackendEENtNtNtCs4XIbEUoEM0G_19multiversx_sc_codec6single9nested_de12NestedDecode24dep_decode_or_handle_errINtNtNtNtNtCs8KjcITZNGD6_13multiversx_sc5types7managed10codec_util30managed_buffer_nested_de_input30ManagedBufferNestedDecodeInputB14_EINtNtNtB4N_7storage11storage_get22StorageGetErrorHandlerB14_EECs1d29URr26xz_5tests
FNDA:300,_RINvXsH_CsfjpYwZHZakN_14common_structsNtB6_13PricingMethodNtNtNtCs4XIbEUoEM0G_19multiversx_sc_codec6single9nested_en12NestedEncode24dep_encode_or_handle_errINtNtNtNtNtNtCs8KjcITZNGD6_13multiversx_sc5types7managed7wrapped7builder22managed_buffer_builder20ManagedBufferBuilderINtNtNtNtCshYQIYZlbphp_22multiversx_sc_scenario3api7impl_vh12vm_hooks_api10VMHooksApiNtNtB4t_9debug_api15DebugApiBackendEEINtNtNtNtB2H_13contract_base8wrappers10serializer21ExitCodecErrorHandlerB4o_EECs1d29URr26xz_5tests
FNDA:2004,_RINvXsI_CsfjpYwZHZakN_14common_structsNtB6_13PricingMethodNtNtNtCs4XIbEUoEM0G_19multiversx_sc_codec6single9nested_de12NestedDecode24dep_decode_or_handle_errINtNtNtNtNtCs8KjcITZNGD6_13multiversx_sc5types7managed10codec_util30managed_buffer_nested_de_input30ManagedBufferNestedDecodeInputINtNtNtNtCshYQIYZlbphp_22multiversx_sc_scenario3api7impl_vh12vm_hooks_api10VMHooksApiNtNtB4F_9debug_api15DebugApiBackendEEINtNtNtB2F_7storage11storage_get22StorageGetErrorHandlerB4A_EECs1d29URr26xz_5tests
FNDA:300,_RINvXsJ_CsfjpYwZHZakN_14common_structsNtB6_13PricingMethodNtNtNtCs4XIbEUoEM0G_19multiversx_sc_codec6single6top_en9TopEncode24top_encode_or_handle_errQINtNtNtNtNtCs8KjcITZNGD6_13multiversx_sc5types7managed5basic14managed_buffer13ManagedBufferINtNtNtNtCshYQIYZlbphp_22multiversx_sc_scenario3api7impl_vh12vm_hooks_api10VMHooksApiNtNtB3W_10static_api16StaticApiBackendEEINtNtNtNtB2z_13contract_base8wrappers10serializer21ExitCodecErrorHandlerB3R_EECs1d29URr26xz_5tests
FNDA:300,_RINvXsK_CsfjpYwZHZakN_14common_structsNtB6_13PricingMethodNtNtNtCs4XIbEUoEM0G_19multiversx_sc_codec6single6top_de9TopDecode24top_decode_or_handle_errINtNtNtCs8KjcITZNGD6_13multiversx_sc2io12arg_de_input14ArgDecodeInputINtNtNtNtCshYQIYZlbphp_22multiversx_sc_scenario3api7impl_vh12vm_hooks_api10VMHooksApiNtNtB3z_9debug_api15DebugApiBackendEEINtNtB2s_17arg_error_handler15ArgErrorHandlerB3u_EECs1d29URr26xz_5tests
FNDA:62,_RINvXsS_CsfjpYwZHZakN_14common_structsINtB6_25EgldOrEsdtTokenPaymentNewINtNtNtNtCshYQIYZlbphp_22multiversx_sc_scenario3api7impl_vh12vm_hooks_api10VMHooksApiNtNtB1c_9debug_api15DebugApiBackendEENtNtNtNtNtCs8KjcITZNGD6_13multiversx_sc5types7managed7wrapped16managed_vec_item14ManagedVecItem16from_byte_readerNCNvMs2_NtB39_11managed_vecINtB52_10ManagedVecB17_BA_E7try_get0ECs1d29URr26xz_5tests
FNDA:65,_RINvXsS_CsfjpYwZHZakN_14common_structsINtB6_25EgldOrEsdtTokenPaymentNewINtNtNtNtCshYQIYZlbphp_22multiversx_sc_scenario3api7impl_vh12vm_hooks_api10VMHooksApiNtNtB1c_9debug_api15DebugApiBackendEENtNtNtNtNtCs8KjcITZNGD6_13multiversx_sc5types7managed7wrapped16managed_vec_item14ManagedVecItem16into_byte_writeruNCNvMs2_NtB39_11managed_vecINtB53_10ManagedVecB17_BA_E4push0ECs1d29URr26xz_5tests
FNDA:62,_RINvXsS_CsfjpYwZHZakN_14common_structsINtB6_25EgldOrEsdtTokenPaymentNewINtNtNtNtCshYQIYZlbphp_22multiversx_sc_scenario3api7impl_vh12vm_hooks_api10VMHooksApiNtNtB1c_9debug_api15DebugApiBackendEENtNtNtNtNtCs8KjcITZNGD6_13multiversx_sc5types7managed7wrapped16managed_vec_item14ManagedVecItem26from_byte_reader_as_borrowNCNvMs2_NtB39_11managed_vecINtB5c_10ManagedVecB17_BA_E7try_get0ECs1d29URr26xz_5tests
FNDA:0,_RINvXsb_CsfjpYwZHZakN_14common_structsINtB6_14OracleProviderINtNtNtNtCshYQIYZlbphp_22multiversx_sc_scenario3api7impl_vh12vm_hooks_api10VMHooksApiNtNtB11_9debug_api15DebugApiBackendEENtNtNtCs4XIbEUoEM0G_19multiversx_sc_codec6single6top_en9TopEncode24top_encode_or_handle_errINtNtNtCs8KjcITZNGD6_13multiversx_sc2io6finish16ApiOutputAdapterBW_EINtNtNtNtB4u_13contract_base8wrappers10serializer21ExitCodecErrorHandlerBW_EECs1d29URr26xz_5tests
FNDA:300,_RINvXsb_CsfjpYwZHZakN_14common_structsINtB6_14OracleProviderINtNtNtNtCshYQIYZlbphp_22multiversx_sc_scenario3api7impl_vh12vm_hooks_api10VMHooksApiNtNtB11_9debug_api15DebugApiBackendEENtNtNtCs4XIbEUoEM0G_19multiversx_sc_codec6single6top_en9TopEncode24top_encode_or_handle_errINtNtNtCs8KjcITZNGD6_13multiversx_sc7storage11storage_set16StorageSetOutputBW_EINtNtNtNtB4u_13contract_base8wrappers10serializer21ExitCodecErrorHandlerBW_EECs1d29URr26xz_5tests
FNDA:2004,_RINvXsc_CsfjpYwZHZakN_14common_structsINtB6_14OracleProviderINtNtNtNtCshYQIYZlbphp_22multiversx_sc_scenario3api7impl_vh12vm_hooks_api10VMHooksApiNtNtB11_9debug_api15DebugApiBackendEENtNtNtCs4XIbEUoEM0G_19multiversx_sc_codec6single6top_de9TopDecode24top_decode_or_handle_errINtNtNtCs8KjcITZNGD6_13multiversx_sc7storage11storage_get15StorageGetInputBW_EINtB4q_22StorageGetErrorHandlerBW_EECs1d29URr26xz_5tests
FNDA:300,_RINvXsj_CsfjpYwZHZakN_14common_structsNtB6_14ExchangeSourceNtNtNtCs4XIbEUoEM0G_19multiversx_sc_codec6single9nested_en12NestedEncode24dep_encode_or_handle_errINtNtNtNtNtNtCs8KjcITZNGD6_13multiversx_sc5types7managed7wrapped7builder22managed_buffer_builder20ManagedBufferBuilderINtNtNtNtCshYQIYZlbphp_22multiversx_sc_scenario3api7impl_vh12vm_hooks_api10VMHooksApiNtNtB4u_9debug_api15DebugApiBackendEEINtNtNtNtB2I_13contract_base8wrappers10serializer21ExitCodecErrorHandlerB4p_EECs1d29URr26xz_5tests
FNDA:2004,_RINvXsk_CsfjpYwZHZakN_14common_structsNtB6_14ExchangeSourceNtNtNtCs4XIbEUoEM0G_19multiversx_sc_codec6single9nested_de12NestedDecode24dep_decode_or_handle_errINtNtNtNtNtCs8KjcITZNGD6_13multiversx_sc5types7managed10codec_util30managed_buffer_nested_de_input30ManagedBufferNestedDecodeInputINtNtNtNtCshYQIYZlbphp_22multiversx_sc_scenario3api7impl_vh12vm_hooks_api10VMHooksApiNtNtB4G_9debug_api15DebugApiBackendEEINtNtNtB2G_7storage11storage_get22StorageGetErrorHandlerB4B_EECs1d29URr26xz_5tests
FNDA:300,_RINvXsl_CsfjpYwZHZakN_14common_structsNtB6_14ExchangeSourceNtNtNtCs4XIbEUoEM0G_19multiversx_sc_codec6single6top_en9TopEncode24top_encode_or_handle_errQINtNtNtNtNtCs8KjcITZNGD6_13multiversx_sc5types7managed5basic14managed_buffer13ManagedBufferINtNtNtNtCshYQIYZlbphp_22multiversx_sc_scenario3api7impl_vh12vm_hooks_api10VMHooksApiNtNtB3X_10static_api16StaticApiBackendEEINtNtNtNtB2A_13contract_base8wrappers10serializer21ExitCodecErrorHandlerB3S_EECs1d29URr26xz_5tests
FNDA:300,_RINvXsm_CsfjpYwZHZakN_14common_structsNtB6_14ExchangeSourceNtNtNtCs4XIbEUoEM0G_19multiversx_sc_codec6single6top_de9TopDecode24top_decode_or_handle_errINtNtNtCs8KjcITZNGD6_13multiversx_sc2io12arg_de_input14ArgDecodeInputINtNtNtNtCshYQIYZlbphp_22multiversx_sc_scenario3api7impl_vh12vm_hooks_api10VMHooksApiNtNtB3A_9debug_api15DebugApiBackendEEINtNtB2t_17arg_error_handler15ArgErrorHandlerB3v_EECs1d29URr26xz_5tests
FNDA:300,_RINvXsv_CsfjpYwZHZakN_14common_structsNtB6_10OracleTypeNtNtNtCs4XIbEUoEM0G_19multiversx_sc_codec6single9nested_en12NestedEncode24dep_encode_or_handle_errINtNtNtNtNtNtCs8KjcITZNGD6_13multiversx_sc5types7managed7wrapped7builder22managed_buffer_builder20ManagedBufferBuilderINtNtNtNtCshYQIYZlbphp_22multiversx_sc_scenario3api7impl_vh12vm_hooks_api10VMHooksApiNtNtB4q_9debug_api15DebugApiBackendEEINtNtNtNtB2E_13contract_base8wrappers10serializer21ExitCodecErrorHandlerB4l_EECs1d29URr26xz_5tests
[...]
FNDA:480,_RINvXs3_NtCshE9pOiH1lGE_16price_aggregator7structsINtB6_9TokenPairINtNtNtNtCshYQIYZlbphp_22multiversx_sc_scenario3api7impl_vh12vm_hooks_api10VMHooksApiNtNtB17_9debug_api15DebugApiBackendEENtNtNtCs4XIbEUoEM0G_19multiversx_sc_codec6single6top_en9TopEncode24top_encode_or_handle_errINtNtNtCs8KjcITZNGD6_13multiversx_sc7storage11storage_set16StorageSetOutputB12_EINtNtNtNtB4A_13contract_base8wrappers10serializer21ExitCodecErrorHandlerB12_EECs1d29URr26xz_5tests
FNDA:0,_RINvXs4_NtCshE9pOiH1lGE_16price_aggregator7structsINtB6_9TokenPairINtNtNtNtCshYQIYZlbphp_22multiversx_sc_scenario3api7impl_vh12vm_hooks_api10VMHooksApiNtNtB17_9debug_api15DebugApiBackendEENtNtNtCs4XIbEUoEM0G_19multiversx_sc_codec6single6top_de9TopDecode24top_decode_or_handle_errINtNtNtCs8KjcITZNGD6_13multiversx_sc7storage11storage_get15StorageGetInputB12_EINtB4w_22StorageGetErrorHandlerB12_EECs1d29URr26xz_5tests
FNDA:240,_RINvXsB_NtCshE9pOiH1lGE_16price_aggregator7structsINtB6_13NewRoundEventINtNtNtNtCshYQIYZlbphp_22multiversx_sc_scenario3api7impl_vh12vm_hooks_api10VMHooksApiNtNtB1c_9debug_api15DebugApiBackendEENtNtNtCs4XIbEUoEM0G_19multiversx_sc_codec6single6top_en9TopEncode24top_encode_or_handle_errQINtNtNtNtNtCs8KjcITZNGD6_13multiversx_sc5types7managed5basic14managed_buffer13ManagedBufferB17_EINtNtNtNtB4K_13contract_base8wrappers10serializer21ExitCodecErrorHandlerB17_EECs1d29URr26xz_5tests
FNDA:0,_RINvXsF_NtCshE9pOiH1lGE_16price_aggregator7structsNtB6_22DiscardSubmissionEventNtNtNtCs4XIbEUoEM0G_19multiversx_sc_codec6single6top_en9TopEncode24top_encode_or_handle_errQINtNtNtNtNtCs8KjcITZNGD6_13multiversx_sc5types7managed5basic14managed_buffer13ManagedBufferINtNtNtNtCshYQIYZlbphp_22multiversx_sc_scenario3api7impl_vh12vm_hooks_api10VMHooksApiNtNtB4h_9debug_api15DebugApiBackendEEINtNtNtNtB2U_13contract_base8wrappers10serializer21ExitCodecErrorHandlerB4c_EECs1d29URr26xz_5tests
FNDA:2244,_RINvXsb_NtCshE9pOiH1lGE_16price_aggregator7structsINtB6_9PriceFeedINtNtNtNtCshYQIYZlbphp_22multiversx_sc_scenario3api7impl_vh12vm_hooks_api10VMHooksApiNtNtB17_9debug_api15DebugApiBackendEENtNtNtCs4XIbEUoEM0G_19multiversx_sc_codec6single6top_en9TopEncode24top_encode_or_handle_errINtNtNtCs8KjcITZNGD6_13multiversx_sc2io6finish16ApiOutputAdapterB12_EINtNtNtNtB4A_13contract_base8wrappers10serializer21ExitCodecErrorHandlerB12_EECs1d29URr26xz_5tests
FNDA:0,_RINvXsb_NtCshE9pOiH1lGE_16price_aggregator7structsINtB6_9PriceFeedINtNtNtNtCshYQIYZlbphp_22multiversx_sc_scenario3api7impl_vh12vm_hooks_api10VMHooksApiNtNtB17_9debug_api15DebugApiBackendEENtNtNtCs4XIbEUoEM0G_19multiversx_sc_codec6single6top_en9TopEncode24top_encode_or_handle_errQINtNtNtNtNtCs8KjcITZNGD6_13multiversx_sc5types7managed5basic14managed_buffer13ManagedBufferB12_EINtNtNtNtB4F_13contract_base8wrappers10serializer21ExitCodecErrorHandlerB12_EECs1d29URr26xz_5tests
FNDA:240,_RINvXsh_NtCshE9pOiH1lGE_16price_aggregator7structsINtB6_16TimestampedPriceINtNtNtNtCshYQIYZlbphp_22multiversx_sc_scenario3api7impl_vh12vm_hooks_api10VMHooksApiNtNtB1f_9debug_api15DebugApiBackendEENtNtNtCs4XIbEUoEM0G_19multiversx_sc_codec6single6top_en9TopEncode24top_encode_or_handle_errINtNtNtCs8KjcITZNGD6_13multiversx_sc7storage11storage_set16StorageSetOutputB1a_EINtNtNtNtB4I_13contract_base8wrappers10serializer21ExitCodecErrorHandlerB1a_EECs1d29URr26xz_5tests
FNDA:2244,_RINvXsi_NtCshE9pOiH1lGE_16price_aggregator7structsINtB6_16TimestampedPriceINtNtNtNtCshYQIYZlbphp_22multiversx_sc_scenario3api7impl_vh12vm_hooks_api10VMHooksApiNtNtB1f_9debug_api15DebugApiBackendEENtNtNtCs4XIbEUoEM0G_19multiversx_sc_codec6single6top_de9TopDecode24top_decode_or_handle_errINtNtNtCs8KjcITZNGD6_13multiversx_sc7storage11storage_get15StorageGetInputB1a_EINtB4E_22StorageGetErrorHandlerB1a_EECs1d29URr26xz_5tests
FNDA:1080,_RINvXss_NtCshE9pOiH1lGE_16price_aggregator7structsNtB6_12OracleStatusNtNtNtCs4XIbEUoEM0G_19multiversx_sc_codec6single6top_en9TopEncode24top_encode_or_handle_errINtNtNtCs8KjcITZNGD6_13multiversx_sc7storage11storage_set16StorageSetOutputINtNtNtNtCshYQIYZlbphp_22multiversx_sc_scenario3api7impl_vh12vm_hooks_api10VMHooksApiNtNtB3Q_9debug_api15DebugApiBackendEEINtNtNtNtB2F_13contract_base8wrappers10serializer21ExitCodecErrorHandlerB3L_EECs1d29URr26xz_5tests
FNDA:1920,_RINvXst_NtCshE9pOiH1lGE_16price_aggregator7structsNtB6_12OracleStatusNtNtNtCs4XIbEUoEM0G_19multiversx_sc_codec6single6top_de9TopDecode24top_decode_or_handle_errINtNtNtCs8KjcITZNGD6_13multiversx_sc7storage11storage_get15StorageGetInputINtNtNtNtCshYQIYZlbphp_22multiversx_sc_scenario3api7impl_vh12vm_hooks_api10VMHooksApiNtNtB3P_9debug_api15DebugApiBackendEEINtB2B_22StorageGetErrorHandlerB3K_EECs1d29URr26xz_5tests
FNF:10
FNH:8
DA:5,13128
DA:12,2244
DA:23,2244
DA:31,1920
DA:38,240
DA:48,0
BRF:0
BRH:0
LF:10
LH:8
end_of_record
SF:/Users/mihaieremia/GitHub/rs-lending/price-aggregator/src/utils.rs
FN:145,_RNCNvYINtCshE9pOiH1lGE_16price_aggregator11ContractObjINtNtNtNtCshYQIYZlbphp_22multiversx_sc_scenario3api7impl_vh12vm_hooks_api10VMHooksApiNtNtBV_9debug_api15DebugApiBackendEENtNtB7_5utils11UtilsModule16create_new_round0Cs1d29URr26xz_5tests
FN:107,_RNCNvYINtCshE9pOiH1lGE_16price_aggregator11ContractObjINtNtNtNtCshYQIYZlbphp_22multiversx_sc_scenario3api7impl_vh12vm_hooks_api10VMHooksApiNtNtBV_9debug_api15DebugApiBackendEENtNtB7_5utils11UtilsModule16submit_unchecked0Cs1d29URr26xz_5tests
FN:174,_RNvYINtCshE9pOiH1lGE_16price_aggregator11ContractObjINtNtNtNtCshYQIYZlbphp_22multiversx_sc_scenario3api7impl_vh12vm_hooks_api10VMHooksApiNtNtBT_9debug_api15DebugApiBackendEENtNtB5_5utils11UtilsModule14check_decimalsCs1d29URr26xz_5tests
FN:131,_RNvYINtCshE9pOiH1lGE_16price_aggregator11ContractObjINtNtNtNtCshYQIYZlbphp_22multiversx_sc_scenario3api7impl_vh12vm_hooks_api10VMHooksApiNtNtBT_9debug_api15DebugApiBackendEENtNtB5_5utils11UtilsModule16create_new_roundCs1d29URr26xz_5tests
FN:41,_RNvYINtCshE9pOiH1lGE_16price_aggregator11ContractObjINtNtNtNtCshYQIYZlbphp_22multiversx_sc_scenario3api7impl_vh12vm_hooks_api10VMHooksApiNtNtBT_9debug_api15DebugApiBackendEENtNtB5_5utils11UtilsModule16submit_uncheckedCs1d29URr26xz_5tests
FN:166,_RNvYINtCshE9pOiH1lGE_16price_aggregator11ContractObjINtNtNtNtCshYQIYZlbphp_22multiversx_sc_scenario3api7impl_vh12vm_hooks_api10VMHooksApiNtNtBT_9debug_api15DebugApiBackendEENtNtB5_5utils11UtilsModule17clear_submissionsCs1d29URr26xz_5tests
FN:18,_RNvYINtCshE9pOiH1lGE_16price_aggregator11ContractObjINtNtNtNtCshYQIYZlbphp_22multiversx_sc_scenario3api7impl_vh12vm_hooks_api10VMHooksApiNtNtBT_9debug_api15DebugApiBackendEENtNtB5_5utils11UtilsModule17require_is_oracleCs1d29URr26xz_5tests
FN:26,_RNvYINtCshE9pOiH1lGE_16price_aggregator11ContractObjINtNtNtNtCshYQIYZlbphp_22multiversx_sc_scenario3api7impl_vh12vm_hooks_api10VMHooksApiNtNtBT_9debug_api15DebugApiBackendEENtNtB5_5utils11UtilsModule30require_valid_submission_countCs1d29URr26xz_5tests
FN:113,_RNvYINtCshE9pOiH1lGE_16price_aggregator11ContractObjINtNtNtNtCshYQIYZlbphp_22multiversx_sc_scenario3api7impl_vh12vm_hooks_api10VMHooksApiNtNtBT_9debug_api15DebugApiBackendEENtNtB5_5utils11UtilsModule34require_valid_submission_timestampCs1d29URr26xz_5tests
FN:11,_RNvYINtCshE9pOiH1lGE_16price_aggregator11ContractObjINtNtNtNtCshYQIYZlbphp_22multiversx_sc_scenario3api7impl_vh12vm_hooks_api10VMHooksApiNtNtBT_9debug_api15DebugApiBackendEENtNtB5_5utils16EndpointWrappers17callback_selectorCs1d29URr26xz_5tests
FN:11,_RNvYINtCshE9pOiH1lGE_16price_aggregator11ContractObjINtNtNtNtCshYQIYZlbphp_22multiversx_sc_scenario3api7impl_vh12vm_hooks_api10VMHooksApiNtNtBT_9debug_api15DebugApiBackendEENtNtB5_5utils16EndpointWrappers4callCs1d29URr26xz_5tests
FN:11,_RNvYINtCshE9pOiH1lGE_16price_aggregator11ContractObjINtNtNtNtCshYQIYZlbphp_22multiversx_sc_scenario3api7impl_vh12vm_hooks_api10VMHooksApiNtNtBT_9debug_api15DebugApiBackendEENtNtB5_5utils16EndpointWrappers8callbackCs1d29URr26xz_5tests
FNDA:0,_RNCNvYINtCshE9pOiH1lGE_16price_aggregator11ContractObjINtNtNtNtCshYQIYZlbphp_22multiversx_sc_scenario3api7impl_vh12vm_hooks_api10VMHooksApiNtNtBV_9debug_api15DebugApiBackendEENtNtB7_5utils11UtilsModule16create_new_round0Cs1d29URr26xz_5tests
FNDA:960,_RNCNvYINtCshE9pOiH1lGE_16price_aggregator11ContractObjINtNtNtNtCshYQIYZlbphp_22multiversx_sc_scenario3api7impl_vh12vm_hooks_api10VMHooksApiNtNtBV_9debug_api15DebugApiBackendEENtNtB7_5utils11UtilsModule16submit_unchecked0Cs1d29URr26xz_5tests
FNDA:960,_RNvYINtCshE9pOiH1lGE_16price_aggregator11ContractObjINtNtNtNtCshYQIYZlbphp_22multiversx_sc_scenario3api7impl_vh12vm_hooks_api10VMHooksApiNtNtBT_9debug_api15DebugApiBackendEENtNtB5_5utils11UtilsModule14check_decimalsCs1d29URr26xz_5tests
FNDA:960,_RNvYINtCshE9pOiH1lGE_16price_aggregator11ContractObjINtNtNtNtCshYQIYZlbphp_22multiversx_sc_scenario3api7impl_vh12vm_hooks_api10VMHooksApiNtNtBT_9debug_api15DebugApiBackendEENtNtB5_5utils11UtilsModule16create_new_roundCs1d29URr26xz_5tests
FNDA:960,_RNvYINtCshE9pOiH1lGE_16price_aggregator11ContractObjINtNtNtNtCshYQIYZlbphp_22multiversx_sc_scenario3api7impl_vh12vm_hooks_api10VMHooksApiNtNtBT_9debug_api15DebugApiBackendEENtNtB5_5utils11UtilsModule16submit_uncheckedCs1d29URr26xz_5tests
FNDA:240,_RNvYINtCshE9pOiH1lGE_16price_aggregator11ContractObjINtNtNtNtCshYQIYZlbphp_22multiversx_sc_scenario3api7impl_vh12vm_hooks_api10VMHooksApiNtNtBT_9debug_api15DebugApiBackendEENtNtB5_5utils11UtilsModule17clear_submissionsCs1d29URr26xz_5tests
FNDA:960,_RNvYINtCshE9pOiH1lGE_16price_aggregator11ContractObjINtNtNtNtCshYQIYZlbphp_22multiversx_sc_scenario3api7impl_vh12vm_hooks_api10VMHooksApiNtNtBT_9debug_api15DebugApiBackendEENtNtB5_5utils11UtilsModule17require_is_oracleCs1d29URr26xz_5tests
FNDA:30,_RNvYINtCshE9pOiH1lGE_16price_aggregator11ContractObjINtNtNtNtCshYQIYZlbphp_22multiversx_sc_scenario3api7impl_vh12vm_hooks_api10VMHooksApiNtNtBT_9debug_api15DebugApiBackendEENtNtB5_5utils11UtilsModule30require_valid_submission_countCs1d29URr26xz_5tests
FNDA:960,_RNvYINtCshE9pOiH1lGE_16price_aggregator11ContractObjINtNtNtNtCshYQIYZlbphp_22multiversx_sc_scenario3api7impl_vh12vm_hooks_api10VMHooksApiNtNtBT_9debug_api15DebugApiBackendEENtNtB5_5utils11UtilsModule34require_valid_submission_timestampCs1d29URr26xz_5tests
FNDA:0,_RNvYINtCshE9pOiH1lGE_16price_aggregator11ContractObjINtNtNtNtCshYQIYZlbphp_22multiversx_sc_scenario3api7impl_vh12vm_hooks_api10VMHooksApiNtNtBT_9debug_api15DebugApiBackendEENtNtB5_5utils16EndpointWrappers17callback_selectorCs1d29URr26xz_5tests
FNDA:2514,_RNvYINtCshE9pOiH1lGE_16price_aggregator11ContractObjINtNtNtNtCshYQIYZlbphp_22multiversx_sc_scenario3api7impl_vh12vm_hooks_api10VMHooksApiNtNtBT_9debug_api15DebugApiBackendEENtNtB5_5utils16EndpointWrappers4callCs1d29URr26xz_5tests
FNDA:0,_RNvYINtCshE9pOiH1lGE_16price_aggregator11ContractObjINtNtNtNtCshYQIYZlbphp_22multiversx_sc_scenario3api7impl_vh12vm_hooks_api10VMHooksApiNtNtBT_9debug_api15DebugApiBackendEENtNtB5_5utils16EndpointWrappers8callbackCs1d29URr26xz_5tests
FNF:10
FNH:9
DA:11,2514
DA:18,960
DA:19,960
DA:20,960
DA:21,960
DA:22,960
DA:23,960
DA:26,30
DA:27,30
DA:28,30
DA:29,30
DA:30,30
DA:41,960
DA:42,960
DA:43,960
DA:44,960
DA:45,960
DA:46,960
DA:47,960
DA:48,960
DA:49,960
DA:50,960
DA:51,960
DA:52,960
DA:53,960
DA:54,960
DA:55,0
DA:56,960
DA:58,960
DA:59,960
DA:60,960
DA:61,240
DA:62,240
DA:63,240
DA:64,240
DA:66,720
DA:70,960
DA:71,0
DA:72,0
DA:73,0
DA:74,0
DA:75,0
DA:76,0
DA:77,0
DA:78,960
DA:80,960
DA:81,960
DA:82,960
DA:83,960
DA:84,960
DA:85,960
DA:86,960
DA:87,960
DA:88,960
DA:89,960
DA:90,960
DA:91,960
DA:92,960
DA:93,960
DA:94,960
DA:95,960
DA:96,0
DA:97,0
DA:98,0
DA:99,0
DA:100,0
DA:101,0
DA:102,0
DA:103,0
DA:105,960
DA:106,960
DA:107,960
DA:108,960
DA:109,960
DA:110,960
DA:113,960
DA:114,960
DA:115,960
DA:116,960
DA:117,960
DA:118,960
DA:119,960
DA:120,960
DA:121,960
DA:122,960
DA:131,960
DA:132,960
DA:133,960
DA:134,240
DA:135,240
DA:136,240
DA:137,240
DA:139,240
DA:140,960
DA:141,960
DA:142,960
DA:144,240
DA:145,240
DA:146,240
DA:147,240
DA:148,240
DA:149,240
DA:150,240
DA:151,240
DA:152,240
DA:153,240
DA:154,240
DA:155,240
DA:156,240
DA:157,240
DA:158,240
DA:159,240
DA:160,240
DA:161,240
DA:162,240
DA:163,720
DA:166,240
DA:167,240
DA:168,0
DA:169,240
DA:170,240
DA:171,240
DA:174,960
DA:175,960
DA:176,960
DA:177,960
DA:178,960
DA:179,960
BRF:0
BRH:0
LF:131
LH:113
end_of_record
SF:/Users/mihaieremia/GitHub/rs-lending/price-aggregator/src/views.rs
FN:75,_RNvYINtCshE9pOiH1lGE_16price_aggregator11ContractObjINtNtNtNtCshYQIYZlbphp_22multiversx_sc_scenario3api7impl_vh12vm_hooks_api10VMHooksApiNtNtBT_9debug_api15DebugApiBackendEENtNtB5_5views11ViewsModule11get_oraclesCs1d29URr26xz_5tests
FN:17,_RNvYINtCshE9pOiH1lGE_16price_aggregator11ContractObjINtNtNtNtCshYQIYZlbphp_22multiversx_sc_scenario3api7impl_vh12vm_hooks_api10VMHooksApiNtNtBT_9debug_api15DebugApiBackendEENtNtB5_5views11ViewsModule15make_price_feedCs1d29URr26xz_5tests
FN:32,_RNvYINtCshE9pOiH1lGE_16price_aggregator11ContractObjINtNtNtNtCshYQIYZlbphp_22multiversx_sc_scenario3api7impl_vh12vm_hooks_api10VMHooksApiNtNtBT_9debug_api15DebugApiBackendEENtNtB5_5views11ViewsModule17get_pair_decimalsCs1d29URr26xz_5tests
FN:52,_RNvYINtCshE9pOiH1lGE_16price_aggregator11ContractObjINtNtNtNtCshYQIYZlbphp_22multiversx_sc_scenario3api7impl_vh12vm_hooks_api10VMHooksApiNtNtBT_9debug_api15DebugApiBackendEENtNtB5_5views11ViewsModule17latest_price_feedCs1d29URr26xz_5tests
FN:39,_RNvYINtCshE9pOiH1lGE_16price_aggregator11ContractObjINtNtNtNtCshYQIYZlbphp_22multiversx_sc_scenario3api7impl_vh12vm_hooks_api10VMHooksApiNtNtBT_9debug_api15DebugApiBackendEENtNtB5_5views11ViewsModule17latest_round_dataCs1d29URr26xz_5tests
FN:70,_RNvYINtCshE9pOiH1lGE_16price_aggregator11ContractObjINtNtNtNtCshYQIYZlbphp_22multiversx_sc_scenario3api7impl_vh12vm_hooks_api10VMHooksApiNtNtBT_9debug_api15DebugApiBackendEENtNtB5_5views11ViewsModule26latest_price_feed_optionalCs1d29URr26xz_5tests
FN:9,_RNvYINtCshE9pOiH1lGE_16price_aggregator11ContractObjINtNtNtNtCshYQIYZlbphp_22multiversx_sc_scenario3api7impl_vh12vm_hooks_api10VMHooksApiNtNtBT_9debug_api15DebugApiBackendEENtNtB5_5views16EndpointWrappers16call_get_oraclesCs1d29URr26xz_5tests
FN:9,_RNvYINtCshE9pOiH1lGE_16price_aggregator11ContractObjINtNtNtNtCshYQIYZlbphp_22multiversx_sc_scenario3api7impl_vh12vm_hooks_api10VMHooksApiNtNtBT_9debug_api15DebugApiBackendEENtNtB5_5views16EndpointWrappers17callback_selectorCs1d29URr26xz_5tests
FN:9,_RNvYINtCshE9pOiH1lGE_16price_aggregator11ContractObjINtNtNtNtCshYQIYZlbphp_22multiversx_sc_scenario3api7impl_vh12vm_hooks_api10VMHooksApiNtNtBT_9debug_api15DebugApiBackendEENtNtB5_5views16EndpointWrappers22call_get_pair_decimalsCs1d29URr26xz_5tests
FN:9,_RNvYINtCshE9pOiH1lGE_16price_aggregator11ContractObjINtNtNtNtCshYQIYZlbphp_22multiversx_sc_scenario3api7impl_vh12vm_hooks_api10VMHooksApiNtNtBT_9debug_api15DebugApiBackendEENtNtB5_5views16EndpointWrappers22call_latest_price_feedCs1d29URr26xz_5tests
FN:9,_RNvYINtCshE9pOiH1lGE_16price_aggregator11ContractObjINtNtNtNtCshYQIYZlbphp_22multiversx_sc_scenario3api7impl_vh12vm_hooks_api10VMHooksApiNtNtBT_9debug_api15DebugApiBackendEENtNtB5_5views16EndpointWrappers22call_latest_round_dataCs1d29URr26xz_5tests
FN:9,_RNvYINtCshE9pOiH1lGE_16price_aggregator11ContractObjINtNtNtNtCshYQIYZlbphp_22multiversx_sc_scenario3api7impl_vh12vm_hooks_api10VMHooksApiNtNtBT_9debug_api15DebugApiBackendEENtNtB5_5views16EndpointWrappers31call_latest_price_feed_optionalCs1d29URr26xz_5tests
FN:9,_RNvYINtCshE9pOiH1lGE_16price_aggregator11ContractObjINtNtNtNtCshYQIYZlbphp_22multiversx_sc_scenario3api7impl_vh12vm_hooks_api10VMHooksApiNtNtBT_9debug_api15DebugApiBackendEENtNtB5_5views16EndpointWrappers4callCs1d29URr26xz_5tests
FN:9,_RNvYINtCshE9pOiH1lGE_16price_aggregator11ContractObjINtNtNtNtCshYQIYZlbphp_22multiversx_sc_scenario3api7impl_vh12vm_hooks_api10VMHooksApiNtNtBT_9debug_api15DebugApiBackendEENtNtB5_5views16EndpointWrappers8callbackCs1d29URr26xz_5tests
FNDA:0,_RNvYINtCshE9pOiH1lGE_16price_aggregator11ContractObjINtNtNtNtCshYQIYZlbphp_22multiversx_sc_scenario3api7impl_vh12vm_hooks_api10VMHooksApiNtNtBT_9debug_api15DebugApiBackendEENtNtB5_5views11ViewsModule11get_oraclesCs1d29URr26xz_5tests
FNDA:2244,_RNvYINtCshE9pOiH1lGE_16price_aggregator11ContractObjINtNtNtNtCshYQIYZlbphp_22multiversx_sc_scenario3api7impl_vh12vm_hooks_api10VMHooksApiNtNtBT_9debug_api15DebugApiBackendEENtNtB5_5views11ViewsModule15make_price_feedCs1d29URr26xz_5tests
FNDA:960,_RNvYINtCshE9pOiH1lGE_16price_aggregator11ContractObjINtNtNtNtCshYQIYZlbphp_22multiversx_sc_scenario3api7impl_vh12vm_hooks_api10VMHooksApiNtNtBT_9debug_api15DebugApiBackendEENtNtB5_5views11ViewsModule17get_pair_decimalsCs1d29URr26xz_5tests
FNDA:2244,_RNvYINtCshE9pOiH1lGE_16price_aggregator11ContractObjINtNtNtNtCshYQIYZlbphp_22multiversx_sc_scenario3api7impl_vh12vm_hooks_api10VMHooksApiNtNtBT_9debug_api15DebugApiBackendEENtNtB5_5views11ViewsModule17latest_price_feedCs1d29URr26xz_5tests
FNDA:0,_RNvYINtCshE9pOiH1lGE_16price_aggregator11ContractObjINtNtNtNtCshYQIYZlbphp_22multiversx_sc_scenario3api7impl_vh12vm_hooks_api10VMHooksApiNtNtBT_9debug_api15DebugApiBackendEENtNtB5_5views11ViewsModule17latest_round_dataCs1d29URr26xz_5tests
FNDA:0,_RNvYINtCshE9pOiH1lGE_16price_aggregator11ContractObjINtNtNtNtCshYQIYZlbphp_22multiversx_sc_scenario3api7impl_vh12vm_hooks_api10VMHooksApiNtNtBT_9debug_api15DebugApiBackendEENtNtB5_5views11ViewsModule26latest_price_feed_optionalCs1d29URr26xz_5tests
FNDA:0,_RNvYINtCshE9pOiH1lGE_16price_aggregator11ContractObjINtNtNtNtCshYQIYZlbphp_22multiversx_sc_scenario3api7impl_vh12vm_hooks_api10VMHooksApiNtNtBT_9debug_api15DebugApiBackendEENtNtB5_5views16EndpointWrappers16call_get_oraclesCs1d29URr26xz_5tests
FNDA:0,_RNvYINtCshE9pOiH1lGE_16price_aggregator11ContractObjINtNtNtNtCshYQIYZlbphp_22multiversx_sc_scenario3api7impl_vh12vm_hooks_api10VMHooksApiNtNtBT_9debug_api15DebugApiBackendEENtNtB5_5views16EndpointWrappers17callback_selectorCs1d29URr26xz_5tests
FNDA:0,_RNvYINtCshE9pOiH1lGE_16price_aggregator11ContractObjINtNtNtNtCshYQIYZlbphp_22multiversx_sc_scenario3api7impl_vh12vm_hooks_api10VMHooksApiNtNtBT_9debug_api15DebugApiBackendEENtNtB5_5views16EndpointWrappers22call_get_pair_decimalsCs1d29URr26xz_5tests
FNDA:2244,_RNvYINtCshE9pOiH1lGE_16price_aggregator11ContractObjINtNtNtNtCshYQIYZlbphp_22multiversx_sc_scenario3api7impl_vh12vm_hooks_api10VMHooksApiNtNtBT_9debug_api15DebugApiBackendEENtNtB5_5views16EndpointWrappers22call_latest_price_feedCs1d29URr26xz_5tests
FNDA:0,_RNvYINtCshE9pOiH1lGE_16price_aggregator11ContractObjINtNtNtNtCshYQIYZlbphp_22multiversx_sc_scenario3api7impl_vh12vm_hooks_api10VMHooksApiNtNtBT_9debug_api15DebugApiBackendEENtNtB5_5views16EndpointWrappers22call_latest_round_dataCs1d29URr26xz_5tests
FNDA:0,_RNvYINtCshE9pOiH1lGE_16price_aggregator11ContractObjINtNtNtNtCshYQIYZlbphp_22multiversx_sc_scenario3api7impl_vh12vm_hooks_api10VMHooksApiNtNtBT_9debug_api15DebugApiBackendEENtNtB5_5views16EndpointWrappers31call_latest_price_feed_optionalCs1d29URr26xz_5tests
FNDA:2784,_RNvYINtCshE9pOiH1lGE_16price_aggregator11ContractObjINtNtNtNtCshYQIYZlbphp_22multiversx_sc_scenario3api7impl_vh12vm_hooks_api10VMHooksApiNtNtBT_9debug_api15DebugApiBackendEENtNtB5_5views16EndpointWrappers4callCs1d29URr26xz_5tests
FNDA:0,_RNvYINtCshE9pOiH1lGE_16price_aggregator11ContractObjINtNtNtNtCshYQIYZlbphp_22multiversx_sc_scenario3api7impl_vh12vm_hooks_api10VMHooksApiNtNtBT_9debug_api15DebugApiBackendEENtNtB5_5views16EndpointWrappers8callbackCs1d29URr26xz_5tests
FNF:7
FNH:4
DA:9,2784
DA:17,2244
DA:18,2244
DA:19,2244
DA:20,2244
DA:21,2244
DA:22,2244
DA:23,2244
DA:24,2244
DA:25,2244
DA:26,2244
DA:27,2244
DA:28,2244
DA:32,960
DA:33,960
DA:34,960
DA:35,960
DA:39,0
DA:40,0
DA:41,0
DA:43,0
DA:44,0
DA:45,0
DA:46,0
DA:48,0
DA:52,2244
DA:53,2244
DA:55,2244
DA:56,2244
DA:57,2244
DA:58,2244
DA:59,2244
DA:60,2244
DA:61,2244
DA:62,2244
DA:70,0
DA:71,0
DA:75,0
DA:76,0
DA:77,0
DA:78,0
DA:79,0
DA:80,0
BRF:0
BRH:0
LF:43
LH:27
end_of_record